Copyright 1986-2022 Xilinx, Inc. All Rights Reserved. Copyright 2022-2023 Advanced Micro Devices, Inc. All Rights Reserved.
---------------------------------------------------------------------------------------------------------------------------------------------
| Tool Version : Vivado v.2023.2 (lin64) Build 4029153 Fri Oct 13 20:13:54 MDT 2023
| Date         : Wed Jul  9 04:13:53 2025
| Host         : gabriel-Inspiron-15-3511 running 64-bit Ubuntu 22.04.5 LTS
| Command      : report_control_sets -verbose -file bd_0_wrapper_control_sets_placed.rpt
| Design       : bd_0_wrapper
| Device       : xcu50
---------------------------------------------------------------------------------------------------------------------------------------------

Control Set Information

Table of Contents
-----------------
1. Summary
2. Histogram
3. Flip-Flop Distribution
4. Detailed Control Set Information

1. Summary
----------

+----------------------------------------------------------+-------+
|                          Status                          | Count |
+----------------------------------------------------------+-------+
| Total control sets                                       |    72 |
|    Minimum number of control sets                        |    72 |
|    Addition due to synthesis replication                 |     0 |
|    Addition due to physical synthesis replication        |     0 |
| Unused register locations in slices containing registers |    60 |
+----------------------------------------------------------+-------+
* Control sets can be merged at opt_design using control_set_merge or merge_equivalent_drivers
** Run report_qor_suggestions for automated merging and remapping suggestions


2. Histogram
------------

+--------------------+-------+
|       Fanout       | Count |
+--------------------+-------+
| Total control sets |    72 |
| >= 0 to < 4        |     3 |
| >= 4 to < 6        |     6 |
| >= 6 to < 8        |    12 |
| >= 8 to < 10       |     2 |
| >= 10 to < 12      |     0 |
| >= 12 to < 14      |     1 |
| >= 14 to < 16      |     1 |
| >= 16              |    47 |
+--------------------+-------+
* Control sets can be remapped at either synth_design or opt_design


3. Flip-Flop Distribution
-------------------------

+--------------+-----------------------+------------------------+-----------------+--------------+
| Clock Enable | Synchronous Set/Reset | Asynchronous Set/Reset | Total Registers | Total Slices |
+--------------+-----------------------+------------------------+-----------------+--------------+
| No           | No                    | No                     |              19 |           10 |
| No           | No                    | Yes                    |               0 |            0 |
| No           | Yes                   | No                     |              83 |           36 |
| Yes          | No                    | No                     |            2362 |          325 |
| Yes          | No                    | Yes                    |               0 |            0 |
| Yes          | Yes                   | No                     |             196 |           44 |
+--------------+-----------------------+------------------------+-----------------+--------------+


4. Detailed Control Set Information
-----------------------------------

+--------------+--------------------------------------------------------------------------------------------------------------------------------------------------------------------------------------------------------------------+---------------------------------------------------------------------------------------------+------------------+----------------+--------------+
| Clock Signal |                                                                                                    Enable Signal                                                                                                   |                                       Set/Reset Signal                                      | Slice Load Count | Bel Load Count | Bels / Slice |
+--------------+--------------------------------------------------------------------------------------------------------------------------------------------------------------------------------------------------------------------+---------------------------------------------------------------------------------------------+------------------+----------------+--------------+
|  ap_clk      | bd_0_i/hls_inst/inst/j_fu_700                                                                                                                                                                                      | bd_0_i/hls_inst/inst/ap_NS_fsm13_out                                                        |                1 |              2 |         2.00 |
|  ap_clk      | bd_0_i/hls_inst/inst/ap_NS_fsm[7]                                                                                                                                                                                  | bd_0_i/hls_inst/inst/grp_sha_final_fu_136/grp_sha_transform_fu_74/SR[0]                     |                1 |              3 |         3.00 |
|  ap_clk      | bd_0_i/hls_inst/inst/ap_CS_fsm_state7                                                                                                                                                                              |                                                                                             |                2 |              3 |         1.50 |
|  ap_clk      | bd_0_i/hls_inst/inst/grp_sha_final_fu_136/grp_sha_transform_fu_74/ap_CS_fsm_reg[17]_0[0]                                                                                                                           |                                                                                             |                1 |              5 |         5.00 |
|  ap_clk      | bd_0_i/hls_inst/inst/grp_sha_final_fu_136/grp_sha_transform_fu_74/i_fu_1040                                                                                                                                        | bd_0_i/hls_inst/inst/grp_sha_final_fu_136/grp_sha_transform_fu_74/ap_NS_fsm14_out           |                2 |              5 |         2.50 |
|  ap_clk      | bd_0_i/hls_inst/inst/grp_sha_update_fu_148/grp_sha_transform_fu_100/grp_sha_transform_fu_100_sha_info_data_ce0                                                                                                     |                                                                                             |                3 |              5 |         1.67 |
|  ap_clk      | bd_0_i/hls_inst/inst/grp_sha_update_fu_148/grp_sha_transform_fu_100/i_2_fu_116[4]_i_2__0_n_8                                                                                                                       | bd_0_i/hls_inst/inst/grp_sha_update_fu_148/grp_sha_transform_fu_100/ap_NS_fsm12_out         |                3 |              5 |         1.67 |
|  ap_clk      | bd_0_i/hls_inst/inst/grp_sha_final_fu_136/grp_sha_transform_fu_74/i_2_fu_116[4]_i_2_n_8                                                                                                                            | bd_0_i/hls_inst/inst/grp_sha_final_fu_136/grp_sha_transform_fu_74/ap_NS_fsm12_out           |                1 |              5 |         5.00 |
|  ap_clk      | bd_0_i/hls_inst/inst/grp_sha_update_fu_148/grp_sha_transform_fu_100/i_fu_1040                                                                                                                                      | bd_0_i/hls_inst/inst/grp_sha_update_fu_148/grp_sha_transform_fu_100/ap_NS_fsm14_out         |                2 |              5 |         2.50 |
|  ap_clk      | bd_0_i/hls_inst/inst/grp_sha_final_fu_136/ap_CS_fsm_state1                                                                                                                                                         |                                                                                             |                3 |              6 |         2.00 |
|  ap_clk      | bd_0_i/hls_inst/inst/grp_sha_final_fu_136/grp_local_memset_fu_64/ap_CS_fsm_state1                                                                                                                                  |                                                                                             |                2 |              6 |         3.00 |
|  ap_clk      | bd_0_i/hls_inst/inst/grp_sha_update_fu_148/grp_sha_transform_fu_100/i_3_fu_132[5]_i_2__0_n_8                                                                                                                       | bd_0_i/hls_inst/inst/grp_sha_update_fu_148/grp_sha_transform_fu_100/ap_NS_fsm11_out         |                1 |              6 |         6.00 |
|  ap_clk      | bd_0_i/hls_inst/inst/grp_sha_update_fu_148/grp_sha_transform_fu_100/i_4_fu_148[5]_i_2__0_n_8                                                                                                                       | bd_0_i/hls_inst/inst/grp_sha_update_fu_148/grp_sha_transform_fu_100/ap_NS_fsm10_out         |                1 |              6 |         6.00 |
|  ap_clk      | bd_0_i/hls_inst/inst/grp_sha_final_fu_136/grp_sha_transform_fu_74/i_4_fu_148[5]_i_2_n_8                                                                                                                            | bd_0_i/hls_inst/inst/grp_sha_final_fu_136/grp_sha_transform_fu_74/ap_NS_fsm10_out           |                1 |              6 |         6.00 |
|  ap_clk      | bd_0_i/hls_inst/inst/grp_sha_final_fu_136/grp_sha_transform_fu_74/i_3_fu_132[5]_i_2_n_8                                                                                                                            | bd_0_i/hls_inst/inst/grp_sha_final_fu_136/grp_sha_transform_fu_74/ap_NS_fsm11_out           |                1 |              6 |         6.00 |
|  ap_clk      | bd_0_i/hls_inst/inst/grp_sha_update_fu_148/grp_sha_transform_fu_100/i_5_fu_172[6]_i_2__0_n_8                                                                                                                       | bd_0_i/hls_inst/inst/grp_sha_update_fu_148/grp_sha_transform_fu_100/ap_NS_fsm1              |                2 |              7 |         3.50 |
|  ap_clk      | bd_0_i/hls_inst/inst/grp_sha_final_fu_136/grp_sha_transform_fu_74/i_1_fu_1120                                                                                                                                      | bd_0_i/hls_inst/inst/grp_sha_final_fu_136/grp_sha_transform_fu_74/ap_NS_fsm13_out           |                3 |              7 |         2.33 |
|  ap_clk      | bd_0_i/hls_inst/inst/grp_sha_final_fu_136/grp_sha_transform_fu_74/ap_CS_fsm_state4                                                                                                                                 |                                                                                             |                5 |              7 |         1.40 |
|  ap_clk      | bd_0_i/hls_inst/inst/grp_sha_update_fu_148/grp_sha_transform_fu_100/i_1_fu_1120                                                                                                                                    | bd_0_i/hls_inst/inst/grp_sha_update_fu_148/grp_sha_transform_fu_100/ap_NS_fsm13_out         |                2 |              7 |         3.50 |
|  ap_clk      | bd_0_i/hls_inst/inst/grp_sha_final_fu_136/grp_sha_transform_fu_74/i_5_fu_172[6]_i_2_n_8                                                                                                                            | bd_0_i/hls_inst/inst/grp_sha_final_fu_136/grp_sha_transform_fu_74/ap_NS_fsm1                |                1 |              7 |         7.00 |
|  ap_clk      | bd_0_i/hls_inst/inst/grp_sha_update_fu_148/grp_sha_transform_fu_100/ap_CS_fsm_state4                                                                                                                               |                                                                                             |                3 |              7 |         2.33 |
|  ap_clk      | bd_0_i/hls_inst/inst/grp_sha_update_fu_148/ap_CS_fsm_state2                                                                                                                                                        | bd_0_i/hls_inst/inst/grp_sha_update_fu_148/select_ln169_1_reg_339[13]_i_1_n_8               |                1 |              8 |         8.00 |
|  ap_clk      | bd_0_i/hls_inst/inst/grp_sha_update_fu_148/grp_local_memcpy_fu_88_ap_start_reg1                                                                                                                                    | bd_0_i/hls_inst/inst/grp_sha_update_fu_148/grp_sha_update_fu_148_sha_info_count_hi_o_ap_vld |                1 |              8 |         8.00 |
|  ap_clk      | bd_0_i/hls_inst/inst/grp_sha_final_fu_136/ap_CS_fsm_state2                                                                                                                                                         |                                                                                             |                3 |             13 |         4.33 |
|  ap_clk      | bd_0_i/hls_inst/inst/grp_sha_update_fu_148/ap_CS_fsm_state2                                                                                                                                                        |                                                                                             |                3 |             14 |         4.67 |
|  ap_clk      | bd_0_i/hls_inst/inst/grp_sha_update_fu_148/grp_local_memcpy_fu_88/ap_CS_fsm_reg[2]_1[0]                                                                                                                            |                                                                                             |                6 |             16 |         2.67 |
|  ap_clk      | bd_0_i/hls_inst/inst/grp_sha_update_fu_148/grp_local_memcpy_fu_88/ap_CS_fsm_state2                                                                                                                                 |                                                                                             |                7 |             16 |         2.29 |
|  ap_clk      | bd_0_i/hls_inst/inst/grp_sha_update_fu_148/grp_local_memcpy_fu_88/ap_NS_fsm[2]                                                                                                                                     | bd_0_i/hls_inst/inst/grp_sha_update_fu_148/grp_local_memcpy_fu_88/ap_NS_fsm1                |                4 |             17 |         4.25 |
|  ap_clk      |                                                                                                                                                                                                                    |                                                                                             |               10 |             19 |         1.90 |
|  ap_clk      | bd_0_i/hls_inst/inst/grp_sha_update_fu_148/ap_CS_fsm_state2                                                                                                                                                        | bd_0_i/hls_inst/inst/grp_sha_update_fu_148/select_ln169_reg_334[31]_i_1_n_8                 |                6 |             26 |         4.33 |
|  ap_clk      | bd_0_i/hls_inst/inst/grp_sha_update_fu_148/count_addr_02_fu_72[5]_i_1_n_8                                                                                                                                          |                                                                                             |                4 |             27 |         6.75 |
|  ap_clk      | bd_0_i/hls_inst/inst/grp_sha_stream_Pipeline_sha_stream_label1_VITIS_LOOP_207_1_fu_118/flow_control_loop_pipe_sequential_init_U/grp_sha_stream_Pipeline_sha_stream_label1_VITIS_LOOP_207_1_fu_118_ap_start_reg_reg |                                                                                             |                5 |             29 |         5.80 |
|  ap_clk      | bd_0_i/hls_inst/inst/grp_sha_init_fu_126/ap_CS_fsm_reg[1]_0                                                                                                                                                        | bd_0_i/hls_inst/inst/grp_sha_init_fu_126/ap_CS_fsm_reg[2]_4                                 |                7 |             30 |         4.29 |
|  ap_clk      | bd_0_i/hls_inst/inst/grp_sha_final_fu_136/grp_local_memset_fu_64/grp_local_memset_fu_64_sha_info_data_we0                                                                                                          | bd_0_i/hls_inst/inst/grp_sha_final_fu_136/grp_local_memset_fu_64/ap_NS_fsm1                 |                4 |             30 |         7.50 |
|  ap_clk      | bd_0_i/hls_inst/inst/grp_sha_update_fu_148/grp_sha_transform_fu_100/ap_CS_fsm_state14                                                                                                                              |                                                                                             |                4 |             32 |         8.00 |
|  ap_clk      | bd_0_i/hls_inst/inst/grp_sha_init_fu_126/ap_CS_fsm_reg[1]_0                                                                                                                                                        |                                                                                             |                4 |             32 |         8.00 |
|  ap_clk      | bd_0_i/hls_inst/inst/grp_sha_update_fu_148/grp_sha_transform_fu_100/C_1_fu_120[31]_i_1__0_n_8                                                                                                                      |                                                                                             |               17 |             32 |         1.88 |
|  ap_clk      | bd_0_i/hls_inst/inst/grp_sha_final_fu_136/grp_sha_transform_fu_74/C_1_fu_120[31]_i_1_n_8                                                                                                                           |                                                                                             |               14 |             32 |         2.29 |
|  ap_clk      | bd_0_i/hls_inst/inst/grp_sha_update_fu_148/grp_local_memcpy_fu_88/ap_CS_fsm_state1                                                                                                                                 |                                                                                             |                9 |             32 |         3.56 |
|  ap_clk      | bd_0_i/hls_inst/inst/grp_sha_final_fu_136/grp_sha_transform_fu_74/ap_CS_fsm_state10                                                                                                                                |                                                                                             |                4 |             32 |         8.00 |
|  ap_clk      | bd_0_i/hls_inst/inst/grp_sha_final_fu_136/grp_sha_transform_fu_74/ap_CS_fsm_state12                                                                                                                                |                                                                                             |                4 |             32 |         8.00 |
|  ap_clk      | bd_0_i/hls_inst/inst/grp_sha_final_fu_136/grp_sha_transform_fu_74/ap_CS_fsm_state14                                                                                                                                |                                                                                             |                4 |             32 |         8.00 |
|  ap_clk      | bd_0_i/hls_inst/inst/grp_sha_final_fu_136/grp_sha_transform_fu_74/ap_CS_fsm_state7                                                                                                                                 |                                                                                             |               15 |             32 |         2.13 |
|  ap_clk      | bd_0_i/hls_inst/inst/grp_sha_update_fu_148/grp_sha_transform_fu_100/B_7_fu_184[31]_i_1__0_n_8                                                                                                                      |                                                                                             |               11 |             32 |         2.91 |
|  ap_clk      | bd_0_i/hls_inst/inst/grp_sha_update_fu_148/grp_sha_transform_fu_100/ap_CS_fsm_state10                                                                                                                              |                                                                                             |                4 |             32 |         8.00 |
|  ap_clk      | bd_0_i/hls_inst/inst/grp_sha_update_fu_148/grp_sha_transform_fu_100/ap_CS_fsm_state12                                                                                                                              |                                                                                             |                4 |             32 |         8.00 |
|  ap_clk      | bd_0_i/hls_inst/inst/grp_sha_final_fu_136/grp_sha_transform_fu_74/B_7_fu_184[31]_i_1_n_8                                                                                                                           |                                                                                             |               10 |             32 |         3.20 |
|  ap_clk      | bd_0_i/hls_inst/inst/grp_sha_update_fu_148/grp_sha_transform_fu_100/ap_CS_fsm_state7                                                                                                                               |                                                                                             |                8 |             32 |         4.00 |
|  ap_clk      | bd_0_i/hls_inst/inst/ap_CS_fsm_state4                                                                                                                                                                              |                                                                                             |               10 |             32 |         3.20 |
|  ap_clk      | bd_0_i/hls_inst/inst/grp_sha_update_fu_148/grp_sha_transform_fu_100/ap_CS_fsm_state5                                                                                                                               |                                                                                             |                6 |             64 |        10.67 |
|  ap_clk      | bd_0_i/hls_inst/inst/grp_sha_update_fu_148/grp_sha_transform_fu_100/E_1_fu_128                                                                                                                                     |                                                                                             |               27 |             64 |         2.37 |
|  ap_clk      | bd_0_i/hls_inst/inst/grp_sha_final_fu_136/grp_sha_transform_fu_74/E_1_fu_128                                                                                                                                       |                                                                                             |               24 |             64 |         2.67 |
|  ap_clk      | bd_0_i/hls_inst/inst/grp_sha_final_fu_136/grp_sha_transform_fu_74/ap_NS_fsm[9]                                                                                                                                     |                                                                                             |               11 |             64 |         5.82 |
|  ap_clk      | bd_0_i/hls_inst/inst/grp_sha_update_fu_148/grp_sha_transform_fu_100/B_4_reg_328                                                                                                                                    |                                                                                             |               12 |             64 |         5.33 |
|  ap_clk      | bd_0_i/hls_inst/inst/grp_sha_final_fu_136/grp_sha_transform_fu_74/B_4_reg_328                                                                                                                                      |                                                                                             |               12 |             64 |         5.33 |
|  ap_clk      | bd_0_i/hls_inst/inst/grp_sha_final_fu_136/grp_sha_transform_fu_74/ap_CS_fsm_reg[17]_0[1]                                                                                                                           |                                                                                             |               20 |             64 |         3.20 |
|  ap_clk      | bd_0_i/hls_inst/inst/grp_sha_update_fu_148/grp_sha_transform_fu_100/B_6_reg_351                                                                                                                                    |                                                                                             |               19 |             64 |         3.37 |
|  ap_clk      | bd_0_i/hls_inst/inst/grp_sha_update_fu_148/grp_sha_transform_fu_100/ap_CS_fsm_state9                                                                                                                               |                                                                                             |               11 |             64 |         5.82 |
|  ap_clk      | bd_0_i/hls_inst/inst/grp_sha_final_fu_136/grp_sha_transform_fu_74/ap_CS_fsm_state5                                                                                                                                 |                                                                                             |                8 |             64 |         8.00 |
|  ap_clk      | bd_0_i/hls_inst/inst/grp_sha_update_fu_148/grp_sha_transform_fu_100/grp_sha_update_fu_148_sha_info_digest_address0[0]                                                                                              |                                                                                             |               17 |             64 |         3.76 |
|  ap_clk      | bd_0_i/hls_inst/inst/grp_sha_final_fu_136/grp_sha_transform_fu_74/ap_CS_fsm_state9                                                                                                                                 |                                                                                             |               11 |             64 |         5.82 |
|  ap_clk      | bd_0_i/hls_inst/inst/grp_sha_final_fu_136/grp_sha_transform_fu_74/B_6_reg_351                                                                                                                                      |                                                                                             |               20 |             64 |         3.20 |
|  ap_clk      | bd_0_i/hls_inst/inst/grp_sha_update_fu_148/grp_sha_transform_fu_100/ap_NS_fsm[9]                                                                                                                                   |                                                                                             |               14 |             64 |         4.57 |
|  ap_clk      |                                                                                                                                                                                                                    | ap_rst                                                                                      |               36 |             83 |         2.31 |
|  ap_clk      | bd_0_i/hls_inst/inst/grp_sha_final_fu_136/grp_sha_transform_fu_74/E_5_fu_160                                                                                                                                       |                                                                                             |               26 |             96 |         3.69 |
|  ap_clk      | bd_0_i/hls_inst/inst/grp_sha_final_fu_136/grp_sha_transform_fu_74/ap_CS_fsm_state16                                                                                                                                |                                                                                             |               12 |             96 |         8.00 |
|  ap_clk      | bd_0_i/hls_inst/inst/grp_sha_final_fu_136/grp_sha_transform_fu_74/E_2_fu_144                                                                                                                                       |                                                                                             |               28 |             96 |         3.43 |
|  ap_clk      | bd_0_i/hls_inst/inst/grp_sha_update_fu_148/grp_sha_transform_fu_100/ap_CS_fsm_state16                                                                                                                              |                                                                                             |               12 |             96 |         8.00 |
|  ap_clk      | bd_0_i/hls_inst/inst/grp_sha_update_fu_148/grp_sha_transform_fu_100/E_5_fu_160                                                                                                                                     |                                                                                             |               29 |             96 |         3.31 |
|  ap_clk      | bd_0_i/hls_inst/inst/grp_sha_update_fu_148/grp_sha_transform_fu_100/E_2_fu_144                                                                                                                                     |                                                                                             |               27 |             96 |         3.56 |
|  ap_clk      | bd_0_i/hls_inst/inst/grp_sha_final_fu_136/grp_sha_transform_fu_74/E_9_fu_176                                                                                                                                       |                                                                                             |               33 |            128 |         3.88 |
|  ap_clk      | bd_0_i/hls_inst/inst/grp_sha_update_fu_148/grp_sha_transform_fu_100/E_9_fu_176                                                                                                                                     |                                                                                             |               32 |            128 |         4.00 |
+--------------+--------------------------------------------------------------------------------------------------------------------------------------------------------------------------------------------------------------------+---------------------------------------------------------------------------------------------+------------------+----------------+--------------+


