

================================================================
== Vitis HLS Report for 'SgdLR_Pipeline_GRAD'
================================================================
* Date:           Fri Aug  2 16:01:20 2024

* Version:        2023.2 (Build 4023990 on Oct 11 2023)
* Project:        spam
* Solution:       solution1 (Vivado IP Flow Target)
* Product family: zynq
* Target device:  xc7z020-clg400-1


================================================================
== Performance Estimates
================================================================
+ Timing: 
    * Summary: 
    +--------+---------+----------+------------+
    |  Clock |  Target | Estimated| Uncertainty|
    +--------+---------+----------+------------+
    |ap_clk  |  5.00 ns|  4.815 ns|     1.35 ns|
    +--------+---------+----------+------------+

+ Latency: 
    * Summary: 
    +---------+---------+----------+----------+------+------+---------+
    |  Latency (cycles) |  Latency (absolute) |   Interval  | Pipeline|
    |   min   |   max   |    min   |    max   |  min |  max |   Type  |
    +---------+---------+----------+----------+------+------+---------+
    |     1036|     1036|  5.180 us|  5.180 us|  1036|  1036|       no|
    +---------+---------+----------+----------+------+------+---------+

    + Detail: 
        * Instance: 
        N/A

        * Loop: 
        +----------+---------+---------+----------+-----------+-----------+------+----------+
        |          |  Latency (cycles) | Iteration|  Initiation Interval  | Trip |          |
        | Loop Name|   min   |   max   |  Latency |  achieved |   target  | Count| Pipelined|
        +----------+---------+---------+----------+-----------+-----------+------+----------+
        |- GRAD    |     1034|     1034|        12|          1|          1|  1024|       yes|
        +----------+---------+---------+----------+-----------+-----------+------+----------+

============================================================
+ Verbose Summary: Synthesis Manager
============================================================
InlineROM: 1
ExposeGlobal: 0
============================================================
+ Verbose Summary: CDFG Model
============================================================
IsTopModel: 0
ResetActiveHigh: 1
IsCombinational: 0
IsDatapathOnly: 0
HasWiredReturn: 1
HasMFsm: 2
HasVarLatency: 1
IsPipeline: 0
IsRtlPipelined: 0
IsInstanceOverlapped: 0
IsDontTouch: 0
HasImplIP: 0
IsGatedGlobalClock: 0

+ Individual pipeline summary: 
  * Pipeline-0: initiation interval (II) = 1, depth = 12


============================================================
+ Verbose Summary: Schedule
============================================================
* Number of FSM states : 12
* Pipeline : 1
  Pipeline-0 : II = 1, D = 12, States = { 1 2 3 4 5 6 7 8 9 10 11 12 }
* Dataflow Pipeline: 0

* FSM state transitions: 
1 --> 2 
2 --> 3 
3 --> 4 
4 --> 5 
5 --> 6 
6 --> 7 
7 --> 8 
8 --> 9 
9 --> 10 
10 --> 11 
11 --> 12 
12 --> 

* FSM state operations: 

State 1 <SV = 0> <Delay = 4.81>
ST_1 : Operation 15 [1/1] (0.00ns)   --->   "%i_1 = alloca i32 1" [benchmarks/rosetta/spam-filter/src/sgd.cpp:35->benchmarks/rosetta/spam-filter/src/sgd.cpp:70]   --->   Operation 15 'alloca' 'i_1' <Predicate = true> <Delay = 0.00>
ST_1 : Operation 16 [1/1] (0.00ns)   --->   "%specinterface_ln0 = specinterface void @_ssdm_op_SpecInterface, i32 %data, void @empty, i32 0, i32 0, void @empty_0, i32 4294967295, i32 0, void @empty_0, void @empty_0, void @empty_0, i32 0, i32 0, i32 0, i32 0, void @empty_0, void @empty_0, i32 4294967295, i32 0"   --->   Operation 16 'specinterface' 'specinterface_ln0' <Predicate = true> <Delay = 0.00>
ST_1 : Operation 17 [1/1] (0.00ns)   --->   "%scale_assign_read = read i32 @_ssdm_op_Read.ap_auto.float, i32 %scale_assign"   --->   Operation 17 'read' 'scale_assign_read' <Predicate = true> <Delay = 0.00>
ST_1 : Operation 18 [1/1] (0.00ns)   --->   "%shl_ln_read = read i17 @_ssdm_op_Read.ap_auto.i17, i17 %shl_ln"   --->   Operation 18 'read' 'shl_ln_read' <Predicate = true> <Delay = 0.00>
ST_1 : Operation 19 [1/1] (1.58ns)   --->   "%store_ln35 = store i11 0, i11 %i_1" [benchmarks/rosetta/spam-filter/src/sgd.cpp:35->benchmarks/rosetta/spam-filter/src/sgd.cpp:70]   --->   Operation 19 'store' 'store_ln35' <Predicate = true> <Delay = 1.58>
ST_1 : Operation 20 [1/1] (0.00ns)   --->   "%br_ln0 = br void %for.inc.i12"   --->   Operation 20 'br' 'br_ln0' <Predicate = true> <Delay = 0.00>
ST_1 : Operation 21 [1/1] (0.00ns)   --->   "%i = load i11 %i_1" [benchmarks/rosetta/spam-filter/src/sgd.cpp:35->benchmarks/rosetta/spam-filter/src/sgd.cpp:70]   --->   Operation 21 'load' 'i' <Predicate = true> <Delay = 0.00>
ST_1 : Operation 22 [1/1] (1.63ns)   --->   "%icmp_ln35 = icmp_eq  i11 %i, i11 1024" [benchmarks/rosetta/spam-filter/src/sgd.cpp:35->benchmarks/rosetta/spam-filter/src/sgd.cpp:70]   --->   Operation 22 'icmp' 'icmp_ln35' <Predicate = true> <Delay = 1.63> <CoreInst = "Cmp">   --->   Core 9 'Cmp' <Latency = 0> <II = 1> <Delay = 1.63> <FuncUnit> <Opcode : 'icmp'> <InPorts = 2> <OutPorts = 1>
ST_1 : Operation 23 [1/1] (1.63ns)   --->   "%add_ln35 = add i11 %i, i11 1" [benchmarks/rosetta/spam-filter/src/sgd.cpp:35->benchmarks/rosetta/spam-filter/src/sgd.cpp:70]   --->   Operation 23 'add' 'add_ln35' <Predicate = true> <Delay = 1.63> <CoreInst = "Adder">   --->   Core 1 'Adder' <Latency = 0> <II = 1> <Delay = 1.63> <FuncUnit> <Opcode : 'add' 'sub'> <InPorts = 2> <OutPorts = 1>
ST_1 : Operation 24 [1/1] (0.00ns)   --->   "%br_ln35 = br i1 %icmp_ln35, void %for.inc.i12.split, void %for.inc.i20.preheader.exitStub" [benchmarks/rosetta/spam-filter/src/sgd.cpp:35->benchmarks/rosetta/spam-filter/src/sgd.cpp:70]   --->   Operation 24 'br' 'br_ln35' <Predicate = true> <Delay = 0.00>
ST_1 : Operation 25 [1/1] (0.00ns)   --->   "%zext_ln35_1 = zext i11 %i" [benchmarks/rosetta/spam-filter/src/sgd.cpp:35->benchmarks/rosetta/spam-filter/src/sgd.cpp:70]   --->   Operation 25 'zext' 'zext_ln35_1' <Predicate = (!icmp_ln35)> <Delay = 0.00>
ST_1 : Operation 26 [1/1] (2.10ns)   --->   "%add_ln36 = add i17 %zext_ln35_1, i17 %shl_ln_read" [benchmarks/rosetta/spam-filter/src/sgd.cpp:36->benchmarks/rosetta/spam-filter/src/sgd.cpp:70]   --->   Operation 26 'add' 'add_ln36' <Predicate = (!icmp_ln35)> <Delay = 2.10> <CoreInst = "Adder">   --->   Core 1 'Adder' <Latency = 0> <II = 1> <Delay = 2.10> <FuncUnit> <Opcode : 'add' 'sub'> <InPorts = 2> <OutPorts = 1>
ST_1 : Operation 27 [1/1] (1.58ns)   --->   "%store_ln35 = store i11 %add_ln35, i11 %i_1" [benchmarks/rosetta/spam-filter/src/sgd.cpp:35->benchmarks/rosetta/spam-filter/src/sgd.cpp:70]   --->   Operation 27 'store' 'store_ln35' <Predicate = (!icmp_ln35)> <Delay = 1.58>

State 2 <SV = 1> <Delay = 3.25>
ST_2 : Operation 28 [1/1] (0.00ns)   --->   "%zext_ln36 = zext i17 %add_ln36" [benchmarks/rosetta/spam-filter/src/sgd.cpp:36->benchmarks/rosetta/spam-filter/src/sgd.cpp:70]   --->   Operation 28 'zext' 'zext_ln36' <Predicate = true> <Delay = 0.00>
ST_2 : Operation 29 [1/1] (0.00ns)   --->   "%data_addr = getelementptr i32 %data, i64 0, i64 %zext_ln36" [benchmarks/rosetta/spam-filter/src/sgd.cpp:36->benchmarks/rosetta/spam-filter/src/sgd.cpp:70]   --->   Operation 29 'getelementptr' 'data_addr' <Predicate = true> <Delay = 0.00>
ST_2 : Operation 30 [2/2] (3.25ns)   --->   "%data_load = load i17 %data_addr" [benchmarks/rosetta/spam-filter/src/sgd.cpp:36->benchmarks/rosetta/spam-filter/src/sgd.cpp:70]   --->   Operation 30 'load' 'data_load' <Predicate = true> <Delay = 3.25> <CoreInst = "RAM">   --->   Core 82 'RAM' <Latency = 1> <II = 1> <Delay = 3.25> <Storage> <Opcode : 'load' 'store'> <Ports = 2> <Width = 32> <Depth = 81920> <RAM>

State 3 <SV = 2> <Delay = 3.25>
ST_3 : Operation 31 [1/2] (3.25ns)   --->   "%data_load = load i17 %data_addr" [benchmarks/rosetta/spam-filter/src/sgd.cpp:36->benchmarks/rosetta/spam-filter/src/sgd.cpp:70]   --->   Operation 31 'load' 'data_load' <Predicate = true> <Delay = 3.25> <CoreInst = "RAM">   --->   Core 82 'RAM' <Latency = 1> <II = 1> <Delay = 3.25> <Storage> <Opcode : 'load' 'store'> <Ports = 2> <Width = 32> <Depth = 81920> <RAM>

State 4 <SV = 3> <Delay = 2.56>
ST_4 : Operation 32 [1/1] (0.00ns)   --->   "%bitcast_ln36 = bitcast i32 %data_load" [benchmarks/rosetta/spam-filter/src/sgd.cpp:36->benchmarks/rosetta/spam-filter/src/sgd.cpp:70]   --->   Operation 32 'bitcast' 'bitcast_ln36' <Predicate = true> <Delay = 0.00>
ST_4 : Operation 33 [8/8] (2.56ns)   --->   "%mul_i8 = fmul i32 %scale_assign_read, i32 %bitcast_ln36" [benchmarks/rosetta/spam-filter/src/sgd.cpp:36->benchmarks/rosetta/spam-filter/src/sgd.cpp:70]   --->   Operation 33 'fmul' 'mul_i8' <Predicate = true> <Delay = 2.56> <CoreInst = "FMul_maxdsp">   --->   Core 30 'FMul_maxdsp' <Latency = 7> <II = 1> <Delay = 2.56> <FuncUnit> <Opcode : 'fmul'> <InPorts = 2> <OutPorts = 1>

State 5 <SV = 4> <Delay = 2.56>
ST_5 : Operation 34 [7/8] (2.56ns)   --->   "%mul_i8 = fmul i32 %scale_assign_read, i32 %bitcast_ln36" [benchmarks/rosetta/spam-filter/src/sgd.cpp:36->benchmarks/rosetta/spam-filter/src/sgd.cpp:70]   --->   Operation 34 'fmul' 'mul_i8' <Predicate = true> <Delay = 2.56> <CoreInst = "FMul_maxdsp">   --->   Core 30 'FMul_maxdsp' <Latency = 7> <II = 1> <Delay = 2.56> <FuncUnit> <Opcode : 'fmul'> <InPorts = 2> <OutPorts = 1>

State 6 <SV = 5> <Delay = 2.56>
ST_6 : Operation 35 [6/8] (2.56ns)   --->   "%mul_i8 = fmul i32 %scale_assign_read, i32 %bitcast_ln36" [benchmarks/rosetta/spam-filter/src/sgd.cpp:36->benchmarks/rosetta/spam-filter/src/sgd.cpp:70]   --->   Operation 35 'fmul' 'mul_i8' <Predicate = true> <Delay = 2.56> <CoreInst = "FMul_maxdsp">   --->   Core 30 'FMul_maxdsp' <Latency = 7> <II = 1> <Delay = 2.56> <FuncUnit> <Opcode : 'fmul'> <InPorts = 2> <OutPorts = 1>

State 7 <SV = 6> <Delay = 2.56>
ST_7 : Operation 36 [5/8] (2.56ns)   --->   "%mul_i8 = fmul i32 %scale_assign_read, i32 %bitcast_ln36" [benchmarks/rosetta/spam-filter/src/sgd.cpp:36->benchmarks/rosetta/spam-filter/src/sgd.cpp:70]   --->   Operation 36 'fmul' 'mul_i8' <Predicate = true> <Delay = 2.56> <CoreInst = "FMul_maxdsp">   --->   Core 30 'FMul_maxdsp' <Latency = 7> <II = 1> <Delay = 2.56> <FuncUnit> <Opcode : 'fmul'> <InPorts = 2> <OutPorts = 1>

State 8 <SV = 7> <Delay = 2.56>
ST_8 : Operation 37 [4/8] (2.56ns)   --->   "%mul_i8 = fmul i32 %scale_assign_read, i32 %bitcast_ln36" [benchmarks/rosetta/spam-filter/src/sgd.cpp:36->benchmarks/rosetta/spam-filter/src/sgd.cpp:70]   --->   Operation 37 'fmul' 'mul_i8' <Predicate = true> <Delay = 2.56> <CoreInst = "FMul_maxdsp">   --->   Core 30 'FMul_maxdsp' <Latency = 7> <II = 1> <Delay = 2.56> <FuncUnit> <Opcode : 'fmul'> <InPorts = 2> <OutPorts = 1>

State 9 <SV = 8> <Delay = 2.56>
ST_9 : Operation 38 [3/8] (2.56ns)   --->   "%mul_i8 = fmul i32 %scale_assign_read, i32 %bitcast_ln36" [benchmarks/rosetta/spam-filter/src/sgd.cpp:36->benchmarks/rosetta/spam-filter/src/sgd.cpp:70]   --->   Operation 38 'fmul' 'mul_i8' <Predicate = true> <Delay = 2.56> <CoreInst = "FMul_maxdsp">   --->   Core 30 'FMul_maxdsp' <Latency = 7> <II = 1> <Delay = 2.56> <FuncUnit> <Opcode : 'fmul'> <InPorts = 2> <OutPorts = 1>

State 10 <SV = 9> <Delay = 2.56>
ST_10 : Operation 39 [2/8] (2.56ns)   --->   "%mul_i8 = fmul i32 %scale_assign_read, i32 %bitcast_ln36" [benchmarks/rosetta/spam-filter/src/sgd.cpp:36->benchmarks/rosetta/spam-filter/src/sgd.cpp:70]   --->   Operation 39 'fmul' 'mul_i8' <Predicate = true> <Delay = 2.56> <CoreInst = "FMul_maxdsp">   --->   Core 30 'FMul_maxdsp' <Latency = 7> <II = 1> <Delay = 2.56> <FuncUnit> <Opcode : 'fmul'> <InPorts = 2> <OutPorts = 1>

State 11 <SV = 10> <Delay = 2.56>
ST_11 : Operation 40 [1/8] (2.56ns)   --->   "%mul_i8 = fmul i32 %scale_assign_read, i32 %bitcast_ln36" [benchmarks/rosetta/spam-filter/src/sgd.cpp:36->benchmarks/rosetta/spam-filter/src/sgd.cpp:70]   --->   Operation 40 'fmul' 'mul_i8' <Predicate = true> <Delay = 2.56> <CoreInst = "FMul_maxdsp">   --->   Core 30 'FMul_maxdsp' <Latency = 7> <II = 1> <Delay = 2.56> <FuncUnit> <Opcode : 'fmul'> <InPorts = 2> <OutPorts = 1>
ST_11 : Operation 48 [1/1] (0.00ns)   --->   "%ret_ln0 = ret"   --->   Operation 48 'ret' 'ret_ln0' <Predicate = (icmp_ln35)> <Delay = 0.00>

State 12 <SV = 11> <Delay = 3.25>
ST_12 : Operation 41 [1/1] (0.00ns)   --->   "%zext_ln35 = zext i11 %i" [benchmarks/rosetta/spam-filter/src/sgd.cpp:35->benchmarks/rosetta/spam-filter/src/sgd.cpp:70]   --->   Operation 41 'zext' 'zext_ln35' <Predicate = true> <Delay = 0.00>
ST_12 : Operation 42 [1/1] (0.00ns)   --->   "%specpipeline_ln35 = specpipeline void @_ssdm_op_SpecPipeline, i32 4294967295, i32 0, i32 0, i32 0, void @empty_0" [benchmarks/rosetta/spam-filter/src/sgd.cpp:35->benchmarks/rosetta/spam-filter/src/sgd.cpp:70]   --->   Operation 42 'specpipeline' 'specpipeline_ln35' <Predicate = true> <Delay = 0.00>
ST_12 : Operation 43 [1/1] (0.00ns)   --->   "%speclooptripcount_ln35 = speclooptripcount void @_ssdm_op_SpecLoopTripCount, i64 1024, i64 1024, i64 1024" [benchmarks/rosetta/spam-filter/src/sgd.cpp:35->benchmarks/rosetta/spam-filter/src/sgd.cpp:70]   --->   Operation 43 'speclooptripcount' 'speclooptripcount_ln35' <Predicate = true> <Delay = 0.00>
ST_12 : Operation 44 [1/1] (0.00ns)   --->   "%specloopname_ln35 = specloopname void @_ssdm_op_SpecLoopName, void @empty_3" [benchmarks/rosetta/spam-filter/src/sgd.cpp:35->benchmarks/rosetta/spam-filter/src/sgd.cpp:70]   --->   Operation 44 'specloopname' 'specloopname_ln35' <Predicate = true> <Delay = 0.00>
ST_12 : Operation 45 [1/1] (0.00ns)   --->   "%gradient_addr = getelementptr i32 %gradient, i64 0, i64 %zext_ln35" [benchmarks/rosetta/spam-filter/src/sgd.cpp:36->benchmarks/rosetta/spam-filter/src/sgd.cpp:70]   --->   Operation 45 'getelementptr' 'gradient_addr' <Predicate = true> <Delay = 0.00>
ST_12 : Operation 46 [1/1] (3.25ns)   --->   "%store_ln36 = store i32 %mul_i8, i10 %gradient_addr" [benchmarks/rosetta/spam-filter/src/sgd.cpp:36->benchmarks/rosetta/spam-filter/src/sgd.cpp:70]   --->   Operation 46 'store' 'store_ln36' <Predicate = true> <Delay = 3.25> <CoreInst = "RAM">   --->   Core 82 'RAM' <Latency = 1> <II = 1> <Delay = 3.25> <Storage> <Opcode : 'load' 'store'> <Ports = 2> <Width = 32> <Depth = 1024> <RAM>
ST_12 : Operation 47 [1/1] (0.00ns)   --->   "%br_ln35 = br void %for.inc.i12" [benchmarks/rosetta/spam-filter/src/sgd.cpp:35->benchmarks/rosetta/spam-filter/src/sgd.cpp:70]   --->   Operation 47 'br' 'br_ln35' <Predicate = true> <Delay = 0.00>


============================================================
+ Verbose Summary: Binding
============================================================
STG Binding: 
---------------- STG Properties BEGIN ----------------
- Is combinational: 0
- Is one-state seq: 0
- Is datapath-only: 0
- Is pipelined: 0
- Is top level: 0
Port [ Return ] is wired: 1; IO mode=ap_ctrl_hs:ce=0
Port [ shl_ln]:  wired=1; compound=0; hidden=0; nouse=0; global=0; static=0; extern=0; dir=0; type=0; pingpong=0; private_global=0; IO mode=ap_none:ce=0
Port [ data]:  wired=1; compound=1; hidden=0; nouse=0; global=0; static=0; extern=0; dir=0; type=1; pingpong=0; private_global=0; MemPort=[13]; IO mode=ap_memory:ce=0
Port [ scale_assign]:  wired=1; compound=0; hidden=0; nouse=0; global=0; static=0; extern=0; dir=0; type=0; pingpong=0; private_global=0; IO mode=ap_none:ce=0
Port [ gradient]:  wired=1; compound=1; hidden=0; nouse=0; global=0; static=0; extern=0; dir=1; type=1; pingpong=0; private_global=0; MemPort=[03]; IO mode=ap_memory:ce=0
---------------- STG Properties END ------------------

---------------- Datapath Model BEGIN ----------------

<LifeTime>
<method=bitvector/>
i_1                    (alloca           ) [ 0100000000000]
specinterface_ln0      (specinterface    ) [ 0000000000000]
scale_assign_read      (read             ) [ 0111111111110]
shl_ln_read            (read             ) [ 0000000000000]
store_ln35             (store            ) [ 0000000000000]
br_ln0                 (br               ) [ 0000000000000]
i                      (load             ) [ 0111111111111]
icmp_ln35              (icmp             ) [ 0111111111110]
add_ln35               (add              ) [ 0000000000000]
br_ln35                (br               ) [ 0000000000000]
zext_ln35_1            (zext             ) [ 0000000000000]
add_ln36               (add              ) [ 0110000000000]
store_ln35             (store            ) [ 0000000000000]
zext_ln36              (zext             ) [ 0000000000000]
data_addr              (getelementptr    ) [ 0101000000000]
data_load              (load             ) [ 0100100000000]
bitcast_ln36           (bitcast          ) [ 0100011111110]
mul_i8                 (fmul             ) [ 0100000000001]
zext_ln35              (zext             ) [ 0000000000000]
specpipeline_ln35      (specpipeline     ) [ 0000000000000]
speclooptripcount_ln35 (speclooptripcount) [ 0000000000000]
specloopname_ln35      (specloopname     ) [ 0000000000000]
gradient_addr          (getelementptr    ) [ 0000000000000]
store_ln36             (store            ) [ 0000000000000]
br_ln35                (br               ) [ 0000000000000]
ret_ln0                (ret              ) [ 0000000000000]
</LifeTime>

<model>

<comp_list>
<comp id="0" class="1000" name="shl_ln">
<pin_list>
<pin id="1" dir="1" index="0" bw="1" slack="0"/>
</pin_list>
<bind>
<StgValue><ssdm name="shl_ln"/></StgValue>
</bind>
</comp>

<comp id="2" class="1000" name="data">
<pin_list>
<pin id="3" dir="1" index="0" bw="1" slack="0"/>
</pin_list>
<bind>
<StgValue><ssdm name="data"/><MemPortTyVec>1 3 </MemPortTyVec>
</StgValue>
</bind>
</comp>

<comp id="4" class="1000" name="scale_assign">
<pin_list>
<pin id="5" dir="1" index="0" bw="1" slack="0"/>
</pin_list>
<bind>
<StgValue><ssdm name="scale_assign"/></StgValue>
</bind>
</comp>

<comp id="6" class="1000" name="gradient">
<pin_list>
<pin id="7" dir="1" index="0" bw="1" slack="0"/>
</pin_list>
<bind>
<StgValue><ssdm name="gradient"/><MemPortTyVec>0 3 </MemPortTyVec>
</StgValue>
</bind>
</comp>

<comp id="8" class="1001" name="const_8">
<pin_list>
<pin id="9" dir="1" index="0" bw="1" slack="0"/>
</pin_list>
<bind>
<StgValue><ssdm name=""/></StgValue>
</bind>
</comp>

<comp id="10" class="1001" name="const_10">
<pin_list>
<pin id="11" dir="1" index="0" bw="1" slack="2147483647"/>
</pin_list>
<bind>
<StgValue><ssdm name="_ssdm_op_SpecInterface"/></StgValue>
</bind>
</comp>

<comp id="12" class="1001" name="const_12">
<pin_list>
<pin id="13" dir="1" index="0" bw="1" slack="2147483647"/>
</pin_list>
<bind>
<StgValue><ssdm name="empty"/></StgValue>
</bind>
</comp>

<comp id="14" class="1001" name="const_14">
<pin_list>
<pin id="15" dir="1" index="0" bw="1" slack="2147483647"/>
</pin_list>
<bind>
<StgValue><ssdm name=""/></StgValue>
</bind>
</comp>

<comp id="16" class="1001" name="const_16">
<pin_list>
<pin id="17" dir="1" index="0" bw="1" slack="2147483647"/>
</pin_list>
<bind>
<StgValue><ssdm name="empty_0"/></StgValue>
</bind>
</comp>

<comp id="18" class="1001" name="const_18">
<pin_list>
<pin id="19" dir="1" index="0" bw="1" slack="2147483647"/>
</pin_list>
<bind>
<StgValue><ssdm name=""/></StgValue>
</bind>
</comp>

<comp id="20" class="1001" name="const_20">
<pin_list>
<pin id="21" dir="1" index="0" bw="1" slack="0"/>
</pin_list>
<bind>
<StgValue><ssdm name="_ssdm_op_Read.ap_auto.float"/></StgValue>
</bind>
</comp>

<comp id="22" class="1001" name="const_22">
<pin_list>
<pin id="23" dir="1" index="0" bw="1" slack="0"/>
</pin_list>
<bind>
<StgValue><ssdm name="_ssdm_op_Read.ap_auto.i17"/></StgValue>
</bind>
</comp>

<comp id="24" class="1001" name="const_24">
<pin_list>
<pin id="25" dir="1" index="0" bw="1" slack="0"/>
</pin_list>
<bind>
<StgValue><ssdm name=""/></StgValue>
</bind>
</comp>

<comp id="26" class="1001" name="const_26">
<pin_list>
<pin id="27" dir="1" index="0" bw="1" slack="0"/>
</pin_list>
<bind>
<StgValue><ssdm name=""/></StgValue>
</bind>
</comp>

<comp id="28" class="1001" name="const_28">
<pin_list>
<pin id="29" dir="1" index="0" bw="1" slack="0"/>
</pin_list>
<bind>
<StgValue><ssdm name=""/></StgValue>
</bind>
</comp>

<comp id="30" class="1001" name="const_30">
<pin_list>
<pin id="31" dir="1" index="0" bw="1" slack="0"/>
</pin_list>
<bind>
<StgValue><ssdm name=""/></StgValue>
</bind>
</comp>

<comp id="32" class="1001" name="const_32">
<pin_list>
<pin id="33" dir="1" index="0" bw="1" slack="2147483647"/>
</pin_list>
<bind>
<StgValue><ssdm name="_ssdm_op_SpecPipeline"/></StgValue>
</bind>
</comp>

<comp id="34" class="1001" name="const_34">
<pin_list>
<pin id="35" dir="1" index="0" bw="1" slack="2147483647"/>
</pin_list>
<bind>
<StgValue><ssdm name="_ssdm_op_SpecLoopTripCount"/></StgValue>
</bind>
</comp>

<comp id="36" class="1001" name="const_36">
<pin_list>
<pin id="37" dir="1" index="0" bw="1" slack="2147483647"/>
</pin_list>
<bind>
<StgValue><ssdm name=""/></StgValue>
</bind>
</comp>

<comp id="38" class="1001" name="const_38">
<pin_list>
<pin id="39" dir="1" index="0" bw="1" slack="2147483647"/>
</pin_list>
<bind>
<StgValue><ssdm name="_ssdm_op_SpecLoopName"/></StgValue>
</bind>
</comp>

<comp id="40" class="1001" name="const_40">
<pin_list>
<pin id="41" dir="1" index="0" bw="1" slack="2147483647"/>
</pin_list>
<bind>
<StgValue><ssdm name="empty_3"/></StgValue>
</bind>
</comp>

<comp id="42" class="1004" name="i_1_fu_42">
<pin_list>
<pin id="43" dir="0" index="0" bw="1" slack="0"/>
<pin id="44" dir="1" index="1" bw="11" slack="0"/>
</pin_list>
<bind>
<opcode="alloca(26) " fcode="alloca"/>
<opset="i_1/1 "/>
</bind>
</comp>

<comp id="46" class="1004" name="scale_assign_read_read_fu_46">
<pin_list>
<pin id="47" dir="0" index="0" bw="32" slack="0"/>
<pin id="48" dir="0" index="1" bw="32" slack="0"/>
<pin id="49" dir="1" index="2" bw="32" slack="3"/>
</pin_list>
<bind>
<opcode="read(1150) " fcode="read"/>
<opset="scale_assign_read/1 "/>
</bind>
</comp>

<comp id="52" class="1004" name="shl_ln_read_read_fu_52">
<pin_list>
<pin id="53" dir="0" index="0" bw="17" slack="0"/>
<pin id="54" dir="0" index="1" bw="17" slack="0"/>
<pin id="55" dir="1" index="2" bw="17" slack="0"/>
</pin_list>
<bind>
<opcode="read(1150) " fcode="read"/>
<opset="shl_ln_read/1 "/>
</bind>
</comp>

<comp id="58" class="1004" name="data_addr_gep_fu_58">
<pin_list>
<pin id="59" dir="0" index="0" bw="32" slack="0"/>
<pin id="60" dir="0" index="1" bw="1" slack="0"/>
<pin id="61" dir="0" index="2" bw="17" slack="0"/>
<pin id="62" dir="1" index="3" bw="17" slack="0"/>
</pin_list>
<bind>
<opcode="getelementptr(29) " fcode="getelementptr"/>
<opset="data_addr/2 "/>
</bind>
</comp>

<comp id="65" class="1004" name="grp_access_fu_65">
<pin_list>
<pin id="66" dir="0" index="0" bw="17" slack="0"/>
<pin id="67" dir="0" index="1" bw="32" slack="2147483647"/>
<pin id="68" dir="0" index="2" bw="0" slack="2147483647"/>
<pin id="69" dir="1" index="3" bw="32" slack="1"/>
</pin_list>
<bind>
<opcode="load(27) " fcode="load"/>
<opset="data_load/2 "/>
</bind>
</comp>

<comp id="71" class="1004" name="gradient_addr_gep_fu_71">
<pin_list>
<pin id="72" dir="0" index="0" bw="32" slack="0"/>
<pin id="73" dir="0" index="1" bw="1" slack="0"/>
<pin id="74" dir="0" index="2" bw="11" slack="0"/>
<pin id="75" dir="1" index="3" bw="10" slack="0"/>
</pin_list>
<bind>
<opcode="getelementptr(29) " fcode="getelementptr"/>
<opset="gradient_addr/12 "/>
</bind>
</comp>

<comp id="78" class="1004" name="store_ln36_access_fu_78">
<pin_list>
<pin id="79" dir="0" index="0" bw="10" slack="0"/>
<pin id="80" dir="0" index="1" bw="32" slack="1"/>
<pin id="81" dir="0" index="2" bw="0" slack="2147483647"/>
<pin id="82" dir="1" index="3" bw="32" slack="2147483647"/>
</pin_list>
<bind>
<opcode="store(28) " fcode="store"/>
<opset="store_ln36/12 "/>
</bind>
</comp>

<comp id="84" class="1004" name="grp_fu_84">
<pin_list>
<pin id="85" dir="0" index="0" bw="32" slack="3"/>
<pin id="86" dir="0" index="1" bw="32" slack="0"/>
<pin id="87" dir="1" index="2" bw="32" slack="1"/>
</pin_list>
<bind>
<opcode="fmul(13) " fcode="fmul"/>
<opset="mul_i8/4 "/>
</bind>
</comp>

<comp id="88" class="1004" name="store_ln35_store_fu_88">
<pin_list>
<pin id="89" dir="0" index="0" bw="1" slack="0"/>
<pin id="90" dir="0" index="1" bw="11" slack="0"/>
<pin id="91" dir="1" index="2" bw="0" slack="2147483647"/>
</pin_list>
<bind>
<opcode="store(28) " fcode="store"/>
<opset="store_ln35/1 "/>
</bind>
</comp>

<comp id="93" class="1004" name="i_load_fu_93">
<pin_list>
<pin id="94" dir="0" index="0" bw="11" slack="0"/>
<pin id="95" dir="1" index="1" bw="11" slack="0"/>
</pin_list>
<bind>
<opcode="load(27) " fcode="load"/>
<opset="i/1 "/>
</bind>
</comp>

<comp id="96" class="1004" name="icmp_ln35_fu_96">
<pin_list>
<pin id="97" dir="0" index="0" bw="11" slack="0"/>
<pin id="98" dir="0" index="1" bw="11" slack="0"/>
<pin id="99" dir="1" index="2" bw="1" slack="10"/>
</pin_list>
<bind>
<opcode="icmp(45) " fcode="icmp"/>
<opset="icmp_ln35/1 "/>
</bind>
</comp>

<comp id="102" class="1004" name="add_ln35_fu_102">
<pin_list>
<pin id="103" dir="0" index="0" bw="11" slack="0"/>
<pin id="104" dir="0" index="1" bw="1" slack="0"/>
<pin id="105" dir="1" index="2" bw="11" slack="0"/>
</pin_list>
<bind>
<opcode="add(8) " fcode="add"/>
<opset="add_ln35/1 "/>
</bind>
</comp>

<comp id="108" class="1004" name="zext_ln35_1_fu_108">
<pin_list>
<pin id="109" dir="0" index="0" bw="11" slack="0"/>
<pin id="110" dir="1" index="1" bw="17" slack="0"/>
</pin_list>
<bind>
<opcode="zext(34) " fcode="zext"/>
<opset="zext_ln35_1/1 "/>
</bind>
</comp>

<comp id="112" class="1004" name="add_ln36_fu_112">
<pin_list>
<pin id="113" dir="0" index="0" bw="11" slack="0"/>
<pin id="114" dir="0" index="1" bw="17" slack="0"/>
<pin id="115" dir="1" index="2" bw="17" slack="1"/>
</pin_list>
<bind>
<opcode="add(8) " fcode="add"/>
<opset="add_ln36/1 "/>
</bind>
</comp>

<comp id="118" class="1004" name="store_ln35_store_fu_118">
<pin_list>
<pin id="119" dir="0" index="0" bw="11" slack="0"/>
<pin id="120" dir="0" index="1" bw="11" slack="0"/>
<pin id="121" dir="1" index="2" bw="0" slack="2147483647"/>
</pin_list>
<bind>
<opcode="store(28) " fcode="store"/>
<opset="store_ln35/1 "/>
</bind>
</comp>

<comp id="123" class="1004" name="zext_ln36_fu_123">
<pin_list>
<pin id="124" dir="0" index="0" bw="17" slack="1"/>
<pin id="125" dir="1" index="1" bw="64" slack="0"/>
</pin_list>
<bind>
<opcode="zext(34) " fcode="zext"/>
<opset="zext_ln36/2 "/>
</bind>
</comp>

<comp id="127" class="1004" name="bitcast_ln36_fu_127">
<pin_list>
<pin id="128" dir="0" index="0" bw="32" slack="1"/>
<pin id="129" dir="1" index="1" bw="32" slack="0"/>
</pin_list>
<bind>
<opcode="bitcast(44) " fcode="bitcast"/>
<opset="bitcast_ln36/4 "/>
</bind>
</comp>

<comp id="131" class="1004" name="zext_ln35_fu_131">
<pin_list>
<pin id="132" dir="0" index="0" bw="11" slack="11"/>
<pin id="133" dir="1" index="1" bw="64" slack="0"/>
</pin_list>
<bind>
<opcode="zext(34) " fcode="zext"/>
<opset="zext_ln35/12 "/>
</bind>
</comp>

<comp id="135" class="1005" name="i_1_reg_135">
<pin_list>
<pin id="136" dir="0" index="0" bw="11" slack="0"/>
<pin id="137" dir="1" index="1" bw="11" slack="0"/>
</pin_list>
<bind>
<opset="i_1 "/>
</bind>
</comp>

<comp id="142" class="1005" name="scale_assign_read_reg_142">
<pin_list>
<pin id="143" dir="0" index="0" bw="32" slack="3"/>
<pin id="144" dir="1" index="1" bw="32" slack="3"/>
</pin_list>
<bind>
<opset="scale_assign_read "/>
</bind>
</comp>

<comp id="147" class="1005" name="i_reg_147">
<pin_list>
<pin id="148" dir="0" index="0" bw="11" slack="11"/>
<pin id="149" dir="1" index="1" bw="11" slack="11"/>
</pin_list>
<bind>
<opset="i "/>
</bind>
</comp>

<comp id="152" class="1005" name="icmp_ln35_reg_152">
<pin_list>
<pin id="153" dir="0" index="0" bw="1" slack="10"/>
<pin id="154" dir="1" index="1" bw="1" slack="2147483647"/>
</pin_list>
<bind>
<opset="icmp_ln35 "/>
</bind>
</comp>

<comp id="156" class="1005" name="add_ln36_reg_156">
<pin_list>
<pin id="157" dir="0" index="0" bw="17" slack="1"/>
<pin id="158" dir="1" index="1" bw="17" slack="1"/>
</pin_list>
<bind>
<opset="add_ln36 "/>
</bind>
</comp>

<comp id="161" class="1005" name="data_addr_reg_161">
<pin_list>
<pin id="162" dir="0" index="0" bw="17" slack="1"/>
<pin id="163" dir="1" index="1" bw="17" slack="1"/>
</pin_list>
<bind>
<opset="data_addr "/>
</bind>
</comp>

<comp id="166" class="1005" name="data_load_reg_166">
<pin_list>
<pin id="167" dir="0" index="0" bw="32" slack="1"/>
<pin id="168" dir="1" index="1" bw="32" slack="1"/>
</pin_list>
<bind>
<opset="data_load "/>
</bind>
</comp>

<comp id="171" class="1005" name="bitcast_ln36_reg_171">
<pin_list>
<pin id="172" dir="0" index="0" bw="32" slack="1"/>
<pin id="173" dir="1" index="1" bw="32" slack="1"/>
</pin_list>
<bind>
<opset="bitcast_ln36 "/>
</bind>
</comp>

<comp id="176" class="1005" name="mul_i8_reg_176">
<pin_list>
<pin id="177" dir="0" index="0" bw="32" slack="1"/>
<pin id="178" dir="1" index="1" bw="32" slack="1"/>
</pin_list>
<bind>
<opset="mul_i8 "/>
</bind>
</comp>

</comp_list>

<net_list>
<net id="45"><net_src comp="8" pin="0"/><net_sink comp="42" pin=0"/></net>

<net id="50"><net_src comp="20" pin="0"/><net_sink comp="46" pin=0"/></net>

<net id="51"><net_src comp="4" pin="0"/><net_sink comp="46" pin=1"/></net>

<net id="56"><net_src comp="22" pin="0"/><net_sink comp="52" pin=0"/></net>

<net id="57"><net_src comp="0" pin="0"/><net_sink comp="52" pin=1"/></net>

<net id="63"><net_src comp="2" pin="0"/><net_sink comp="58" pin=0"/></net>

<net id="64"><net_src comp="30" pin="0"/><net_sink comp="58" pin=1"/></net>

<net id="70"><net_src comp="58" pin="3"/><net_sink comp="65" pin=0"/></net>

<net id="76"><net_src comp="6" pin="0"/><net_sink comp="71" pin=0"/></net>

<net id="77"><net_src comp="30" pin="0"/><net_sink comp="71" pin=1"/></net>

<net id="83"><net_src comp="71" pin="3"/><net_sink comp="78" pin=0"/></net>

<net id="92"><net_src comp="24" pin="0"/><net_sink comp="88" pin=0"/></net>

<net id="100"><net_src comp="93" pin="1"/><net_sink comp="96" pin=0"/></net>

<net id="101"><net_src comp="26" pin="0"/><net_sink comp="96" pin=1"/></net>

<net id="106"><net_src comp="93" pin="1"/><net_sink comp="102" pin=0"/></net>

<net id="107"><net_src comp="28" pin="0"/><net_sink comp="102" pin=1"/></net>

<net id="111"><net_src comp="93" pin="1"/><net_sink comp="108" pin=0"/></net>

<net id="116"><net_src comp="108" pin="1"/><net_sink comp="112" pin=0"/></net>

<net id="117"><net_src comp="52" pin="2"/><net_sink comp="112" pin=1"/></net>

<net id="122"><net_src comp="102" pin="2"/><net_sink comp="118" pin=0"/></net>

<net id="126"><net_src comp="123" pin="1"/><net_sink comp="58" pin=2"/></net>

<net id="130"><net_src comp="127" pin="1"/><net_sink comp="84" pin=1"/></net>

<net id="134"><net_src comp="131" pin="1"/><net_sink comp="71" pin=2"/></net>

<net id="138"><net_src comp="42" pin="1"/><net_sink comp="135" pin=0"/></net>

<net id="139"><net_src comp="135" pin="1"/><net_sink comp="88" pin=1"/></net>

<net id="140"><net_src comp="135" pin="1"/><net_sink comp="93" pin=0"/></net>

<net id="141"><net_src comp="135" pin="1"/><net_sink comp="118" pin=1"/></net>

<net id="145"><net_src comp="46" pin="2"/><net_sink comp="142" pin=0"/></net>

<net id="146"><net_src comp="142" pin="1"/><net_sink comp="84" pin=0"/></net>

<net id="150"><net_src comp="93" pin="1"/><net_sink comp="147" pin=0"/></net>

<net id="151"><net_src comp="147" pin="1"/><net_sink comp="131" pin=0"/></net>

<net id="155"><net_src comp="96" pin="2"/><net_sink comp="152" pin=0"/></net>

<net id="159"><net_src comp="112" pin="2"/><net_sink comp="156" pin=0"/></net>

<net id="160"><net_src comp="156" pin="1"/><net_sink comp="123" pin=0"/></net>

<net id="164"><net_src comp="58" pin="3"/><net_sink comp="161" pin=0"/></net>

<net id="165"><net_src comp="161" pin="1"/><net_sink comp="65" pin=0"/></net>

<net id="169"><net_src comp="65" pin="3"/><net_sink comp="166" pin=0"/></net>

<net id="170"><net_src comp="166" pin="1"/><net_sink comp="127" pin=0"/></net>

<net id="174"><net_src comp="127" pin="1"/><net_sink comp="171" pin=0"/></net>

<net id="175"><net_src comp="171" pin="1"/><net_sink comp="84" pin=1"/></net>

<net id="179"><net_src comp="84" pin="2"/><net_sink comp="176" pin=0"/></net>

<net id="180"><net_src comp="176" pin="1"/><net_sink comp="78" pin=1"/></net>

</net_list>

</model> 
---------------- Datapath Model END ------------------

* FSMD analyzer results:
  - Output states:
	Port: gradient | {12 }
 - Input state : 
	Port: SgdLR_Pipeline_GRAD : shl_ln | {1 }
	Port: SgdLR_Pipeline_GRAD : data | {2 3 }
	Port: SgdLR_Pipeline_GRAD : scale_assign | {1 }
  - Chain level:
	State 1
		store_ln35 : 1
		i : 1
		icmp_ln35 : 2
		add_ln35 : 2
		br_ln35 : 3
		zext_ln35_1 : 2
		add_ln36 : 3
		store_ln35 : 3
	State 2
		data_addr : 1
		data_load : 2
	State 3
	State 4
		mul_i8 : 1
	State 5
	State 6
	State 7
	State 8
	State 9
	State 10
	State 11
	State 12
		gradient_addr : 1
		store_ln36 : 2


============================================================
+ Verbose Summary: Datapath Resource usage 
============================================================

* Functional unit list:
|----------|------------------------------|---------|---------|---------|
| Operation|        Functional Unit       |   DSP   |    FF   |   LUT   |
|----------|------------------------------|---------|---------|---------|
|   fmul   |           grp_fu_84          |    3    |   199   |   324   |
|----------|------------------------------|---------|---------|---------|
|    add   |        add_ln35_fu_102       |    0    |    0    |    12   |
|          |        add_ln36_fu_112       |    0    |    0    |    24   |
|----------|------------------------------|---------|---------|---------|
|   icmp   |        icmp_ln35_fu_96       |    0    |    0    |    12   |
|----------|------------------------------|---------|---------|---------|
|   read   | scale_assign_read_read_fu_46 |    0    |    0    |    0    |
|          |    shl_ln_read_read_fu_52    |    0    |    0    |    0    |
|----------|------------------------------|---------|---------|---------|
|          |      zext_ln35_1_fu_108      |    0    |    0    |    0    |
|   zext   |       zext_ln36_fu_123       |    0    |    0    |    0    |
|          |       zext_ln35_fu_131       |    0    |    0    |    0    |
|----------|------------------------------|---------|---------|---------|
|   Total  |                              |    3    |   199   |   372   |
|----------|------------------------------|---------|---------|---------|

Memories:
N/A

* Register list:
+-------------------------+--------+
|                         |   FF   |
+-------------------------+--------+
|     add_ln36_reg_156    |   17   |
|   bitcast_ln36_reg_171  |   32   |
|    data_addr_reg_161    |   17   |
|    data_load_reg_166    |   32   |
|       i_1_reg_135       |   11   |
|        i_reg_147        |   11   |
|    icmp_ln35_reg_152    |    1   |
|      mul_i8_reg_176     |   32   |
|scale_assign_read_reg_142|   32   |
+-------------------------+--------+
|          Total          |   185  |
+-------------------------+--------+

* Multiplexer (MUX) list: 
|------------------|------|------|------|--------||---------||---------|
|       Comp       |  Pin | Size |  BW  | S x BW ||  Delay  ||   LUT   |
|------------------|------|------|------|--------||---------||---------|
| grp_access_fu_65 |  p0  |   2  |  17  |   34   ||    9    |
|     grp_fu_84    |  p1  |   2  |  32  |   64   ||    9    |
|------------------|------|------|------|--------||---------||---------|
|       Total      |      |      |      |   98   ||  3.176  ||    18   |
|------------------|------|------|------|--------||---------||---------|



* Summary:
+-----------+--------+--------+--------+--------+
|           |   DSP  |  Delay |   FF   |   LUT  |
+-----------+--------+--------+--------+--------+
|  Function |    3   |    -   |   199  |   372  |
|   Memory  |    -   |    -   |    -   |    -   |
|Multiplexer|    -   |    3   |    -   |   18   |
|  Register |    -   |    -   |   185  |    -   |
+-----------+--------+--------+--------+--------+
|   Total   |    3   |    3   |   384  |   390  |
+-----------+--------+--------+--------+--------+
