Copyright 1986-2022 Xilinx, Inc. All Rights Reserved. Copyright 2022-2023 Advanced Micro Devices, Inc. All Rights Reserved.
---------------------------------------------------------------------------------------------------------------------------------------------
| Tool Version : Vivado v.2023.2 (lin64) Build 4029153 Fri Oct 13 20:13:54 MDT 2023
| Date         : Sun May 25 00:39:13 2025
| Host         : gabriel-Inspiron-15-3511 running 64-bit Ubuntu 22.04.5 LTS
| Command      : report_control_sets -verbose -file bd_0_wrapper_control_sets_placed.rpt
| Design       : bd_0_wrapper
| Device       : xcu50
---------------------------------------------------------------------------------------------------------------------------------------------

Control Set Information

Table of Contents
-----------------
1. Summary
2. Histogram
3. Flip-Flop Distribution
4. Detailed Control Set Information

1. Summary
----------

+----------------------------------------------------------+-------+
|                          Status                          | Count |
+----------------------------------------------------------+-------+
| Total control sets                                       |   100 |
|    Minimum number of control sets                        |   100 |
|    Addition due to synthesis replication                 |     0 |
|    Addition due to physical synthesis replication        |     0 |
| Unused register locations in slices containing registers |   114 |
+----------------------------------------------------------+-------+
* Control sets can be merged at opt_design using control_set_merge or merge_equivalent_drivers
** Run report_qor_suggestions for automated merging and remapping suggestions


2. Histogram
------------

+--------------------+-------+
|       Fanout       | Count |
+--------------------+-------+
| Total control sets |   100 |
| >= 0 to < 4        |     8 |
| >= 4 to < 6        |     8 |
| >= 6 to < 8        |    12 |
| >= 8 to < 10       |     3 |
| >= 10 to < 12      |     4 |
| >= 12 to < 14      |     5 |
| >= 14 to < 16      |    10 |
| >= 16              |    50 |
+--------------------+-------+
* Control sets can be remapped at either synth_design or opt_design


3. Flip-Flop Distribution
-------------------------

+--------------+-----------------------+------------------------+-----------------+--------------+
| Clock Enable | Synchronous Set/Reset | Asynchronous Set/Reset | Total Registers | Total Slices |
+--------------+-----------------------+------------------------+-----------------+--------------+
| No           | No                    | No                     |               2 |            2 |
| No           | No                    | Yes                    |               0 |            0 |
| No           | Yes                   | No                     |              77 |           35 |
| Yes          | No                    | No                     |            2080 |          360 |
| Yes          | No                    | Yes                    |               0 |            0 |
| Yes          | Yes                   | No                     |             843 |          188 |
+--------------+-----------------------+------------------------+-----------------+--------------+


4. Detailed Control Set Information
-----------------------------------

+--------------+----------------------------------------------------------------------------------+-----------------------------------------------------------------------------+------------------+----------------+--------------+
| Clock Signal |                                   Enable Signal                                  |                               Set/Reset Signal                              | Slice Load Count | Bel Load Count | Bels / Slice |
+--------------+----------------------------------------------------------------------------------+-----------------------------------------------------------------------------+------------------+----------------+--------------+
|  ap_clk      |                                                                                  |                                                                             |                2 |              2 |         1.00 |
|  ap_clk      | bd_0_i/hls_inst/inst/grp_decode_fu_519/grp_decode_fu_519_wl_code_table_ce0       |                                                                             |                2 |              2 |         1.00 |
|  ap_clk      | bd_0_i/hls_inst/inst/dec_del_bph_U/i_22_fu_208_reg[1]                            | bd_0_i/hls_inst/inst/ap_NS_fsm14_out                                        |                1 |              3 |         3.00 |
|  ap_clk      | bd_0_i/hls_inst/inst/dec_del_dltx_U/i_fu_204_reg[1]                              | bd_0_i/hls_inst/inst/ap_NS_fsm15_out                                        |                2 |              3 |         1.50 |
|  ap_clk      | bd_0_i/hls_inst/inst/grp_encode_fu_453/i_10_fu_38604_out                         | bd_0_i/hls_inst/inst/grp_encode_fu_453/grp_encode_fu_453_deth_o_ap_vld      |                1 |              3 |         3.00 |
|  ap_clk      | bd_0_i/hls_inst/inst/grp_encode_fu_453/i_6_fu_3700                               | bd_0_i/hls_inst/inst/grp_encode_fu_453/mul_15ns_15ns_30_1_1_U9/ap_NS_fsm[1] |                1 |              3 |         3.00 |
|  ap_clk      | bd_0_i/hls_inst/inst/grp_decode_fu_519/i_13_fu_3100                              | bd_0_i/hls_inst/inst/grp_decode_fu_519/ap_NS_fsm[4]                         |                1 |              3 |         3.00 |
|  ap_clk      | bd_0_i/hls_inst/inst/grp_decode_fu_519/i_18_fu_32602_out                         | bd_0_i/hls_inst/inst/grp_decode_fu_519/grp_decode_fu_519_dec_deth_o_ap_vld  |                1 |              3 |         3.00 |
|  ap_clk      | bd_0_i/hls_inst/inst/accumc_U/E[0]                                               | bd_0_i/hls_inst/inst/ap_NS_fsm12_out                                        |                1 |              4 |         4.00 |
|  ap_clk      | bd_0_i/hls_inst/inst/grp_decode_fu_519/ap_CS_fsm_state14                         |                                                                             |                3 |              4 |         1.33 |
|  ap_clk      | bd_0_i/hls_inst/inst/grp_decode_fu_519/ap_CS_fsm_state27                         |                                                                             |                2 |              4 |         2.00 |
|  ap_clk      | bd_0_i/hls_inst/inst/grp_decode_fu_519/grp_decode_fu_519_dec_nbl_o_ap_vld        |                                                                             |                2 |              4 |         2.00 |
|  ap_clk      | bd_0_i/hls_inst/inst/grp_encode_fu_453/ap_CS_fsm_state6                          |                                                                             |                1 |              5 |         5.00 |
|  ap_clk      | bd_0_i/hls_inst/inst/tqmf_U/E[0]                                                 | bd_0_i/hls_inst/inst/ap_NS_fsm13_out                                        |                1 |              5 |         5.00 |
|  ap_clk      | bd_0_i/hls_inst/inst/grp_encode_fu_453/mul_15ns_15ns_30_1_1_U9/E[0]              | bd_0_i/hls_inst/inst/grp_encode_fu_453/ap_NS_fsm[10]                        |                1 |              5 |         5.00 |
|  ap_clk      | bd_0_i/hls_inst/inst/grp_encode_fu_453/mul_15ns_15ns_30_1_1_U9/ap_CS_fsm_reg[12] | bd_0_i/hls_inst/inst/grp_encode_fu_453/mil_02_i_reg_6910                    |                1 |              5 |         5.00 |
|  ap_clk      | bd_0_i/hls_inst/inst/grp_decode_fu_519/ap_NS_fsm[3]                              | bd_0_i/hls_inst/inst/grp_decode_fu_519/ap_NS_fsm111_out                     |                2 |              6 |         3.00 |
|  ap_clk      | bd_0_i/hls_inst/inst/grp_encode_fu_453/ap_CS_fsm_state12                         |                                                                             |                1 |              6 |         6.00 |
|  ap_clk      | bd_0_i/hls_inst/inst/ap_CS_fsm_state10                                           |                                                                             |                4 |              6 |         1.50 |
|  ap_clk      | bd_0_i/hls_inst/inst/ap_CS_fsm_state9                                            |                                                                             |                1 |              6 |         6.00 |
|  ap_clk      | bd_0_i/hls_inst/inst/grp_encode_fu_453/ap_NS_fsm[9]                              | bd_0_i/hls_inst/inst/grp_encode_fu_453/i_4_fu_362[2]_i_1_n_40               |                2 |              6 |         3.00 |
|  ap_clk      | bd_0_i/hls_inst/inst/ap_NS_fsm[9]                                                | bd_0_i/hls_inst/inst/i_26_fu_224[5]_i_1_n_40                                |                1 |              6 |         6.00 |
|  ap_clk      | bd_0_i/hls_inst/inst/grp_encode_fu_453/ap_CS_fsm_reg[15]_0[0]                    |                                                                             |                3 |              6 |         2.00 |
|  ap_clk      | bd_0_i/hls_inst/inst/in_data_ce1                                                 |                                                                             |                1 |              6 |         6.00 |
|  ap_clk      | bd_0_i/hls_inst/inst/ap_NS_fsm[6]                                                | bd_0_i/hls_inst/inst/grp_encode_fu_453/SR[0]                                |                1 |              6 |         6.00 |
|  ap_clk      | bd_0_i/hls_inst/inst/grp_encode_fu_453/i_8_fu_3820                               | bd_0_i/hls_inst/inst/grp_encode_fu_453/ap_CS_fsm[19]_i_1__0_n_40            |                2 |              6 |         3.00 |
|  ap_clk      | bd_0_i/hls_inst/inst/grp_decode_fu_519/ap_CS_fsm[14]_i_1_n_40                    | bd_0_i/hls_inst/inst/grp_decode_fu_519/ap_CS_fsm[9]_i_1__0_n_40             |                2 |              6 |         3.00 |
|  ap_clk      | bd_0_i/hls_inst/inst/grp_encode_fu_453/ap_CS_fsm_reg[31]_0[2]                    |                                                                             |                3 |              6 |         2.00 |
|  ap_clk      | bd_0_i/hls_inst/inst/grp_decode_fu_519/ap_NS_fsm[24]                             | bd_0_i/hls_inst/inst/grp_decode_fu_519/ap_NS_fsm[19]                        |                2 |              8 |         4.00 |
|  ap_clk      | bd_0_i/hls_inst/inst/grp_decode_fu_519/ap_NS_fsm[27]                             | bd_0_i/hls_inst/inst/grp_decode_fu_519/ap_NS_fsm[25]                        |                2 |              8 |         4.00 |
|  ap_clk      | bd_0_i/hls_inst/inst/grp_encode_fu_453/ap_NS_fsm[3]                              | bd_0_i/hls_inst/inst/grp_encode_fu_453/ap_NS_fsm115_out                     |                1 |              8 |         8.00 |
|  ap_clk      | bd_0_i/hls_inst/inst/grp_encode_fu_453/ap_NS_fsm[6]                              | bd_0_i/hls_inst/inst/grp_encode_fu_453/ap_CS_fsm[4]_i_1__1_n_40             |                3 |             10 |         3.33 |
|  ap_clk      | bd_0_i/hls_inst/inst/grp_encode_fu_453/ap_CS_fsm_state13                         |                                                                             |                2 |             11 |         5.50 |
|  ap_clk      | bd_0_i/hls_inst/inst/grp_decode_fu_519/ap_CS_fsm_reg[13]_0[0]                    |                                                                             |                2 |             11 |         5.50 |
|  ap_clk      | bd_0_i/hls_inst/inst/grp_decode_fu_519/E[0]                                      |                                                                             |                3 |             11 |         3.67 |
|  ap_clk      | bd_0_i/hls_inst/inst/grp_encode_fu_453/ap_CS_fsm_reg[27]_0[0]                    | bd_0_i/hls_inst/inst/ap_NS_fsm15_out                                        |                4 |             12 |         3.00 |
|  ap_clk      | bd_0_i/hls_inst/inst/grp_decode_fu_519/ap_CS_fsm_reg[5]_0[0]                     | bd_0_i/hls_inst/inst/ap_NS_fsm15_out                                        |                3 |             12 |         4.00 |
|  ap_clk      | bd_0_i/hls_inst/inst/grp_encode_fu_453/ap_CS_fsm_reg[15]_0[0]                    | bd_0_i/hls_inst/inst/ap_NS_fsm15_out                                        |                4 |             12 |         3.00 |
|  ap_clk      | bd_0_i/hls_inst/inst/grp_decode_fu_519/ap_CS_fsm_reg[23]_0                       |                                                                             |                5 |             12 |         2.40 |
|  ap_clk      | bd_0_i/hls_inst/inst/grp_decode_fu_519/ap_CS_fsm_reg[15]_0[0]                    | bd_0_i/hls_inst/inst/ap_NS_fsm15_out                                        |                3 |             12 |         4.00 |
|  ap_clk      | bd_0_i/hls_inst/inst/grp_encode_fu_453/ap_CS_fsm_state33                         |                                                                             |                7 |             14 |         2.00 |
|  ap_clk      | bd_0_i/hls_inst/inst/grp_decode_fu_519/ap_CS_fsm_reg[19]_0[3]                    |                                                                             |                8 |             14 |         1.75 |
|  ap_clk      | bd_0_i/hls_inst/inst/grp_encode_fu_453/ap_CS_fsm_reg[31]_0[8]                    |                                                                             |                7 |             14 |         2.00 |
|  ap_clk      | bd_0_i/hls_inst/inst/grp_decode_fu_519/reg_765[13]_i_1_n_40                      |                                                                             |                7 |             14 |         2.00 |
|  ap_clk      | bd_0_i/hls_inst/inst/grp_encode_fu_453/reg_828[13]_i_1_n_40                      |                                                                             |                6 |             14 |         2.33 |
|  ap_clk      | bd_0_i/hls_inst/inst/grp_decode_fu_519/ap_CS_fsm_state21                         |                                                                             |                7 |             14 |         2.00 |
|  ap_clk      | bd_0_i/hls_inst/inst/grp_decode_fu_519/ap_CS_fsm_reg[4]_0[0]                     | bd_0_i/hls_inst/inst/ap_NS_fsm15_out                                        |                5 |             15 |         3.00 |
|  ap_clk      | bd_0_i/hls_inst/inst/grp_decode_fu_519/i_16_fu_322_reg[2]_0[0]                   | bd_0_i/hls_inst/inst/ap_NS_fsm15_out                                        |                5 |             15 |         3.00 |
|  ap_clk      | bd_0_i/hls_inst/inst/grp_encode_fu_453/ap_CS_fsm_reg[26]_0[0]                    | bd_0_i/hls_inst/inst/ap_NS_fsm15_out                                        |                5 |             15 |         3.00 |
|  ap_clk      | bd_0_i/hls_inst/inst/grp_encode_fu_453/ap_CS_fsm_reg[14]_0[0]                    | bd_0_i/hls_inst/inst/ap_NS_fsm15_out                                        |                4 |             15 |         3.75 |
|  ap_clk      | bd_0_i/hls_inst/inst/grp_decode_fu_519/reg_754[15]_i_1_n_40                      |                                                                             |                8 |             16 |         2.00 |
|  ap_clk      | bd_0_i/hls_inst/inst/grp_decode_fu_519/ap_CS_fsm_state11                         |                                                                             |                8 |             16 |         2.00 |
|  ap_clk      | bd_0_i/hls_inst/inst/grp_encode_fu_453/reg_817[15]_i_1_n_40                      |                                                                             |                6 |             16 |         2.67 |
|  ap_clk      | bd_0_i/hls_inst/inst/grp_decode_fu_519/ap_CS_fsm_reg[19]_0[1]                    |                                                                             |                8 |             16 |         2.00 |
|  ap_clk      | bd_0_i/hls_inst/inst/grp_encode_fu_453/ap_CS_fsm_reg[31]_0[5]                    |                                                                             |                8 |             16 |         2.00 |
|  ap_clk      | bd_0_i/hls_inst/inst/grp_encode_fu_453/ap_CS_fsm_state21                         |                                                                             |                8 |             16 |         2.00 |
|  ap_clk      | bd_0_i/hls_inst/inst/grp_encode_fu_453/ap_CS_fsm_reg[31]_0[6]                    |                                                                             |                5 |             18 |         3.60 |
|  ap_clk      | bd_0_i/hls_inst/inst/grp_encode_fu_453/ap_CS_fsm_reg[31]_0[3]                    |                                                                             |                6 |             20 |         3.33 |
|  ap_clk      | bd_0_i/hls_inst/inst/grp_encode_fu_453/ap_CS_fsm_reg[31]_2[0]                    | bd_0_i/hls_inst/inst/ap_NS_fsm15_out                                        |               14 |             31 |         2.21 |
|  ap_clk      | bd_0_i/hls_inst/inst/grp_encode_fu_453/ap_CS_fsm_reg[19]_0[0]                    | bd_0_i/hls_inst/inst/ap_NS_fsm15_out                                        |               14 |             31 |         2.21 |
|  ap_clk      | bd_0_i/hls_inst/inst/grp_decode_fu_519/ap_CS_fsm_reg[19]_1[0]                    | bd_0_i/hls_inst/inst/ap_NS_fsm15_out                                        |               14 |             31 |         2.21 |
|  ap_clk      | bd_0_i/hls_inst/inst/grp_decode_fu_519/ap_CS_fsm_reg[9]_1[0]                     | bd_0_i/hls_inst/inst/ap_NS_fsm15_out                                        |               13 |             31 |         2.38 |
|  ap_clk      | bd_0_i/hls_inst/inst/grp_encode_fu_453/CEB2                                      |                                                                             |                5 |             32 |         6.40 |
|  ap_clk      | bd_0_i/hls_inst/inst/grp_encode_fu_453/ap_CS_fsm_reg[7]_0                        |                                                                             |                2 |             32 |        16.00 |
|  ap_clk      | bd_0_i/hls_inst/inst/grp_encode_fu_453/CEA2                                      |                                                                             |                5 |             32 |         6.40 |
|  ap_clk      | bd_0_i/hls_inst/inst/grp_decode_fu_519/CEA2                                      |                                                                             |                6 |             32 |         5.33 |
|  ap_clk      | bd_0_i/hls_inst/inst/grp_decode_fu_519/CEB2                                      |                                                                             |                7 |             32 |         4.57 |
|  ap_clk      | bd_0_i/hls_inst/inst/grp_decode_fu_519/ap_CS_fsm_reg[10]_1                       |                                                                             |                2 |             32 |        16.00 |
|  ap_clk      | bd_0_i/hls_inst/inst/grp_decode_fu_519/p_0_in                                    |                                                                             |                2 |             32 |        16.00 |
|  ap_clk      | bd_0_i/hls_inst/inst/grp_decode_fu_519/reg_7610                                  |                                                                             |                5 |             32 |         6.40 |
|  ap_clk      | bd_0_i/hls_inst/inst/grp_encode_fu_453/p_0_in                                    |                                                                             |                2 |             32 |        16.00 |
|  ap_clk      | bd_0_i/hls_inst/inst/grp_encode_fu_453/reg_8240                                  |                                                                             |                5 |             32 |         6.40 |
|  ap_clk      | bd_0_i/hls_inst/inst/grp_encode_fu_453/ap_CS_fsm_state29                         |                                                                             |                9 |             38 |         4.22 |
|  ap_clk      | bd_0_i/hls_inst/inst/grp_decode_fu_519/ap_CS_fsm_state7                          |                                                                             |               10 |             38 |         3.80 |
|  ap_clk      | bd_0_i/hls_inst/inst/grp_encode_fu_453/ap_CS_fsm_state17                         |                                                                             |                9 |             38 |         4.22 |
|  ap_clk      | bd_0_i/hls_inst/inst/grp_encode_fu_453/ap_NS_fsm[8]                              |                                                                             |                6 |             46 |         7.67 |
|  ap_clk      | bd_0_i/hls_inst/inst/grp_decode_fu_519/ap_CS_fsm[2]_i_1__0_n_40                  |                                                                             |                6 |             46 |         7.67 |
|  ap_clk      | bd_0_i/hls_inst/inst/grp_decode_fu_519/ap_CS_fsm[13]_i_1__0_n_40                 |                                                                             |                6 |             46 |         7.67 |
|  ap_clk      | bd_0_i/hls_inst/inst/grp_encode_fu_453/ap_CS_fsm[23]_i_1_n_40                    |                                                                             |                6 |             46 |         7.67 |
|  ap_clk      | bd_0_i/hls_inst/inst/grp_encode_fu_453/grp_encode_fu_453_detl_o_ap_vld           |                                                                             |                8 |             48 |         6.00 |
|  ap_clk      | bd_0_i/hls_inst/inst/ap_CS_fsm_state7                                            |                                                                             |               11 |             64 |         5.82 |
|  ap_clk      | bd_0_i/hls_inst/inst/grp_encode_fu_453/ap_CS_fsm_state9                          |                                                                             |               10 |             64 |         6.40 |
|  ap_clk      | bd_0_i/hls_inst/inst/grp_decode_fu_519/ap_CS_fsm_reg[25]_0[0]                    |                                                                             |               10 |             64 |         6.40 |
|  ap_clk      | bd_0_i/hls_inst/inst/grp_decode_fu_519/ap_CS_fsm_reg[10]_0                       |                                                                             |               19 |             64 |         3.37 |
|  ap_clk      | bd_0_i/hls_inst/inst/grp_decode_fu_519/ap_CS_fsm_reg[10]_6                       |                                                                             |                4 |             64 |        16.00 |
|  ap_clk      | bd_0_i/hls_inst/inst/grp_decode_fu_519/ap_CS_fsm_state23                         |                                                                             |                8 |             64 |         8.00 |
|  ap_clk      | bd_0_i/hls_inst/inst/grp_encode_fu_453/ap_CS_fsm_state26                         |                                                                             |               11 |             65 |         5.91 |
|  ap_clk      | bd_0_i/hls_inst/inst/grp_decode_fu_519/ap_CS_fsm_state17                         |                                                                             |               13 |             70 |         5.38 |
|  ap_clk      |                                                                                  | ap_rst                                                                      |               35 |             77 |         2.20 |
|  ap_clk      | bd_0_i/hls_inst/inst/grp_encode_fu_453/grp_encode_fu_453_deth_o_ap_vld           |                                                                             |               18 |             78 |         4.33 |
|  ap_clk      | bd_0_i/hls_inst/inst/grp_decode_fu_519/grp_decode_fu_519_dec_deth_o_ap_vld       |                                                                             |               16 |             78 |         4.88 |
|  ap_clk      | bd_0_i/hls_inst/inst/grp_decode_fu_519/xa2_2_fu_334                              |                                                                             |               12 |             92 |         7.67 |
|  ap_clk      | bd_0_i/hls_inst/inst/grp_encode_fu_453/ap_NS_fsm[2]                              |                                                                             |               12 |             94 |         7.83 |
|  ap_clk      | bd_0_i/hls_inst/inst/grp_encode_fu_453/ap_CS_fsm_reg[7]_2[0]                     | bd_0_i/hls_inst/inst/ap_NS_fsm15_out                                        |               32 |            126 |         3.94 |
|  ap_clk      | bd_0_i/hls_inst/inst/grp_encode_fu_453/ap_CS_fsm_reg[7]_1[0]                     | bd_0_i/hls_inst/inst/ap_NS_fsm15_out                                        |               32 |            126 |         3.94 |
|  ap_clk      | bd_0_i/hls_inst/inst/grp_decode_fu_519/ap_CS_fsm_reg[10]_2[0]                    | bd_0_i/hls_inst/inst/ap_NS_fsm15_out                                        |               32 |            126 |         3.94 |
|  ap_clk      | bd_0_i/hls_inst/inst/grp_decode_fu_519/ap_CS_fsm_reg[10]_3[0]                    | bd_0_i/hls_inst/inst/ap_NS_fsm15_out                                        |               34 |            126 |         3.71 |
|  ap_clk      | bd_0_i/hls_inst/inst/grp_encode_fu_453/ap_CS_fsm_state11                         |                                                                             |               22 |            127 |         5.77 |
|  ap_clk      | bd_0_i/hls_inst/inst/grp_decode_fu_519/grp_decode_fu_519_dec_detl_o_ap_vld       |                                                                             |               23 |            142 |         6.17 |
|  ap_clk      | bd_0_i/hls_inst/inst/grp_encode_fu_453/ap_CS_fsm_state5                          |                                                                             |               36 |            158 |         4.39 |
+--------------+----------------------------------------------------------------------------------+-----------------------------------------------------------------------------+------------------+----------------+--------------+


