

================================================================
== Vitis HLS Report for 'main_Pipeline_loop_11'
================================================================
* Date:           Mon Aug 12 18:57:27 2024

* Version:        2023.2 (Build 4023990 on Oct 11 2023)
* Project:        trVecAccum
* Solution:       solution1 (Vivado IP Flow Target)
* Product family: zynq
* Target device:  xc7z020-clg400-1


================================================================
== Performance Estimates
================================================================
+ Timing: 
    * Summary: 
    +--------+---------+----------+------------+
    |  Clock |  Target | Estimated| Uncertainty|
    +--------+---------+----------+------------+
    |ap_clk  |  5.00 ns|  5.091 ns|     1.35 ns|
    +--------+---------+----------+------------+

+ Latency: 
    * Summary: 
    +---------+---------+-----------+-----------+-----+------+---------+
    |  Latency (cycles) |   Latency (absolute)  |  Interval  | Pipeline|
    |   min   |   max   |    min    |    max    | min |  max |   Type  |
    +---------+---------+-----------+-----------+-----+------+---------+
    |        2|     2554|  10.182 ns|  13.002 us|    2|  2554|       no|
    +---------+---------+-----------+-----------+-----+------+---------+

    + Detail: 
        * Instance: 
        N/A

        * Loop: 
        +----------+---------+---------+----------+-----------+-----------+---------+----------+
        |          |  Latency (cycles) | Iteration|  Initiation Interval  |   Trip  |          |
        | Loop Name|   min   |   max   |  Latency |  achieved |   target  |  Count  | Pipelined|
        +----------+---------+---------+----------+-----------+-----------+---------+----------+
        |- loop_1  |        0|     2552|        13|         10|          1|  0 ~ 255|       yes|
        +----------+---------+---------+----------+-----------+-----------+---------+----------+

============================================================
+ Verbose Summary: Synthesis Manager
============================================================
InlineROM: 1
ExposeGlobal: 0
============================================================
+ Verbose Summary: CDFG Model
============================================================
IsTopModel: 0
ResetActiveHigh: 1
IsCombinational: 0
IsDatapathOnly: 0
HasWiredReturn: 1
HasMFsm: 2
HasVarLatency: 1
IsPipeline: 0
IsRtlPipelined: 0
IsInstanceOverlapped: 0
IsDontTouch: 0
HasImplIP: 0
IsGatedGlobalClock: 0

+ Individual pipeline summary: 
  * Pipeline-0: initiation interval (II) = 10, depth = 13


============================================================
+ Verbose Summary: Schedule
============================================================
* Number of FSM states : 13
* Pipeline : 1
  Pipeline-0 : II = 10, D = 13, States = { 1 2 3 4 5 6 7 8 9 10 11 12 13 }
* Dataflow Pipeline: 0

* FSM state transitions: 
1 --> 2 
2 --> 3 
3 --> 4 
4 --> 5 
5 --> 6 
6 --> 7 
7 --> 8 
8 --> 9 
9 --> 10 
10 --> 11 
11 --> 12 
12 --> 13 
13 --> 

* FSM state operations: 

State 1 <SV = 0> <Delay = 5.09>
ST_1 : Operation 16 [1/1] (0.00ns)   --->   "%s = alloca i32 1" [benchmarks/jianyicheng/trVecAccum/src/trVecAccum.cpp:13->benchmarks/jianyicheng/trVecAccum/src/trVecAccum.cpp:43]   --->   Operation 16 'alloca' 's' <Predicate = true> <Delay = 0.00>
ST_1 : Operation 17 [1/1] (0.00ns)   --->   "%j = alloca i32 1" [benchmarks/jianyicheng/trVecAccum/src/trVecAccum.cpp:15->benchmarks/jianyicheng/trVecAccum/src/trVecAccum.cpp:43]   --->   Operation 17 'alloca' 'j' <Predicate = true> <Delay = 0.00>
ST_1 : Operation 18 [1/1] (0.00ns)   --->   "%ii_1_read = read i16 @_ssdm_op_Read.ap_auto.i16, i16 %ii_1"   --->   Operation 18 'read' 'ii_1_read' <Predicate = true> <Delay = 0.00>
ST_1 : Operation 19 [1/1] (0.00ns)   --->   "%i_2_read = read i8 @_ssdm_op_Read.ap_auto.i8, i8 %i_2"   --->   Operation 19 'read' 'i_2_read' <Predicate = true> <Delay = 0.00>
ST_1 : Operation 20 [1/1] (0.00ns)   --->   "%s_1_read = read i32 @_ssdm_op_Read.ap_auto.float, i32 %s_1"   --->   Operation 20 'read' 's_1_read' <Predicate = true> <Delay = 0.00>
ST_1 : Operation 21 [1/1] (1.58ns)   --->   "%store_ln15 = store i8 0, i8 %j" [benchmarks/jianyicheng/trVecAccum/src/trVecAccum.cpp:15->benchmarks/jianyicheng/trVecAccum/src/trVecAccum.cpp:43]   --->   Operation 21 'store' 'store_ln15' <Predicate = true> <Delay = 1.58>
ST_1 : Operation 22 [1/1] (1.58ns)   --->   "%store_ln13 = store i32 %s_1_read, i32 %s" [benchmarks/jianyicheng/trVecAccum/src/trVecAccum.cpp:13->benchmarks/jianyicheng/trVecAccum/src/trVecAccum.cpp:43]   --->   Operation 22 'store' 'store_ln13' <Predicate = true> <Delay = 1.58>
ST_1 : Operation 23 [1/1] (0.00ns)   --->   "%br_ln0 = br void %for.inc.i"   --->   Operation 23 'br' 'br_ln0' <Predicate = true> <Delay = 0.00>
ST_1 : Operation 24 [1/1] (0.00ns)   --->   "%j_1 = load i8 %j" [benchmarks/jianyicheng/trVecAccum/src/trVecAccum.cpp:15->benchmarks/jianyicheng/trVecAccum/src/trVecAccum.cpp:43]   --->   Operation 24 'load' 'j_1' <Predicate = true> <Delay = 0.00>
ST_1 : Operation 25 [1/1] (1.91ns)   --->   "%icmp_ln15 = icmp_eq  i8 %j_1, i8 %i_2_read" [benchmarks/jianyicheng/trVecAccum/src/trVecAccum.cpp:15->benchmarks/jianyicheng/trVecAccum/src/trVecAccum.cpp:43]   --->   Operation 25 'icmp' 'icmp_ln15' <Predicate = true> <Delay = 1.91> <CoreInst = "Cmp">   --->   Core 9 'Cmp' <Latency = 0> <II = 1> <Delay = 1.91> <FuncUnit> <Opcode : 'icmp'> <InPorts = 2> <OutPorts = 1>
ST_1 : Operation 26 [1/1] (1.91ns)   --->   "%add_ln15 = add i8 %j_1, i8 1" [benchmarks/jianyicheng/trVecAccum/src/trVecAccum.cpp:15->benchmarks/jianyicheng/trVecAccum/src/trVecAccum.cpp:43]   --->   Operation 26 'add' 'add_ln15' <Predicate = true> <Delay = 1.91> <CoreInst = "Adder">   --->   Core 1 'Adder' <Latency = 0> <II = 1> <Delay = 1.91> <FuncUnit> <Opcode : 'add' 'sub'> <InPorts = 2> <OutPorts = 1>
ST_1 : Operation 27 [1/1] (0.00ns)   --->   "%br_ln15 = br i1 %icmp_ln15, void %for.inc.i.split, void %for.inc12.i.loopexit.exitStub" [benchmarks/jianyicheng/trVecAccum/src/trVecAccum.cpp:15->benchmarks/jianyicheng/trVecAccum/src/trVecAccum.cpp:43]   --->   Operation 27 'br' 'br_ln15' <Predicate = true> <Delay = 0.00>
ST_1 : Operation 28 [1/1] (0.00ns)   --->   "%tmp_4 = partselect i8 @_ssdm_op_PartSelect.i8.i16.i32.i32, i16 %ii_1_read, i32 8, i32 15" [benchmarks/jianyicheng/trVecAccum/src/trVecAccum.cpp:16->benchmarks/jianyicheng/trVecAccum/src/trVecAccum.cpp:43]   --->   Operation 28 'partselect' 'tmp_4' <Predicate = (!icmp_ln15)> <Delay = 0.00>
ST_1 : Operation 29 [1/1] (0.00ns)   --->   "%add_ln1 = bitconcatenate i16 @_ssdm_op_BitConcatenate.i16.i8.i8, i8 %tmp_4, i8 %j_1" [benchmarks/jianyicheng/trVecAccum/src/trVecAccum.cpp:16->benchmarks/jianyicheng/trVecAccum/src/trVecAccum.cpp:43]   --->   Operation 29 'bitconcatenate' 'add_ln1' <Predicate = (!icmp_ln15)> <Delay = 0.00>
ST_1 : Operation 30 [1/1] (0.00ns)   --->   "%zext_ln16 = zext i16 %add_ln1" [benchmarks/jianyicheng/trVecAccum/src/trVecAccum.cpp:16->benchmarks/jianyicheng/trVecAccum/src/trVecAccum.cpp:43]   --->   Operation 30 'zext' 'zext_ln16' <Predicate = (!icmp_ln15)> <Delay = 0.00>
ST_1 : Operation 31 [1/1] (0.00ns)   --->   "%array_addr = getelementptr i32 %array_r, i64 0, i64 %zext_ln16" [benchmarks/jianyicheng/trVecAccum/src/trVecAccum.cpp:16->benchmarks/jianyicheng/trVecAccum/src/trVecAccum.cpp:43]   --->   Operation 31 'getelementptr' 'array_addr' <Predicate = (!icmp_ln15)> <Delay = 0.00>
ST_1 : Operation 32 [2/2] (3.25ns)   --->   "%array_load = load i16 %array_addr" [benchmarks/jianyicheng/trVecAccum/src/trVecAccum.cpp:16->benchmarks/jianyicheng/trVecAccum/src/trVecAccum.cpp:43]   --->   Operation 32 'load' 'array_load' <Predicate = (!icmp_ln15)> <Delay = 3.25> <CoreInst = "RAM">   --->   Core 82 'RAM' <Latency = 1> <II = 1> <Delay = 3.25> <Storage> <Opcode : 'load' 'store'> <Ports = 2> <Width = 32> <Depth = 65536> <RAM>
ST_1 : Operation 33 [1/1] (1.58ns)   --->   "%store_ln15 = store i8 %add_ln15, i8 %j" [benchmarks/jianyicheng/trVecAccum/src/trVecAccum.cpp:15->benchmarks/jianyicheng/trVecAccum/src/trVecAccum.cpp:43]   --->   Operation 33 'store' 'store_ln15' <Predicate = (!icmp_ln15)> <Delay = 1.58>

State 2 <SV = 1> <Delay = 3.25>
ST_2 : Operation 34 [1/2] (3.25ns)   --->   "%array_load = load i16 %array_addr" [benchmarks/jianyicheng/trVecAccum/src/trVecAccum.cpp:16->benchmarks/jianyicheng/trVecAccum/src/trVecAccum.cpp:43]   --->   Operation 34 'load' 'array_load' <Predicate = (!icmp_ln15)> <Delay = 3.25> <CoreInst = "RAM">   --->   Core 82 'RAM' <Latency = 1> <II = 1> <Delay = 3.25> <Storage> <Opcode : 'load' 'store'> <Ports = 2> <Width = 32> <Depth = 65536> <RAM>

State 3 <SV = 2> <Delay = 3.35>
ST_3 : Operation 35 [1/1] (0.00ns)   --->   "%s_load_1 = load i32 %s" [benchmarks/jianyicheng/trVecAccum/src/trVecAccum.cpp:16->benchmarks/jianyicheng/trVecAccum/src/trVecAccum.cpp:43]   --->   Operation 35 'load' 's_load_1' <Predicate = (!icmp_ln15)> <Delay = 0.00>
ST_3 : Operation 36 [10/10] (3.35ns)   --->   "%s_2 = fadd i32 %s_load_1, i32 %array_load" [benchmarks/jianyicheng/trVecAccum/src/trVecAccum.cpp:16->benchmarks/jianyicheng/trVecAccum/src/trVecAccum.cpp:43]   --->   Operation 36 'fadd' 's_2' <Predicate = (!icmp_ln15)> <Delay = 3.35> <CoreInst = "FAddSub_fulldsp">   --->   Core 18 'FAddSub_fulldsp' <Latency = 9> <II = 1> <Delay = 3.35> <FuncUnit> <Opcode : 'fadd' 'fsub'> <InPorts = 2> <OutPorts = 1>
ST_3 : Operation 51 [1/1] (0.00ns)   --->   "%s_load = load i32 %s"   --->   Operation 51 'load' 's_load' <Predicate = (icmp_ln15)> <Delay = 0.00>
ST_3 : Operation 52 [1/1] (0.00ns)   --->   "%write_ln0 = write void @_ssdm_op_Write.ap_auto.floatP0A, i32 %s_4_out, i32 %s_load"   --->   Operation 52 'write' 'write_ln0' <Predicate = (icmp_ln15)> <Delay = 0.00>
ST_3 : Operation 53 [1/1] (0.00ns)   --->   "%ret_ln0 = ret"   --->   Operation 53 'ret' 'ret_ln0' <Predicate = (icmp_ln15)> <Delay = 0.00>

State 4 <SV = 3> <Delay = 3.35>
ST_4 : Operation 37 [9/10] (3.35ns)   --->   "%s_2 = fadd i32 %s_load_1, i32 %array_load" [benchmarks/jianyicheng/trVecAccum/src/trVecAccum.cpp:16->benchmarks/jianyicheng/trVecAccum/src/trVecAccum.cpp:43]   --->   Operation 37 'fadd' 's_2' <Predicate = (!icmp_ln15)> <Delay = 3.35> <CoreInst = "FAddSub_fulldsp">   --->   Core 18 'FAddSub_fulldsp' <Latency = 9> <II = 1> <Delay = 3.35> <FuncUnit> <Opcode : 'fadd' 'fsub'> <InPorts = 2> <OutPorts = 1>

State 5 <SV = 4> <Delay = 3.35>
ST_5 : Operation 38 [8/10] (3.35ns)   --->   "%s_2 = fadd i32 %s_load_1, i32 %array_load" [benchmarks/jianyicheng/trVecAccum/src/trVecAccum.cpp:16->benchmarks/jianyicheng/trVecAccum/src/trVecAccum.cpp:43]   --->   Operation 38 'fadd' 's_2' <Predicate = (!icmp_ln15)> <Delay = 3.35> <CoreInst = "FAddSub_fulldsp">   --->   Core 18 'FAddSub_fulldsp' <Latency = 9> <II = 1> <Delay = 3.35> <FuncUnit> <Opcode : 'fadd' 'fsub'> <InPorts = 2> <OutPorts = 1>

State 6 <SV = 5> <Delay = 3.35>
ST_6 : Operation 39 [7/10] (3.35ns)   --->   "%s_2 = fadd i32 %s_load_1, i32 %array_load" [benchmarks/jianyicheng/trVecAccum/src/trVecAccum.cpp:16->benchmarks/jianyicheng/trVecAccum/src/trVecAccum.cpp:43]   --->   Operation 39 'fadd' 's_2' <Predicate = (!icmp_ln15)> <Delay = 3.35> <CoreInst = "FAddSub_fulldsp">   --->   Core 18 'FAddSub_fulldsp' <Latency = 9> <II = 1> <Delay = 3.35> <FuncUnit> <Opcode : 'fadd' 'fsub'> <InPorts = 2> <OutPorts = 1>

State 7 <SV = 6> <Delay = 3.35>
ST_7 : Operation 40 [6/10] (3.35ns)   --->   "%s_2 = fadd i32 %s_load_1, i32 %array_load" [benchmarks/jianyicheng/trVecAccum/src/trVecAccum.cpp:16->benchmarks/jianyicheng/trVecAccum/src/trVecAccum.cpp:43]   --->   Operation 40 'fadd' 's_2' <Predicate = (!icmp_ln15)> <Delay = 3.35> <CoreInst = "FAddSub_fulldsp">   --->   Core 18 'FAddSub_fulldsp' <Latency = 9> <II = 1> <Delay = 3.35> <FuncUnit> <Opcode : 'fadd' 'fsub'> <InPorts = 2> <OutPorts = 1>

State 8 <SV = 7> <Delay = 3.35>
ST_8 : Operation 41 [5/10] (3.35ns)   --->   "%s_2 = fadd i32 %s_load_1, i32 %array_load" [benchmarks/jianyicheng/trVecAccum/src/trVecAccum.cpp:16->benchmarks/jianyicheng/trVecAccum/src/trVecAccum.cpp:43]   --->   Operation 41 'fadd' 's_2' <Predicate = (!icmp_ln15)> <Delay = 3.35> <CoreInst = "FAddSub_fulldsp">   --->   Core 18 'FAddSub_fulldsp' <Latency = 9> <II = 1> <Delay = 3.35> <FuncUnit> <Opcode : 'fadd' 'fsub'> <InPorts = 2> <OutPorts = 1>

State 9 <SV = 8> <Delay = 3.35>
ST_9 : Operation 42 [4/10] (3.35ns)   --->   "%s_2 = fadd i32 %s_load_1, i32 %array_load" [benchmarks/jianyicheng/trVecAccum/src/trVecAccum.cpp:16->benchmarks/jianyicheng/trVecAccum/src/trVecAccum.cpp:43]   --->   Operation 42 'fadd' 's_2' <Predicate = (!icmp_ln15)> <Delay = 3.35> <CoreInst = "FAddSub_fulldsp">   --->   Core 18 'FAddSub_fulldsp' <Latency = 9> <II = 1> <Delay = 3.35> <FuncUnit> <Opcode : 'fadd' 'fsub'> <InPorts = 2> <OutPorts = 1>

State 10 <SV = 9> <Delay = 3.35>
ST_10 : Operation 43 [3/10] (3.35ns)   --->   "%s_2 = fadd i32 %s_load_1, i32 %array_load" [benchmarks/jianyicheng/trVecAccum/src/trVecAccum.cpp:16->benchmarks/jianyicheng/trVecAccum/src/trVecAccum.cpp:43]   --->   Operation 43 'fadd' 's_2' <Predicate = (!icmp_ln15)> <Delay = 3.35> <CoreInst = "FAddSub_fulldsp">   --->   Core 18 'FAddSub_fulldsp' <Latency = 9> <II = 1> <Delay = 3.35> <FuncUnit> <Opcode : 'fadd' 'fsub'> <InPorts = 2> <OutPorts = 1>

State 11 <SV = 10> <Delay = 3.35>
ST_11 : Operation 44 [2/10] (3.35ns)   --->   "%s_2 = fadd i32 %s_load_1, i32 %array_load" [benchmarks/jianyicheng/trVecAccum/src/trVecAccum.cpp:16->benchmarks/jianyicheng/trVecAccum/src/trVecAccum.cpp:43]   --->   Operation 44 'fadd' 's_2' <Predicate = true> <Delay = 3.35> <CoreInst = "FAddSub_fulldsp">   --->   Core 18 'FAddSub_fulldsp' <Latency = 9> <II = 1> <Delay = 3.35> <FuncUnit> <Opcode : 'fadd' 'fsub'> <InPorts = 2> <OutPorts = 1>

State 12 <SV = 11> <Delay = 3.35>
ST_12 : Operation 45 [1/10] (3.35ns)   --->   "%s_2 = fadd i32 %s_load_1, i32 %array_load" [benchmarks/jianyicheng/trVecAccum/src/trVecAccum.cpp:16->benchmarks/jianyicheng/trVecAccum/src/trVecAccum.cpp:43]   --->   Operation 45 'fadd' 's_2' <Predicate = true> <Delay = 3.35> <CoreInst = "FAddSub_fulldsp">   --->   Core 18 'FAddSub_fulldsp' <Latency = 9> <II = 1> <Delay = 3.35> <FuncUnit> <Opcode : 'fadd' 'fsub'> <InPorts = 2> <OutPorts = 1>

State 13 <SV = 12> <Delay = 1.58>
ST_13 : Operation 46 [1/1] (0.00ns)   --->   "%specpipeline_ln13 = specpipeline void @_ssdm_op_SpecPipeline, i32 4294967295, i32 0, i32 0, i32 0, void @empty_0" [benchmarks/jianyicheng/trVecAccum/src/trVecAccum.cpp:13->benchmarks/jianyicheng/trVecAccum/src/trVecAccum.cpp:43]   --->   Operation 46 'specpipeline' 'specpipeline_ln13' <Predicate = true> <Delay = 0.00>
ST_13 : Operation 47 [1/1] (0.00ns)   --->   "%speclooptripcount_ln13 = speclooptripcount void @_ssdm_op_SpecLoopTripCount, i64 0, i64 255, i64 127" [benchmarks/jianyicheng/trVecAccum/src/trVecAccum.cpp:13->benchmarks/jianyicheng/trVecAccum/src/trVecAccum.cpp:43]   --->   Operation 47 'speclooptripcount' 'speclooptripcount_ln13' <Predicate = true> <Delay = 0.00>
ST_13 : Operation 48 [1/1] (0.00ns)   --->   "%specloopname_ln15 = specloopname void @_ssdm_op_SpecLoopName, void @empty_2" [benchmarks/jianyicheng/trVecAccum/src/trVecAccum.cpp:15->benchmarks/jianyicheng/trVecAccum/src/trVecAccum.cpp:43]   --->   Operation 48 'specloopname' 'specloopname_ln15' <Predicate = true> <Delay = 0.00>
ST_13 : Operation 49 [1/1] (1.58ns)   --->   "%store_ln13 = store i32 %s_2, i32 %s" [benchmarks/jianyicheng/trVecAccum/src/trVecAccum.cpp:13->benchmarks/jianyicheng/trVecAccum/src/trVecAccum.cpp:43]   --->   Operation 49 'store' 'store_ln13' <Predicate = true> <Delay = 1.58>
ST_13 : Operation 50 [1/1] (0.00ns)   --->   "%br_ln15 = br void %for.inc.i" [benchmarks/jianyicheng/trVecAccum/src/trVecAccum.cpp:15->benchmarks/jianyicheng/trVecAccum/src/trVecAccum.cpp:43]   --->   Operation 50 'br' 'br_ln15' <Predicate = true> <Delay = 0.00>


============================================================
+ Verbose Summary: Timing violations
============================================================
Target clock period: 5.000ns, clock uncertainty: 1.350ns.

 <State 1>: 5.091ns
The critical path consists of the following:
	'store' operation 0 bit ('store_ln15', benchmarks/jianyicheng/trVecAccum/src/trVecAccum.cpp:15->benchmarks/jianyicheng/trVecAccum/src/trVecAccum.cpp:43) of constant 0 on local variable 'j', benchmarks/jianyicheng/trVecAccum/src/trVecAccum.cpp:15->benchmarks/jianyicheng/trVecAccum/src/trVecAccum.cpp:43 [11]  (1.588 ns)
	'load' operation 8 bit ('j', benchmarks/jianyicheng/trVecAccum/src/trVecAccum.cpp:15->benchmarks/jianyicheng/trVecAccum/src/trVecAccum.cpp:43) on local variable 'j', benchmarks/jianyicheng/trVecAccum/src/trVecAccum.cpp:15->benchmarks/jianyicheng/trVecAccum/src/trVecAccum.cpp:43 [15]  (0.000 ns)
	'add' operation 8 bit ('add_ln15', benchmarks/jianyicheng/trVecAccum/src/trVecAccum.cpp:15->benchmarks/jianyicheng/trVecAccum/src/trVecAccum.cpp:43) [17]  (1.915 ns)
	'store' operation 0 bit ('store_ln15', benchmarks/jianyicheng/trVecAccum/src/trVecAccum.cpp:15->benchmarks/jianyicheng/trVecAccum/src/trVecAccum.cpp:43) of variable 'add_ln15', benchmarks/jianyicheng/trVecAccum/src/trVecAccum.cpp:15->benchmarks/jianyicheng/trVecAccum/src/trVecAccum.cpp:43 on local variable 'j', benchmarks/jianyicheng/trVecAccum/src/trVecAccum.cpp:15->benchmarks/jianyicheng/trVecAccum/src/trVecAccum.cpp:43 [30]  (1.588 ns)

 <State 2>: 3.254ns
The critical path consists of the following:
	'load' operation 32 bit ('array_load', benchmarks/jianyicheng/trVecAccum/src/trVecAccum.cpp:16->benchmarks/jianyicheng/trVecAccum/src/trVecAccum.cpp:43) on array 'array_r' [28]  (3.254 ns)

 <State 3>: 3.356ns
The critical path consists of the following:
	'load' operation 32 bit ('s_load_1', benchmarks/jianyicheng/trVecAccum/src/trVecAccum.cpp:16->benchmarks/jianyicheng/trVecAccum/src/trVecAccum.cpp:43) on local variable 's', benchmarks/jianyicheng/trVecAccum/src/trVecAccum.cpp:13->benchmarks/jianyicheng/trVecAccum/src/trVecAccum.cpp:43 [20]  (0.000 ns)
	'fadd' operation 32 bit ('s', benchmarks/jianyicheng/trVecAccum/src/trVecAccum.cpp:16->benchmarks/jianyicheng/trVecAccum/src/trVecAccum.cpp:43) [29]  (3.356 ns)

 <State 4>: 3.356ns
The critical path consists of the following:
	'fadd' operation 32 bit ('s', benchmarks/jianyicheng/trVecAccum/src/trVecAccum.cpp:16->benchmarks/jianyicheng/trVecAccum/src/trVecAccum.cpp:43) [29]  (3.356 ns)

 <State 5>: 3.356ns
The critical path consists of the following:
	'fadd' operation 32 bit ('s', benchmarks/jianyicheng/trVecAccum/src/trVecAccum.cpp:16->benchmarks/jianyicheng/trVecAccum/src/trVecAccum.cpp:43) [29]  (3.356 ns)

 <State 6>: 3.356ns
The critical path consists of the following:
	'fadd' operation 32 bit ('s', benchmarks/jianyicheng/trVecAccum/src/trVecAccum.cpp:16->benchmarks/jianyicheng/trVecAccum/src/trVecAccum.cpp:43) [29]  (3.356 ns)

 <State 7>: 3.356ns
The critical path consists of the following:
	'fadd' operation 32 bit ('s', benchmarks/jianyicheng/trVecAccum/src/trVecAccum.cpp:16->benchmarks/jianyicheng/trVecAccum/src/trVecAccum.cpp:43) [29]  (3.356 ns)

 <State 8>: 3.356ns
The critical path consists of the following:
	'fadd' operation 32 bit ('s', benchmarks/jianyicheng/trVecAccum/src/trVecAccum.cpp:16->benchmarks/jianyicheng/trVecAccum/src/trVecAccum.cpp:43) [29]  (3.356 ns)

 <State 9>: 3.356ns
The critical path consists of the following:
	'fadd' operation 32 bit ('s', benchmarks/jianyicheng/trVecAccum/src/trVecAccum.cpp:16->benchmarks/jianyicheng/trVecAccum/src/trVecAccum.cpp:43) [29]  (3.356 ns)

 <State 10>: 3.356ns
The critical path consists of the following:
	'fadd' operation 32 bit ('s', benchmarks/jianyicheng/trVecAccum/src/trVecAccum.cpp:16->benchmarks/jianyicheng/trVecAccum/src/trVecAccum.cpp:43) [29]  (3.356 ns)

 <State 11>: 3.356ns
The critical path consists of the following:
	'fadd' operation 32 bit ('s', benchmarks/jianyicheng/trVecAccum/src/trVecAccum.cpp:16->benchmarks/jianyicheng/trVecAccum/src/trVecAccum.cpp:43) [29]  (3.356 ns)

 <State 12>: 3.356ns
The critical path consists of the following:
	'fadd' operation 32 bit ('s', benchmarks/jianyicheng/trVecAccum/src/trVecAccum.cpp:16->benchmarks/jianyicheng/trVecAccum/src/trVecAccum.cpp:43) [29]  (3.356 ns)

 <State 13>: 1.588ns
The critical path consists of the following:
	'store' operation 0 bit ('store_ln13', benchmarks/jianyicheng/trVecAccum/src/trVecAccum.cpp:13->benchmarks/jianyicheng/trVecAccum/src/trVecAccum.cpp:43) of variable 's', benchmarks/jianyicheng/trVecAccum/src/trVecAccum.cpp:16->benchmarks/jianyicheng/trVecAccum/src/trVecAccum.cpp:43 on local variable 's', benchmarks/jianyicheng/trVecAccum/src/trVecAccum.cpp:13->benchmarks/jianyicheng/trVecAccum/src/trVecAccum.cpp:43 [31]  (1.588 ns)


============================================================
+ Verbose Summary: Binding
============================================================
N/A
* FSMD analyzer results:
  - Output states:
 - Input state : 
  - Chain level:
	State 1
	State 2
	State 3
	State 4
	State 5
	State 6
	State 7
	State 8
	State 9
	State 10
	State 11
	State 12
	State 13


============================================================
+ Verbose Summary: Datapath Resource usage 
============================================================
N/A
