

================================================================
== Vitis HLS Report for 'levmarq_Pipeline_VITIS_LOOP_19_3'
================================================================
* Date:           Mon Aug 12 18:55:23 2024

* Version:        2023.2 (Build 4023990 on Oct 11 2023)
* Project:        levmarq
* Solution:       solution1 (Vivado IP Flow Target)
* Product family: zynq
* Target device:  xc7z020-clg400-1


================================================================
== Performance Estimates
================================================================
+ Timing: 
    * Summary: 
    +--------+---------+----------+------------+
    |  Clock |  Target | Estimated| Uncertainty|
    +--------+---------+----------+------------+
    |ap_clk  |  5.00 ns|  5.091 ns|     1.35 ns|
    +--------+---------+----------+------------+

+ Latency: 
    * Summary: 
    +---------+---------+----------+----------+-----+-----+---------+
    |  Latency (cycles) |  Latency (absolute) |  Interval | Pipeline|
    |   min   |   max   |    min   |    max   | min | max |   Type  |
    +---------+---------+----------+----------+-----+-----+---------+
    |       30|      157|  0.153 us|  0.799 us|   30|  157|       no|
    +---------+---------+----------+----------+-----+-----+---------+

    + Detail: 
        * Instance: 
        N/A

        * Loop: 
        +-------------------+---------+---------+----------+-----------+-----------+---------+----------+
        |                   |  Latency (cycles) | Iteration|  Initiation Interval  |   Trip  |          |
        |     Loop Name     |   min   |   max   |  Latency |  achieved |   target  |  Count  | Pipelined|
        +-------------------+---------+---------+----------+-----------+-----------+---------+----------+
        |- VITIS_LOOP_19_3  |       28|      155|        29|          1|          1|  1 ~ 128|       yes|
        +-------------------+---------+---------+----------+-----------+-----------+---------+----------+

============================================================
+ Verbose Summary: Synthesis Manager
============================================================
InlineROM: 1
ExposeGlobal: 0
============================================================
+ Verbose Summary: CDFG Model
============================================================
IsTopModel: 0
ResetActiveHigh: 1
IsCombinational: 0
IsDatapathOnly: 0
HasWiredReturn: 1
HasMFsm: 2
HasVarLatency: 1
IsPipeline: 0
IsRtlPipelined: 0
IsInstanceOverlapped: 0
IsDontTouch: 0
HasImplIP: 0
IsGatedGlobalClock: 0

+ Individual pipeline summary: 
  * Pipeline-0: initiation interval (II) = 1, depth = 29


============================================================
+ Verbose Summary: Schedule
============================================================
* Number of FSM states : 29
* Pipeline : 1
  Pipeline-0 : II = 1, D = 29, States = { 1 2 3 4 5 6 7 8 9 10 11 12 13 14 15 16 17 18 19 20 21 22 23 24 25 26 27 28 29 }
* Dataflow Pipeline: 0

* FSM state transitions: 
1 --> 2 
2 --> 3 
3 --> 4 
4 --> 5 
5 --> 6 
6 --> 7 
7 --> 8 
8 --> 9 
9 --> 10 
10 --> 11 
11 --> 12 
12 --> 13 
13 --> 14 
14 --> 15 
15 --> 16 
16 --> 17 
17 --> 18 
18 --> 19 
19 --> 20 
20 --> 21 
21 --> 22 
22 --> 23 
23 --> 24 
24 --> 25 
25 --> 26 
26 --> 27 
27 --> 28 
28 --> 29 
29 --> 

* FSM state operations: 

State 1 <SV = 0> <Delay = 5.09>
ST_1 : Operation 32 [1/1] (0.00ns)   --->   "%j = alloca i32 1" [benchmarks/jianyicheng/levmarq/src/levmarq.cpp:19]   --->   Operation 32 'alloca' 'j' <Predicate = true> <Delay = 0.00>
ST_1 : Operation 33 [1/1] (0.00ns)   --->   "%tmp_1_read = read i14 @_ssdm_op_Read.ap_auto.i14, i14 %tmp_1"   --->   Operation 33 'read' 'tmp_1_read' <Predicate = true> <Delay = 0.00>
ST_1 : Operation 34 [1/1] (0.00ns)   --->   "%weight_read = read i32 @_ssdm_op_Read.ap_auto.float, i32 %weight"   --->   Operation 34 'read' 'weight_read' <Predicate = true> <Delay = 0.00>
ST_1 : Operation 35 [1/1] (0.00ns)   --->   "%x_read = read i32 @_ssdm_op_Read.ap_auto.float, i32 %x_s"   --->   Operation 35 'read' 'x_read' <Predicate = true> <Delay = 0.00>
ST_1 : Operation 36 [1/1] (0.00ns)   --->   "%indvars_iv7_read = read i8 @_ssdm_op_Read.ap_auto.i8, i8 %indvars_iv7"   --->   Operation 36 'read' 'indvars_iv7_read' <Predicate = true> <Delay = 0.00>
ST_1 : Operation 37 [1/1] (1.58ns)   --->   "%store_ln19 = store i8 0, i8 %j" [benchmarks/jianyicheng/levmarq/src/levmarq.cpp:19]   --->   Operation 37 'store' 'store_ln19' <Predicate = true> <Delay = 1.58>
ST_1 : Operation 38 [1/1] (0.00ns)   --->   "%br_ln0 = br void %for.inc"   --->   Operation 38 'br' 'br_ln0' <Predicate = true> <Delay = 0.00>
ST_1 : Operation 39 [1/1] (0.00ns)   --->   "%j_1 = load i8 %j" [benchmarks/jianyicheng/levmarq/src/levmarq.cpp:19]   --->   Operation 39 'load' 'j_1' <Predicate = true> <Delay = 0.00>
ST_1 : Operation 40 [1/1] (1.91ns)   --->   "%icmp_ln19 = icmp_eq  i8 %j_1, i8 %indvars_iv7_read" [benchmarks/jianyicheng/levmarq/src/levmarq.cpp:19]   --->   Operation 40 'icmp' 'icmp_ln19' <Predicate = true> <Delay = 1.91> <CoreInst = "Cmp">   --->   Core 9 'Cmp' <Latency = 0> <II = 1> <Delay = 1.91> <FuncUnit> <Opcode : 'icmp'> <InPorts = 2> <OutPorts = 1>
ST_1 : Operation 41 [1/1] (1.91ns)   --->   "%add_ln19 = add i8 %j_1, i8 1" [benchmarks/jianyicheng/levmarq/src/levmarq.cpp:19]   --->   Operation 41 'add' 'add_ln19' <Predicate = true> <Delay = 1.91> <CoreInst = "Adder">   --->   Core 1 'Adder' <Latency = 0> <II = 1> <Delay = 1.91> <FuncUnit> <Opcode : 'add' 'sub'> <InPorts = 2> <OutPorts = 1>
ST_1 : Operation 42 [1/1] (0.00ns)   --->   "%br_ln19 = br i1 %icmp_ln19, void %for.inc.split, void %for.inc29.exitStub" [benchmarks/jianyicheng/levmarq/src/levmarq.cpp:19]   --->   Operation 42 'br' 'br_ln19' <Predicate = true> <Delay = 0.00>
ST_1 : Operation 43 [1/1] (0.00ns)   --->   "%zext_ln19 = zext i8 %j_1" [benchmarks/jianyicheng/levmarq/src/levmarq.cpp:19]   --->   Operation 43 'zext' 'zext_ln19' <Predicate = (!icmp_ln19)> <Delay = 0.00>
ST_1 : Operation 44 [1/1] (0.00ns)   --->   "%zext_ln19_1 = zext i8 %j_1" [benchmarks/jianyicheng/levmarq/src/levmarq.cpp:19]   --->   Operation 44 'zext' 'zext_ln19_1' <Predicate = (!icmp_ln19)> <Delay = 0.00>
ST_1 : Operation 45 [1/1] (0.00ns)   --->   "%g_addr = getelementptr i32 %g, i64 0, i64 %zext_ln19" [benchmarks/jianyicheng/levmarq/src/levmarq.cpp:20]   --->   Operation 45 'getelementptr' 'g_addr' <Predicate = (!icmp_ln19)> <Delay = 0.00>
ST_1 : Operation 46 [2/2] (3.25ns)   --->   "%g_load = load i7 %g_addr" [benchmarks/jianyicheng/levmarq/src/levmarq.cpp:20]   --->   Operation 46 'load' 'g_load' <Predicate = (!icmp_ln19)> <Delay = 3.25> <CoreInst = "RAM">   --->   Core 82 'RAM' <Latency = 1> <II = 1> <Delay = 3.25> <Storage> <Opcode : 'load' 'store'> <Ports = 2> <Width = 32> <Depth = 128> <RAM>
ST_1 : Operation 47 [1/1] (1.81ns)   --->   "%add_ln20 = add i14 %zext_ln19_1, i14 %tmp_1_read" [benchmarks/jianyicheng/levmarq/src/levmarq.cpp:20]   --->   Operation 47 'add' 'add_ln20' <Predicate = (!icmp_ln19)> <Delay = 1.81> <CoreInst = "Adder">   --->   Core 1 'Adder' <Latency = 0> <II = 1> <Delay = 1.81> <FuncUnit> <Opcode : 'add' 'sub'> <InPorts = 2> <OutPorts = 1>
ST_1 : Operation 48 [1/1] (1.58ns)   --->   "%store_ln19 = store i8 %add_ln19, i8 %j" [benchmarks/jianyicheng/levmarq/src/levmarq.cpp:19]   --->   Operation 48 'store' 'store_ln19' <Predicate = (!icmp_ln19)> <Delay = 1.58>

State 2 <SV = 1> <Delay = 3.25>
ST_2 : Operation 49 [1/2] (3.25ns)   --->   "%g_load = load i7 %g_addr" [benchmarks/jianyicheng/levmarq/src/levmarq.cpp:20]   --->   Operation 49 'load' 'g_load' <Predicate = true> <Delay = 3.25> <CoreInst = "RAM">   --->   Core 82 'RAM' <Latency = 1> <II = 1> <Delay = 3.25> <Storage> <Opcode : 'load' 'store'> <Ports = 2> <Width = 32> <Depth = 128> <RAM>

State 3 <SV = 2> <Delay = 2.56>
ST_3 : Operation 50 [8/8] (2.56ns)   --->   "%mul = fmul i32 %x_read, i32 %g_load" [benchmarks/jianyicheng/levmarq/src/levmarq.cpp:20]   --->   Operation 50 'fmul' 'mul' <Predicate = true> <Delay = 2.56> <CoreInst = "FMul_maxdsp">   --->   Core 30 'FMul_maxdsp' <Latency = 7> <II = 1> <Delay = 2.56> <FuncUnit> <Opcode : 'fmul'> <InPorts = 2> <OutPorts = 1>

State 4 <SV = 3> <Delay = 2.56>
ST_4 : Operation 51 [7/8] (2.56ns)   --->   "%mul = fmul i32 %x_read, i32 %g_load" [benchmarks/jianyicheng/levmarq/src/levmarq.cpp:20]   --->   Operation 51 'fmul' 'mul' <Predicate = true> <Delay = 2.56> <CoreInst = "FMul_maxdsp">   --->   Core 30 'FMul_maxdsp' <Latency = 7> <II = 1> <Delay = 2.56> <FuncUnit> <Opcode : 'fmul'> <InPorts = 2> <OutPorts = 1>

State 5 <SV = 4> <Delay = 2.56>
ST_5 : Operation 52 [6/8] (2.56ns)   --->   "%mul = fmul i32 %x_read, i32 %g_load" [benchmarks/jianyicheng/levmarq/src/levmarq.cpp:20]   --->   Operation 52 'fmul' 'mul' <Predicate = true> <Delay = 2.56> <CoreInst = "FMul_maxdsp">   --->   Core 30 'FMul_maxdsp' <Latency = 7> <II = 1> <Delay = 2.56> <FuncUnit> <Opcode : 'fmul'> <InPorts = 2> <OutPorts = 1>

State 6 <SV = 5> <Delay = 2.56>
ST_6 : Operation 53 [5/8] (2.56ns)   --->   "%mul = fmul i32 %x_read, i32 %g_load" [benchmarks/jianyicheng/levmarq/src/levmarq.cpp:20]   --->   Operation 53 'fmul' 'mul' <Predicate = true> <Delay = 2.56> <CoreInst = "FMul_maxdsp">   --->   Core 30 'FMul_maxdsp' <Latency = 7> <II = 1> <Delay = 2.56> <FuncUnit> <Opcode : 'fmul'> <InPorts = 2> <OutPorts = 1>

State 7 <SV = 6> <Delay = 2.56>
ST_7 : Operation 54 [4/8] (2.56ns)   --->   "%mul = fmul i32 %x_read, i32 %g_load" [benchmarks/jianyicheng/levmarq/src/levmarq.cpp:20]   --->   Operation 54 'fmul' 'mul' <Predicate = true> <Delay = 2.56> <CoreInst = "FMul_maxdsp">   --->   Core 30 'FMul_maxdsp' <Latency = 7> <II = 1> <Delay = 2.56> <FuncUnit> <Opcode : 'fmul'> <InPorts = 2> <OutPorts = 1>

State 8 <SV = 7> <Delay = 2.56>
ST_8 : Operation 55 [3/8] (2.56ns)   --->   "%mul = fmul i32 %x_read, i32 %g_load" [benchmarks/jianyicheng/levmarq/src/levmarq.cpp:20]   --->   Operation 55 'fmul' 'mul' <Predicate = true> <Delay = 2.56> <CoreInst = "FMul_maxdsp">   --->   Core 30 'FMul_maxdsp' <Latency = 7> <II = 1> <Delay = 2.56> <FuncUnit> <Opcode : 'fmul'> <InPorts = 2> <OutPorts = 1>

State 9 <SV = 8> <Delay = 2.56>
ST_9 : Operation 56 [2/8] (2.56ns)   --->   "%mul = fmul i32 %x_read, i32 %g_load" [benchmarks/jianyicheng/levmarq/src/levmarq.cpp:20]   --->   Operation 56 'fmul' 'mul' <Predicate = true> <Delay = 2.56> <CoreInst = "FMul_maxdsp">   --->   Core 30 'FMul_maxdsp' <Latency = 7> <II = 1> <Delay = 2.56> <FuncUnit> <Opcode : 'fmul'> <InPorts = 2> <OutPorts = 1>

State 10 <SV = 9> <Delay = 2.56>
ST_10 : Operation 57 [1/8] (2.56ns)   --->   "%mul = fmul i32 %x_read, i32 %g_load" [benchmarks/jianyicheng/levmarq/src/levmarq.cpp:20]   --->   Operation 57 'fmul' 'mul' <Predicate = true> <Delay = 2.56> <CoreInst = "FMul_maxdsp">   --->   Core 30 'FMul_maxdsp' <Latency = 7> <II = 1> <Delay = 2.56> <FuncUnit> <Opcode : 'fmul'> <InPorts = 2> <OutPorts = 1>

State 11 <SV = 10> <Delay = 2.56>
ST_11 : Operation 58 [8/8] (2.56ns)   --->   "%mul1 = fmul i32 %mul, i32 %weight_read" [benchmarks/jianyicheng/levmarq/src/levmarq.cpp:20]   --->   Operation 58 'fmul' 'mul1' <Predicate = true> <Delay = 2.56> <CoreInst = "FMul_maxdsp">   --->   Core 30 'FMul_maxdsp' <Latency = 7> <II = 1> <Delay = 2.56> <FuncUnit> <Opcode : 'fmul'> <InPorts = 2> <OutPorts = 1>

State 12 <SV = 11> <Delay = 2.56>
ST_12 : Operation 59 [7/8] (2.56ns)   --->   "%mul1 = fmul i32 %mul, i32 %weight_read" [benchmarks/jianyicheng/levmarq/src/levmarq.cpp:20]   --->   Operation 59 'fmul' 'mul1' <Predicate = true> <Delay = 2.56> <CoreInst = "FMul_maxdsp">   --->   Core 30 'FMul_maxdsp' <Latency = 7> <II = 1> <Delay = 2.56> <FuncUnit> <Opcode : 'fmul'> <InPorts = 2> <OutPorts = 1>

State 13 <SV = 12> <Delay = 2.56>
ST_13 : Operation 60 [6/8] (2.56ns)   --->   "%mul1 = fmul i32 %mul, i32 %weight_read" [benchmarks/jianyicheng/levmarq/src/levmarq.cpp:20]   --->   Operation 60 'fmul' 'mul1' <Predicate = true> <Delay = 2.56> <CoreInst = "FMul_maxdsp">   --->   Core 30 'FMul_maxdsp' <Latency = 7> <II = 1> <Delay = 2.56> <FuncUnit> <Opcode : 'fmul'> <InPorts = 2> <OutPorts = 1>

State 14 <SV = 13> <Delay = 2.56>
ST_14 : Operation 61 [5/8] (2.56ns)   --->   "%mul1 = fmul i32 %mul, i32 %weight_read" [benchmarks/jianyicheng/levmarq/src/levmarq.cpp:20]   --->   Operation 61 'fmul' 'mul1' <Predicate = true> <Delay = 2.56> <CoreInst = "FMul_maxdsp">   --->   Core 30 'FMul_maxdsp' <Latency = 7> <II = 1> <Delay = 2.56> <FuncUnit> <Opcode : 'fmul'> <InPorts = 2> <OutPorts = 1>

State 15 <SV = 14> <Delay = 2.56>
ST_15 : Operation 62 [4/8] (2.56ns)   --->   "%mul1 = fmul i32 %mul, i32 %weight_read" [benchmarks/jianyicheng/levmarq/src/levmarq.cpp:20]   --->   Operation 62 'fmul' 'mul1' <Predicate = true> <Delay = 2.56> <CoreInst = "FMul_maxdsp">   --->   Core 30 'FMul_maxdsp' <Latency = 7> <II = 1> <Delay = 2.56> <FuncUnit> <Opcode : 'fmul'> <InPorts = 2> <OutPorts = 1>

State 16 <SV = 15> <Delay = 2.56>
ST_16 : Operation 63 [3/8] (2.56ns)   --->   "%mul1 = fmul i32 %mul, i32 %weight_read" [benchmarks/jianyicheng/levmarq/src/levmarq.cpp:20]   --->   Operation 63 'fmul' 'mul1' <Predicate = true> <Delay = 2.56> <CoreInst = "FMul_maxdsp">   --->   Core 30 'FMul_maxdsp' <Latency = 7> <II = 1> <Delay = 2.56> <FuncUnit> <Opcode : 'fmul'> <InPorts = 2> <OutPorts = 1>

State 17 <SV = 16> <Delay = 3.25>
ST_17 : Operation 64 [2/8] (2.56ns)   --->   "%mul1 = fmul i32 %mul, i32 %weight_read" [benchmarks/jianyicheng/levmarq/src/levmarq.cpp:20]   --->   Operation 64 'fmul' 'mul1' <Predicate = true> <Delay = 2.56> <CoreInst = "FMul_maxdsp">   --->   Core 30 'FMul_maxdsp' <Latency = 7> <II = 1> <Delay = 2.56> <FuncUnit> <Opcode : 'fmul'> <InPorts = 2> <OutPorts = 1>
ST_17 : Operation 65 [1/1] (0.00ns)   --->   "%zext_ln20 = zext i14 %add_ln20" [benchmarks/jianyicheng/levmarq/src/levmarq.cpp:20]   --->   Operation 65 'zext' 'zext_ln20' <Predicate = true> <Delay = 0.00>
ST_17 : Operation 66 [1/1] (0.00ns)   --->   "%h_addr = getelementptr i32 %h, i64 0, i64 %zext_ln20" [benchmarks/jianyicheng/levmarq/src/levmarq.cpp:20]   --->   Operation 66 'getelementptr' 'h_addr' <Predicate = true> <Delay = 0.00>
ST_17 : Operation 67 [2/2] (3.25ns)   --->   "%h_load = load i14 %h_addr" [benchmarks/jianyicheng/levmarq/src/levmarq.cpp:20]   --->   Operation 67 'load' 'h_load' <Predicate = true> <Delay = 3.25> <CoreInst = "RAM">   --->   Core 82 'RAM' <Latency = 1> <II = 1> <Delay = 3.25> <Storage> <Opcode : 'load' 'store'> <Ports = 2> <Width = 32> <Depth = 16384> <RAM>

State 18 <SV = 17> <Delay = 3.25>
ST_18 : Operation 68 [1/8] (2.56ns)   --->   "%mul1 = fmul i32 %mul, i32 %weight_read" [benchmarks/jianyicheng/levmarq/src/levmarq.cpp:20]   --->   Operation 68 'fmul' 'mul1' <Predicate = true> <Delay = 2.56> <CoreInst = "FMul_maxdsp">   --->   Core 30 'FMul_maxdsp' <Latency = 7> <II = 1> <Delay = 2.56> <FuncUnit> <Opcode : 'fmul'> <InPorts = 2> <OutPorts = 1>
ST_18 : Operation 69 [1/2] (3.25ns)   --->   "%h_load = load i14 %h_addr" [benchmarks/jianyicheng/levmarq/src/levmarq.cpp:20]   --->   Operation 69 'load' 'h_load' <Predicate = true> <Delay = 3.25> <CoreInst = "RAM">   --->   Core 82 'RAM' <Latency = 1> <II = 1> <Delay = 3.25> <Storage> <Opcode : 'load' 'store'> <Ports = 2> <Width = 32> <Depth = 16384> <RAM>

State 19 <SV = 18> <Delay = 3.35>
ST_19 : Operation 70 [10/10] (3.35ns)   --->   "%add1 = fadd i32 %h_load, i32 %mul1" [benchmarks/jianyicheng/levmarq/src/levmarq.cpp:20]   --->   Operation 70 'fadd' 'add1' <Predicate = true> <Delay = 3.35> <CoreInst = "FAddSub_fulldsp">   --->   Core 18 'FAddSub_fulldsp' <Latency = 9> <II = 1> <Delay = 3.35> <FuncUnit> <Opcode : 'fadd' 'fsub'> <InPorts = 2> <OutPorts = 1>

State 20 <SV = 19> <Delay = 3.35>
ST_20 : Operation 71 [9/10] (3.35ns)   --->   "%add1 = fadd i32 %h_load, i32 %mul1" [benchmarks/jianyicheng/levmarq/src/levmarq.cpp:20]   --->   Operation 71 'fadd' 'add1' <Predicate = true> <Delay = 3.35> <CoreInst = "FAddSub_fulldsp">   --->   Core 18 'FAddSub_fulldsp' <Latency = 9> <II = 1> <Delay = 3.35> <FuncUnit> <Opcode : 'fadd' 'fsub'> <InPorts = 2> <OutPorts = 1>

State 21 <SV = 20> <Delay = 3.35>
ST_21 : Operation 72 [8/10] (3.35ns)   --->   "%add1 = fadd i32 %h_load, i32 %mul1" [benchmarks/jianyicheng/levmarq/src/levmarq.cpp:20]   --->   Operation 72 'fadd' 'add1' <Predicate = true> <Delay = 3.35> <CoreInst = "FAddSub_fulldsp">   --->   Core 18 'FAddSub_fulldsp' <Latency = 9> <II = 1> <Delay = 3.35> <FuncUnit> <Opcode : 'fadd' 'fsub'> <InPorts = 2> <OutPorts = 1>

State 22 <SV = 21> <Delay = 3.35>
ST_22 : Operation 73 [7/10] (3.35ns)   --->   "%add1 = fadd i32 %h_load, i32 %mul1" [benchmarks/jianyicheng/levmarq/src/levmarq.cpp:20]   --->   Operation 73 'fadd' 'add1' <Predicate = true> <Delay = 3.35> <CoreInst = "FAddSub_fulldsp">   --->   Core 18 'FAddSub_fulldsp' <Latency = 9> <II = 1> <Delay = 3.35> <FuncUnit> <Opcode : 'fadd' 'fsub'> <InPorts = 2> <OutPorts = 1>

State 23 <SV = 22> <Delay = 3.35>
ST_23 : Operation 74 [6/10] (3.35ns)   --->   "%add1 = fadd i32 %h_load, i32 %mul1" [benchmarks/jianyicheng/levmarq/src/levmarq.cpp:20]   --->   Operation 74 'fadd' 'add1' <Predicate = true> <Delay = 3.35> <CoreInst = "FAddSub_fulldsp">   --->   Core 18 'FAddSub_fulldsp' <Latency = 9> <II = 1> <Delay = 3.35> <FuncUnit> <Opcode : 'fadd' 'fsub'> <InPorts = 2> <OutPorts = 1>

State 24 <SV = 23> <Delay = 3.35>
ST_24 : Operation 75 [5/10] (3.35ns)   --->   "%add1 = fadd i32 %h_load, i32 %mul1" [benchmarks/jianyicheng/levmarq/src/levmarq.cpp:20]   --->   Operation 75 'fadd' 'add1' <Predicate = true> <Delay = 3.35> <CoreInst = "FAddSub_fulldsp">   --->   Core 18 'FAddSub_fulldsp' <Latency = 9> <II = 1> <Delay = 3.35> <FuncUnit> <Opcode : 'fadd' 'fsub'> <InPorts = 2> <OutPorts = 1>

State 25 <SV = 24> <Delay = 3.35>
ST_25 : Operation 76 [4/10] (3.35ns)   --->   "%add1 = fadd i32 %h_load, i32 %mul1" [benchmarks/jianyicheng/levmarq/src/levmarq.cpp:20]   --->   Operation 76 'fadd' 'add1' <Predicate = true> <Delay = 3.35> <CoreInst = "FAddSub_fulldsp">   --->   Core 18 'FAddSub_fulldsp' <Latency = 9> <II = 1> <Delay = 3.35> <FuncUnit> <Opcode : 'fadd' 'fsub'> <InPorts = 2> <OutPorts = 1>

State 26 <SV = 25> <Delay = 3.35>
ST_26 : Operation 77 [3/10] (3.35ns)   --->   "%add1 = fadd i32 %h_load, i32 %mul1" [benchmarks/jianyicheng/levmarq/src/levmarq.cpp:20]   --->   Operation 77 'fadd' 'add1' <Predicate = true> <Delay = 3.35> <CoreInst = "FAddSub_fulldsp">   --->   Core 18 'FAddSub_fulldsp' <Latency = 9> <II = 1> <Delay = 3.35> <FuncUnit> <Opcode : 'fadd' 'fsub'> <InPorts = 2> <OutPorts = 1>

State 27 <SV = 26> <Delay = 3.35>
ST_27 : Operation 78 [2/10] (3.35ns)   --->   "%add1 = fadd i32 %h_load, i32 %mul1" [benchmarks/jianyicheng/levmarq/src/levmarq.cpp:20]   --->   Operation 78 'fadd' 'add1' <Predicate = true> <Delay = 3.35> <CoreInst = "FAddSub_fulldsp">   --->   Core 18 'FAddSub_fulldsp' <Latency = 9> <II = 1> <Delay = 3.35> <FuncUnit> <Opcode : 'fadd' 'fsub'> <InPorts = 2> <OutPorts = 1>

State 28 <SV = 27> <Delay = 3.35>
ST_28 : Operation 79 [1/10] (3.35ns)   --->   "%add1 = fadd i32 %h_load, i32 %mul1" [benchmarks/jianyicheng/levmarq/src/levmarq.cpp:20]   --->   Operation 79 'fadd' 'add1' <Predicate = true> <Delay = 3.35> <CoreInst = "FAddSub_fulldsp">   --->   Core 18 'FAddSub_fulldsp' <Latency = 9> <II = 1> <Delay = 3.35> <FuncUnit> <Opcode : 'fadd' 'fsub'> <InPorts = 2> <OutPorts = 1>
ST_28 : Operation 85 [1/1] (0.00ns)   --->   "%ret_ln0 = ret"   --->   Operation 85 'ret' 'ret_ln0' <Predicate = (icmp_ln19)> <Delay = 0.00>

State 29 <SV = 28> <Delay = 3.25>
ST_29 : Operation 80 [1/1] (0.00ns)   --->   "%specpipeline_ln19 = specpipeline void @_ssdm_op_SpecPipeline, i32 4294967295, i32 0, i32 0, i32 0, void @empty_0" [benchmarks/jianyicheng/levmarq/src/levmarq.cpp:19]   --->   Operation 80 'specpipeline' 'specpipeline_ln19' <Predicate = true> <Delay = 0.00>
ST_29 : Operation 81 [1/1] (0.00ns)   --->   "%speclooptripcount_ln19 = speclooptripcount void @_ssdm_op_SpecLoopTripCount, i64 1, i64 128, i64 64" [benchmarks/jianyicheng/levmarq/src/levmarq.cpp:19]   --->   Operation 81 'speclooptripcount' 'speclooptripcount_ln19' <Predicate = true> <Delay = 0.00>
ST_29 : Operation 82 [1/1] (0.00ns)   --->   "%specloopname_ln19 = specloopname void @_ssdm_op_SpecLoopName, void @empty_4" [benchmarks/jianyicheng/levmarq/src/levmarq.cpp:19]   --->   Operation 82 'specloopname' 'specloopname_ln19' <Predicate = true> <Delay = 0.00>
ST_29 : Operation 83 [1/1] (3.25ns)   --->   "%store_ln20 = store i32 %add1, i14 %h_addr" [benchmarks/jianyicheng/levmarq/src/levmarq.cpp:20]   --->   Operation 83 'store' 'store_ln20' <Predicate = true> <Delay = 3.25> <CoreInst = "RAM">   --->   Core 82 'RAM' <Latency = 1> <II = 1> <Delay = 3.25> <Storage> <Opcode : 'load' 'store'> <Ports = 2> <Width = 32> <Depth = 16384> <RAM>
ST_29 : Operation 84 [1/1] (0.00ns)   --->   "%br_ln19 = br void %for.inc" [benchmarks/jianyicheng/levmarq/src/levmarq.cpp:19]   --->   Operation 84 'br' 'br_ln19' <Predicate = true> <Delay = 0.00>


============================================================
+ Verbose Summary: Timing violations
============================================================
Target clock period: 5.000ns, clock uncertainty: 1.350ns.

 <State 1>: 5.091ns
The critical path consists of the following:
	'store' operation 0 bit ('store_ln19', benchmarks/jianyicheng/levmarq/src/levmarq.cpp:19) of constant 0 on local variable 'j', benchmarks/jianyicheng/levmarq/src/levmarq.cpp:19 [12]  (1.588 ns)
	'load' operation 8 bit ('j', benchmarks/jianyicheng/levmarq/src/levmarq.cpp:19) on local variable 'j', benchmarks/jianyicheng/levmarq/src/levmarq.cpp:19 [15]  (0.000 ns)
	'icmp' operation 1 bit ('icmp_ln19', benchmarks/jianyicheng/levmarq/src/levmarq.cpp:19) [16]  (1.915 ns)
	'store' operation 0 bit ('store_ln19', benchmarks/jianyicheng/levmarq/src/levmarq.cpp:19) of variable 'add_ln19', benchmarks/jianyicheng/levmarq/src/levmarq.cpp:19 on local variable 'j', benchmarks/jianyicheng/levmarq/src/levmarq.cpp:19 [35]  (1.588 ns)

 <State 2>: 3.254ns
The critical path consists of the following:
	'load' operation 32 bit ('g_load', benchmarks/jianyicheng/levmarq/src/levmarq.cpp:20) on array 'g' [26]  (3.254 ns)

 <State 3>: 2.566ns
The critical path consists of the following:
	'fmul' operation 32 bit ('mul', benchmarks/jianyicheng/levmarq/src/levmarq.cpp:20) [27]  (2.566 ns)

 <State 4>: 2.566ns
The critical path consists of the following:
	'fmul' operation 32 bit ('mul', benchmarks/jianyicheng/levmarq/src/levmarq.cpp:20) [27]  (2.566 ns)

 <State 5>: 2.566ns
The critical path consists of the following:
	'fmul' operation 32 bit ('mul', benchmarks/jianyicheng/levmarq/src/levmarq.cpp:20) [27]  (2.566 ns)

 <State 6>: 2.566ns
The critical path consists of the following:
	'fmul' operation 32 bit ('mul', benchmarks/jianyicheng/levmarq/src/levmarq.cpp:20) [27]  (2.566 ns)

 <State 7>: 2.566ns
The critical path consists of the following:
	'fmul' operation 32 bit ('mul', benchmarks/jianyicheng/levmarq/src/levmarq.cpp:20) [27]  (2.566 ns)

 <State 8>: 2.566ns
The critical path consists of the following:
	'fmul' operation 32 bit ('mul', benchmarks/jianyicheng/levmarq/src/levmarq.cpp:20) [27]  (2.566 ns)

 <State 9>: 2.566ns
The critical path consists of the following:
	'fmul' operation 32 bit ('mul', benchmarks/jianyicheng/levmarq/src/levmarq.cpp:20) [27]  (2.566 ns)

 <State 10>: 2.566ns
The critical path consists of the following:
	'fmul' operation 32 bit ('mul', benchmarks/jianyicheng/levmarq/src/levmarq.cpp:20) [27]  (2.566 ns)

 <State 11>: 2.566ns
The critical path consists of the following:
	'fmul' operation 32 bit ('mul1', benchmarks/jianyicheng/levmarq/src/levmarq.cpp:20) [28]  (2.566 ns)

 <State 12>: 2.566ns
The critical path consists of the following:
	'fmul' operation 32 bit ('mul1', benchmarks/jianyicheng/levmarq/src/levmarq.cpp:20) [28]  (2.566 ns)

 <State 13>: 2.566ns
The critical path consists of the following:
	'fmul' operation 32 bit ('mul1', benchmarks/jianyicheng/levmarq/src/levmarq.cpp:20) [28]  (2.566 ns)

 <State 14>: 2.566ns
The critical path consists of the following:
	'fmul' operation 32 bit ('mul1', benchmarks/jianyicheng/levmarq/src/levmarq.cpp:20) [28]  (2.566 ns)

 <State 15>: 2.566ns
The critical path consists of the following:
	'fmul' operation 32 bit ('mul1', benchmarks/jianyicheng/levmarq/src/levmarq.cpp:20) [28]  (2.566 ns)

 <State 16>: 2.566ns
The critical path consists of the following:
	'fmul' operation 32 bit ('mul1', benchmarks/jianyicheng/levmarq/src/levmarq.cpp:20) [28]  (2.566 ns)

 <State 17>: 3.254ns
The critical path consists of the following:
	'getelementptr' operation 14 bit ('h_addr', benchmarks/jianyicheng/levmarq/src/levmarq.cpp:20) [31]  (0.000 ns)
	'load' operation 32 bit ('h_load', benchmarks/jianyicheng/levmarq/src/levmarq.cpp:20) on array 'h' [32]  (3.254 ns)

 <State 18>: 3.254ns
The critical path consists of the following:
	'load' operation 32 bit ('h_load', benchmarks/jianyicheng/levmarq/src/levmarq.cpp:20) on array 'h' [32]  (3.254 ns)

 <State 19>: 3.356ns
The critical path consists of the following:
	'fadd' operation 32 bit ('add1', benchmarks/jianyicheng/levmarq/src/levmarq.cpp:20) [33]  (3.356 ns)

 <State 20>: 3.356ns
The critical path consists of the following:
	'fadd' operation 32 bit ('add1', benchmarks/jianyicheng/levmarq/src/levmarq.cpp:20) [33]  (3.356 ns)

 <State 21>: 3.356ns
The critical path consists of the following:
	'fadd' operation 32 bit ('add1', benchmarks/jianyicheng/levmarq/src/levmarq.cpp:20) [33]  (3.356 ns)

 <State 22>: 3.356ns
The critical path consists of the following:
	'fadd' operation 32 bit ('add1', benchmarks/jianyicheng/levmarq/src/levmarq.cpp:20) [33]  (3.356 ns)

 <State 23>: 3.356ns
The critical path consists of the following:
	'fadd' operation 32 bit ('add1', benchmarks/jianyicheng/levmarq/src/levmarq.cpp:20) [33]  (3.356 ns)

 <State 24>: 3.356ns
The critical path consists of the following:
	'fadd' operation 32 bit ('add1', benchmarks/jianyicheng/levmarq/src/levmarq.cpp:20) [33]  (3.356 ns)

 <State 25>: 3.356ns
The critical path consists of the following:
	'fadd' operation 32 bit ('add1', benchmarks/jianyicheng/levmarq/src/levmarq.cpp:20) [33]  (3.356 ns)

 <State 26>: 3.356ns
The critical path consists of the following:
	'fadd' operation 32 bit ('add1', benchmarks/jianyicheng/levmarq/src/levmarq.cpp:20) [33]  (3.356 ns)

 <State 27>: 3.356ns
The critical path consists of the following:
	'fadd' operation 32 bit ('add1', benchmarks/jianyicheng/levmarq/src/levmarq.cpp:20) [33]  (3.356 ns)

 <State 28>: 3.356ns
The critical path consists of the following:
	'fadd' operation 32 bit ('add1', benchmarks/jianyicheng/levmarq/src/levmarq.cpp:20) [33]  (3.356 ns)

 <State 29>: 3.254ns
The critical path consists of the following:
	'store' operation 0 bit ('store_ln20', benchmarks/jianyicheng/levmarq/src/levmarq.cpp:20) of variable 'add1', benchmarks/jianyicheng/levmarq/src/levmarq.cpp:20 on array 'h' [34]  (3.254 ns)


============================================================
+ Verbose Summary: Binding
============================================================
N/A
* FSMD analyzer results:
  - Output states:
 - Input state : 
  - Chain level:
	State 1
	State 2
	State 3
	State 4
	State 5
	State 6
	State 7
	State 8
	State 9
	State 10
	State 11
	State 12
	State 13
	State 14
	State 15
	State 16
	State 17
	State 18
	State 19
	State 20
	State 21
	State 22
	State 23
	State 24
	State 25
	State 26
	State 27
	State 28
	State 29


============================================================
+ Verbose Summary: Datapath Resource usage 
============================================================
N/A
