

================================================================
== Vitis HLS Report for 'main'
================================================================
* Date:           Mon Aug 12 18:55:23 2024

* Version:        2023.2 (Build 4023990 on Oct 11 2023)
* Project:        levmarq
* Solution:       solution1 (Vivado IP Flow Target)
* Product family: zynq
* Target device:  xc7z020-clg400-1


================================================================
== Performance Estimates
================================================================
+ Timing: 
    * Summary: 
    +--------+---------+----------+------------+
    |  Clock |  Target | Estimated| Uncertainty|
    +--------+---------+----------+------------+
    |ap_clk  |  5.00 ns|  6.312 ns|     1.35 ns|
    +--------+---------+----------+------------+

+ Latency: 
    * Summary: 
    +---------+----------+-----------+-----------+---------+----------+---------+
    |  Latency (cycles)  |   Latency (absolute)  |      Interval      | Pipeline|
    |   min   |    max   |    min    |    max    |   min   |    max   |   Type  |
    +---------+----------+-----------+-----------+---------+----------+---------+
    |  9190545|  25836689|  58.011 ms|  0.163 sec|  9190546|  25836690|       no|
    +---------+----------+-----------+-----------+---------+----------+---------+

    + Detail: 
        * Instance: 
        N/A

        * Loop: 
        N/A

============================================================
+ Verbose Summary: Synthesis Manager
============================================================
InlineROM: 1
ExposeGlobal: 0
============================================================
+ Verbose Summary: CDFG Model
============================================================
IsTopModel: 1
ResetActiveHigh: 1
IsCombinational: 0
IsDatapathOnly: 0
HasWiredReturn: 1
HasMFsm: 0
HasVarLatency: 1
IsPipeline: 0
IsRtlPipelined: 0
IsInstanceOverlapped: 0
IsDontTouch: 0
HasImplIP: 0
IsGatedGlobalClock: 0


============================================================
+ Verbose Summary: Schedule
============================================================
* Number of FSM states : 6
* Pipeline : 0
* Dataflow Pipeline: 0

* FSM state transitions: 
1 --> 2 
2 --> 3 
3 --> 4 
4 --> 5 
5 --> 6 
6 --> 

* FSM state operations: 

State 1 <SV = 0> <Delay = 0.00>
ST_1 : Operation 7 [1/1] (0.00ns)   --->   "%conv11_i1730_loc = alloca i64 1"   --->   Operation 7 'alloca' 'conv11_i1730_loc' <Predicate = true> <Delay = 0.00>
ST_1 : Operation 8 [1/1] (0.00ns)   --->   "%dysq = alloca i64 1" [benchmarks/jianyicheng/levmarq/src/levmarq_tb.cpp:16]   --->   Operation 8 'alloca' 'dysq' <Predicate = true> <Delay = 0.00>
ST_1 : Operation 9 [1/1] (0.00ns)   --->   "%g = alloca i64 1" [benchmarks/jianyicheng/levmarq/src/levmarq_tb.cpp:18]   --->   Operation 9 'alloca' 'g' <Predicate = true> <Delay = 0.00>
ST_1 : Operation 10 [1/1] (0.00ns)   --->   "%d = alloca i64 1" [benchmarks/jianyicheng/levmarq/src/levmarq_tb.cpp:20]   --->   Operation 10 'alloca' 'd' <Predicate = true> <Delay = 0.00>
ST_1 : Operation 11 [1/1] (0.00ns)   --->   "%y = alloca i64 1" [benchmarks/jianyicheng/levmarq/src/levmarq_tb.cpp:21]   --->   Operation 11 'alloca' 'y' <Predicate = true> <Delay = 0.00>
ST_1 : Operation 12 [1/1] (0.00ns)   --->   "%h = alloca i64 1" [benchmarks/jianyicheng/levmarq/src/levmarq_tb.cpp:22]   --->   Operation 12 'alloca' 'h' <Predicate = true> <Delay = 0.00>
ST_1 : Operation 13 [2/2] (0.00ns)   --->   "%call_ln0 = call void @main_Pipeline_VITIS_LOOP_26_1, i32 %dysq, i32 %y, i16 %conv11_i1730_loc"   --->   Operation 13 'call' 'call_ln0' <Predicate = true> <Delay = 0.00> <CoreType = "Generic">   --->   Core 0 '' <Latency = 0> <II = 1> <Delay = 1.00> <Generic> <Opcode : >
ST_1 : Operation 14 [2/2] (0.00ns)   --->   "%call_ln0 = call void @main_Pipeline_VITIS_LOOP_36_3, i32 %h"   --->   Operation 14 'call' 'call_ln0' <Predicate = true> <Delay = 0.00> <CoreType = "Generic">   --->   Core 0 '' <Latency = 0> <II = 1> <Delay = 1.00> <Generic> <Opcode : >

State 2 <SV = 1> <Delay = 0.00>
ST_2 : Operation 15 [1/2] (0.00ns)   --->   "%call_ln0 = call void @main_Pipeline_VITIS_LOOP_26_1, i32 %dysq, i32 %y, i16 %conv11_i1730_loc"   --->   Operation 15 'call' 'call_ln0' <Predicate = true> <Delay = 0.00> <CoreType = "Generic">   --->   Core 0 '' <Latency = 0> <II = 1> <Delay = 1.00> <Generic> <Opcode : >
ST_2 : Operation 16 [1/2] (0.00ns)   --->   "%call_ln0 = call void @main_Pipeline_VITIS_LOOP_36_3, i32 %h"   --->   Operation 16 'call' 'call_ln0' <Predicate = true> <Delay = 0.00> <CoreType = "Generic">   --->   Core 0 '' <Latency = 0> <II = 1> <Delay = 1.00> <Generic> <Opcode : >

State 3 <SV = 2> <Delay = 4.15>
ST_3 : Operation 17 [1/1] (0.00ns)   --->   "%conv11_i1730_loc_load = load i16 %conv11_i1730_loc"   --->   Operation 17 'load' 'conv11_i1730_loc_load' <Predicate = true> <Delay = 0.00>
ST_3 : Operation 18 [2/2] (4.15ns)   --->   "%call_ln0 = call void @main_Pipeline_VITIS_LOOP_31_2, i16 %conv11_i1730_loc_load, i32 %g, i32 %d"   --->   Operation 18 'call' 'call_ln0' <Predicate = true> <Delay = 4.15> <CoreType = "Generic">   --->   Core 0 '' <Latency = 0> <II = 1> <Delay = 1.00> <Generic> <Opcode : >

State 4 <SV = 3> <Delay = 0.00>
ST_4 : Operation 19 [1/2] (0.00ns)   --->   "%call_ln0 = call void @main_Pipeline_VITIS_LOOP_31_2, i16 %conv11_i1730_loc_load, i32 %g, i32 %d"   --->   Operation 19 'call' 'call_ln0' <Predicate = true> <Delay = 0.00> <CoreType = "Generic">   --->   Core 0 '' <Latency = 0> <II = 1> <Delay = 1.00> <Generic> <Opcode : >

State 5 <SV = 4> <Delay = 0.00>
ST_5 : Operation 20 [2/2] (0.00ns)   --->   "%call_ln40 = call void @levmarq, i32 %dysq, i32 %g, i32 %d, i32 %y, i32 %h" [benchmarks/jianyicheng/levmarq/src/levmarq_tb.cpp:40]   --->   Operation 20 'call' 'call_ln40' <Predicate = true> <Delay = 0.00> <CoreType = "Generic">   --->   Core 0 '' <Latency = 0> <II = 1> <Delay = 1.00> <Generic> <Opcode : >

State 6 <SV = 5> <Delay = 0.00>
ST_6 : Operation 21 [1/1] (0.00ns)   --->   "%specbitsmap_ln0 = specbitsmap void @_ssdm_op_SpecBitsMap, i32 0"   --->   Operation 21 'specbitsmap' 'specbitsmap_ln0' <Predicate = true> <Delay = 0.00>
ST_6 : Operation 22 [1/1] (0.00ns)   --->   "%spectopmodule_ln14 = spectopmodule void @_ssdm_op_SpecTopModule, void @empty" [benchmarks/jianyicheng/levmarq/src/levmarq_tb.cpp:14]   --->   Operation 22 'spectopmodule' 'spectopmodule_ln14' <Predicate = true> <Delay = 0.00>
ST_6 : Operation 23 [1/2] (0.00ns)   --->   "%call_ln40 = call void @levmarq, i32 %dysq, i32 %g, i32 %d, i32 %y, i32 %h" [benchmarks/jianyicheng/levmarq/src/levmarq_tb.cpp:40]   --->   Operation 23 'call' 'call_ln40' <Predicate = true> <Delay = 0.00> <CoreType = "Generic">   --->   Core 0 '' <Latency = 0> <II = 1> <Delay = 1.00> <Generic> <Opcode : >
ST_6 : Operation 24 [1/1] (0.00ns)   --->   "%ret_ln41 = ret i32 0" [benchmarks/jianyicheng/levmarq/src/levmarq_tb.cpp:41]   --->   Operation 24 'ret' 'ret_ln41' <Predicate = true> <Delay = 0.00>


============================================================
+ Verbose Summary: Timing violations
============================================================
Target clock period: 5.000ns, clock uncertainty: 1.350ns.

 <State 1>: 0.000ns
The critical path consists of the following:

 <State 2>: 0.000ns
The critical path consists of the following:

 <State 3>: 4.154ns
The critical path consists of the following:
	'load' operation 16 bit ('conv11_i1730_loc_load') on local variable 'conv11_i1730_loc' [10]  (0.000 ns)
	'call' operation 0 bit ('call_ln0') to 'main_Pipeline_VITIS_LOOP_31_2' [11]  (4.154 ns)

 <State 4>: 0.000ns
The critical path consists of the following:

 <State 5>: 0.000ns
The critical path consists of the following:

 <State 6>: 0.000ns
The critical path consists of the following:


============================================================
+ Verbose Summary: Binding
============================================================
N/A
* FSMD analyzer results:
  - Output states:
 - Input state : 
  - Chain level:
	State 1
	State 2
	State 3
	State 4
	State 5
	State 6


============================================================
+ Verbose Summary: Datapath Resource usage 
============================================================
N/A
