/home/gabriel/Documents/RAISE/dataset_gen/base_solutions/AES/temp/directives.tcl:21:9: warning: HLS pragma dump _XLX_SEP_ PragmaIsValid=1_XLX_SEP_ PragmaType=pipeline_XLX_SEP_ PragmaContext=directive_XLX_SEP_ PragmaFunction=ByteSub_ShiftRow_XLX_SEP_ PragmaOptions=off=true_XLX_SEP_ [-Wdump-hls-pragmas]
#pragma HLSDIRECTIVE PIPELINE off=true
        ^
/home/gabriel/Documents/RAISE/dataset_gen/base_solutions/AES/temp/directives.tcl:45:9: warning: HLS pragma dump _XLX_SEP_ PragmaIsValid=1_XLX_SEP_ PragmaType=inline_XLX_SEP_ PragmaContext=directive_XLX_SEP_ PragmaFunction=ByteSub_ShiftRow_XLX_SEP_ PragmaOptions=off=true_XLX_SEP_ [-Wdump-hls-pragmas]
#pragma HLSDIRECTIVE INLINE off=true
        ^
/home/gabriel/Documents/RAISE/dataset_gen/base_solutions/AES/temp/directives.tcl:22:9: warning: HLS pragma dump _XLX_SEP_ PragmaIsValid=1_XLX_SEP_ PragmaType=pipeline_XLX_SEP_ PragmaContext=directive_XLX_SEP_ PragmaFunction=InversShiftRow_ByteSub_XLX_SEP_ PragmaOptions=off=true_XLX_SEP_ [-Wdump-hls-pragmas]
#pragma HLSDIRECTIVE PIPELINE off=true
        ^
/home/gabriel/Documents/RAISE/dataset_gen/base_solutions/AES/temp/directives.tcl:46:9: warning: HLS pragma dump _XLX_SEP_ PragmaIsValid=1_XLX_SEP_ PragmaType=inline_XLX_SEP_ PragmaContext=directive_XLX_SEP_ PragmaFunction=InversShiftRow_ByteSub_XLX_SEP_ PragmaOptions=off=true_XLX_SEP_ [-Wdump-hls-pragmas]
#pragma HLSDIRECTIVE INLINE off=true
        ^
/home/gabriel/Documents/RAISE/dataset_gen/base_solutions/AES/temp/directives.tcl:16:9: warning: HLS pragma dump _XLX_SEP_ PragmaIsValid=1_XLX_SEP_ PragmaType=pipeline_XLX_SEP_ PragmaContext=directive_XLX_SEP_ PragmaFunction=MixColumn_AddRoundKey_XLX_SEP_ PragmaOptions=off=true_XLX_SEP_ [-Wdump-hls-pragmas]
#pragma HLSDIRECTIVE PIPELINE off=true
        ^
/home/gabriel/Documents/RAISE/dataset_gen/base_solutions/AES/temp/directives.tcl:40:9: warning: HLS pragma dump _XLX_SEP_ PragmaIsValid=1_XLX_SEP_ PragmaType=inline_XLX_SEP_ PragmaContext=directive_XLX_SEP_ PragmaFunction=MixColumn_AddRoundKey_XLX_SEP_ PragmaOptions=off=true_XLX_SEP_ [-Wdump-hls-pragmas]
#pragma HLSDIRECTIVE INLINE off=true
        ^
/home/gabriel/Documents/RAISE/dataset_gen/base_solutions/AES/temp/directives.tcl:32:9: warning: HLS pragma dump _XLX_SEP_ PragmaIsValid=1_XLX_SEP_ PragmaType=loop_flatten_XLX_SEP_ PragmaContext=directive_XLX_SEP_ PragmaFunction=MixColumn_AddRoundKey_XLX_SEP_ PragmaOptions=off=true_XLX_SEP_ [-Wdump-hls-pragmas]
#pragma HLSDIRECTIVE LOOP_FLATTEN off=true
        ^
/home/gabriel/Documents/RAISE/dataset_gen/base_solutions/AES/temp/directives.tcl:8:9: warning: HLS pragma dump _XLX_SEP_ PragmaIsValid=1_XLX_SEP_ PragmaType=pipeline_XLX_SEP_ PragmaContext=directive_XLX_SEP_ PragmaFunction=MixColumn_AddRoundKey_XLX_SEP_ PragmaOptions=off=true_XLX_SEP_ [-Wdump-hls-pragmas]
#pragma HLSDIRECTIVE PIPELINE off=true
        ^
/home/gabriel/Documents/RAISE/dataset_gen/benchmarks/aes/aes_key.c:325:9: warning: HLS pragma dump _XLX_SEP_ PragmaIsValid=1_XLX_SEP_ PragmaType=loop_tripcount_XLX_SEP_ PragmaContext=_XLX_SEP_ PragmaFunction=MixColumn_AddRoundKey_XLX_SEP_ PragmaOptions=min=4 max=8 avg=6_XLX_SEP_ [-Wdump-hls-pragmas]
#pragma HLS LOOP_TRIPCOUNT min=4 max=8 avg=6
        ^
/home/gabriel/Documents/RAISE/dataset_gen/base_solutions/AES/temp/directives.tcl:33:9: warning: HLS pragma dump _XLX_SEP_ PragmaIsValid=1_XLX_SEP_ PragmaType=loop_flatten_XLX_SEP_ PragmaContext=directive_XLX_SEP_ PragmaFunction=MixColumn_AddRoundKey_XLX_SEP_ PragmaOptions=off=true_XLX_SEP_ [-Wdump-hls-pragmas]
#pragma HLSDIRECTIVE LOOP_FLATTEN off=true
        ^
/home/gabriel/Documents/RAISE/dataset_gen/base_solutions/AES/temp/directives.tcl:9:9: warning: HLS pragma dump _XLX_SEP_ PragmaIsValid=1_XLX_SEP_ PragmaType=pipeline_XLX_SEP_ PragmaContext=directive_XLX_SEP_ PragmaFunction=MixColumn_AddRoundKey_XLX_SEP_ PragmaOptions=off=true_XLX_SEP_ [-Wdump-hls-pragmas]
#pragma HLSDIRECTIVE PIPELINE off=true
        ^
/home/gabriel/Documents/RAISE/dataset_gen/benchmarks/aes/aes_key.c:365:9: warning: HLS pragma dump _XLX_SEP_ PragmaIsValid=1_XLX_SEP_ PragmaType=loop_tripcount_XLX_SEP_ PragmaContext=_XLX_SEP_ PragmaFunction=MixColumn_AddRoundKey_XLX_SEP_ PragmaOptions=min=4 max=8 avg=6_XLX_SEP_ [-Wdump-hls-pragmas]
#pragma HLS LOOP_TRIPCOUNT min=4 max=8 avg=6
        ^
/home/gabriel/Documents/RAISE/dataset_gen/base_solutions/AES/temp/directives.tcl:17:9: warning: HLS pragma dump _XLX_SEP_ PragmaIsValid=1_XLX_SEP_ PragmaType=pipeline_XLX_SEP_ PragmaContext=directive_XLX_SEP_ PragmaFunction=AddRoundKey_InversMixColumn_XLX_SEP_ PragmaOptions=off=true_XLX_SEP_ [-Wdump-hls-pragmas]
#pragma HLSDIRECTIVE PIPELINE off=true
        ^
/home/gabriel/Documents/RAISE/dataset_gen/base_solutions/AES/temp/directives.tcl:41:9: warning: HLS pragma dump _XLX_SEP_ PragmaIsValid=1_XLX_SEP_ PragmaType=inline_XLX_SEP_ PragmaContext=directive_XLX_SEP_ PragmaFunction=AddRoundKey_InversMixColumn_XLX_SEP_ PragmaOptions=off=true_XLX_SEP_ [-Wdump-hls-pragmas]
#pragma HLSDIRECTIVE INLINE off=true
        ^
/home/gabriel/Documents/RAISE/dataset_gen/base_solutions/AES/temp/directives.tcl:27:9: warning: HLS pragma dump _XLX_SEP_ PragmaIsValid=1_XLX_SEP_ PragmaType=loop_flatten_XLX_SEP_ PragmaContext=directive_XLX_SEP_ PragmaFunction=AddRoundKey_InversMixColumn_XLX_SEP_ PragmaOptions=off=true_XLX_SEP_ [-Wdump-hls-pragmas]
#pragma HLSDIRECTIVE LOOP_FLATTEN off=true
        ^
/home/gabriel/Documents/RAISE/dataset_gen/base_solutions/AES/temp/directives.tcl:3:9: warning: HLS pragma dump _XLX_SEP_ PragmaIsValid=1_XLX_SEP_ PragmaType=pipeline_XLX_SEP_ PragmaContext=directive_XLX_SEP_ PragmaFunction=AddRoundKey_InversMixColumn_XLX_SEP_ PragmaOptions=off=true_XLX_SEP_ [-Wdump-hls-pragmas]
#pragma HLSDIRECTIVE PIPELINE off=true
        ^
/home/gabriel/Documents/RAISE/dataset_gen/benchmarks/aes/aes_key.c:381:9: warning: HLS pragma dump _XLX_SEP_ PragmaIsValid=1_XLX_SEP_ PragmaType=loop_tripcount_XLX_SEP_ PragmaContext=_XLX_SEP_ PragmaFunction=AddRoundKey_InversMixColumn_XLX_SEP_ PragmaOptions=min=4 max=8 avg=6_XLX_SEP_ [-Wdump-hls-pragmas]
#pragma HLS LOOP_TRIPCOUNT min=4 max=8 avg=6
        ^
/home/gabriel/Documents/RAISE/dataset_gen/base_solutions/AES/temp/directives.tcl:1:9: warning: HLS pragma dump _XLX_SEP_ PragmaIsValid=1_XLX_SEP_ PragmaType=pipeline_XLX_SEP_ PragmaContext=directive_XLX_SEP_ PragmaFunction=AddRoundKey_InversMixColumn_XLX_SEP_ PragmaOptions=off=true_XLX_SEP_ [-Wdump-hls-pragmas]
#pragma HLSDIRECTIVE PIPELINE off=true
        ^
/home/gabriel/Documents/RAISE/dataset_gen/base_solutions/AES/temp/directives.tcl:25:9: warning: HLS pragma dump _XLX_SEP_ PragmaIsValid=1_XLX_SEP_ PragmaType=loop_flatten_XLX_SEP_ PragmaContext=directive_XLX_SEP_ PragmaFunction=AddRoundKey_InversMixColumn_XLX_SEP_ PragmaOptions=off=true_XLX_SEP_ [-Wdump-hls-pragmas]
#pragma HLSDIRECTIVE LOOP_FLATTEN off=true
        ^
/home/gabriel/Documents/RAISE/dataset_gen/benchmarks/aes/aes_key.c:390:9: warning: HLS pragma dump _XLX_SEP_ PragmaIsValid=1_XLX_SEP_ PragmaType=loop_tripcount_XLX_SEP_ PragmaContext=_XLX_SEP_ PragmaFunction=AddRoundKey_InversMixColumn_XLX_SEP_ PragmaOptions=min=4 max=8 avg=6_XLX_SEP_ [-Wdump-hls-pragmas]
#pragma HLS LOOP_TRIPCOUNT min=4 max=8 avg=6
        ^
/home/gabriel/Documents/RAISE/dataset_gen/base_solutions/AES/temp/directives.tcl:2:9: warning: HLS pragma dump _XLX_SEP_ PragmaIsValid=1_XLX_SEP_ PragmaType=pipeline_XLX_SEP_ PragmaContext=directive_XLX_SEP_ PragmaFunction=AddRoundKey_InversMixColumn_XLX_SEP_ PragmaOptions=off=true_XLX_SEP_ [-Wdump-hls-pragmas]
#pragma HLSDIRECTIVE PIPELINE off=true
        ^
/home/gabriel/Documents/RAISE/dataset_gen/base_solutions/AES/temp/directives.tcl:26:9: warning: HLS pragma dump _XLX_SEP_ PragmaIsValid=1_XLX_SEP_ PragmaType=loop_flatten_XLX_SEP_ PragmaContext=directive_XLX_SEP_ PragmaFunction=AddRoundKey_InversMixColumn_XLX_SEP_ PragmaOptions=off=true_XLX_SEP_ [-Wdump-hls-pragmas]
#pragma HLSDIRECTIVE LOOP_FLATTEN off=true
        ^
/home/gabriel/Documents/RAISE/dataset_gen/benchmarks/aes/aes_key.c:393:9: warning: HLS pragma dump _XLX_SEP_ PragmaIsValid=1_XLX_SEP_ PragmaType=loop_tripcount_XLX_SEP_ PragmaContext=_XLX_SEP_ PragmaFunction=AddRoundKey_InversMixColumn_XLX_SEP_ PragmaOptions=min=4 max=4 avg=4_XLX_SEP_ [-Wdump-hls-pragmas]
#pragma HLS LOOP_TRIPCOUNT min=4 max=4 avg=4
        ^
/home/gabriel/Documents/RAISE/dataset_gen/base_solutions/AES/temp/directives.tcl:28:9: warning: HLS pragma dump _XLX_SEP_ PragmaIsValid=1_XLX_SEP_ PragmaType=loop_flatten_XLX_SEP_ PragmaContext=directive_XLX_SEP_ PragmaFunction=AddRoundKey_InversMixColumn_XLX_SEP_ PragmaOptions=off=true_XLX_SEP_ [-Wdump-hls-pragmas]
#pragma HLSDIRECTIVE LOOP_FLATTEN off=true
        ^
/home/gabriel/Documents/RAISE/dataset_gen/base_solutions/AES/temp/directives.tcl:4:9: warning: HLS pragma dump _XLX_SEP_ PragmaIsValid=1_XLX_SEP_ PragmaType=pipeline_XLX_SEP_ PragmaContext=directive_XLX_SEP_ PragmaFunction=AddRoundKey_InversMixColumn_XLX_SEP_ PragmaOptions=off=true_XLX_SEP_ [-Wdump-hls-pragmas]
#pragma HLSDIRECTIVE PIPELINE off=true
        ^
/home/gabriel/Documents/RAISE/dataset_gen/benchmarks/aes/aes_key.c:437:9: warning: HLS pragma dump _XLX_SEP_ PragmaIsValid=1_XLX_SEP_ PragmaType=loop_tripcount_XLX_SEP_ PragmaContext=_XLX_SEP_ PragmaFunction=AddRoundKey_InversMixColumn_XLX_SEP_ PragmaOptions=min=4 max=8 avg=6_XLX_SEP_ [-Wdump-hls-pragmas]
#pragma HLS LOOP_TRIPCOUNT min=4 max=8 avg=6
        ^
/home/gabriel/Documents/RAISE/dataset_gen/base_solutions/AES/temp/directives.tcl:23:9: warning: HLS pragma dump _XLX_SEP_ PragmaIsValid=1_XLX_SEP_ PragmaType=pipeline_XLX_SEP_ PragmaContext=directive_XLX_SEP_ PragmaFunction=AddRoundKey_XLX_SEP_ PragmaOptions=off=true_XLX_SEP_ [-Wdump-hls-pragmas]
#pragma HLSDIRECTIVE PIPELINE off=true
        ^
/home/gabriel/Documents/RAISE/dataset_gen/base_solutions/AES/temp/directives.tcl:47:9: warning: HLS pragma dump _XLX_SEP_ PragmaIsValid=1_XLX_SEP_ PragmaType=inline_XLX_SEP_ PragmaContext=directive_XLX_SEP_ PragmaFunction=AddRoundKey_XLX_SEP_ PragmaOptions=off=true_XLX_SEP_ [-Wdump-hls-pragmas]
#pragma HLSDIRECTIVE INLINE off=true
        ^
/home/gabriel/Documents/RAISE/dataset_gen/base_solutions/AES/temp/directives.tcl:31:9: warning: HLS pragma dump _XLX_SEP_ PragmaIsValid=1_XLX_SEP_ PragmaType=loop_flatten_XLX_SEP_ PragmaContext=directive_XLX_SEP_ PragmaFunction=AddRoundKey_XLX_SEP_ PragmaOptions=off=true_XLX_SEP_ [-Wdump-hls-pragmas]
#pragma HLSDIRECTIVE LOOP_FLATTEN off=true
        ^
/home/gabriel/Documents/RAISE/dataset_gen/base_solutions/AES/temp/directives.tcl:7:9: warning: HLS pragma dump _XLX_SEP_ PragmaIsValid=1_XLX_SEP_ PragmaType=pipeline_XLX_SEP_ PragmaContext=directive_XLX_SEP_ PragmaFunction=AddRoundKey_XLX_SEP_ PragmaOptions=off=true_XLX_SEP_ [-Wdump-hls-pragmas]
#pragma HLSDIRECTIVE PIPELINE off=true
        ^
/home/gabriel/Documents/RAISE/dataset_gen/benchmarks/aes/aes_key.c:470:9: warning: HLS pragma dump _XLX_SEP_ PragmaIsValid=1_XLX_SEP_ PragmaType=loop_tripcount_XLX_SEP_ PragmaContext=_XLX_SEP_ PragmaFunction=AddRoundKey_XLX_SEP_ PragmaOptions=min=4 max=8 avg=6_XLX_SEP_ [-Wdump-hls-pragmas]
#pragma HLS LOOP_TRIPCOUNT min=4 max=8 avg=6
        ^
/home/gabriel/Documents/RAISE/dataset_gen/base_solutions/AES/temp/directives.tcl:20:9: warning: HLS pragma dump _XLX_SEP_ PragmaIsValid=1_XLX_SEP_ PragmaType=pipeline_XLX_SEP_ PragmaContext=directive_XLX_SEP_ PragmaFunction=KeySchedule_XLX_SEP_ PragmaOptions=off=true_XLX_SEP_ [-Wdump-hls-pragmas]
#pragma HLSDIRECTIVE PIPELINE off=true
        ^
/home/gabriel/Documents/RAISE/dataset_gen/base_solutions/AES/temp/directives.tcl:44:9: warning: HLS pragma dump _XLX_SEP_ PragmaIsValid=1_XLX_SEP_ PragmaType=inline_XLX_SEP_ PragmaContext=directive_XLX_SEP_ PragmaFunction=KeySchedule_XLX_SEP_ PragmaOptions=off=true_XLX_SEP_ [-Wdump-hls-pragmas]
#pragma HLSDIRECTIVE INLINE off=true
        ^
/home/gabriel/Documents/RAISE/dataset_gen/base_solutions/AES/temp/directives.tcl:10:9: warning: HLS pragma dump _XLX_SEP_ PragmaIsValid=1_XLX_SEP_ PragmaType=pipeline_XLX_SEP_ PragmaContext=directive_XLX_SEP_ PragmaFunction=KeySchedule_XLX_SEP_ PragmaOptions=off=true_XLX_SEP_ [-Wdump-hls-pragmas]
#pragma HLSDIRECTIVE PIPELINE off=true
        ^
/home/gabriel/Documents/RAISE/dataset_gen/base_solutions/AES/temp/directives.tcl:34:9: warning: HLS pragma dump _XLX_SEP_ PragmaIsValid=1_XLX_SEP_ PragmaType=loop_flatten_XLX_SEP_ PragmaContext=directive_XLX_SEP_ PragmaFunction=KeySchedule_XLX_SEP_ PragmaOptions=off=true_XLX_SEP_ [-Wdump-hls-pragmas]
#pragma HLSDIRECTIVE LOOP_FLATTEN off=true
        ^
/home/gabriel/Documents/RAISE/dataset_gen/benchmarks/aes/aes_key.c:555:9: warning: HLS pragma dump _XLX_SEP_ PragmaIsValid=1_XLX_SEP_ PragmaType=loop_tripcount_XLX_SEP_ PragmaContext=_XLX_SEP_ PragmaFunction=KeySchedule_XLX_SEP_ PragmaOptions=min=4 max=8 avg=6_XLX_SEP_ [-Wdump-hls-pragmas]
#pragma HLS LOOP_TRIPCOUNT min=4 max=8 avg=6
        ^
/home/gabriel/Documents/RAISE/dataset_gen/base_solutions/AES/temp/directives.tcl:11:9: warning: HLS pragma dump _XLX_SEP_ PragmaIsValid=1_XLX_SEP_ PragmaType=pipeline_XLX_SEP_ PragmaContext=directive_XLX_SEP_ PragmaFunction=KeySchedule_XLX_SEP_ PragmaOptions=off=true_XLX_SEP_ [-Wdump-hls-pragmas]
#pragma HLSDIRECTIVE PIPELINE off=true
        ^
/home/gabriel/Documents/RAISE/dataset_gen/base_solutions/AES/temp/directives.tcl:35:9: warning: HLS pragma dump _XLX_SEP_ PragmaIsValid=1_XLX_SEP_ PragmaType=loop_flatten_XLX_SEP_ PragmaContext=directive_XLX_SEP_ PragmaFunction=KeySchedule_XLX_SEP_ PragmaOptions=off=true_XLX_SEP_ [-Wdump-hls-pragmas]
#pragma HLSDIRECTIVE LOOP_FLATTEN off=true
        ^
/home/gabriel/Documents/RAISE/dataset_gen/benchmarks/aes/aes_key.c:558:9: warning: HLS pragma dump _XLX_SEP_ PragmaIsValid=1_XLX_SEP_ PragmaType=loop_tripcount_XLX_SEP_ PragmaContext=_XLX_SEP_ PragmaFunction=KeySchedule_XLX_SEP_ PragmaOptions=min=4 max=4 avg=4_XLX_SEP_ [-Wdump-hls-pragmas]
#pragma HLS LOOP_TRIPCOUNT min=4 max=4 avg=4
        ^
/home/gabriel/Documents/RAISE/dataset_gen/base_solutions/AES/temp/directives.tcl:12:9: warning: HLS pragma dump _XLX_SEP_ PragmaIsValid=1_XLX_SEP_ PragmaType=pipeline_XLX_SEP_ PragmaContext=directive_XLX_SEP_ PragmaFunction=KeySchedule_XLX_SEP_ PragmaOptions=off=true_XLX_SEP_ [-Wdump-hls-pragmas]
#pragma HLSDIRECTIVE PIPELINE off=true
        ^
/home/gabriel/Documents/RAISE/dataset_gen/base_solutions/AES/temp/directives.tcl:36:9: warning: HLS pragma dump _XLX_SEP_ PragmaIsValid=1_XLX_SEP_ PragmaType=loop_flatten_XLX_SEP_ PragmaContext=directive_XLX_SEP_ PragmaFunction=KeySchedule_XLX_SEP_ PragmaOptions=off=true_XLX_SEP_ [-Wdump-hls-pragmas]
#pragma HLSDIRECTIVE LOOP_FLATTEN off=true
        ^
/home/gabriel/Documents/RAISE/dataset_gen/benchmarks/aes/aes_key.c:566:9: warning: HLS pragma dump _XLX_SEP_ PragmaIsValid=1_XLX_SEP_ PragmaType=loop_tripcount_XLX_SEP_ PragmaContext=_XLX_SEP_ PragmaFunction=KeySchedule_XLX_SEP_ PragmaOptions=min=32 max=116 avg=74_XLX_SEP_ [-Wdump-hls-pragmas]
#pragma HLS LOOP_TRIPCOUNT min=32 max=116 avg=74
        ^
/home/gabriel/Documents/RAISE/dataset_gen/base_solutions/AES/temp/directives.tcl:13:9: warning: HLS pragma dump _XLX_SEP_ PragmaIsValid=1_XLX_SEP_ PragmaType=pipeline_XLX_SEP_ PragmaContext=directive_XLX_SEP_ PragmaFunction=KeySchedule_XLX_SEP_ PragmaOptions=off=true_XLX_SEP_ [-Wdump-hls-pragmas]
#pragma HLSDIRECTIVE PIPELINE off=true
        ^
/home/gabriel/Documents/RAISE/dataset_gen/base_solutions/AES/temp/directives.tcl:37:9: warning: HLS pragma dump _XLX_SEP_ PragmaIsValid=1_XLX_SEP_ PragmaType=loop_flatten_XLX_SEP_ PragmaContext=directive_XLX_SEP_ PragmaFunction=KeySchedule_XLX_SEP_ PragmaOptions=off=true_XLX_SEP_ [-Wdump-hls-pragmas]
#pragma HLSDIRECTIVE LOOP_FLATTEN off=true
        ^
/home/gabriel/Documents/RAISE/dataset_gen/base_solutions/AES/temp/directives.tcl:14:9: warning: HLS pragma dump _XLX_SEP_ PragmaIsValid=1_XLX_SEP_ PragmaType=pipeline_XLX_SEP_ PragmaContext=directive_XLX_SEP_ PragmaFunction=KeySchedule_XLX_SEP_ PragmaOptions=off=true_XLX_SEP_ [-Wdump-hls-pragmas]
#pragma HLSDIRECTIVE PIPELINE off=true
        ^
/home/gabriel/Documents/RAISE/dataset_gen/base_solutions/AES/temp/directives.tcl:38:9: warning: HLS pragma dump _XLX_SEP_ PragmaIsValid=1_XLX_SEP_ PragmaType=loop_flatten_XLX_SEP_ PragmaContext=directive_XLX_SEP_ PragmaFunction=KeySchedule_XLX_SEP_ PragmaOptions=off=true_XLX_SEP_ [-Wdump-hls-pragmas]
#pragma HLSDIRECTIVE LOOP_FLATTEN off=true
        ^
/home/gabriel/Documents/RAISE/dataset_gen/benchmarks/aes/aes_key.c:586:9: warning: HLS pragma dump _XLX_SEP_ PragmaIsValid=1_XLX_SEP_ PragmaType=loop_tripcount_XLX_SEP_ PragmaContext=_XLX_SEP_ PragmaFunction=KeySchedule_XLX_SEP_ PragmaOptions=min=4 max=4 avg=4_XLX_SEP_ [-Wdump-hls-pragmas]
#pragma HLS LOOP_TRIPCOUNT min=4 max=4 avg=4
        ^
/home/gabriel/Documents/RAISE/dataset_gen/base_solutions/AES/temp/directives.tcl:15:9: warning: HLS pragma dump _XLX_SEP_ PragmaIsValid=1_XLX_SEP_ PragmaType=pipeline_XLX_SEP_ PragmaContext=directive_XLX_SEP_ PragmaFunction=KeySchedule_XLX_SEP_ PragmaOptions=off=true_XLX_SEP_ [-Wdump-hls-pragmas]
#pragma HLSDIRECTIVE PIPELINE off=true
        ^
/home/gabriel/Documents/RAISE/dataset_gen/base_solutions/AES/temp/directives.tcl:39:9: warning: HLS pragma dump _XLX_SEP_ PragmaIsValid=1_XLX_SEP_ PragmaType=loop_flatten_XLX_SEP_ PragmaContext=directive_XLX_SEP_ PragmaFunction=KeySchedule_XLX_SEP_ PragmaOptions=off=true_XLX_SEP_ [-Wdump-hls-pragmas]
#pragma HLSDIRECTIVE LOOP_FLATTEN off=true
        ^
/home/gabriel/Documents/RAISE/dataset_gen/benchmarks/aes/aes_key.c:593:9: warning: HLS pragma dump _XLX_SEP_ PragmaIsValid=1_XLX_SEP_ PragmaType=loop_tripcount_XLX_SEP_ PragmaContext=_XLX_SEP_ PragmaFunction=KeySchedule_XLX_SEP_ PragmaOptions=min=4 max=4 avg=4_XLX_SEP_ [-Wdump-hls-pragmas]
#pragma HLS LOOP_TRIPCOUNT min=4 max=4 avg=4
        ^
50 warnings generated.
