

================================================================
== Vitis HLS Report for 'main_Pipeline_VITIS_LOOP_44_2'
================================================================
* Date:           Mon Aug 12 18:54:12 2024

* Version:        2023.2 (Build 4023990 on Oct 11 2023)
* Project:        getTanh
* Solution:       solution1 (Vivado IP Flow Target)
* Product family: zynq
* Target device:  xc7z020-clg400-1


================================================================
== Performance Estimates
================================================================
+ Timing: 
    * Summary: 
    +--------+---------+----------+------------+
    |  Clock |  Target | Estimated| Uncertainty|
    +--------+---------+----------+------------+
    |ap_clk  |  5.00 ns|  4.907 ns|     1.35 ns|
    +--------+---------+----------+------------+

+ Latency: 
    * Summary: 
    +---------+---------+----------+----------+------+------+---------+
    |  Latency (cycles) |  Latency (absolute) |   Interval  | Pipeline|
    |   min   |   max   |    min   |    max   |  min |  max |   Type  |
    +---------+---------+----------+----------+------+------+---------+
    |     1004|     1004|  5.020 us|  5.020 us|  1004|  1004|       no|
    +---------+---------+----------+----------+------+------+---------+

    + Detail: 
        * Instance: 
        N/A

        * Loop: 
        +-------------------+---------+---------+----------+-----------+-----------+------+----------+
        |                   |  Latency (cycles) | Iteration|  Initiation Interval  | Trip |          |
        |     Loop Name     |   min   |   max   |  Latency |  achieved |   target  | Count| Pipelined|
        +-------------------+---------+---------+----------+-----------+-----------+------+----------+
        |- VITIS_LOOP_44_2  |     1002|     1002|         4|          1|          1|  1000|       yes|
        +-------------------+---------+---------+----------+-----------+-----------+------+----------+

============================================================
+ Verbose Summary: Synthesis Manager
============================================================
InlineROM: 1
ExposeGlobal: 0
============================================================
+ Verbose Summary: CDFG Model
============================================================
IsTopModel: 0
ResetActiveHigh: 1
IsCombinational: 0
IsDatapathOnly: 0
HasWiredReturn: 1
HasMFsm: 2
HasVarLatency: 1
IsPipeline: 0
IsRtlPipelined: 0
IsInstanceOverlapped: 0
IsDontTouch: 0
HasImplIP: 0
IsGatedGlobalClock: 0

+ Individual pipeline summary: 
  * Pipeline-0: initiation interval (II) = 1, depth = 4


============================================================
+ Verbose Summary: Schedule
============================================================
* Number of FSM states : 4
* Pipeline : 1
  Pipeline-0 : II = 1, D = 4, States = { 1 2 3 4 }
* Dataflow Pipeline: 0

* FSM state transitions: 
1 --> 2 
2 --> 3 
3 --> 4 
4 --> 

* FSM state operations: 

State 1 <SV = 0> <Delay = 4.90>
ST_1 : Operation 7 [1/1] (0.00ns)   --->   "%results = alloca i32 1" [benchmarks/jianyicheng/getTanh/src/getTanh_tb.cpp:43]   --->   Operation 7 'alloca' 'results' <Predicate = true> <Delay = 0.00>
ST_1 : Operation 8 [1/1] (0.00ns)   --->   "%i = alloca i32 1" [benchmarks/jianyicheng/getTanh/src/getTanh_tb.cpp:44]   --->   Operation 8 'alloca' 'i' <Predicate = true> <Delay = 0.00>
ST_1 : Operation 9 [1/1] (1.58ns)   --->   "%store_ln44 = store i10 0, i10 %i" [benchmarks/jianyicheng/getTanh/src/getTanh_tb.cpp:44]   --->   Operation 9 'store' 'store_ln44' <Predicate = true> <Delay = 1.58>
ST_1 : Operation 10 [1/1] (1.58ns)   --->   "%store_ln43 = store i10 0, i10 %results" [benchmarks/jianyicheng/getTanh/src/getTanh_tb.cpp:43]   --->   Operation 10 'store' 'store_ln43' <Predicate = true> <Delay = 1.58>
ST_1 : Operation 11 [1/1] (0.00ns)   --->   "%br_ln0 = br void %for.inc30"   --->   Operation 11 'br' 'br_ln0' <Predicate = true> <Delay = 0.00>
ST_1 : Operation 12 [1/1] (0.00ns)   --->   "%i_1 = load i10 %i" [benchmarks/jianyicheng/getTanh/src/getTanh_tb.cpp:44]   --->   Operation 12 'load' 'i_1' <Predicate = true> <Delay = 0.00>
ST_1 : Operation 13 [1/1] (1.73ns)   --->   "%icmp_ln44 = icmp_eq  i10 %i_1, i10 1000" [benchmarks/jianyicheng/getTanh/src/getTanh_tb.cpp:44]   --->   Operation 13 'icmp' 'icmp_ln44' <Predicate = true> <Delay = 1.73> <CoreInst = "Cmp">   --->   Core 9 'Cmp' <Latency = 0> <II = 1> <Delay = 1.73> <FuncUnit> <Opcode : 'icmp'> <InPorts = 2> <OutPorts = 1>
ST_1 : Operation 14 [1/1] (1.73ns)   --->   "%add_ln44 = add i10 %i_1, i10 1" [benchmarks/jianyicheng/getTanh/src/getTanh_tb.cpp:44]   --->   Operation 14 'add' 'add_ln44' <Predicate = true> <Delay = 1.73> <CoreInst = "Adder">   --->   Core 1 'Adder' <Latency = 0> <II = 1> <Delay = 1.73> <FuncUnit> <Opcode : 'add' 'sub'> <InPorts = 2> <OutPorts = 1>
ST_1 : Operation 15 [1/1] (0.00ns)   --->   "%br_ln44 = br i1 %icmp_ln44, void %for.inc30.split, void %for.end32.exitStub" [benchmarks/jianyicheng/getTanh/src/getTanh_tb.cpp:44]   --->   Operation 15 'br' 'br_ln44' <Predicate = true> <Delay = 0.00>
ST_1 : Operation 16 [1/1] (0.00ns)   --->   "%zext_ln44 = zext i10 %i_1" [benchmarks/jianyicheng/getTanh/src/getTanh_tb.cpp:44]   --->   Operation 16 'zext' 'zext_ln44' <Predicate = (!icmp_ln44)> <Delay = 0.00>
ST_1 : Operation 17 [1/1] (0.00ns)   --->   "%gold_addr = getelementptr i32 %gold, i64 0, i64 %zext_ln44" [benchmarks/jianyicheng/getTanh/src/getTanh_tb.cpp:45]   --->   Operation 17 'getelementptr' 'gold_addr' <Predicate = (!icmp_ln44)> <Delay = 0.00>
ST_1 : Operation 18 [2/2] (3.25ns)   --->   "%gold_load = load i10 %gold_addr" [benchmarks/jianyicheng/getTanh/src/getTanh_tb.cpp:45]   --->   Operation 18 'load' 'gold_load' <Predicate = (!icmp_ln44)> <Delay = 3.25> <CoreInst = "RAM">   --->   Core 82 'RAM' <Latency = 1> <II = 1> <Delay = 3.25> <Storage> <Opcode : 'load' 'store'> <Ports = 2> <Width = 32> <Depth = 1000> <RAM>
ST_1 : Operation 19 [1/1] (0.00ns)   --->   "%A_addr = getelementptr i32 %A, i64 0, i64 %zext_ln44" [benchmarks/jianyicheng/getTanh/src/getTanh_tb.cpp:45]   --->   Operation 19 'getelementptr' 'A_addr' <Predicate = (!icmp_ln44)> <Delay = 0.00>
ST_1 : Operation 20 [2/2] (3.25ns)   --->   "%A_load = load i10 %A_addr" [benchmarks/jianyicheng/getTanh/src/getTanh_tb.cpp:45]   --->   Operation 20 'load' 'A_load' <Predicate = (!icmp_ln44)> <Delay = 3.25> <CoreInst = "RAM">   --->   Core 82 'RAM' <Latency = 1> <II = 1> <Delay = 3.25> <Storage> <Opcode : 'load' 'store'> <Ports = 2> <Width = 32> <Depth = 1000> <RAM>
ST_1 : Operation 21 [1/1] (1.58ns)   --->   "%store_ln44 = store i10 %add_ln44, i10 %i" [benchmarks/jianyicheng/getTanh/src/getTanh_tb.cpp:44]   --->   Operation 21 'store' 'store_ln44' <Predicate = (!icmp_ln44)> <Delay = 1.58>

State 2 <SV = 1> <Delay = 3.25>
ST_2 : Operation 22 [1/2] (3.25ns)   --->   "%gold_load = load i10 %gold_addr" [benchmarks/jianyicheng/getTanh/src/getTanh_tb.cpp:45]   --->   Operation 22 'load' 'gold_load' <Predicate = true> <Delay = 3.25> <CoreInst = "RAM">   --->   Core 82 'RAM' <Latency = 1> <II = 1> <Delay = 3.25> <Storage> <Opcode : 'load' 'store'> <Ports = 2> <Width = 32> <Depth = 1000> <RAM>
ST_2 : Operation 23 [1/2] (3.25ns)   --->   "%A_load = load i10 %A_addr" [benchmarks/jianyicheng/getTanh/src/getTanh_tb.cpp:45]   --->   Operation 23 'load' 'A_load' <Predicate = true> <Delay = 3.25> <CoreInst = "RAM">   --->   Core 82 'RAM' <Latency = 1> <II = 1> <Delay = 3.25> <Storage> <Opcode : 'load' 'store'> <Ports = 2> <Width = 32> <Depth = 1000> <RAM>

State 3 <SV = 2> <Delay = 2.55>
ST_3 : Operation 24 [1/1] (2.55ns)   --->   "%icmp_ln45 = icmp_eq  i32 %gold_load, i32 %A_load" [benchmarks/jianyicheng/getTanh/src/getTanh_tb.cpp:45]   --->   Operation 24 'icmp' 'icmp_ln45' <Predicate = true> <Delay = 2.55> <CoreInst = "Cmp">   --->   Core 9 'Cmp' <Latency = 0> <II = 1> <Delay = 2.55> <FuncUnit> <Opcode : 'icmp'> <InPorts = 2> <OutPorts = 1>
ST_3 : Operation 33 [1/1] (0.00ns)   --->   "%results_load_1 = load i10 %results"   --->   Operation 33 'load' 'results_load_1' <Predicate = (icmp_ln44)> <Delay = 0.00>
ST_3 : Operation 34 [1/1] (0.00ns)   --->   "%write_ln0 = write void @_ssdm_op_Write.ap_auto.i10P0A, i10 %results_out, i10 %results_load_1"   --->   Operation 34 'write' 'write_ln0' <Predicate = (icmp_ln44)> <Delay = 0.00>
ST_3 : Operation 35 [1/1] (0.00ns)   --->   "%ret_ln0 = ret"   --->   Operation 35 'ret' 'ret_ln0' <Predicate = (icmp_ln44)> <Delay = 0.00>

State 4 <SV = 3> <Delay = 3.31>
ST_4 : Operation 25 [1/1] (0.00ns)   --->   "%results_load = load i10 %results" [benchmarks/jianyicheng/getTanh/src/getTanh_tb.cpp:45]   --->   Operation 25 'load' 'results_load' <Predicate = true> <Delay = 0.00>
ST_4 : Operation 26 [1/1] (0.00ns)   --->   "%specpipeline_ln44 = specpipeline void @_ssdm_op_SpecPipeline, i32 4294967295, i32 0, i32 0, i32 0, void @empty_0" [benchmarks/jianyicheng/getTanh/src/getTanh_tb.cpp:44]   --->   Operation 26 'specpipeline' 'specpipeline_ln44' <Predicate = true> <Delay = 0.00>
ST_4 : Operation 27 [1/1] (0.00ns)   --->   "%speclooptripcount_ln44 = speclooptripcount void @_ssdm_op_SpecLoopTripCount, i64 1000, i64 1000, i64 1000" [benchmarks/jianyicheng/getTanh/src/getTanh_tb.cpp:44]   --->   Operation 27 'speclooptripcount' 'speclooptripcount_ln44' <Predicate = true> <Delay = 0.00>
ST_4 : Operation 28 [1/1] (0.00ns)   --->   "%specloopname_ln44 = specloopname void @_ssdm_op_SpecLoopName, void @empty_1" [benchmarks/jianyicheng/getTanh/src/getTanh_tb.cpp:44]   --->   Operation 28 'specloopname' 'specloopname_ln44' <Predicate = true> <Delay = 0.00>
ST_4 : Operation 29 [1/1] (0.00ns)   --->   "%zext_ln45 = zext i1 %icmp_ln45" [benchmarks/jianyicheng/getTanh/src/getTanh_tb.cpp:45]   --->   Operation 29 'zext' 'zext_ln45' <Predicate = true> <Delay = 0.00>
ST_4 : Operation 30 [1/1] (1.73ns)   --->   "%results_1 = add i10 %zext_ln45, i10 %results_load" [benchmarks/jianyicheng/getTanh/src/getTanh_tb.cpp:45]   --->   Operation 30 'add' 'results_1' <Predicate = true> <Delay = 1.73> <CoreInst = "Adder">   --->   Core 1 'Adder' <Latency = 0> <II = 1> <Delay = 1.73> <FuncUnit> <Opcode : 'add' 'sub'> <InPorts = 2> <OutPorts = 1>
ST_4 : Operation 31 [1/1] (1.58ns)   --->   "%store_ln43 = store i10 %results_1, i10 %results" [benchmarks/jianyicheng/getTanh/src/getTanh_tb.cpp:43]   --->   Operation 31 'store' 'store_ln43' <Predicate = true> <Delay = 1.58>
ST_4 : Operation 32 [1/1] (0.00ns)   --->   "%br_ln44 = br void %for.inc30" [benchmarks/jianyicheng/getTanh/src/getTanh_tb.cpp:44]   --->   Operation 32 'br' 'br_ln44' <Predicate = true> <Delay = 0.00>


============================================================
+ Verbose Summary: Timing violations
============================================================
Target clock period: 5.000ns, clock uncertainty: 1.350ns.

 <State 1>: 4.907ns
The critical path consists of the following:
	'store' operation 0 bit ('store_ln44', benchmarks/jianyicheng/getTanh/src/getTanh_tb.cpp:44) of constant 0 on local variable 'i', benchmarks/jianyicheng/getTanh/src/getTanh_tb.cpp:44 [6]  (1.588 ns)
	'load' operation 10 bit ('i', benchmarks/jianyicheng/getTanh/src/getTanh_tb.cpp:44) on local variable 'i', benchmarks/jianyicheng/getTanh/src/getTanh_tb.cpp:44 [10]  (0.000 ns)
	'icmp' operation 1 bit ('icmp_ln44', benchmarks/jianyicheng/getTanh/src/getTanh_tb.cpp:44) [11]  (1.731 ns)
	'store' operation 0 bit ('store_ln44', benchmarks/jianyicheng/getTanh/src/getTanh_tb.cpp:44) of variable 'add_ln44', benchmarks/jianyicheng/getTanh/src/getTanh_tb.cpp:44 on local variable 'i', benchmarks/jianyicheng/getTanh/src/getTanh_tb.cpp:44 [27]  (1.588 ns)

 <State 2>: 3.254ns
The critical path consists of the following:
	'load' operation 32 bit ('gold_load', benchmarks/jianyicheng/getTanh/src/getTanh_tb.cpp:45) on array 'gold' [21]  (3.254 ns)

 <State 3>: 2.552ns
The critical path consists of the following:
	'icmp' operation 1 bit ('icmp_ln45', benchmarks/jianyicheng/getTanh/src/getTanh_tb.cpp:45) [24]  (2.552 ns)

 <State 4>: 3.319ns
The critical path consists of the following:
	'load' operation 10 bit ('results_load', benchmarks/jianyicheng/getTanh/src/getTanh_tb.cpp:45) on local variable 'results', benchmarks/jianyicheng/getTanh/src/getTanh_tb.cpp:43 [15]  (0.000 ns)
	'add' operation 10 bit ('results', benchmarks/jianyicheng/getTanh/src/getTanh_tb.cpp:45) [26]  (1.731 ns)
	'store' operation 0 bit ('store_ln43', benchmarks/jianyicheng/getTanh/src/getTanh_tb.cpp:43) of variable 'results', benchmarks/jianyicheng/getTanh/src/getTanh_tb.cpp:45 on local variable 'results', benchmarks/jianyicheng/getTanh/src/getTanh_tb.cpp:43 [28]  (1.588 ns)


============================================================
+ Verbose Summary: Binding
============================================================
N/A
* FSMD analyzer results:
  - Output states:
 - Input state : 
  - Chain level:
	State 1
	State 2
	State 3
	State 4


============================================================
+ Verbose Summary: Datapath Resource usage 
============================================================
N/A
