

================================================================
== Vitis HLS Report for 'huff_make_dhuff_tb_2_Pipeline_VITIS_LOOP_664_6'
================================================================
* Date:           Tue Jun 18 12:24:17 2024

* Version:        2023.2 (Build 4023990 on Oct 11 2023)
* Project:        jpeg_ahls
* Solution:       solution1 (Vivado IP Flow Target)
* Product family: virtexuplusHBM
* Target device:  xcvu35p-fsvh2104-1-e


================================================================
== Performance Estimates
================================================================
+ Timing: 
    * Summary: 
    +--------+---------+----------+------------+
    |  Clock |  Target | Estimated| Uncertainty|
    +--------+---------+----------+------------+
    |ap_clk  |  5.00 ns|  3.597 ns|     1.35 ns|
    +--------+---------+----------+------------+

+ Latency: 
    * Summary: 
    +---------+---------+-----------+-----------+-----+-----+---------+
    |  Latency (cycles) |   Latency (absolute)  |  Interval | Pipeline|
    |   min   |   max   |    min    |    max    | min | max |   Type  |
    +---------+---------+-----------+-----------+-----+-----+---------+
    |       19|       19|  95.000 ns|  95.000 ns|   19|   19|       no|
    +---------+---------+-----------+-----------+-----+-----+---------+

    + Detail: 
        * Instance: 
        N/A

        * Loop: 
        +--------------------+---------+---------+----------+-----------+-----------+------+----------+
        |                    |  Latency (cycles) | Iteration|  Initiation Interval  | Trip |          |
        |      Loop Name     |   min   |   max   |  Latency |  achieved |   target  | Count| Pipelined|
        +--------------------+---------+---------+----------+-----------+-----------+------+----------+
        |- VITIS_LOOP_664_6  |       17|       17|         3|          1|          1|    16|       yes|
        +--------------------+---------+---------+----------+-----------+-----------+------+----------+

============================================================
+ Verbose Summary: Synthesis Manager
============================================================
InlineROM: 1
ExposeGlobal: 0
============================================================
+ Verbose Summary: CDFG Model
============================================================
IsTopModel: 0
ResetActiveHigh: 1
IsCombinational: 0
IsDatapathOnly: 0
HasWiredReturn: 1
HasMFsm: 2
HasVarLatency: 1
IsPipeline: 0
IsRtlPipelined: 0
IsInstanceOverlapped: 0
IsDontTouch: 0
HasImplIP: 0
IsGatedGlobalClock: 0

+ Individual pipeline summary: 
  * Pipeline-0: initiation interval (II) = 1, depth = 3


============================================================
+ Verbose Summary: Schedule
============================================================
* Number of FSM states : 3
* Pipeline : 1
  Pipeline-0 : II = 1, D = 3, States = { 1 2 3 }
* Dataflow Pipeline: 0

* FSM state transitions: 
1 --> 2 
2 --> 3 
3 --> 

* FSM state operations: 

State 1 <SV = 0> <Delay = 1.75>
ST_1 : Operation 6 [1/1] (0.00ns)   --->   "%p_dhtbl_ml_1 = alloca i32 1" [benchmarks/chstone/jpeg/src/jpeg_decode.c:632]   --->   Operation 6 'alloca' 'p_dhtbl_ml_1' <Predicate = true> <Delay = 0.00>
ST_1 : Operation 7 [1/1] (0.00ns)   --->   "%p = alloca i32 1" [benchmarks/chstone/jpeg/src/jpeg_decode.c:628]   --->   Operation 7 'alloca' 'p' <Predicate = true> <Delay = 0.00>
ST_1 : Operation 8 [1/1] (0.00ns)   --->   "%p_dhtbl_ml = alloca i32 1" [benchmarks/chstone/jpeg/src/jpeg_decode.c:632]   --->   Operation 8 'alloca' 'p_dhtbl_ml' <Predicate = true> <Delay = 0.00>
ST_1 : Operation 9 [1/1] (0.46ns)   --->   "%store_ln632 = store i32 1, i32 %p_dhtbl_ml" [benchmarks/chstone/jpeg/src/jpeg_decode.c:632]   --->   Operation 9 'store' 'store_ln632' <Predicate = true> <Delay = 0.46>
ST_1 : Operation 10 [1/1] (0.46ns)   --->   "%store_ln628 = store i32 0, i32 %p" [benchmarks/chstone/jpeg/src/jpeg_decode.c:628]   --->   Operation 10 'store' 'store_ln628' <Predicate = true> <Delay = 0.46>
ST_1 : Operation 11 [1/1] (0.46ns)   --->   "%store_ln632 = store i5 1, i5 %p_dhtbl_ml_1" [benchmarks/chstone/jpeg/src/jpeg_decode.c:632]   --->   Operation 11 'store' 'store_ln632' <Predicate = true> <Delay = 0.46>
ST_1 : Operation 12 [1/1] (0.00ns)   --->   "%br_ln0 = br void %for.body32"   --->   Operation 12 'br' 'br_ln0' <Predicate = true> <Delay = 0.00>
ST_1 : Operation 13 [1/1] (0.00ns)   --->   "%l = load i5 %p_dhtbl_ml_1" [benchmarks/chstone/jpeg/src/jpeg_decode.c:664]   --->   Operation 13 'load' 'l' <Predicate = true> <Delay = 0.00>
ST_1 : Operation 14 [1/1] (0.82ns)   --->   "%icmp_ln664 = icmp_eq  i5 %l, i5 17" [benchmarks/chstone/jpeg/src/jpeg_decode.c:664]   --->   Operation 14 'icmp' 'icmp_ln664' <Predicate = true> <Delay = 0.82> <CoreInst = "Cmp">   --->   Core 9 'Cmp' <Latency = 0> <II = 1> <Delay = 0.82> <FuncUnit> <Opcode : 'icmp'> <InPorts = 2> <OutPorts = 1>
ST_1 : Operation 15 [1/1] (0.00ns)   --->   "%br_ln664 = br i1 %icmp_ln664, void %for.body32.split, void %for.end55.exitStub" [benchmarks/chstone/jpeg/src/jpeg_decode.c:664]   --->   Operation 15 'br' 'br_ln664' <Predicate = true> <Delay = 0.00>
ST_1 : Operation 16 [1/1] (0.00ns)   --->   "%zext_ln664 = zext i5 %l" [benchmarks/chstone/jpeg/src/jpeg_decode.c:664]   --->   Operation 16 'zext' 'zext_ln664' <Predicate = (!icmp_ln664)> <Delay = 0.00>
ST_1 : Operation 17 [1/1] (0.00ns)   --->   "%p_jinfo_ac_dhuff_tbl_maxcode_addr = getelementptr i32 %p_jinfo_ac_dhuff_tbl_maxcode, i64 0, i64 %zext_ln664" [benchmarks/chstone/jpeg/src/jpeg_decode.c:671]   --->   Operation 17 'getelementptr' 'p_jinfo_ac_dhuff_tbl_maxcode_addr' <Predicate = (!icmp_ln664)> <Delay = 0.00>
ST_1 : Operation 18 [1/1] (0.00ns)   --->   "%p_jinfo_ac_dhuff_tbl_mincode_addr = getelementptr i11 %p_jinfo_ac_dhuff_tbl_mincode, i64 0, i64 %zext_ln664" [benchmarks/chstone/jpeg/src/jpeg_decode.c:669]   --->   Operation 18 'getelementptr' 'p_jinfo_ac_dhuff_tbl_mincode_addr' <Predicate = (!icmp_ln664)> <Delay = 0.00>
ST_1 : Operation 19 [1/1] (0.00ns)   --->   "%p_jinfo_ac_dhuff_tbl_valptr_addr = getelementptr i11 %p_jinfo_ac_dhuff_tbl_valptr, i64 0, i64 %zext_ln664" [benchmarks/chstone/jpeg/src/jpeg_decode.c:668]   --->   Operation 19 'getelementptr' 'p_jinfo_ac_dhuff_tbl_valptr_addr' <Predicate = (!icmp_ln664)> <Delay = 0.00>
ST_1 : Operation 20 [1/1] (0.00ns)   --->   "%p_jinfo_dc_xhuff_tbl_bits_addr = getelementptr i8 %p_jinfo_dc_xhuff_tbl_bits, i64 0, i64 %zext_ln664" [benchmarks/chstone/jpeg/src/jpeg_decode.c:665]   --->   Operation 20 'getelementptr' 'p_jinfo_dc_xhuff_tbl_bits_addr' <Predicate = (!icmp_ln664)> <Delay = 0.00>
ST_1 : Operation 21 [2/2] (1.29ns)   --->   "%p_jinfo_dc_xhuff_tbl_bits_load = load i8 %p_jinfo_dc_xhuff_tbl_bits_addr" [benchmarks/chstone/jpeg/src/jpeg_decode.c:665]   --->   Operation 21 'load' 'p_jinfo_dc_xhuff_tbl_bits_load' <Predicate = (!icmp_ln664)> <Delay = 1.29> <CoreInst = "RAM">   --->   Core 83 'RAM' <Latency = 1> <II = 1> <Delay = 1.29> <Storage> <Opcode : 'load' 'store'> <Ports = 2> <Width = 8> <Depth = 200> <RAM>
ST_1 : Operation 22 [1/1] (0.82ns)   --->   "%add_ln664 = add i5 %l, i5 1" [benchmarks/chstone/jpeg/src/jpeg_decode.c:664]   --->   Operation 22 'add' 'add_ln664' <Predicate = (!icmp_ln664)> <Delay = 0.82> <CoreInst = "Adder">   --->   Core 1 'Adder' <Latency = 0> <II = 1> <Delay = 0.82> <FuncUnit> <Opcode : 'add' 'sub'> <InPorts = 2> <OutPorts = 1>
ST_1 : Operation 23 [1/1] (0.46ns)   --->   "%store_ln632 = store i5 %add_ln664, i5 %p_dhtbl_ml_1" [benchmarks/chstone/jpeg/src/jpeg_decode.c:632]   --->   Operation 23 'store' 'store_ln632' <Predicate = (!icmp_ln664)> <Delay = 0.46>
ST_1 : Operation 24 [1/1] (0.00ns)   --->   "%br_ln664 = br void %for.body32" [benchmarks/chstone/jpeg/src/jpeg_decode.c:664]   --->   Operation 24 'br' 'br_ln664' <Predicate = (!icmp_ln664)> <Delay = 0.00>

State 2 <SV = 1> <Delay = 3.59>
ST_2 : Operation 25 [1/1] (0.00ns)   --->   "%p_dhtbl_ml_2 = load i32 %p_dhtbl_ml" [benchmarks/chstone/jpeg/src/jpeg_decode.c:664]   --->   Operation 25 'load' 'p_dhtbl_ml_2' <Predicate = true> <Delay = 0.00>
ST_2 : Operation 26 [1/1] (0.00ns)   --->   "%trunc_ln664 = trunc i32 %p_dhtbl_ml_2" [benchmarks/chstone/jpeg/src/jpeg_decode.c:664]   --->   Operation 26 'trunc' 'trunc_ln664' <Predicate = true> <Delay = 0.00>
ST_2 : Operation 27 [1/1] (0.00ns)   --->   "%p_load = load i32 %p" [benchmarks/chstone/jpeg/src/jpeg_decode.c:664]   --->   Operation 27 'load' 'p_load' <Predicate = (!icmp_ln664)> <Delay = 0.00>
ST_2 : Operation 28 [1/1] (0.00ns)   --->   "%trunc_ln664_1 = trunc i32 %p_load" [benchmarks/chstone/jpeg/src/jpeg_decode.c:664]   --->   Operation 28 'trunc' 'trunc_ln664_1' <Predicate = (!icmp_ln664)> <Delay = 0.00>
ST_2 : Operation 29 [1/1] (0.00ns)   --->   "%trunc_ln664_2 = trunc i32 %p_load" [benchmarks/chstone/jpeg/src/jpeg_decode.c:664]   --->   Operation 29 'trunc' 'trunc_ln664_2' <Predicate = (!icmp_ln664)> <Delay = 0.00>
ST_2 : Operation 30 [1/1] (0.00ns)   --->   "%specpipeline_ln628 = specpipeline void @_ssdm_op_SpecPipeline, i32 4294967295, i32 0, i32 0, i32 0, void @empty_17" [benchmarks/chstone/jpeg/src/jpeg_decode.c:628]   --->   Operation 30 'specpipeline' 'specpipeline_ln628' <Predicate = (!icmp_ln664)> <Delay = 0.00>
ST_2 : Operation 31 [1/1] (0.00ns)   --->   "%speclooptripcount_ln628 = speclooptripcount void @_ssdm_op_SpecLoopTripCount, i64 16, i64 16, i64 16" [benchmarks/chstone/jpeg/src/jpeg_decode.c:628]   --->   Operation 31 'speclooptripcount' 'speclooptripcount_ln628' <Predicate = (!icmp_ln664)> <Delay = 0.00>
ST_2 : Operation 32 [1/1] (0.00ns)   --->   "%specloopname_ln664 = specloopname void @_ssdm_op_SpecLoopName, void @empty_24" [benchmarks/chstone/jpeg/src/jpeg_decode.c:664]   --->   Operation 32 'specloopname' 'specloopname_ln664' <Predicate = (!icmp_ln664)> <Delay = 0.00>
ST_2 : Operation 33 [1/2] (1.29ns)   --->   "%p_jinfo_dc_xhuff_tbl_bits_load = load i8 %p_jinfo_dc_xhuff_tbl_bits_addr" [benchmarks/chstone/jpeg/src/jpeg_decode.c:665]   --->   Operation 33 'load' 'p_jinfo_dc_xhuff_tbl_bits_load' <Predicate = (!icmp_ln664)> <Delay = 1.29> <CoreInst = "RAM">   --->   Core 83 'RAM' <Latency = 1> <II = 1> <Delay = 1.29> <Storage> <Opcode : 'load' 'store'> <Ports = 2> <Width = 8> <Depth = 200> <RAM>
ST_2 : Operation 34 [1/1] (0.00ns)   --->   "%zext_ln665 = zext i8 %p_jinfo_dc_xhuff_tbl_bits_load" [benchmarks/chstone/jpeg/src/jpeg_decode.c:665]   --->   Operation 34 'zext' 'zext_ln665' <Predicate = (!icmp_ln664)> <Delay = 0.00>
ST_2 : Operation 35 [1/1] (0.00ns)   --->   "%zext_ln665_1 = zext i8 %p_jinfo_dc_xhuff_tbl_bits_load" [benchmarks/chstone/jpeg/src/jpeg_decode.c:665]   --->   Operation 35 'zext' 'zext_ln665_1' <Predicate = (!icmp_ln664)> <Delay = 0.00>
ST_2 : Operation 36 [1/1] (0.87ns)   --->   "%icmp_ln665 = icmp_eq  i8 %p_jinfo_dc_xhuff_tbl_bits_load, i8 0" [benchmarks/chstone/jpeg/src/jpeg_decode.c:665]   --->   Operation 36 'icmp' 'icmp_ln665' <Predicate = (!icmp_ln664)> <Delay = 0.87> <CoreInst = "Cmp">   --->   Core 9 'Cmp' <Latency = 0> <II = 1> <Delay = 0.87> <FuncUnit> <Opcode : 'icmp'> <InPorts = 2> <OutPorts = 1>
ST_2 : Operation 37 [1/1] (0.00ns)   --->   "%br_ln665 = br i1 %icmp_ln665, void %if.else, void %if.then36" [benchmarks/chstone/jpeg/src/jpeg_decode.c:665]   --->   Operation 37 'br' 'br_ln665' <Predicate = (!icmp_ln664)> <Delay = 0.00>
ST_2 : Operation 38 [1/1] (0.73ns)   --->   "%store_ln668 = store i11 %trunc_ln664_2, i7 %p_jinfo_ac_dhuff_tbl_valptr_addr" [benchmarks/chstone/jpeg/src/jpeg_decode.c:668]   --->   Operation 38 'store' 'store_ln668' <Predicate = (!icmp_ln664 & !icmp_ln665)> <Delay = 0.73> <CoreInst = "RAM">   --->   Core 83 'RAM' <Latency = 1> <II = 1> <Delay = 0.73> <Storage> <Opcode : 'load' 'store'> <Ports = 2> <Width = 11> <Depth = 72> <RAM>
ST_2 : Operation 39 [1/1] (0.00ns)   --->   "%zext_ln669 = zext i32 %p_load" [benchmarks/chstone/jpeg/src/jpeg_decode.c:669]   --->   Operation 39 'zext' 'zext_ln669' <Predicate = (!icmp_ln664 & !icmp_ln665)> <Delay = 0.00>
ST_2 : Operation 40 [1/1] (0.00ns)   --->   "%huffcode_addr = getelementptr i32 %huffcode, i64 0, i64 %zext_ln669" [benchmarks/chstone/jpeg/src/jpeg_decode.c:669]   --->   Operation 40 'getelementptr' 'huffcode_addr' <Predicate = (!icmp_ln664 & !icmp_ln665)> <Delay = 0.00>
ST_2 : Operation 41 [2/2] (1.29ns)   --->   "%huffcode_load = load i9 %huffcode_addr" [benchmarks/chstone/jpeg/src/jpeg_decode.c:669]   --->   Operation 41 'load' 'huffcode_load' <Predicate = (!icmp_ln664 & !icmp_ln665)> <Delay = 1.29> <CoreInst = "RAM">   --->   Core 83 'RAM' <Latency = 1> <II = 1> <Delay = 1.29> <Storage> <Opcode : 'load' 'store'> <Ports = 2> <Width = 32> <Depth = 257> <RAM>
ST_2 : Operation 42 [1/1] (0.00ns) (grouped into TernaryAdder)   --->   "%add_ln670 = add i9 %trunc_ln664_1, i9 511" [benchmarks/chstone/jpeg/src/jpeg_decode.c:670]   --->   Operation 42 'add' 'add_ln670' <Predicate = (!icmp_ln664 & !icmp_ln665)> <Delay = 0.00> <CoreInst = "TAddSub">   --->   Core 10 'TAddSub' <Latency = 0> <II = 1> <Delay = 0.50> <IPBlock> <Opcode : '' 'add' 'sub'> <InPorts = 3> <OutPorts = 1> <Sync> <CReg>
ST_2 : Operation 43 [1/1] (1.00ns) (root node of TernaryAdder)   --->   "%p_1 = add i9 %add_ln670, i9 %zext_ln665_1" [benchmarks/chstone/jpeg/src/jpeg_decode.c:670]   --->   Operation 43 'add' 'p_1' <Predicate = (!icmp_ln664 & !icmp_ln665)> <Delay = 1.00> <CoreInst = "TAddSub">   --->   Core 10 'TAddSub' <Latency = 0> <II = 1> <Delay = 0.50> <IPBlock> <Opcode : '' 'add' 'sub'> <InPorts = 3> <OutPorts = 1> <Sync> <CReg>
ST_2 : Operation 44 [1/1] (0.00ns)   --->   "%zext_ln671 = zext i9 %p_1" [benchmarks/chstone/jpeg/src/jpeg_decode.c:671]   --->   Operation 44 'zext' 'zext_ln671' <Predicate = (!icmp_ln664 & !icmp_ln665)> <Delay = 0.00>
ST_2 : Operation 45 [1/1] (0.00ns)   --->   "%huffcode_addr_1 = getelementptr i32 %huffcode, i64 0, i64 %zext_ln671" [benchmarks/chstone/jpeg/src/jpeg_decode.c:671]   --->   Operation 45 'getelementptr' 'huffcode_addr_1' <Predicate = (!icmp_ln664 & !icmp_ln665)> <Delay = 0.00>
ST_2 : Operation 46 [2/2] (1.29ns)   --->   "%huffcode_load_1 = load i9 %huffcode_addr_1" [benchmarks/chstone/jpeg/src/jpeg_decode.c:671]   --->   Operation 46 'load' 'huffcode_load_1' <Predicate = (!icmp_ln664 & !icmp_ln665)> <Delay = 1.29> <CoreInst = "RAM">   --->   Core 83 'RAM' <Latency = 1> <II = 1> <Delay = 1.29> <Storage> <Opcode : 'load' 'store'> <Ports = 2> <Width = 32> <Depth = 257> <RAM>
ST_2 : Operation 47 [1/1] (1.14ns)   --->   "%p_2 = add i32 %zext_ln665, i32 %p_load" [benchmarks/chstone/jpeg/src/jpeg_decode.c:673]   --->   Operation 47 'add' 'p_2' <Predicate = (!icmp_ln664 & !icmp_ln665)> <Delay = 1.14> <CoreInst = "Adder">   --->   Core 1 'Adder' <Latency = 0> <II = 1> <Delay = 1.14> <FuncUnit> <Opcode : 'add' 'sub'> <InPorts = 2> <OutPorts = 1>
ST_2 : Operation 48 [1/1] (0.00ns)   --->   "%l_cast7 = zext i5 %l" [benchmarks/chstone/jpeg/src/jpeg_decode.c:664]   --->   Operation 48 'zext' 'l_cast7' <Predicate = (!icmp_ln664 & !icmp_ln665)> <Delay = 0.00>
ST_2 : Operation 49 [1/1] (0.46ns)   --->   "%store_ln632 = store i32 %l_cast7, i32 %p_dhtbl_ml" [benchmarks/chstone/jpeg/src/jpeg_decode.c:632]   --->   Operation 49 'store' 'store_ln632' <Predicate = (!icmp_ln664 & !icmp_ln665)> <Delay = 0.46>
ST_2 : Operation 50 [1/1] (0.46ns)   --->   "%store_ln628 = store i32 %p_2, i32 %p" [benchmarks/chstone/jpeg/src/jpeg_decode.c:628]   --->   Operation 50 'store' 'store_ln628' <Predicate = (!icmp_ln664 & !icmp_ln665)> <Delay = 0.46>
ST_2 : Operation 51 [1/1] (1.29ns)   --->   "%store_ln666 = store i32 4294967295, i7 %p_jinfo_ac_dhuff_tbl_maxcode_addr" [benchmarks/chstone/jpeg/src/jpeg_decode.c:666]   --->   Operation 51 'store' 'store_ln666' <Predicate = (!icmp_ln664 & icmp_ln665)> <Delay = 1.29> <CoreInst = "RAM">   --->   Core 83 'RAM' <Latency = 1> <II = 1> <Delay = 1.29> <Storage> <Opcode : 'load' 'store'> <Ports = 2> <Width = 32> <Depth = 72> <RAM>
ST_2 : Operation 52 [1/1] (0.00ns)   --->   "%br_ln667 = br void %for.inc53" [benchmarks/chstone/jpeg/src/jpeg_decode.c:667]   --->   Operation 52 'br' 'br_ln667' <Predicate = (!icmp_ln664 & icmp_ln665)> <Delay = 0.00>
ST_2 : Operation 59 [1/1] (0.00ns)   --->   "%write_ln664 = write void @_ssdm_op_Write.ap_auto.i7P0A, i7 %p_dhtbl_ml_out, i7 %trunc_ln664" [benchmarks/chstone/jpeg/src/jpeg_decode.c:664]   --->   Operation 59 'write' 'write_ln664' <Predicate = (icmp_ln664)> <Delay = 0.00>
ST_2 : Operation 60 [1/1] (0.00ns)   --->   "%ret_ln0 = ret"   --->   Operation 60 'ret' 'ret_ln0' <Predicate = (icmp_ln664)> <Delay = 0.00>

State 3 <SV = 2> <Delay = 2.59>
ST_3 : Operation 53 [1/2] (1.29ns)   --->   "%huffcode_load = load i9 %huffcode_addr" [benchmarks/chstone/jpeg/src/jpeg_decode.c:669]   --->   Operation 53 'load' 'huffcode_load' <Predicate = (!icmp_ln665)> <Delay = 1.29> <CoreInst = "RAM">   --->   Core 83 'RAM' <Latency = 1> <II = 1> <Delay = 1.29> <Storage> <Opcode : 'load' 'store'> <Ports = 2> <Width = 32> <Depth = 257> <RAM>
ST_3 : Operation 54 [1/1] (0.00ns)   --->   "%trunc_ln669 = trunc i32 %huffcode_load" [benchmarks/chstone/jpeg/src/jpeg_decode.c:669]   --->   Operation 54 'trunc' 'trunc_ln669' <Predicate = (!icmp_ln665)> <Delay = 0.00>
ST_3 : Operation 55 [1/1] (0.73ns)   --->   "%store_ln669 = store i11 %trunc_ln669, i7 %p_jinfo_ac_dhuff_tbl_mincode_addr" [benchmarks/chstone/jpeg/src/jpeg_decode.c:669]   --->   Operation 55 'store' 'store_ln669' <Predicate = (!icmp_ln665)> <Delay = 0.73> <CoreInst = "RAM">   --->   Core 83 'RAM' <Latency = 1> <II = 1> <Delay = 0.73> <Storage> <Opcode : 'load' 'store'> <Ports = 2> <Width = 11> <Depth = 72> <RAM>
ST_3 : Operation 56 [1/2] (1.29ns)   --->   "%huffcode_load_1 = load i9 %huffcode_addr_1" [benchmarks/chstone/jpeg/src/jpeg_decode.c:671]   --->   Operation 56 'load' 'huffcode_load_1' <Predicate = (!icmp_ln665)> <Delay = 1.29> <CoreInst = "RAM">   --->   Core 83 'RAM' <Latency = 1> <II = 1> <Delay = 1.29> <Storage> <Opcode : 'load' 'store'> <Ports = 2> <Width = 32> <Depth = 257> <RAM>
ST_3 : Operation 57 [1/1] (1.29ns)   --->   "%store_ln671 = store i32 %huffcode_load_1, i7 %p_jinfo_ac_dhuff_tbl_maxcode_addr" [benchmarks/chstone/jpeg/src/jpeg_decode.c:671]   --->   Operation 57 'store' 'store_ln671' <Predicate = (!icmp_ln665)> <Delay = 1.29> <CoreInst = "RAM">   --->   Core 83 'RAM' <Latency = 1> <II = 1> <Delay = 1.29> <Storage> <Opcode : 'load' 'store'> <Ports = 2> <Width = 32> <Depth = 72> <RAM>
ST_3 : Operation 58 [1/1] (0.00ns)   --->   "%br_ln0 = br void %for.inc53"   --->   Operation 58 'br' 'br_ln0' <Predicate = (!icmp_ln665)> <Delay = 0.00>


============================================================
+ Verbose Summary: Timing violations
============================================================
Target clock period: 5.000ns, clock uncertainty: 1.350ns.

 <State 1>: 1.757ns
The critical path consists of the following:
	'store' operation 0 bit ('store_ln632', benchmarks/chstone/jpeg/src/jpeg_decode.c:632) of constant 1 on local variable 'p_dhtbl_ml', benchmarks/chstone/jpeg/src/jpeg_decode.c:632 [12]  (0.460 ns)
	'load' operation 5 bit ('l', benchmarks/chstone/jpeg/src/jpeg_decode.c:664) on local variable 'p_dhtbl_ml', benchmarks/chstone/jpeg/src/jpeg_decode.c:632 [15]  (0.000 ns)
	'getelementptr' operation 8 bit ('p_jinfo_dc_xhuff_tbl_bits_addr', benchmarks/chstone/jpeg/src/jpeg_decode.c:665) [31]  (0.000 ns)
	'load' operation 8 bit ('p_jinfo_dc_xhuff_tbl_bits_load', benchmarks/chstone/jpeg/src/jpeg_decode.c:665) on array 'p_jinfo_dc_xhuff_tbl_bits' [32]  (1.297 ns)

 <State 2>: 3.597ns
The critical path consists of the following:
	'load' operation 8 bit ('p_jinfo_dc_xhuff_tbl_bits_load', benchmarks/chstone/jpeg/src/jpeg_decode.c:665) on array 'p_jinfo_dc_xhuff_tbl_bits' [32]  (1.297 ns)
	'add' operation 9 bit ('p', benchmarks/chstone/jpeg/src/jpeg_decode.c:670) [45]  (1.003 ns)
	'getelementptr' operation 9 bit ('huffcode_addr_1', benchmarks/chstone/jpeg/src/jpeg_decode.c:671) [47]  (0.000 ns)
	'load' operation 32 bit ('huffcode_load_1', benchmarks/chstone/jpeg/src/jpeg_decode.c:671) on array 'huffcode' [48]  (1.297 ns)

 <State 3>: 2.594ns
The critical path consists of the following:
	'load' operation 32 bit ('huffcode_load_1', benchmarks/chstone/jpeg/src/jpeg_decode.c:671) on array 'huffcode' [48]  (1.297 ns)
	'store' operation 0 bit ('store_ln671', benchmarks/chstone/jpeg/src/jpeg_decode.c:671) of variable 'huffcode_load_1', benchmarks/chstone/jpeg/src/jpeg_decode.c:671 on array 'p_jinfo_ac_dhuff_tbl_maxcode' [49]  (1.297 ns)


============================================================
+ Verbose Summary: Binding
============================================================
N/A
* FSMD analyzer results:
  - Output states:
 - Input state : 
  - Chain level:
	State 1
	State 2
	State 3


============================================================
+ Verbose Summary: Datapath Resource usage 
============================================================
N/A
