================================================================
== Vivado Place & Route Results
================================================================
+ General Information:
    * Date:            Mon Mar 31 15:39:04 -03 2025
    * Version:         2023.2 (Build 4023990 on Oct 11 2023)
    * Project:         GSM
    * Solution:        solution0 (Vivado IP Flow Target)
    * Product family:  virtexuplusHBM
    * Target device:   xcu50-fsvh2104-2-e


================================================================
== Run Constraints & Options
================================================================
+ Design Constraints & Options:
    * Place & Route target clock:  8 ns
    * C-Synthesis target clock:    8 ns
    * C-Synthesis uncertainty:     27%

+ RTL Synthesis Options:
    * config_export -vivado_synth_strategy:     default
    * config_export -vivado_synth_design_args:  -directive sdx_optimization_effort_high

+ Place & Route Options:
    * config_export -vivado_impl_strategy:  default
    * config_export -vivado_phys_opt:       none

+ Reporting Options:
    * config_export -vivado_report_level:      2
    * config_export -vivado_max_timing_paths:  10


================================================================
== Place & Route Resource Summary
================================================================
LUT:              2593
FF:               1635
DSP:              40
BRAM:             4
URAM:             0
SRL:              9


================================================================
== Place & Route Timing Summary
================================================================
* Timing was met
+----------------+-------------+
| Timing         | Period (ns) |
+----------------+-------------+
| Target         | 8.000       |
| Post-Synthesis | 3.518       |
| Post-Route     | 4.582       |
+----------------+-------------+


================================================================
== Place & Route Resources
================================================================
+-------------------------------------------------------------+------+------+-----+------+------+-----+--------+------+---------+----------+--------+
| Name                                                        | LUT  | FF   | DSP | BRAM | URAM | SRL | Pragma | Impl | Latency | Variable | Source |
+-------------------------------------------------------------+------+------+-----+------+------+-----+--------+------+---------+----------+--------+
| inst                                                        | 2593 | 1635 | 40  | 4    |      |     |        |      |         |          |        |
|   (inst)                                                    | 1    | 12   |     |      |      |     |        |      |         |          |        |
|   L_ACF_U                                                   | 191  |      |     | 4    |      |     |        |      |         |          |        |
|   bitoff_U                                                  | 27   | 16   |     |      |      |     |        |      |         |          |        |
|   grp_Autocorrelation_fu_40                                 | 1555 | 1195 | 34  |      |      |     |        |      |         |          |        |
|     (grp_Autocorrelation_fu_40)                             | 816  | 1165 | 4   |      |      |     |        |      |         |          |        |
|     am_addmul_16s_16s_16s_33_4_1_U30                        |      |      | 1   |      |      |     |        |      |         |          |        |
|     am_addmul_16s_16s_16s_33_4_1_U39                        | 66   |      | 1   |      |      |     |        |      |         |          |        |
|     ama_addmuladd_16s_16s_16s_32s_33_4_1_U28                |      |      | 2   |      |      |     |        |      |         |          |        |
|     ama_addmuladd_16s_16s_16s_32s_33_4_1_U29                |      |      | 2   |      |      |     |        |      |         |          |        |
|     ama_addmuladd_16s_16s_16s_33s_34_4_1_U38                |      |      | 1   |      |      |     |        |      |         |          |        |
|     ama_addmuladd_16s_16s_16s_33s_34_4_1_U40                |      |      | 1   |      |      |     |        |      |         |          |        |
|     ama_addmuladd_16s_16s_16s_33s_34_4_1_U41                | 20   |      | 1   |      |      |     |        |      |         |          |        |
|     grp_Autocorrelation_Pipeline_VITIS_LOOP_65_1_fu_532     | 65   | 30   | 1   |      |      |     |        |      |         |          |        |
|       (grp_Autocorrelation_Pipeline_VITIS_LOOP_65_1_fu_532) | 33   | 28   |     |      |      |     |        |      |         |          |        |
|       mac_muladd_16s_15ns_15ns_31_4_1_U1                    |      |      | 1   |      |      |     |        |      |         |          |        |
|     mac_muladd_16s_16s_32s_33_4_1_U31                       | 1    |      | 2   |      |      |     |        |      |         |          |        |
|     mac_muladd_16s_16s_32s_33_4_1_U32                       | 1    |      | 2   |      |      |     |        |      |         |          |        |
|     mac_muladd_16s_16s_32s_33_4_1_U33                       | 26   |      | 2   |      |      |     |        |      |         |          |        |
|     mac_muladd_16s_16s_32s_33_4_1_U34                       | 4    |      | 2   |      |      |     |        |      |         |          |        |
|     mac_muladd_16s_16s_32s_33_4_1_U35                       | 8    |      | 2   |      |      |     |        |      |         |          |        |
|     mac_muladd_16s_16s_32s_33_4_1_U42                       | 63   |      | 2   |      |      |     |        |      |         |          |        |
|     mac_muladd_16s_16s_33s_33_4_1_U36                       | 33   |      | 1   |      |      |     |        |      |         |          |        |
|     mac_muladd_16s_16s_33s_33_4_1_U37                       | 5    |      | 1   |      |      |     |        |      |         |          |        |
|     mul_16s_16s_32_1_1_U10                                  | 109  |      | 1   |      |      |     |        |      |         |          |        |
|     mul_16s_16s_32_1_1_U16                                  | 67   |      | 1   |      |      |     |        |      |         |          |        |
|     mul_16s_16s_32_1_1_U20                                  | 4    |      | 1   |      |      |     |        |      |         |          |        |
|     mul_16s_16s_32_1_1_U21                                  | 70   |      | 1   |      |      |     |        |      |         |          |        |
|     mul_16s_16s_32_1_1_U22                                  | 70   |      | 1   |      |      |     |        |      |         |          |        |
|     mul_16s_16s_32_1_1_U23                                  | 193  |      | 1   |      |      |     |        |      |         |          |        |
|   grp_Quantization_and_coding_fu_65                         | 214  | 76   | 3   |      |      |     |        |      |         |          |        |
|     (grp_Quantization_and_coding_fu_65)                     | 170  | 76   |     |      |      |     |        |      |         |          |        |
|     mul_16s_15ns_31_1_1_U61                                 | 13   |      | 1   |      |      |     |        |      |         |          |        |
|     mul_16s_15ns_31_1_1_U62                                 | 14   |      | 1   |      |      |     |        |      |         |          |        |
|     mul_16s_15ns_31_1_1_U63                                 | 17   |      | 1   |      |      |     |        |      |         |          |        |
|   grp_Reflection_coefficients_fu_50                         | 497  | 323  | 3   |      |      |     |        |      |         |          |        |
|     (grp_Reflection_coefficients_fu_50)                     | 212  | 275  |     |      |      |     |        |      |         |          |        |
|     ACF_U                                                   | 13   | 16   |     |      |      |     |        |      |         |          |        |
|     K_U                                                     | 17   | 16   |     |      |      |     |        |      |         |          |        |
|     P_U                                                     | 64   | 16   |     |      |      |     |        |      |         |          |        |
|     mac_muladd_16s_16s_15ns_31_4_1_U52                      | 59   |      | 1   |      |      |     |        |      |         |          |        |
|     mac_muladd_16s_16s_15ns_31_4_1_U53                      | 84   |      | 1   |      |      |     |        |      |         |          |        |
|     mac_muladd_16s_16s_15ns_31_4_1_U54                      | 50   |      | 1   |      |      |     |        |      |         |          |        |
|   grp_Transformation_to_Log_Area_Ratios_fu_59               | 109  | 13   |     |      |      |     |        |      |         |          |        |
+-------------------------------------------------------------+------+------+-----+------+------+-----+--------+------+---------+----------+--------+


================================================================
== Place & Route Fail Fast
================================================================
+-----------------------------------------------------------+-----------+--------+--------+
| Criteria                                                  | Guideline | Actual | Status |
+-----------------------------------------------------------+-----------+--------+--------+
| LUT                                                       | 70%       | 0.30%  | OK     |
| FD                                                        | 50%       | 0.09%  | OK     |
| LUTRAM+SRL                                                | 25%       | 0.01%  | OK     |
| CARRY8                                                    | 25%       | 0.13%  | OK     |
| MUXF7                                                     | 15%       | 0.01%  | OK     |
| DSP                                                       | 80%       | 0.67%  | OK     |
| RAMB/FIFO                                                 | 80%       | 0.15%  | OK     |
| URAM                                                      | 80%       | 0.00%  | OK     |
| DSP+RAMB+URAM (Avg)                                       | 70%       | 0.41%  | OK     |
| BUFGCE* + BUFGCTRL                                        | 24        | 0      | OK     |
| DONT_TOUCH (cells/nets)                                   | 0         | 0      | OK     |
| MARK_DEBUG (nets)                                         | 0         | 0      | OK     |
| Control Sets                                              | 16344     | 69     | OK     |
| Average Fanout for modules > 100k cells                   | 4         | 1.06   | OK     |
| Max Average Fanout for modules > 100k cells               | 4         | 0      | OK     |
| Non-FD high fanout nets > 10k loads                       | 0         | 0      | OK     |
+-----------------------------------------------------------+-----------+--------+--------+
| TIMING-6 (No common primary clock between related clocks) | 0         | 0      | OK     |
| TIMING-7 (No common node between related clocks)          | 0         | 0      | OK     |
| TIMING-8 (No common period between related clocks)        | 0         | 0      | OK     |
| TIMING-14 (LUT on the clock tree)                         | 0         | 0      | OK     |
| TIMING-35 (No common node in paths with the same clock)   | 0         | 0      | OK     |
+-----------------------------------------------------------+-----------+--------+--------+
| Number of paths above max LUT budgeting (0.300ns)         | 0         | 0      | OK     |
| Number of paths above max Net budgeting (0.208ns)         | 0         | 0      | OK     |
+-----------------------------------------------------------+-----------+--------+--------+


================================================================
== Place & Route Timing Paths
================================================================
* Timing was met
+-------+-------+------------------------------------------------------------------------------------+-----------------------------------------------------+--------------+------------+----------------+----------------+--------------+
| Path  | SLACK | STARTPOINT PIN                                                                     | ENDPOINT PIN                                        | LOGIC LEVELS | MAX FANOUT | DATAPATH DELAY | DATAPATH LOGIC | DATAPATH NET |
|       |       |                                                                                    |                                                     |              |            |                |          DELAY |        DELAY |
+-------+-------+------------------------------------------------------------------------------------+-----------------------------------------------------+--------------+------------+----------------+----------------+--------------+
| Path1 | 3.418 | grp_Autocorrelation_fu_40/mul_16s_16s_32_1_1_U22/tmp_product/DSP_A_B_DATA_INST/CLK | grp_Autocorrelation_fu_40/empty_88_fu_204_reg[63]/D |           10 |         63 |          4.533 |          2.709 |        1.824 |
| Path2 | 3.421 | grp_Autocorrelation_fu_40/mul_16s_16s_32_1_1_U22/tmp_product/DSP_A_B_DATA_INST/CLK | grp_Autocorrelation_fu_40/empty_88_fu_204_reg[61]/D |           10 |         63 |          4.530 |          2.707 |        1.823 |
| Path3 | 3.431 | grp_Autocorrelation_fu_40/mul_16s_16s_32_1_1_U22/tmp_product/DSP_A_B_DATA_INST/CLK | grp_Autocorrelation_fu_40/empty_88_fu_204_reg[62]/D |           10 |         63 |          4.520 |          2.587 |        1.933 |
| Path4 | 3.454 | grp_Autocorrelation_fu_40/mul_16s_16s_32_1_1_U22/tmp_product/DSP_A_B_DATA_INST/CLK | grp_Autocorrelation_fu_40/empty_88_fu_204_reg[60]/D |           10 |         63 |          4.497 |          2.674 |        1.823 |
| Path5 | 3.534 | grp_Autocorrelation_fu_40/mul_16s_16s_32_1_1_U22/tmp_product/DSP_A_B_DATA_INST/CLK | grp_Autocorrelation_fu_40/empty_88_fu_204_reg[59]/D |           10 |         63 |          4.417 |          2.593 |        1.824 |
+-------+-------+------------------------------------------------------------------------------------+-----------------------------------------------------+--------------+------------+----------------+----------------+--------------+

    +-----------------------------------------------------------------------------------+------------------------+
    | Path1 Cells                                                                       | Primitive Type         |
    +-----------------------------------------------------------------------------------+------------------------+
    | grp_Autocorrelation_fu_40/mul_16s_16s_32_1_1_U22/tmp_product/DSP_A_B_DATA_INST    | ARITHMETIC.DSP.DSP48E2 |
    | grp_Autocorrelation_fu_40/mul_16s_16s_32_1_1_U22/tmp_product/DSP_PREADD_DATA_INST | ARITHMETIC.DSP.DSP48E2 |
    | grp_Autocorrelation_fu_40/mul_16s_16s_32_1_1_U22/tmp_product/DSP_MULTIPLIER_INST  | ARITHMETIC.DSP.DSP48E2 |
    | grp_Autocorrelation_fu_40/mul_16s_16s_32_1_1_U22/tmp_product/DSP_M_DATA_INST      | ARITHMETIC.DSP.DSP48E2 |
    | grp_Autocorrelation_fu_40/mul_16s_16s_32_1_1_U22/tmp_product/DSP_ALU_INST         | ARITHMETIC.DSP.DSP48E2 |
    | grp_Autocorrelation_fu_40/mul_16s_16s_32_1_1_U22/tmp_product/DSP_OUTPUT_INST      | ARITHMETIC.DSP.DSP48E2 |
    | grp_Autocorrelation_fu_40/mul_ln126_reg_2439_reg/DSP_C_DATA_INST                  | ARITHMETIC.DSP.DSP48E2 |
    | grp_Autocorrelation_fu_40/mul_ln126_reg_2439_reg/DSP_ALU_INST                     | ARITHMETIC.DSP.DSP48E2 |
    | grp_Autocorrelation_fu_40/mul_ln126_reg_2439_reg/DSP_OUTPUT_INST                  | ARITHMETIC.DSP.DSP48E2 |
    | grp_Autocorrelation_fu_40/empty_88_fu_204[56]_i_7                                 | CLB.LUT.LUT4           |
    | grp_Autocorrelation_fu_40/empty_88_fu_204_reg[56]_i_1                             | CLB.CARRY.CARRY8       |
    | grp_Autocorrelation_fu_40/empty_88_fu_204_reg[63]                                 | REGISTER.SDR.FDRE      |
    +-----------------------------------------------------------------------------------+------------------------+

    +-----------------------------------------------------------------------------------+------------------------+
    | Path2 Cells                                                                       | Primitive Type         |
    +-----------------------------------------------------------------------------------+------------------------+
    | grp_Autocorrelation_fu_40/mul_16s_16s_32_1_1_U22/tmp_product/DSP_A_B_DATA_INST    | ARITHMETIC.DSP.DSP48E2 |
    | grp_Autocorrelation_fu_40/mul_16s_16s_32_1_1_U22/tmp_product/DSP_PREADD_DATA_INST | ARITHMETIC.DSP.DSP48E2 |
    | grp_Autocorrelation_fu_40/mul_16s_16s_32_1_1_U22/tmp_product/DSP_MULTIPLIER_INST  | ARITHMETIC.DSP.DSP48E2 |
    | grp_Autocorrelation_fu_40/mul_16s_16s_32_1_1_U22/tmp_product/DSP_M_DATA_INST      | ARITHMETIC.DSP.DSP48E2 |
    | grp_Autocorrelation_fu_40/mul_16s_16s_32_1_1_U22/tmp_product/DSP_ALU_INST         | ARITHMETIC.DSP.DSP48E2 |
    | grp_Autocorrelation_fu_40/mul_16s_16s_32_1_1_U22/tmp_product/DSP_OUTPUT_INST      | ARITHMETIC.DSP.DSP48E2 |
    | grp_Autocorrelation_fu_40/mul_ln126_reg_2439_reg/DSP_C_DATA_INST                  | ARITHMETIC.DSP.DSP48E2 |
    | grp_Autocorrelation_fu_40/mul_ln126_reg_2439_reg/DSP_ALU_INST                     | ARITHMETIC.DSP.DSP48E2 |
    | grp_Autocorrelation_fu_40/mul_ln126_reg_2439_reg/DSP_OUTPUT_INST                  | ARITHMETIC.DSP.DSP48E2 |
    | grp_Autocorrelation_fu_40/empty_88_fu_204[56]_i_7                                 | CLB.LUT.LUT4           |
    | grp_Autocorrelation_fu_40/empty_88_fu_204_reg[56]_i_1                             | CLB.CARRY.CARRY8       |
    | grp_Autocorrelation_fu_40/empty_88_fu_204_reg[61]                                 | REGISTER.SDR.FDRE      |
    +-----------------------------------------------------------------------------------+------------------------+

    +-----------------------------------------------------------------------------------+------------------------+
    | Path3 Cells                                                                       | Primitive Type         |
    +-----------------------------------------------------------------------------------+------------------------+
    | grp_Autocorrelation_fu_40/mul_16s_16s_32_1_1_U22/tmp_product/DSP_A_B_DATA_INST    | ARITHMETIC.DSP.DSP48E2 |
    | grp_Autocorrelation_fu_40/mul_16s_16s_32_1_1_U22/tmp_product/DSP_PREADD_DATA_INST | ARITHMETIC.DSP.DSP48E2 |
    | grp_Autocorrelation_fu_40/mul_16s_16s_32_1_1_U22/tmp_product/DSP_MULTIPLIER_INST  | ARITHMETIC.DSP.DSP48E2 |
    | grp_Autocorrelation_fu_40/mul_16s_16s_32_1_1_U22/tmp_product/DSP_M_DATA_INST      | ARITHMETIC.DSP.DSP48E2 |
    | grp_Autocorrelation_fu_40/mul_16s_16s_32_1_1_U22/tmp_product/DSP_ALU_INST         | ARITHMETIC.DSP.DSP48E2 |
    | grp_Autocorrelation_fu_40/mul_16s_16s_32_1_1_U22/tmp_product/DSP_OUTPUT_INST      | ARITHMETIC.DSP.DSP48E2 |
    | grp_Autocorrelation_fu_40/mul_ln126_reg_2439_reg/DSP_C_DATA_INST                  | ARITHMETIC.DSP.DSP48E2 |
    | grp_Autocorrelation_fu_40/mul_ln126_reg_2439_reg/DSP_ALU_INST                     | ARITHMETIC.DSP.DSP48E2 |
    | grp_Autocorrelation_fu_40/mul_ln126_reg_2439_reg/DSP_OUTPUT_INST                  | ARITHMETIC.DSP.DSP48E2 |
    | grp_Autocorrelation_fu_40/empty_88_fu_204[56]_i_4                                 | CLB.LUT.LUT4           |
    | grp_Autocorrelation_fu_40/empty_88_fu_204_reg[56]_i_1                             | CLB.CARRY.CARRY8       |
    | grp_Autocorrelation_fu_40/empty_88_fu_204_reg[62]                                 | REGISTER.SDR.FDRE      |
    +-----------------------------------------------------------------------------------+------------------------+

    +-----------------------------------------------------------------------------------+------------------------+
    | Path4 Cells                                                                       | Primitive Type         |
    +-----------------------------------------------------------------------------------+------------------------+
    | grp_Autocorrelation_fu_40/mul_16s_16s_32_1_1_U22/tmp_product/DSP_A_B_DATA_INST    | ARITHMETIC.DSP.DSP48E2 |
    | grp_Autocorrelation_fu_40/mul_16s_16s_32_1_1_U22/tmp_product/DSP_PREADD_DATA_INST | ARITHMETIC.DSP.DSP48E2 |
    | grp_Autocorrelation_fu_40/mul_16s_16s_32_1_1_U22/tmp_product/DSP_MULTIPLIER_INST  | ARITHMETIC.DSP.DSP48E2 |
    | grp_Autocorrelation_fu_40/mul_16s_16s_32_1_1_U22/tmp_product/DSP_M_DATA_INST      | ARITHMETIC.DSP.DSP48E2 |
    | grp_Autocorrelation_fu_40/mul_16s_16s_32_1_1_U22/tmp_product/DSP_ALU_INST         | ARITHMETIC.DSP.DSP48E2 |
    | grp_Autocorrelation_fu_40/mul_16s_16s_32_1_1_U22/tmp_product/DSP_OUTPUT_INST      | ARITHMETIC.DSP.DSP48E2 |
    | grp_Autocorrelation_fu_40/mul_ln126_reg_2439_reg/DSP_C_DATA_INST                  | ARITHMETIC.DSP.DSP48E2 |
    | grp_Autocorrelation_fu_40/mul_ln126_reg_2439_reg/DSP_ALU_INST                     | ARITHMETIC.DSP.DSP48E2 |
    | grp_Autocorrelation_fu_40/mul_ln126_reg_2439_reg/DSP_OUTPUT_INST                  | ARITHMETIC.DSP.DSP48E2 |
    | grp_Autocorrelation_fu_40/empty_88_fu_204[56]_i_7                                 | CLB.LUT.LUT4           |
    | grp_Autocorrelation_fu_40/empty_88_fu_204_reg[56]_i_1                             | CLB.CARRY.CARRY8       |
    | grp_Autocorrelation_fu_40/empty_88_fu_204_reg[60]                                 | REGISTER.SDR.FDRE      |
    +-----------------------------------------------------------------------------------+------------------------+

    +-----------------------------------------------------------------------------------+------------------------+
    | Path5 Cells                                                                       | Primitive Type         |
    +-----------------------------------------------------------------------------------+------------------------+
    | grp_Autocorrelation_fu_40/mul_16s_16s_32_1_1_U22/tmp_product/DSP_A_B_DATA_INST    | ARITHMETIC.DSP.DSP48E2 |
    | grp_Autocorrelation_fu_40/mul_16s_16s_32_1_1_U22/tmp_product/DSP_PREADD_DATA_INST | ARITHMETIC.DSP.DSP48E2 |
    | grp_Autocorrelation_fu_40/mul_16s_16s_32_1_1_U22/tmp_product/DSP_MULTIPLIER_INST  | ARITHMETIC.DSP.DSP48E2 |
    | grp_Autocorrelation_fu_40/mul_16s_16s_32_1_1_U22/tmp_product/DSP_M_DATA_INST      | ARITHMETIC.DSP.DSP48E2 |
    | grp_Autocorrelation_fu_40/mul_16s_16s_32_1_1_U22/tmp_product/DSP_ALU_INST         | ARITHMETIC.DSP.DSP48E2 |
    | grp_Autocorrelation_fu_40/mul_16s_16s_32_1_1_U22/tmp_product/DSP_OUTPUT_INST      | ARITHMETIC.DSP.DSP48E2 |
    | grp_Autocorrelation_fu_40/mul_ln126_reg_2439_reg/DSP_C_DATA_INST                  | ARITHMETIC.DSP.DSP48E2 |
    | grp_Autocorrelation_fu_40/mul_ln126_reg_2439_reg/DSP_ALU_INST                     | ARITHMETIC.DSP.DSP48E2 |
    | grp_Autocorrelation_fu_40/mul_ln126_reg_2439_reg/DSP_OUTPUT_INST                  | ARITHMETIC.DSP.DSP48E2 |
    | grp_Autocorrelation_fu_40/empty_88_fu_204[56]_i_7                                 | CLB.LUT.LUT4           |
    | grp_Autocorrelation_fu_40/empty_88_fu_204_reg[56]_i_1                             | CLB.CARRY.CARRY8       |
    | grp_Autocorrelation_fu_40/empty_88_fu_204_reg[59]                                 | REGISTER.SDR.FDRE      |
    +-----------------------------------------------------------------------------------+------------------------+


================================================================
== Place & Route Vivado Reports
================================================================
+--------------------------+--------------------------------------------------------------------------+
| Report Type              | Report Location                                                          |
+--------------------------+--------------------------------------------------------------------------+
| design_analysis          | impl/verilog/report/Gsm_LPC_Analysis_design_analysis_routed.rpt          |
| failfast                 | impl/verilog/report/Gsm_LPC_Analysis_failfast_routed.rpt                 |
| status                   | impl/verilog/report/Gsm_LPC_Analysis_status_routed.rpt                   |
| timing                   | impl/verilog/report/Gsm_LPC_Analysis_timing_routed.rpt                   |
| timing_paths             | impl/verilog/report/Gsm_LPC_Analysis_timing_paths_routed.rpt             |
| utilization              | impl/verilog/report/Gsm_LPC_Analysis_utilization_routed.rpt              |
| utilization_hierarchical | impl/verilog/report/Gsm_LPC_Analysis_utilization_hierarchical_routed.rpt |
+--------------------------+--------------------------------------------------------------------------+


