
*** Running vivado
    with args -log bd_0_hls_inst_0.vds -m64 -product Vivado -mode batch -messageDb vivado.pb -notrace -source bd_0_hls_inst_0.tcl


****** Vivado v2023.2 (64-bit)
  **** SW Build 4029153 on Fri Oct 13 20:13:54 MDT 2023
  **** IP Build 4028589 on Sat Oct 14 00:45:43 MDT 2023
  **** SharedData Build 4025554 on Tue Oct 10 17:18:54 MDT 2023
    ** Copyright 1986-2022 Xilinx, Inc. All Rights Reserved.
    ** Copyright 2022-2023 Advanced Micro Devices, Inc. All Rights Reserved.

source bd_0_hls_inst_0.tcl -notrace
INFO: [IP_Flow 19-234] Refreshing IP repositories
INFO: [IP_Flow 19-1700] Loaded user IP repository '/home/gabriel/Documents/UFRGS/RAISE/AHLS/AHLS/data/base_solutions/STENCIL3D/solution0/impl/ip'.
INFO: [IP_Flow 19-2313] Loaded Vivado IP repository '/tools/Xilinx/Vivado/2023.2/data/ip'.
INFO: [IP_Flow 19-6924] IPCACHE: Running cache check for IP inst: bd_0_hls_inst_0
Command: synth_design -top bd_0_hls_inst_0 -part xcu50-fsvh2104-2-e -directive sdx_optimization_effort_high -incremental_mode off -mode out_of_context
Starting synth_design
Attempting to get a license for feature 'Synthesis' and/or device 'xcu50'
INFO: [Common 17-349] Got license for feature 'Synthesis' and/or device 'xcu50'
INFO: [Device 21-403] Loading part xcu50-fsvh2104-2-e
INFO: [Synth 8-7079] Multithreading enabled for synth_design using a maximum of 4 processes.
INFO: [Synth 8-7078] Launching helper process for spawning children vivado processes
INFO: [Synth 8-7075] Helper process launched with PID 243175
---------------------------------------------------------------------------------
Starting RTL Elaboration : Time (s): cpu = 00:00:03 ; elapsed = 00:00:03 . Memory (MB): peak = 3007.199 ; gain = 397.715 ; free physical = 5364 ; free virtual = 13914
---------------------------------------------------------------------------------
INFO: [Synth 8-6157] synthesizing module 'bd_0_hls_inst_0' [/home/gabriel/Documents/UFRGS/RAISE/AHLS/AHLS/data/base_solutions/STENCIL3D/solution0/impl/verilog/project.gen/sources_1/bd/bd_0/ip/bd_0_hls_inst_0/synth/bd_0_hls_inst_0.v:53]
INFO: [Synth 8-6157] synthesizing module 'stencil3d' [/home/gabriel/Documents/UFRGS/RAISE/AHLS/AHLS/data/base_solutions/STENCIL3D/solution0/impl/verilog/project.gen/sources_1/bd/bd_0/ipshared/6d71/hdl/verilog/stencil3d.v:9]
INFO: [Synth 8-6157] synthesizing module 'stencil3d_mul_32s_32s_32_1_1' [/home/gabriel/Documents/UFRGS/RAISE/AHLS/AHLS/data/base_solutions/STENCIL3D/solution0/impl/verilog/project.gen/sources_1/bd/bd_0/ipshared/6d71/hdl/verilog/stencil3d_mul_32s_32s_32_1_1.v:5]
INFO: [Synth 8-6155] done synthesizing module 'stencil3d_mul_32s_32s_32_1_1' (0#1) [/home/gabriel/Documents/UFRGS/RAISE/AHLS/AHLS/data/base_solutions/STENCIL3D/solution0/impl/verilog/project.gen/sources_1/bd/bd_0/ipshared/6d71/hdl/verilog/stencil3d_mul_32s_32s_32_1_1.v:5]
INFO: [Synth 8-6155] done synthesizing module 'stencil3d' (0#1) [/home/gabriel/Documents/UFRGS/RAISE/AHLS/AHLS/data/base_solutions/STENCIL3D/solution0/impl/verilog/project.gen/sources_1/bd/bd_0/ipshared/6d71/hdl/verilog/stencil3d.v:9]
INFO: [Synth 8-6155] done synthesizing module 'bd_0_hls_inst_0' (0#1) [/home/gabriel/Documents/UFRGS/RAISE/AHLS/AHLS/data/base_solutions/STENCIL3D/solution0/impl/verilog/project.gen/sources_1/bd/bd_0/ip/bd_0_hls_inst_0/synth/bd_0_hls_inst_0.v:53]
---------------------------------------------------------------------------------
Finished RTL Elaboration : Time (s): cpu = 00:00:04 ; elapsed = 00:00:04 . Memory (MB): peak = 3091.168 ; gain = 481.684 ; free physical = 5261 ; free virtual = 13813
---------------------------------------------------------------------------------
---------------------------------------------------------------------------------
Start Handling Custom Attributes
---------------------------------------------------------------------------------
---------------------------------------------------------------------------------
Finished Handling Custom Attributes : Time (s): cpu = 00:00:04 ; elapsed = 00:00:04 . Memory (MB): peak = 3103.043 ; gain = 493.559 ; free physical = 5261 ; free virtual = 13813
---------------------------------------------------------------------------------
---------------------------------------------------------------------------------
Finished RTL Optimization Phase 1 : Time (s): cpu = 00:00:04 ; elapsed = 00:00:04 . Memory (MB): peak = 3103.043 ; gain = 493.559 ; free physical = 5261 ; free virtual = 13813
---------------------------------------------------------------------------------
Netlist sorting complete. Time (s): cpu = 00:00:00 ; elapsed = 00:00:00.01 . Memory (MB): peak = 3103.043 ; gain = 0.000 ; free physical = 5261 ; free virtual = 13813
INFO: [Project 1-570] Preparing netlist for logic optimization

Processing XDC Constraints
Initializing timing engine
Parsing XDC File [/home/gabriel/Documents/UFRGS/RAISE/AHLS/AHLS/data/base_solutions/STENCIL3D/solution0/impl/verilog/project.gen/sources_1/bd/bd_0/ip/bd_0_hls_inst_0/constraints/stencil3d_ooc.xdc] for cell 'inst'
Finished Parsing XDC File [/home/gabriel/Documents/UFRGS/RAISE/AHLS/AHLS/data/base_solutions/STENCIL3D/solution0/impl/verilog/project.gen/sources_1/bd/bd_0/ip/bd_0_hls_inst_0/constraints/stencil3d_ooc.xdc] for cell 'inst'
Parsing XDC File [/home/gabriel/Documents/UFRGS/RAISE/AHLS/AHLS/data/base_solutions/STENCIL3D/solution0/impl/verilog/project.runs/bd_0_hls_inst_0_synth_1/dont_touch.xdc]
Finished Parsing XDC File [/home/gabriel/Documents/UFRGS/RAISE/AHLS/AHLS/data/base_solutions/STENCIL3D/solution0/impl/verilog/project.runs/bd_0_hls_inst_0_synth_1/dont_touch.xdc]
Completed Processing XDC Constraints

Netlist sorting complete. Time (s): cpu = 00:00:00 ; elapsed = 00:00:00 . Memory (MB): peak = 3268.668 ; gain = 0.000 ; free physical = 5237 ; free virtual = 13788
INFO: [Project 1-111] Unisim Transformation Summary:
No Unisim elements were transformed.

Constraint Validation Runtime : Time (s): cpu = 00:00:00.02 ; elapsed = 00:00:00.01 . Memory (MB): peak = 3268.703 ; gain = 0.000 ; free physical = 5237 ; free virtual = 13788
INFO: [Designutils 20-5008] Incremental synthesis strategy off
---------------------------------------------------------------------------------
Finished Constraint Validation : Time (s): cpu = 00:00:11 ; elapsed = 00:00:12 . Memory (MB): peak = 3268.703 ; gain = 659.219 ; free physical = 5228 ; free virtual = 13780
---------------------------------------------------------------------------------
---------------------------------------------------------------------------------
Start Loading Part and Timing Information
---------------------------------------------------------------------------------
Loading part: xcu50-fsvh2104-2-e
INFO: [Synth 8-6742] Reading net delay rules and data
---------------------------------------------------------------------------------
Finished Loading Part and Timing Information : Time (s): cpu = 00:00:11 ; elapsed = 00:00:12 . Memory (MB): peak = 3268.703 ; gain = 659.219 ; free physical = 5228 ; free virtual = 13780
---------------------------------------------------------------------------------
---------------------------------------------------------------------------------
Start Applying 'set_property' XDC Constraints
---------------------------------------------------------------------------------
Applied set_property KEEP_HIERARCHY = SOFT for inst. (constraint file  /home/gabriel/Documents/UFRGS/RAISE/AHLS/AHLS/data/base_solutions/STENCIL3D/solution0/impl/verilog/project.runs/bd_0_hls_inst_0_synth_1/dont_touch.xdc, line 9).
---------------------------------------------------------------------------------
Finished applying 'set_property' XDC Constraints : Time (s): cpu = 00:00:11 ; elapsed = 00:00:12 . Memory (MB): peak = 3268.703 ; gain = 659.219 ; free physical = 5228 ; free virtual = 13780
---------------------------------------------------------------------------------
INFO: [Synth 8-4490] FSM extraction disabled for register 'ap_CS_fsm_reg' through user attribute
---------------------------------------------------------------------------------
Finished RTL Optimization Phase 2 : Time (s): cpu = 00:00:12 ; elapsed = 00:00:12 . Memory (MB): peak = 3268.703 ; gain = 659.219 ; free physical = 5227 ; free virtual = 13779
---------------------------------------------------------------------------------
---------------------------------------------------------------------------------
Start RTL Component Statistics 
---------------------------------------------------------------------------------
Detailed RTL Component Info : 
+---Adders : 
	   2 Input   32 Bit       Adders := 2     
	   5 Input   32 Bit       Adders := 1     
	   2 Input   11 Bit       Adders := 1     
	   2 Input    8 Bit       Adders := 3     
	   2 Input    7 Bit       Adders := 1     
	   2 Input    5 Bit       Adders := 1     
	   2 Input    4 Bit       Adders := 8     
	   2 Input    3 Bit       Adders := 2     
+---Registers : 
	               57 Bit    Registers := 1     
	               32 Bit    Registers := 7     
	               20 Bit    Registers := 1     
	               11 Bit    Registers := 2     
	                8 Bit    Registers := 6     
	                7 Bit    Registers := 2     
	                5 Bit    Registers := 2     
	                4 Bit    Registers := 18    
	                3 Bit    Registers := 4     
	                1 Bit    Registers := 1     
+---Multipliers : 
	              32x32  Multipliers := 1     
+---Muxes : 
	   2 Input   32 Bit        Muxes := 4     
	   2 Input   16 Bit        Muxes := 1     
	   2 Input   15 Bit        Muxes := 1     
	   2 Input   14 Bit        Muxes := 1     
	   2 Input   12 Bit        Muxes := 1     
	   2 Input   11 Bit        Muxes := 6     
	   2 Input    9 Bit        Muxes := 1     
	   2 Input    8 Bit        Muxes := 1     
	   2 Input    6 Bit        Muxes := 1     
	   2 Input    4 Bit        Muxes := 1     
	   2 Input    2 Bit        Muxes := 1     
	   2 Input    1 Bit        Muxes := 10    
---------------------------------------------------------------------------------
Finished RTL Component Statistics 
---------------------------------------------------------------------------------
---------------------------------------------------------------------------------
Start Part Resource Summary
---------------------------------------------------------------------------------
Part Resources:
DSPs: 5952 (col length:93)
BRAMs: 2688 (col length: RAMB18 192 RAMB36 96)
---------------------------------------------------------------------------------
Finished Part Resource Summary
---------------------------------------------------------------------------------
---------------------------------------------------------------------------------
Start Cross Boundary and Area Optimization
---------------------------------------------------------------------------------
WARNING: [Synth 8-7080] Parallel synthesis criteria is not met
DSP Report: Generating DSP mul_32s_32s_32_1_1_U1/tmp_product, operation Mode is: A*B.
DSP Report: operator mul_32s_32s_32_1_1_U1/tmp_product is absorbed into DSP mul_32s_32s_32_1_1_U1/tmp_product.
DSP Report: operator mul_32s_32s_32_1_1_U1/tmp_product is absorbed into DSP mul_32s_32s_32_1_1_U1/tmp_product.
DSP Report: Generating DSP mul_32s_32s_32_1_1_U1/tmp_product, operation Mode is: (PCIN>>17)+A*B.
DSP Report: operator mul_32s_32s_32_1_1_U1/tmp_product is absorbed into DSP mul_32s_32s_32_1_1_U1/tmp_product.
DSP Report: operator mul_32s_32s_32_1_1_U1/tmp_product is absorbed into DSP mul_32s_32s_32_1_1_U1/tmp_product.
DSP Report: Generating DSP mul_32s_32s_32_1_1_U1/tmp_product, operation Mode is: A*B.
DSP Report: operator mul_32s_32s_32_1_1_U1/tmp_product is absorbed into DSP mul_32s_32s_32_1_1_U1/tmp_product.
DSP Report: operator mul_32s_32s_32_1_1_U1/tmp_product is absorbed into DSP mul_32s_32s_32_1_1_U1/tmp_product.
DSP Report: Generating DSP mul_32s_32s_32_1_1_U1/tmp_product, operation Mode is: (PCIN>>17)+A*B.
DSP Report: operator mul_32s_32s_32_1_1_U1/tmp_product is absorbed into DSP mul_32s_32s_32_1_1_U1/tmp_product.
DSP Report: operator mul_32s_32s_32_1_1_U1/tmp_product is absorbed into DSP mul_32s_32s_32_1_1_U1/tmp_product.
---------------------------------------------------------------------------------
Finished Cross Boundary and Area Optimization : Time (s): cpu = 00:00:13 ; elapsed = 00:00:14 . Memory (MB): peak = 3268.703 ; gain = 659.219 ; free physical = 5204 ; free virtual = 13756
---------------------------------------------------------------------------------
 Sort Area is  mul_32s_32s_32_1_1_U1/tmp_product_0 : 0 0 : 2701 4864 : Used 1 time 0
 Sort Area is  mul_32s_32s_32_1_1_U1/tmp_product_0 : 0 1 : 2163 4864 : Used 1 time 0
 Sort Area is  mul_32s_32s_32_1_1_U1/tmp_product_3 : 0 0 : 2158 4014 : Used 1 time 0
 Sort Area is  mul_32s_32s_32_1_1_U1/tmp_product_3 : 0 1 : 1856 4014 : Used 1 time 0
---------------------------------------------------------------------------------
Start ROM, RAM, DSP, Shift Register and Retiming Reporting
---------------------------------------------------------------------------------

DSP: Preliminary Mapping Report (see note below. The ' indicates corresponding REG is set)
+------------+----------------+--------+--------+--------+--------+--------+------+------+------+------+-------+------+------+
|Module Name | DSP Mapping    | A Size | B Size | C Size | D Size | P Size | AREG | BREG | CREG | DREG | ADREG | MREG | PREG | 
+------------+----------------+--------+--------+--------+--------+--------+------+------+------+------+-------+------+------+
|stencil3d   | A*B            | 18     | 15     | -      | -      | 48     | 0    | 0    | -    | -    | -     | 0    | 0    | 
|stencil3d   | (PCIN>>17)+A*B | 15     | 15     | -      | -      | 48     | 0    | 0    | -    | -    | -     | 0    | 0    | 
|stencil3d   | A*B            | 18     | 18     | -      | -      | 48     | 0    | 0    | -    | -    | -     | 0    | 0    | 
|stencil3d   | (PCIN>>17)+A*B | 18     | 15     | -      | -      | 48     | 0    | 0    | -    | -    | -     | 0    | 0    | 
+------------+----------------+--------+--------+--------+--------+--------+------+------+------+------+-------+------+------+

Note: The table above is a preliminary report that shows the DSPs inferred at the current stage of the synthesis flow. Some DSP may be reimplemented as non DSP primitives later in the synthesis flow. Multiple instantiated DSPs are reported only once.
---------------------------------------------------------------------------------
Finished ROM, RAM, DSP, Shift Register and Retiming Reporting
---------------------------------------------------------------------------------
---------------------------------------------------------------------------------
Start Applying XDC Timing Constraints
---------------------------------------------------------------------------------
---------------------------------------------------------------------------------
Finished Applying XDC Timing Constraints : Time (s): cpu = 00:00:19 ; elapsed = 00:00:19 . Memory (MB): peak = 3557.434 ; gain = 947.949 ; free physical = 4885 ; free virtual = 13438
---------------------------------------------------------------------------------
---------------------------------------------------------------------------------
Start Timing Optimization
---------------------------------------------------------------------------------
---------------------------------------------------------------------------------
Finished Timing Optimization : Time (s): cpu = 00:00:20 ; elapsed = 00:00:20 . Memory (MB): peak = 3583.457 ; gain = 973.973 ; free physical = 4838 ; free virtual = 13391
---------------------------------------------------------------------------------
---------------------------------------------------------------------------------
Start Technology Mapping
---------------------------------------------------------------------------------
---------------------------------------------------------------------------------
Finished Technology Mapping : Time (s): cpu = 00:00:20 ; elapsed = 00:00:20 . Memory (MB): peak = 3583.457 ; gain = 973.973 ; free physical = 4838 ; free virtual = 13391
---------------------------------------------------------------------------------
---------------------------------------------------------------------------------
Start IO Insertion
---------------------------------------------------------------------------------
---------------------------------------------------------------------------------
Start Flattening Before IO Insertion
---------------------------------------------------------------------------------
---------------------------------------------------------------------------------
Finished Flattening Before IO Insertion
---------------------------------------------------------------------------------
---------------------------------------------------------------------------------
Start Final Netlist Cleanup
---------------------------------------------------------------------------------
---------------------------------------------------------------------------------
Finished Final Netlist Cleanup
---------------------------------------------------------------------------------
---------------------------------------------------------------------------------
Finished IO Insertion : Time (s): cpu = 00:00:23 ; elapsed = 00:00:23 . Memory (MB): peak = 3583.457 ; gain = 973.973 ; free physical = 4836 ; free virtual = 13388
---------------------------------------------------------------------------------
---------------------------------------------------------------------------------
Start Renaming Generated Instances
---------------------------------------------------------------------------------
---------------------------------------------------------------------------------
Finished Renaming Generated Instances : Time (s): cpu = 00:00:23 ; elapsed = 00:00:23 . Memory (MB): peak = 3583.457 ; gain = 973.973 ; free physical = 4836 ; free virtual = 13388
---------------------------------------------------------------------------------
---------------------------------------------------------------------------------
Start Rebuilding User Hierarchy
---------------------------------------------------------------------------------
---------------------------------------------------------------------------------
Finished Rebuilding User Hierarchy : Time (s): cpu = 00:00:23 ; elapsed = 00:00:23 . Memory (MB): peak = 3583.457 ; gain = 973.973 ; free physical = 4836 ; free virtual = 13388
---------------------------------------------------------------------------------
---------------------------------------------------------------------------------
Start Renaming Generated Ports
---------------------------------------------------------------------------------
---------------------------------------------------------------------------------
Finished Renaming Generated Ports : Time (s): cpu = 00:00:23 ; elapsed = 00:00:23 . Memory (MB): peak = 3583.457 ; gain = 973.973 ; free physical = 4836 ; free virtual = 13388
---------------------------------------------------------------------------------
---------------------------------------------------------------------------------
Start Handling Custom Attributes
---------------------------------------------------------------------------------
---------------------------------------------------------------------------------
Finished Handling Custom Attributes : Time (s): cpu = 00:00:23 ; elapsed = 00:00:23 . Memory (MB): peak = 3583.457 ; gain = 973.973 ; free physical = 4836 ; free virtual = 13388
---------------------------------------------------------------------------------
---------------------------------------------------------------------------------
Start Renaming Generated Nets
---------------------------------------------------------------------------------
---------------------------------------------------------------------------------
Finished Renaming Generated Nets : Time (s): cpu = 00:00:23 ; elapsed = 00:00:23 . Memory (MB): peak = 3583.457 ; gain = 973.973 ; free physical = 4836 ; free virtual = 13388
---------------------------------------------------------------------------------
---------------------------------------------------------------------------------
Start Writing Synthesis Report
---------------------------------------------------------------------------------

DSP Final Report (the ' indicates corresponding REG is set)
+------------+--------------+--------+--------+--------+--------+--------+------+------+------+------+-------+------+------+
|Module Name | DSP Mapping  | A Size | B Size | C Size | D Size | P Size | AREG | BREG | CREG | DREG | ADREG | MREG | PREG | 
+------------+--------------+--------+--------+--------+--------+--------+------+------+------+------+-------+------+------+
|stencil3d   | A*B          | 17     | 18     | -      | -      | 48     | 0    | 0    | -    | -    | -     | 0    | 0    | 
|stencil3d   | A*B          | 17     | 17     | -      | -      | 48     | 0    | 0    | -    | -    | -     | 0    | 0    | 
|stencil3d   | PCIN>>17+A*B | 0      | 18     | -      | -      | 48     | 0    | 0    | -    | -    | -     | 0    | 0    | 
+------------+--------------+--------+--------+--------+--------+--------+------+------+------+------+-------+------+------+


Report BlackBoxes: 
+-+--------------+----------+
| |BlackBox name |Instances |
+-+--------------+----------+
+-+--------------+----------+

Report Cell Usage: 
+------+----------------+------+
|      |Cell            |Count |
+------+----------------+------+
|1     |CARRY8          |    21|
|2     |DSP_ALU         |     3|
|3     |DSP_A_B_DATA    |     3|
|4     |DSP_C_DATA      |     3|
|5     |DSP_MULTIPLIER  |     3|
|6     |DSP_M_DATA      |     3|
|7     |DSP_OUTPUT      |     3|
|8     |DSP_PREADD      |     3|
|9     |DSP_PREADD_DATA |     3|
|10    |LUT1            |    14|
|11    |LUT2            |   101|
|12    |LUT3            |   210|
|13    |LUT4            |    34|
|14    |LUT5            |    32|
|15    |LUT6            |   114|
|16    |FDRE            |   379|
|17    |FDSE            |     7|
+------+----------------+------+
---------------------------------------------------------------------------------
Finished Writing Synthesis Report : Time (s): cpu = 00:00:23 ; elapsed = 00:00:23 . Memory (MB): peak = 3583.457 ; gain = 973.973 ; free physical = 4836 ; free virtual = 13388
---------------------------------------------------------------------------------
Synthesis finished with 0 errors, 0 critical warnings and 1 warnings.
Synthesis Optimization Runtime : Time (s): cpu = 00:00:18 ; elapsed = 00:00:18 . Memory (MB): peak = 3583.457 ; gain = 808.312 ; free physical = 4836 ; free virtual = 13388
Synthesis Optimization Complete : Time (s): cpu = 00:00:23 ; elapsed = 00:00:23 . Memory (MB): peak = 3583.465 ; gain = 973.973 ; free physical = 4836 ; free virtual = 13388
INFO: [Project 1-571] Translating synthesized netlist
Netlist sorting complete. Time (s): cpu = 00:00:00.01 ; elapsed = 00:00:00 . Memory (MB): peak = 3594.426 ; gain = 0.000 ; free physical = 5119 ; free virtual = 13671
INFO: [Netlist 29-17] Analyzing 24 Unisim elements for replacement
INFO: [Netlist 29-28] Unisim Transformation completed in 0 CPU seconds
INFO: [Project 1-570] Preparing netlist for logic optimization
INFO: [Opt 31-138] Pushed 0 inverter(s) to 0 load pin(s).
Netlist sorting complete. Time (s): cpu = 00:00:00 ; elapsed = 00:00:00 . Memory (MB): peak = 3660.098 ; gain = 0.000 ; free physical = 5092 ; free virtual = 13644
INFO: [Project 1-111] Unisim Transformation Summary:
  A total of 3 instances were transformed.
  DSP48E2 => DSP48E2 (DSP_ALU, DSP_A_B_DATA, DSP_C_DATA, DSP_MULTIPLIER, DSP_M_DATA, DSP_OUTPUT, DSP_PREADD, DSP_PREADD_DATA): 3 instances

Synth Design complete | Checksum: adda97c6
INFO: [Common 17-83] Releasing license: Synthesis
27 Infos, 1 Warnings, 0 Critical Warnings and 0 Errors encountered.
synth_design completed successfully
synth_design: Time (s): cpu = 00:00:30 ; elapsed = 00:00:28 . Memory (MB): peak = 3660.133 ; gain = 2305.430 ; free physical = 5084 ; free virtual = 13636
INFO: [Common 17-2834] synth_design peak Physical Memory [PSS] (MB): overall = 3211.632; main = 2912.956; forked = 377.704
INFO: [Common 17-2834] synth_design peak Virtual Memory [VSS] (MB): overall = 4564.992; main = 3660.102; forked = 981.531
Write ShapeDB Complete: Time (s): cpu = 00:00:00.01 ; elapsed = 00:00:00 . Memory (MB): peak = 3684.109 ; gain = 0.000 ; free physical = 5084 ; free virtual = 13636
INFO: [Common 17-1381] The checkpoint '/home/gabriel/Documents/UFRGS/RAISE/AHLS/AHLS/data/base_solutions/STENCIL3D/solution0/impl/verilog/project.runs/bd_0_hls_inst_0_synth_1/bd_0_hls_inst_0.dcp' has been generated.
INFO: [Coretcl 2-1648] Added synthesis output to IP cache for IP bd_0_hls_inst_0, cache-ID = 8fd65b006d38ad9b
INFO: [Coretcl 2-1174] Renamed 2 cell refs.
Write ShapeDB Complete: Time (s): cpu = 00:00:00.01 ; elapsed = 00:00:00 . Memory (MB): peak = 3684.109 ; gain = 0.000 ; free physical = 5087 ; free virtual = 13640
INFO: [Common 17-1381] The checkpoint '/home/gabriel/Documents/UFRGS/RAISE/AHLS/AHLS/data/base_solutions/STENCIL3D/solution0/impl/verilog/project.runs/bd_0_hls_inst_0_synth_1/bd_0_hls_inst_0.dcp' has been generated.
INFO: [runtcl-4] Executing : report_utilization -file bd_0_hls_inst_0_utilization_synth.rpt -pb bd_0_hls_inst_0_utilization_synth.pb
INFO: [Common 17-206] Exiting Vivado at Wed Jul  9 04:16:03 2025...
