

================================================================
== Vitis HLS Report for 'gsm_div'
================================================================
* Date:           Wed Aug  6 20:41:47 2025

* Version:        2023.2 (Build 4023990 on Oct 11 2023)
* Project:        GSM
* Solution:       solution0 (Vivado IP Flow Target)
* Product family: virtexuplusHBM
* Target device:  xcu50-fsvh2104-2-e


================================================================
== Performance Estimates
================================================================
+ Timing: 
    * Summary: 
    +--------+---------+----------+------------+
    |  Clock |  Target | Estimated| Uncertainty|
    +--------+---------+----------+------------+
    |ap_clk  |  8.00 ns|  2.048 ns|     2.16 ns|
    +--------+---------+----------+------------+

+ Latency: 
    * Summary: 
    +---------+---------+----------+----------+-----+-----+---------+
    |  Latency (cycles) |  Latency (absolute) |  Interval | Pipeline|
    |   min   |   max   |    min   |    max   | min | max |   Type  |
    +---------+---------+----------+----------+-----+-----+---------+
    |        1|       15|  8.000 ns|  0.120 us|    1|   15|       no|
    +---------+---------+----------+----------+-----+-----+---------+

    + Detail: 
        * Instance: 
        N/A

        * Loop: 
        +------------------+---------+---------+----------+-----------+-----------+------+----------+
        |                  |  Latency (cycles) | Iteration|  Initiation Interval  | Trip |          |
        |     Loop Name    |   min   |   max   |  Latency |  achieved |   target  | Count| Pipelined|
        +------------------+---------+---------+----------+-----------+-----------+------+----------+
        |- gsm_div_label0  |       14|       14|         1|          -|          -|    15|        no|
        +------------------+---------+---------+----------+-----------+-----------+------+----------+

============================================================
+ Verbose Summary: Synthesis Manager
============================================================
InlineROM: 1
ExposeGlobal: 0
============================================================
+ Verbose Summary: CDFG Model
============================================================
IsTopModel: 0
ResetActiveHigh: 1
IsCombinational: 0
IsDatapathOnly: 0
HasWiredReturn: 1
HasMFsm: 0
HasVarLatency: 1
IsPipeline: 0
IsRtlPipelined: 0
IsInstanceOverlapped: 0
IsDontTouch: 0
HasImplIP: 0
IsGatedGlobalClock: 0


============================================================
+ Verbose Summary: Schedule
============================================================
* Number of FSM states : 2
* Pipeline : 0
* Dataflow Pipeline: 0

* FSM state transitions: 
1 --> 2 
2 --> 2 

* FSM state operations: 

State 1 <SV = 0> <Delay = 1.17>
ST_1 : Operation 3 [1/1] (0.00ns)   --->   "%specpipeline_ln16 = specpipeline void @_ssdm_op_SpecPipeline, i32 0, i32 0, i32 1, i32 0, void @empty" [/home/gabriel/Documents/UFRGS/RAISE/AHLS/AHLS/data/base_directives/gsm.tcl:16]   --->   Operation 3 'specpipeline' 'specpipeline_ln16' <Predicate = true> <Delay = 0.00>
ST_1 : Operation 4 [1/1] (0.00ns)   --->   "%denum_read = read i16 @_ssdm_op_Read.ap_auto.i16, i16 %denum" [data/benchmarks/gsm/gsm_add.c:120]   --->   Operation 4 'read' 'denum_read' <Predicate = true> <Delay = 0.00>
ST_1 : Operation 5 [1/1] (0.00ns)   --->   "%num_read = read i16 @_ssdm_op_Read.ap_auto.i16, i16 %num" [data/benchmarks/gsm/gsm_add.c:120]   --->   Operation 5 'read' 'num_read' <Predicate = true> <Delay = 0.00>
ST_1 : Operation 6 [1/1] (0.00ns)   --->   "%sext_ln120 = sext i16 %num_read" [data/benchmarks/gsm/gsm_add.c:120]   --->   Operation 6 'sext' 'sext_ln120' <Predicate = true> <Delay = 0.00>
ST_1 : Operation 7 [1/1] (0.00ns)   --->   "%sext_ln126 = sext i16 %denum_read" [data/benchmarks/gsm/gsm_add.c:126]   --->   Operation 7 'sext' 'sext_ln126' <Predicate = true> <Delay = 0.00>
ST_1 : Operation 8 [1/1] (0.00ns)   --->   "%sext_ln121 = sext i16 %denum_read" [data/benchmarks/gsm/gsm_add.c:121]   --->   Operation 8 'sext' 'sext_ln121' <Predicate = true> <Delay = 0.00>
ST_1 : Operation 9 [1/1] (0.78ns)   --->   "%icmp_ln134 = icmp_eq  i16 %num_read, i16 0" [data/benchmarks/gsm/gsm_add.c:134]   --->   Operation 9 'icmp' 'icmp_ln134' <Predicate = true> <Delay = 0.78> <CoreInst = "Cmp">   --->   Core 9 'Cmp' <Latency = 0> <II = 1> <Delay = 0.78> <FuncUnit> <Opcode : 'icmp'> <InPorts = 2> <OutPorts = 1>
ST_1 : Operation 10 [1/1] (0.38ns)   --->   "%br_ln134 = br i1 %icmp_ln134, void %while.body.preheader, void %cleanup" [data/benchmarks/gsm/gsm_add.c:134]   --->   Operation 10 'br' 'br_ln134' <Predicate = true> <Delay = 0.38>
ST_1 : Operation 11 [1/1] (0.00ns)   --->   "%div = alloca i32 1" [data/benchmarks/gsm/gsm_add.c:122]   --->   Operation 11 'alloca' 'div' <Predicate = (!icmp_ln134)> <Delay = 0.00>
ST_1 : Operation 12 [1/1] (0.00ns)   --->   "%L_num = alloca i32 1" [data/benchmarks/gsm/gsm_add.c:120]   --->   Operation 12 'alloca' 'L_num' <Predicate = (!icmp_ln134)> <Delay = 0.00>
ST_1 : Operation 13 [1/1] (0.00ns)   --->   "%k = alloca i32 1" [data/benchmarks/gsm/gsm_add.c:123]   --->   Operation 13 'alloca' 'k' <Predicate = (!icmp_ln134)> <Delay = 0.00>
ST_1 : Operation 14 [1/1] (0.38ns)   --->   "%store_ln123 = store i4 14, i4 %k" [data/benchmarks/gsm/gsm_add.c:123]   --->   Operation 14 'store' 'store_ln123' <Predicate = (!icmp_ln134)> <Delay = 0.38>
ST_1 : Operation 15 [1/1] (0.38ns)   --->   "%store_ln120 = store i63 %sext_ln120, i63 %L_num" [data/benchmarks/gsm/gsm_add.c:120]   --->   Operation 15 'store' 'store_ln120' <Predicate = (!icmp_ln134)> <Delay = 0.38>
ST_1 : Operation 16 [1/1] (0.38ns)   --->   "%store_ln122 = store i15 0, i15 %div" [data/benchmarks/gsm/gsm_add.c:122]   --->   Operation 16 'store' 'store_ln122' <Predicate = (!icmp_ln134)> <Delay = 0.38>
ST_1 : Operation 17 [1/1] (0.00ns)   --->   "%br_ln140 = br void %while.body" [data/benchmarks/gsm/gsm_add.c:140]   --->   Operation 17 'br' 'br_ln140' <Predicate = (!icmp_ln134)> <Delay = 0.00>

State 2 <SV = 1> <Delay = 2.04>
ST_2 : Operation 18 [1/1] (0.00ns)   --->   "%div_4 = load i15 %div" [data/benchmarks/gsm/gsm_add.c:141]   --->   Operation 18 'load' 'div_4' <Predicate = (!icmp_ln134)> <Delay = 0.00>
ST_2 : Operation 19 [1/1] (0.00ns)   --->   "%L_num_4 = load i63 %L_num" [data/benchmarks/gsm/gsm_add.c:120]   --->   Operation 19 'load' 'L_num_4' <Predicate = (!icmp_ln134)> <Delay = 0.00>
ST_2 : Operation 20 [1/1] (0.00ns)   --->   "%k_2 = load i4 %k" [data/benchmarks/gsm/gsm_add.c:138]   --->   Operation 20 'load' 'k_2' <Predicate = (!icmp_ln134)> <Delay = 0.00>
ST_2 : Operation 21 [1/1] (0.00ns)   --->   "%speclooptripcount_ln140 = speclooptripcount void @_ssdm_op_SpecLoopTripCount, i64 15, i64 15, i64 15" [data/benchmarks/gsm/gsm_add.c:140]   --->   Operation 21 'speclooptripcount' 'speclooptripcount_ln140' <Predicate = (!icmp_ln134)> <Delay = 0.00>
ST_2 : Operation 22 [1/1] (0.00ns)   --->   "%specloopname_ln149 = specloopname void @_ssdm_op_SpecLoopName, void @empty_0" [data/benchmarks/gsm/gsm_add.c:149]   --->   Operation 22 'specloopname' 'specloopname_ln149' <Predicate = (!icmp_ln134)> <Delay = 0.00>
ST_2 : Operation 23 [1/1] (0.00ns)   --->   "%div_1 = bitconcatenate i16 @_ssdm_op_BitConcatenate.i16.i15.i1, i15 %div_4, i1 0" [data/benchmarks/gsm/gsm_add.c:141]   --->   Operation 23 'bitconcatenate' 'div_1' <Predicate = (!icmp_ln134)> <Delay = 0.00>
ST_2 : Operation 24 [1/1] (0.00ns)   --->   "%L_num_1 = bitconcatenate i64 @_ssdm_op_BitConcatenate.i64.i63.i1, i63 %L_num_4, i1 0" [data/benchmarks/gsm/gsm_add.c:142]   --->   Operation 24 'bitconcatenate' 'L_num_1' <Predicate = (!icmp_ln134)> <Delay = 0.00>
ST_2 : Operation 25 [1/1] (0.00ns)   --->   "%shl_ln120 = shl i63 %L_num_4, i63 1" [data/benchmarks/gsm/gsm_add.c:120]   --->   Operation 25 'shl' 'shl_ln120' <Predicate = (!icmp_ln134)> <Delay = 0.00>
ST_2 : Operation 26 [1/1] (1.14ns)   --->   "%icmp_ln144 = icmp_slt  i64 %L_num_1, i64 %sext_ln126" [data/benchmarks/gsm/gsm_add.c:144]   --->   Operation 26 'icmp' 'icmp_ln144' <Predicate = (!icmp_ln134)> <Delay = 1.14> <CoreInst = "Cmp">   --->   Core 9 'Cmp' <Latency = 0> <II = 1> <Delay = 1.14> <FuncUnit> <Opcode : 'icmp'> <InPorts = 2> <OutPorts = 1>
ST_2 : Operation 27 [1/1] (0.12ns)   --->   "%xor_ln144 = xor i1 %icmp_ln144, i1 1" [data/benchmarks/gsm/gsm_add.c:144]   --->   Operation 27 'xor' 'xor_ln144' <Predicate = (!icmp_ln134)> <Delay = 0.12> <CoreInst = "LogicGate">   --->   Core 74 'LogicGate' <Latency = 0> <II = 1> <Delay = 0.12> <FuncUnit> <Opcode : 'and' 'or' 'xor'> <InPorts = 2> <OutPorts = 1>
ST_2 : Operation 28 [1/1] (1.13ns)   --->   "%L_num_5 = sub i63 %shl_ln120, i63 %sext_ln121" [data/benchmarks/gsm/gsm_add.c:146]   --->   Operation 28 'sub' 'L_num_5' <Predicate = (!icmp_ln134)> <Delay = 1.13> <CoreInst = "Adder">   --->   Core 1 'Adder' <Latency = 0> <II = 1> <Delay = 1.13> <FuncUnit> <Opcode : 'add' 'sub'> <InPorts = 2> <OutPorts = 1>
ST_2 : Operation 29 [1/1] (0.00ns) (grouped into LUT with out node div_6)   --->   "%div_5 = or i16 %div_1, i16 1" [data/benchmarks/gsm/gsm_add.c:147]   --->   Operation 29 'or' 'div_5' <Predicate = (!icmp_ln134)> <Delay = 0.00>
ST_2 : Operation 30 [1/1] (0.24ns) (out node of the LUT)   --->   "%div_6 = select i1 %xor_ln144, i16 %div_5, i16 %div_1" [data/benchmarks/gsm/gsm_add.c:144]   --->   Operation 30 'select' 'div_6' <Predicate = (!icmp_ln134)> <Delay = 0.24> <CoreInst = "Sel">   --->   Core 73 'Sel' <Latency = 0> <II = 1> <Delay = 0.24> <FuncUnit> <Opcode : 'select'> <InPorts = 3> <OutPorts = 1>
ST_2 : Operation 31 [1/1] (0.00ns)   --->   "%trunc_ln144 = trunc i16 %div_6" [data/benchmarks/gsm/gsm_add.c:144]   --->   Operation 31 'trunc' 'trunc_ln144' <Predicate = (!icmp_ln134)> <Delay = 0.00>
ST_2 : Operation 32 [1/1] (0.39ns)   --->   "%L_num_6 = select i1 %xor_ln144, i63 %L_num_5, i63 %shl_ln120" [data/benchmarks/gsm/gsm_add.c:144]   --->   Operation 32 'select' 'L_num_6' <Predicate = (!icmp_ln134)> <Delay = 0.39> <CoreInst = "Sel">   --->   Core 73 'Sel' <Latency = 0> <II = 1> <Delay = 0.39> <FuncUnit> <Opcode : 'select'> <InPorts = 3> <OutPorts = 1>
ST_2 : Operation 33 [1/1] (0.70ns)   --->   "%k_3 = add i4 %k_2, i4 15" [data/benchmarks/gsm/gsm_add.c:138]   --->   Operation 33 'add' 'k_3' <Predicate = (!icmp_ln134)> <Delay = 0.70> <CoreInst = "Adder">   --->   Core 1 'Adder' <Latency = 0> <II = 1> <Delay = 0.70> <FuncUnit> <Opcode : 'add' 'sub'> <InPorts = 2> <OutPorts = 1>
ST_2 : Operation 34 [1/1] (0.70ns)   --->   "%icmp_ln138 = icmp_eq  i4 %k_2, i4 0" [data/benchmarks/gsm/gsm_add.c:138]   --->   Operation 34 'icmp' 'icmp_ln138' <Predicate = (!icmp_ln134)> <Delay = 0.70> <CoreInst = "Cmp">   --->   Core 9 'Cmp' <Latency = 0> <II = 1> <Delay = 0.70> <FuncUnit> <Opcode : 'icmp'> <InPorts = 2> <OutPorts = 1>
ST_2 : Operation 35 [1/1] (0.38ns)   --->   "%store_ln123 = store i4 %k_3, i4 %k" [data/benchmarks/gsm/gsm_add.c:123]   --->   Operation 35 'store' 'store_ln123' <Predicate = (!icmp_ln134)> <Delay = 0.38>
ST_2 : Operation 36 [1/1] (0.38ns)   --->   "%store_ln120 = store i63 %L_num_6, i63 %L_num" [data/benchmarks/gsm/gsm_add.c:120]   --->   Operation 36 'store' 'store_ln120' <Predicate = (!icmp_ln134)> <Delay = 0.38>
ST_2 : Operation 37 [1/1] (0.38ns)   --->   "%store_ln122 = store i15 %trunc_ln144, i15 %div" [data/benchmarks/gsm/gsm_add.c:122]   --->   Operation 37 'store' 'store_ln122' <Predicate = (!icmp_ln134)> <Delay = 0.38>
ST_2 : Operation 38 [1/1] (0.00ns)   --->   "%br_ln138 = br i1 %icmp_ln138, void %while.body, void %cleanup.loopexit" [data/benchmarks/gsm/gsm_add.c:138]   --->   Operation 38 'br' 'br_ln138' <Predicate = (!icmp_ln134)> <Delay = 0.00>
ST_2 : Operation 39 [1/1] (0.38ns)   --->   "%br_ln0 = br void %cleanup"   --->   Operation 39 'br' 'br_ln0' <Predicate = (!icmp_ln134 & icmp_ln138)> <Delay = 0.38>
ST_2 : Operation 40 [1/1] (0.00ns)   --->   "%retval_0 = phi i16 0, void %entry, i16 %div_6, void %cleanup.loopexit"   --->   Operation 40 'phi' 'retval_0' <Predicate = (icmp_ln138) | (icmp_ln134)> <Delay = 0.00>
ST_2 : Operation 41 [1/1] (0.00ns)   --->   "%ret_ln152 = ret i16 %retval_0" [data/benchmarks/gsm/gsm_add.c:152]   --->   Operation 41 'ret' 'ret_ln152' <Predicate = (icmp_ln138) | (icmp_ln134)> <Delay = 0.00>


============================================================
+ Verbose Summary: Binding
============================================================
STG Binding: 
---------------- STG Properties BEGIN ----------------
- Is combinational: 0
- Is one-state seq: 0
- Is datapath-only: 0
- Is pipelined: 0
- Is top level: 0
Port [ Return ] is wired: 1; IO mode=ap_ctrl_hs:ce=0
Port [ num]:  wired=1; compound=0; hidden=0; nouse=0; global=0; static=0; extern=0; dir=0; type=0; pingpong=0; private_global=0; IO mode=ap_none:ce=0
Port [ denum]:  wired=1; compound=0; hidden=0; nouse=0; global=0; static=0; extern=0; dir=0; type=0; pingpong=0; private_global=0; IO mode=ap_none:ce=0
---------------- STG Properties END ------------------

---------------- Datapath Model BEGIN ----------------

<LifeTime>
<method=bitvector/>
specpipeline_ln16       (specpipeline     ) [ 000]
denum_read              (read             ) [ 000]
num_read                (read             ) [ 000]
sext_ln120              (sext             ) [ 000]
sext_ln126              (sext             ) [ 001]
sext_ln121              (sext             ) [ 001]
icmp_ln134              (icmp             ) [ 011]
br_ln134                (br               ) [ 011]
div                     (alloca           ) [ 011]
L_num                   (alloca           ) [ 011]
k                       (alloca           ) [ 011]
store_ln123             (store            ) [ 000]
store_ln120             (store            ) [ 000]
store_ln122             (store            ) [ 000]
br_ln140                (br               ) [ 000]
div_4                   (load             ) [ 000]
L_num_4                 (load             ) [ 000]
k_2                     (load             ) [ 000]
speclooptripcount_ln140 (speclooptripcount) [ 000]
specloopname_ln149      (specloopname     ) [ 000]
div_1                   (bitconcatenate   ) [ 000]
L_num_1                 (bitconcatenate   ) [ 000]
shl_ln120               (shl              ) [ 000]
icmp_ln144              (icmp             ) [ 000]
xor_ln144               (xor              ) [ 000]
L_num_5                 (sub              ) [ 000]
div_5                   (or               ) [ 000]
div_6                   (select           ) [ 000]
trunc_ln144             (trunc            ) [ 000]
L_num_6                 (select           ) [ 000]
k_3                     (add              ) [ 000]
icmp_ln138              (icmp             ) [ 001]
store_ln123             (store            ) [ 000]
store_ln120             (store            ) [ 000]
store_ln122             (store            ) [ 000]
br_ln138                (br               ) [ 000]
br_ln0                  (br               ) [ 000]
retval_0                (phi              ) [ 001]
ret_ln152               (ret              ) [ 000]
</LifeTime>

<model>

<comp_list>
<comp id="0" class="1000" name="num">
<pin_list>
<pin id="1" dir="1" index="0" bw="1" slack="0"/>
</pin_list>
<bind>
<StgValue><ssdm name="num"/></StgValue>
</bind>
</comp>

<comp id="2" class="1000" name="denum">
<pin_list>
<pin id="3" dir="1" index="0" bw="1" slack="0"/>
</pin_list>
<bind>
<StgValue><ssdm name="denum"/></StgValue>
</bind>
</comp>

<comp id="4" class="1001" name="const_4">
<pin_list>
<pin id="5" dir="1" index="0" bw="1" slack="2147483647"/>
</pin_list>
<bind>
<StgValue><ssdm name="_ssdm_op_SpecPipeline"/></StgValue>
</bind>
</comp>

<comp id="6" class="1001" name="const_6">
<pin_list>
<pin id="7" dir="1" index="0" bw="1" slack="2147483647"/>
</pin_list>
<bind>
<StgValue><ssdm name=""/></StgValue>
</bind>
</comp>

<comp id="8" class="1001" name="const_8">
<pin_list>
<pin id="9" dir="1" index="0" bw="1" slack="0"/>
</pin_list>
<bind>
<StgValue><ssdm name=""/></StgValue>
</bind>
</comp>

<comp id="10" class="1001" name="const_10">
<pin_list>
<pin id="11" dir="1" index="0" bw="1" slack="2147483647"/>
</pin_list>
<bind>
<StgValue><ssdm name="empty"/></StgValue>
</bind>
</comp>

<comp id="12" class="1001" name="const_12">
<pin_list>
<pin id="13" dir="1" index="0" bw="1" slack="0"/>
</pin_list>
<bind>
<StgValue><ssdm name="_ssdm_op_Read.ap_auto.i16"/></StgValue>
</bind>
</comp>

<comp id="14" class="1001" name="const_14">
<pin_list>
<pin id="15" dir="1" index="0" bw="1" slack="0"/>
</pin_list>
<bind>
<StgValue><ssdm name=""/></StgValue>
</bind>
</comp>

<comp id="16" class="1001" name="const_16">
<pin_list>
<pin id="17" dir="1" index="0" bw="1" slack="0"/>
</pin_list>
<bind>
<StgValue><ssdm name=""/></StgValue>
</bind>
</comp>

<comp id="18" class="1001" name="const_18">
<pin_list>
<pin id="19" dir="1" index="0" bw="1" slack="0"/>
</pin_list>
<bind>
<StgValue><ssdm name=""/></StgValue>
</bind>
</comp>

<comp id="20" class="1001" name="const_20">
<pin_list>
<pin id="21" dir="1" index="0" bw="1" slack="2147483647"/>
</pin_list>
<bind>
<StgValue><ssdm name="_ssdm_op_SpecLoopTripCount"/></StgValue>
</bind>
</comp>

<comp id="22" class="1001" name="const_22">
<pin_list>
<pin id="23" dir="1" index="0" bw="1" slack="2147483647"/>
</pin_list>
<bind>
<StgValue><ssdm name=""/></StgValue>
</bind>
</comp>

<comp id="24" class="1001" name="const_24">
<pin_list>
<pin id="25" dir="1" index="0" bw="1" slack="2147483647"/>
</pin_list>
<bind>
<StgValue><ssdm name="_ssdm_op_SpecLoopName"/></StgValue>
</bind>
</comp>

<comp id="26" class="1001" name="const_26">
<pin_list>
<pin id="27" dir="1" index="0" bw="1" slack="2147483647"/>
</pin_list>
<bind>
<StgValue><ssdm name="empty_0"/></StgValue>
</bind>
</comp>

<comp id="28" class="1001" name="const_28">
<pin_list>
<pin id="29" dir="1" index="0" bw="1" slack="0"/>
</pin_list>
<bind>
<StgValue><ssdm name="_ssdm_op_BitConcatenate.i16.i15.i1"/></StgValue>
</bind>
</comp>

<comp id="30" class="1001" name="const_30">
<pin_list>
<pin id="31" dir="1" index="0" bw="1" slack="0"/>
</pin_list>
<bind>
<StgValue><ssdm name=""/></StgValue>
</bind>
</comp>

<comp id="32" class="1001" name="const_32">
<pin_list>
<pin id="33" dir="1" index="0" bw="1" slack="0"/>
</pin_list>
<bind>
<StgValue><ssdm name="_ssdm_op_BitConcatenate.i64.i63.i1"/></StgValue>
</bind>
</comp>

<comp id="34" class="1001" name="const_34">
<pin_list>
<pin id="35" dir="1" index="0" bw="1" slack="0"/>
</pin_list>
<bind>
<StgValue><ssdm name=""/></StgValue>
</bind>
</comp>

<comp id="36" class="1001" name="const_36">
<pin_list>
<pin id="37" dir="1" index="0" bw="1" slack="0"/>
</pin_list>
<bind>
<StgValue><ssdm name=""/></StgValue>
</bind>
</comp>

<comp id="38" class="1001" name="const_38">
<pin_list>
<pin id="39" dir="1" index="0" bw="1" slack="0"/>
</pin_list>
<bind>
<StgValue><ssdm name=""/></StgValue>
</bind>
</comp>

<comp id="40" class="1001" name="const_40">
<pin_list>
<pin id="41" dir="1" index="0" bw="1" slack="0"/>
</pin_list>
<bind>
<StgValue><ssdm name=""/></StgValue>
</bind>
</comp>

<comp id="42" class="1001" name="const_42">
<pin_list>
<pin id="43" dir="1" index="0" bw="1" slack="0"/>
</pin_list>
<bind>
<StgValue><ssdm name=""/></StgValue>
</bind>
</comp>

<comp id="44" class="1004" name="div_fu_44">
<pin_list>
<pin id="45" dir="0" index="0" bw="1" slack="0"/>
<pin id="46" dir="1" index="1" bw="15" slack="0"/>
</pin_list>
<bind>
<opcode="alloca(26) " fcode="alloca"/>
<opset="div/1 "/>
</bind>
</comp>

<comp id="48" class="1004" name="L_num_fu_48">
<pin_list>
<pin id="49" dir="0" index="0" bw="1" slack="0"/>
<pin id="50" dir="1" index="1" bw="63" slack="0"/>
</pin_list>
<bind>
<opcode="alloca(26) " fcode="alloca"/>
<opset="L_num/1 "/>
</bind>
</comp>

<comp id="52" class="1004" name="k_fu_52">
<pin_list>
<pin id="53" dir="0" index="0" bw="1" slack="0"/>
<pin id="54" dir="1" index="1" bw="4" slack="0"/>
</pin_list>
<bind>
<opcode="alloca(26) " fcode="alloca"/>
<opset="k/1 "/>
</bind>
</comp>

<comp id="56" class="1004" name="denum_read_read_fu_56">
<pin_list>
<pin id="57" dir="0" index="0" bw="16" slack="0"/>
<pin id="58" dir="0" index="1" bw="16" slack="0"/>
<pin id="59" dir="1" index="2" bw="16" slack="0"/>
</pin_list>
<bind>
<opcode="read(1150) " fcode="read"/>
<opset="denum_read/1 "/>
</bind>
</comp>

<comp id="62" class="1004" name="num_read_read_fu_62">
<pin_list>
<pin id="63" dir="0" index="0" bw="16" slack="0"/>
<pin id="64" dir="0" index="1" bw="16" slack="0"/>
<pin id="65" dir="1" index="2" bw="16" slack="0"/>
</pin_list>
<bind>
<opcode="read(1150) " fcode="read"/>
<opset="num_read/1 "/>
</bind>
</comp>

<comp id="68" class="1005" name="retval_0_reg_68">
<pin_list>
<pin id="69" dir="0" index="0" bw="16" slack="1"/>
<pin id="70" dir="1" index="1" bw="16" slack="1"/>
</pin_list>
<bind>
<opset="retval_0 (phireg) "/>
</bind>
</comp>

<comp id="72" class="1004" name="retval_0_phi_fu_72">
<pin_list>
<pin id="73" dir="0" index="0" bw="1" slack="1"/>
<pin id="74" dir="0" index="1" bw="0" slack="2147483647"/>
<pin id="75" dir="0" index="2" bw="16" slack="0"/>
<pin id="76" dir="0" index="3" bw="0" slack="2147483647"/>
<pin id="77" dir="1" index="4" bw="16" slack="2147483647"/>
</pin_list>
<bind>
<opcode="phi(47) " fcode="phi"/>
<opset="retval_0/2 "/>
</bind>
</comp>

<comp id="79" class="1004" name="sext_ln120_fu_79">
<pin_list>
<pin id="80" dir="0" index="0" bw="16" slack="0"/>
<pin id="81" dir="1" index="1" bw="63" slack="0"/>
</pin_list>
<bind>
<opcode="sext(35) " fcode="sext"/>
<opset="sext_ln120/1 "/>
</bind>
</comp>

<comp id="83" class="1004" name="sext_ln126_fu_83">
<pin_list>
<pin id="84" dir="0" index="0" bw="16" slack="0"/>
<pin id="85" dir="1" index="1" bw="64" slack="1"/>
</pin_list>
<bind>
<opcode="sext(35) " fcode="sext"/>
<opset="sext_ln126/1 "/>
</bind>
</comp>

<comp id="87" class="1004" name="sext_ln121_fu_87">
<pin_list>
<pin id="88" dir="0" index="0" bw="16" slack="0"/>
<pin id="89" dir="1" index="1" bw="63" slack="1"/>
</pin_list>
<bind>
<opcode="sext(35) " fcode="sext"/>
<opset="sext_ln121/1 "/>
</bind>
</comp>

<comp id="91" class="1004" name="icmp_ln134_fu_91">
<pin_list>
<pin id="92" dir="0" index="0" bw="16" slack="0"/>
<pin id="93" dir="0" index="1" bw="1" slack="0"/>
<pin id="94" dir="1" index="2" bw="1" slack="1"/>
</pin_list>
<bind>
<opcode="icmp(45) " fcode="icmp"/>
<opset="icmp_ln134/1 "/>
</bind>
</comp>

<comp id="97" class="1004" name="store_ln123_store_fu_97">
<pin_list>
<pin id="98" dir="0" index="0" bw="2" slack="0"/>
<pin id="99" dir="0" index="1" bw="4" slack="0"/>
<pin id="100" dir="1" index="2" bw="0" slack="2147483647"/>
</pin_list>
<bind>
<opcode="store(28) " fcode="store"/>
<opset="store_ln123/1 "/>
</bind>
</comp>

<comp id="102" class="1004" name="store_ln120_store_fu_102">
<pin_list>
<pin id="103" dir="0" index="0" bw="16" slack="0"/>
<pin id="104" dir="0" index="1" bw="63" slack="0"/>
<pin id="105" dir="1" index="2" bw="0" slack="2147483647"/>
</pin_list>
<bind>
<opcode="store(28) " fcode="store"/>
<opset="store_ln120/1 "/>
</bind>
</comp>

<comp id="107" class="1004" name="store_ln122_store_fu_107">
<pin_list>
<pin id="108" dir="0" index="0" bw="1" slack="0"/>
<pin id="109" dir="0" index="1" bw="15" slack="0"/>
<pin id="110" dir="1" index="2" bw="0" slack="2147483647"/>
</pin_list>
<bind>
<opcode="store(28) " fcode="store"/>
<opset="store_ln122/1 "/>
</bind>
</comp>

<comp id="112" class="1004" name="div_4_load_fu_112">
<pin_list>
<pin id="113" dir="0" index="0" bw="15" slack="1"/>
<pin id="114" dir="1" index="1" bw="15" slack="0"/>
</pin_list>
<bind>
<opcode="load(27) " fcode="load"/>
<opset="div_4/2 "/>
</bind>
</comp>

<comp id="115" class="1004" name="L_num_4_load_fu_115">
<pin_list>
<pin id="116" dir="0" index="0" bw="63" slack="1"/>
<pin id="117" dir="1" index="1" bw="63" slack="0"/>
</pin_list>
<bind>
<opcode="load(27) " fcode="load"/>
<opset="L_num_4/2 "/>
</bind>
</comp>

<comp id="118" class="1004" name="k_2_load_fu_118">
<pin_list>
<pin id="119" dir="0" index="0" bw="4" slack="1"/>
<pin id="120" dir="1" index="1" bw="4" slack="0"/>
</pin_list>
<bind>
<opcode="load(27) " fcode="load"/>
<opset="k_2/2 "/>
</bind>
</comp>

<comp id="121" class="1004" name="div_1_fu_121">
<pin_list>
<pin id="122" dir="0" index="0" bw="16" slack="0"/>
<pin id="123" dir="0" index="1" bw="15" slack="0"/>
<pin id="124" dir="0" index="2" bw="1" slack="0"/>
<pin id="125" dir="1" index="3" bw="16" slack="0"/>
</pin_list>
<bind>
<opcode="bitconcatenate(1004) " fcode="bitconcatenate"/>
<opset="div_1/2 "/>
</bind>
</comp>

<comp id="129" class="1004" name="L_num_1_fu_129">
<pin_list>
<pin id="130" dir="0" index="0" bw="64" slack="0"/>
<pin id="131" dir="0" index="1" bw="63" slack="0"/>
<pin id="132" dir="0" index="2" bw="1" slack="0"/>
<pin id="133" dir="1" index="3" bw="64" slack="0"/>
</pin_list>
<bind>
<opcode="bitconcatenate(1004) " fcode="bitconcatenate"/>
<opset="L_num_1/2 "/>
</bind>
</comp>

<comp id="137" class="1004" name="shl_ln120_fu_137">
<pin_list>
<pin id="138" dir="0" index="0" bw="63" slack="0"/>
<pin id="139" dir="0" index="1" bw="1" slack="0"/>
<pin id="140" dir="1" index="2" bw="63" slack="0"/>
</pin_list>
<bind>
<opcode="shl(20) " fcode="shl"/>
<opset="shl_ln120/2 "/>
</bind>
</comp>

<comp id="143" class="1004" name="icmp_ln144_fu_143">
<pin_list>
<pin id="144" dir="0" index="0" bw="64" slack="0"/>
<pin id="145" dir="0" index="1" bw="16" slack="1"/>
<pin id="146" dir="1" index="2" bw="1" slack="0"/>
</pin_list>
<bind>
<opcode="icmp(45) " fcode="icmp"/>
<opset="icmp_ln144/2 "/>
</bind>
</comp>

<comp id="148" class="1004" name="xor_ln144_fu_148">
<pin_list>
<pin id="149" dir="0" index="0" bw="1" slack="0"/>
<pin id="150" dir="0" index="1" bw="1" slack="0"/>
<pin id="151" dir="1" index="2" bw="1" slack="0"/>
</pin_list>
<bind>
<opcode="xor(25) " fcode="xor"/>
<opset="xor_ln144/2 "/>
</bind>
</comp>

<comp id="154" class="1004" name="L_num_5_fu_154">
<pin_list>
<pin id="155" dir="0" index="0" bw="63" slack="0"/>
<pin id="156" dir="0" index="1" bw="16" slack="1"/>
<pin id="157" dir="1" index="2" bw="63" slack="0"/>
</pin_list>
<bind>
<opcode="sub(10) " fcode="sub"/>
<opset="L_num_5/2 "/>
</bind>
</comp>

<comp id="159" class="1004" name="div_5_fu_159">
<pin_list>
<pin id="160" dir="0" index="0" bw="16" slack="0"/>
<pin id="161" dir="0" index="1" bw="1" slack="0"/>
<pin id="162" dir="1" index="2" bw="16" slack="0"/>
</pin_list>
<bind>
<opcode="or(24) " fcode="or"/>
<opset="div_5/2 "/>
</bind>
</comp>

<comp id="165" class="1004" name="div_6_fu_165">
<pin_list>
<pin id="166" dir="0" index="0" bw="1" slack="0"/>
<pin id="167" dir="0" index="1" bw="16" slack="0"/>
<pin id="168" dir="0" index="2" bw="16" slack="0"/>
<pin id="169" dir="1" index="3" bw="16" slack="0"/>
</pin_list>
<bind>
<opcode="select(49) " fcode="select"/>
<opset="div_6/2 "/>
</bind>
</comp>

<comp id="174" class="1004" name="trunc_ln144_fu_174">
<pin_list>
<pin id="175" dir="0" index="0" bw="16" slack="0"/>
<pin id="176" dir="1" index="1" bw="15" slack="0"/>
</pin_list>
<bind>
<opcode="trunc(33) " fcode="trunc"/>
<opset="trunc_ln144/2 "/>
</bind>
</comp>

<comp id="178" class="1004" name="L_num_6_fu_178">
<pin_list>
<pin id="179" dir="0" index="0" bw="1" slack="0"/>
<pin id="180" dir="0" index="1" bw="63" slack="0"/>
<pin id="181" dir="0" index="2" bw="63" slack="0"/>
<pin id="182" dir="1" index="3" bw="63" slack="0"/>
</pin_list>
<bind>
<opcode="select(49) " fcode="select"/>
<opset="L_num_6/2 "/>
</bind>
</comp>

<comp id="186" class="1004" name="k_3_fu_186">
<pin_list>
<pin id="187" dir="0" index="0" bw="4" slack="0"/>
<pin id="188" dir="0" index="1" bw="1" slack="0"/>
<pin id="189" dir="1" index="2" bw="4" slack="0"/>
</pin_list>
<bind>
<opcode="add(8) " fcode="add"/>
<opset="k_3/2 "/>
</bind>
</comp>

<comp id="192" class="1004" name="icmp_ln138_fu_192">
<pin_list>
<pin id="193" dir="0" index="0" bw="4" slack="0"/>
<pin id="194" dir="0" index="1" bw="1" slack="0"/>
<pin id="195" dir="1" index="2" bw="1" slack="2147483647"/>
</pin_list>
<bind>
<opcode="icmp(45) " fcode="icmp"/>
<opset="icmp_ln138/2 "/>
</bind>
</comp>

<comp id="198" class="1004" name="store_ln123_store_fu_198">
<pin_list>
<pin id="199" dir="0" index="0" bw="4" slack="0"/>
<pin id="200" dir="0" index="1" bw="4" slack="1"/>
<pin id="201" dir="1" index="2" bw="0" slack="2147483647"/>
</pin_list>
<bind>
<opcode="store(28) " fcode="store"/>
<opset="store_ln123/2 "/>
</bind>
</comp>

<comp id="203" class="1004" name="store_ln120_store_fu_203">
<pin_list>
<pin id="204" dir="0" index="0" bw="63" slack="0"/>
<pin id="205" dir="0" index="1" bw="63" slack="1"/>
<pin id="206" dir="1" index="2" bw="0" slack="2147483647"/>
</pin_list>
<bind>
<opcode="store(28) " fcode="store"/>
<opset="store_ln120/2 "/>
</bind>
</comp>

<comp id="208" class="1004" name="store_ln122_store_fu_208">
<pin_list>
<pin id="209" dir="0" index="0" bw="15" slack="0"/>
<pin id="210" dir="0" index="1" bw="15" slack="1"/>
<pin id="211" dir="1" index="2" bw="0" slack="2147483647"/>
</pin_list>
<bind>
<opcode="store(28) " fcode="store"/>
<opset="store_ln122/2 "/>
</bind>
</comp>

<comp id="213" class="1005" name="sext_ln126_reg_213">
<pin_list>
<pin id="214" dir="0" index="0" bw="64" slack="1"/>
<pin id="215" dir="1" index="1" bw="64" slack="1"/>
</pin_list>
<bind>
<opset="sext_ln126 "/>
</bind>
</comp>

<comp id="218" class="1005" name="sext_ln121_reg_218">
<pin_list>
<pin id="219" dir="0" index="0" bw="63" slack="1"/>
<pin id="220" dir="1" index="1" bw="63" slack="1"/>
</pin_list>
<bind>
<opset="sext_ln121 "/>
</bind>
</comp>

<comp id="223" class="1005" name="icmp_ln134_reg_223">
<pin_list>
<pin id="224" dir="0" index="0" bw="1" slack="1"/>
<pin id="225" dir="1" index="1" bw="1" slack="2147483647"/>
</pin_list>
<bind>
<opset="icmp_ln134 "/>
</bind>
</comp>

<comp id="227" class="1005" name="div_reg_227">
<pin_list>
<pin id="228" dir="0" index="0" bw="15" slack="0"/>
<pin id="229" dir="1" index="1" bw="15" slack="0"/>
</pin_list>
<bind>
<opset="div "/>
</bind>
</comp>

<comp id="234" class="1005" name="L_num_reg_234">
<pin_list>
<pin id="235" dir="0" index="0" bw="63" slack="0"/>
<pin id="236" dir="1" index="1" bw="63" slack="0"/>
</pin_list>
<bind>
<opset="L_num "/>
</bind>
</comp>

<comp id="241" class="1005" name="k_reg_241">
<pin_list>
<pin id="242" dir="0" index="0" bw="4" slack="0"/>
<pin id="243" dir="1" index="1" bw="4" slack="0"/>
</pin_list>
<bind>
<opset="k "/>
</bind>
</comp>

</comp_list>

<net_list>
<net id="47"><net_src comp="8" pin="0"/><net_sink comp="44" pin=0"/></net>

<net id="51"><net_src comp="8" pin="0"/><net_sink comp="48" pin=0"/></net>

<net id="55"><net_src comp="8" pin="0"/><net_sink comp="52" pin=0"/></net>

<net id="60"><net_src comp="12" pin="0"/><net_sink comp="56" pin=0"/></net>

<net id="61"><net_src comp="2" pin="0"/><net_sink comp="56" pin=1"/></net>

<net id="66"><net_src comp="12" pin="0"/><net_sink comp="62" pin=0"/></net>

<net id="67"><net_src comp="0" pin="0"/><net_sink comp="62" pin=1"/></net>

<net id="71"><net_src comp="14" pin="0"/><net_sink comp="68" pin=0"/></net>

<net id="78"><net_src comp="68" pin="1"/><net_sink comp="72" pin=0"/></net>

<net id="82"><net_src comp="62" pin="2"/><net_sink comp="79" pin=0"/></net>

<net id="86"><net_src comp="56" pin="2"/><net_sink comp="83" pin=0"/></net>

<net id="90"><net_src comp="56" pin="2"/><net_sink comp="87" pin=0"/></net>

<net id="95"><net_src comp="62" pin="2"/><net_sink comp="91" pin=0"/></net>

<net id="96"><net_src comp="14" pin="0"/><net_sink comp="91" pin=1"/></net>

<net id="101"><net_src comp="16" pin="0"/><net_sink comp="97" pin=0"/></net>

<net id="106"><net_src comp="79" pin="1"/><net_sink comp="102" pin=0"/></net>

<net id="111"><net_src comp="18" pin="0"/><net_sink comp="107" pin=0"/></net>

<net id="126"><net_src comp="28" pin="0"/><net_sink comp="121" pin=0"/></net>

<net id="127"><net_src comp="112" pin="1"/><net_sink comp="121" pin=1"/></net>

<net id="128"><net_src comp="30" pin="0"/><net_sink comp="121" pin=2"/></net>

<net id="134"><net_src comp="32" pin="0"/><net_sink comp="129" pin=0"/></net>

<net id="135"><net_src comp="115" pin="1"/><net_sink comp="129" pin=1"/></net>

<net id="136"><net_src comp="30" pin="0"/><net_sink comp="129" pin=2"/></net>

<net id="141"><net_src comp="115" pin="1"/><net_sink comp="137" pin=0"/></net>

<net id="142"><net_src comp="34" pin="0"/><net_sink comp="137" pin=1"/></net>

<net id="147"><net_src comp="129" pin="3"/><net_sink comp="143" pin=0"/></net>

<net id="152"><net_src comp="143" pin="2"/><net_sink comp="148" pin=0"/></net>

<net id="153"><net_src comp="36" pin="0"/><net_sink comp="148" pin=1"/></net>

<net id="158"><net_src comp="137" pin="2"/><net_sink comp="154" pin=0"/></net>

<net id="163"><net_src comp="121" pin="3"/><net_sink comp="159" pin=0"/></net>

<net id="164"><net_src comp="38" pin="0"/><net_sink comp="159" pin=1"/></net>

<net id="170"><net_src comp="148" pin="2"/><net_sink comp="165" pin=0"/></net>

<net id="171"><net_src comp="159" pin="2"/><net_sink comp="165" pin=1"/></net>

<net id="172"><net_src comp="121" pin="3"/><net_sink comp="165" pin=2"/></net>

<net id="173"><net_src comp="165" pin="3"/><net_sink comp="72" pin=2"/></net>

<net id="177"><net_src comp="165" pin="3"/><net_sink comp="174" pin=0"/></net>

<net id="183"><net_src comp="148" pin="2"/><net_sink comp="178" pin=0"/></net>

<net id="184"><net_src comp="154" pin="2"/><net_sink comp="178" pin=1"/></net>

<net id="185"><net_src comp="137" pin="2"/><net_sink comp="178" pin=2"/></net>

<net id="190"><net_src comp="118" pin="1"/><net_sink comp="186" pin=0"/></net>

<net id="191"><net_src comp="40" pin="0"/><net_sink comp="186" pin=1"/></net>

<net id="196"><net_src comp="118" pin="1"/><net_sink comp="192" pin=0"/></net>

<net id="197"><net_src comp="42" pin="0"/><net_sink comp="192" pin=1"/></net>

<net id="202"><net_src comp="186" pin="2"/><net_sink comp="198" pin=0"/></net>

<net id="207"><net_src comp="178" pin="3"/><net_sink comp="203" pin=0"/></net>

<net id="212"><net_src comp="174" pin="1"/><net_sink comp="208" pin=0"/></net>

<net id="216"><net_src comp="83" pin="1"/><net_sink comp="213" pin=0"/></net>

<net id="217"><net_src comp="213" pin="1"/><net_sink comp="143" pin=1"/></net>

<net id="221"><net_src comp="87" pin="1"/><net_sink comp="218" pin=0"/></net>

<net id="222"><net_src comp="218" pin="1"/><net_sink comp="154" pin=1"/></net>

<net id="226"><net_src comp="91" pin="2"/><net_sink comp="223" pin=0"/></net>

<net id="230"><net_src comp="44" pin="1"/><net_sink comp="227" pin=0"/></net>

<net id="231"><net_src comp="227" pin="1"/><net_sink comp="107" pin=1"/></net>

<net id="232"><net_src comp="227" pin="1"/><net_sink comp="112" pin=0"/></net>

<net id="233"><net_src comp="227" pin="1"/><net_sink comp="208" pin=1"/></net>

<net id="237"><net_src comp="48" pin="1"/><net_sink comp="234" pin=0"/></net>

<net id="238"><net_src comp="234" pin="1"/><net_sink comp="102" pin=1"/></net>

<net id="239"><net_src comp="234" pin="1"/><net_sink comp="115" pin=0"/></net>

<net id="240"><net_src comp="234" pin="1"/><net_sink comp="203" pin=1"/></net>

<net id="244"><net_src comp="52" pin="1"/><net_sink comp="241" pin=0"/></net>

<net id="245"><net_src comp="241" pin="1"/><net_sink comp="97" pin=1"/></net>

<net id="246"><net_src comp="241" pin="1"/><net_sink comp="118" pin=0"/></net>

<net id="247"><net_src comp="241" pin="1"/><net_sink comp="198" pin=1"/></net>

</net_list>

</model> 
---------------- Datapath Model END ------------------

* FSMD analyzer results:
  - Output states:
 - Input state : 
	Port: gsm_div : num | {1 }
	Port: gsm_div : denum | {1 }
  - Chain level:
	State 1
		br_ln134 : 1
		store_ln123 : 1
		store_ln120 : 1
		store_ln122 : 1
	State 2
		div_1 : 1
		L_num_1 : 1
		shl_ln120 : 1
		icmp_ln144 : 2
		xor_ln144 : 3
		L_num_5 : 1
		div_5 : 2
		div_6 : 3
		trunc_ln144 : 4
		L_num_6 : 3
		k_3 : 1
		icmp_ln138 : 1
		store_ln123 : 2
		store_ln120 : 4
		store_ln122 : 5
		br_ln138 : 2
		retval_0 : 4
		ret_ln152 : 5


============================================================
+ Verbose Summary: Datapath Resource usage 
============================================================

* Functional unit list:
|----------|-----------------------|---------|---------|
| Operation|    Functional Unit    |    FF   |   LUT   |
|----------|-----------------------|---------|---------|
|          |    icmp_ln134_fu_91   |    0    |    23   |
|   icmp   |   icmp_ln144_fu_143   |    0    |    71   |
|          |   icmp_ln138_fu_192   |    0    |    12   |
|----------|-----------------------|---------|---------|
|  select  |      div_6_fu_165     |    0    |    16   |
|          |     L_num_6_fu_178    |    0    |    62   |
|----------|-----------------------|---------|---------|
|    sub   |     L_num_5_fu_154    |    0    |    70   |
|----------|-----------------------|---------|---------|
|    add   |       k_3_fu_186      |    0    |    12   |
|----------|-----------------------|---------|---------|
|    xor   |    xor_ln144_fu_148   |    0    |    2    |
|----------|-----------------------|---------|---------|
|   read   | denum_read_read_fu_56 |    0    |    0    |
|          |  num_read_read_fu_62  |    0    |    0    |
|----------|-----------------------|---------|---------|
|          |    sext_ln120_fu_79   |    0    |    0    |
|   sext   |    sext_ln126_fu_83   |    0    |    0    |
|          |    sext_ln121_fu_87   |    0    |    0    |
|----------|-----------------------|---------|---------|
|bitconcatenate|      div_1_fu_121     |    0    |    0    |
|          |     L_num_1_fu_129    |    0    |    0    |
|----------|-----------------------|---------|---------|
|    shl   |    shl_ln120_fu_137   |    0    |    0    |
|----------|-----------------------|---------|---------|
|    or    |      div_5_fu_159     |    0    |    0    |
|----------|-----------------------|---------|---------|
|   trunc  |   trunc_ln144_fu_174  |    0    |    0    |
|----------|-----------------------|---------|---------|
|   Total  |                       |    0    |   268   |
|----------|-----------------------|---------|---------|

Memories:
N/A

* Register list:
+------------------+--------+
|                  |   FF   |
+------------------+--------+
|   L_num_reg_234  |   63   |
|    div_reg_227   |   15   |
|icmp_ln134_reg_223|    1   |
|     k_reg_241    |    4   |
|  retval_0_reg_68 |   16   |
|sext_ln121_reg_218|   63   |
|sext_ln126_reg_213|   64   |
+------------------+--------+
|       Total      |   226  |
+------------------+--------+

* Multiplexer (MUX) list: 
|--------|------|------|------|--------|
|  Comp  |  Pin | Size |  BW  | S x BW |
|--------|------|------|------|--------|
|  Total |      |      |      |    0   |
|--------|------|------|------|--------|



* Summary:
+-----------+--------+--------+
|           |   FF   |   LUT  |
+-----------+--------+--------+
|  Function |    0   |   268  |
|   Memory  |    -   |    -   |
|Multiplexer|    -   |    -   |
|  Register |   226  |    -   |
+-----------+--------+--------+
|   Total   |   226  |   268  |
+-----------+--------+--------+
