

================================================================
== Vitis HLS Report for 'main_Pipeline_loop_22'
================================================================
* Date:           Mon Aug 12 18:53:36 2024

* Version:        2023.2 (Build 4023990 on Oct 11 2023)
* Project:        doitgenTriple
* Solution:       solution1 (Vivado IP Flow Target)
* Product family: zynq
* Target device:  xc7z020-clg400-1


================================================================
== Performance Estimates
================================================================
+ Timing: 
    * Summary: 
    +--------+---------+----------+------------+
    |  Clock |  Target | Estimated| Uncertainty|
    +--------+---------+----------+------------+
    |ap_clk  |  5.00 ns|  5.091 ns|     1.35 ns|
    +--------+---------+----------+------------+

+ Latency: 
    * Summary: 
    +---------+---------+-----------+-----------+------+------+---------+
    |  Latency (cycles) |   Latency (absolute)  |   Interval  | Pipeline|
    |   min   |   max   |    min    |    max    |  min |  max |   Type  |
    +---------+---------+-----------+-----------+------+------+---------+
    |     2580|     2580|  13.135 us|  13.135 us|  2580|  2580|       no|
    +---------+---------+-----------+-----------+------+------+---------+

    + Detail: 
        * Instance: 
        N/A

        * Loop: 
        +----------+---------+---------+----------+-----------+-----------+------+----------+
        |          |  Latency (cycles) | Iteration|  Initiation Interval  | Trip |          |
        | Loop Name|   min   |   max   |  Latency |  achieved |   target  | Count| Pipelined|
        +----------+---------+---------+----------+-----------+-----------+------+----------+
        |- loop_2  |     2578|     2578|        39|         10|          1|   255|       yes|
        +----------+---------+---------+----------+-----------+-----------+------+----------+

============================================================
+ Verbose Summary: Synthesis Manager
============================================================
InlineROM: 1
ExposeGlobal: 0
============================================================
+ Verbose Summary: CDFG Model
============================================================
IsTopModel: 0
ResetActiveHigh: 1
IsCombinational: 0
IsDatapathOnly: 0
HasWiredReturn: 1
HasMFsm: 2
HasVarLatency: 1
IsPipeline: 0
IsRtlPipelined: 0
IsInstanceOverlapped: 0
IsDontTouch: 0
HasImplIP: 0
IsGatedGlobalClock: 0

+ Individual pipeline summary: 
  * Pipeline-0: initiation interval (II) = 10, depth = 39


============================================================
+ Verbose Summary: Schedule
============================================================
* Number of FSM states : 39
* Pipeline : 1
  Pipeline-0 : II = 10, D = 39, States = { 1 2 3 4 5 6 7 8 9 10 11 12 13 14 15 16 17 18 19 20 21 22 23 24 25 26 27 28 29 30 31 32 33 34 35 36 37 38 39 }
* Dataflow Pipeline: 0

* FSM state transitions: 
1 --> 2 
2 --> 3 
3 --> 4 
4 --> 5 
5 --> 6 
6 --> 7 
7 --> 8 
8 --> 9 
9 --> 10 
10 --> 11 
11 --> 12 
12 --> 13 
13 --> 14 
14 --> 15 
15 --> 16 
16 --> 17 
17 --> 18 
18 --> 19 
19 --> 20 
20 --> 21 
21 --> 22 
22 --> 23 
23 --> 24 
24 --> 25 
25 --> 26 
26 --> 27 
27 --> 28 
28 --> 29 
29 --> 30 
30 --> 31 
31 --> 32 
32 --> 33 
33 --> 34 
34 --> 35 
35 --> 36 
36 --> 37 
37 --> 38 
38 --> 39 
39 --> 

* FSM state operations: 

State 1 <SV = 0> <Delay = 5.09>
ST_1 : Operation 42 [1/1] (0.00ns)   --->   "%i = alloca i32 1" [benchmarks/jianyicheng/doitgenTriple/src/doitgenTriple.cpp:36->benchmarks/jianyicheng/doitgenTriple/src/doitgenTriple.cpp:80]   --->   Operation 42 'alloca' 'i' <Predicate = true> <Delay = 0.00>
ST_1 : Operation 43 [1/1] (0.00ns)   --->   "%b = alloca i32 1" [benchmarks/jianyicheng/doitgenTriple/src/doitgenTriple.cpp:38->benchmarks/jianyicheng/doitgenTriple/src/doitgenTriple.cpp:80]   --->   Operation 43 'alloca' 'b' <Predicate = true> <Delay = 0.00>
ST_1 : Operation 44 [1/1] (0.00ns)   --->   "%A_load_read = read i32 @_ssdm_op_Read.ap_auto.float, i32 %A_load"   --->   Operation 44 'read' 'A_load_read' <Predicate = true> <Delay = 0.00>
ST_1 : Operation 45 [1/1] (1.58ns)   --->   "%store_ln38 = store i32 %A_load_read, i32 %b" [benchmarks/jianyicheng/doitgenTriple/src/doitgenTriple.cpp:38->benchmarks/jianyicheng/doitgenTriple/src/doitgenTriple.cpp:80]   --->   Operation 45 'store' 'store_ln38' <Predicate = true> <Delay = 1.58>
ST_1 : Operation 46 [1/1] (1.58ns)   --->   "%store_ln36 = store i8 0, i8 %i" [benchmarks/jianyicheng/doitgenTriple/src/doitgenTriple.cpp:36->benchmarks/jianyicheng/doitgenTriple/src/doitgenTriple.cpp:80]   --->   Operation 46 'store' 'store_ln36' <Predicate = true> <Delay = 1.58>
ST_1 : Operation 47 [1/1] (0.00ns)   --->   "%br_ln0 = br void %for.inc36.i"   --->   Operation 47 'br' 'br_ln0' <Predicate = true> <Delay = 0.00>
ST_1 : Operation 48 [1/1] (0.00ns)   --->   "%i_1 = load i8 %i" [benchmarks/jianyicheng/doitgenTriple/src/doitgenTriple.cpp:43->benchmarks/jianyicheng/doitgenTriple/src/doitgenTriple.cpp:80]   --->   Operation 48 'load' 'i_1' <Predicate = true> <Delay = 0.00>
ST_1 : Operation 49 [1/1] (1.91ns)   --->   "%icmp_ln36 = icmp_eq  i8 %i_1, i8 255" [benchmarks/jianyicheng/doitgenTriple/src/doitgenTriple.cpp:36->benchmarks/jianyicheng/doitgenTriple/src/doitgenTriple.cpp:80]   --->   Operation 49 'icmp' 'icmp_ln36' <Predicate = true> <Delay = 1.91> <CoreInst = "Cmp">   --->   Core 9 'Cmp' <Latency = 0> <II = 1> <Delay = 1.91> <FuncUnit> <Opcode : 'icmp'> <InPorts = 2> <OutPorts = 1>
ST_1 : Operation 50 [1/1] (1.91ns)   --->   "%add_ln43 = add i8 %i_1, i8 1" [benchmarks/jianyicheng/doitgenTriple/src/doitgenTriple.cpp:43->benchmarks/jianyicheng/doitgenTriple/src/doitgenTriple.cpp:80]   --->   Operation 50 'add' 'add_ln43' <Predicate = true> <Delay = 1.91> <CoreInst = "Adder">   --->   Core 1 'Adder' <Latency = 0> <II = 1> <Delay = 1.91> <FuncUnit> <Opcode : 'add' 'sub'> <InPorts = 2> <OutPorts = 1>
ST_1 : Operation 51 [1/1] (0.00ns)   --->   "%br_ln36 = br i1 %icmp_ln36, void %for.inc36.i.split, void %for.inc80.preheader.exitStub" [benchmarks/jianyicheng/doitgenTriple/src/doitgenTriple.cpp:36->benchmarks/jianyicheng/doitgenTriple/src/doitgenTriple.cpp:80]   --->   Operation 51 'br' 'br_ln36' <Predicate = true> <Delay = 0.00>
ST_1 : Operation 52 [1/1] (0.00ns)   --->   "%zext_ln36 = zext i8 %i_1" [benchmarks/jianyicheng/doitgenTriple/src/doitgenTriple.cpp:36->benchmarks/jianyicheng/doitgenTriple/src/doitgenTriple.cpp:80]   --->   Operation 52 'zext' 'zext_ln36' <Predicate = (!icmp_ln36)> <Delay = 0.00>
ST_1 : Operation 53 [1/1] (0.00ns)   --->   "%sum_addr = getelementptr i32 %sum, i64 0, i64 %zext_ln36" [benchmarks/jianyicheng/doitgenTriple/src/doitgenTriple.cpp:37->benchmarks/jianyicheng/doitgenTriple/src/doitgenTriple.cpp:80]   --->   Operation 53 'getelementptr' 'sum_addr' <Predicate = (!icmp_ln36)> <Delay = 0.00>
ST_1 : Operation 54 [2/2] (3.25ns)   --->   "%q = load i8 %sum_addr" [benchmarks/jianyicheng/doitgenTriple/src/doitgenTriple.cpp:37->benchmarks/jianyicheng/doitgenTriple/src/doitgenTriple.cpp:80]   --->   Operation 54 'load' 'q' <Predicate = (!icmp_ln36)> <Delay = 3.25> <CoreInst = "RAM">   --->   Core 82 'RAM' <Latency = 1> <II = 1> <Delay = 3.25> <Storage> <Opcode : 'load' 'store'> <Ports = 2> <Width = 32> <Depth = 256> <RAM>
ST_1 : Operation 55 [1/1] (1.58ns)   --->   "%store_ln36 = store i8 %add_ln43, i8 %i" [benchmarks/jianyicheng/doitgenTriple/src/doitgenTriple.cpp:36->benchmarks/jianyicheng/doitgenTriple/src/doitgenTriple.cpp:80]   --->   Operation 55 'store' 'store_ln36' <Predicate = (!icmp_ln36)> <Delay = 1.58>

State 2 <SV = 1> <Delay = 3.25>
ST_2 : Operation 56 [1/2] (3.25ns)   --->   "%q = load i8 %sum_addr" [benchmarks/jianyicheng/doitgenTriple/src/doitgenTriple.cpp:37->benchmarks/jianyicheng/doitgenTriple/src/doitgenTriple.cpp:80]   --->   Operation 56 'load' 'q' <Predicate = (!icmp_ln36)> <Delay = 3.25> <CoreInst = "RAM">   --->   Core 82 'RAM' <Latency = 1> <II = 1> <Delay = 3.25> <Storage> <Opcode : 'load' 'store'> <Ports = 2> <Width = 32> <Depth = 256> <RAM>

State 3 <SV = 2> <Delay = 2.56>
ST_3 : Operation 57 [8/8] (2.56ns)   --->   "%c = fmul i32 %q, i32 %q" [benchmarks/jianyicheng/doitgenTriple/src/doitgenTriple.cpp:39->benchmarks/jianyicheng/doitgenTriple/src/doitgenTriple.cpp:80]   --->   Operation 57 'fmul' 'c' <Predicate = (!icmp_ln36)> <Delay = 2.56> <CoreInst = "FMul_maxdsp">   --->   Core 30 'FMul_maxdsp' <Latency = 7> <II = 1> <Delay = 2.56> <FuncUnit> <Opcode : 'fmul'> <InPorts = 2> <OutPorts = 1>

State 4 <SV = 3> <Delay = 2.56>
ST_4 : Operation 58 [7/8] (2.56ns)   --->   "%c = fmul i32 %q, i32 %q" [benchmarks/jianyicheng/doitgenTriple/src/doitgenTriple.cpp:39->benchmarks/jianyicheng/doitgenTriple/src/doitgenTriple.cpp:80]   --->   Operation 58 'fmul' 'c' <Predicate = (!icmp_ln36)> <Delay = 2.56> <CoreInst = "FMul_maxdsp">   --->   Core 30 'FMul_maxdsp' <Latency = 7> <II = 1> <Delay = 2.56> <FuncUnit> <Opcode : 'fmul'> <InPorts = 2> <OutPorts = 1>

State 5 <SV = 4> <Delay = 2.56>
ST_5 : Operation 59 [6/8] (2.56ns)   --->   "%c = fmul i32 %q, i32 %q" [benchmarks/jianyicheng/doitgenTriple/src/doitgenTriple.cpp:39->benchmarks/jianyicheng/doitgenTriple/src/doitgenTriple.cpp:80]   --->   Operation 59 'fmul' 'c' <Predicate = (!icmp_ln36)> <Delay = 2.56> <CoreInst = "FMul_maxdsp">   --->   Core 30 'FMul_maxdsp' <Latency = 7> <II = 1> <Delay = 2.56> <FuncUnit> <Opcode : 'fmul'> <InPorts = 2> <OutPorts = 1>

State 6 <SV = 5> <Delay = 2.56>
ST_6 : Operation 60 [5/8] (2.56ns)   --->   "%c = fmul i32 %q, i32 %q" [benchmarks/jianyicheng/doitgenTriple/src/doitgenTriple.cpp:39->benchmarks/jianyicheng/doitgenTriple/src/doitgenTriple.cpp:80]   --->   Operation 60 'fmul' 'c' <Predicate = (!icmp_ln36)> <Delay = 2.56> <CoreInst = "FMul_maxdsp">   --->   Core 30 'FMul_maxdsp' <Latency = 7> <II = 1> <Delay = 2.56> <FuncUnit> <Opcode : 'fmul'> <InPorts = 2> <OutPorts = 1>

State 7 <SV = 6> <Delay = 2.56>
ST_7 : Operation 61 [4/8] (2.56ns)   --->   "%c = fmul i32 %q, i32 %q" [benchmarks/jianyicheng/doitgenTriple/src/doitgenTriple.cpp:39->benchmarks/jianyicheng/doitgenTriple/src/doitgenTriple.cpp:80]   --->   Operation 61 'fmul' 'c' <Predicate = (!icmp_ln36)> <Delay = 2.56> <CoreInst = "FMul_maxdsp">   --->   Core 30 'FMul_maxdsp' <Latency = 7> <II = 1> <Delay = 2.56> <FuncUnit> <Opcode : 'fmul'> <InPorts = 2> <OutPorts = 1>

State 8 <SV = 7> <Delay = 2.56>
ST_8 : Operation 62 [3/8] (2.56ns)   --->   "%c = fmul i32 %q, i32 %q" [benchmarks/jianyicheng/doitgenTriple/src/doitgenTriple.cpp:39->benchmarks/jianyicheng/doitgenTriple/src/doitgenTriple.cpp:80]   --->   Operation 62 'fmul' 'c' <Predicate = (!icmp_ln36)> <Delay = 2.56> <CoreInst = "FMul_maxdsp">   --->   Core 30 'FMul_maxdsp' <Latency = 7> <II = 1> <Delay = 2.56> <FuncUnit> <Opcode : 'fmul'> <InPorts = 2> <OutPorts = 1>

State 9 <SV = 8> <Delay = 2.56>
ST_9 : Operation 63 [2/8] (2.56ns)   --->   "%c = fmul i32 %q, i32 %q" [benchmarks/jianyicheng/doitgenTriple/src/doitgenTriple.cpp:39->benchmarks/jianyicheng/doitgenTriple/src/doitgenTriple.cpp:80]   --->   Operation 63 'fmul' 'c' <Predicate = (!icmp_ln36)> <Delay = 2.56> <CoreInst = "FMul_maxdsp">   --->   Core 30 'FMul_maxdsp' <Latency = 7> <II = 1> <Delay = 2.56> <FuncUnit> <Opcode : 'fmul'> <InPorts = 2> <OutPorts = 1>

State 10 <SV = 9> <Delay = 2.56>
ST_10 : Operation 64 [1/8] (2.56ns)   --->   "%c = fmul i32 %q, i32 %q" [benchmarks/jianyicheng/doitgenTriple/src/doitgenTriple.cpp:39->benchmarks/jianyicheng/doitgenTriple/src/doitgenTriple.cpp:80]   --->   Operation 64 'fmul' 'c' <Predicate = (!icmp_ln36)> <Delay = 2.56> <CoreInst = "FMul_maxdsp">   --->   Core 30 'FMul_maxdsp' <Latency = 7> <II = 1> <Delay = 2.56> <FuncUnit> <Opcode : 'fmul'> <InPorts = 2> <OutPorts = 1>

State 11 <SV = 10> <Delay = 3.35>
ST_11 : Operation 65 [10/10] (3.35ns)   --->   "%d = fadd i32 %c, i32 0.5" [benchmarks/jianyicheng/doitgenTriple/src/doitgenTriple.cpp:40->benchmarks/jianyicheng/doitgenTriple/src/doitgenTriple.cpp:80]   --->   Operation 65 'fadd' 'd' <Predicate = true> <Delay = 3.35> <CoreInst = "FAddSub_fulldsp">   --->   Core 18 'FAddSub_fulldsp' <Latency = 9> <II = 1> <Delay = 3.35> <FuncUnit> <Opcode : 'fadd' 'fsub'> <InPorts = 2> <OutPorts = 1>

State 12 <SV = 11> <Delay = 3.35>
ST_12 : Operation 66 [9/10] (3.35ns)   --->   "%d = fadd i32 %c, i32 0.5" [benchmarks/jianyicheng/doitgenTriple/src/doitgenTriple.cpp:40->benchmarks/jianyicheng/doitgenTriple/src/doitgenTriple.cpp:80]   --->   Operation 66 'fadd' 'd' <Predicate = true> <Delay = 3.35> <CoreInst = "FAddSub_fulldsp">   --->   Core 18 'FAddSub_fulldsp' <Latency = 9> <II = 1> <Delay = 3.35> <FuncUnit> <Opcode : 'fadd' 'fsub'> <InPorts = 2> <OutPorts = 1>

State 13 <SV = 12> <Delay = 3.35>
ST_13 : Operation 67 [8/10] (3.35ns)   --->   "%d = fadd i32 %c, i32 0.5" [benchmarks/jianyicheng/doitgenTriple/src/doitgenTriple.cpp:40->benchmarks/jianyicheng/doitgenTriple/src/doitgenTriple.cpp:80]   --->   Operation 67 'fadd' 'd' <Predicate = true> <Delay = 3.35> <CoreInst = "FAddSub_fulldsp">   --->   Core 18 'FAddSub_fulldsp' <Latency = 9> <II = 1> <Delay = 3.35> <FuncUnit> <Opcode : 'fadd' 'fsub'> <InPorts = 2> <OutPorts = 1>

State 14 <SV = 13> <Delay = 3.35>
ST_14 : Operation 68 [7/10] (3.35ns)   --->   "%d = fadd i32 %c, i32 0.5" [benchmarks/jianyicheng/doitgenTriple/src/doitgenTriple.cpp:40->benchmarks/jianyicheng/doitgenTriple/src/doitgenTriple.cpp:80]   --->   Operation 68 'fadd' 'd' <Predicate = true> <Delay = 3.35> <CoreInst = "FAddSub_fulldsp">   --->   Core 18 'FAddSub_fulldsp' <Latency = 9> <II = 1> <Delay = 3.35> <FuncUnit> <Opcode : 'fadd' 'fsub'> <InPorts = 2> <OutPorts = 1>

State 15 <SV = 14> <Delay = 3.35>
ST_15 : Operation 69 [6/10] (3.35ns)   --->   "%d = fadd i32 %c, i32 0.5" [benchmarks/jianyicheng/doitgenTriple/src/doitgenTriple.cpp:40->benchmarks/jianyicheng/doitgenTriple/src/doitgenTriple.cpp:80]   --->   Operation 69 'fadd' 'd' <Predicate = true> <Delay = 3.35> <CoreInst = "FAddSub_fulldsp">   --->   Core 18 'FAddSub_fulldsp' <Latency = 9> <II = 1> <Delay = 3.35> <FuncUnit> <Opcode : 'fadd' 'fsub'> <InPorts = 2> <OutPorts = 1>

State 16 <SV = 15> <Delay = 3.35>
ST_16 : Operation 70 [5/10] (3.35ns)   --->   "%d = fadd i32 %c, i32 0.5" [benchmarks/jianyicheng/doitgenTriple/src/doitgenTriple.cpp:40->benchmarks/jianyicheng/doitgenTriple/src/doitgenTriple.cpp:80]   --->   Operation 70 'fadd' 'd' <Predicate = true> <Delay = 3.35> <CoreInst = "FAddSub_fulldsp">   --->   Core 18 'FAddSub_fulldsp' <Latency = 9> <II = 1> <Delay = 3.35> <FuncUnit> <Opcode : 'fadd' 'fsub'> <InPorts = 2> <OutPorts = 1>

State 17 <SV = 16> <Delay = 3.35>
ST_17 : Operation 71 [4/10] (3.35ns)   --->   "%d = fadd i32 %c, i32 0.5" [benchmarks/jianyicheng/doitgenTriple/src/doitgenTriple.cpp:40->benchmarks/jianyicheng/doitgenTriple/src/doitgenTriple.cpp:80]   --->   Operation 71 'fadd' 'd' <Predicate = true> <Delay = 3.35> <CoreInst = "FAddSub_fulldsp">   --->   Core 18 'FAddSub_fulldsp' <Latency = 9> <II = 1> <Delay = 3.35> <FuncUnit> <Opcode : 'fadd' 'fsub'> <InPorts = 2> <OutPorts = 1>

State 18 <SV = 17> <Delay = 3.35>
ST_18 : Operation 72 [3/10] (3.35ns)   --->   "%d = fadd i32 %c, i32 0.5" [benchmarks/jianyicheng/doitgenTriple/src/doitgenTriple.cpp:40->benchmarks/jianyicheng/doitgenTriple/src/doitgenTriple.cpp:80]   --->   Operation 72 'fadd' 'd' <Predicate = true> <Delay = 3.35> <CoreInst = "FAddSub_fulldsp">   --->   Core 18 'FAddSub_fulldsp' <Latency = 9> <II = 1> <Delay = 3.35> <FuncUnit> <Opcode : 'fadd' 'fsub'> <InPorts = 2> <OutPorts = 1>

State 19 <SV = 18> <Delay = 3.35>
ST_19 : Operation 73 [2/10] (3.35ns)   --->   "%d = fadd i32 %c, i32 0.5" [benchmarks/jianyicheng/doitgenTriple/src/doitgenTriple.cpp:40->benchmarks/jianyicheng/doitgenTriple/src/doitgenTriple.cpp:80]   --->   Operation 73 'fadd' 'd' <Predicate = true> <Delay = 3.35> <CoreInst = "FAddSub_fulldsp">   --->   Core 18 'FAddSub_fulldsp' <Latency = 9> <II = 1> <Delay = 3.35> <FuncUnit> <Opcode : 'fadd' 'fsub'> <InPorts = 2> <OutPorts = 1>

State 20 <SV = 19> <Delay = 3.35>
ST_20 : Operation 74 [1/10] (3.35ns)   --->   "%d = fadd i32 %c, i32 0.5" [benchmarks/jianyicheng/doitgenTriple/src/doitgenTriple.cpp:40->benchmarks/jianyicheng/doitgenTriple/src/doitgenTriple.cpp:80]   --->   Operation 74 'fadd' 'd' <Predicate = true> <Delay = 3.35> <CoreInst = "FAddSub_fulldsp">   --->   Core 18 'FAddSub_fulldsp' <Latency = 9> <II = 1> <Delay = 3.35> <FuncUnit> <Opcode : 'fadd' 'fsub'> <InPorts = 2> <OutPorts = 1>

State 21 <SV = 20> <Delay = 2.56>
ST_21 : Operation 75 [8/8] (2.56ns)   --->   "%e = fmul i32 %d, i32 %q" [benchmarks/jianyicheng/doitgenTriple/src/doitgenTriple.cpp:41->benchmarks/jianyicheng/doitgenTriple/src/doitgenTriple.cpp:80]   --->   Operation 75 'fmul' 'e' <Predicate = true> <Delay = 2.56> <CoreInst = "FMul_maxdsp">   --->   Core 30 'FMul_maxdsp' <Latency = 7> <II = 1> <Delay = 2.56> <FuncUnit> <Opcode : 'fmul'> <InPorts = 2> <OutPorts = 1>

State 22 <SV = 21> <Delay = 2.56>
ST_22 : Operation 76 [7/8] (2.56ns)   --->   "%e = fmul i32 %d, i32 %q" [benchmarks/jianyicheng/doitgenTriple/src/doitgenTriple.cpp:41->benchmarks/jianyicheng/doitgenTriple/src/doitgenTriple.cpp:80]   --->   Operation 76 'fmul' 'e' <Predicate = true> <Delay = 2.56> <CoreInst = "FMul_maxdsp">   --->   Core 30 'FMul_maxdsp' <Latency = 7> <II = 1> <Delay = 2.56> <FuncUnit> <Opcode : 'fmul'> <InPorts = 2> <OutPorts = 1>

State 23 <SV = 22> <Delay = 2.56>
ST_23 : Operation 77 [6/8] (2.56ns)   --->   "%e = fmul i32 %d, i32 %q" [benchmarks/jianyicheng/doitgenTriple/src/doitgenTriple.cpp:41->benchmarks/jianyicheng/doitgenTriple/src/doitgenTriple.cpp:80]   --->   Operation 77 'fmul' 'e' <Predicate = true> <Delay = 2.56> <CoreInst = "FMul_maxdsp">   --->   Core 30 'FMul_maxdsp' <Latency = 7> <II = 1> <Delay = 2.56> <FuncUnit> <Opcode : 'fmul'> <InPorts = 2> <OutPorts = 1>

State 24 <SV = 23> <Delay = 2.56>
ST_24 : Operation 78 [5/8] (2.56ns)   --->   "%e = fmul i32 %d, i32 %q" [benchmarks/jianyicheng/doitgenTriple/src/doitgenTriple.cpp:41->benchmarks/jianyicheng/doitgenTriple/src/doitgenTriple.cpp:80]   --->   Operation 78 'fmul' 'e' <Predicate = true> <Delay = 2.56> <CoreInst = "FMul_maxdsp">   --->   Core 30 'FMul_maxdsp' <Latency = 7> <II = 1> <Delay = 2.56> <FuncUnit> <Opcode : 'fmul'> <InPorts = 2> <OutPorts = 1>

State 25 <SV = 24> <Delay = 2.56>
ST_25 : Operation 79 [4/8] (2.56ns)   --->   "%e = fmul i32 %d, i32 %q" [benchmarks/jianyicheng/doitgenTriple/src/doitgenTriple.cpp:41->benchmarks/jianyicheng/doitgenTriple/src/doitgenTriple.cpp:80]   --->   Operation 79 'fmul' 'e' <Predicate = true> <Delay = 2.56> <CoreInst = "FMul_maxdsp">   --->   Core 30 'FMul_maxdsp' <Latency = 7> <II = 1> <Delay = 2.56> <FuncUnit> <Opcode : 'fmul'> <InPorts = 2> <OutPorts = 1>

State 26 <SV = 25> <Delay = 2.56>
ST_26 : Operation 80 [3/8] (2.56ns)   --->   "%e = fmul i32 %d, i32 %q" [benchmarks/jianyicheng/doitgenTriple/src/doitgenTriple.cpp:41->benchmarks/jianyicheng/doitgenTriple/src/doitgenTriple.cpp:80]   --->   Operation 80 'fmul' 'e' <Predicate = true> <Delay = 2.56> <CoreInst = "FMul_maxdsp">   --->   Core 30 'FMul_maxdsp' <Latency = 7> <II = 1> <Delay = 2.56> <FuncUnit> <Opcode : 'fmul'> <InPorts = 2> <OutPorts = 1>

State 27 <SV = 26> <Delay = 2.56>
ST_27 : Operation 81 [2/8] (2.56ns)   --->   "%e = fmul i32 %d, i32 %q" [benchmarks/jianyicheng/doitgenTriple/src/doitgenTriple.cpp:41->benchmarks/jianyicheng/doitgenTriple/src/doitgenTriple.cpp:80]   --->   Operation 81 'fmul' 'e' <Predicate = true> <Delay = 2.56> <CoreInst = "FMul_maxdsp">   --->   Core 30 'FMul_maxdsp' <Latency = 7> <II = 1> <Delay = 2.56> <FuncUnit> <Opcode : 'fmul'> <InPorts = 2> <OutPorts = 1>

State 28 <SV = 27> <Delay = 2.56>
ST_28 : Operation 82 [1/8] (2.56ns)   --->   "%e = fmul i32 %d, i32 %q" [benchmarks/jianyicheng/doitgenTriple/src/doitgenTriple.cpp:41->benchmarks/jianyicheng/doitgenTriple/src/doitgenTriple.cpp:80]   --->   Operation 82 'fmul' 'e' <Predicate = true> <Delay = 2.56> <CoreInst = "FMul_maxdsp">   --->   Core 30 'FMul_maxdsp' <Latency = 7> <II = 1> <Delay = 2.56> <FuncUnit> <Opcode : 'fmul'> <InPorts = 2> <OutPorts = 1>

State 29 <SV = 28> <Delay = 3.35>
ST_29 : Operation 83 [1/1] (0.00ns)   --->   "%b_load = load i32 %b" [benchmarks/jianyicheng/doitgenTriple/src/doitgenTriple.cpp:42->benchmarks/jianyicheng/doitgenTriple/src/doitgenTriple.cpp:80]   --->   Operation 83 'load' 'b_load' <Predicate = true> <Delay = 0.00>
ST_29 : Operation 84 [10/10] (3.35ns)   --->   "%f = fadd i32 %e, i32 %b_load" [benchmarks/jianyicheng/doitgenTriple/src/doitgenTriple.cpp:42->benchmarks/jianyicheng/doitgenTriple/src/doitgenTriple.cpp:80]   --->   Operation 84 'fadd' 'f' <Predicate = true> <Delay = 3.35> <CoreInst = "FAddSub_fulldsp">   --->   Core 18 'FAddSub_fulldsp' <Latency = 9> <II = 1> <Delay = 3.35> <FuncUnit> <Opcode : 'fadd' 'fsub'> <InPorts = 2> <OutPorts = 1>
ST_29 : Operation 102 [1/1] (0.00ns)   --->   "%ret_ln0 = ret"   --->   Operation 102 'ret' 'ret_ln0' <Predicate = (icmp_ln36)> <Delay = 0.00>

State 30 <SV = 29> <Delay = 3.35>
ST_30 : Operation 85 [9/10] (3.35ns)   --->   "%f = fadd i32 %e, i32 %b_load" [benchmarks/jianyicheng/doitgenTriple/src/doitgenTriple.cpp:42->benchmarks/jianyicheng/doitgenTriple/src/doitgenTriple.cpp:80]   --->   Operation 85 'fadd' 'f' <Predicate = true> <Delay = 3.35> <CoreInst = "FAddSub_fulldsp">   --->   Core 18 'FAddSub_fulldsp' <Latency = 9> <II = 1> <Delay = 3.35> <FuncUnit> <Opcode : 'fadd' 'fsub'> <InPorts = 2> <OutPorts = 1>

State 31 <SV = 30> <Delay = 3.35>
ST_31 : Operation 86 [8/10] (3.35ns)   --->   "%f = fadd i32 %e, i32 %b_load" [benchmarks/jianyicheng/doitgenTriple/src/doitgenTriple.cpp:42->benchmarks/jianyicheng/doitgenTriple/src/doitgenTriple.cpp:80]   --->   Operation 86 'fadd' 'f' <Predicate = true> <Delay = 3.35> <CoreInst = "FAddSub_fulldsp">   --->   Core 18 'FAddSub_fulldsp' <Latency = 9> <II = 1> <Delay = 3.35> <FuncUnit> <Opcode : 'fadd' 'fsub'> <InPorts = 2> <OutPorts = 1>

State 32 <SV = 31> <Delay = 3.35>
ST_32 : Operation 87 [7/10] (3.35ns)   --->   "%f = fadd i32 %e, i32 %b_load" [benchmarks/jianyicheng/doitgenTriple/src/doitgenTriple.cpp:42->benchmarks/jianyicheng/doitgenTriple/src/doitgenTriple.cpp:80]   --->   Operation 87 'fadd' 'f' <Predicate = true> <Delay = 3.35> <CoreInst = "FAddSub_fulldsp">   --->   Core 18 'FAddSub_fulldsp' <Latency = 9> <II = 1> <Delay = 3.35> <FuncUnit> <Opcode : 'fadd' 'fsub'> <InPorts = 2> <OutPorts = 1>

State 33 <SV = 32> <Delay = 3.35>
ST_33 : Operation 88 [6/10] (3.35ns)   --->   "%f = fadd i32 %e, i32 %b_load" [benchmarks/jianyicheng/doitgenTriple/src/doitgenTriple.cpp:42->benchmarks/jianyicheng/doitgenTriple/src/doitgenTriple.cpp:80]   --->   Operation 88 'fadd' 'f' <Predicate = true> <Delay = 3.35> <CoreInst = "FAddSub_fulldsp">   --->   Core 18 'FAddSub_fulldsp' <Latency = 9> <II = 1> <Delay = 3.35> <FuncUnit> <Opcode : 'fadd' 'fsub'> <InPorts = 2> <OutPorts = 1>

State 34 <SV = 33> <Delay = 3.35>
ST_34 : Operation 89 [5/10] (3.35ns)   --->   "%f = fadd i32 %e, i32 %b_load" [benchmarks/jianyicheng/doitgenTriple/src/doitgenTriple.cpp:42->benchmarks/jianyicheng/doitgenTriple/src/doitgenTriple.cpp:80]   --->   Operation 89 'fadd' 'f' <Predicate = true> <Delay = 3.35> <CoreInst = "FAddSub_fulldsp">   --->   Core 18 'FAddSub_fulldsp' <Latency = 9> <II = 1> <Delay = 3.35> <FuncUnit> <Opcode : 'fadd' 'fsub'> <InPorts = 2> <OutPorts = 1>

State 35 <SV = 34> <Delay = 3.35>
ST_35 : Operation 90 [4/10] (3.35ns)   --->   "%f = fadd i32 %e, i32 %b_load" [benchmarks/jianyicheng/doitgenTriple/src/doitgenTriple.cpp:42->benchmarks/jianyicheng/doitgenTriple/src/doitgenTriple.cpp:80]   --->   Operation 90 'fadd' 'f' <Predicate = true> <Delay = 3.35> <CoreInst = "FAddSub_fulldsp">   --->   Core 18 'FAddSub_fulldsp' <Latency = 9> <II = 1> <Delay = 3.35> <FuncUnit> <Opcode : 'fadd' 'fsub'> <InPorts = 2> <OutPorts = 1>

State 36 <SV = 35> <Delay = 3.35>
ST_36 : Operation 91 [3/10] (3.35ns)   --->   "%f = fadd i32 %e, i32 %b_load" [benchmarks/jianyicheng/doitgenTriple/src/doitgenTriple.cpp:42->benchmarks/jianyicheng/doitgenTriple/src/doitgenTriple.cpp:80]   --->   Operation 91 'fadd' 'f' <Predicate = true> <Delay = 3.35> <CoreInst = "FAddSub_fulldsp">   --->   Core 18 'FAddSub_fulldsp' <Latency = 9> <II = 1> <Delay = 3.35> <FuncUnit> <Opcode : 'fadd' 'fsub'> <InPorts = 2> <OutPorts = 1>

State 37 <SV = 36> <Delay = 3.35>
ST_37 : Operation 92 [2/10] (3.35ns)   --->   "%f = fadd i32 %e, i32 %b_load" [benchmarks/jianyicheng/doitgenTriple/src/doitgenTriple.cpp:42->benchmarks/jianyicheng/doitgenTriple/src/doitgenTriple.cpp:80]   --->   Operation 92 'fadd' 'f' <Predicate = true> <Delay = 3.35> <CoreInst = "FAddSub_fulldsp">   --->   Core 18 'FAddSub_fulldsp' <Latency = 9> <II = 1> <Delay = 3.35> <FuncUnit> <Opcode : 'fadd' 'fsub'> <InPorts = 2> <OutPorts = 1>

State 38 <SV = 37> <Delay = 3.35>
ST_38 : Operation 93 [1/10] (3.35ns)   --->   "%f = fadd i32 %e, i32 %b_load" [benchmarks/jianyicheng/doitgenTriple/src/doitgenTriple.cpp:42->benchmarks/jianyicheng/doitgenTriple/src/doitgenTriple.cpp:80]   --->   Operation 93 'fadd' 'f' <Predicate = true> <Delay = 3.35> <CoreInst = "FAddSub_fulldsp">   --->   Core 18 'FAddSub_fulldsp' <Latency = 9> <II = 1> <Delay = 3.35> <FuncUnit> <Opcode : 'fadd' 'fsub'> <InPorts = 2> <OutPorts = 1>

State 39 <SV = 38> <Delay = 3.25>
ST_39 : Operation 94 [1/1] (0.00ns)   --->   "%specpipeline_ln36 = specpipeline void @_ssdm_op_SpecPipeline, i32 4294967295, i32 0, i32 0, i32 0, void @empty_0" [benchmarks/jianyicheng/doitgenTriple/src/doitgenTriple.cpp:36->benchmarks/jianyicheng/doitgenTriple/src/doitgenTriple.cpp:80]   --->   Operation 94 'specpipeline' 'specpipeline_ln36' <Predicate = true> <Delay = 0.00>
ST_39 : Operation 95 [1/1] (0.00ns)   --->   "%speclooptripcount_ln36 = speclooptripcount void @_ssdm_op_SpecLoopTripCount, i64 255, i64 255, i64 255" [benchmarks/jianyicheng/doitgenTriple/src/doitgenTriple.cpp:36->benchmarks/jianyicheng/doitgenTriple/src/doitgenTriple.cpp:80]   --->   Operation 95 'speclooptripcount' 'speclooptripcount_ln36' <Predicate = true> <Delay = 0.00>
ST_39 : Operation 96 [1/1] (0.00ns)   --->   "%specloopname_ln36 = specloopname void @_ssdm_op_SpecLoopName, void @empty_2" [benchmarks/jianyicheng/doitgenTriple/src/doitgenTriple.cpp:36->benchmarks/jianyicheng/doitgenTriple/src/doitgenTriple.cpp:80]   --->   Operation 96 'specloopname' 'specloopname_ln36' <Predicate = true> <Delay = 0.00>
ST_39 : Operation 97 [1/1] (0.00ns)   --->   "%zext_ln43 = zext i8 %add_ln43" [benchmarks/jianyicheng/doitgenTriple/src/doitgenTriple.cpp:43->benchmarks/jianyicheng/doitgenTriple/src/doitgenTriple.cpp:80]   --->   Operation 97 'zext' 'zext_ln43' <Predicate = true> <Delay = 0.00>
ST_39 : Operation 98 [1/1] (0.00ns)   --->   "%A_addr = getelementptr i32 %A, i64 0, i64 %zext_ln43" [benchmarks/jianyicheng/doitgenTriple/src/doitgenTriple.cpp:43->benchmarks/jianyicheng/doitgenTriple/src/doitgenTriple.cpp:80]   --->   Operation 98 'getelementptr' 'A_addr' <Predicate = true> <Delay = 0.00>
ST_39 : Operation 99 [1/1] (3.25ns)   --->   "%store_ln43 = store i32 %f, i8 %A_addr" [benchmarks/jianyicheng/doitgenTriple/src/doitgenTriple.cpp:43->benchmarks/jianyicheng/doitgenTriple/src/doitgenTriple.cpp:80]   --->   Operation 99 'store' 'store_ln43' <Predicate = true> <Delay = 3.25> <CoreInst = "RAM">   --->   Core 82 'RAM' <Latency = 1> <II = 1> <Delay = 3.25> <Storage> <Opcode : 'load' 'store'> <Ports = 2> <Width = 32> <Depth = 256> <RAM>
ST_39 : Operation 100 [1/1] (1.58ns)   --->   "%store_ln38 = store i32 %f, i32 %b" [benchmarks/jianyicheng/doitgenTriple/src/doitgenTriple.cpp:38->benchmarks/jianyicheng/doitgenTriple/src/doitgenTriple.cpp:80]   --->   Operation 100 'store' 'store_ln38' <Predicate = true> <Delay = 1.58>
ST_39 : Operation 101 [1/1] (0.00ns)   --->   "%br_ln36 = br void %for.inc36.i" [benchmarks/jianyicheng/doitgenTriple/src/doitgenTriple.cpp:36->benchmarks/jianyicheng/doitgenTriple/src/doitgenTriple.cpp:80]   --->   Operation 101 'br' 'br_ln36' <Predicate = true> <Delay = 0.00>


============================================================
+ Verbose Summary: Timing violations
============================================================
Target clock period: 5.000ns, clock uncertainty: 1.350ns.

 <State 1>: 5.091ns
The critical path consists of the following:
	'store' operation 0 bit ('store_ln36', benchmarks/jianyicheng/doitgenTriple/src/doitgenTriple.cpp:36->benchmarks/jianyicheng/doitgenTriple/src/doitgenTriple.cpp:80) of constant 0 on local variable 'i', benchmarks/jianyicheng/doitgenTriple/src/doitgenTriple.cpp:36->benchmarks/jianyicheng/doitgenTriple/src/doitgenTriple.cpp:80 [8]  (1.588 ns)
	'load' operation 8 bit ('i', benchmarks/jianyicheng/doitgenTriple/src/doitgenTriple.cpp:43->benchmarks/jianyicheng/doitgenTriple/src/doitgenTriple.cpp:80) on local variable 'i', benchmarks/jianyicheng/doitgenTriple/src/doitgenTriple.cpp:36->benchmarks/jianyicheng/doitgenTriple/src/doitgenTriple.cpp:80 [11]  (0.000 ns)
	'icmp' operation 1 bit ('icmp_ln36', benchmarks/jianyicheng/doitgenTriple/src/doitgenTriple.cpp:36->benchmarks/jianyicheng/doitgenTriple/src/doitgenTriple.cpp:80) [12]  (1.915 ns)
	'store' operation 0 bit ('store_ln36', benchmarks/jianyicheng/doitgenTriple/src/doitgenTriple.cpp:36->benchmarks/jianyicheng/doitgenTriple/src/doitgenTriple.cpp:80) of variable 'add_ln43', benchmarks/jianyicheng/doitgenTriple/src/doitgenTriple.cpp:43->benchmarks/jianyicheng/doitgenTriple/src/doitgenTriple.cpp:80 on local variable 'i', benchmarks/jianyicheng/doitgenTriple/src/doitgenTriple.cpp:36->benchmarks/jianyicheng/doitgenTriple/src/doitgenTriple.cpp:80 [31]  (1.588 ns)

 <State 2>: 3.254ns
The critical path consists of the following:
	'load' operation 32 bit ('q', benchmarks/jianyicheng/doitgenTriple/src/doitgenTriple.cpp:37->benchmarks/jianyicheng/doitgenTriple/src/doitgenTriple.cpp:80) on array 'sum' [22]  (3.254 ns)

 <State 3>: 2.566ns
The critical path consists of the following:
	'fmul' operation 32 bit ('c', benchmarks/jianyicheng/doitgenTriple/src/doitgenTriple.cpp:39->benchmarks/jianyicheng/doitgenTriple/src/doitgenTriple.cpp:80) [23]  (2.566 ns)

 <State 4>: 2.566ns
The critical path consists of the following:
	'fmul' operation 32 bit ('c', benchmarks/jianyicheng/doitgenTriple/src/doitgenTriple.cpp:39->benchmarks/jianyicheng/doitgenTriple/src/doitgenTriple.cpp:80) [23]  (2.566 ns)

 <State 5>: 2.566ns
The critical path consists of the following:
	'fmul' operation 32 bit ('c', benchmarks/jianyicheng/doitgenTriple/src/doitgenTriple.cpp:39->benchmarks/jianyicheng/doitgenTriple/src/doitgenTriple.cpp:80) [23]  (2.566 ns)

 <State 6>: 2.566ns
The critical path consists of the following:
	'fmul' operation 32 bit ('c', benchmarks/jianyicheng/doitgenTriple/src/doitgenTriple.cpp:39->benchmarks/jianyicheng/doitgenTriple/src/doitgenTriple.cpp:80) [23]  (2.566 ns)

 <State 7>: 2.566ns
The critical path consists of the following:
	'fmul' operation 32 bit ('c', benchmarks/jianyicheng/doitgenTriple/src/doitgenTriple.cpp:39->benchmarks/jianyicheng/doitgenTriple/src/doitgenTriple.cpp:80) [23]  (2.566 ns)

 <State 8>: 2.566ns
The critical path consists of the following:
	'fmul' operation 32 bit ('c', benchmarks/jianyicheng/doitgenTriple/src/doitgenTriple.cpp:39->benchmarks/jianyicheng/doitgenTriple/src/doitgenTriple.cpp:80) [23]  (2.566 ns)

 <State 9>: 2.566ns
The critical path consists of the following:
	'fmul' operation 32 bit ('c', benchmarks/jianyicheng/doitgenTriple/src/doitgenTriple.cpp:39->benchmarks/jianyicheng/doitgenTriple/src/doitgenTriple.cpp:80) [23]  (2.566 ns)

 <State 10>: 2.566ns
The critical path consists of the following:
	'fmul' operation 32 bit ('c', benchmarks/jianyicheng/doitgenTriple/src/doitgenTriple.cpp:39->benchmarks/jianyicheng/doitgenTriple/src/doitgenTriple.cpp:80) [23]  (2.566 ns)

 <State 11>: 3.356ns
The critical path consists of the following:
	'fadd' operation 32 bit ('d', benchmarks/jianyicheng/doitgenTriple/src/doitgenTriple.cpp:40->benchmarks/jianyicheng/doitgenTriple/src/doitgenTriple.cpp:80) [24]  (3.356 ns)

 <State 12>: 3.356ns
The critical path consists of the following:
	'fadd' operation 32 bit ('d', benchmarks/jianyicheng/doitgenTriple/src/doitgenTriple.cpp:40->benchmarks/jianyicheng/doitgenTriple/src/doitgenTriple.cpp:80) [24]  (3.356 ns)

 <State 13>: 3.356ns
The critical path consists of the following:
	'fadd' operation 32 bit ('d', benchmarks/jianyicheng/doitgenTriple/src/doitgenTriple.cpp:40->benchmarks/jianyicheng/doitgenTriple/src/doitgenTriple.cpp:80) [24]  (3.356 ns)

 <State 14>: 3.356ns
The critical path consists of the following:
	'fadd' operation 32 bit ('d', benchmarks/jianyicheng/doitgenTriple/src/doitgenTriple.cpp:40->benchmarks/jianyicheng/doitgenTriple/src/doitgenTriple.cpp:80) [24]  (3.356 ns)

 <State 15>: 3.356ns
The critical path consists of the following:
	'fadd' operation 32 bit ('d', benchmarks/jianyicheng/doitgenTriple/src/doitgenTriple.cpp:40->benchmarks/jianyicheng/doitgenTriple/src/doitgenTriple.cpp:80) [24]  (3.356 ns)

 <State 16>: 3.356ns
The critical path consists of the following:
	'fadd' operation 32 bit ('d', benchmarks/jianyicheng/doitgenTriple/src/doitgenTriple.cpp:40->benchmarks/jianyicheng/doitgenTriple/src/doitgenTriple.cpp:80) [24]  (3.356 ns)

 <State 17>: 3.356ns
The critical path consists of the following:
	'fadd' operation 32 bit ('d', benchmarks/jianyicheng/doitgenTriple/src/doitgenTriple.cpp:40->benchmarks/jianyicheng/doitgenTriple/src/doitgenTriple.cpp:80) [24]  (3.356 ns)

 <State 18>: 3.356ns
The critical path consists of the following:
	'fadd' operation 32 bit ('d', benchmarks/jianyicheng/doitgenTriple/src/doitgenTriple.cpp:40->benchmarks/jianyicheng/doitgenTriple/src/doitgenTriple.cpp:80) [24]  (3.356 ns)

 <State 19>: 3.356ns
The critical path consists of the following:
	'fadd' operation 32 bit ('d', benchmarks/jianyicheng/doitgenTriple/src/doitgenTriple.cpp:40->benchmarks/jianyicheng/doitgenTriple/src/doitgenTriple.cpp:80) [24]  (3.356 ns)

 <State 20>: 3.356ns
The critical path consists of the following:
	'fadd' operation 32 bit ('d', benchmarks/jianyicheng/doitgenTriple/src/doitgenTriple.cpp:40->benchmarks/jianyicheng/doitgenTriple/src/doitgenTriple.cpp:80) [24]  (3.356 ns)

 <State 21>: 2.566ns
The critical path consists of the following:
	'fmul' operation 32 bit ('e', benchmarks/jianyicheng/doitgenTriple/src/doitgenTriple.cpp:41->benchmarks/jianyicheng/doitgenTriple/src/doitgenTriple.cpp:80) [25]  (2.566 ns)

 <State 22>: 2.566ns
The critical path consists of the following:
	'fmul' operation 32 bit ('e', benchmarks/jianyicheng/doitgenTriple/src/doitgenTriple.cpp:41->benchmarks/jianyicheng/doitgenTriple/src/doitgenTriple.cpp:80) [25]  (2.566 ns)

 <State 23>: 2.566ns
The critical path consists of the following:
	'fmul' operation 32 bit ('e', benchmarks/jianyicheng/doitgenTriple/src/doitgenTriple.cpp:41->benchmarks/jianyicheng/doitgenTriple/src/doitgenTriple.cpp:80) [25]  (2.566 ns)

 <State 24>: 2.566ns
The critical path consists of the following:
	'fmul' operation 32 bit ('e', benchmarks/jianyicheng/doitgenTriple/src/doitgenTriple.cpp:41->benchmarks/jianyicheng/doitgenTriple/src/doitgenTriple.cpp:80) [25]  (2.566 ns)

 <State 25>: 2.566ns
The critical path consists of the following:
	'fmul' operation 32 bit ('e', benchmarks/jianyicheng/doitgenTriple/src/doitgenTriple.cpp:41->benchmarks/jianyicheng/doitgenTriple/src/doitgenTriple.cpp:80) [25]  (2.566 ns)

 <State 26>: 2.566ns
The critical path consists of the following:
	'fmul' operation 32 bit ('e', benchmarks/jianyicheng/doitgenTriple/src/doitgenTriple.cpp:41->benchmarks/jianyicheng/doitgenTriple/src/doitgenTriple.cpp:80) [25]  (2.566 ns)

 <State 27>: 2.566ns
The critical path consists of the following:
	'fmul' operation 32 bit ('e', benchmarks/jianyicheng/doitgenTriple/src/doitgenTriple.cpp:41->benchmarks/jianyicheng/doitgenTriple/src/doitgenTriple.cpp:80) [25]  (2.566 ns)

 <State 28>: 2.566ns
The critical path consists of the following:
	'fmul' operation 32 bit ('e', benchmarks/jianyicheng/doitgenTriple/src/doitgenTriple.cpp:41->benchmarks/jianyicheng/doitgenTriple/src/doitgenTriple.cpp:80) [25]  (2.566 ns)

 <State 29>: 3.356ns
The critical path consists of the following:
	'load' operation 32 bit ('b_load', benchmarks/jianyicheng/doitgenTriple/src/doitgenTriple.cpp:42->benchmarks/jianyicheng/doitgenTriple/src/doitgenTriple.cpp:80) on local variable 'b', benchmarks/jianyicheng/doitgenTriple/src/doitgenTriple.cpp:38->benchmarks/jianyicheng/doitgenTriple/src/doitgenTriple.cpp:80 [16]  (0.000 ns)
	'fadd' operation 32 bit ('f', benchmarks/jianyicheng/doitgenTriple/src/doitgenTriple.cpp:42->benchmarks/jianyicheng/doitgenTriple/src/doitgenTriple.cpp:80) [26]  (3.356 ns)

 <State 30>: 3.356ns
The critical path consists of the following:
	'fadd' operation 32 bit ('f', benchmarks/jianyicheng/doitgenTriple/src/doitgenTriple.cpp:42->benchmarks/jianyicheng/doitgenTriple/src/doitgenTriple.cpp:80) [26]  (3.356 ns)

 <State 31>: 3.356ns
The critical path consists of the following:
	'fadd' operation 32 bit ('f', benchmarks/jianyicheng/doitgenTriple/src/doitgenTriple.cpp:42->benchmarks/jianyicheng/doitgenTriple/src/doitgenTriple.cpp:80) [26]  (3.356 ns)

 <State 32>: 3.356ns
The critical path consists of the following:
	'fadd' operation 32 bit ('f', benchmarks/jianyicheng/doitgenTriple/src/doitgenTriple.cpp:42->benchmarks/jianyicheng/doitgenTriple/src/doitgenTriple.cpp:80) [26]  (3.356 ns)

 <State 33>: 3.356ns
The critical path consists of the following:
	'fadd' operation 32 bit ('f', benchmarks/jianyicheng/doitgenTriple/src/doitgenTriple.cpp:42->benchmarks/jianyicheng/doitgenTriple/src/doitgenTriple.cpp:80) [26]  (3.356 ns)

 <State 34>: 3.356ns
The critical path consists of the following:
	'fadd' operation 32 bit ('f', benchmarks/jianyicheng/doitgenTriple/src/doitgenTriple.cpp:42->benchmarks/jianyicheng/doitgenTriple/src/doitgenTriple.cpp:80) [26]  (3.356 ns)

 <State 35>: 3.356ns
The critical path consists of the following:
	'fadd' operation 32 bit ('f', benchmarks/jianyicheng/doitgenTriple/src/doitgenTriple.cpp:42->benchmarks/jianyicheng/doitgenTriple/src/doitgenTriple.cpp:80) [26]  (3.356 ns)

 <State 36>: 3.356ns
The critical path consists of the following:
	'fadd' operation 32 bit ('f', benchmarks/jianyicheng/doitgenTriple/src/doitgenTriple.cpp:42->benchmarks/jianyicheng/doitgenTriple/src/doitgenTriple.cpp:80) [26]  (3.356 ns)

 <State 37>: 3.356ns
The critical path consists of the following:
	'fadd' operation 32 bit ('f', benchmarks/jianyicheng/doitgenTriple/src/doitgenTriple.cpp:42->benchmarks/jianyicheng/doitgenTriple/src/doitgenTriple.cpp:80) [26]  (3.356 ns)

 <State 38>: 3.356ns
The critical path consists of the following:
	'fadd' operation 32 bit ('f', benchmarks/jianyicheng/doitgenTriple/src/doitgenTriple.cpp:42->benchmarks/jianyicheng/doitgenTriple/src/doitgenTriple.cpp:80) [26]  (3.356 ns)

 <State 39>: 3.254ns
The critical path consists of the following:
	'getelementptr' operation 8 bit ('A_addr', benchmarks/jianyicheng/doitgenTriple/src/doitgenTriple.cpp:43->benchmarks/jianyicheng/doitgenTriple/src/doitgenTriple.cpp:80) [28]  (0.000 ns)
	'store' operation 0 bit ('store_ln43', benchmarks/jianyicheng/doitgenTriple/src/doitgenTriple.cpp:43->benchmarks/jianyicheng/doitgenTriple/src/doitgenTriple.cpp:80) of variable 'f', benchmarks/jianyicheng/doitgenTriple/src/doitgenTriple.cpp:42->benchmarks/jianyicheng/doitgenTriple/src/doitgenTriple.cpp:80 on array 'A' [29]  (3.254 ns)


============================================================
+ Verbose Summary: Binding
============================================================
N/A
* FSMD analyzer results:
  - Output states:
 - Input state : 
  - Chain level:
	State 1
	State 2
	State 3
	State 4
	State 5
	State 6
	State 7
	State 8
	State 9
	State 10
	State 11
	State 12
	State 13
	State 14
	State 15
	State 16
	State 17
	State 18
	State 19
	State 20
	State 21
	State 22
	State 23
	State 24
	State 25
	State 26
	State 27
	State 28
	State 29
	State 30
	State 31
	State 32
	State 33
	State 34
	State 35
	State 36
	State 37
	State 38
	State 39


============================================================
+ Verbose Summary: Datapath Resource usage 
============================================================
N/A
