

================================================================
== Vitis HLS Report for 'main_Pipeline_VITIS_LOOP_88_5'
================================================================
* Date:           Mon Aug 12 18:54:35 2024

* Version:        2023.2 (Build 4023990 on Oct 11 2023)
* Project:        gramSchmidt
* Solution:       solution1 (Vivado IP Flow Target)
* Product family: zynq
* Target device:  xc7z020-clg400-1


================================================================
== Performance Estimates
================================================================
+ Timing: 
    * Summary: 
    +--------+---------+----------+------------+
    |  Clock |  Target | Estimated| Uncertainty|
    +--------+---------+----------+------------+
    |ap_clk  |  5.00 ns|  4.815 ns|     1.35 ns|
    +--------+---------+----------+------------+

+ Latency: 
    * Summary: 
    +---------+---------+----------+----------+-----+-----+---------+
    |  Latency (cycles) |  Latency (absolute) |  Interval | Pipeline|
    |   min   |   max   |    min   |    max   | min | max |   Type  |
    +---------+---------+----------+----------+-----+-----+---------+
    |       66|       66|  0.330 us|  0.330 us|   66|   66|       no|
    +---------+---------+----------+----------+-----+-----+---------+

    + Detail: 
        * Instance: 
        N/A

        * Loop: 
        +-------------------+---------+---------+----------+-----------+-----------+------+----------+
        |                   |  Latency (cycles) | Iteration|  Initiation Interval  | Trip |          |
        |     Loop Name     |   min   |   max   |  Latency |  achieved |   target  | Count| Pipelined|
        +-------------------+---------+---------+----------+-----------+-----------+------+----------+
        |- VITIS_LOOP_88_5  |       64|       64|        34|          1|          1|    32|       yes|
        +-------------------+---------+---------+----------+-----------+-----------+------+----------+

============================================================
+ Verbose Summary: Synthesis Manager
============================================================
InlineROM: 1
ExposeGlobal: 0
============================================================
+ Verbose Summary: CDFG Model
============================================================
IsTopModel: 0
ResetActiveHigh: 1
IsCombinational: 0
IsDatapathOnly: 0
HasWiredReturn: 1
HasMFsm: 2
HasVarLatency: 1
IsPipeline: 0
IsRtlPipelined: 0
IsInstanceOverlapped: 0
IsDontTouch: 0
HasImplIP: 0
IsGatedGlobalClock: 0

+ Individual pipeline summary: 
  * Pipeline-0: initiation interval (II) = 1, depth = 34


============================================================
+ Verbose Summary: Schedule
============================================================
* Number of FSM states : 34
* Pipeline : 1
  Pipeline-0 : II = 1, D = 34, States = { 1 2 3 4 5 6 7 8 9 10 11 12 13 14 15 16 17 18 19 20 21 22 23 24 25 26 27 28 29 30 31 32 33 34 }
* Dataflow Pipeline: 0

* FSM state transitions: 
1 --> 2 
2 --> 3 
3 --> 4 
4 --> 5 
5 --> 6 
6 --> 7 
7 --> 8 
8 --> 9 
9 --> 10 
10 --> 11 
11 --> 12 
12 --> 13 
13 --> 14 
14 --> 15 
15 --> 16 
16 --> 17 
17 --> 18 
18 --> 19 
19 --> 20 
20 --> 21 
21 --> 22 
22 --> 23 
23 --> 24 
24 --> 25 
25 --> 26 
26 --> 27 
27 --> 28 
28 --> 29 
29 --> 30 
30 --> 31 
31 --> 32 
32 --> 33 
33 --> 34 
34 --> 

* FSM state operations: 

State 1 <SV = 0> <Delay = 4.81>
ST_1 : Operation 37 [1/1] (0.00ns)   --->   "%i = alloca i32 1" [benchmarks/jianyicheng/gramSchmidt/src/gramSchmidt.cpp:88]   --->   Operation 37 'alloca' 'i' <Predicate = true> <Delay = 0.00>
ST_1 : Operation 38 [1/1] (0.00ns)   --->   "%nrm_6_read = read i32 @_ssdm_op_Read.ap_auto.float, i32 %nrm_6"   --->   Operation 38 'read' 'nrm_6_read' <Predicate = true> <Delay = 0.00>
ST_1 : Operation 39 [1/1] (0.00ns)   --->   "%zext_ln90_4_read = read i5 @_ssdm_op_Read.ap_auto.i5, i5 %zext_ln90_4"   --->   Operation 39 'read' 'zext_ln90_4_read' <Predicate = true> <Delay = 0.00>
ST_1 : Operation 40 [1/1] (1.58ns)   --->   "%store_ln88 = store i11 0, i11 %i" [benchmarks/jianyicheng/gramSchmidt/src/gramSchmidt.cpp:88]   --->   Operation 40 'store' 'store_ln88' <Predicate = true> <Delay = 1.58>
ST_1 : Operation 41 [1/1] (0.00ns)   --->   "%br_ln0 = br void %for.inc89"   --->   Operation 41 'br' 'br_ln0' <Predicate = true> <Delay = 0.00>
ST_1 : Operation 42 [1/1] (0.00ns)   --->   "%i_1 = load i11 %i" [benchmarks/jianyicheng/gramSchmidt/src/gramSchmidt.cpp:88]   --->   Operation 42 'load' 'i_1' <Predicate = true> <Delay = 0.00>
ST_1 : Operation 43 [1/1] (0.00ns)   --->   "%tmp = bitselect i1 @_ssdm_op_BitSelect.i1.i11.i32, i11 %i_1, i32 10" [benchmarks/jianyicheng/gramSchmidt/src/gramSchmidt.cpp:88]   --->   Operation 43 'bitselect' 'tmp' <Predicate = true> <Delay = 0.00>
ST_1 : Operation 44 [1/1] (0.00ns)   --->   "%br_ln88 = br i1 %tmp, void %for.inc89.split, void %VITIS_LOOP_90_6.exitStub" [benchmarks/jianyicheng/gramSchmidt/src/gramSchmidt.cpp:88]   --->   Operation 44 'br' 'br_ln88' <Predicate = true> <Delay = 0.00>
ST_1 : Operation 45 [1/1] (0.00ns)   --->   "%trunc_ln89 = trunc i11 %i_1" [benchmarks/jianyicheng/gramSchmidt/src/gramSchmidt.cpp:89]   --->   Operation 45 'trunc' 'trunc_ln89' <Predicate = (!tmp)> <Delay = 0.00>
ST_1 : Operation 46 [1/1] (0.78ns)   --->   "%or_ln89 = or i5 %trunc_ln89, i5 %zext_ln90_4_read" [benchmarks/jianyicheng/gramSchmidt/src/gramSchmidt.cpp:89]   --->   Operation 46 'or' 'or_ln89' <Predicate = (!tmp)> <Delay = 0.78> <CoreInst = "LogicGate">   --->   Core 74 'LogicGate' <Latency = 0> <II = 1> <Delay = 0.78> <FuncUnit> <Opcode : 'and' 'or' 'xor'> <InPorts = 2> <OutPorts = 1>
ST_1 : Operation 47 [1/1] (0.00ns)   --->   "%tmp_1 = partselect i5 @_ssdm_op_PartSelect.i5.i11.i32.i32, i11 %i_1, i32 5, i32 9" [benchmarks/jianyicheng/gramSchmidt/src/gramSchmidt.cpp:89]   --->   Operation 47 'partselect' 'tmp_1' <Predicate = (!tmp)> <Delay = 0.00>
ST_1 : Operation 48 [1/1] (1.63ns)   --->   "%add_ln88 = add i11 %i_1, i11 32" [benchmarks/jianyicheng/gramSchmidt/src/gramSchmidt.cpp:88]   --->   Operation 48 'add' 'add_ln88' <Predicate = (!tmp)> <Delay = 1.63> <CoreInst = "Adder">   --->   Core 1 'Adder' <Latency = 0> <II = 1> <Delay = 1.63> <FuncUnit> <Opcode : 'add' 'sub'> <InPorts = 2> <OutPorts = 1>
ST_1 : Operation 49 [1/1] (1.58ns)   --->   "%store_ln88 = store i11 %add_ln88, i11 %i" [benchmarks/jianyicheng/gramSchmidt/src/gramSchmidt.cpp:88]   --->   Operation 49 'store' 'store_ln88' <Predicate = (!tmp)> <Delay = 1.58>

State 2 <SV = 1> <Delay = 3.25>
ST_2 : Operation 50 [1/1] (0.00ns)   --->   "%add_ln = bitconcatenate i10 @_ssdm_op_BitConcatenate.i10.i5.i5, i5 %tmp_1, i5 %or_ln89" [benchmarks/jianyicheng/gramSchmidt/src/gramSchmidt.cpp:89]   --->   Operation 50 'bitconcatenate' 'add_ln' <Predicate = true> <Delay = 0.00>
ST_2 : Operation 51 [1/1] (0.00ns)   --->   "%zext_ln89 = zext i10 %add_ln" [benchmarks/jianyicheng/gramSchmidt/src/gramSchmidt.cpp:89]   --->   Operation 51 'zext' 'zext_ln89' <Predicate = true> <Delay = 0.00>
ST_2 : Operation 52 [1/1] (0.00ns)   --->   "%a_addr_2 = getelementptr i32 %a, i64 0, i64 %zext_ln89" [benchmarks/jianyicheng/gramSchmidt/src/gramSchmidt.cpp:89]   --->   Operation 52 'getelementptr' 'a_addr_2' <Predicate = true> <Delay = 0.00>
ST_2 : Operation 53 [2/2] (3.25ns)   --->   "%a_load_1 = load i10 %a_addr_2" [benchmarks/jianyicheng/gramSchmidt/src/gramSchmidt.cpp:89]   --->   Operation 53 'load' 'a_load_1' <Predicate = true> <Delay = 3.25> <CoreInst = "RAM">   --->   Core 82 'RAM' <Latency = 1> <II = 1> <Delay = 3.25> <Storage> <Opcode : 'load' 'store'> <Ports = 2> <Width = 32> <Depth = 1024> <RAM>

State 3 <SV = 2> <Delay = 3.25>
ST_3 : Operation 54 [1/2] (3.25ns)   --->   "%a_load_1 = load i10 %a_addr_2" [benchmarks/jianyicheng/gramSchmidt/src/gramSchmidt.cpp:89]   --->   Operation 54 'load' 'a_load_1' <Predicate = true> <Delay = 3.25> <CoreInst = "RAM">   --->   Core 82 'RAM' <Latency = 1> <II = 1> <Delay = 3.25> <Storage> <Opcode : 'load' 'store'> <Ports = 2> <Width = 32> <Depth = 1024> <RAM>

State 4 <SV = 3> <Delay = 3.37>
ST_4 : Operation 55 [30/30] (3.37ns)   --->   "%div2 = fdiv i32 %a_load_1, i32 %nrm_6_read" [benchmarks/jianyicheng/gramSchmidt/src/gramSchmidt.cpp:89]   --->   Operation 55 'fdiv' 'div2' <Predicate = true> <Delay = 3.37> <CoreInst = "FDiv">   --->   Core 20 'FDiv' <Latency = 29> <II = 1> <Delay = 3.37> <FuncUnit> <Opcode : 'fdiv' 'frem'> <InPorts = 2> <OutPorts = 1>

State 5 <SV = 4> <Delay = 3.37>
ST_5 : Operation 56 [29/30] (3.37ns)   --->   "%div2 = fdiv i32 %a_load_1, i32 %nrm_6_read" [benchmarks/jianyicheng/gramSchmidt/src/gramSchmidt.cpp:89]   --->   Operation 56 'fdiv' 'div2' <Predicate = true> <Delay = 3.37> <CoreInst = "FDiv">   --->   Core 20 'FDiv' <Latency = 29> <II = 1> <Delay = 3.37> <FuncUnit> <Opcode : 'fdiv' 'frem'> <InPorts = 2> <OutPorts = 1>

State 6 <SV = 5> <Delay = 3.37>
ST_6 : Operation 57 [28/30] (3.37ns)   --->   "%div2 = fdiv i32 %a_load_1, i32 %nrm_6_read" [benchmarks/jianyicheng/gramSchmidt/src/gramSchmidt.cpp:89]   --->   Operation 57 'fdiv' 'div2' <Predicate = true> <Delay = 3.37> <CoreInst = "FDiv">   --->   Core 20 'FDiv' <Latency = 29> <II = 1> <Delay = 3.37> <FuncUnit> <Opcode : 'fdiv' 'frem'> <InPorts = 2> <OutPorts = 1>

State 7 <SV = 6> <Delay = 3.37>
ST_7 : Operation 58 [27/30] (3.37ns)   --->   "%div2 = fdiv i32 %a_load_1, i32 %nrm_6_read" [benchmarks/jianyicheng/gramSchmidt/src/gramSchmidt.cpp:89]   --->   Operation 58 'fdiv' 'div2' <Predicate = true> <Delay = 3.37> <CoreInst = "FDiv">   --->   Core 20 'FDiv' <Latency = 29> <II = 1> <Delay = 3.37> <FuncUnit> <Opcode : 'fdiv' 'frem'> <InPorts = 2> <OutPorts = 1>

State 8 <SV = 7> <Delay = 3.37>
ST_8 : Operation 59 [26/30] (3.37ns)   --->   "%div2 = fdiv i32 %a_load_1, i32 %nrm_6_read" [benchmarks/jianyicheng/gramSchmidt/src/gramSchmidt.cpp:89]   --->   Operation 59 'fdiv' 'div2' <Predicate = true> <Delay = 3.37> <CoreInst = "FDiv">   --->   Core 20 'FDiv' <Latency = 29> <II = 1> <Delay = 3.37> <FuncUnit> <Opcode : 'fdiv' 'frem'> <InPorts = 2> <OutPorts = 1>

State 9 <SV = 8> <Delay = 3.37>
ST_9 : Operation 60 [25/30] (3.37ns)   --->   "%div2 = fdiv i32 %a_load_1, i32 %nrm_6_read" [benchmarks/jianyicheng/gramSchmidt/src/gramSchmidt.cpp:89]   --->   Operation 60 'fdiv' 'div2' <Predicate = true> <Delay = 3.37> <CoreInst = "FDiv">   --->   Core 20 'FDiv' <Latency = 29> <II = 1> <Delay = 3.37> <FuncUnit> <Opcode : 'fdiv' 'frem'> <InPorts = 2> <OutPorts = 1>

State 10 <SV = 9> <Delay = 3.37>
ST_10 : Operation 61 [24/30] (3.37ns)   --->   "%div2 = fdiv i32 %a_load_1, i32 %nrm_6_read" [benchmarks/jianyicheng/gramSchmidt/src/gramSchmidt.cpp:89]   --->   Operation 61 'fdiv' 'div2' <Predicate = true> <Delay = 3.37> <CoreInst = "FDiv">   --->   Core 20 'FDiv' <Latency = 29> <II = 1> <Delay = 3.37> <FuncUnit> <Opcode : 'fdiv' 'frem'> <InPorts = 2> <OutPorts = 1>

State 11 <SV = 10> <Delay = 3.37>
ST_11 : Operation 62 [23/30] (3.37ns)   --->   "%div2 = fdiv i32 %a_load_1, i32 %nrm_6_read" [benchmarks/jianyicheng/gramSchmidt/src/gramSchmidt.cpp:89]   --->   Operation 62 'fdiv' 'div2' <Predicate = true> <Delay = 3.37> <CoreInst = "FDiv">   --->   Core 20 'FDiv' <Latency = 29> <II = 1> <Delay = 3.37> <FuncUnit> <Opcode : 'fdiv' 'frem'> <InPorts = 2> <OutPorts = 1>

State 12 <SV = 11> <Delay = 3.37>
ST_12 : Operation 63 [22/30] (3.37ns)   --->   "%div2 = fdiv i32 %a_load_1, i32 %nrm_6_read" [benchmarks/jianyicheng/gramSchmidt/src/gramSchmidt.cpp:89]   --->   Operation 63 'fdiv' 'div2' <Predicate = true> <Delay = 3.37> <CoreInst = "FDiv">   --->   Core 20 'FDiv' <Latency = 29> <II = 1> <Delay = 3.37> <FuncUnit> <Opcode : 'fdiv' 'frem'> <InPorts = 2> <OutPorts = 1>

State 13 <SV = 12> <Delay = 3.37>
ST_13 : Operation 64 [21/30] (3.37ns)   --->   "%div2 = fdiv i32 %a_load_1, i32 %nrm_6_read" [benchmarks/jianyicheng/gramSchmidt/src/gramSchmidt.cpp:89]   --->   Operation 64 'fdiv' 'div2' <Predicate = true> <Delay = 3.37> <CoreInst = "FDiv">   --->   Core 20 'FDiv' <Latency = 29> <II = 1> <Delay = 3.37> <FuncUnit> <Opcode : 'fdiv' 'frem'> <InPorts = 2> <OutPorts = 1>

State 14 <SV = 13> <Delay = 3.37>
ST_14 : Operation 65 [20/30] (3.37ns)   --->   "%div2 = fdiv i32 %a_load_1, i32 %nrm_6_read" [benchmarks/jianyicheng/gramSchmidt/src/gramSchmidt.cpp:89]   --->   Operation 65 'fdiv' 'div2' <Predicate = true> <Delay = 3.37> <CoreInst = "FDiv">   --->   Core 20 'FDiv' <Latency = 29> <II = 1> <Delay = 3.37> <FuncUnit> <Opcode : 'fdiv' 'frem'> <InPorts = 2> <OutPorts = 1>

State 15 <SV = 14> <Delay = 3.37>
ST_15 : Operation 66 [19/30] (3.37ns)   --->   "%div2 = fdiv i32 %a_load_1, i32 %nrm_6_read" [benchmarks/jianyicheng/gramSchmidt/src/gramSchmidt.cpp:89]   --->   Operation 66 'fdiv' 'div2' <Predicate = true> <Delay = 3.37> <CoreInst = "FDiv">   --->   Core 20 'FDiv' <Latency = 29> <II = 1> <Delay = 3.37> <FuncUnit> <Opcode : 'fdiv' 'frem'> <InPorts = 2> <OutPorts = 1>

State 16 <SV = 15> <Delay = 3.37>
ST_16 : Operation 67 [18/30] (3.37ns)   --->   "%div2 = fdiv i32 %a_load_1, i32 %nrm_6_read" [benchmarks/jianyicheng/gramSchmidt/src/gramSchmidt.cpp:89]   --->   Operation 67 'fdiv' 'div2' <Predicate = true> <Delay = 3.37> <CoreInst = "FDiv">   --->   Core 20 'FDiv' <Latency = 29> <II = 1> <Delay = 3.37> <FuncUnit> <Opcode : 'fdiv' 'frem'> <InPorts = 2> <OutPorts = 1>

State 17 <SV = 16> <Delay = 3.37>
ST_17 : Operation 68 [17/30] (3.37ns)   --->   "%div2 = fdiv i32 %a_load_1, i32 %nrm_6_read" [benchmarks/jianyicheng/gramSchmidt/src/gramSchmidt.cpp:89]   --->   Operation 68 'fdiv' 'div2' <Predicate = true> <Delay = 3.37> <CoreInst = "FDiv">   --->   Core 20 'FDiv' <Latency = 29> <II = 1> <Delay = 3.37> <FuncUnit> <Opcode : 'fdiv' 'frem'> <InPorts = 2> <OutPorts = 1>

State 18 <SV = 17> <Delay = 3.37>
ST_18 : Operation 69 [16/30] (3.37ns)   --->   "%div2 = fdiv i32 %a_load_1, i32 %nrm_6_read" [benchmarks/jianyicheng/gramSchmidt/src/gramSchmidt.cpp:89]   --->   Operation 69 'fdiv' 'div2' <Predicate = true> <Delay = 3.37> <CoreInst = "FDiv">   --->   Core 20 'FDiv' <Latency = 29> <II = 1> <Delay = 3.37> <FuncUnit> <Opcode : 'fdiv' 'frem'> <InPorts = 2> <OutPorts = 1>

State 19 <SV = 18> <Delay = 3.37>
ST_19 : Operation 70 [15/30] (3.37ns)   --->   "%div2 = fdiv i32 %a_load_1, i32 %nrm_6_read" [benchmarks/jianyicheng/gramSchmidt/src/gramSchmidt.cpp:89]   --->   Operation 70 'fdiv' 'div2' <Predicate = true> <Delay = 3.37> <CoreInst = "FDiv">   --->   Core 20 'FDiv' <Latency = 29> <II = 1> <Delay = 3.37> <FuncUnit> <Opcode : 'fdiv' 'frem'> <InPorts = 2> <OutPorts = 1>

State 20 <SV = 19> <Delay = 3.37>
ST_20 : Operation 71 [14/30] (3.37ns)   --->   "%div2 = fdiv i32 %a_load_1, i32 %nrm_6_read" [benchmarks/jianyicheng/gramSchmidt/src/gramSchmidt.cpp:89]   --->   Operation 71 'fdiv' 'div2' <Predicate = true> <Delay = 3.37> <CoreInst = "FDiv">   --->   Core 20 'FDiv' <Latency = 29> <II = 1> <Delay = 3.37> <FuncUnit> <Opcode : 'fdiv' 'frem'> <InPorts = 2> <OutPorts = 1>

State 21 <SV = 20> <Delay = 3.37>
ST_21 : Operation 72 [13/30] (3.37ns)   --->   "%div2 = fdiv i32 %a_load_1, i32 %nrm_6_read" [benchmarks/jianyicheng/gramSchmidt/src/gramSchmidt.cpp:89]   --->   Operation 72 'fdiv' 'div2' <Predicate = true> <Delay = 3.37> <CoreInst = "FDiv">   --->   Core 20 'FDiv' <Latency = 29> <II = 1> <Delay = 3.37> <FuncUnit> <Opcode : 'fdiv' 'frem'> <InPorts = 2> <OutPorts = 1>

State 22 <SV = 21> <Delay = 3.37>
ST_22 : Operation 73 [12/30] (3.37ns)   --->   "%div2 = fdiv i32 %a_load_1, i32 %nrm_6_read" [benchmarks/jianyicheng/gramSchmidt/src/gramSchmidt.cpp:89]   --->   Operation 73 'fdiv' 'div2' <Predicate = true> <Delay = 3.37> <CoreInst = "FDiv">   --->   Core 20 'FDiv' <Latency = 29> <II = 1> <Delay = 3.37> <FuncUnit> <Opcode : 'fdiv' 'frem'> <InPorts = 2> <OutPorts = 1>

State 23 <SV = 22> <Delay = 3.37>
ST_23 : Operation 74 [11/30] (3.37ns)   --->   "%div2 = fdiv i32 %a_load_1, i32 %nrm_6_read" [benchmarks/jianyicheng/gramSchmidt/src/gramSchmidt.cpp:89]   --->   Operation 74 'fdiv' 'div2' <Predicate = true> <Delay = 3.37> <CoreInst = "FDiv">   --->   Core 20 'FDiv' <Latency = 29> <II = 1> <Delay = 3.37> <FuncUnit> <Opcode : 'fdiv' 'frem'> <InPorts = 2> <OutPorts = 1>

State 24 <SV = 23> <Delay = 3.37>
ST_24 : Operation 75 [10/30] (3.37ns)   --->   "%div2 = fdiv i32 %a_load_1, i32 %nrm_6_read" [benchmarks/jianyicheng/gramSchmidt/src/gramSchmidt.cpp:89]   --->   Operation 75 'fdiv' 'div2' <Predicate = true> <Delay = 3.37> <CoreInst = "FDiv">   --->   Core 20 'FDiv' <Latency = 29> <II = 1> <Delay = 3.37> <FuncUnit> <Opcode : 'fdiv' 'frem'> <InPorts = 2> <OutPorts = 1>

State 25 <SV = 24> <Delay = 3.37>
ST_25 : Operation 76 [9/30] (3.37ns)   --->   "%div2 = fdiv i32 %a_load_1, i32 %nrm_6_read" [benchmarks/jianyicheng/gramSchmidt/src/gramSchmidt.cpp:89]   --->   Operation 76 'fdiv' 'div2' <Predicate = true> <Delay = 3.37> <CoreInst = "FDiv">   --->   Core 20 'FDiv' <Latency = 29> <II = 1> <Delay = 3.37> <FuncUnit> <Opcode : 'fdiv' 'frem'> <InPorts = 2> <OutPorts = 1>

State 26 <SV = 25> <Delay = 3.37>
ST_26 : Operation 77 [8/30] (3.37ns)   --->   "%div2 = fdiv i32 %a_load_1, i32 %nrm_6_read" [benchmarks/jianyicheng/gramSchmidt/src/gramSchmidt.cpp:89]   --->   Operation 77 'fdiv' 'div2' <Predicate = true> <Delay = 3.37> <CoreInst = "FDiv">   --->   Core 20 'FDiv' <Latency = 29> <II = 1> <Delay = 3.37> <FuncUnit> <Opcode : 'fdiv' 'frem'> <InPorts = 2> <OutPorts = 1>

State 27 <SV = 26> <Delay = 3.37>
ST_27 : Operation 78 [7/30] (3.37ns)   --->   "%div2 = fdiv i32 %a_load_1, i32 %nrm_6_read" [benchmarks/jianyicheng/gramSchmidt/src/gramSchmidt.cpp:89]   --->   Operation 78 'fdiv' 'div2' <Predicate = true> <Delay = 3.37> <CoreInst = "FDiv">   --->   Core 20 'FDiv' <Latency = 29> <II = 1> <Delay = 3.37> <FuncUnit> <Opcode : 'fdiv' 'frem'> <InPorts = 2> <OutPorts = 1>

State 28 <SV = 27> <Delay = 3.37>
ST_28 : Operation 79 [6/30] (3.37ns)   --->   "%div2 = fdiv i32 %a_load_1, i32 %nrm_6_read" [benchmarks/jianyicheng/gramSchmidt/src/gramSchmidt.cpp:89]   --->   Operation 79 'fdiv' 'div2' <Predicate = true> <Delay = 3.37> <CoreInst = "FDiv">   --->   Core 20 'FDiv' <Latency = 29> <II = 1> <Delay = 3.37> <FuncUnit> <Opcode : 'fdiv' 'frem'> <InPorts = 2> <OutPorts = 1>

State 29 <SV = 28> <Delay = 3.37>
ST_29 : Operation 80 [5/30] (3.37ns)   --->   "%div2 = fdiv i32 %a_load_1, i32 %nrm_6_read" [benchmarks/jianyicheng/gramSchmidt/src/gramSchmidt.cpp:89]   --->   Operation 80 'fdiv' 'div2' <Predicate = true> <Delay = 3.37> <CoreInst = "FDiv">   --->   Core 20 'FDiv' <Latency = 29> <II = 1> <Delay = 3.37> <FuncUnit> <Opcode : 'fdiv' 'frem'> <InPorts = 2> <OutPorts = 1>

State 30 <SV = 29> <Delay = 3.37>
ST_30 : Operation 81 [4/30] (3.37ns)   --->   "%div2 = fdiv i32 %a_load_1, i32 %nrm_6_read" [benchmarks/jianyicheng/gramSchmidt/src/gramSchmidt.cpp:89]   --->   Operation 81 'fdiv' 'div2' <Predicate = true> <Delay = 3.37> <CoreInst = "FDiv">   --->   Core 20 'FDiv' <Latency = 29> <II = 1> <Delay = 3.37> <FuncUnit> <Opcode : 'fdiv' 'frem'> <InPorts = 2> <OutPorts = 1>

State 31 <SV = 30> <Delay = 3.37>
ST_31 : Operation 82 [3/30] (3.37ns)   --->   "%div2 = fdiv i32 %a_load_1, i32 %nrm_6_read" [benchmarks/jianyicheng/gramSchmidt/src/gramSchmidt.cpp:89]   --->   Operation 82 'fdiv' 'div2' <Predicate = true> <Delay = 3.37> <CoreInst = "FDiv">   --->   Core 20 'FDiv' <Latency = 29> <II = 1> <Delay = 3.37> <FuncUnit> <Opcode : 'fdiv' 'frem'> <InPorts = 2> <OutPorts = 1>

State 32 <SV = 31> <Delay = 3.37>
ST_32 : Operation 83 [2/30] (3.37ns)   --->   "%div2 = fdiv i32 %a_load_1, i32 %nrm_6_read" [benchmarks/jianyicheng/gramSchmidt/src/gramSchmidt.cpp:89]   --->   Operation 83 'fdiv' 'div2' <Predicate = true> <Delay = 3.37> <CoreInst = "FDiv">   --->   Core 20 'FDiv' <Latency = 29> <II = 1> <Delay = 3.37> <FuncUnit> <Opcode : 'fdiv' 'frem'> <InPorts = 2> <OutPorts = 1>

State 33 <SV = 32> <Delay = 3.37>
ST_33 : Operation 84 [1/30] (3.37ns)   --->   "%div2 = fdiv i32 %a_load_1, i32 %nrm_6_read" [benchmarks/jianyicheng/gramSchmidt/src/gramSchmidt.cpp:89]   --->   Operation 84 'fdiv' 'div2' <Predicate = true> <Delay = 3.37> <CoreInst = "FDiv">   --->   Core 20 'FDiv' <Latency = 29> <II = 1> <Delay = 3.37> <FuncUnit> <Opcode : 'fdiv' 'frem'> <InPorts = 2> <OutPorts = 1>
ST_33 : Operation 91 [1/1] (0.00ns)   --->   "%ret_ln0 = ret"   --->   Operation 91 'ret' 'ret_ln0' <Predicate = (tmp)> <Delay = 0.00>

State 34 <SV = 33> <Delay = 3.25>
ST_34 : Operation 85 [1/1] (0.00ns)   --->   "%specpipeline_ln88 = specpipeline void @_ssdm_op_SpecPipeline, i32 4294967295, i32 0, i32 0, i32 0, void @empty_0" [benchmarks/jianyicheng/gramSchmidt/src/gramSchmidt.cpp:88]   --->   Operation 85 'specpipeline' 'specpipeline_ln88' <Predicate = true> <Delay = 0.00>
ST_34 : Operation 86 [1/1] (0.00ns)   --->   "%speclooptripcount_ln88 = speclooptripcount void @_ssdm_op_SpecLoopTripCount, i64 32, i64 32, i64 32" [benchmarks/jianyicheng/gramSchmidt/src/gramSchmidt.cpp:88]   --->   Operation 86 'speclooptripcount' 'speclooptripcount_ln88' <Predicate = true> <Delay = 0.00>
ST_34 : Operation 87 [1/1] (0.00ns)   --->   "%specloopname_ln88 = specloopname void @_ssdm_op_SpecLoopName, void @empty_6" [benchmarks/jianyicheng/gramSchmidt/src/gramSchmidt.cpp:88]   --->   Operation 87 'specloopname' 'specloopname_ln88' <Predicate = true> <Delay = 0.00>
ST_34 : Operation 88 [1/1] (0.00ns)   --->   "%q_addr_1 = getelementptr i32 %q, i64 0, i64 %zext_ln89" [benchmarks/jianyicheng/gramSchmidt/src/gramSchmidt.cpp:89]   --->   Operation 88 'getelementptr' 'q_addr_1' <Predicate = true> <Delay = 0.00>
ST_34 : Operation 89 [1/1] (3.25ns)   --->   "%store_ln89 = store i32 %div2, i10 %q_addr_1" [benchmarks/jianyicheng/gramSchmidt/src/gramSchmidt.cpp:89]   --->   Operation 89 'store' 'store_ln89' <Predicate = true> <Delay = 3.25> <CoreInst = "RAM_1WnR">   --->   Core 83 'RAM_1WnR' <Latency = 1> <II = 1> <Delay = 3.25> <Storage> <Opcode : 'load' 'store'> <Ports = 17> <Width = 32> <Depth = 1024> <RAM>
ST_34 : Operation 90 [1/1] (0.00ns)   --->   "%br_ln88 = br void %for.inc89" [benchmarks/jianyicheng/gramSchmidt/src/gramSchmidt.cpp:88]   --->   Operation 90 'br' 'br_ln88' <Predicate = true> <Delay = 0.00>


============================================================
+ Verbose Summary: Binding
============================================================
STG Binding: 
---------------- STG Properties BEGIN ----------------
- Is combinational: 0
- Is one-state seq: 0
- Is datapath-only: 0
- Is pipelined: 0
- Is top level: 0
Port [ Return ] is wired: 1; IO mode=ap_ctrl_hs:ce=0
Port [ zext_ln90_4]:  wired=1; compound=0; hidden=0; nouse=0; global=0; static=0; extern=0; dir=0; type=0; pingpong=0; private_global=0; IO mode=ap_none:ce=0
Port [ a]:  wired=1; compound=1; hidden=0; nouse=0; global=0; static=0; extern=0; dir=0; type=1; pingpong=0; private_global=0; MemPort=[13]; IO mode=ap_memory:ce=0
Port [ nrm_6]:  wired=1; compound=0; hidden=0; nouse=0; global=0; static=0; extern=0; dir=0; type=0; pingpong=0; private_global=0; IO mode=ap_none:ce=0
Port [ q]:  wired=1; compound=1; hidden=0; nouse=0; global=0; static=0; extern=0; dir=1; type=1; pingpong=0; private_global=0; MemPort=[03333333333333333]; IO mode=ap_memory:ce=0
---------------- STG Properties END ------------------

---------------- Datapath Model BEGIN ----------------

<LifeTime>
<method=bitvector/>
i                      (alloca           ) [ 01000000000000000000000000000000000]
nrm_6_read             (read             ) [ 01111111111111111111111111111111110]
zext_ln90_4_read       (read             ) [ 00000000000000000000000000000000000]
store_ln88             (store            ) [ 00000000000000000000000000000000000]
br_ln0                 (br               ) [ 00000000000000000000000000000000000]
i_1                    (load             ) [ 00000000000000000000000000000000000]
tmp                    (bitselect        ) [ 01111111111111111111111111111111110]
br_ln88                (br               ) [ 00000000000000000000000000000000000]
trunc_ln89             (trunc            ) [ 00000000000000000000000000000000000]
or_ln89                (or               ) [ 01100000000000000000000000000000000]
tmp_1                  (partselect       ) [ 01100000000000000000000000000000000]
add_ln88               (add              ) [ 00000000000000000000000000000000000]
store_ln88             (store            ) [ 00000000000000000000000000000000000]
add_ln                 (bitconcatenate   ) [ 00000000000000000000000000000000000]
zext_ln89              (zext             ) [ 01011111111111111111111111111111111]
a_addr_2               (getelementptr    ) [ 01010000000000000000000000000000000]
a_load_1               (load             ) [ 01001111111111111111111111111111110]
div2                   (fdiv             ) [ 01000000000000000000000000000000001]
specpipeline_ln88      (specpipeline     ) [ 00000000000000000000000000000000000]
speclooptripcount_ln88 (speclooptripcount) [ 00000000000000000000000000000000000]
specloopname_ln88      (specloopname     ) [ 00000000000000000000000000000000000]
q_addr_1               (getelementptr    ) [ 00000000000000000000000000000000000]
store_ln89             (store            ) [ 00000000000000000000000000000000000]
br_ln88                (br               ) [ 00000000000000000000000000000000000]
ret_ln0                (ret              ) [ 00000000000000000000000000000000000]
</LifeTime>

<model>

<comp_list>
<comp id="0" class="1000" name="zext_ln90_4">
<pin_list>
<pin id="1" dir="1" index="0" bw="1" slack="0"/>
</pin_list>
<bind>
<StgValue><ssdm name="zext_ln90_4"/></StgValue>
</bind>
</comp>

<comp id="2" class="1000" name="a">
<pin_list>
<pin id="3" dir="1" index="0" bw="1" slack="0"/>
</pin_list>
<bind>
<StgValue><ssdm name="a"/><MemPortTyVec>1 3 </MemPortTyVec>
</StgValue>
</bind>
</comp>

<comp id="4" class="1000" name="nrm_6">
<pin_list>
<pin id="5" dir="1" index="0" bw="1" slack="0"/>
</pin_list>
<bind>
<StgValue><ssdm name="nrm_6"/></StgValue>
</bind>
</comp>

<comp id="6" class="1000" name="q">
<pin_list>
<pin id="7" dir="1" index="0" bw="1" slack="0"/>
</pin_list>
<bind>
<StgValue><ssdm name="q"/><MemPortTyVec>0 3 3 3 3 3 3 3 3 3 3 3 3 3 3 3 3 </MemPortTyVec>
</StgValue>
</bind>
</comp>

<comp id="8" class="1001" name="const_8">
<pin_list>
<pin id="9" dir="1" index="0" bw="1" slack="0"/>
</pin_list>
<bind>
<StgValue><ssdm name=""/></StgValue>
</bind>
</comp>

<comp id="10" class="1001" name="const_10">
<pin_list>
<pin id="11" dir="1" index="0" bw="1" slack="0"/>
</pin_list>
<bind>
<StgValue><ssdm name="_ssdm_op_Read.ap_auto.float"/></StgValue>
</bind>
</comp>

<comp id="12" class="1001" name="const_12">
<pin_list>
<pin id="13" dir="1" index="0" bw="1" slack="0"/>
</pin_list>
<bind>
<StgValue><ssdm name="_ssdm_op_Read.ap_auto.i5"/></StgValue>
</bind>
</comp>

<comp id="14" class="1001" name="const_14">
<pin_list>
<pin id="15" dir="1" index="0" bw="1" slack="0"/>
</pin_list>
<bind>
<StgValue><ssdm name=""/></StgValue>
</bind>
</comp>

<comp id="16" class="1001" name="const_16">
<pin_list>
<pin id="17" dir="1" index="0" bw="1" slack="0"/>
</pin_list>
<bind>
<StgValue><ssdm name="_ssdm_op_BitSelect.i1.i11.i32"/></StgValue>
</bind>
</comp>

<comp id="18" class="1001" name="const_18">
<pin_list>
<pin id="19" dir="1" index="0" bw="1" slack="0"/>
</pin_list>
<bind>
<StgValue><ssdm name=""/></StgValue>
</bind>
</comp>

<comp id="20" class="1001" name="const_20">
<pin_list>
<pin id="21" dir="1" index="0" bw="1" slack="0"/>
</pin_list>
<bind>
<StgValue><ssdm name="_ssdm_op_PartSelect.i5.i11.i32.i32"/></StgValue>
</bind>
</comp>

<comp id="22" class="1001" name="const_22">
<pin_list>
<pin id="23" dir="1" index="0" bw="1" slack="0"/>
</pin_list>
<bind>
<StgValue><ssdm name=""/></StgValue>
</bind>
</comp>

<comp id="24" class="1001" name="const_24">
<pin_list>
<pin id="25" dir="1" index="0" bw="1" slack="0"/>
</pin_list>
<bind>
<StgValue><ssdm name=""/></StgValue>
</bind>
</comp>

<comp id="26" class="1001" name="const_26">
<pin_list>
<pin id="27" dir="1" index="0" bw="1" slack="0"/>
</pin_list>
<bind>
<StgValue><ssdm name=""/></StgValue>
</bind>
</comp>

<comp id="28" class="1001" name="const_28">
<pin_list>
<pin id="29" dir="1" index="0" bw="1" slack="0"/>
</pin_list>
<bind>
<StgValue><ssdm name="_ssdm_op_BitConcatenate.i10.i5.i5"/></StgValue>
</bind>
</comp>

<comp id="30" class="1001" name="const_30">
<pin_list>
<pin id="31" dir="1" index="0" bw="1" slack="0"/>
</pin_list>
<bind>
<StgValue><ssdm name=""/></StgValue>
</bind>
</comp>

<comp id="32" class="1001" name="const_32">
<pin_list>
<pin id="33" dir="1" index="0" bw="1" slack="2147483647"/>
</pin_list>
<bind>
<StgValue><ssdm name="_ssdm_op_SpecPipeline"/></StgValue>
</bind>
</comp>

<comp id="34" class="1001" name="const_34">
<pin_list>
<pin id="35" dir="1" index="0" bw="1" slack="2147483647"/>
</pin_list>
<bind>
<StgValue><ssdm name=""/></StgValue>
</bind>
</comp>

<comp id="36" class="1001" name="const_36">
<pin_list>
<pin id="37" dir="1" index="0" bw="1" slack="2147483647"/>
</pin_list>
<bind>
<StgValue><ssdm name=""/></StgValue>
</bind>
</comp>

<comp id="38" class="1001" name="const_38">
<pin_list>
<pin id="39" dir="1" index="0" bw="1" slack="2147483647"/>
</pin_list>
<bind>
<StgValue><ssdm name="empty_0"/></StgValue>
</bind>
</comp>

<comp id="40" class="1001" name="const_40">
<pin_list>
<pin id="41" dir="1" index="0" bw="1" slack="2147483647"/>
</pin_list>
<bind>
<StgValue><ssdm name="_ssdm_op_SpecLoopTripCount"/></StgValue>
</bind>
</comp>

<comp id="42" class="1001" name="const_42">
<pin_list>
<pin id="43" dir="1" index="0" bw="1" slack="2147483647"/>
</pin_list>
<bind>
<StgValue><ssdm name=""/></StgValue>
</bind>
</comp>

<comp id="44" class="1001" name="const_44">
<pin_list>
<pin id="45" dir="1" index="0" bw="1" slack="2147483647"/>
</pin_list>
<bind>
<StgValue><ssdm name="_ssdm_op_SpecLoopName"/></StgValue>
</bind>
</comp>

<comp id="46" class="1001" name="const_46">
<pin_list>
<pin id="47" dir="1" index="0" bw="1" slack="2147483647"/>
</pin_list>
<bind>
<StgValue><ssdm name="empty_6"/></StgValue>
</bind>
</comp>

<comp id="48" class="1004" name="i_fu_48">
<pin_list>
<pin id="49" dir="0" index="0" bw="1" slack="0"/>
<pin id="50" dir="1" index="1" bw="11" slack="0"/>
</pin_list>
<bind>
<opcode="alloca(26) " fcode="alloca"/>
<opset="i/1 "/>
</bind>
</comp>

<comp id="52" class="1004" name="nrm_6_read_read_fu_52">
<pin_list>
<pin id="53" dir="0" index="0" bw="32" slack="0"/>
<pin id="54" dir="0" index="1" bw="32" slack="0"/>
<pin id="55" dir="1" index="2" bw="32" slack="3"/>
</pin_list>
<bind>
<opcode="read(1150) " fcode="read"/>
<opset="nrm_6_read/1 "/>
</bind>
</comp>

<comp id="58" class="1004" name="zext_ln90_4_read_read_fu_58">
<pin_list>
<pin id="59" dir="0" index="0" bw="5" slack="0"/>
<pin id="60" dir="0" index="1" bw="5" slack="0"/>
<pin id="61" dir="1" index="2" bw="5" slack="0"/>
</pin_list>
<bind>
<opcode="read(1150) " fcode="read"/>
<opset="zext_ln90_4_read/1 "/>
</bind>
</comp>

<comp id="64" class="1004" name="a_addr_2_gep_fu_64">
<pin_list>
<pin id="65" dir="0" index="0" bw="32" slack="0"/>
<pin id="66" dir="0" index="1" bw="1" slack="0"/>
<pin id="67" dir="0" index="2" bw="10" slack="0"/>
<pin id="68" dir="1" index="3" bw="10" slack="0"/>
</pin_list>
<bind>
<opcode="getelementptr(29) " fcode="getelementptr"/>
<opset="a_addr_2/2 "/>
</bind>
</comp>

<comp id="71" class="1004" name="grp_access_fu_71">
<pin_list>
<pin id="72" dir="0" index="0" bw="10" slack="0"/>
<pin id="73" dir="0" index="1" bw="32" slack="2147483647"/>
<pin id="74" dir="0" index="2" bw="0" slack="2147483647"/>
<pin id="75" dir="1" index="3" bw="32" slack="1"/>
</pin_list>
<bind>
<opcode="load(27) " fcode="load"/>
<opset="a_load_1/2 "/>
</bind>
</comp>

<comp id="77" class="1004" name="q_addr_1_gep_fu_77">
<pin_list>
<pin id="78" dir="0" index="0" bw="32" slack="0"/>
<pin id="79" dir="0" index="1" bw="1" slack="0"/>
<pin id="80" dir="0" index="2" bw="10" slack="32"/>
<pin id="81" dir="1" index="3" bw="10" slack="0"/>
</pin_list>
<bind>
<opcode="getelementptr(29) " fcode="getelementptr"/>
<opset="q_addr_1/34 "/>
</bind>
</comp>

<comp id="84" class="1004" name="store_ln89_access_fu_84">
<pin_list>
<pin id="85" dir="0" index="0" bw="10" slack="0"/>
<pin id="86" dir="0" index="1" bw="32" slack="1"/>
<pin id="87" dir="0" index="2" bw="0" slack="2147483647"/>
<pin id="88" dir="1" index="3" bw="32" slack="2147483647"/>
</pin_list>
<bind>
<opcode="store(28) " fcode="store"/>
<opset="store_ln89/34 "/>
</bind>
</comp>

<comp id="90" class="1004" name="grp_fu_90">
<pin_list>
<pin id="91" dir="0" index="0" bw="32" slack="1"/>
<pin id="92" dir="0" index="1" bw="32" slack="3"/>
<pin id="93" dir="1" index="2" bw="32" slack="1"/>
</pin_list>
<bind>
<opcode="fdiv(16) " fcode="fdiv"/>
<opset="div2/4 "/>
</bind>
</comp>

<comp id="94" class="1004" name="store_ln88_store_fu_94">
<pin_list>
<pin id="95" dir="0" index="0" bw="1" slack="0"/>
<pin id="96" dir="0" index="1" bw="11" slack="0"/>
<pin id="97" dir="1" index="2" bw="0" slack="2147483647"/>
</pin_list>
<bind>
<opcode="store(28) " fcode="store"/>
<opset="store_ln88/1 "/>
</bind>
</comp>

<comp id="99" class="1004" name="i_1_load_fu_99">
<pin_list>
<pin id="100" dir="0" index="0" bw="11" slack="0"/>
<pin id="101" dir="1" index="1" bw="11" slack="0"/>
</pin_list>
<bind>
<opcode="load(27) " fcode="load"/>
<opset="i_1/1 "/>
</bind>
</comp>

<comp id="102" class="1004" name="tmp_fu_102">
<pin_list>
<pin id="103" dir="0" index="0" bw="1" slack="0"/>
<pin id="104" dir="0" index="1" bw="11" slack="0"/>
<pin id="105" dir="0" index="2" bw="5" slack="0"/>
<pin id="106" dir="1" index="3" bw="1" slack="32"/>
</pin_list>
<bind>
<opcode="bitselect(1000) " fcode="bitselect"/>
<opset="tmp/1 "/>
</bind>
</comp>

<comp id="110" class="1004" name="trunc_ln89_fu_110">
<pin_list>
<pin id="111" dir="0" index="0" bw="11" slack="0"/>
<pin id="112" dir="1" index="1" bw="5" slack="0"/>
</pin_list>
<bind>
<opcode="trunc(33) " fcode="trunc"/>
<opset="trunc_ln89/1 "/>
</bind>
</comp>

<comp id="114" class="1004" name="or_ln89_fu_114">
<pin_list>
<pin id="115" dir="0" index="0" bw="5" slack="0"/>
<pin id="116" dir="0" index="1" bw="5" slack="0"/>
<pin id="117" dir="1" index="2" bw="5" slack="1"/>
</pin_list>
<bind>
<opcode="or(24) " fcode="or"/>
<opset="or_ln89/1 "/>
</bind>
</comp>

<comp id="120" class="1004" name="tmp_1_fu_120">
<pin_list>
<pin id="121" dir="0" index="0" bw="5" slack="0"/>
<pin id="122" dir="0" index="1" bw="11" slack="0"/>
<pin id="123" dir="0" index="2" bw="4" slack="0"/>
<pin id="124" dir="0" index="3" bw="5" slack="0"/>
<pin id="125" dir="1" index="4" bw="5" slack="1"/>
</pin_list>
<bind>
<opcode="partselect(1002) " fcode="partselect"/>
<opset="tmp_1/1 "/>
</bind>
</comp>

<comp id="130" class="1004" name="add_ln88_fu_130">
<pin_list>
<pin id="131" dir="0" index="0" bw="11" slack="0"/>
<pin id="132" dir="0" index="1" bw="7" slack="0"/>
<pin id="133" dir="1" index="2" bw="11" slack="0"/>
</pin_list>
<bind>
<opcode="add(8) " fcode="add"/>
<opset="add_ln88/1 "/>
</bind>
</comp>

<comp id="136" class="1004" name="store_ln88_store_fu_136">
<pin_list>
<pin id="137" dir="0" index="0" bw="11" slack="0"/>
<pin id="138" dir="0" index="1" bw="11" slack="0"/>
<pin id="139" dir="1" index="2" bw="0" slack="2147483647"/>
</pin_list>
<bind>
<opcode="store(28) " fcode="store"/>
<opset="store_ln88/1 "/>
</bind>
</comp>

<comp id="141" class="1004" name="add_ln_fu_141">
<pin_list>
<pin id="142" dir="0" index="0" bw="10" slack="0"/>
<pin id="143" dir="0" index="1" bw="5" slack="1"/>
<pin id="144" dir="0" index="2" bw="5" slack="1"/>
<pin id="145" dir="1" index="3" bw="10" slack="0"/>
</pin_list>
<bind>
<opcode="bitconcatenate(1004) " fcode="bitconcatenate"/>
<opset="add_ln/2 "/>
</bind>
</comp>

<comp id="147" class="1004" name="zext_ln89_fu_147">
<pin_list>
<pin id="148" dir="0" index="0" bw="10" slack="0"/>
<pin id="149" dir="1" index="1" bw="64" slack="0"/>
</pin_list>
<bind>
<opcode="zext(34) " fcode="zext"/>
<opset="zext_ln89/2 "/>
</bind>
</comp>

<comp id="152" class="1005" name="i_reg_152">
<pin_list>
<pin id="153" dir="0" index="0" bw="11" slack="0"/>
<pin id="154" dir="1" index="1" bw="11" slack="0"/>
</pin_list>
<bind>
<opset="i "/>
</bind>
</comp>

<comp id="159" class="1005" name="nrm_6_read_reg_159">
<pin_list>
<pin id="160" dir="0" index="0" bw="32" slack="3"/>
<pin id="161" dir="1" index="1" bw="32" slack="3"/>
</pin_list>
<bind>
<opset="nrm_6_read "/>
</bind>
</comp>

<comp id="164" class="1005" name="tmp_reg_164">
<pin_list>
<pin id="165" dir="0" index="0" bw="1" slack="32"/>
<pin id="166" dir="1" index="1" bw="1" slack="2147483647"/>
</pin_list>
<bind>
<opset="tmp "/>
</bind>
</comp>

<comp id="168" class="1005" name="or_ln89_reg_168">
<pin_list>
<pin id="169" dir="0" index="0" bw="5" slack="1"/>
<pin id="170" dir="1" index="1" bw="5" slack="1"/>
</pin_list>
<bind>
<opset="or_ln89 "/>
</bind>
</comp>

<comp id="173" class="1005" name="tmp_1_reg_173">
<pin_list>
<pin id="174" dir="0" index="0" bw="5" slack="1"/>
<pin id="175" dir="1" index="1" bw="5" slack="1"/>
</pin_list>
<bind>
<opset="tmp_1 "/>
</bind>
</comp>

<comp id="178" class="1005" name="zext_ln89_reg_178">
<pin_list>
<pin id="179" dir="0" index="0" bw="64" slack="32"/>
<pin id="180" dir="1" index="1" bw="64" slack="32"/>
</pin_list>
<bind>
<opset="zext_ln89 "/>
</bind>
</comp>

<comp id="183" class="1005" name="a_addr_2_reg_183">
<pin_list>
<pin id="184" dir="0" index="0" bw="10" slack="1"/>
<pin id="185" dir="1" index="1" bw="10" slack="1"/>
</pin_list>
<bind>
<opset="a_addr_2 "/>
</bind>
</comp>

<comp id="188" class="1005" name="a_load_1_reg_188">
<pin_list>
<pin id="189" dir="0" index="0" bw="32" slack="1"/>
<pin id="190" dir="1" index="1" bw="32" slack="1"/>
</pin_list>
<bind>
<opset="a_load_1 "/>
</bind>
</comp>

<comp id="193" class="1005" name="div2_reg_193">
<pin_list>
<pin id="194" dir="0" index="0" bw="32" slack="1"/>
<pin id="195" dir="1" index="1" bw="32" slack="1"/>
</pin_list>
<bind>
<opset="div2 "/>
</bind>
</comp>

</comp_list>

<net_list>
<net id="51"><net_src comp="8" pin="0"/><net_sink comp="48" pin=0"/></net>

<net id="56"><net_src comp="10" pin="0"/><net_sink comp="52" pin=0"/></net>

<net id="57"><net_src comp="4" pin="0"/><net_sink comp="52" pin=1"/></net>

<net id="62"><net_src comp="12" pin="0"/><net_sink comp="58" pin=0"/></net>

<net id="63"><net_src comp="0" pin="0"/><net_sink comp="58" pin=1"/></net>

<net id="69"><net_src comp="2" pin="0"/><net_sink comp="64" pin=0"/></net>

<net id="70"><net_src comp="30" pin="0"/><net_sink comp="64" pin=1"/></net>

<net id="76"><net_src comp="64" pin="3"/><net_sink comp="71" pin=0"/></net>

<net id="82"><net_src comp="6" pin="0"/><net_sink comp="77" pin=0"/></net>

<net id="83"><net_src comp="30" pin="0"/><net_sink comp="77" pin=1"/></net>

<net id="89"><net_src comp="77" pin="3"/><net_sink comp="84" pin=0"/></net>

<net id="98"><net_src comp="14" pin="0"/><net_sink comp="94" pin=0"/></net>

<net id="107"><net_src comp="16" pin="0"/><net_sink comp="102" pin=0"/></net>

<net id="108"><net_src comp="99" pin="1"/><net_sink comp="102" pin=1"/></net>

<net id="109"><net_src comp="18" pin="0"/><net_sink comp="102" pin=2"/></net>

<net id="113"><net_src comp="99" pin="1"/><net_sink comp="110" pin=0"/></net>

<net id="118"><net_src comp="110" pin="1"/><net_sink comp="114" pin=0"/></net>

<net id="119"><net_src comp="58" pin="2"/><net_sink comp="114" pin=1"/></net>

<net id="126"><net_src comp="20" pin="0"/><net_sink comp="120" pin=0"/></net>

<net id="127"><net_src comp="99" pin="1"/><net_sink comp="120" pin=1"/></net>

<net id="128"><net_src comp="22" pin="0"/><net_sink comp="120" pin=2"/></net>

<net id="129"><net_src comp="24" pin="0"/><net_sink comp="120" pin=3"/></net>

<net id="134"><net_src comp="99" pin="1"/><net_sink comp="130" pin=0"/></net>

<net id="135"><net_src comp="26" pin="0"/><net_sink comp="130" pin=1"/></net>

<net id="140"><net_src comp="130" pin="2"/><net_sink comp="136" pin=0"/></net>

<net id="146"><net_src comp="28" pin="0"/><net_sink comp="141" pin=0"/></net>

<net id="150"><net_src comp="141" pin="3"/><net_sink comp="147" pin=0"/></net>

<net id="151"><net_src comp="147" pin="1"/><net_sink comp="64" pin=2"/></net>

<net id="155"><net_src comp="48" pin="1"/><net_sink comp="152" pin=0"/></net>

<net id="156"><net_src comp="152" pin="1"/><net_sink comp="94" pin=1"/></net>

<net id="157"><net_src comp="152" pin="1"/><net_sink comp="99" pin=0"/></net>

<net id="158"><net_src comp="152" pin="1"/><net_sink comp="136" pin=1"/></net>

<net id="162"><net_src comp="52" pin="2"/><net_sink comp="159" pin=0"/></net>

<net id="163"><net_src comp="159" pin="1"/><net_sink comp="90" pin=1"/></net>

<net id="167"><net_src comp="102" pin="3"/><net_sink comp="164" pin=0"/></net>

<net id="171"><net_src comp="114" pin="2"/><net_sink comp="168" pin=0"/></net>

<net id="172"><net_src comp="168" pin="1"/><net_sink comp="141" pin=2"/></net>

<net id="176"><net_src comp="120" pin="4"/><net_sink comp="173" pin=0"/></net>

<net id="177"><net_src comp="173" pin="1"/><net_sink comp="141" pin=1"/></net>

<net id="181"><net_src comp="147" pin="1"/><net_sink comp="178" pin=0"/></net>

<net id="182"><net_src comp="178" pin="1"/><net_sink comp="77" pin=2"/></net>

<net id="186"><net_src comp="64" pin="3"/><net_sink comp="183" pin=0"/></net>

<net id="187"><net_src comp="183" pin="1"/><net_sink comp="71" pin=0"/></net>

<net id="191"><net_src comp="71" pin="3"/><net_sink comp="188" pin=0"/></net>

<net id="192"><net_src comp="188" pin="1"/><net_sink comp="90" pin=0"/></net>

<net id="196"><net_src comp="90" pin="2"/><net_sink comp="193" pin=0"/></net>

<net id="197"><net_src comp="193" pin="1"/><net_sink comp="84" pin=1"/></net>

</net_list>

</model> 
---------------- Datapath Model END ------------------

* FSMD analyzer results:
  - Output states:
	Port: q | {34 }
 - Input state : 
	Port: main_Pipeline_VITIS_LOOP_88_5 : zext_ln90_4 | {1 }
	Port: main_Pipeline_VITIS_LOOP_88_5 : a | {2 3 }
	Port: main_Pipeline_VITIS_LOOP_88_5 : nrm_6 | {1 }
  - Chain level:
	State 1
		store_ln88 : 1
		i_1 : 1
		tmp : 2
		br_ln88 : 3
		trunc_ln89 : 2
		or_ln89 : 3
		tmp_1 : 2
		add_ln88 : 2
		store_ln88 : 3
	State 2
		zext_ln89 : 1
		a_addr_2 : 2
		a_load_1 : 3
	State 3
	State 4
	State 5
	State 6
	State 7
	State 8
	State 9
	State 10
	State 11
	State 12
	State 13
	State 14
	State 15
	State 16
	State 17
	State 18
	State 19
	State 20
	State 21
	State 22
	State 23
	State 24
	State 25
	State 26
	State 27
	State 28
	State 29
	State 30
	State 31
	State 32
	State 33
	State 34
		store_ln89 : 1


============================================================
+ Verbose Summary: Datapath Resource usage 
============================================================

* Functional unit list:
|----------|-----------------------------|---------|---------|
| Operation|       Functional Unit       |    FF   |   LUT   |
|----------|-----------------------------|---------|---------|
|    add   |       add_ln88_fu_130       |    0    |    12   |
|----------|-----------------------------|---------|---------|
|    or    |        or_ln89_fu_114       |    0    |    5    |
|----------|-----------------------------|---------|---------|
|   read   |    nrm_6_read_read_fu_52    |    0    |    0    |
|          | zext_ln90_4_read_read_fu_58 |    0    |    0    |
|----------|-----------------------------|---------|---------|
|   fdiv   |          grp_fu_90          |    0    |    0    |
|----------|-----------------------------|---------|---------|
| bitselect|          tmp_fu_102         |    0    |    0    |
|----------|-----------------------------|---------|---------|
|   trunc  |      trunc_ln89_fu_110      |    0    |    0    |
|----------|-----------------------------|---------|---------|
|partselect|         tmp_1_fu_120        |    0    |    0    |
|----------|-----------------------------|---------|---------|
|bitconcatenate|        add_ln_fu_141        |    0    |    0    |
|----------|-----------------------------|---------|---------|
|   zext   |       zext_ln89_fu_147      |    0    |    0    |
|----------|-----------------------------|---------|---------|
|   Total  |                             |    0    |    17   |
|----------|-----------------------------|---------|---------|

Memories:
N/A

* Register list:
+------------------+--------+
|                  |   FF   |
+------------------+--------+
| a_addr_2_reg_183 |   10   |
| a_load_1_reg_188 |   32   |
|   div2_reg_193   |   32   |
|     i_reg_152    |   11   |
|nrm_6_read_reg_159|   32   |
|  or_ln89_reg_168 |    5   |
|   tmp_1_reg_173  |    5   |
|    tmp_reg_164   |    1   |
| zext_ln89_reg_178|   64   |
+------------------+--------+
|       Total      |   192  |
+------------------+--------+

* Multiplexer (MUX) list: 
|------------------|------|------|------|--------||---------||---------|
|       Comp       |  Pin | Size |  BW  | S x BW ||  Delay  ||   LUT   |
|------------------|------|------|------|--------||---------||---------|
| grp_access_fu_71 |  p0  |   2  |  10  |   20   ||    9    |
|------------------|------|------|------|--------||---------||---------|
|       Total      |      |      |      |   20   ||  1.588  ||    9    |
|------------------|------|------|------|--------||---------||---------|



* Summary:
+-----------+--------+--------+--------+
|           |  Delay |   FF   |   LUT  |
+-----------+--------+--------+--------+
|  Function |    -   |    0   |   17   |
|   Memory  |    -   |    -   |    -   |
|Multiplexer|    1   |    -   |    9   |
|  Register |    -   |   192  |    -   |
+-----------+--------+--------+--------+
|   Total   |    1   |   192  |   26   |
+-----------+--------+--------+--------+
