================================================================
== Design Size Report
================================================================

* Total Instructions per Compilation Phase
+---------------+-----------------------------+--------------+----------------------------------------------------------------------------------------+
| Phase         | Step                        | Instructions | Description                                                                            |
+---------------+-----------------------------+--------------+----------------------------------------------------------------------------------------+
| Compile/Link  |                             | 180          | After all functions are compiled and linked into a single design                       |
|               |                             |              |                                                                                        |
| Unroll/Inline |                             |              | After user unroll and inline pragmas are applied                                       |
|               | (1) unroll                  | 161          | user unroll pragmas are applied                                                        |
|               | (2) simplification          | 131          | simplification of applied user unroll pragmas                                          |
|               | (3) inline                  | 123          | user inline pragmas are applied                                                        |
|               | (4) simplification          | 120          | simplification of applied user inline pragmas                                          |
|               |                             |              |                                                                                        |
| Array/Struct  |                             |              | After user array partition and struct aggregate/disaggregate pragmas are applied       |
|               | (1) array partition         | 121          | user array partition pragmas are applied                                               |
|               | (2) simplification          | 121          | simplification of applied user array partition & struct aggregate/disaggregate pragmas |
|               | (3) aggregate/disaggregate  | 121          | user struct aggregate/disaggregate pragmas are applied                                 |
|               | (4) array reshape           | 121          | apply array reshape pragmas                                                            |
|               | (5) access patterns         | 125          | array access pattern optmizations                                                      |
|               |                             |              |                                                                                        |
| Performance   |                             |              | After transformations are applied to meet performance pragma targets                   |
|               | (1) loop simplification     | 121          | loop and instruction simplification                                                    |
|               | (2) parallelization         | 192          | loops are unrolled or pipelined to meet performance targets                            |
|               | (3) array partition         | 192          | arrays are partitioned to meet performance targets                                     |
|               | (4) simplification          | 192          | simplification of design after performance transformations                             |
|               |                             |              |                                                                                        |
| HW Transforms |                             |              | After hardware transfomations                                                          |
|               | (1) lowering                | 200          | initial conversion to HW specific instructions                                         |
|               | (2) optimizations           | 220          | high level synthesis optimizations                                                     |
+---------------+-----------------------------+--------------+----------------------------------------------------------------------------------------+

* Instructions per Function for each Compilation Phase
+---------------+-----------------+--------------+---------------+--------------+-------------+---------------+
| Function      | Location        | Compile/Link | Unroll/Inline | Array/Struct | Performance | HW Transforms |
+---------------+-----------------+--------------+---------------+--------------+-------------+---------------+
| + DigitRec    | digitrec.cpp:85 | 180          | 120           | 125          | 192         | 220           |
|  + update_knn | digitrec.cpp:29 |  70          |               |              |             |               |
|     popcount  | digitrec.cpp:18 |  19          |               |              |             |               |
|    knn_vote   | digitrec.cpp:62 |  48          |               |              |             |               |
+---------------+-----------------+--------------+---------------+--------------+-------------+---------------+

* Design Size Message Settings
+---------------------------------------------+--------+------------------------------------------------------------------+
| Message Setting                             | Value  | Description                                                      |
+---------------------------------------------+--------+------------------------------------------------------------------+
| config_compile -design_size_maximum_warning | 100000 | Show a warning when total design instructions exceeds this value |
+---------------------------------------------+--------+------------------------------------------------------------------+


