

================================================================
== Vitis HLS Report for 'fft_Pipeline_VITIS_LOOP_98_8'
================================================================
* Date:           Mon Aug 12 18:53:47 2024

* Version:        2023.2 (Build 4023990 on Oct 11 2023)
* Project:        fft
* Solution:       solution1 (Vivado IP Flow Target)
* Product family: zynq
* Target device:  xc7z020-clg400-1


================================================================
== Performance Estimates
================================================================
+ Timing: 
    * Summary: 
    +--------+---------+----------+------------+
    |  Clock |  Target | Estimated| Uncertainty|
    +--------+---------+----------+------------+
    |ap_clk  |  5.00 ns|  4.633 ns|     1.35 ns|
    +--------+---------+----------+------------+

+ Latency: 
    * Summary: 
    +---------+---------+----------+-----------+-----+------+---------+
    |  Latency (cycles) |  Latency (absolute)  |  Interval  | Pipeline|
    |   min   |   max   |    min   |    max    | min |  max |   Type  |
    +---------+---------+----------+-----------+-----+------+---------+
    |       47|     5635|  0.235 us|  28.175 us|   47|  5635|       no|
    +---------+---------+----------+-----------+-----+------+---------+

    + Detail: 
        * Instance: 
        N/A

        * Loop: 
        +-------------------+---------+---------+----------+-----------+-----------+---------+----------+
        |                   |  Latency (cycles) | Iteration|  Initiation Interval  |   Trip  |          |
        |     Loop Name     |   min   |   max   |  Latency |  achieved |   target  |  Count  | Pipelined|
        +-------------------+---------+---------+----------+-----------+-----------+---------+----------+
        |- VITIS_LOOP_98_8  |       45|     5633|        45|         44|          1|  1 ~ 128|       yes|
        +-------------------+---------+---------+----------+-----------+-----------+---------+----------+

============================================================
+ Verbose Summary: Synthesis Manager
============================================================
InlineROM: 1
ExposeGlobal: 0
============================================================
+ Verbose Summary: CDFG Model
============================================================
IsTopModel: 0
ResetActiveHigh: 1
IsCombinational: 0
IsDatapathOnly: 0
HasWiredReturn: 1
HasMFsm: 2
HasVarLatency: 1
IsPipeline: 0
IsRtlPipelined: 0
IsInstanceOverlapped: 0
IsDontTouch: 0
HasImplIP: 0
IsGatedGlobalClock: 0

+ Individual pipeline summary: 
  * Pipeline-0: initiation interval (II) = 44, depth = 45


============================================================
+ Verbose Summary: Schedule
============================================================
* Number of FSM states : 45
* Pipeline : 1
  Pipeline-0 : II = 44, D = 45, States = { 1 2 3 4 5 6 7 8 9 10 11 12 13 14 15 16 17 18 19 20 21 22 23 24 25 26 27 28 29 30 31 32 33 34 35 36 37 38 39 40 41 42 43 44 45 }
* Dataflow Pipeline: 0

* FSM state transitions: 
1 --> 2 
2 --> 3 
3 --> 4 
4 --> 5 
5 --> 6 
6 --> 7 
7 --> 8 
8 --> 9 
9 --> 10 
10 --> 11 
11 --> 12 
12 --> 13 
13 --> 14 
14 --> 15 
15 --> 16 
16 --> 17 
17 --> 18 
18 --> 19 
19 --> 20 
20 --> 21 
21 --> 22 
22 --> 23 
23 --> 24 
24 --> 25 
25 --> 26 
26 --> 27 
27 --> 28 
28 --> 29 
29 --> 30 
30 --> 31 
31 --> 32 
32 --> 33 
33 --> 34 
34 --> 35 
35 --> 36 
36 --> 37 
37 --> 38 
38 --> 39 
39 --> 40 
40 --> 41 
41 --> 42 
42 --> 43 
43 --> 44 
44 --> 45 
45 --> 

* FSM state operations: 

State 1 <SV = 0> <Delay = 4.63>
ST_1 : Operation 48 [1/1] (0.00ns)   --->   "%j = alloca i32 1" [benchmarks/jianyicheng/fft/src/fft.cpp:98]   --->   Operation 48 'alloca' 'j' <Predicate = true> <Delay = 0.00>
ST_1 : Operation 49 [1/1] (0.00ns)   --->   "%select_ln95_1_read = read i1 @_ssdm_op_Read.ap_auto.i1, i1 %select_ln95_1"   --->   Operation 49 'read' 'select_ln95_1_read' <Predicate = true> <Delay = 0.00>
ST_1 : Operation 50 [1/1] (0.00ns)   --->   "%zext_ln98_read = read i4 @_ssdm_op_Read.ap_auto.i4, i4 %zext_ln98"   --->   Operation 50 'read' 'zext_ln98_read' <Predicate = true> <Delay = 0.00>
ST_1 : Operation 51 [1/1] (0.00ns)   --->   "%numBF_3_read = read i8 @_ssdm_op_Read.ap_auto.i8, i8 %numBF_3"   --->   Operation 51 'read' 'numBF_3_read' <Predicate = true> <Delay = 0.00>
ST_1 : Operation 52 [1/1] (0.00ns)   --->   "%zext_ln98_cast = zext i4 %zext_ln98_read"   --->   Operation 52 'zext' 'zext_ln98_cast' <Predicate = true> <Delay = 0.00>
ST_1 : Operation 53 [1/1] (1.58ns)   --->   "%store_ln98 = store i8 0, i8 %j" [benchmarks/jianyicheng/fft/src/fft.cpp:98]   --->   Operation 53 'store' 'store_ln98' <Predicate = true> <Delay = 1.58>
ST_1 : Operation 54 [1/1] (0.00ns)   --->   "%br_ln0 = br void %for.inc366"   --->   Operation 54 'br' 'br_ln0' <Predicate = true> <Delay = 0.00>
ST_1 : Operation 55 [1/1] (0.00ns)   --->   "%j_1 = load i8 %j" [benchmarks/jianyicheng/fft/src/fft.cpp:99]   --->   Operation 55 'load' 'j_1' <Predicate = true> <Delay = 0.00>
ST_1 : Operation 56 [1/1] (1.91ns)   --->   "%icmp_ln98 = icmp_eq  i8 %j_1, i8 %numBF_3_read" [benchmarks/jianyicheng/fft/src/fft.cpp:98]   --->   Operation 56 'icmp' 'icmp_ln98' <Predicate = true> <Delay = 1.91> <CoreInst = "Cmp">   --->   Core 9 'Cmp' <Latency = 0> <II = 1> <Delay = 1.91> <FuncUnit> <Opcode : 'icmp'> <InPorts = 2> <OutPorts = 1>
ST_1 : Operation 57 [1/1] (0.00ns)   --->   "%br_ln98 = br i1 %icmp_ln98, void %for.inc366.split, void %for.inc369.loopexit.exitStub" [benchmarks/jianyicheng/fft/src/fft.cpp:98]   --->   Operation 57 'br' 'br_ln98' <Predicate = true> <Delay = 0.00>
ST_1 : Operation 58 [1/1] (0.00ns)   --->   "%trunc_ln99 = trunc i8 %j_1" [benchmarks/jianyicheng/fft/src/fft.cpp:99]   --->   Operation 58 'trunc' 'trunc_ln99' <Predicate = (!icmp_ln98)> <Delay = 0.00>
ST_1 : Operation 59 [1/1] (0.00ns)   --->   "%zext_ln99_1 = zext i7 %trunc_ln99" [benchmarks/jianyicheng/fft/src/fft.cpp:99]   --->   Operation 59 'zext' 'zext_ln99_1' <Predicate = (!icmp_ln98)> <Delay = 0.00>
ST_1 : Operation 60 [1/1] (3.04ns)   --->   "%shl_ln99 = shl i9 %zext_ln99_1, i9 %zext_ln98_cast" [benchmarks/jianyicheng/fft/src/fft.cpp:99]   --->   Operation 60 'shl' 'shl_ln99' <Predicate = (!icmp_ln98)> <Delay = 3.04> <CoreInst = "Shifter">   --->   Core 75 'Shifter' <Latency = 0> <II = 1> <Delay = 3.04> <FuncUnit> <Opcode : 'shl' 'lshr' 'ashr'> <InPorts = 2> <OutPorts = 1>
ST_1 : Operation 61 [1/1] (1.91ns)   --->   "%add_ln103 = add i8 %j_1, i8 %numBF_3_read" [benchmarks/jianyicheng/fft/src/fft.cpp:103]   --->   Operation 61 'add' 'add_ln103' <Predicate = (!icmp_ln98)> <Delay = 1.91> <CoreInst = "Adder">   --->   Core 1 'Adder' <Latency = 0> <II = 1> <Delay = 1.91> <FuncUnit> <Opcode : 'add' 'sub'> <InPorts = 2> <OutPorts = 1>

State 2 <SV = 1> <Delay = 3.50>
ST_2 : Operation 62 [1/1] (0.00ns)   --->   "%speclooptripcount_ln0 = speclooptripcount void @_ssdm_op_SpecLoopTripCount, i64 1, i64 128, i64 0"   --->   Operation 62 'speclooptripcount' 'speclooptripcount_ln0' <Predicate = true> <Delay = 0.00>
ST_2 : Operation 63 [1/1] (1.91ns)   --->   "%add_ln98 = add i8 %j_1, i8 1" [benchmarks/jianyicheng/fft/src/fft.cpp:98]   --->   Operation 63 'add' 'add_ln98' <Predicate = true> <Delay = 1.91> <CoreInst = "Adder">   --->   Core 1 'Adder' <Latency = 0> <II = 1> <Delay = 1.91> <FuncUnit> <Opcode : 'add' 'sub'> <InPorts = 2> <OutPorts = 1>
ST_2 : Operation 64 [1/1] (0.00ns)   --->   "%zext_ln99 = zext i9 %shl_ln99" [benchmarks/jianyicheng/fft/src/fft.cpp:99]   --->   Operation 64 'zext' 'zext_ln99' <Predicate = (!icmp_ln98)> <Delay = 0.00>
ST_2 : Operation 65 [1/1] (0.00ns)   --->   "%cos_coefficients_table_addr = getelementptr i32 %cos_coefficients_table, i64 0, i64 %zext_ln99" [benchmarks/jianyicheng/fft/src/fft.cpp:99]   --->   Operation 65 'getelementptr' 'cos_coefficients_table_addr' <Predicate = (!icmp_ln98)> <Delay = 0.00>
ST_2 : Operation 66 [2/2] (3.25ns)   --->   "%c = load i9 %cos_coefficients_table_addr" [benchmarks/jianyicheng/fft/src/fft.cpp:99]   --->   Operation 66 'load' 'c' <Predicate = (!icmp_ln98)> <Delay = 3.25> <CoreInst = "ROM">   --->   Core 95 'ROM' <Latency = 1> <II = 1> <Delay = 3.25> <Storage> <Opcode : 'load'> <Ports = 0> <Width = 32> <Depth = 512> <ROM>
ST_2 : Operation 67 [1/1] (0.00ns)   --->   "%sin_coefficients_table_addr = getelementptr i32 %sin_coefficients_table, i64 0, i64 %zext_ln99" [benchmarks/jianyicheng/fft/src/fft.cpp:100]   --->   Operation 67 'getelementptr' 'sin_coefficients_table_addr' <Predicate = (!icmp_ln98)> <Delay = 0.00>
ST_2 : Operation 68 [2/2] (3.25ns)   --->   "%s = load i9 %sin_coefficients_table_addr" [benchmarks/jianyicheng/fft/src/fft.cpp:100]   --->   Operation 68 'load' 's' <Predicate = (!icmp_ln98)> <Delay = 3.25> <CoreInst = "ROM">   --->   Core 95 'ROM' <Latency = 1> <II = 1> <Delay = 3.25> <Storage> <Opcode : 'load'> <Ports = 0> <Width = 32> <Depth = 512> <ROM>
ST_2 : Operation 69 [1/1] (0.00ns)   --->   "%add_ln6 = bitconcatenate i10 @_ssdm_op_BitConcatenate.i10.i1.i1.i8, i1 %select_ln95_1_read, i1 0, i8 %add_ln103" [benchmarks/jianyicheng/fft/src/fft.cpp:103]   --->   Operation 69 'bitconcatenate' 'add_ln6' <Predicate = (!icmp_ln98)> <Delay = 0.00>
ST_2 : Operation 70 [1/1] (0.00ns)   --->   "%zext_ln103 = zext i10 %add_ln6" [benchmarks/jianyicheng/fft/src/fft.cpp:103]   --->   Operation 70 'zext' 'zext_ln103' <Predicate = (!icmp_ln98)> <Delay = 0.00>
ST_2 : Operation 71 [1/1] (0.00ns)   --->   "%X_R_3_addr = getelementptr i32 %X_R_3, i64 0, i64 %zext_ln103" [benchmarks/jianyicheng/fft/src/fft.cpp:103]   --->   Operation 71 'getelementptr' 'X_R_3_addr' <Predicate = (!icmp_ln98)> <Delay = 0.00>
ST_2 : Operation 72 [2/2] (3.25ns)   --->   "%X_R_3_load = load i10 %X_R_3_addr" [benchmarks/jianyicheng/fft/src/fft.cpp:103]   --->   Operation 72 'load' 'X_R_3_load' <Predicate = (!icmp_ln98)> <Delay = 3.25> <CoreInst = "RAM">   --->   Core 82 'RAM' <Latency = 1> <II = 1> <Delay = 3.25> <Storage> <Opcode : 'load' 'store'> <Ports = 2> <Width = 32> <Depth = 1024> <RAM>
ST_2 : Operation 73 [1/1] (0.00ns)   --->   "%X_I_3_addr = getelementptr i32 %X_I_3, i64 0, i64 %zext_ln103" [benchmarks/jianyicheng/fft/src/fft.cpp:103]   --->   Operation 73 'getelementptr' 'X_I_3_addr' <Predicate = (!icmp_ln98)> <Delay = 0.00>
ST_2 : Operation 74 [2/2] (3.25ns)   --->   "%X_I_3_load = load i10 %X_I_3_addr" [benchmarks/jianyicheng/fft/src/fft.cpp:103]   --->   Operation 74 'load' 'X_I_3_load' <Predicate = (!icmp_ln98)> <Delay = 3.25> <CoreInst = "RAM">   --->   Core 82 'RAM' <Latency = 1> <II = 1> <Delay = 3.25> <Storage> <Opcode : 'load' 'store'> <Ports = 2> <Width = 32> <Depth = 1024> <RAM>
ST_2 : Operation 75 [1/1] (0.00ns)   --->   "%add_ln7 = bitconcatenate i10 @_ssdm_op_BitConcatenate.i10.i1.i1.i8, i1 %select_ln95_1_read, i1 0, i8 %j_1" [benchmarks/jianyicheng/fft/src/fft.cpp:106]   --->   Operation 75 'bitconcatenate' 'add_ln7' <Predicate = (!icmp_ln98)> <Delay = 0.00>
ST_2 : Operation 76 [1/1] (0.00ns)   --->   "%zext_ln106 = zext i10 %add_ln7" [benchmarks/jianyicheng/fft/src/fft.cpp:106]   --->   Operation 76 'zext' 'zext_ln106' <Predicate = (!icmp_ln98)> <Delay = 0.00>
ST_2 : Operation 77 [1/1] (0.00ns)   --->   "%X_R_3_addr_1 = getelementptr i32 %X_R_3, i64 0, i64 %zext_ln106" [benchmarks/jianyicheng/fft/src/fft.cpp:106]   --->   Operation 77 'getelementptr' 'X_R_3_addr_1' <Predicate = (!icmp_ln98)> <Delay = 0.00>
ST_2 : Operation 78 [2/2] (3.25ns)   --->   "%X_R_3_load_1 = load i10 %X_R_3_addr_1" [benchmarks/jianyicheng/fft/src/fft.cpp:106]   --->   Operation 78 'load' 'X_R_3_load_1' <Predicate = (!icmp_ln98)> <Delay = 3.25> <CoreInst = "RAM">   --->   Core 82 'RAM' <Latency = 1> <II = 1> <Delay = 3.25> <Storage> <Opcode : 'load' 'store'> <Ports = 2> <Width = 32> <Depth = 1024> <RAM>
ST_2 : Operation 79 [1/1] (0.00ns)   --->   "%X_I_3_addr_1 = getelementptr i32 %X_I_3, i64 0, i64 %zext_ln106" [benchmarks/jianyicheng/fft/src/fft.cpp:107]   --->   Operation 79 'getelementptr' 'X_I_3_addr_1' <Predicate = (!icmp_ln98)> <Delay = 0.00>
ST_2 : Operation 80 [2/2] (3.25ns)   --->   "%X_I_3_load_1 = load i10 %X_I_3_addr_1" [benchmarks/jianyicheng/fft/src/fft.cpp:107]   --->   Operation 80 'load' 'X_I_3_load_1' <Predicate = (!icmp_ln98)> <Delay = 3.25> <CoreInst = "RAM">   --->   Core 82 'RAM' <Latency = 1> <II = 1> <Delay = 3.25> <Storage> <Opcode : 'load' 'store'> <Ports = 2> <Width = 32> <Depth = 1024> <RAM>
ST_2 : Operation 81 [1/1] (1.58ns)   --->   "%store_ln98 = store i8 %add_ln98, i8 %j" [benchmarks/jianyicheng/fft/src/fft.cpp:98]   --->   Operation 81 'store' 'store_ln98' <Predicate = (!icmp_ln98)> <Delay = 1.58>
ST_2 : Operation 191 [1/1] (0.00ns)   --->   "%ret_ln0 = ret"   --->   Operation 191 'ret' 'ret_ln0' <Predicate = (icmp_ln98)> <Delay = 0.00>

State 3 <SV = 2> <Delay = 3.25>
ST_3 : Operation 82 [1/2] (3.25ns)   --->   "%c = load i9 %cos_coefficients_table_addr" [benchmarks/jianyicheng/fft/src/fft.cpp:99]   --->   Operation 82 'load' 'c' <Predicate = (!icmp_ln98)> <Delay = 3.25> <CoreInst = "ROM">   --->   Core 95 'ROM' <Latency = 1> <II = 1> <Delay = 3.25> <Storage> <Opcode : 'load'> <Ports = 0> <Width = 32> <Depth = 512> <ROM>
ST_3 : Operation 83 [1/2] (3.25ns)   --->   "%s = load i9 %sin_coefficients_table_addr" [benchmarks/jianyicheng/fft/src/fft.cpp:100]   --->   Operation 83 'load' 's' <Predicate = (!icmp_ln98)> <Delay = 3.25> <CoreInst = "ROM">   --->   Core 95 'ROM' <Latency = 1> <II = 1> <Delay = 3.25> <Storage> <Opcode : 'load'> <Ports = 0> <Width = 32> <Depth = 512> <ROM>
ST_3 : Operation 84 [1/2] (3.25ns)   --->   "%X_R_3_load = load i10 %X_R_3_addr" [benchmarks/jianyicheng/fft/src/fft.cpp:103]   --->   Operation 84 'load' 'X_R_3_load' <Predicate = (!icmp_ln98)> <Delay = 3.25> <CoreInst = "RAM">   --->   Core 82 'RAM' <Latency = 1> <II = 1> <Delay = 3.25> <Storage> <Opcode : 'load' 'store'> <Ports = 2> <Width = 32> <Depth = 1024> <RAM>
ST_3 : Operation 85 [1/2] (3.25ns)   --->   "%X_I_3_load = load i10 %X_I_3_addr" [benchmarks/jianyicheng/fft/src/fft.cpp:103]   --->   Operation 85 'load' 'X_I_3_load' <Predicate = (!icmp_ln98)> <Delay = 3.25> <CoreInst = "RAM">   --->   Core 82 'RAM' <Latency = 1> <II = 1> <Delay = 3.25> <Storage> <Opcode : 'load' 'store'> <Ports = 2> <Width = 32> <Depth = 1024> <RAM>
ST_3 : Operation 86 [1/2] (3.25ns)   --->   "%X_R_3_load_1 = load i10 %X_R_3_addr_1" [benchmarks/jianyicheng/fft/src/fft.cpp:106]   --->   Operation 86 'load' 'X_R_3_load_1' <Predicate = (!icmp_ln98)> <Delay = 3.25> <CoreInst = "RAM">   --->   Core 82 'RAM' <Latency = 1> <II = 1> <Delay = 3.25> <Storage> <Opcode : 'load' 'store'> <Ports = 2> <Width = 32> <Depth = 1024> <RAM>
ST_3 : Operation 87 [1/2] (3.25ns)   --->   "%X_I_3_load_1 = load i10 %X_I_3_addr_1" [benchmarks/jianyicheng/fft/src/fft.cpp:107]   --->   Operation 87 'load' 'X_I_3_load_1' <Predicate = (!icmp_ln98)> <Delay = 3.25> <CoreInst = "RAM">   --->   Core 82 'RAM' <Latency = 1> <II = 1> <Delay = 3.25> <Storage> <Opcode : 'load' 'store'> <Ports = 2> <Width = 32> <Depth = 1024> <RAM>

State 4 <SV = 3> <Delay = 2.56>
ST_4 : Operation 88 [8/8] (2.56ns)   --->   "%mul = fmul i32 %X_R_3_load, i32 %c" [benchmarks/jianyicheng/fft/src/fft.cpp:103]   --->   Operation 88 'fmul' 'mul' <Predicate = (!icmp_ln98)> <Delay = 2.56> <CoreInst = "FMul_maxdsp">   --->   Core 30 'FMul_maxdsp' <Latency = 7> <II = 1> <Delay = 2.56> <FuncUnit> <Opcode : 'fmul'> <InPorts = 2> <OutPorts = 1>
ST_4 : Operation 89 [8/8] (2.56ns)   --->   "%mul1 = fmul i32 %X_I_3_load, i32 %s" [benchmarks/jianyicheng/fft/src/fft.cpp:103]   --->   Operation 89 'fmul' 'mul1' <Predicate = (!icmp_ln98)> <Delay = 2.56> <CoreInst = "FMul_maxdsp">   --->   Core 30 'FMul_maxdsp' <Latency = 7> <II = 1> <Delay = 2.56> <FuncUnit> <Opcode : 'fmul'> <InPorts = 2> <OutPorts = 1>
ST_4 : Operation 90 [8/8] (2.56ns)   --->   "%mul2 = fmul i32 %X_I_3_load, i32 %c" [benchmarks/jianyicheng/fft/src/fft.cpp:105]   --->   Operation 90 'fmul' 'mul2' <Predicate = (!icmp_ln98)> <Delay = 2.56> <CoreInst = "FMul_maxdsp">   --->   Core 30 'FMul_maxdsp' <Latency = 7> <II = 1> <Delay = 2.56> <FuncUnit> <Opcode : 'fmul'> <InPorts = 2> <OutPorts = 1>
ST_4 : Operation 91 [8/8] (2.56ns)   --->   "%mul3 = fmul i32 %X_R_3_load, i32 %s" [benchmarks/jianyicheng/fft/src/fft.cpp:105]   --->   Operation 91 'fmul' 'mul3' <Predicate = (!icmp_ln98)> <Delay = 2.56> <CoreInst = "FMul_maxdsp">   --->   Core 30 'FMul_maxdsp' <Latency = 7> <II = 1> <Delay = 2.56> <FuncUnit> <Opcode : 'fmul'> <InPorts = 2> <OutPorts = 1>

State 5 <SV = 4> <Delay = 2.56>
ST_5 : Operation 92 [7/8] (2.56ns)   --->   "%mul = fmul i32 %X_R_3_load, i32 %c" [benchmarks/jianyicheng/fft/src/fft.cpp:103]   --->   Operation 92 'fmul' 'mul' <Predicate = (!icmp_ln98)> <Delay = 2.56> <CoreInst = "FMul_maxdsp">   --->   Core 30 'FMul_maxdsp' <Latency = 7> <II = 1> <Delay = 2.56> <FuncUnit> <Opcode : 'fmul'> <InPorts = 2> <OutPorts = 1>
ST_5 : Operation 93 [7/8] (2.56ns)   --->   "%mul1 = fmul i32 %X_I_3_load, i32 %s" [benchmarks/jianyicheng/fft/src/fft.cpp:103]   --->   Operation 93 'fmul' 'mul1' <Predicate = (!icmp_ln98)> <Delay = 2.56> <CoreInst = "FMul_maxdsp">   --->   Core 30 'FMul_maxdsp' <Latency = 7> <II = 1> <Delay = 2.56> <FuncUnit> <Opcode : 'fmul'> <InPorts = 2> <OutPorts = 1>
ST_5 : Operation 94 [7/8] (2.56ns)   --->   "%mul2 = fmul i32 %X_I_3_load, i32 %c" [benchmarks/jianyicheng/fft/src/fft.cpp:105]   --->   Operation 94 'fmul' 'mul2' <Predicate = (!icmp_ln98)> <Delay = 2.56> <CoreInst = "FMul_maxdsp">   --->   Core 30 'FMul_maxdsp' <Latency = 7> <II = 1> <Delay = 2.56> <FuncUnit> <Opcode : 'fmul'> <InPorts = 2> <OutPorts = 1>
ST_5 : Operation 95 [7/8] (2.56ns)   --->   "%mul3 = fmul i32 %X_R_3_load, i32 %s" [benchmarks/jianyicheng/fft/src/fft.cpp:105]   --->   Operation 95 'fmul' 'mul3' <Predicate = (!icmp_ln98)> <Delay = 2.56> <CoreInst = "FMul_maxdsp">   --->   Core 30 'FMul_maxdsp' <Latency = 7> <II = 1> <Delay = 2.56> <FuncUnit> <Opcode : 'fmul'> <InPorts = 2> <OutPorts = 1>

State 6 <SV = 5> <Delay = 2.56>
ST_6 : Operation 96 [6/8] (2.56ns)   --->   "%mul = fmul i32 %X_R_3_load, i32 %c" [benchmarks/jianyicheng/fft/src/fft.cpp:103]   --->   Operation 96 'fmul' 'mul' <Predicate = (!icmp_ln98)> <Delay = 2.56> <CoreInst = "FMul_maxdsp">   --->   Core 30 'FMul_maxdsp' <Latency = 7> <II = 1> <Delay = 2.56> <FuncUnit> <Opcode : 'fmul'> <InPorts = 2> <OutPorts = 1>
ST_6 : Operation 97 [6/8] (2.56ns)   --->   "%mul1 = fmul i32 %X_I_3_load, i32 %s" [benchmarks/jianyicheng/fft/src/fft.cpp:103]   --->   Operation 97 'fmul' 'mul1' <Predicate = (!icmp_ln98)> <Delay = 2.56> <CoreInst = "FMul_maxdsp">   --->   Core 30 'FMul_maxdsp' <Latency = 7> <II = 1> <Delay = 2.56> <FuncUnit> <Opcode : 'fmul'> <InPorts = 2> <OutPorts = 1>
ST_6 : Operation 98 [6/8] (2.56ns)   --->   "%mul2 = fmul i32 %X_I_3_load, i32 %c" [benchmarks/jianyicheng/fft/src/fft.cpp:105]   --->   Operation 98 'fmul' 'mul2' <Predicate = (!icmp_ln98)> <Delay = 2.56> <CoreInst = "FMul_maxdsp">   --->   Core 30 'FMul_maxdsp' <Latency = 7> <II = 1> <Delay = 2.56> <FuncUnit> <Opcode : 'fmul'> <InPorts = 2> <OutPorts = 1>
ST_6 : Operation 99 [6/8] (2.56ns)   --->   "%mul3 = fmul i32 %X_R_3_load, i32 %s" [benchmarks/jianyicheng/fft/src/fft.cpp:105]   --->   Operation 99 'fmul' 'mul3' <Predicate = (!icmp_ln98)> <Delay = 2.56> <CoreInst = "FMul_maxdsp">   --->   Core 30 'FMul_maxdsp' <Latency = 7> <II = 1> <Delay = 2.56> <FuncUnit> <Opcode : 'fmul'> <InPorts = 2> <OutPorts = 1>

State 7 <SV = 6> <Delay = 2.56>
ST_7 : Operation 100 [5/8] (2.56ns)   --->   "%mul = fmul i32 %X_R_3_load, i32 %c" [benchmarks/jianyicheng/fft/src/fft.cpp:103]   --->   Operation 100 'fmul' 'mul' <Predicate = (!icmp_ln98)> <Delay = 2.56> <CoreInst = "FMul_maxdsp">   --->   Core 30 'FMul_maxdsp' <Latency = 7> <II = 1> <Delay = 2.56> <FuncUnit> <Opcode : 'fmul'> <InPorts = 2> <OutPorts = 1>
ST_7 : Operation 101 [5/8] (2.56ns)   --->   "%mul1 = fmul i32 %X_I_3_load, i32 %s" [benchmarks/jianyicheng/fft/src/fft.cpp:103]   --->   Operation 101 'fmul' 'mul1' <Predicate = (!icmp_ln98)> <Delay = 2.56> <CoreInst = "FMul_maxdsp">   --->   Core 30 'FMul_maxdsp' <Latency = 7> <II = 1> <Delay = 2.56> <FuncUnit> <Opcode : 'fmul'> <InPorts = 2> <OutPorts = 1>
ST_7 : Operation 102 [5/8] (2.56ns)   --->   "%mul2 = fmul i32 %X_I_3_load, i32 %c" [benchmarks/jianyicheng/fft/src/fft.cpp:105]   --->   Operation 102 'fmul' 'mul2' <Predicate = (!icmp_ln98)> <Delay = 2.56> <CoreInst = "FMul_maxdsp">   --->   Core 30 'FMul_maxdsp' <Latency = 7> <II = 1> <Delay = 2.56> <FuncUnit> <Opcode : 'fmul'> <InPorts = 2> <OutPorts = 1>
ST_7 : Operation 103 [5/8] (2.56ns)   --->   "%mul3 = fmul i32 %X_R_3_load, i32 %s" [benchmarks/jianyicheng/fft/src/fft.cpp:105]   --->   Operation 103 'fmul' 'mul3' <Predicate = (!icmp_ln98)> <Delay = 2.56> <CoreInst = "FMul_maxdsp">   --->   Core 30 'FMul_maxdsp' <Latency = 7> <II = 1> <Delay = 2.56> <FuncUnit> <Opcode : 'fmul'> <InPorts = 2> <OutPorts = 1>

State 8 <SV = 7> <Delay = 2.56>
ST_8 : Operation 104 [4/8] (2.56ns)   --->   "%mul = fmul i32 %X_R_3_load, i32 %c" [benchmarks/jianyicheng/fft/src/fft.cpp:103]   --->   Operation 104 'fmul' 'mul' <Predicate = (!icmp_ln98)> <Delay = 2.56> <CoreInst = "FMul_maxdsp">   --->   Core 30 'FMul_maxdsp' <Latency = 7> <II = 1> <Delay = 2.56> <FuncUnit> <Opcode : 'fmul'> <InPorts = 2> <OutPorts = 1>
ST_8 : Operation 105 [4/8] (2.56ns)   --->   "%mul1 = fmul i32 %X_I_3_load, i32 %s" [benchmarks/jianyicheng/fft/src/fft.cpp:103]   --->   Operation 105 'fmul' 'mul1' <Predicate = (!icmp_ln98)> <Delay = 2.56> <CoreInst = "FMul_maxdsp">   --->   Core 30 'FMul_maxdsp' <Latency = 7> <II = 1> <Delay = 2.56> <FuncUnit> <Opcode : 'fmul'> <InPorts = 2> <OutPorts = 1>
ST_8 : Operation 106 [4/8] (2.56ns)   --->   "%mul2 = fmul i32 %X_I_3_load, i32 %c" [benchmarks/jianyicheng/fft/src/fft.cpp:105]   --->   Operation 106 'fmul' 'mul2' <Predicate = (!icmp_ln98)> <Delay = 2.56> <CoreInst = "FMul_maxdsp">   --->   Core 30 'FMul_maxdsp' <Latency = 7> <II = 1> <Delay = 2.56> <FuncUnit> <Opcode : 'fmul'> <InPorts = 2> <OutPorts = 1>
ST_8 : Operation 107 [4/8] (2.56ns)   --->   "%mul3 = fmul i32 %X_R_3_load, i32 %s" [benchmarks/jianyicheng/fft/src/fft.cpp:105]   --->   Operation 107 'fmul' 'mul3' <Predicate = (!icmp_ln98)> <Delay = 2.56> <CoreInst = "FMul_maxdsp">   --->   Core 30 'FMul_maxdsp' <Latency = 7> <II = 1> <Delay = 2.56> <FuncUnit> <Opcode : 'fmul'> <InPorts = 2> <OutPorts = 1>

State 9 <SV = 8> <Delay = 2.56>
ST_9 : Operation 108 [3/8] (2.56ns)   --->   "%mul = fmul i32 %X_R_3_load, i32 %c" [benchmarks/jianyicheng/fft/src/fft.cpp:103]   --->   Operation 108 'fmul' 'mul' <Predicate = (!icmp_ln98)> <Delay = 2.56> <CoreInst = "FMul_maxdsp">   --->   Core 30 'FMul_maxdsp' <Latency = 7> <II = 1> <Delay = 2.56> <FuncUnit> <Opcode : 'fmul'> <InPorts = 2> <OutPorts = 1>
ST_9 : Operation 109 [3/8] (2.56ns)   --->   "%mul1 = fmul i32 %X_I_3_load, i32 %s" [benchmarks/jianyicheng/fft/src/fft.cpp:103]   --->   Operation 109 'fmul' 'mul1' <Predicate = (!icmp_ln98)> <Delay = 2.56> <CoreInst = "FMul_maxdsp">   --->   Core 30 'FMul_maxdsp' <Latency = 7> <II = 1> <Delay = 2.56> <FuncUnit> <Opcode : 'fmul'> <InPorts = 2> <OutPorts = 1>
ST_9 : Operation 110 [3/8] (2.56ns)   --->   "%mul2 = fmul i32 %X_I_3_load, i32 %c" [benchmarks/jianyicheng/fft/src/fft.cpp:105]   --->   Operation 110 'fmul' 'mul2' <Predicate = (!icmp_ln98)> <Delay = 2.56> <CoreInst = "FMul_maxdsp">   --->   Core 30 'FMul_maxdsp' <Latency = 7> <II = 1> <Delay = 2.56> <FuncUnit> <Opcode : 'fmul'> <InPorts = 2> <OutPorts = 1>
ST_9 : Operation 111 [3/8] (2.56ns)   --->   "%mul3 = fmul i32 %X_R_3_load, i32 %s" [benchmarks/jianyicheng/fft/src/fft.cpp:105]   --->   Operation 111 'fmul' 'mul3' <Predicate = (!icmp_ln98)> <Delay = 2.56> <CoreInst = "FMul_maxdsp">   --->   Core 30 'FMul_maxdsp' <Latency = 7> <II = 1> <Delay = 2.56> <FuncUnit> <Opcode : 'fmul'> <InPorts = 2> <OutPorts = 1>

State 10 <SV = 9> <Delay = 2.56>
ST_10 : Operation 112 [2/8] (2.56ns)   --->   "%mul = fmul i32 %X_R_3_load, i32 %c" [benchmarks/jianyicheng/fft/src/fft.cpp:103]   --->   Operation 112 'fmul' 'mul' <Predicate = (!icmp_ln98)> <Delay = 2.56> <CoreInst = "FMul_maxdsp">   --->   Core 30 'FMul_maxdsp' <Latency = 7> <II = 1> <Delay = 2.56> <FuncUnit> <Opcode : 'fmul'> <InPorts = 2> <OutPorts = 1>
ST_10 : Operation 113 [2/8] (2.56ns)   --->   "%mul1 = fmul i32 %X_I_3_load, i32 %s" [benchmarks/jianyicheng/fft/src/fft.cpp:103]   --->   Operation 113 'fmul' 'mul1' <Predicate = (!icmp_ln98)> <Delay = 2.56> <CoreInst = "FMul_maxdsp">   --->   Core 30 'FMul_maxdsp' <Latency = 7> <II = 1> <Delay = 2.56> <FuncUnit> <Opcode : 'fmul'> <InPorts = 2> <OutPorts = 1>
ST_10 : Operation 114 [2/8] (2.56ns)   --->   "%mul2 = fmul i32 %X_I_3_load, i32 %c" [benchmarks/jianyicheng/fft/src/fft.cpp:105]   --->   Operation 114 'fmul' 'mul2' <Predicate = (!icmp_ln98)> <Delay = 2.56> <CoreInst = "FMul_maxdsp">   --->   Core 30 'FMul_maxdsp' <Latency = 7> <II = 1> <Delay = 2.56> <FuncUnit> <Opcode : 'fmul'> <InPorts = 2> <OutPorts = 1>
ST_10 : Operation 115 [2/8] (2.56ns)   --->   "%mul3 = fmul i32 %X_R_3_load, i32 %s" [benchmarks/jianyicheng/fft/src/fft.cpp:105]   --->   Operation 115 'fmul' 'mul3' <Predicate = (!icmp_ln98)> <Delay = 2.56> <CoreInst = "FMul_maxdsp">   --->   Core 30 'FMul_maxdsp' <Latency = 7> <II = 1> <Delay = 2.56> <FuncUnit> <Opcode : 'fmul'> <InPorts = 2> <OutPorts = 1>

State 11 <SV = 10> <Delay = 2.56>
ST_11 : Operation 116 [1/8] (2.56ns)   --->   "%mul = fmul i32 %X_R_3_load, i32 %c" [benchmarks/jianyicheng/fft/src/fft.cpp:103]   --->   Operation 116 'fmul' 'mul' <Predicate = (!icmp_ln98)> <Delay = 2.56> <CoreInst = "FMul_maxdsp">   --->   Core 30 'FMul_maxdsp' <Latency = 7> <II = 1> <Delay = 2.56> <FuncUnit> <Opcode : 'fmul'> <InPorts = 2> <OutPorts = 1>
ST_11 : Operation 117 [1/8] (2.56ns)   --->   "%mul1 = fmul i32 %X_I_3_load, i32 %s" [benchmarks/jianyicheng/fft/src/fft.cpp:103]   --->   Operation 117 'fmul' 'mul1' <Predicate = (!icmp_ln98)> <Delay = 2.56> <CoreInst = "FMul_maxdsp">   --->   Core 30 'FMul_maxdsp' <Latency = 7> <II = 1> <Delay = 2.56> <FuncUnit> <Opcode : 'fmul'> <InPorts = 2> <OutPorts = 1>
ST_11 : Operation 118 [1/8] (2.56ns)   --->   "%mul2 = fmul i32 %X_I_3_load, i32 %c" [benchmarks/jianyicheng/fft/src/fft.cpp:105]   --->   Operation 118 'fmul' 'mul2' <Predicate = (!icmp_ln98)> <Delay = 2.56> <CoreInst = "FMul_maxdsp">   --->   Core 30 'FMul_maxdsp' <Latency = 7> <II = 1> <Delay = 2.56> <FuncUnit> <Opcode : 'fmul'> <InPorts = 2> <OutPorts = 1>
ST_11 : Operation 119 [1/8] (2.56ns)   --->   "%mul3 = fmul i32 %X_R_3_load, i32 %s" [benchmarks/jianyicheng/fft/src/fft.cpp:105]   --->   Operation 119 'fmul' 'mul3' <Predicate = (!icmp_ln98)> <Delay = 2.56> <CoreInst = "FMul_maxdsp">   --->   Core 30 'FMul_maxdsp' <Latency = 7> <II = 1> <Delay = 2.56> <FuncUnit> <Opcode : 'fmul'> <InPorts = 2> <OutPorts = 1>

State 12 <SV = 11> <Delay = 3.35>
ST_12 : Operation 120 [10/10] (3.35ns)   --->   "%temp_R = fsub i32 %mul, i32 %mul1" [benchmarks/jianyicheng/fft/src/fft.cpp:103]   --->   Operation 120 'fsub' 'temp_R' <Predicate = (!icmp_ln98)> <Delay = 3.35> <CoreInst = "FAddSub_fulldsp">   --->   Core 18 'FAddSub_fulldsp' <Latency = 9> <II = 1> <Delay = 3.35> <FuncUnit> <Opcode : 'fadd' 'fsub'> <InPorts = 2> <OutPorts = 1>
ST_12 : Operation 121 [10/10] (3.35ns)   --->   "%temp_I = fadd i32 %mul2, i32 %mul3" [benchmarks/jianyicheng/fft/src/fft.cpp:105]   --->   Operation 121 'fadd' 'temp_I' <Predicate = (!icmp_ln98)> <Delay = 3.35> <CoreInst = "FAddSub_fulldsp">   --->   Core 18 'FAddSub_fulldsp' <Latency = 9> <II = 1> <Delay = 3.35> <FuncUnit> <Opcode : 'fadd' 'fsub'> <InPorts = 2> <OutPorts = 1>

State 13 <SV = 12> <Delay = 3.35>
ST_13 : Operation 122 [9/10] (3.35ns)   --->   "%temp_R = fsub i32 %mul, i32 %mul1" [benchmarks/jianyicheng/fft/src/fft.cpp:103]   --->   Operation 122 'fsub' 'temp_R' <Predicate = (!icmp_ln98)> <Delay = 3.35> <CoreInst = "FAddSub_fulldsp">   --->   Core 18 'FAddSub_fulldsp' <Latency = 9> <II = 1> <Delay = 3.35> <FuncUnit> <Opcode : 'fadd' 'fsub'> <InPorts = 2> <OutPorts = 1>
ST_13 : Operation 123 [9/10] (3.35ns)   --->   "%temp_I = fadd i32 %mul2, i32 %mul3" [benchmarks/jianyicheng/fft/src/fft.cpp:105]   --->   Operation 123 'fadd' 'temp_I' <Predicate = (!icmp_ln98)> <Delay = 3.35> <CoreInst = "FAddSub_fulldsp">   --->   Core 18 'FAddSub_fulldsp' <Latency = 9> <II = 1> <Delay = 3.35> <FuncUnit> <Opcode : 'fadd' 'fsub'> <InPorts = 2> <OutPorts = 1>

State 14 <SV = 13> <Delay = 3.35>
ST_14 : Operation 124 [8/10] (3.35ns)   --->   "%temp_R = fsub i32 %mul, i32 %mul1" [benchmarks/jianyicheng/fft/src/fft.cpp:103]   --->   Operation 124 'fsub' 'temp_R' <Predicate = (!icmp_ln98)> <Delay = 3.35> <CoreInst = "FAddSub_fulldsp">   --->   Core 18 'FAddSub_fulldsp' <Latency = 9> <II = 1> <Delay = 3.35> <FuncUnit> <Opcode : 'fadd' 'fsub'> <InPorts = 2> <OutPorts = 1>
ST_14 : Operation 125 [8/10] (3.35ns)   --->   "%temp_I = fadd i32 %mul2, i32 %mul3" [benchmarks/jianyicheng/fft/src/fft.cpp:105]   --->   Operation 125 'fadd' 'temp_I' <Predicate = (!icmp_ln98)> <Delay = 3.35> <CoreInst = "FAddSub_fulldsp">   --->   Core 18 'FAddSub_fulldsp' <Latency = 9> <II = 1> <Delay = 3.35> <FuncUnit> <Opcode : 'fadd' 'fsub'> <InPorts = 2> <OutPorts = 1>

State 15 <SV = 14> <Delay = 3.35>
ST_15 : Operation 126 [7/10] (3.35ns)   --->   "%temp_R = fsub i32 %mul, i32 %mul1" [benchmarks/jianyicheng/fft/src/fft.cpp:103]   --->   Operation 126 'fsub' 'temp_R' <Predicate = (!icmp_ln98)> <Delay = 3.35> <CoreInst = "FAddSub_fulldsp">   --->   Core 18 'FAddSub_fulldsp' <Latency = 9> <II = 1> <Delay = 3.35> <FuncUnit> <Opcode : 'fadd' 'fsub'> <InPorts = 2> <OutPorts = 1>
ST_15 : Operation 127 [7/10] (3.35ns)   --->   "%temp_I = fadd i32 %mul2, i32 %mul3" [benchmarks/jianyicheng/fft/src/fft.cpp:105]   --->   Operation 127 'fadd' 'temp_I' <Predicate = (!icmp_ln98)> <Delay = 3.35> <CoreInst = "FAddSub_fulldsp">   --->   Core 18 'FAddSub_fulldsp' <Latency = 9> <II = 1> <Delay = 3.35> <FuncUnit> <Opcode : 'fadd' 'fsub'> <InPorts = 2> <OutPorts = 1>

State 16 <SV = 15> <Delay = 3.35>
ST_16 : Operation 128 [6/10] (3.35ns)   --->   "%temp_R = fsub i32 %mul, i32 %mul1" [benchmarks/jianyicheng/fft/src/fft.cpp:103]   --->   Operation 128 'fsub' 'temp_R' <Predicate = (!icmp_ln98)> <Delay = 3.35> <CoreInst = "FAddSub_fulldsp">   --->   Core 18 'FAddSub_fulldsp' <Latency = 9> <II = 1> <Delay = 3.35> <FuncUnit> <Opcode : 'fadd' 'fsub'> <InPorts = 2> <OutPorts = 1>
ST_16 : Operation 129 [6/10] (3.35ns)   --->   "%temp_I = fadd i32 %mul2, i32 %mul3" [benchmarks/jianyicheng/fft/src/fft.cpp:105]   --->   Operation 129 'fadd' 'temp_I' <Predicate = (!icmp_ln98)> <Delay = 3.35> <CoreInst = "FAddSub_fulldsp">   --->   Core 18 'FAddSub_fulldsp' <Latency = 9> <II = 1> <Delay = 3.35> <FuncUnit> <Opcode : 'fadd' 'fsub'> <InPorts = 2> <OutPorts = 1>

State 17 <SV = 16> <Delay = 3.35>
ST_17 : Operation 130 [5/10] (3.35ns)   --->   "%temp_R = fsub i32 %mul, i32 %mul1" [benchmarks/jianyicheng/fft/src/fft.cpp:103]   --->   Operation 130 'fsub' 'temp_R' <Predicate = (!icmp_ln98)> <Delay = 3.35> <CoreInst = "FAddSub_fulldsp">   --->   Core 18 'FAddSub_fulldsp' <Latency = 9> <II = 1> <Delay = 3.35> <FuncUnit> <Opcode : 'fadd' 'fsub'> <InPorts = 2> <OutPorts = 1>
ST_17 : Operation 131 [5/10] (3.35ns)   --->   "%temp_I = fadd i32 %mul2, i32 %mul3" [benchmarks/jianyicheng/fft/src/fft.cpp:105]   --->   Operation 131 'fadd' 'temp_I' <Predicate = (!icmp_ln98)> <Delay = 3.35> <CoreInst = "FAddSub_fulldsp">   --->   Core 18 'FAddSub_fulldsp' <Latency = 9> <II = 1> <Delay = 3.35> <FuncUnit> <Opcode : 'fadd' 'fsub'> <InPorts = 2> <OutPorts = 1>

State 18 <SV = 17> <Delay = 3.35>
ST_18 : Operation 132 [4/10] (3.35ns)   --->   "%temp_R = fsub i32 %mul, i32 %mul1" [benchmarks/jianyicheng/fft/src/fft.cpp:103]   --->   Operation 132 'fsub' 'temp_R' <Predicate = (!icmp_ln98)> <Delay = 3.35> <CoreInst = "FAddSub_fulldsp">   --->   Core 18 'FAddSub_fulldsp' <Latency = 9> <II = 1> <Delay = 3.35> <FuncUnit> <Opcode : 'fadd' 'fsub'> <InPorts = 2> <OutPorts = 1>
ST_18 : Operation 133 [4/10] (3.35ns)   --->   "%temp_I = fadd i32 %mul2, i32 %mul3" [benchmarks/jianyicheng/fft/src/fft.cpp:105]   --->   Operation 133 'fadd' 'temp_I' <Predicate = (!icmp_ln98)> <Delay = 3.35> <CoreInst = "FAddSub_fulldsp">   --->   Core 18 'FAddSub_fulldsp' <Latency = 9> <II = 1> <Delay = 3.35> <FuncUnit> <Opcode : 'fadd' 'fsub'> <InPorts = 2> <OutPorts = 1>

State 19 <SV = 18> <Delay = 3.35>
ST_19 : Operation 134 [3/10] (3.35ns)   --->   "%temp_R = fsub i32 %mul, i32 %mul1" [benchmarks/jianyicheng/fft/src/fft.cpp:103]   --->   Operation 134 'fsub' 'temp_R' <Predicate = (!icmp_ln98)> <Delay = 3.35> <CoreInst = "FAddSub_fulldsp">   --->   Core 18 'FAddSub_fulldsp' <Latency = 9> <II = 1> <Delay = 3.35> <FuncUnit> <Opcode : 'fadd' 'fsub'> <InPorts = 2> <OutPorts = 1>
ST_19 : Operation 135 [3/10] (3.35ns)   --->   "%temp_I = fadd i32 %mul2, i32 %mul3" [benchmarks/jianyicheng/fft/src/fft.cpp:105]   --->   Operation 135 'fadd' 'temp_I' <Predicate = (!icmp_ln98)> <Delay = 3.35> <CoreInst = "FAddSub_fulldsp">   --->   Core 18 'FAddSub_fulldsp' <Latency = 9> <II = 1> <Delay = 3.35> <FuncUnit> <Opcode : 'fadd' 'fsub'> <InPorts = 2> <OutPorts = 1>

State 20 <SV = 19> <Delay = 3.35>
ST_20 : Operation 136 [2/10] (3.35ns)   --->   "%temp_R = fsub i32 %mul, i32 %mul1" [benchmarks/jianyicheng/fft/src/fft.cpp:103]   --->   Operation 136 'fsub' 'temp_R' <Predicate = (!icmp_ln98)> <Delay = 3.35> <CoreInst = "FAddSub_fulldsp">   --->   Core 18 'FAddSub_fulldsp' <Latency = 9> <II = 1> <Delay = 3.35> <FuncUnit> <Opcode : 'fadd' 'fsub'> <InPorts = 2> <OutPorts = 1>
ST_20 : Operation 137 [2/10] (3.35ns)   --->   "%temp_I = fadd i32 %mul2, i32 %mul3" [benchmarks/jianyicheng/fft/src/fft.cpp:105]   --->   Operation 137 'fadd' 'temp_I' <Predicate = (!icmp_ln98)> <Delay = 3.35> <CoreInst = "FAddSub_fulldsp">   --->   Core 18 'FAddSub_fulldsp' <Latency = 9> <II = 1> <Delay = 3.35> <FuncUnit> <Opcode : 'fadd' 'fsub'> <InPorts = 2> <OutPorts = 1>

State 21 <SV = 20> <Delay = 3.35>
ST_21 : Operation 138 [1/10] (3.35ns)   --->   "%temp_R = fsub i32 %mul, i32 %mul1" [benchmarks/jianyicheng/fft/src/fft.cpp:103]   --->   Operation 138 'fsub' 'temp_R' <Predicate = (!icmp_ln98)> <Delay = 3.35> <CoreInst = "FAddSub_fulldsp">   --->   Core 18 'FAddSub_fulldsp' <Latency = 9> <II = 1> <Delay = 3.35> <FuncUnit> <Opcode : 'fadd' 'fsub'> <InPorts = 2> <OutPorts = 1>
ST_21 : Operation 139 [1/10] (3.35ns)   --->   "%temp_I = fadd i32 %mul2, i32 %mul3" [benchmarks/jianyicheng/fft/src/fft.cpp:105]   --->   Operation 139 'fadd' 'temp_I' <Predicate = (!icmp_ln98)> <Delay = 3.35> <CoreInst = "FAddSub_fulldsp">   --->   Core 18 'FAddSub_fulldsp' <Latency = 9> <II = 1> <Delay = 3.35> <FuncUnit> <Opcode : 'fadd' 'fsub'> <InPorts = 2> <OutPorts = 1>

State 22 <SV = 21> <Delay = 3.35>
ST_22 : Operation 140 [10/10] (3.35ns)   --->   "%sub2 = fsub i32 %X_R_3_load_1, i32 %temp_R" [benchmarks/jianyicheng/fft/src/fft.cpp:106]   --->   Operation 140 'fsub' 'sub2' <Predicate = (!icmp_ln98)> <Delay = 3.35> <CoreInst = "FAddSub_fulldsp">   --->   Core 18 'FAddSub_fulldsp' <Latency = 9> <II = 1> <Delay = 3.35> <FuncUnit> <Opcode : 'fadd' 'fsub'> <InPorts = 2> <OutPorts = 1>
ST_22 : Operation 141 [10/10] (3.35ns)   --->   "%sub5 = fsub i32 %X_I_3_load_1, i32 %temp_I" [benchmarks/jianyicheng/fft/src/fft.cpp:107]   --->   Operation 141 'fsub' 'sub5' <Predicate = (!icmp_ln98)> <Delay = 3.35> <CoreInst = "FAddSub_fulldsp">   --->   Core 18 'FAddSub_fulldsp' <Latency = 9> <II = 1> <Delay = 3.35> <FuncUnit> <Opcode : 'fadd' 'fsub'> <InPorts = 2> <OutPorts = 1>

State 23 <SV = 22> <Delay = 3.35>
ST_23 : Operation 142 [9/10] (3.35ns)   --->   "%sub2 = fsub i32 %X_R_3_load_1, i32 %temp_R" [benchmarks/jianyicheng/fft/src/fft.cpp:106]   --->   Operation 142 'fsub' 'sub2' <Predicate = (!icmp_ln98)> <Delay = 3.35> <CoreInst = "FAddSub_fulldsp">   --->   Core 18 'FAddSub_fulldsp' <Latency = 9> <II = 1> <Delay = 3.35> <FuncUnit> <Opcode : 'fadd' 'fsub'> <InPorts = 2> <OutPorts = 1>
ST_23 : Operation 143 [9/10] (3.35ns)   --->   "%sub5 = fsub i32 %X_I_3_load_1, i32 %temp_I" [benchmarks/jianyicheng/fft/src/fft.cpp:107]   --->   Operation 143 'fsub' 'sub5' <Predicate = (!icmp_ln98)> <Delay = 3.35> <CoreInst = "FAddSub_fulldsp">   --->   Core 18 'FAddSub_fulldsp' <Latency = 9> <II = 1> <Delay = 3.35> <FuncUnit> <Opcode : 'fadd' 'fsub'> <InPorts = 2> <OutPorts = 1>

State 24 <SV = 23> <Delay = 3.35>
ST_24 : Operation 144 [8/10] (3.35ns)   --->   "%sub2 = fsub i32 %X_R_3_load_1, i32 %temp_R" [benchmarks/jianyicheng/fft/src/fft.cpp:106]   --->   Operation 144 'fsub' 'sub2' <Predicate = (!icmp_ln98)> <Delay = 3.35> <CoreInst = "FAddSub_fulldsp">   --->   Core 18 'FAddSub_fulldsp' <Latency = 9> <II = 1> <Delay = 3.35> <FuncUnit> <Opcode : 'fadd' 'fsub'> <InPorts = 2> <OutPorts = 1>
ST_24 : Operation 145 [8/10] (3.35ns)   --->   "%sub5 = fsub i32 %X_I_3_load_1, i32 %temp_I" [benchmarks/jianyicheng/fft/src/fft.cpp:107]   --->   Operation 145 'fsub' 'sub5' <Predicate = (!icmp_ln98)> <Delay = 3.35> <CoreInst = "FAddSub_fulldsp">   --->   Core 18 'FAddSub_fulldsp' <Latency = 9> <II = 1> <Delay = 3.35> <FuncUnit> <Opcode : 'fadd' 'fsub'> <InPorts = 2> <OutPorts = 1>

State 25 <SV = 24> <Delay = 3.35>
ST_25 : Operation 146 [7/10] (3.35ns)   --->   "%sub2 = fsub i32 %X_R_3_load_1, i32 %temp_R" [benchmarks/jianyicheng/fft/src/fft.cpp:106]   --->   Operation 146 'fsub' 'sub2' <Predicate = (!icmp_ln98)> <Delay = 3.35> <CoreInst = "FAddSub_fulldsp">   --->   Core 18 'FAddSub_fulldsp' <Latency = 9> <II = 1> <Delay = 3.35> <FuncUnit> <Opcode : 'fadd' 'fsub'> <InPorts = 2> <OutPorts = 1>
ST_25 : Operation 147 [7/10] (3.35ns)   --->   "%sub5 = fsub i32 %X_I_3_load_1, i32 %temp_I" [benchmarks/jianyicheng/fft/src/fft.cpp:107]   --->   Operation 147 'fsub' 'sub5' <Predicate = (!icmp_ln98)> <Delay = 3.35> <CoreInst = "FAddSub_fulldsp">   --->   Core 18 'FAddSub_fulldsp' <Latency = 9> <II = 1> <Delay = 3.35> <FuncUnit> <Opcode : 'fadd' 'fsub'> <InPorts = 2> <OutPorts = 1>

State 26 <SV = 25> <Delay = 3.35>
ST_26 : Operation 148 [6/10] (3.35ns)   --->   "%sub2 = fsub i32 %X_R_3_load_1, i32 %temp_R" [benchmarks/jianyicheng/fft/src/fft.cpp:106]   --->   Operation 148 'fsub' 'sub2' <Predicate = (!icmp_ln98)> <Delay = 3.35> <CoreInst = "FAddSub_fulldsp">   --->   Core 18 'FAddSub_fulldsp' <Latency = 9> <II = 1> <Delay = 3.35> <FuncUnit> <Opcode : 'fadd' 'fsub'> <InPorts = 2> <OutPorts = 1>
ST_26 : Operation 149 [6/10] (3.35ns)   --->   "%sub5 = fsub i32 %X_I_3_load_1, i32 %temp_I" [benchmarks/jianyicheng/fft/src/fft.cpp:107]   --->   Operation 149 'fsub' 'sub5' <Predicate = (!icmp_ln98)> <Delay = 3.35> <CoreInst = "FAddSub_fulldsp">   --->   Core 18 'FAddSub_fulldsp' <Latency = 9> <II = 1> <Delay = 3.35> <FuncUnit> <Opcode : 'fadd' 'fsub'> <InPorts = 2> <OutPorts = 1>

State 27 <SV = 26> <Delay = 3.35>
ST_27 : Operation 150 [5/10] (3.35ns)   --->   "%sub2 = fsub i32 %X_R_3_load_1, i32 %temp_R" [benchmarks/jianyicheng/fft/src/fft.cpp:106]   --->   Operation 150 'fsub' 'sub2' <Predicate = (!icmp_ln98)> <Delay = 3.35> <CoreInst = "FAddSub_fulldsp">   --->   Core 18 'FAddSub_fulldsp' <Latency = 9> <II = 1> <Delay = 3.35> <FuncUnit> <Opcode : 'fadd' 'fsub'> <InPorts = 2> <OutPorts = 1>
ST_27 : Operation 151 [5/10] (3.35ns)   --->   "%sub5 = fsub i32 %X_I_3_load_1, i32 %temp_I" [benchmarks/jianyicheng/fft/src/fft.cpp:107]   --->   Operation 151 'fsub' 'sub5' <Predicate = (!icmp_ln98)> <Delay = 3.35> <CoreInst = "FAddSub_fulldsp">   --->   Core 18 'FAddSub_fulldsp' <Latency = 9> <II = 1> <Delay = 3.35> <FuncUnit> <Opcode : 'fadd' 'fsub'> <InPorts = 2> <OutPorts = 1>

State 28 <SV = 27> <Delay = 3.35>
ST_28 : Operation 152 [4/10] (3.35ns)   --->   "%sub2 = fsub i32 %X_R_3_load_1, i32 %temp_R" [benchmarks/jianyicheng/fft/src/fft.cpp:106]   --->   Operation 152 'fsub' 'sub2' <Predicate = (!icmp_ln98)> <Delay = 3.35> <CoreInst = "FAddSub_fulldsp">   --->   Core 18 'FAddSub_fulldsp' <Latency = 9> <II = 1> <Delay = 3.35> <FuncUnit> <Opcode : 'fadd' 'fsub'> <InPorts = 2> <OutPorts = 1>
ST_28 : Operation 153 [4/10] (3.35ns)   --->   "%sub5 = fsub i32 %X_I_3_load_1, i32 %temp_I" [benchmarks/jianyicheng/fft/src/fft.cpp:107]   --->   Operation 153 'fsub' 'sub5' <Predicate = (!icmp_ln98)> <Delay = 3.35> <CoreInst = "FAddSub_fulldsp">   --->   Core 18 'FAddSub_fulldsp' <Latency = 9> <II = 1> <Delay = 3.35> <FuncUnit> <Opcode : 'fadd' 'fsub'> <InPorts = 2> <OutPorts = 1>

State 29 <SV = 28> <Delay = 3.35>
ST_29 : Operation 154 [3/10] (3.35ns)   --->   "%sub2 = fsub i32 %X_R_3_load_1, i32 %temp_R" [benchmarks/jianyicheng/fft/src/fft.cpp:106]   --->   Operation 154 'fsub' 'sub2' <Predicate = (!icmp_ln98)> <Delay = 3.35> <CoreInst = "FAddSub_fulldsp">   --->   Core 18 'FAddSub_fulldsp' <Latency = 9> <II = 1> <Delay = 3.35> <FuncUnit> <Opcode : 'fadd' 'fsub'> <InPorts = 2> <OutPorts = 1>
ST_29 : Operation 155 [3/10] (3.35ns)   --->   "%sub5 = fsub i32 %X_I_3_load_1, i32 %temp_I" [benchmarks/jianyicheng/fft/src/fft.cpp:107]   --->   Operation 155 'fsub' 'sub5' <Predicate = (!icmp_ln98)> <Delay = 3.35> <CoreInst = "FAddSub_fulldsp">   --->   Core 18 'FAddSub_fulldsp' <Latency = 9> <II = 1> <Delay = 3.35> <FuncUnit> <Opcode : 'fadd' 'fsub'> <InPorts = 2> <OutPorts = 1>

State 30 <SV = 29> <Delay = 3.35>
ST_30 : Operation 156 [2/10] (3.35ns)   --->   "%sub2 = fsub i32 %X_R_3_load_1, i32 %temp_R" [benchmarks/jianyicheng/fft/src/fft.cpp:106]   --->   Operation 156 'fsub' 'sub2' <Predicate = (!icmp_ln98)> <Delay = 3.35> <CoreInst = "FAddSub_fulldsp">   --->   Core 18 'FAddSub_fulldsp' <Latency = 9> <II = 1> <Delay = 3.35> <FuncUnit> <Opcode : 'fadd' 'fsub'> <InPorts = 2> <OutPorts = 1>
ST_30 : Operation 157 [2/10] (3.35ns)   --->   "%sub5 = fsub i32 %X_I_3_load_1, i32 %temp_I" [benchmarks/jianyicheng/fft/src/fft.cpp:107]   --->   Operation 157 'fsub' 'sub5' <Predicate = (!icmp_ln98)> <Delay = 3.35> <CoreInst = "FAddSub_fulldsp">   --->   Core 18 'FAddSub_fulldsp' <Latency = 9> <II = 1> <Delay = 3.35> <FuncUnit> <Opcode : 'fadd' 'fsub'> <InPorts = 2> <OutPorts = 1>

State 31 <SV = 30> <Delay = 3.35>
ST_31 : Operation 158 [1/10] (3.35ns)   --->   "%sub2 = fsub i32 %X_R_3_load_1, i32 %temp_R" [benchmarks/jianyicheng/fft/src/fft.cpp:106]   --->   Operation 158 'fsub' 'sub2' <Predicate = (!icmp_ln98)> <Delay = 3.35> <CoreInst = "FAddSub_fulldsp">   --->   Core 18 'FAddSub_fulldsp' <Latency = 9> <II = 1> <Delay = 3.35> <FuncUnit> <Opcode : 'fadd' 'fsub'> <InPorts = 2> <OutPorts = 1>
ST_31 : Operation 159 [1/10] (3.35ns)   --->   "%sub5 = fsub i32 %X_I_3_load_1, i32 %temp_I" [benchmarks/jianyicheng/fft/src/fft.cpp:107]   --->   Operation 159 'fsub' 'sub5' <Predicate = (!icmp_ln98)> <Delay = 3.35> <CoreInst = "FAddSub_fulldsp">   --->   Core 18 'FAddSub_fulldsp' <Latency = 9> <II = 1> <Delay = 3.35> <FuncUnit> <Opcode : 'fadd' 'fsub'> <InPorts = 2> <OutPorts = 1>

State 32 <SV = 31> <Delay = 3.25>
ST_32 : Operation 160 [1/1] (3.25ns)   --->   "%store_ln106 = store i32 %sub2, i10 %X_R_3_addr" [benchmarks/jianyicheng/fft/src/fft.cpp:106]   --->   Operation 160 'store' 'store_ln106' <Predicate = (!icmp_ln98)> <Delay = 3.25> <CoreInst = "RAM">   --->   Core 82 'RAM' <Latency = 1> <II = 1> <Delay = 3.25> <Storage> <Opcode : 'load' 'store'> <Ports = 2> <Width = 32> <Depth = 1024> <RAM>
ST_32 : Operation 161 [1/1] (3.25ns)   --->   "%store_ln107 = store i32 %sub5, i10 %X_I_3_addr" [benchmarks/jianyicheng/fft/src/fft.cpp:107]   --->   Operation 161 'store' 'store_ln107' <Predicate = (!icmp_ln98)> <Delay = 3.25> <CoreInst = "RAM">   --->   Core 82 'RAM' <Latency = 1> <II = 1> <Delay = 3.25> <Storage> <Opcode : 'load' 'store'> <Ports = 2> <Width = 32> <Depth = 1024> <RAM>

State 33 <SV = 32> <Delay = 3.25>
ST_33 : Operation 162 [2/2] (3.25ns)   --->   "%X_R_3_load_2 = load i10 %X_R_3_addr_1" [benchmarks/jianyicheng/fft/src/fft.cpp:108]   --->   Operation 162 'load' 'X_R_3_load_2' <Predicate = (!icmp_ln98)> <Delay = 3.25> <CoreInst = "RAM">   --->   Core 82 'RAM' <Latency = 1> <II = 1> <Delay = 3.25> <Storage> <Opcode : 'load' 'store'> <Ports = 2> <Width = 32> <Depth = 1024> <RAM>
ST_33 : Operation 163 [2/2] (3.25ns)   --->   "%X_I_3_load_2 = load i10 %X_I_3_addr_1" [benchmarks/jianyicheng/fft/src/fft.cpp:109]   --->   Operation 163 'load' 'X_I_3_load_2' <Predicate = (!icmp_ln98)> <Delay = 3.25> <CoreInst = "RAM">   --->   Core 82 'RAM' <Latency = 1> <II = 1> <Delay = 3.25> <Storage> <Opcode : 'load' 'store'> <Ports = 2> <Width = 32> <Depth = 1024> <RAM>

State 34 <SV = 33> <Delay = 3.25>
ST_34 : Operation 164 [1/2] (3.25ns)   --->   "%X_R_3_load_2 = load i10 %X_R_3_addr_1" [benchmarks/jianyicheng/fft/src/fft.cpp:108]   --->   Operation 164 'load' 'X_R_3_load_2' <Predicate = (!icmp_ln98)> <Delay = 3.25> <CoreInst = "RAM">   --->   Core 82 'RAM' <Latency = 1> <II = 1> <Delay = 3.25> <Storage> <Opcode : 'load' 'store'> <Ports = 2> <Width = 32> <Depth = 1024> <RAM>
ST_34 : Operation 165 [1/2] (3.25ns)   --->   "%X_I_3_load_2 = load i10 %X_I_3_addr_1" [benchmarks/jianyicheng/fft/src/fft.cpp:109]   --->   Operation 165 'load' 'X_I_3_load_2' <Predicate = (!icmp_ln98)> <Delay = 3.25> <CoreInst = "RAM">   --->   Core 82 'RAM' <Latency = 1> <II = 1> <Delay = 3.25> <Storage> <Opcode : 'load' 'store'> <Ports = 2> <Width = 32> <Depth = 1024> <RAM>

State 35 <SV = 34> <Delay = 3.35>
ST_35 : Operation 166 [10/10] (3.35ns)   --->   "%add9 = fadd i32 %X_R_3_load_2, i32 %temp_R" [benchmarks/jianyicheng/fft/src/fft.cpp:108]   --->   Operation 166 'fadd' 'add9' <Predicate = (!icmp_ln98)> <Delay = 3.35> <CoreInst = "FAddSub_fulldsp">   --->   Core 18 'FAddSub_fulldsp' <Latency = 9> <II = 1> <Delay = 3.35> <FuncUnit> <Opcode : 'fadd' 'fsub'> <InPorts = 2> <OutPorts = 1>
ST_35 : Operation 167 [10/10] (3.35ns)   --->   "%add2 = fadd i32 %X_I_3_load_2, i32 %temp_I" [benchmarks/jianyicheng/fft/src/fft.cpp:109]   --->   Operation 167 'fadd' 'add2' <Predicate = (!icmp_ln98)> <Delay = 3.35> <CoreInst = "FAddSub_fulldsp">   --->   Core 18 'FAddSub_fulldsp' <Latency = 9> <II = 1> <Delay = 3.35> <FuncUnit> <Opcode : 'fadd' 'fsub'> <InPorts = 2> <OutPorts = 1>

State 36 <SV = 35> <Delay = 3.35>
ST_36 : Operation 168 [9/10] (3.35ns)   --->   "%add9 = fadd i32 %X_R_3_load_2, i32 %temp_R" [benchmarks/jianyicheng/fft/src/fft.cpp:108]   --->   Operation 168 'fadd' 'add9' <Predicate = (!icmp_ln98)> <Delay = 3.35> <CoreInst = "FAddSub_fulldsp">   --->   Core 18 'FAddSub_fulldsp' <Latency = 9> <II = 1> <Delay = 3.35> <FuncUnit> <Opcode : 'fadd' 'fsub'> <InPorts = 2> <OutPorts = 1>
ST_36 : Operation 169 [9/10] (3.35ns)   --->   "%add2 = fadd i32 %X_I_3_load_2, i32 %temp_I" [benchmarks/jianyicheng/fft/src/fft.cpp:109]   --->   Operation 169 'fadd' 'add2' <Predicate = (!icmp_ln98)> <Delay = 3.35> <CoreInst = "FAddSub_fulldsp">   --->   Core 18 'FAddSub_fulldsp' <Latency = 9> <II = 1> <Delay = 3.35> <FuncUnit> <Opcode : 'fadd' 'fsub'> <InPorts = 2> <OutPorts = 1>

State 37 <SV = 36> <Delay = 3.35>
ST_37 : Operation 170 [8/10] (3.35ns)   --->   "%add9 = fadd i32 %X_R_3_load_2, i32 %temp_R" [benchmarks/jianyicheng/fft/src/fft.cpp:108]   --->   Operation 170 'fadd' 'add9' <Predicate = (!icmp_ln98)> <Delay = 3.35> <CoreInst = "FAddSub_fulldsp">   --->   Core 18 'FAddSub_fulldsp' <Latency = 9> <II = 1> <Delay = 3.35> <FuncUnit> <Opcode : 'fadd' 'fsub'> <InPorts = 2> <OutPorts = 1>
ST_37 : Operation 171 [8/10] (3.35ns)   --->   "%add2 = fadd i32 %X_I_3_load_2, i32 %temp_I" [benchmarks/jianyicheng/fft/src/fft.cpp:109]   --->   Operation 171 'fadd' 'add2' <Predicate = (!icmp_ln98)> <Delay = 3.35> <CoreInst = "FAddSub_fulldsp">   --->   Core 18 'FAddSub_fulldsp' <Latency = 9> <II = 1> <Delay = 3.35> <FuncUnit> <Opcode : 'fadd' 'fsub'> <InPorts = 2> <OutPorts = 1>

State 38 <SV = 37> <Delay = 3.35>
ST_38 : Operation 172 [7/10] (3.35ns)   --->   "%add9 = fadd i32 %X_R_3_load_2, i32 %temp_R" [benchmarks/jianyicheng/fft/src/fft.cpp:108]   --->   Operation 172 'fadd' 'add9' <Predicate = (!icmp_ln98)> <Delay = 3.35> <CoreInst = "FAddSub_fulldsp">   --->   Core 18 'FAddSub_fulldsp' <Latency = 9> <II = 1> <Delay = 3.35> <FuncUnit> <Opcode : 'fadd' 'fsub'> <InPorts = 2> <OutPorts = 1>
ST_38 : Operation 173 [7/10] (3.35ns)   --->   "%add2 = fadd i32 %X_I_3_load_2, i32 %temp_I" [benchmarks/jianyicheng/fft/src/fft.cpp:109]   --->   Operation 173 'fadd' 'add2' <Predicate = (!icmp_ln98)> <Delay = 3.35> <CoreInst = "FAddSub_fulldsp">   --->   Core 18 'FAddSub_fulldsp' <Latency = 9> <II = 1> <Delay = 3.35> <FuncUnit> <Opcode : 'fadd' 'fsub'> <InPorts = 2> <OutPorts = 1>

State 39 <SV = 38> <Delay = 3.35>
ST_39 : Operation 174 [6/10] (3.35ns)   --->   "%add9 = fadd i32 %X_R_3_load_2, i32 %temp_R" [benchmarks/jianyicheng/fft/src/fft.cpp:108]   --->   Operation 174 'fadd' 'add9' <Predicate = (!icmp_ln98)> <Delay = 3.35> <CoreInst = "FAddSub_fulldsp">   --->   Core 18 'FAddSub_fulldsp' <Latency = 9> <II = 1> <Delay = 3.35> <FuncUnit> <Opcode : 'fadd' 'fsub'> <InPorts = 2> <OutPorts = 1>
ST_39 : Operation 175 [6/10] (3.35ns)   --->   "%add2 = fadd i32 %X_I_3_load_2, i32 %temp_I" [benchmarks/jianyicheng/fft/src/fft.cpp:109]   --->   Operation 175 'fadd' 'add2' <Predicate = (!icmp_ln98)> <Delay = 3.35> <CoreInst = "FAddSub_fulldsp">   --->   Core 18 'FAddSub_fulldsp' <Latency = 9> <II = 1> <Delay = 3.35> <FuncUnit> <Opcode : 'fadd' 'fsub'> <InPorts = 2> <OutPorts = 1>

State 40 <SV = 39> <Delay = 3.35>
ST_40 : Operation 176 [5/10] (3.35ns)   --->   "%add9 = fadd i32 %X_R_3_load_2, i32 %temp_R" [benchmarks/jianyicheng/fft/src/fft.cpp:108]   --->   Operation 176 'fadd' 'add9' <Predicate = (!icmp_ln98)> <Delay = 3.35> <CoreInst = "FAddSub_fulldsp">   --->   Core 18 'FAddSub_fulldsp' <Latency = 9> <II = 1> <Delay = 3.35> <FuncUnit> <Opcode : 'fadd' 'fsub'> <InPorts = 2> <OutPorts = 1>
ST_40 : Operation 177 [5/10] (3.35ns)   --->   "%add2 = fadd i32 %X_I_3_load_2, i32 %temp_I" [benchmarks/jianyicheng/fft/src/fft.cpp:109]   --->   Operation 177 'fadd' 'add2' <Predicate = (!icmp_ln98)> <Delay = 3.35> <CoreInst = "FAddSub_fulldsp">   --->   Core 18 'FAddSub_fulldsp' <Latency = 9> <II = 1> <Delay = 3.35> <FuncUnit> <Opcode : 'fadd' 'fsub'> <InPorts = 2> <OutPorts = 1>

State 41 <SV = 40> <Delay = 3.35>
ST_41 : Operation 178 [4/10] (3.35ns)   --->   "%add9 = fadd i32 %X_R_3_load_2, i32 %temp_R" [benchmarks/jianyicheng/fft/src/fft.cpp:108]   --->   Operation 178 'fadd' 'add9' <Predicate = (!icmp_ln98)> <Delay = 3.35> <CoreInst = "FAddSub_fulldsp">   --->   Core 18 'FAddSub_fulldsp' <Latency = 9> <II = 1> <Delay = 3.35> <FuncUnit> <Opcode : 'fadd' 'fsub'> <InPorts = 2> <OutPorts = 1>
ST_41 : Operation 179 [4/10] (3.35ns)   --->   "%add2 = fadd i32 %X_I_3_load_2, i32 %temp_I" [benchmarks/jianyicheng/fft/src/fft.cpp:109]   --->   Operation 179 'fadd' 'add2' <Predicate = (!icmp_ln98)> <Delay = 3.35> <CoreInst = "FAddSub_fulldsp">   --->   Core 18 'FAddSub_fulldsp' <Latency = 9> <II = 1> <Delay = 3.35> <FuncUnit> <Opcode : 'fadd' 'fsub'> <InPorts = 2> <OutPorts = 1>

State 42 <SV = 41> <Delay = 3.35>
ST_42 : Operation 180 [3/10] (3.35ns)   --->   "%add9 = fadd i32 %X_R_3_load_2, i32 %temp_R" [benchmarks/jianyicheng/fft/src/fft.cpp:108]   --->   Operation 180 'fadd' 'add9' <Predicate = (!icmp_ln98)> <Delay = 3.35> <CoreInst = "FAddSub_fulldsp">   --->   Core 18 'FAddSub_fulldsp' <Latency = 9> <II = 1> <Delay = 3.35> <FuncUnit> <Opcode : 'fadd' 'fsub'> <InPorts = 2> <OutPorts = 1>
ST_42 : Operation 181 [3/10] (3.35ns)   --->   "%add2 = fadd i32 %X_I_3_load_2, i32 %temp_I" [benchmarks/jianyicheng/fft/src/fft.cpp:109]   --->   Operation 181 'fadd' 'add2' <Predicate = (!icmp_ln98)> <Delay = 3.35> <CoreInst = "FAddSub_fulldsp">   --->   Core 18 'FAddSub_fulldsp' <Latency = 9> <II = 1> <Delay = 3.35> <FuncUnit> <Opcode : 'fadd' 'fsub'> <InPorts = 2> <OutPorts = 1>

State 43 <SV = 42> <Delay = 3.35>
ST_43 : Operation 182 [2/10] (3.35ns)   --->   "%add9 = fadd i32 %X_R_3_load_2, i32 %temp_R" [benchmarks/jianyicheng/fft/src/fft.cpp:108]   --->   Operation 182 'fadd' 'add9' <Predicate = (!icmp_ln98)> <Delay = 3.35> <CoreInst = "FAddSub_fulldsp">   --->   Core 18 'FAddSub_fulldsp' <Latency = 9> <II = 1> <Delay = 3.35> <FuncUnit> <Opcode : 'fadd' 'fsub'> <InPorts = 2> <OutPorts = 1>
ST_43 : Operation 183 [2/10] (3.35ns)   --->   "%add2 = fadd i32 %X_I_3_load_2, i32 %temp_I" [benchmarks/jianyicheng/fft/src/fft.cpp:109]   --->   Operation 183 'fadd' 'add2' <Predicate = (!icmp_ln98)> <Delay = 3.35> <CoreInst = "FAddSub_fulldsp">   --->   Core 18 'FAddSub_fulldsp' <Latency = 9> <II = 1> <Delay = 3.35> <FuncUnit> <Opcode : 'fadd' 'fsub'> <InPorts = 2> <OutPorts = 1>

State 44 <SV = 43> <Delay = 3.35>
ST_44 : Operation 184 [1/10] (3.35ns)   --->   "%add9 = fadd i32 %X_R_3_load_2, i32 %temp_R" [benchmarks/jianyicheng/fft/src/fft.cpp:108]   --->   Operation 184 'fadd' 'add9' <Predicate = (!icmp_ln98)> <Delay = 3.35> <CoreInst = "FAddSub_fulldsp">   --->   Core 18 'FAddSub_fulldsp' <Latency = 9> <II = 1> <Delay = 3.35> <FuncUnit> <Opcode : 'fadd' 'fsub'> <InPorts = 2> <OutPorts = 1>
ST_44 : Operation 185 [1/10] (3.35ns)   --->   "%add2 = fadd i32 %X_I_3_load_2, i32 %temp_I" [benchmarks/jianyicheng/fft/src/fft.cpp:109]   --->   Operation 185 'fadd' 'add2' <Predicate = (!icmp_ln98)> <Delay = 3.35> <CoreInst = "FAddSub_fulldsp">   --->   Core 18 'FAddSub_fulldsp' <Latency = 9> <II = 1> <Delay = 3.35> <FuncUnit> <Opcode : 'fadd' 'fsub'> <InPorts = 2> <OutPorts = 1>

State 45 <SV = 44> <Delay = 3.25>
ST_45 : Operation 186 [1/1] (0.00ns)   --->   "%specpipeline_ln98 = specpipeline void @_ssdm_op_SpecPipeline, i32 4294967295, i32 0, i32 0, i32 0, void @empty_4" [benchmarks/jianyicheng/fft/src/fft.cpp:98]   --->   Operation 186 'specpipeline' 'specpipeline_ln98' <Predicate = true> <Delay = 0.00>
ST_45 : Operation 187 [1/1] (0.00ns)   --->   "%specloopname_ln98 = specloopname void @_ssdm_op_SpecLoopName, void @empty_6" [benchmarks/jianyicheng/fft/src/fft.cpp:98]   --->   Operation 187 'specloopname' 'specloopname_ln98' <Predicate = true> <Delay = 0.00>
ST_45 : Operation 188 [1/1] (3.25ns)   --->   "%store_ln108 = store i32 %add9, i10 %X_R_3_addr_1" [benchmarks/jianyicheng/fft/src/fft.cpp:108]   --->   Operation 188 'store' 'store_ln108' <Predicate = true> <Delay = 3.25> <CoreInst = "RAM">   --->   Core 82 'RAM' <Latency = 1> <II = 1> <Delay = 3.25> <Storage> <Opcode : 'load' 'store'> <Ports = 2> <Width = 32> <Depth = 1024> <RAM>
ST_45 : Operation 189 [1/1] (3.25ns)   --->   "%store_ln109 = store i32 %add2, i10 %X_I_3_addr_1" [benchmarks/jianyicheng/fft/src/fft.cpp:109]   --->   Operation 189 'store' 'store_ln109' <Predicate = true> <Delay = 3.25> <CoreInst = "RAM">   --->   Core 82 'RAM' <Latency = 1> <II = 1> <Delay = 3.25> <Storage> <Opcode : 'load' 'store'> <Ports = 2> <Width = 32> <Depth = 1024> <RAM>
ST_45 : Operation 190 [1/1] (0.00ns)   --->   "%br_ln98 = br void %for.inc366" [benchmarks/jianyicheng/fft/src/fft.cpp:98]   --->   Operation 190 'br' 'br_ln98' <Predicate = true> <Delay = 0.00>


============================================================
+ Verbose Summary: Timing violations
============================================================
Target clock period: 5.000ns, clock uncertainty: 1.350ns.

 <State 1>: 4.633ns
The critical path consists of the following:
	'store' operation 0 bit ('store_ln98', benchmarks/jianyicheng/fft/src/fft.cpp:98) of constant 0 on local variable 'j', benchmarks/jianyicheng/fft/src/fft.cpp:98 [13]  (1.588 ns)
	'load' operation 8 bit ('j', benchmarks/jianyicheng/fft/src/fft.cpp:99) on local variable 'j', benchmarks/jianyicheng/fft/src/fft.cpp:98 [16]  (0.000 ns)
	'shl' operation 9 bit ('shl_ln99', benchmarks/jianyicheng/fft/src/fft.cpp:99) [26]  (3.045 ns)

 <State 2>: 3.503ns
The critical path consists of the following:
	'add' operation 8 bit ('add_ln98', benchmarks/jianyicheng/fft/src/fft.cpp:98) [19]  (1.915 ns)
	'store' operation 0 bit ('store_ln98', benchmarks/jianyicheng/fft/src/fft.cpp:98) of variable 'add_ln98', benchmarks/jianyicheng/fft/src/fft.cpp:98 on local variable 'j', benchmarks/jianyicheng/fft/src/fft.cpp:98 [61]  (1.588 ns)

 <State 3>: 3.254ns
The critical path consists of the following:
	'load' operation 32 bit ('c', benchmarks/jianyicheng/fft/src/fft.cpp:99) on array 'cos_coefficients_table' [29]  (3.254 ns)

 <State 4>: 2.566ns
The critical path consists of the following:
	'fmul' operation 32 bit ('mul', benchmarks/jianyicheng/fft/src/fft.cpp:103) [37]  (2.566 ns)

 <State 5>: 2.566ns
The critical path consists of the following:
	'fmul' operation 32 bit ('mul', benchmarks/jianyicheng/fft/src/fft.cpp:103) [37]  (2.566 ns)

 <State 6>: 2.566ns
The critical path consists of the following:
	'fmul' operation 32 bit ('mul', benchmarks/jianyicheng/fft/src/fft.cpp:103) [37]  (2.566 ns)

 <State 7>: 2.566ns
The critical path consists of the following:
	'fmul' operation 32 bit ('mul', benchmarks/jianyicheng/fft/src/fft.cpp:103) [37]  (2.566 ns)

 <State 8>: 2.566ns
The critical path consists of the following:
	'fmul' operation 32 bit ('mul', benchmarks/jianyicheng/fft/src/fft.cpp:103) [37]  (2.566 ns)

 <State 9>: 2.566ns
The critical path consists of the following:
	'fmul' operation 32 bit ('mul', benchmarks/jianyicheng/fft/src/fft.cpp:103) [37]  (2.566 ns)

 <State 10>: 2.566ns
The critical path consists of the following:
	'fmul' operation 32 bit ('mul', benchmarks/jianyicheng/fft/src/fft.cpp:103) [37]  (2.566 ns)

 <State 11>: 2.566ns
The critical path consists of the following:
	'fmul' operation 32 bit ('mul', benchmarks/jianyicheng/fft/src/fft.cpp:103) [37]  (2.566 ns)

 <State 12>: 3.356ns
The critical path consists of the following:
	'fsub' operation 32 bit ('temp_R', benchmarks/jianyicheng/fft/src/fft.cpp:103) [41]  (3.356 ns)

 <State 13>: 3.356ns
The critical path consists of the following:
	'fsub' operation 32 bit ('temp_R', benchmarks/jianyicheng/fft/src/fft.cpp:103) [41]  (3.356 ns)

 <State 14>: 3.356ns
The critical path consists of the following:
	'fsub' operation 32 bit ('temp_R', benchmarks/jianyicheng/fft/src/fft.cpp:103) [41]  (3.356 ns)

 <State 15>: 3.356ns
The critical path consists of the following:
	'fsub' operation 32 bit ('temp_R', benchmarks/jianyicheng/fft/src/fft.cpp:103) [41]  (3.356 ns)

 <State 16>: 3.356ns
The critical path consists of the following:
	'fsub' operation 32 bit ('temp_R', benchmarks/jianyicheng/fft/src/fft.cpp:103) [41]  (3.356 ns)

 <State 17>: 3.356ns
The critical path consists of the following:
	'fsub' operation 32 bit ('temp_R', benchmarks/jianyicheng/fft/src/fft.cpp:103) [41]  (3.356 ns)

 <State 18>: 3.356ns
The critical path consists of the following:
	'fsub' operation 32 bit ('temp_R', benchmarks/jianyicheng/fft/src/fft.cpp:103) [41]  (3.356 ns)

 <State 19>: 3.356ns
The critical path consists of the following:
	'fsub' operation 32 bit ('temp_R', benchmarks/jianyicheng/fft/src/fft.cpp:103) [41]  (3.356 ns)

 <State 20>: 3.356ns
The critical path consists of the following:
	'fsub' operation 32 bit ('temp_R', benchmarks/jianyicheng/fft/src/fft.cpp:103) [41]  (3.356 ns)

 <State 21>: 3.356ns
The critical path consists of the following:
	'fsub' operation 32 bit ('temp_R', benchmarks/jianyicheng/fft/src/fft.cpp:103) [41]  (3.356 ns)

 <State 22>: 3.356ns
The critical path consists of the following:
	'fsub' operation 32 bit ('sub2', benchmarks/jianyicheng/fft/src/fft.cpp:106) [49]  (3.356 ns)

 <State 23>: 3.356ns
The critical path consists of the following:
	'fsub' operation 32 bit ('sub2', benchmarks/jianyicheng/fft/src/fft.cpp:106) [49]  (3.356 ns)

 <State 24>: 3.356ns
The critical path consists of the following:
	'fsub' operation 32 bit ('sub2', benchmarks/jianyicheng/fft/src/fft.cpp:106) [49]  (3.356 ns)

 <State 25>: 3.356ns
The critical path consists of the following:
	'fsub' operation 32 bit ('sub2', benchmarks/jianyicheng/fft/src/fft.cpp:106) [49]  (3.356 ns)

 <State 26>: 3.356ns
The critical path consists of the following:
	'fsub' operation 32 bit ('sub2', benchmarks/jianyicheng/fft/src/fft.cpp:106) [49]  (3.356 ns)

 <State 27>: 3.356ns
The critical path consists of the following:
	'fsub' operation 32 bit ('sub2', benchmarks/jianyicheng/fft/src/fft.cpp:106) [49]  (3.356 ns)

 <State 28>: 3.356ns
The critical path consists of the following:
	'fsub' operation 32 bit ('sub2', benchmarks/jianyicheng/fft/src/fft.cpp:106) [49]  (3.356 ns)

 <State 29>: 3.356ns
The critical path consists of the following:
	'fsub' operation 32 bit ('sub2', benchmarks/jianyicheng/fft/src/fft.cpp:106) [49]  (3.356 ns)

 <State 30>: 3.356ns
The critical path consists of the following:
	'fsub' operation 32 bit ('sub2', benchmarks/jianyicheng/fft/src/fft.cpp:106) [49]  (3.356 ns)

 <State 31>: 3.356ns
The critical path consists of the following:
	'fsub' operation 32 bit ('sub2', benchmarks/jianyicheng/fft/src/fft.cpp:106) [49]  (3.356 ns)

 <State 32>: 3.254ns
The critical path consists of the following:
	'store' operation 0 bit ('store_ln106', benchmarks/jianyicheng/fft/src/fft.cpp:106) of variable 'sub2', benchmarks/jianyicheng/fft/src/fft.cpp:106 on array 'X_R_3' [50]  (3.254 ns)

 <State 33>: 3.254ns
The critical path consists of the following:
	'load' operation 32 bit ('X_R_3_load_2', benchmarks/jianyicheng/fft/src/fft.cpp:108) on array 'X_R_3' [55]  (3.254 ns)

 <State 34>: 3.254ns
The critical path consists of the following:
	'load' operation 32 bit ('X_R_3_load_2', benchmarks/jianyicheng/fft/src/fft.cpp:108) on array 'X_R_3' [55]  (3.254 ns)

 <State 35>: 3.356ns
The critical path consists of the following:
	'fadd' operation 32 bit ('add9', benchmarks/jianyicheng/fft/src/fft.cpp:108) [56]  (3.356 ns)

 <State 36>: 3.356ns
The critical path consists of the following:
	'fadd' operation 32 bit ('add9', benchmarks/jianyicheng/fft/src/fft.cpp:108) [56]  (3.356 ns)

 <State 37>: 3.356ns
The critical path consists of the following:
	'fadd' operation 32 bit ('add9', benchmarks/jianyicheng/fft/src/fft.cpp:108) [56]  (3.356 ns)

 <State 38>: 3.356ns
The critical path consists of the following:
	'fadd' operation 32 bit ('add9', benchmarks/jianyicheng/fft/src/fft.cpp:108) [56]  (3.356 ns)

 <State 39>: 3.356ns
The critical path consists of the following:
	'fadd' operation 32 bit ('add9', benchmarks/jianyicheng/fft/src/fft.cpp:108) [56]  (3.356 ns)

 <State 40>: 3.356ns
The critical path consists of the following:
	'fadd' operation 32 bit ('add9', benchmarks/jianyicheng/fft/src/fft.cpp:108) [56]  (3.356 ns)

 <State 41>: 3.356ns
The critical path consists of the following:
	'fadd' operation 32 bit ('add9', benchmarks/jianyicheng/fft/src/fft.cpp:108) [56]  (3.356 ns)

 <State 42>: 3.356ns
The critical path consists of the following:
	'fadd' operation 32 bit ('add9', benchmarks/jianyicheng/fft/src/fft.cpp:108) [56]  (3.356 ns)

 <State 43>: 3.356ns
The critical path consists of the following:
	'fadd' operation 32 bit ('add9', benchmarks/jianyicheng/fft/src/fft.cpp:108) [56]  (3.356 ns)

 <State 44>: 3.356ns
The critical path consists of the following:
	'fadd' operation 32 bit ('add9', benchmarks/jianyicheng/fft/src/fft.cpp:108) [56]  (3.356 ns)

 <State 45>: 3.254ns
The critical path consists of the following:
	'store' operation 0 bit ('store_ln108', benchmarks/jianyicheng/fft/src/fft.cpp:108) of variable 'add9', benchmarks/jianyicheng/fft/src/fft.cpp:108 on array 'X_R_3' [57]  (3.254 ns)


============================================================
+ Verbose Summary: Binding
============================================================
N/A
* FSMD analyzer results:
  - Output states:
 - Input state : 
  - Chain level:
	State 1
	State 2
	State 3
	State 4
	State 5
	State 6
	State 7
	State 8
	State 9
	State 10
	State 11
	State 12
	State 13
	State 14
	State 15
	State 16
	State 17
	State 18
	State 19
	State 20
	State 21
	State 22
	State 23
	State 24
	State 25
	State 26
	State 27
	State 28
	State 29
	State 30
	State 31
	State 32
	State 33
	State 34
	State 35
	State 36
	State 37
	State 38
	State 39
	State 40
	State 41
	State 42
	State 43
	State 44
	State 45


============================================================
+ Verbose Summary: Datapath Resource usage 
============================================================
N/A
