

================================================================
== Vitis HLS Report for 'backprop_Pipeline_RELU_loop12'
================================================================
* Date:           Fri May 30 21:43:13 2025

* Version:        2023.2 (Build 4023990 on Oct 11 2023)
* Project:        BACKPROP
* Solution:       solution0 (Vivado IP Flow Target)
* Product family: virtexuplusHBM
* Target device:  xcu50-fsvh2104-2-e


================================================================
== Performance Estimates
================================================================
+ Timing: 
    * Summary: 
    +--------+---------+----------+------------+
    |  Clock |  Target | Estimated| Uncertainty|
    +--------+---------+----------+------------+
    |ap_clk  |  8.00 ns|  5.609 ns|     2.16 ns|
    +--------+---------+----------+------------+

+ Latency: 
    * Summary: 
    +---------+---------+----------+----------+-----+-----+---------+
    |  Latency (cycles) |  Latency (absolute) |  Interval | Pipeline|
    |   min   |   max   |    min   |    max   | min | max |   Type  |
    +---------+---------+----------+----------+-----+-----+---------+
    |       89|       89|  0.712 us|  0.712 us|   89|   89|       no|
    +---------+---------+----------+----------+-----+-----+---------+

    + Detail: 
        * Instance: 
        N/A

        * Loop: 
        +--------------+---------+---------+----------+-----------+-----------+------+----------+
        |              |  Latency (cycles) | Iteration|  Initiation Interval  | Trip |          |
        |   Loop Name  |   min   |   max   |  Latency |  achieved |   target  | Count| Pipelined|
        +--------------+---------+---------+----------+-----------+-----------+------+----------+
        |- RELU_loop1  |       87|       87|        29|         29|          1|     3|       yes|
        +--------------+---------+---------+----------+-----------+-----------+------+----------+

============================================================
+ Verbose Summary: Synthesis Manager
============================================================
InlineROM: 1
ExposeGlobal: 0
============================================================
+ Verbose Summary: CDFG Model
============================================================
IsTopModel: 0
ResetActiveHigh: 1
IsCombinational: 0
IsDatapathOnly: 0
HasWiredReturn: 1
HasMFsm: 2
HasVarLatency: 1
IsPipeline: 0
IsRtlPipelined: 0
IsInstanceOverlapped: 0
IsDontTouch: 0
HasImplIP: 0
IsGatedGlobalClock: 0

+ Individual pipeline summary: 
  * Pipeline-0: initiation interval (II) = 29, depth = 30


============================================================
+ Verbose Summary: Schedule
============================================================
* Number of FSM states : 30
* Pipeline : 1
  Pipeline-0 : II = 29, D = 30, States = { 1 2 3 4 5 6 7 8 9 10 11 12 13 14 15 16 17 18 19 20 21 22 23 24 25 26 27 28 29 30 }
* Dataflow Pipeline: 0

* FSM state transitions: 
1 --> 2 
2 --> 3 
3 --> 4 
4 --> 5 
5 --> 6 
6 --> 7 
7 --> 8 
8 --> 9 
9 --> 10 
10 --> 11 
11 --> 12 
12 --> 13 
13 --> 14 
14 --> 15 
15 --> 16 
16 --> 17 
17 --> 18 
18 --> 19 
19 --> 20 
20 --> 21 
21 --> 22 
22 --> 23 
23 --> 24 
24 --> 25 
25 --> 26 
26 --> 27 
27 --> 28 
28 --> 29 
29 --> 30 
30 --> 

* FSM state operations: 

State 1 <SV = 0> <Delay = 0.38>
ST_1 : Operation 32 [1/1] (0.00ns)   --->   "%i_17 = alloca i32 1" [data/benchmarks/backprop/backprop.c:34->data/benchmarks/backprop/backprop.c:372]   --->   Operation 32 'alloca' 'i_17' <Predicate = true> <Delay = 0.00>
ST_1 : Operation 33 [1/1] (0.00ns)   --->   "%dactivations3_0_1 = alloca i32 1"   --->   Operation 33 'alloca' 'dactivations3_0_1' <Predicate = true> <Delay = 0.00>
ST_1 : Operation 34 [1/1] (0.00ns)   --->   "%dactivations3_1_1 = alloca i32 1"   --->   Operation 34 'alloca' 'dactivations3_1_1' <Predicate = true> <Delay = 0.00>
ST_1 : Operation 35 [1/1] (0.00ns)   --->   "%dactivations3_2_1 = alloca i32 1"   --->   Operation 35 'alloca' 'dactivations3_2_1' <Predicate = true> <Delay = 0.00>
ST_1 : Operation 36 [1/1] (0.00ns)   --->   "%activations3_0_4 = alloca i32 1"   --->   Operation 36 'alloca' 'activations3_0_4' <Predicate = true> <Delay = 0.00>
ST_1 : Operation 37 [1/1] (0.00ns)   --->   "%activations3_1_4 = alloca i32 1"   --->   Operation 37 'alloca' 'activations3_1_4' <Predicate = true> <Delay = 0.00>
ST_1 : Operation 38 [1/1] (0.00ns)   --->   "%activations3_2_4 = alloca i32 1"   --->   Operation 38 'alloca' 'activations3_2_4' <Predicate = true> <Delay = 0.00>
ST_1 : Operation 39 [1/1] (0.00ns)   --->   "%dactivations3_0_01_read = read i64 @_ssdm_op_Read.ap_auto.double, i64 %dactivations3_0_01"   --->   Operation 39 'read' 'dactivations3_0_01_read' <Predicate = true> <Delay = 0.00>
ST_1 : Operation 40 [1/1] (0.00ns)   --->   "%dactivations3_1_02_read = read i64 @_ssdm_op_Read.ap_auto.double, i64 %dactivations3_1_02"   --->   Operation 40 'read' 'dactivations3_1_02_read' <Predicate = true> <Delay = 0.00>
ST_1 : Operation 41 [1/1] (0.00ns)   --->   "%dactivations3_2_03_read = read i64 @_ssdm_op_Read.ap_auto.double, i64 %dactivations3_2_03"   --->   Operation 41 'read' 'dactivations3_2_03_read' <Predicate = true> <Delay = 0.00>
ST_1 : Operation 42 [1/1] (0.00ns)   --->   "%activations3_0_read = read i64 @_ssdm_op_Read.ap_auto.double, i64 %activations3_0"   --->   Operation 42 'read' 'activations3_0_read' <Predicate = true> <Delay = 0.00>
ST_1 : Operation 43 [1/1] (0.00ns)   --->   "%activations3_1_read = read i64 @_ssdm_op_Read.ap_auto.double, i64 %activations3_1"   --->   Operation 43 'read' 'activations3_1_read' <Predicate = true> <Delay = 0.00>
ST_1 : Operation 44 [1/1] (0.00ns)   --->   "%activations3_2_read = read i64 @_ssdm_op_Read.ap_auto.double, i64 %activations3_2"   --->   Operation 44 'read' 'activations3_2_read' <Predicate = true> <Delay = 0.00>
ST_1 : Operation 45 [1/1] (0.38ns)   --->   "%store_ln0 = store i64 %activations3_2_read, i64 %activations3_2_4"   --->   Operation 45 'store' 'store_ln0' <Predicate = true> <Delay = 0.38>
ST_1 : Operation 46 [1/1] (0.38ns)   --->   "%store_ln0 = store i64 %activations3_1_read, i64 %activations3_1_4"   --->   Operation 46 'store' 'store_ln0' <Predicate = true> <Delay = 0.38>
ST_1 : Operation 47 [1/1] (0.38ns)   --->   "%store_ln0 = store i64 %activations3_0_read, i64 %activations3_0_4"   --->   Operation 47 'store' 'store_ln0' <Predicate = true> <Delay = 0.38>
ST_1 : Operation 48 [1/1] (0.38ns)   --->   "%store_ln0 = store i64 %dactivations3_2_03_read, i64 %dactivations3_2_1"   --->   Operation 48 'store' 'store_ln0' <Predicate = true> <Delay = 0.38>
ST_1 : Operation 49 [1/1] (0.38ns)   --->   "%store_ln0 = store i64 %dactivations3_1_02_read, i64 %dactivations3_1_1"   --->   Operation 49 'store' 'store_ln0' <Predicate = true> <Delay = 0.38>
ST_1 : Operation 50 [1/1] (0.38ns)   --->   "%store_ln0 = store i64 %dactivations3_0_01_read, i64 %dactivations3_0_1"   --->   Operation 50 'store' 'store_ln0' <Predicate = true> <Delay = 0.38>
ST_1 : Operation 51 [1/1] (0.38ns)   --->   "%store_ln34 = store i2 0, i2 %i_17" [data/benchmarks/backprop/backprop.c:34->data/benchmarks/backprop/backprop.c:372]   --->   Operation 51 'store' 'store_ln34' <Predicate = true> <Delay = 0.38>
ST_1 : Operation 52 [1/1] (0.00ns)   --->   "%br_ln0 = br void %for.inc.i30"   --->   Operation 52 'br' 'br_ln0' <Predicate = true> <Delay = 0.00>

State 2 <SV = 1> <Delay = 4.75>
ST_2 : Operation 53 [1/1] (0.00ns)   --->   "%i = load i2 %i_17" [data/benchmarks/backprop/backprop.c:36->data/benchmarks/backprop/backprop.c:372]   --->   Operation 53 'load' 'i' <Predicate = true> <Delay = 0.00>
ST_2 : Operation 54 [1/1] (0.43ns)   --->   "%icmp_ln36 = icmp_eq  i2 %i, i2 3" [data/benchmarks/backprop/backprop.c:36->data/benchmarks/backprop/backprop.c:372]   --->   Operation 54 'icmp' 'icmp_ln36' <Predicate = true> <Delay = 0.43> <CoreInst = "Cmp">   --->   Core 9 'Cmp' <Latency = 0> <II = 1> <Delay = 0.43> <FuncUnit> <Opcode : 'icmp'> <InPorts = 2> <OutPorts = 1>
ST_2 : Operation 55 [1/1] (0.00ns)   --->   "%speclooptripcount_ln0 = speclooptripcount void @_ssdm_op_SpecLoopTripCount, i64 3, i64 3, i64 3"   --->   Operation 55 'speclooptripcount' 'speclooptripcount_ln0' <Predicate = true> <Delay = 0.00>
ST_2 : Operation 56 [1/1] (0.43ns)   --->   "%add_ln36 = add i2 %i, i2 1" [data/benchmarks/backprop/backprop.c:36->data/benchmarks/backprop/backprop.c:372]   --->   Operation 56 'add' 'add_ln36' <Predicate = true> <Delay = 0.43> <CoreInst = "Adder">   --->   Core 1 'Adder' <Latency = 0> <II = 1> <Delay = 0.43> <FuncUnit> <Opcode : 'add' 'sub'> <InPorts = 2> <OutPorts = 1>
ST_2 : Operation 57 [1/1] (0.00ns)   --->   "%br_ln36 = br i1 %icmp_ln36, void %for.inc.i30.split, void %for.inc.i35.preheader.exitStub" [data/benchmarks/backprop/backprop.c:36->data/benchmarks/backprop/backprop.c:372]   --->   Operation 57 'br' 'br_ln36' <Predicate = true> <Delay = 0.00>
ST_2 : Operation 58 [1/1] (0.00ns)   --->   "%activations3_0_4_load_1 = load i64 %activations3_0_4" [data/benchmarks/backprop/backprop.c:38->data/benchmarks/backprop/backprop.c:372]   --->   Operation 58 'load' 'activations3_0_4_load_1' <Predicate = (!icmp_ln36)> <Delay = 0.00>
ST_2 : Operation 59 [1/1] (0.00ns)   --->   "%activations3_1_4_load_1 = load i64 %activations3_1_4" [data/benchmarks/backprop/backprop.c:38->data/benchmarks/backprop/backprop.c:372]   --->   Operation 59 'load' 'activations3_1_4_load_1' <Predicate = (!icmp_ln36)> <Delay = 0.00>
ST_2 : Operation 60 [1/1] (0.00ns)   --->   "%activations3_2_4_load_1 = load i64 %activations3_2_4" [data/benchmarks/backprop/backprop.c:38->data/benchmarks/backprop/backprop.c:372]   --->   Operation 60 'load' 'activations3_2_4_load_1' <Predicate = (!icmp_ln36)> <Delay = 0.00>
ST_2 : Operation 61 [1/1] (0.41ns)   --->   "%tmp_5 = mux i64 @_ssdm_op_Mux.ap_auto.3double.i2, i64 %activations3_0_4_load_1, i64 %activations3_1_4_load_1, i64 %activations3_2_4_load_1, i2 %i" [data/benchmarks/backprop/backprop.c:38->data/benchmarks/backprop/backprop.c:372]   --->   Operation 61 'mux' 'tmp_5' <Predicate = (!icmp_ln36)> <Delay = 0.41> <CoreInst = "Multiplexer">   --->   Core 76 'Multiplexer' <Latency = 0> <II = 1> <Delay = 0.41> <FuncUnit> <Opcode : 'mux'> <InPorts = 2> <OutPorts = 1>
ST_2 : Operation 62 [4/4] (4.33ns)   --->   "%sub_i2 = dsub i64 1, i64 %tmp_5" [data/benchmarks/backprop/backprop.c:38->data/benchmarks/backprop/backprop.c:372]   --->   Operation 62 'dsub' 'sub_i2' <Predicate = (!icmp_ln36)> <Delay = 4.33> <CoreInst = "DAddSub_fulldsp">   --->   Core 37 'DAddSub_fulldsp' <Latency = 3> <II = 1> <Delay = 4.33> <FuncUnit> <Opcode : 'dadd' 'dsub'> <InPorts = 2> <OutPorts = 1>
ST_2 : Operation 63 [1/1] (0.00ns)   --->   "%bitcast_ln39 = bitcast i64 %tmp_5" [data/benchmarks/backprop/backprop.c:39->data/benchmarks/backprop/backprop.c:372]   --->   Operation 63 'bitcast' 'bitcast_ln39' <Predicate = (!icmp_ln36)> <Delay = 0.00>
ST_2 : Operation 64 [1/1] (0.28ns)   --->   "%xor_ln39 = xor i64 %bitcast_ln39, i64 9223372036854775808" [data/benchmarks/backprop/backprop.c:39->data/benchmarks/backprop/backprop.c:372]   --->   Operation 64 'xor' 'xor_ln39' <Predicate = (!icmp_ln36)> <Delay = 0.28> <CoreInst = "LogicGate">   --->   Core 74 'LogicGate' <Latency = 0> <II = 1> <Delay = 0.28> <FuncUnit> <Opcode : 'and' 'or' 'xor'> <InPorts = 2> <OutPorts = 1>
ST_2 : Operation 115 [1/1] (0.00ns)   --->   "%dactivations3_0_1_load = load i64 %dactivations3_0_1"   --->   Operation 115 'load' 'dactivations3_0_1_load' <Predicate = (icmp_ln36)> <Delay = 0.00>
ST_2 : Operation 116 [1/1] (0.00ns)   --->   "%dactivations3_1_1_load = load i64 %dactivations3_1_1"   --->   Operation 116 'load' 'dactivations3_1_1_load' <Predicate = (icmp_ln36)> <Delay = 0.00>
ST_2 : Operation 117 [1/1] (0.00ns)   --->   "%dactivations3_2_1_load = load i64 %dactivations3_2_1"   --->   Operation 117 'load' 'dactivations3_2_1_load' <Predicate = (icmp_ln36)> <Delay = 0.00>
ST_2 : Operation 118 [1/1] (0.00ns)   --->   "%activations3_0_4_load = load i64 %activations3_0_4"   --->   Operation 118 'load' 'activations3_0_4_load' <Predicate = (icmp_ln36)> <Delay = 0.00>
ST_2 : Operation 119 [1/1] (0.00ns)   --->   "%activations3_1_4_load = load i64 %activations3_1_4"   --->   Operation 119 'load' 'activations3_1_4_load' <Predicate = (icmp_ln36)> <Delay = 0.00>
ST_2 : Operation 120 [1/1] (0.00ns)   --->   "%activations3_2_4_load = load i64 %activations3_2_4"   --->   Operation 120 'load' 'activations3_2_4_load' <Predicate = (icmp_ln36)> <Delay = 0.00>
ST_2 : Operation 121 [1/1] (0.00ns)   --->   "%write_ln0 = write void @_ssdm_op_Write.ap_auto.doubleP0A, i64 %activations3_2_4_out, i64 %activations3_2_4_load"   --->   Operation 121 'write' 'write_ln0' <Predicate = (icmp_ln36)> <Delay = 0.00>
ST_2 : Operation 122 [1/1] (0.00ns)   --->   "%write_ln0 = write void @_ssdm_op_Write.ap_auto.doubleP0A, i64 %activations3_1_4_out, i64 %activations3_1_4_load"   --->   Operation 122 'write' 'write_ln0' <Predicate = (icmp_ln36)> <Delay = 0.00>
ST_2 : Operation 123 [1/1] (0.00ns)   --->   "%write_ln0 = write void @_ssdm_op_Write.ap_auto.doubleP0A, i64 %activations3_0_4_out, i64 %activations3_0_4_load"   --->   Operation 123 'write' 'write_ln0' <Predicate = (icmp_ln36)> <Delay = 0.00>
ST_2 : Operation 124 [1/1] (0.00ns)   --->   "%write_ln0 = write void @_ssdm_op_Write.ap_auto.doubleP0A, i64 %dactivations3_2_1_out, i64 %dactivations3_2_1_load"   --->   Operation 124 'write' 'write_ln0' <Predicate = (icmp_ln36)> <Delay = 0.00>
ST_2 : Operation 125 [1/1] (0.00ns)   --->   "%write_ln0 = write void @_ssdm_op_Write.ap_auto.doubleP0A, i64 %dactivations3_1_1_out, i64 %dactivations3_1_1_load"   --->   Operation 125 'write' 'write_ln0' <Predicate = (icmp_ln36)> <Delay = 0.00>
ST_2 : Operation 126 [1/1] (0.00ns)   --->   "%write_ln0 = write void @_ssdm_op_Write.ap_auto.doubleP0A, i64 %dactivations3_0_1_out, i64 %dactivations3_0_1_load"   --->   Operation 126 'write' 'write_ln0' <Predicate = (icmp_ln36)> <Delay = 0.00>
ST_2 : Operation 127 [1/1] (0.00ns)   --->   "%ret_ln0 = ret"   --->   Operation 127 'ret' 'ret_ln0' <Predicate = (icmp_ln36)> <Delay = 0.00>

State 3 <SV = 2> <Delay = 5.24>
ST_3 : Operation 65 [3/4] (4.33ns)   --->   "%sub_i2 = dsub i64 1, i64 %tmp_5" [data/benchmarks/backprop/backprop.c:38->data/benchmarks/backprop/backprop.c:372]   --->   Operation 65 'dsub' 'sub_i2' <Predicate = true> <Delay = 4.33> <CoreInst = "DAddSub_fulldsp">   --->   Core 37 'DAddSub_fulldsp' <Latency = 3> <II = 1> <Delay = 4.33> <FuncUnit> <Opcode : 'dadd' 'dsub'> <InPorts = 2> <OutPorts = 1>
ST_3 : Operation 66 [1/1] (0.00ns)   --->   "%bitcast_ln39_1 = bitcast i64 %xor_ln39" [data/benchmarks/backprop/backprop.c:39->data/benchmarks/backprop/backprop.c:372]   --->   Operation 66 'bitcast' 'bitcast_ln39_1' <Predicate = true> <Delay = 0.00>
ST_3 : Operation 67 [10/10] (5.24ns)   --->   "%tmp_2 = dexp i64 @llvm.exp.f64, i64 %bitcast_ln39_1" [data/benchmarks/backprop/backprop.c:39->data/benchmarks/backprop/backprop.c:372]   --->   Operation 67 'dexp' 'tmp_2' <Predicate = true> <Delay = 5.24> <CoreInst = "DExp_fulldsp">   --->   Core 42 'DExp_fulldsp' <Latency = 9> <II = 1> <Delay = 5.24> <FuncUnit> <Opcode : 'dexp'> <InPorts = 1> <OutPorts = 1>

State 4 <SV = 3> <Delay = 5.24>
ST_4 : Operation 68 [2/4] (4.33ns)   --->   "%sub_i2 = dsub i64 1, i64 %tmp_5" [data/benchmarks/backprop/backprop.c:38->data/benchmarks/backprop/backprop.c:372]   --->   Operation 68 'dsub' 'sub_i2' <Predicate = true> <Delay = 4.33> <CoreInst = "DAddSub_fulldsp">   --->   Core 37 'DAddSub_fulldsp' <Latency = 3> <II = 1> <Delay = 4.33> <FuncUnit> <Opcode : 'dadd' 'dsub'> <InPorts = 2> <OutPorts = 1>
ST_4 : Operation 69 [9/10] (5.24ns)   --->   "%tmp_2 = dexp i64 @llvm.exp.f64, i64 %bitcast_ln39_1" [data/benchmarks/backprop/backprop.c:39->data/benchmarks/backprop/backprop.c:372]   --->   Operation 69 'dexp' 'tmp_2' <Predicate = true> <Delay = 5.24> <CoreInst = "DExp_fulldsp">   --->   Core 42 'DExp_fulldsp' <Latency = 9> <II = 1> <Delay = 5.24> <FuncUnit> <Opcode : 'dexp'> <InPorts = 1> <OutPorts = 1>

State 5 <SV = 4> <Delay = 5.24>
ST_5 : Operation 70 [1/4] (4.33ns)   --->   "%sub_i2 = dsub i64 1, i64 %tmp_5" [data/benchmarks/backprop/backprop.c:38->data/benchmarks/backprop/backprop.c:372]   --->   Operation 70 'dsub' 'sub_i2' <Predicate = true> <Delay = 4.33> <CoreInst = "DAddSub_fulldsp">   --->   Core 37 'DAddSub_fulldsp' <Latency = 3> <II = 1> <Delay = 4.33> <FuncUnit> <Opcode : 'dadd' 'dsub'> <InPorts = 2> <OutPorts = 1>
ST_5 : Operation 71 [8/10] (5.24ns)   --->   "%tmp_2 = dexp i64 @llvm.exp.f64, i64 %bitcast_ln39_1" [data/benchmarks/backprop/backprop.c:39->data/benchmarks/backprop/backprop.c:372]   --->   Operation 71 'dexp' 'tmp_2' <Predicate = true> <Delay = 5.24> <CoreInst = "DExp_fulldsp">   --->   Core 42 'DExp_fulldsp' <Latency = 9> <II = 1> <Delay = 5.24> <FuncUnit> <Opcode : 'dexp'> <InPorts = 1> <OutPorts = 1>

State 6 <SV = 5> <Delay = 5.24>
ST_6 : Operation 72 [4/4] (4.50ns)   --->   "%dactivations3_1 = dmul i64 %tmp_5, i64 %sub_i2" [data/benchmarks/backprop/backprop.c:38->data/benchmarks/backprop/backprop.c:372]   --->   Operation 72 'dmul' 'dactivations3_1' <Predicate = true> <Delay = 4.50> <CoreInst = "DMul_maxdsp">   --->   Core 49 'DMul_maxdsp' <Latency = 3> <II = 1> <Delay = 4.50> <FuncUnit> <Opcode : 'dmul'> <InPorts = 2> <OutPorts = 1>
ST_6 : Operation 73 [7/10] (5.24ns)   --->   "%tmp_2 = dexp i64 @llvm.exp.f64, i64 %bitcast_ln39_1" [data/benchmarks/backprop/backprop.c:39->data/benchmarks/backprop/backprop.c:372]   --->   Operation 73 'dexp' 'tmp_2' <Predicate = true> <Delay = 5.24> <CoreInst = "DExp_fulldsp">   --->   Core 42 'DExp_fulldsp' <Latency = 9> <II = 1> <Delay = 5.24> <FuncUnit> <Opcode : 'dexp'> <InPorts = 1> <OutPorts = 1>

State 7 <SV = 6> <Delay = 5.24>
ST_7 : Operation 74 [3/4] (4.50ns)   --->   "%dactivations3_1 = dmul i64 %tmp_5, i64 %sub_i2" [data/benchmarks/backprop/backprop.c:38->data/benchmarks/backprop/backprop.c:372]   --->   Operation 74 'dmul' 'dactivations3_1' <Predicate = true> <Delay = 4.50> <CoreInst = "DMul_maxdsp">   --->   Core 49 'DMul_maxdsp' <Latency = 3> <II = 1> <Delay = 4.50> <FuncUnit> <Opcode : 'dmul'> <InPorts = 2> <OutPorts = 1>
ST_7 : Operation 75 [6/10] (5.24ns)   --->   "%tmp_2 = dexp i64 @llvm.exp.f64, i64 %bitcast_ln39_1" [data/benchmarks/backprop/backprop.c:39->data/benchmarks/backprop/backprop.c:372]   --->   Operation 75 'dexp' 'tmp_2' <Predicate = true> <Delay = 5.24> <CoreInst = "DExp_fulldsp">   --->   Core 42 'DExp_fulldsp' <Latency = 9> <II = 1> <Delay = 5.24> <FuncUnit> <Opcode : 'dexp'> <InPorts = 1> <OutPorts = 1>

State 8 <SV = 7> <Delay = 5.24>
ST_8 : Operation 76 [2/4] (4.50ns)   --->   "%dactivations3_1 = dmul i64 %tmp_5, i64 %sub_i2" [data/benchmarks/backprop/backprop.c:38->data/benchmarks/backprop/backprop.c:372]   --->   Operation 76 'dmul' 'dactivations3_1' <Predicate = true> <Delay = 4.50> <CoreInst = "DMul_maxdsp">   --->   Core 49 'DMul_maxdsp' <Latency = 3> <II = 1> <Delay = 4.50> <FuncUnit> <Opcode : 'dmul'> <InPorts = 2> <OutPorts = 1>
ST_8 : Operation 77 [5/10] (5.24ns)   --->   "%tmp_2 = dexp i64 @llvm.exp.f64, i64 %bitcast_ln39_1" [data/benchmarks/backprop/backprop.c:39->data/benchmarks/backprop/backprop.c:372]   --->   Operation 77 'dexp' 'tmp_2' <Predicate = true> <Delay = 5.24> <CoreInst = "DExp_fulldsp">   --->   Core 42 'DExp_fulldsp' <Latency = 9> <II = 1> <Delay = 5.24> <FuncUnit> <Opcode : 'dexp'> <InPorts = 1> <OutPorts = 1>

State 9 <SV = 8> <Delay = 5.24>
ST_9 : Operation 78 [1/4] (4.50ns)   --->   "%dactivations3_1 = dmul i64 %tmp_5, i64 %sub_i2" [data/benchmarks/backprop/backprop.c:38->data/benchmarks/backprop/backprop.c:372]   --->   Operation 78 'dmul' 'dactivations3_1' <Predicate = true> <Delay = 4.50> <CoreInst = "DMul_maxdsp">   --->   Core 49 'DMul_maxdsp' <Latency = 3> <II = 1> <Delay = 4.50> <FuncUnit> <Opcode : 'dmul'> <InPorts = 2> <OutPorts = 1>
ST_9 : Operation 79 [4/10] (5.24ns)   --->   "%tmp_2 = dexp i64 @llvm.exp.f64, i64 %bitcast_ln39_1" [data/benchmarks/backprop/backprop.c:39->data/benchmarks/backprop/backprop.c:372]   --->   Operation 79 'dexp' 'tmp_2' <Predicate = true> <Delay = 5.24> <CoreInst = "DExp_fulldsp">   --->   Core 42 'DExp_fulldsp' <Latency = 9> <II = 1> <Delay = 5.24> <FuncUnit> <Opcode : 'dexp'> <InPorts = 1> <OutPorts = 1>

State 10 <SV = 9> <Delay = 5.24>
ST_10 : Operation 80 [3/10] (5.24ns)   --->   "%tmp_2 = dexp i64 @llvm.exp.f64, i64 %bitcast_ln39_1" [data/benchmarks/backprop/backprop.c:39->data/benchmarks/backprop/backprop.c:372]   --->   Operation 80 'dexp' 'tmp_2' <Predicate = true> <Delay = 5.24> <CoreInst = "DExp_fulldsp">   --->   Core 42 'DExp_fulldsp' <Latency = 9> <II = 1> <Delay = 5.24> <FuncUnit> <Opcode : 'dexp'> <InPorts = 1> <OutPorts = 1>

State 11 <SV = 10> <Delay = 5.24>
ST_11 : Operation 81 [2/10] (5.24ns)   --->   "%tmp_2 = dexp i64 @llvm.exp.f64, i64 %bitcast_ln39_1" [data/benchmarks/backprop/backprop.c:39->data/benchmarks/backprop/backprop.c:372]   --->   Operation 81 'dexp' 'tmp_2' <Predicate = true> <Delay = 5.24> <CoreInst = "DExp_fulldsp">   --->   Core 42 'DExp_fulldsp' <Latency = 9> <II = 1> <Delay = 5.24> <FuncUnit> <Opcode : 'dexp'> <InPorts = 1> <OutPorts = 1>

State 12 <SV = 11> <Delay = 5.24>
ST_12 : Operation 82 [1/10] (5.24ns)   --->   "%tmp_2 = dexp i64 @llvm.exp.f64, i64 %bitcast_ln39_1" [data/benchmarks/backprop/backprop.c:39->data/benchmarks/backprop/backprop.c:372]   --->   Operation 82 'dexp' 'tmp_2' <Predicate = true> <Delay = 5.24> <CoreInst = "DExp_fulldsp">   --->   Core 42 'DExp_fulldsp' <Latency = 9> <II = 1> <Delay = 5.24> <FuncUnit> <Opcode : 'dexp'> <InPorts = 1> <OutPorts = 1>

State 13 <SV = 12> <Delay = 4.33>
ST_13 : Operation 83 [4/4] (4.33ns)   --->   "%add_i2 = dadd i64 %tmp_2, i64 1" [data/benchmarks/backprop/backprop.c:39->data/benchmarks/backprop/backprop.c:372]   --->   Operation 83 'dadd' 'add_i2' <Predicate = true> <Delay = 4.33> <CoreInst = "DAddSub_fulldsp">   --->   Core 37 'DAddSub_fulldsp' <Latency = 3> <II = 1> <Delay = 4.33> <FuncUnit> <Opcode : 'dadd' 'dsub'> <InPorts = 2> <OutPorts = 1>

State 14 <SV = 13> <Delay = 4.33>
ST_14 : Operation 84 [3/4] (4.33ns)   --->   "%add_i2 = dadd i64 %tmp_2, i64 1" [data/benchmarks/backprop/backprop.c:39->data/benchmarks/backprop/backprop.c:372]   --->   Operation 84 'dadd' 'add_i2' <Predicate = true> <Delay = 4.33> <CoreInst = "DAddSub_fulldsp">   --->   Core 37 'DAddSub_fulldsp' <Latency = 3> <II = 1> <Delay = 4.33> <FuncUnit> <Opcode : 'dadd' 'dsub'> <InPorts = 2> <OutPorts = 1>

State 15 <SV = 14> <Delay = 4.33>
ST_15 : Operation 85 [2/4] (4.33ns)   --->   "%add_i2 = dadd i64 %tmp_2, i64 1" [data/benchmarks/backprop/backprop.c:39->data/benchmarks/backprop/backprop.c:372]   --->   Operation 85 'dadd' 'add_i2' <Predicate = true> <Delay = 4.33> <CoreInst = "DAddSub_fulldsp">   --->   Core 37 'DAddSub_fulldsp' <Latency = 3> <II = 1> <Delay = 4.33> <FuncUnit> <Opcode : 'dadd' 'dsub'> <InPorts = 2> <OutPorts = 1>

State 16 <SV = 15> <Delay = 4.33>
ST_16 : Operation 86 [1/4] (4.33ns)   --->   "%add_i2 = dadd i64 %tmp_2, i64 1" [data/benchmarks/backprop/backprop.c:39->data/benchmarks/backprop/backprop.c:372]   --->   Operation 86 'dadd' 'add_i2' <Predicate = true> <Delay = 4.33> <CoreInst = "DAddSub_fulldsp">   --->   Core 37 'DAddSub_fulldsp' <Latency = 3> <II = 1> <Delay = 4.33> <FuncUnit> <Opcode : 'dadd' 'dsub'> <InPorts = 2> <OutPorts = 1>

State 17 <SV = 16> <Delay = 5.22>
ST_17 : Operation 87 [14/14] (5.22ns)   --->   "%activations3_1_2 = ddiv i64 1, i64 %add_i2" [data/benchmarks/backprop/backprop.c:39->data/benchmarks/backprop/backprop.c:372]   --->   Operation 87 'ddiv' 'activations3_1_2' <Predicate = true> <Delay = 5.22> <CoreInst = "DDiv">   --->   Core 39 'DDiv' <Latency = 13> <II = 1> <Delay = 5.22> <FuncUnit> <Opcode : 'ddiv' 'drem'> <InPorts = 2> <OutPorts = 1>

State 18 <SV = 17> <Delay = 5.22>
ST_18 : Operation 88 [13/14] (5.22ns)   --->   "%activations3_1_2 = ddiv i64 1, i64 %add_i2" [data/benchmarks/backprop/backprop.c:39->data/benchmarks/backprop/backprop.c:372]   --->   Operation 88 'ddiv' 'activations3_1_2' <Predicate = true> <Delay = 5.22> <CoreInst = "DDiv">   --->   Core 39 'DDiv' <Latency = 13> <II = 1> <Delay = 5.22> <FuncUnit> <Opcode : 'ddiv' 'drem'> <InPorts = 2> <OutPorts = 1>

State 19 <SV = 18> <Delay = 5.22>
ST_19 : Operation 89 [12/14] (5.22ns)   --->   "%activations3_1_2 = ddiv i64 1, i64 %add_i2" [data/benchmarks/backprop/backprop.c:39->data/benchmarks/backprop/backprop.c:372]   --->   Operation 89 'ddiv' 'activations3_1_2' <Predicate = true> <Delay = 5.22> <CoreInst = "DDiv">   --->   Core 39 'DDiv' <Latency = 13> <II = 1> <Delay = 5.22> <FuncUnit> <Opcode : 'ddiv' 'drem'> <InPorts = 2> <OutPorts = 1>

State 20 <SV = 19> <Delay = 5.22>
ST_20 : Operation 90 [11/14] (5.22ns)   --->   "%activations3_1_2 = ddiv i64 1, i64 %add_i2" [data/benchmarks/backprop/backprop.c:39->data/benchmarks/backprop/backprop.c:372]   --->   Operation 90 'ddiv' 'activations3_1_2' <Predicate = true> <Delay = 5.22> <CoreInst = "DDiv">   --->   Core 39 'DDiv' <Latency = 13> <II = 1> <Delay = 5.22> <FuncUnit> <Opcode : 'ddiv' 'drem'> <InPorts = 2> <OutPorts = 1>

State 21 <SV = 20> <Delay = 5.22>
ST_21 : Operation 91 [10/14] (5.22ns)   --->   "%activations3_1_2 = ddiv i64 1, i64 %add_i2" [data/benchmarks/backprop/backprop.c:39->data/benchmarks/backprop/backprop.c:372]   --->   Operation 91 'ddiv' 'activations3_1_2' <Predicate = true> <Delay = 5.22> <CoreInst = "DDiv">   --->   Core 39 'DDiv' <Latency = 13> <II = 1> <Delay = 5.22> <FuncUnit> <Opcode : 'ddiv' 'drem'> <InPorts = 2> <OutPorts = 1>

State 22 <SV = 21> <Delay = 5.22>
ST_22 : Operation 92 [9/14] (5.22ns)   --->   "%activations3_1_2 = ddiv i64 1, i64 %add_i2" [data/benchmarks/backprop/backprop.c:39->data/benchmarks/backprop/backprop.c:372]   --->   Operation 92 'ddiv' 'activations3_1_2' <Predicate = true> <Delay = 5.22> <CoreInst = "DDiv">   --->   Core 39 'DDiv' <Latency = 13> <II = 1> <Delay = 5.22> <FuncUnit> <Opcode : 'ddiv' 'drem'> <InPorts = 2> <OutPorts = 1>

State 23 <SV = 22> <Delay = 5.22>
ST_23 : Operation 93 [8/14] (5.22ns)   --->   "%activations3_1_2 = ddiv i64 1, i64 %add_i2" [data/benchmarks/backprop/backprop.c:39->data/benchmarks/backprop/backprop.c:372]   --->   Operation 93 'ddiv' 'activations3_1_2' <Predicate = true> <Delay = 5.22> <CoreInst = "DDiv">   --->   Core 39 'DDiv' <Latency = 13> <II = 1> <Delay = 5.22> <FuncUnit> <Opcode : 'ddiv' 'drem'> <InPorts = 2> <OutPorts = 1>

State 24 <SV = 23> <Delay = 5.22>
ST_24 : Operation 94 [7/14] (5.22ns)   --->   "%activations3_1_2 = ddiv i64 1, i64 %add_i2" [data/benchmarks/backprop/backprop.c:39->data/benchmarks/backprop/backprop.c:372]   --->   Operation 94 'ddiv' 'activations3_1_2' <Predicate = true> <Delay = 5.22> <CoreInst = "DDiv">   --->   Core 39 'DDiv' <Latency = 13> <II = 1> <Delay = 5.22> <FuncUnit> <Opcode : 'ddiv' 'drem'> <InPorts = 2> <OutPorts = 1>

State 25 <SV = 24> <Delay = 5.22>
ST_25 : Operation 95 [6/14] (5.22ns)   --->   "%activations3_1_2 = ddiv i64 1, i64 %add_i2" [data/benchmarks/backprop/backprop.c:39->data/benchmarks/backprop/backprop.c:372]   --->   Operation 95 'ddiv' 'activations3_1_2' <Predicate = true> <Delay = 5.22> <CoreInst = "DDiv">   --->   Core 39 'DDiv' <Latency = 13> <II = 1> <Delay = 5.22> <FuncUnit> <Opcode : 'ddiv' 'drem'> <InPorts = 2> <OutPorts = 1>

State 26 <SV = 25> <Delay = 5.22>
ST_26 : Operation 96 [5/14] (5.22ns)   --->   "%activations3_1_2 = ddiv i64 1, i64 %add_i2" [data/benchmarks/backprop/backprop.c:39->data/benchmarks/backprop/backprop.c:372]   --->   Operation 96 'ddiv' 'activations3_1_2' <Predicate = true> <Delay = 5.22> <CoreInst = "DDiv">   --->   Core 39 'DDiv' <Latency = 13> <II = 1> <Delay = 5.22> <FuncUnit> <Opcode : 'ddiv' 'drem'> <InPorts = 2> <OutPorts = 1>

State 27 <SV = 26> <Delay = 5.22>
ST_27 : Operation 97 [4/14] (5.22ns)   --->   "%activations3_1_2 = ddiv i64 1, i64 %add_i2" [data/benchmarks/backprop/backprop.c:39->data/benchmarks/backprop/backprop.c:372]   --->   Operation 97 'ddiv' 'activations3_1_2' <Predicate = true> <Delay = 5.22> <CoreInst = "DDiv">   --->   Core 39 'DDiv' <Latency = 13> <II = 1> <Delay = 5.22> <FuncUnit> <Opcode : 'ddiv' 'drem'> <InPorts = 2> <OutPorts = 1>

State 28 <SV = 27> <Delay = 5.22>
ST_28 : Operation 98 [3/14] (5.22ns)   --->   "%activations3_1_2 = ddiv i64 1, i64 %add_i2" [data/benchmarks/backprop/backprop.c:39->data/benchmarks/backprop/backprop.c:372]   --->   Operation 98 'ddiv' 'activations3_1_2' <Predicate = true> <Delay = 5.22> <CoreInst = "DDiv">   --->   Core 39 'DDiv' <Latency = 13> <II = 1> <Delay = 5.22> <FuncUnit> <Opcode : 'ddiv' 'drem'> <InPorts = 2> <OutPorts = 1>

State 29 <SV = 28> <Delay = 5.22>
ST_29 : Operation 99 [2/14] (5.22ns)   --->   "%activations3_1_2 = ddiv i64 1, i64 %add_i2" [data/benchmarks/backprop/backprop.c:39->data/benchmarks/backprop/backprop.c:372]   --->   Operation 99 'ddiv' 'activations3_1_2' <Predicate = true> <Delay = 5.22> <CoreInst = "DDiv">   --->   Core 39 'DDiv' <Latency = 13> <II = 1> <Delay = 5.22> <FuncUnit> <Opcode : 'ddiv' 'drem'> <InPorts = 2> <OutPorts = 1>

State 30 <SV = 29> <Delay = 5.60>
ST_30 : Operation 100 [1/1] (0.00ns)   --->   "%specpipeline_ln34 = specpipeline void @_ssdm_op_SpecPipeline, i32 4294967295, i32 0, i32 0, i32 0, void @empty_42" [data/benchmarks/backprop/backprop.c:34->data/benchmarks/backprop/backprop.c:372]   --->   Operation 100 'specpipeline' 'specpipeline_ln34' <Predicate = true> <Delay = 0.00>
ST_30 : Operation 101 [1/1] (0.00ns)   --->   "%specloopname_ln36 = specloopname void @_ssdm_op_SpecLoopName, void @empty_1" [data/benchmarks/backprop/backprop.c:36->data/benchmarks/backprop/backprop.c:372]   --->   Operation 101 'specloopname' 'specloopname_ln36' <Predicate = true> <Delay = 0.00>
ST_30 : Operation 102 [1/14] (5.22ns)   --->   "%activations3_1_2 = ddiv i64 1, i64 %add_i2" [data/benchmarks/backprop/backprop.c:39->data/benchmarks/backprop/backprop.c:372]   --->   Operation 102 'ddiv' 'activations3_1_2' <Predicate = true> <Delay = 5.22> <CoreInst = "DDiv">   --->   Core 39 'DDiv' <Latency = 13> <II = 1> <Delay = 5.22> <FuncUnit> <Opcode : 'ddiv' 'drem'> <InPorts = 2> <OutPorts = 1>
ST_30 : Operation 103 [1/1] (0.66ns)   --->   "%switch_ln38 = switch i2 %i, void %branch8, i2 0, void %for.inc.i30.split.for.inc.i30.split9_crit_edge, i2 1, void %for.inc.i30.split.for.inc.i30.split9_crit_edge8" [data/benchmarks/backprop/backprop.c:38->data/benchmarks/backprop/backprop.c:372]   --->   Operation 103 'switch' 'switch_ln38' <Predicate = true> <Delay = 0.66>
ST_30 : Operation 104 [1/1] (0.38ns)   --->   "%store_ln39 = store i64 %activations3_1_2, i64 %activations3_1_4" [data/benchmarks/backprop/backprop.c:39->data/benchmarks/backprop/backprop.c:372]   --->   Operation 104 'store' 'store_ln39' <Predicate = (i == 1)> <Delay = 0.38>
ST_30 : Operation 105 [1/1] (0.38ns)   --->   "%store_ln38 = store i64 %dactivations3_1, i64 %dactivations3_1_1" [data/benchmarks/backprop/backprop.c:38->data/benchmarks/backprop/backprop.c:372]   --->   Operation 105 'store' 'store_ln38' <Predicate = (i == 1)> <Delay = 0.38>
ST_30 : Operation 106 [1/1] (0.00ns)   --->   "%br_ln38 = br void %for.inc.i30.split9" [data/benchmarks/backprop/backprop.c:38->data/benchmarks/backprop/backprop.c:372]   --->   Operation 106 'br' 'br_ln38' <Predicate = (i == 1)> <Delay = 0.00>
ST_30 : Operation 107 [1/1] (0.38ns)   --->   "%store_ln39 = store i64 %activations3_1_2, i64 %activations3_0_4" [data/benchmarks/backprop/backprop.c:39->data/benchmarks/backprop/backprop.c:372]   --->   Operation 107 'store' 'store_ln39' <Predicate = (i == 0)> <Delay = 0.38>
ST_30 : Operation 108 [1/1] (0.38ns)   --->   "%store_ln38 = store i64 %dactivations3_1, i64 %dactivations3_0_1" [data/benchmarks/backprop/backprop.c:38->data/benchmarks/backprop/backprop.c:372]   --->   Operation 108 'store' 'store_ln38' <Predicate = (i == 0)> <Delay = 0.38>
ST_30 : Operation 109 [1/1] (0.00ns)   --->   "%br_ln38 = br void %for.inc.i30.split9" [data/benchmarks/backprop/backprop.c:38->data/benchmarks/backprop/backprop.c:372]   --->   Operation 109 'br' 'br_ln38' <Predicate = (i == 0)> <Delay = 0.00>
ST_30 : Operation 110 [1/1] (0.38ns)   --->   "%store_ln39 = store i64 %activations3_1_2, i64 %activations3_2_4" [data/benchmarks/backprop/backprop.c:39->data/benchmarks/backprop/backprop.c:372]   --->   Operation 110 'store' 'store_ln39' <Predicate = (i != 0 & i != 1)> <Delay = 0.38>
ST_30 : Operation 111 [1/1] (0.38ns)   --->   "%store_ln38 = store i64 %dactivations3_1, i64 %dactivations3_2_1" [data/benchmarks/backprop/backprop.c:38->data/benchmarks/backprop/backprop.c:372]   --->   Operation 111 'store' 'store_ln38' <Predicate = (i != 0 & i != 1)> <Delay = 0.38>
ST_30 : Operation 112 [1/1] (0.00ns)   --->   "%br_ln0 = br void %for.inc.i30.split9"   --->   Operation 112 'br' 'br_ln0' <Predicate = (i != 0 & i != 1)> <Delay = 0.00>
ST_30 : Operation 113 [1/1] (0.38ns)   --->   "%store_ln34 = store i2 %add_ln36, i2 %i_17" [data/benchmarks/backprop/backprop.c:34->data/benchmarks/backprop/backprop.c:372]   --->   Operation 113 'store' 'store_ln34' <Predicate = true> <Delay = 0.38>
ST_30 : Operation 114 [1/1] (0.00ns)   --->   "%br_ln36 = br void %for.inc.i30" [data/benchmarks/backprop/backprop.c:36->data/benchmarks/backprop/backprop.c:372]   --->   Operation 114 'br' 'br_ln36' <Predicate = true> <Delay = 0.00>


============================================================
+ Verbose Summary: Binding
============================================================
STG Binding: 
---------------- STG Properties BEGIN ----------------
- Is combinational: 0
- Is one-state seq: 0
- Is datapath-only: 0
- Is pipelined: 0
- Is top level: 0
Port [ Return ] is wired: 1; IO mode=ap_ctrl_hs:ce=0
Port [ activations3_2]:  wired=1; compound=0; hidden=0; nouse=0; global=0; static=0; extern=0; dir=0; type=0; pingpong=0; private_global=0; IO mode=ap_none:ce=0
Port [ activations3_1]:  wired=1; compound=0; hidden=0; nouse=0; global=0; static=0; extern=0; dir=0; type=0; pingpong=0; private_global=0; IO mode=ap_none:ce=0
Port [ activations3_0]:  wired=1; compound=0; hidden=0; nouse=0; global=0; static=0; extern=0; dir=0; type=0; pingpong=0; private_global=0; IO mode=ap_none:ce=0
Port [ dactivations3_2_03]:  wired=1; compound=0; hidden=0; nouse=0; global=0; static=0; extern=0; dir=0; type=0; pingpong=0; private_global=0; IO mode=ap_none:ce=0
Port [ dactivations3_1_02]:  wired=1; compound=0; hidden=0; nouse=0; global=0; static=0; extern=0; dir=0; type=0; pingpong=0; private_global=0; IO mode=ap_none:ce=0
Port [ dactivations3_0_01]:  wired=1; compound=0; hidden=0; nouse=0; global=0; static=0; extern=0; dir=0; type=0; pingpong=0; private_global=0; IO mode=ap_none:ce=0
Port [ activations3_2_4_out]:  wired=1; compound=0; hidden=0; nouse=0; global=0; static=0; extern=0; dir=1; type=0; pingpong=0; private_global=0; IO mode=ap_vld:ce=0
Port [ activations3_1_4_out]:  wired=1; compound=0; hidden=0; nouse=0; global=0; static=0; extern=0; dir=1; type=0; pingpong=0; private_global=0; IO mode=ap_vld:ce=0
Port [ activations3_0_4_out]:  wired=1; compound=0; hidden=0; nouse=0; global=0; static=0; extern=0; dir=1; type=0; pingpong=0; private_global=0; IO mode=ap_vld:ce=0
Port [ dactivations3_2_1_out]:  wired=1; compound=0; hidden=0; nouse=0; global=0; static=0; extern=0; dir=1; type=0; pingpong=0; private_global=0; IO mode=ap_vld:ce=0
Port [ dactivations3_1_1_out]:  wired=1; compound=0; hidden=0; nouse=0; global=0; static=0; extern=0; dir=1; type=0; pingpong=0; private_global=0; IO mode=ap_vld:ce=0
Port [ dactivations3_0_1_out]:  wired=1; compound=0; hidden=0; nouse=0; global=0; static=0; extern=0; dir=1; type=0; pingpong=0; private_global=0; IO mode=ap_vld:ce=0
---------------- STG Properties END ------------------

---------------- Datapath Model BEGIN ----------------

<LifeTime>
<method=bitvector/>
i_17                    (alloca           ) [ 0111111111111111111111111111111]
dactivations3_0_1       (alloca           ) [ 0111111111111111111111111111111]
dactivations3_1_1       (alloca           ) [ 0111111111111111111111111111111]
dactivations3_2_1       (alloca           ) [ 0111111111111111111111111111111]
activations3_0_4        (alloca           ) [ 0111111111111111111111111111111]
activations3_1_4        (alloca           ) [ 0111111111111111111111111111111]
activations3_2_4        (alloca           ) [ 0111111111111111111111111111111]
dactivations3_0_01_read (read             ) [ 0000000000000000000000000000000]
dactivations3_1_02_read (read             ) [ 0000000000000000000000000000000]
dactivations3_2_03_read (read             ) [ 0000000000000000000000000000000]
activations3_0_read     (read             ) [ 0000000000000000000000000000000]
activations3_1_read     (read             ) [ 0000000000000000000000000000000]
activations3_2_read     (read             ) [ 0000000000000000000000000000000]
store_ln0               (store            ) [ 0000000000000000000000000000000]
store_ln0               (store            ) [ 0000000000000000000000000000000]
store_ln0               (store            ) [ 0000000000000000000000000000000]
store_ln0               (store            ) [ 0000000000000000000000000000000]
store_ln0               (store            ) [ 0000000000000000000000000000000]
store_ln0               (store            ) [ 0000000000000000000000000000000]
store_ln34              (store            ) [ 0000000000000000000000000000000]
br_ln0                  (br               ) [ 0000000000000000000000000000000]
i                       (load             ) [ 0101111111111111111111111111111]
icmp_ln36               (icmp             ) [ 0010000000000000000000000000000]
speclooptripcount_ln0   (speclooptripcount) [ 0000000000000000000000000000000]
add_ln36                (add              ) [ 0101111111111111111111111111111]
br_ln36                 (br               ) [ 0000000000000000000000000000000]
activations3_0_4_load_1 (load             ) [ 0000000000000000000000000000000]
activations3_1_4_load_1 (load             ) [ 0000000000000000000000000000000]
activations3_2_4_load_1 (load             ) [ 0000000000000000000000000000000]
tmp_5                   (mux              ) [ 0001111111000000000000000000000]
bitcast_ln39            (bitcast          ) [ 0000000000000000000000000000000]
xor_ln39                (xor              ) [ 0001000000000000000000000000000]
bitcast_ln39_1          (bitcast          ) [ 0000111111111000000000000000000]
sub_i2                  (dsub             ) [ 0000001111000000000000000000000]
dactivations3_1         (dmul             ) [ 0100000000111111111111111111111]
tmp_2                   (dexp             ) [ 0000000000000111100000000000000]
add_i2                  (dadd             ) [ 0100000000000000011111111111111]
specpipeline_ln34       (specpipeline     ) [ 0000000000000000000000000000000]
specloopname_ln36       (specloopname     ) [ 0000000000000000000000000000000]
activations3_1_2        (ddiv             ) [ 0000000000000000000000000000000]
switch_ln38             (switch           ) [ 0000000000000000000000000000000]
store_ln39              (store            ) [ 0000000000000000000000000000000]
store_ln38              (store            ) [ 0000000000000000000000000000000]
br_ln38                 (br               ) [ 0000000000000000000000000000000]
store_ln39              (store            ) [ 0000000000000000000000000000000]
store_ln38              (store            ) [ 0000000000000000000000000000000]
br_ln38                 (br               ) [ 0000000000000000000000000000000]
store_ln39              (store            ) [ 0000000000000000000000000000000]
store_ln38              (store            ) [ 0000000000000000000000000000000]
br_ln0                  (br               ) [ 0000000000000000000000000000000]
store_ln34              (store            ) [ 0000000000000000000000000000000]
br_ln36                 (br               ) [ 0000000000000000000000000000000]
dactivations3_0_1_load  (load             ) [ 0000000000000000000000000000000]
dactivations3_1_1_load  (load             ) [ 0000000000000000000000000000000]
dactivations3_2_1_load  (load             ) [ 0000000000000000000000000000000]
activations3_0_4_load   (load             ) [ 0000000000000000000000000000000]
activations3_1_4_load   (load             ) [ 0000000000000000000000000000000]
activations3_2_4_load   (load             ) [ 0000000000000000000000000000000]
write_ln0               (write            ) [ 0000000000000000000000000000000]
write_ln0               (write            ) [ 0000000000000000000000000000000]
write_ln0               (write            ) [ 0000000000000000000000000000000]
write_ln0               (write            ) [ 0000000000000000000000000000000]
write_ln0               (write            ) [ 0000000000000000000000000000000]
write_ln0               (write            ) [ 0000000000000000000000000000000]
ret_ln0                 (ret              ) [ 0000000000000000000000000000000]
</LifeTime>

<model>

<comp_list>
<comp id="0" class="1000" name="activations3_2">
<pin_list>
<pin id="1" dir="1" index="0" bw="1" slack="0"/>
</pin_list>
<bind>
<StgValue><ssdm name="activations3_2"/></StgValue>
</bind>
</comp>

<comp id="2" class="1000" name="activations3_1">
<pin_list>
<pin id="3" dir="1" index="0" bw="1" slack="0"/>
</pin_list>
<bind>
<StgValue><ssdm name="activations3_1"/></StgValue>
</bind>
</comp>

<comp id="4" class="1000" name="activations3_0">
<pin_list>
<pin id="5" dir="1" index="0" bw="1" slack="0"/>
</pin_list>
<bind>
<StgValue><ssdm name="activations3_0"/></StgValue>
</bind>
</comp>

<comp id="6" class="1000" name="dactivations3_2_03">
<pin_list>
<pin id="7" dir="1" index="0" bw="1" slack="0"/>
</pin_list>
<bind>
<StgValue><ssdm name="dactivations3_2_03"/></StgValue>
</bind>
</comp>

<comp id="8" class="1000" name="dactivations3_1_02">
<pin_list>
<pin id="9" dir="1" index="0" bw="1" slack="0"/>
</pin_list>
<bind>
<StgValue><ssdm name="dactivations3_1_02"/></StgValue>
</bind>
</comp>

<comp id="10" class="1000" name="dactivations3_0_01">
<pin_list>
<pin id="11" dir="1" index="0" bw="1" slack="0"/>
</pin_list>
<bind>
<StgValue><ssdm name="dactivations3_0_01"/></StgValue>
</bind>
</comp>

<comp id="12" class="1000" name="activations3_2_4_out">
<pin_list>
<pin id="13" dir="1" index="0" bw="1" slack="0"/>
</pin_list>
<bind>
<StgValue><ssdm name="activations3_2_4_out"/></StgValue>
</bind>
</comp>

<comp id="14" class="1000" name="activations3_1_4_out">
<pin_list>
<pin id="15" dir="1" index="0" bw="1" slack="0"/>
</pin_list>
<bind>
<StgValue><ssdm name="activations3_1_4_out"/></StgValue>
</bind>
</comp>

<comp id="16" class="1000" name="activations3_0_4_out">
<pin_list>
<pin id="17" dir="1" index="0" bw="1" slack="0"/>
</pin_list>
<bind>
<StgValue><ssdm name="activations3_0_4_out"/></StgValue>
</bind>
</comp>

<comp id="18" class="1000" name="dactivations3_2_1_out">
<pin_list>
<pin id="19" dir="1" index="0" bw="1" slack="0"/>
</pin_list>
<bind>
<StgValue><ssdm name="dactivations3_2_1_out"/></StgValue>
</bind>
</comp>

<comp id="20" class="1000" name="dactivations3_1_1_out">
<pin_list>
<pin id="21" dir="1" index="0" bw="1" slack="0"/>
</pin_list>
<bind>
<StgValue><ssdm name="dactivations3_1_1_out"/></StgValue>
</bind>
</comp>

<comp id="22" class="1000" name="dactivations3_0_1_out">
<pin_list>
<pin id="23" dir="1" index="0" bw="1" slack="0"/>
</pin_list>
<bind>
<StgValue><ssdm name="dactivations3_0_1_out"/></StgValue>
</bind>
</comp>

<comp id="24" class="1001" name="const_24">
<pin_list>
<pin id="25" dir="1" index="0" bw="1" slack="0"/>
</pin_list>
<bind>
<StgValue><ssdm name=""/></StgValue>
</bind>
</comp>

<comp id="26" class="1001" name="const_26">
<pin_list>
<pin id="27" dir="1" index="0" bw="1" slack="0"/>
</pin_list>
<bind>
<StgValue><ssdm name="_ssdm_op_Read.ap_auto.double"/></StgValue>
</bind>
</comp>

<comp id="28" class="1001" name="const_28">
<pin_list>
<pin id="29" dir="1" index="0" bw="1" slack="0"/>
</pin_list>
<bind>
<StgValue><ssdm name=""/></StgValue>
</bind>
</comp>

<comp id="30" class="1001" name="const_30">
<pin_list>
<pin id="31" dir="1" index="0" bw="1" slack="0"/>
</pin_list>
<bind>
<StgValue><ssdm name=""/></StgValue>
</bind>
</comp>

<comp id="32" class="1001" name="const_32">
<pin_list>
<pin id="33" dir="1" index="0" bw="1" slack="2147483647"/>
</pin_list>
<bind>
<StgValue><ssdm name="_ssdm_op_SpecLoopTripCount"/></StgValue>
</bind>
</comp>

<comp id="34" class="1001" name="const_34">
<pin_list>
<pin id="35" dir="1" index="0" bw="1" slack="2147483647"/>
</pin_list>
<bind>
<StgValue><ssdm name=""/></StgValue>
</bind>
</comp>

<comp id="36" class="1001" name="const_36">
<pin_list>
<pin id="37" dir="1" index="0" bw="1" slack="0"/>
</pin_list>
<bind>
<StgValue><ssdm name=""/></StgValue>
</bind>
</comp>

<comp id="38" class="1001" name="const_38">
<pin_list>
<pin id="39" dir="1" index="0" bw="1" slack="0"/>
</pin_list>
<bind>
<StgValue><ssdm name="_ssdm_op_Mux.ap_auto.3double.i2"/></StgValue>
</bind>
</comp>

<comp id="40" class="1001" name="const_40">
<pin_list>
<pin id="41" dir="1" index="0" bw="1" slack="0"/>
</pin_list>
<bind>
<StgValue><ssdm name=""/></StgValue>
</bind>
</comp>

<comp id="42" class="1001" name="const_42">
<pin_list>
<pin id="43" dir="1" index="0" bw="1" slack="0"/>
</pin_list>
<bind>
<StgValue><ssdm name=""/></StgValue>
</bind>
</comp>

<comp id="44" class="1001" name="const_44">
<pin_list>
<pin id="45" dir="1" index="0" bw="1" slack="0"/>
</pin_list>
<bind>
<StgValue><ssdm name="llvm.exp.f64"/></StgValue>
</bind>
</comp>

<comp id="46" class="1001" name="const_46">
<pin_list>
<pin id="47" dir="1" index="0" bw="1" slack="2147483647"/>
</pin_list>
<bind>
<StgValue><ssdm name="_ssdm_op_SpecPipeline"/></StgValue>
</bind>
</comp>

<comp id="48" class="1001" name="const_48">
<pin_list>
<pin id="49" dir="1" index="0" bw="1" slack="2147483647"/>
</pin_list>
<bind>
<StgValue><ssdm name=""/></StgValue>
</bind>
</comp>

<comp id="50" class="1001" name="const_50">
<pin_list>
<pin id="51" dir="1" index="0" bw="1" slack="2147483647"/>
</pin_list>
<bind>
<StgValue><ssdm name=""/></StgValue>
</bind>
</comp>

<comp id="52" class="1001" name="const_52">
<pin_list>
<pin id="53" dir="1" index="0" bw="1" slack="2147483647"/>
</pin_list>
<bind>
<StgValue><ssdm name="empty_42"/></StgValue>
</bind>
</comp>

<comp id="54" class="1001" name="const_54">
<pin_list>
<pin id="55" dir="1" index="0" bw="1" slack="2147483647"/>
</pin_list>
<bind>
<StgValue><ssdm name="_ssdm_op_SpecLoopName"/></StgValue>
</bind>
</comp>

<comp id="56" class="1001" name="const_56">
<pin_list>
<pin id="57" dir="1" index="0" bw="1" slack="2147483647"/>
</pin_list>
<bind>
<StgValue><ssdm name="empty_1"/></StgValue>
</bind>
</comp>

<comp id="58" class="1001" name="const_58">
<pin_list>
<pin id="59" dir="1" index="0" bw="1" slack="0"/>
</pin_list>
<bind>
<StgValue><ssdm name="_ssdm_op_Write.ap_auto.doubleP0A"/></StgValue>
</bind>
</comp>

<comp id="60" class="1004" name="i_17_fu_60">
<pin_list>
<pin id="61" dir="0" index="0" bw="1" slack="0"/>
<pin id="62" dir="1" index="1" bw="2" slack="0"/>
</pin_list>
<bind>
<opcode="alloca(26) " fcode="alloca"/>
<opset="i_17/1 "/>
</bind>
</comp>

<comp id="64" class="1004" name="dactivations3_0_1_fu_64">
<pin_list>
<pin id="65" dir="0" index="0" bw="1" slack="0"/>
<pin id="66" dir="1" index="1" bw="64" slack="0"/>
</pin_list>
<bind>
<opcode="alloca(26) " fcode="alloca"/>
<opset="dactivations3_0_1/1 "/>
</bind>
</comp>

<comp id="68" class="1004" name="dactivations3_1_1_fu_68">
<pin_list>
<pin id="69" dir="0" index="0" bw="1" slack="0"/>
<pin id="70" dir="1" index="1" bw="64" slack="0"/>
</pin_list>
<bind>
<opcode="alloca(26) " fcode="alloca"/>
<opset="dactivations3_1_1/1 "/>
</bind>
</comp>

<comp id="72" class="1004" name="dactivations3_2_1_fu_72">
<pin_list>
<pin id="73" dir="0" index="0" bw="1" slack="0"/>
<pin id="74" dir="1" index="1" bw="64" slack="0"/>
</pin_list>
<bind>
<opcode="alloca(26) " fcode="alloca"/>
<opset="dactivations3_2_1/1 "/>
</bind>
</comp>

<comp id="76" class="1004" name="activations3_0_4_fu_76">
<pin_list>
<pin id="77" dir="0" index="0" bw="1" slack="0"/>
<pin id="78" dir="1" index="1" bw="64" slack="0"/>
</pin_list>
<bind>
<opcode="alloca(26) " fcode="alloca"/>
<opset="activations3_0_4/1 "/>
</bind>
</comp>

<comp id="80" class="1004" name="activations3_1_4_fu_80">
<pin_list>
<pin id="81" dir="0" index="0" bw="1" slack="0"/>
<pin id="82" dir="1" index="1" bw="64" slack="0"/>
</pin_list>
<bind>
<opcode="alloca(26) " fcode="alloca"/>
<opset="activations3_1_4/1 "/>
</bind>
</comp>

<comp id="84" class="1004" name="activations3_2_4_fu_84">
<pin_list>
<pin id="85" dir="0" index="0" bw="1" slack="0"/>
<pin id="86" dir="1" index="1" bw="64" slack="0"/>
</pin_list>
<bind>
<opcode="alloca(26) " fcode="alloca"/>
<opset="activations3_2_4/1 "/>
</bind>
</comp>

<comp id="88" class="1004" name="dactivations3_0_01_read_read_fu_88">
<pin_list>
<pin id="89" dir="0" index="0" bw="64" slack="0"/>
<pin id="90" dir="0" index="1" bw="64" slack="0"/>
<pin id="91" dir="1" index="2" bw="64" slack="0"/>
</pin_list>
<bind>
<opcode="read(1150) " fcode="read"/>
<opset="dactivations3_0_01_read/1 "/>
</bind>
</comp>

<comp id="94" class="1004" name="dactivations3_1_02_read_read_fu_94">
<pin_list>
<pin id="95" dir="0" index="0" bw="64" slack="0"/>
<pin id="96" dir="0" index="1" bw="64" slack="0"/>
<pin id="97" dir="1" index="2" bw="64" slack="0"/>
</pin_list>
<bind>
<opcode="read(1150) " fcode="read"/>
<opset="dactivations3_1_02_read/1 "/>
</bind>
</comp>

<comp id="100" class="1004" name="dactivations3_2_03_read_read_fu_100">
<pin_list>
<pin id="101" dir="0" index="0" bw="64" slack="0"/>
<pin id="102" dir="0" index="1" bw="64" slack="0"/>
<pin id="103" dir="1" index="2" bw="64" slack="0"/>
</pin_list>
<bind>
<opcode="read(1150) " fcode="read"/>
<opset="dactivations3_2_03_read/1 "/>
</bind>
</comp>

<comp id="106" class="1004" name="activations3_0_read_read_fu_106">
<pin_list>
<pin id="107" dir="0" index="0" bw="64" slack="0"/>
<pin id="108" dir="0" index="1" bw="64" slack="0"/>
<pin id="109" dir="1" index="2" bw="64" slack="0"/>
</pin_list>
<bind>
<opcode="read(1150) " fcode="read"/>
<opset="activations3_0_read/1 "/>
</bind>
</comp>

<comp id="112" class="1004" name="activations3_1_read_read_fu_112">
<pin_list>
<pin id="113" dir="0" index="0" bw="64" slack="0"/>
<pin id="114" dir="0" index="1" bw="64" slack="0"/>
<pin id="115" dir="1" index="2" bw="64" slack="0"/>
</pin_list>
<bind>
<opcode="read(1150) " fcode="read"/>
<opset="activations3_1_read/1 "/>
</bind>
</comp>

<comp id="118" class="1004" name="activations3_2_read_read_fu_118">
<pin_list>
<pin id="119" dir="0" index="0" bw="64" slack="0"/>
<pin id="120" dir="0" index="1" bw="64" slack="0"/>
<pin id="121" dir="1" index="2" bw="64" slack="0"/>
</pin_list>
<bind>
<opcode="read(1150) " fcode="read"/>
<opset="activations3_2_read/1 "/>
</bind>
</comp>

<comp id="124" class="1004" name="write_ln0_write_fu_124">
<pin_list>
<pin id="125" dir="0" index="0" bw="0" slack="0"/>
<pin id="126" dir="0" index="1" bw="64" slack="0"/>
<pin id="127" dir="0" index="2" bw="64" slack="0"/>
<pin id="128" dir="1" index="3" bw="0" slack="2147483647"/>
</pin_list>
<bind>
<opcode="write(1151) " fcode="write"/>
<opset="write_ln0/2 "/>
</bind>
</comp>

<comp id="131" class="1004" name="write_ln0_write_fu_131">
<pin_list>
<pin id="132" dir="0" index="0" bw="0" slack="0"/>
<pin id="133" dir="0" index="1" bw="64" slack="0"/>
<pin id="134" dir="0" index="2" bw="64" slack="0"/>
<pin id="135" dir="1" index="3" bw="0" slack="2147483647"/>
</pin_list>
<bind>
<opcode="write(1151) " fcode="write"/>
<opset="write_ln0/2 "/>
</bind>
</comp>

<comp id="138" class="1004" name="write_ln0_write_fu_138">
<pin_list>
<pin id="139" dir="0" index="0" bw="0" slack="0"/>
<pin id="140" dir="0" index="1" bw="64" slack="0"/>
<pin id="141" dir="0" index="2" bw="64" slack="0"/>
<pin id="142" dir="1" index="3" bw="0" slack="2147483647"/>
</pin_list>
<bind>
<opcode="write(1151) " fcode="write"/>
<opset="write_ln0/2 "/>
</bind>
</comp>

<comp id="145" class="1004" name="write_ln0_write_fu_145">
<pin_list>
<pin id="146" dir="0" index="0" bw="0" slack="0"/>
<pin id="147" dir="0" index="1" bw="64" slack="0"/>
<pin id="148" dir="0" index="2" bw="64" slack="0"/>
<pin id="149" dir="1" index="3" bw="0" slack="2147483647"/>
</pin_list>
<bind>
<opcode="write(1151) " fcode="write"/>
<opset="write_ln0/2 "/>
</bind>
</comp>

<comp id="152" class="1004" name="write_ln0_write_fu_152">
<pin_list>
<pin id="153" dir="0" index="0" bw="0" slack="0"/>
<pin id="154" dir="0" index="1" bw="64" slack="0"/>
<pin id="155" dir="0" index="2" bw="64" slack="0"/>
<pin id="156" dir="1" index="3" bw="0" slack="2147483647"/>
</pin_list>
<bind>
<opcode="write(1151) " fcode="write"/>
<opset="write_ln0/2 "/>
</bind>
</comp>

<comp id="159" class="1004" name="write_ln0_write_fu_159">
<pin_list>
<pin id="160" dir="0" index="0" bw="0" slack="0"/>
<pin id="161" dir="0" index="1" bw="64" slack="0"/>
<pin id="162" dir="0" index="2" bw="64" slack="0"/>
<pin id="163" dir="1" index="3" bw="0" slack="2147483647"/>
</pin_list>
<bind>
<opcode="write(1151) " fcode="write"/>
<opset="write_ln0/2 "/>
</bind>
</comp>

<comp id="166" class="1004" name="grp_fu_166">
<pin_list>
<pin id="167" dir="0" index="0" bw="64" slack="0"/>
<pin id="168" dir="0" index="1" bw="64" slack="0"/>
<pin id="169" dir="1" index="2" bw="64" slack="1"/>
</pin_list>
<bind>
<opcode="dadd(508) dsub(509) " fcode="dadd"/>
<opset="sub_i2/2 add_i2/13 "/>
</bind>
</comp>

<comp id="172" class="1004" name="grp_fu_172">
<pin_list>
<pin id="173" dir="0" index="0" bw="64" slack="4"/>
<pin id="174" dir="0" index="1" bw="64" slack="1"/>
<pin id="175" dir="1" index="2" bw="64" slack="21"/>
</pin_list>
<bind>
<opcode="dmul(510) " fcode="dmul"/>
<opset="dactivations3_1/6 "/>
</bind>
</comp>

<comp id="176" class="1004" name="grp_fu_176">
<pin_list>
<pin id="177" dir="0" index="0" bw="64" slack="0"/>
<pin id="178" dir="0" index="1" bw="64" slack="1"/>
<pin id="179" dir="1" index="2" bw="64" slack="0"/>
</pin_list>
<bind>
<opcode="ddiv(511) " fcode="ddiv"/>
<opset="activations3_1_2/17 "/>
</bind>
</comp>

<comp id="181" class="1004" name="grp_fu_181">
<pin_list>
<pin id="182" dir="0" index="0" bw="64" slack="0"/>
<pin id="183" dir="0" index="1" bw="64" slack="0"/>
<pin id="184" dir="1" index="2" bw="64" slack="1"/>
</pin_list>
<bind>
<opcode="dexp(522) " fcode="dexp"/>
<opset="tmp_2/3 "/>
</bind>
</comp>

<comp id="186" class="1005" name="reg_186">
<pin_list>
<pin id="187" dir="0" index="0" bw="64" slack="1"/>
<pin id="188" dir="1" index="1" bw="64" slack="1"/>
</pin_list>
<bind>
<opset="sub_i2 add_i2 "/>
</bind>
</comp>

<comp id="192" class="1004" name="store_ln0_store_fu_192">
<pin_list>
<pin id="193" dir="0" index="0" bw="64" slack="0"/>
<pin id="194" dir="0" index="1" bw="64" slack="0"/>
<pin id="195" dir="1" index="2" bw="0" slack="2147483647"/>
</pin_list>
<bind>
<opcode="store(28) " fcode="store"/>
<opset="store_ln0/1 "/>
</bind>
</comp>

<comp id="197" class="1004" name="store_ln0_store_fu_197">
<pin_list>
<pin id="198" dir="0" index="0" bw="64" slack="0"/>
<pin id="199" dir="0" index="1" bw="64" slack="0"/>
<pin id="200" dir="1" index="2" bw="0" slack="2147483647"/>
</pin_list>
<bind>
<opcode="store(28) " fcode="store"/>
<opset="store_ln0/1 "/>
</bind>
</comp>

<comp id="202" class="1004" name="store_ln0_store_fu_202">
<pin_list>
<pin id="203" dir="0" index="0" bw="64" slack="0"/>
<pin id="204" dir="0" index="1" bw="64" slack="0"/>
<pin id="205" dir="1" index="2" bw="0" slack="2147483647"/>
</pin_list>
<bind>
<opcode="store(28) " fcode="store"/>
<opset="store_ln0/1 "/>
</bind>
</comp>

<comp id="207" class="1004" name="store_ln0_store_fu_207">
<pin_list>
<pin id="208" dir="0" index="0" bw="64" slack="0"/>
<pin id="209" dir="0" index="1" bw="64" slack="0"/>
<pin id="210" dir="1" index="2" bw="0" slack="2147483647"/>
</pin_list>
<bind>
<opcode="store(28) " fcode="store"/>
<opset="store_ln0/1 "/>
</bind>
</comp>

<comp id="212" class="1004" name="store_ln0_store_fu_212">
<pin_list>
<pin id="213" dir="0" index="0" bw="64" slack="0"/>
<pin id="214" dir="0" index="1" bw="64" slack="0"/>
<pin id="215" dir="1" index="2" bw="0" slack="2147483647"/>
</pin_list>
<bind>
<opcode="store(28) " fcode="store"/>
<opset="store_ln0/1 "/>
</bind>
</comp>

<comp id="217" class="1004" name="store_ln0_store_fu_217">
<pin_list>
<pin id="218" dir="0" index="0" bw="64" slack="0"/>
<pin id="219" dir="0" index="1" bw="64" slack="0"/>
<pin id="220" dir="1" index="2" bw="0" slack="2147483647"/>
</pin_list>
<bind>
<opcode="store(28) " fcode="store"/>
<opset="store_ln0/1 "/>
</bind>
</comp>

<comp id="222" class="1004" name="store_ln34_store_fu_222">
<pin_list>
<pin id="223" dir="0" index="0" bw="1" slack="0"/>
<pin id="224" dir="0" index="1" bw="2" slack="0"/>
<pin id="225" dir="1" index="2" bw="0" slack="2147483647"/>
</pin_list>
<bind>
<opcode="store(28) " fcode="store"/>
<opset="store_ln34/1 "/>
</bind>
</comp>

<comp id="227" class="1004" name="i_load_fu_227">
<pin_list>
<pin id="228" dir="0" index="0" bw="2" slack="1"/>
<pin id="229" dir="1" index="1" bw="2" slack="0"/>
</pin_list>
<bind>
<opcode="load(27) " fcode="load"/>
<opset="i/2 "/>
</bind>
</comp>

<comp id="230" class="1004" name="icmp_ln36_fu_230">
<pin_list>
<pin id="231" dir="0" index="0" bw="2" slack="0"/>
<pin id="232" dir="0" index="1" bw="1" slack="0"/>
<pin id="233" dir="1" index="2" bw="1" slack="2147483647"/>
</pin_list>
<bind>
<opcode="icmp(45) " fcode="icmp"/>
<opset="icmp_ln36/2 "/>
</bind>
</comp>

<comp id="236" class="1004" name="add_ln36_fu_236">
<pin_list>
<pin id="237" dir="0" index="0" bw="2" slack="0"/>
<pin id="238" dir="0" index="1" bw="1" slack="0"/>
<pin id="239" dir="1" index="2" bw="2" slack="28"/>
</pin_list>
<bind>
<opcode="add(8) " fcode="add"/>
<opset="add_ln36/2 "/>
</bind>
</comp>

<comp id="242" class="1004" name="activations3_0_4_load_1_load_fu_242">
<pin_list>
<pin id="243" dir="0" index="0" bw="64" slack="1"/>
<pin id="244" dir="1" index="1" bw="64" slack="0"/>
</pin_list>
<bind>
<opcode="load(27) " fcode="load"/>
<opset="activations3_0_4_load_1/2 "/>
</bind>
</comp>

<comp id="245" class="1004" name="activations3_1_4_load_1_load_fu_245">
<pin_list>
<pin id="246" dir="0" index="0" bw="64" slack="1"/>
<pin id="247" dir="1" index="1" bw="64" slack="0"/>
</pin_list>
<bind>
<opcode="load(27) " fcode="load"/>
<opset="activations3_1_4_load_1/2 "/>
</bind>
</comp>

<comp id="248" class="1004" name="activations3_2_4_load_1_load_fu_248">
<pin_list>
<pin id="249" dir="0" index="0" bw="64" slack="1"/>
<pin id="250" dir="1" index="1" bw="64" slack="0"/>
</pin_list>
<bind>
<opcode="load(27) " fcode="load"/>
<opset="activations3_2_4_load_1/2 "/>
</bind>
</comp>

<comp id="251" class="1004" name="tmp_5_fu_251">
<pin_list>
<pin id="252" dir="0" index="0" bw="64" slack="0"/>
<pin id="253" dir="0" index="1" bw="64" slack="0"/>
<pin id="254" dir="0" index="2" bw="64" slack="0"/>
<pin id="255" dir="0" index="3" bw="64" slack="0"/>
<pin id="256" dir="0" index="4" bw="2" slack="0"/>
<pin id="257" dir="1" index="5" bw="64" slack="0"/>
</pin_list>
<bind>
<opcode="mux(1196) " fcode="mux"/>
<opset="tmp_5/2 "/>
</bind>
</comp>

<comp id="264" class="1004" name="bitcast_ln39_fu_264">
<pin_list>
<pin id="265" dir="0" index="0" bw="64" slack="0"/>
<pin id="266" dir="1" index="1" bw="64" slack="0"/>
</pin_list>
<bind>
<opcode="bitcast(44) " fcode="bitcast"/>
<opset="bitcast_ln39/2 "/>
</bind>
</comp>

<comp id="268" class="1004" name="xor_ln39_fu_268">
<pin_list>
<pin id="269" dir="0" index="0" bw="64" slack="0"/>
<pin id="270" dir="0" index="1" bw="64" slack="0"/>
<pin id="271" dir="1" index="2" bw="64" slack="1"/>
</pin_list>
<bind>
<opcode="xor(25) " fcode="xor"/>
<opset="xor_ln39/2 "/>
</bind>
</comp>

<comp id="274" class="1004" name="bitcast_ln39_1_fu_274">
<pin_list>
<pin id="275" dir="0" index="0" bw="64" slack="1"/>
<pin id="276" dir="1" index="1" bw="64" slack="0"/>
</pin_list>
<bind>
<opcode="bitcast(44) " fcode="bitcast"/>
<opset="bitcast_ln39_1/3 "/>
</bind>
</comp>

<comp id="278" class="1004" name="store_ln39_store_fu_278">
<pin_list>
<pin id="279" dir="0" index="0" bw="64" slack="0"/>
<pin id="280" dir="0" index="1" bw="64" slack="29"/>
<pin id="281" dir="1" index="2" bw="0" slack="2147483647"/>
</pin_list>
<bind>
<opcode="store(28) " fcode="store"/>
<opset="store_ln39/30 "/>
</bind>
</comp>

<comp id="283" class="1004" name="store_ln38_store_fu_283">
<pin_list>
<pin id="284" dir="0" index="0" bw="64" slack="21"/>
<pin id="285" dir="0" index="1" bw="64" slack="29"/>
<pin id="286" dir="1" index="2" bw="0" slack="2147483647"/>
</pin_list>
<bind>
<opcode="store(28) " fcode="store"/>
<opset="store_ln38/30 "/>
</bind>
</comp>

<comp id="287" class="1004" name="store_ln39_store_fu_287">
<pin_list>
<pin id="288" dir="0" index="0" bw="64" slack="0"/>
<pin id="289" dir="0" index="1" bw="64" slack="29"/>
<pin id="290" dir="1" index="2" bw="0" slack="2147483647"/>
</pin_list>
<bind>
<opcode="store(28) " fcode="store"/>
<opset="store_ln39/30 "/>
</bind>
</comp>

<comp id="292" class="1004" name="store_ln38_store_fu_292">
<pin_list>
<pin id="293" dir="0" index="0" bw="64" slack="21"/>
<pin id="294" dir="0" index="1" bw="64" slack="29"/>
<pin id="295" dir="1" index="2" bw="0" slack="2147483647"/>
</pin_list>
<bind>
<opcode="store(28) " fcode="store"/>
<opset="store_ln38/30 "/>
</bind>
</comp>

<comp id="296" class="1004" name="store_ln39_store_fu_296">
<pin_list>
<pin id="297" dir="0" index="0" bw="64" slack="0"/>
<pin id="298" dir="0" index="1" bw="64" slack="29"/>
<pin id="299" dir="1" index="2" bw="0" slack="2147483647"/>
</pin_list>
<bind>
<opcode="store(28) " fcode="store"/>
<opset="store_ln39/30 "/>
</bind>
</comp>

<comp id="301" class="1004" name="store_ln38_store_fu_301">
<pin_list>
<pin id="302" dir="0" index="0" bw="64" slack="21"/>
<pin id="303" dir="0" index="1" bw="64" slack="29"/>
<pin id="304" dir="1" index="2" bw="0" slack="2147483647"/>
</pin_list>
<bind>
<opcode="store(28) " fcode="store"/>
<opset="store_ln38/30 "/>
</bind>
</comp>

<comp id="305" class="1004" name="store_ln34_store_fu_305">
<pin_list>
<pin id="306" dir="0" index="0" bw="2" slack="28"/>
<pin id="307" dir="0" index="1" bw="2" slack="29"/>
<pin id="308" dir="1" index="2" bw="0" slack="2147483647"/>
</pin_list>
<bind>
<opcode="store(28) " fcode="store"/>
<opset="store_ln34/30 "/>
</bind>
</comp>

<comp id="309" class="1004" name="dactivations3_0_1_load_load_fu_309">
<pin_list>
<pin id="310" dir="0" index="0" bw="64" slack="1"/>
<pin id="311" dir="1" index="1" bw="64" slack="0"/>
</pin_list>
<bind>
<opcode="load(27) " fcode="load"/>
<opset="dactivations3_0_1_load/2 "/>
</bind>
</comp>

<comp id="313" class="1004" name="dactivations3_1_1_load_load_fu_313">
<pin_list>
<pin id="314" dir="0" index="0" bw="64" slack="1"/>
<pin id="315" dir="1" index="1" bw="64" slack="0"/>
</pin_list>
<bind>
<opcode="load(27) " fcode="load"/>
<opset="dactivations3_1_1_load/2 "/>
</bind>
</comp>

<comp id="317" class="1004" name="dactivations3_2_1_load_load_fu_317">
<pin_list>
<pin id="318" dir="0" index="0" bw="64" slack="1"/>
<pin id="319" dir="1" index="1" bw="64" slack="0"/>
</pin_list>
<bind>
<opcode="load(27) " fcode="load"/>
<opset="dactivations3_2_1_load/2 "/>
</bind>
</comp>

<comp id="321" class="1004" name="activations3_0_4_load_load_fu_321">
<pin_list>
<pin id="322" dir="0" index="0" bw="64" slack="1"/>
<pin id="323" dir="1" index="1" bw="64" slack="0"/>
</pin_list>
<bind>
<opcode="load(27) " fcode="load"/>
<opset="activations3_0_4_load/2 "/>
</bind>
</comp>

<comp id="325" class="1004" name="activations3_1_4_load_load_fu_325">
<pin_list>
<pin id="326" dir="0" index="0" bw="64" slack="1"/>
<pin id="327" dir="1" index="1" bw="64" slack="0"/>
</pin_list>
<bind>
<opcode="load(27) " fcode="load"/>
<opset="activations3_1_4_load/2 "/>
</bind>
</comp>

<comp id="329" class="1004" name="activations3_2_4_load_load_fu_329">
<pin_list>
<pin id="330" dir="0" index="0" bw="64" slack="1"/>
<pin id="331" dir="1" index="1" bw="64" slack="0"/>
</pin_list>
<bind>
<opcode="load(27) " fcode="load"/>
<opset="activations3_2_4_load/2 "/>
</bind>
</comp>

<comp id="333" class="1005" name="i_17_reg_333">
<pin_list>
<pin id="334" dir="0" index="0" bw="2" slack="0"/>
<pin id="335" dir="1" index="1" bw="2" slack="0"/>
</pin_list>
<bind>
<opset="i_17 "/>
</bind>
</comp>

<comp id="340" class="1005" name="dactivations3_0_1_reg_340">
<pin_list>
<pin id="341" dir="0" index="0" bw="64" slack="0"/>
<pin id="342" dir="1" index="1" bw="64" slack="0"/>
</pin_list>
<bind>
<opset="dactivations3_0_1 "/>
</bind>
</comp>

<comp id="347" class="1005" name="dactivations3_1_1_reg_347">
<pin_list>
<pin id="348" dir="0" index="0" bw="64" slack="0"/>
<pin id="349" dir="1" index="1" bw="64" slack="0"/>
</pin_list>
<bind>
<opset="dactivations3_1_1 "/>
</bind>
</comp>

<comp id="354" class="1005" name="dactivations3_2_1_reg_354">
<pin_list>
<pin id="355" dir="0" index="0" bw="64" slack="0"/>
<pin id="356" dir="1" index="1" bw="64" slack="0"/>
</pin_list>
<bind>
<opset="dactivations3_2_1 "/>
</bind>
</comp>

<comp id="361" class="1005" name="activations3_0_4_reg_361">
<pin_list>
<pin id="362" dir="0" index="0" bw="64" slack="0"/>
<pin id="363" dir="1" index="1" bw="64" slack="0"/>
</pin_list>
<bind>
<opset="activations3_0_4 "/>
</bind>
</comp>

<comp id="369" class="1005" name="activations3_1_4_reg_369">
<pin_list>
<pin id="370" dir="0" index="0" bw="64" slack="0"/>
<pin id="371" dir="1" index="1" bw="64" slack="0"/>
</pin_list>
<bind>
<opset="activations3_1_4 "/>
</bind>
</comp>

<comp id="377" class="1005" name="activations3_2_4_reg_377">
<pin_list>
<pin id="378" dir="0" index="0" bw="64" slack="0"/>
<pin id="379" dir="1" index="1" bw="64" slack="0"/>
</pin_list>
<bind>
<opset="activations3_2_4 "/>
</bind>
</comp>

<comp id="385" class="1005" name="i_reg_385">
<pin_list>
<pin id="386" dir="0" index="0" bw="2" slack="28"/>
<pin id="387" dir="1" index="1" bw="2" slack="2147483647"/>
</pin_list>
<bind>
<opset="i "/>
</bind>
</comp>

<comp id="392" class="1005" name="add_ln36_reg_392">
<pin_list>
<pin id="393" dir="0" index="0" bw="2" slack="28"/>
<pin id="394" dir="1" index="1" bw="2" slack="28"/>
</pin_list>
<bind>
<opset="add_ln36 "/>
</bind>
</comp>

<comp id="397" class="1005" name="tmp_5_reg_397">
<pin_list>
<pin id="398" dir="0" index="0" bw="64" slack="1"/>
<pin id="399" dir="1" index="1" bw="64" slack="1"/>
</pin_list>
<bind>
<opset="tmp_5 "/>
</bind>
</comp>

<comp id="403" class="1005" name="xor_ln39_reg_403">
<pin_list>
<pin id="404" dir="0" index="0" bw="64" slack="1"/>
<pin id="405" dir="1" index="1" bw="64" slack="1"/>
</pin_list>
<bind>
<opset="xor_ln39 "/>
</bind>
</comp>

<comp id="408" class="1005" name="bitcast_ln39_1_reg_408">
<pin_list>
<pin id="409" dir="0" index="0" bw="64" slack="1"/>
<pin id="410" dir="1" index="1" bw="64" slack="1"/>
</pin_list>
<bind>
<opset="bitcast_ln39_1 "/>
</bind>
</comp>

<comp id="413" class="1005" name="dactivations3_1_reg_413">
<pin_list>
<pin id="414" dir="0" index="0" bw="64" slack="21"/>
<pin id="415" dir="1" index="1" bw="64" slack="21"/>
</pin_list>
<bind>
<opset="dactivations3_1 "/>
</bind>
</comp>

<comp id="420" class="1005" name="tmp_2_reg_420">
<pin_list>
<pin id="421" dir="0" index="0" bw="64" slack="1"/>
<pin id="422" dir="1" index="1" bw="64" slack="1"/>
</pin_list>
<bind>
<opset="tmp_2 "/>
</bind>
</comp>

</comp_list>

<net_list>
<net id="63"><net_src comp="24" pin="0"/><net_sink comp="60" pin=0"/></net>

<net id="67"><net_src comp="24" pin="0"/><net_sink comp="64" pin=0"/></net>

<net id="71"><net_src comp="24" pin="0"/><net_sink comp="68" pin=0"/></net>

<net id="75"><net_src comp="24" pin="0"/><net_sink comp="72" pin=0"/></net>

<net id="79"><net_src comp="24" pin="0"/><net_sink comp="76" pin=0"/></net>

<net id="83"><net_src comp="24" pin="0"/><net_sink comp="80" pin=0"/></net>

<net id="87"><net_src comp="24" pin="0"/><net_sink comp="84" pin=0"/></net>

<net id="92"><net_src comp="26" pin="0"/><net_sink comp="88" pin=0"/></net>

<net id="93"><net_src comp="10" pin="0"/><net_sink comp="88" pin=1"/></net>

<net id="98"><net_src comp="26" pin="0"/><net_sink comp="94" pin=0"/></net>

<net id="99"><net_src comp="8" pin="0"/><net_sink comp="94" pin=1"/></net>

<net id="104"><net_src comp="26" pin="0"/><net_sink comp="100" pin=0"/></net>

<net id="105"><net_src comp="6" pin="0"/><net_sink comp="100" pin=1"/></net>

<net id="110"><net_src comp="26" pin="0"/><net_sink comp="106" pin=0"/></net>

<net id="111"><net_src comp="4" pin="0"/><net_sink comp="106" pin=1"/></net>

<net id="116"><net_src comp="26" pin="0"/><net_sink comp="112" pin=0"/></net>

<net id="117"><net_src comp="2" pin="0"/><net_sink comp="112" pin=1"/></net>

<net id="122"><net_src comp="26" pin="0"/><net_sink comp="118" pin=0"/></net>

<net id="123"><net_src comp="0" pin="0"/><net_sink comp="118" pin=1"/></net>

<net id="129"><net_src comp="58" pin="0"/><net_sink comp="124" pin=0"/></net>

<net id="130"><net_src comp="12" pin="0"/><net_sink comp="124" pin=1"/></net>

<net id="136"><net_src comp="58" pin="0"/><net_sink comp="131" pin=0"/></net>

<net id="137"><net_src comp="14" pin="0"/><net_sink comp="131" pin=1"/></net>

<net id="143"><net_src comp="58" pin="0"/><net_sink comp="138" pin=0"/></net>

<net id="144"><net_src comp="16" pin="0"/><net_sink comp="138" pin=1"/></net>

<net id="150"><net_src comp="58" pin="0"/><net_sink comp="145" pin=0"/></net>

<net id="151"><net_src comp="18" pin="0"/><net_sink comp="145" pin=1"/></net>

<net id="157"><net_src comp="58" pin="0"/><net_sink comp="152" pin=0"/></net>

<net id="158"><net_src comp="20" pin="0"/><net_sink comp="152" pin=1"/></net>

<net id="164"><net_src comp="58" pin="0"/><net_sink comp="159" pin=0"/></net>

<net id="165"><net_src comp="22" pin="0"/><net_sink comp="159" pin=1"/></net>

<net id="170"><net_src comp="40" pin="0"/><net_sink comp="166" pin=0"/></net>

<net id="171"><net_src comp="40" pin="0"/><net_sink comp="166" pin=1"/></net>

<net id="180"><net_src comp="40" pin="0"/><net_sink comp="176" pin=0"/></net>

<net id="185"><net_src comp="44" pin="0"/><net_sink comp="181" pin=0"/></net>

<net id="189"><net_src comp="166" pin="2"/><net_sink comp="186" pin=0"/></net>

<net id="190"><net_src comp="186" pin="1"/><net_sink comp="172" pin=1"/></net>

<net id="191"><net_src comp="186" pin="1"/><net_sink comp="176" pin=1"/></net>

<net id="196"><net_src comp="118" pin="2"/><net_sink comp="192" pin=0"/></net>

<net id="201"><net_src comp="112" pin="2"/><net_sink comp="197" pin=0"/></net>

<net id="206"><net_src comp="106" pin="2"/><net_sink comp="202" pin=0"/></net>

<net id="211"><net_src comp="100" pin="2"/><net_sink comp="207" pin=0"/></net>

<net id="216"><net_src comp="94" pin="2"/><net_sink comp="212" pin=0"/></net>

<net id="221"><net_src comp="88" pin="2"/><net_sink comp="217" pin=0"/></net>

<net id="226"><net_src comp="28" pin="0"/><net_sink comp="222" pin=0"/></net>

<net id="234"><net_src comp="227" pin="1"/><net_sink comp="230" pin=0"/></net>

<net id="235"><net_src comp="30" pin="0"/><net_sink comp="230" pin=1"/></net>

<net id="240"><net_src comp="227" pin="1"/><net_sink comp="236" pin=0"/></net>

<net id="241"><net_src comp="36" pin="0"/><net_sink comp="236" pin=1"/></net>

<net id="258"><net_src comp="38" pin="0"/><net_sink comp="251" pin=0"/></net>

<net id="259"><net_src comp="242" pin="1"/><net_sink comp="251" pin=1"/></net>

<net id="260"><net_src comp="245" pin="1"/><net_sink comp="251" pin=2"/></net>

<net id="261"><net_src comp="248" pin="1"/><net_sink comp="251" pin=3"/></net>

<net id="262"><net_src comp="227" pin="1"/><net_sink comp="251" pin=4"/></net>

<net id="263"><net_src comp="251" pin="5"/><net_sink comp="166" pin=1"/></net>

<net id="267"><net_src comp="251" pin="5"/><net_sink comp="264" pin=0"/></net>

<net id="272"><net_src comp="264" pin="1"/><net_sink comp="268" pin=0"/></net>

<net id="273"><net_src comp="42" pin="0"/><net_sink comp="268" pin=1"/></net>

<net id="277"><net_src comp="274" pin="1"/><net_sink comp="181" pin=1"/></net>

<net id="282"><net_src comp="176" pin="2"/><net_sink comp="278" pin=0"/></net>

<net id="291"><net_src comp="176" pin="2"/><net_sink comp="287" pin=0"/></net>

<net id="300"><net_src comp="176" pin="2"/><net_sink comp="296" pin=0"/></net>

<net id="312"><net_src comp="309" pin="1"/><net_sink comp="159" pin=2"/></net>

<net id="316"><net_src comp="313" pin="1"/><net_sink comp="152" pin=2"/></net>

<net id="320"><net_src comp="317" pin="1"/><net_sink comp="145" pin=2"/></net>

<net id="324"><net_src comp="321" pin="1"/><net_sink comp="138" pin=2"/></net>

<net id="328"><net_src comp="325" pin="1"/><net_sink comp="131" pin=2"/></net>

<net id="332"><net_src comp="329" pin="1"/><net_sink comp="124" pin=2"/></net>

<net id="336"><net_src comp="60" pin="1"/><net_sink comp="333" pin=0"/></net>

<net id="337"><net_src comp="333" pin="1"/><net_sink comp="222" pin=1"/></net>

<net id="338"><net_src comp="333" pin="1"/><net_sink comp="227" pin=0"/></net>

<net id="339"><net_src comp="333" pin="1"/><net_sink comp="305" pin=1"/></net>

<net id="343"><net_src comp="64" pin="1"/><net_sink comp="340" pin=0"/></net>

<net id="344"><net_src comp="340" pin="1"/><net_sink comp="217" pin=1"/></net>

<net id="345"><net_src comp="340" pin="1"/><net_sink comp="292" pin=1"/></net>

<net id="346"><net_src comp="340" pin="1"/><net_sink comp="309" pin=0"/></net>

<net id="350"><net_src comp="68" pin="1"/><net_sink comp="347" pin=0"/></net>

<net id="351"><net_src comp="347" pin="1"/><net_sink comp="212" pin=1"/></net>

<net id="352"><net_src comp="347" pin="1"/><net_sink comp="283" pin=1"/></net>

<net id="353"><net_src comp="347" pin="1"/><net_sink comp="313" pin=0"/></net>

<net id="357"><net_src comp="72" pin="1"/><net_sink comp="354" pin=0"/></net>

<net id="358"><net_src comp="354" pin="1"/><net_sink comp="207" pin=1"/></net>

<net id="359"><net_src comp="354" pin="1"/><net_sink comp="301" pin=1"/></net>

<net id="360"><net_src comp="354" pin="1"/><net_sink comp="317" pin=0"/></net>

<net id="364"><net_src comp="76" pin="1"/><net_sink comp="361" pin=0"/></net>

<net id="365"><net_src comp="361" pin="1"/><net_sink comp="202" pin=1"/></net>

<net id="366"><net_src comp="361" pin="1"/><net_sink comp="242" pin=0"/></net>

<net id="367"><net_src comp="361" pin="1"/><net_sink comp="287" pin=1"/></net>

<net id="368"><net_src comp="361" pin="1"/><net_sink comp="321" pin=0"/></net>

<net id="372"><net_src comp="80" pin="1"/><net_sink comp="369" pin=0"/></net>

<net id="373"><net_src comp="369" pin="1"/><net_sink comp="197" pin=1"/></net>

<net id="374"><net_src comp="369" pin="1"/><net_sink comp="245" pin=0"/></net>

<net id="375"><net_src comp="369" pin="1"/><net_sink comp="278" pin=1"/></net>

<net id="376"><net_src comp="369" pin="1"/><net_sink comp="325" pin=0"/></net>

<net id="380"><net_src comp="84" pin="1"/><net_sink comp="377" pin=0"/></net>

<net id="381"><net_src comp="377" pin="1"/><net_sink comp="192" pin=1"/></net>

<net id="382"><net_src comp="377" pin="1"/><net_sink comp="248" pin=0"/></net>

<net id="383"><net_src comp="377" pin="1"/><net_sink comp="296" pin=1"/></net>

<net id="384"><net_src comp="377" pin="1"/><net_sink comp="329" pin=0"/></net>

<net id="388"><net_src comp="227" pin="1"/><net_sink comp="385" pin=0"/></net>

<net id="395"><net_src comp="236" pin="2"/><net_sink comp="392" pin=0"/></net>

<net id="396"><net_src comp="392" pin="1"/><net_sink comp="305" pin=0"/></net>

<net id="400"><net_src comp="251" pin="5"/><net_sink comp="397" pin=0"/></net>

<net id="401"><net_src comp="397" pin="1"/><net_sink comp="166" pin=1"/></net>

<net id="402"><net_src comp="397" pin="1"/><net_sink comp="172" pin=0"/></net>

<net id="406"><net_src comp="268" pin="2"/><net_sink comp="403" pin=0"/></net>

<net id="407"><net_src comp="403" pin="1"/><net_sink comp="274" pin=0"/></net>

<net id="411"><net_src comp="274" pin="1"/><net_sink comp="408" pin=0"/></net>

<net id="412"><net_src comp="408" pin="1"/><net_sink comp="181" pin=1"/></net>

<net id="416"><net_src comp="172" pin="2"/><net_sink comp="413" pin=0"/></net>

<net id="417"><net_src comp="413" pin="1"/><net_sink comp="283" pin=0"/></net>

<net id="418"><net_src comp="413" pin="1"/><net_sink comp="292" pin=0"/></net>

<net id="419"><net_src comp="413" pin="1"/><net_sink comp="301" pin=0"/></net>

<net id="423"><net_src comp="181" pin="2"/><net_sink comp="420" pin=0"/></net>

<net id="424"><net_src comp="420" pin="1"/><net_sink comp="166" pin=0"/></net>

</net_list>

</model> 
---------------- Datapath Model END ------------------

* FSMD analyzer results:
  - Output states:
	Port: activations3_2_4_out | {2 }
	Port: activations3_1_4_out | {2 }
	Port: activations3_0_4_out | {2 }
	Port: dactivations3_2_1_out | {2 }
	Port: dactivations3_1_1_out | {2 }
	Port: dactivations3_0_1_out | {2 }
 - Input state : 
	Port: backprop_Pipeline_RELU_loop12 : activations3_2 | {1 }
	Port: backprop_Pipeline_RELU_loop12 : activations3_1 | {1 }
	Port: backprop_Pipeline_RELU_loop12 : activations3_0 | {1 }
	Port: backprop_Pipeline_RELU_loop12 : dactivations3_2_03 | {1 }
	Port: backprop_Pipeline_RELU_loop12 : dactivations3_1_02 | {1 }
	Port: backprop_Pipeline_RELU_loop12 : dactivations3_0_01 | {1 }
  - Chain level:
	State 1
		store_ln34 : 1
	State 2
		icmp_ln36 : 1
		add_ln36 : 1
		br_ln36 : 2
		tmp_5 : 1
		sub_i2 : 2
		bitcast_ln39 : 2
		xor_ln39 : 3
		write_ln0 : 1
		write_ln0 : 1
		write_ln0 : 1
		write_ln0 : 1
		write_ln0 : 1
		write_ln0 : 1
	State 3
		tmp_2 : 1
	State 4
	State 5
	State 6
	State 7
	State 8
	State 9
	State 10
	State 11
	State 12
	State 13
	State 14
	State 15
	State 16
	State 17
	State 18
	State 19
	State 20
	State 21
	State 22
	State 23
	State 24
	State 25
	State 26
	State 27
	State 28
	State 29
	State 30
		store_ln39 : 1
		store_ln39 : 1
		store_ln39 : 1


============================================================
+ Verbose Summary: Datapath Resource usage 
============================================================

* Functional unit list:
|----------|-------------------------------------|---------|---------|---------|
| Operation|           Functional Unit           |   DSP   |    FF   |   LUT   |
|----------|-------------------------------------|---------|---------|---------|
|   dexp   |              grp_fu_181             |    26   |   838   |   1844  |
|----------|-------------------------------------|---------|---------|---------|
|   dadd   |              grp_fu_166             |    3    |   430   |   708   |
|----------|-------------------------------------|---------|---------|---------|
|   dmul   |              grp_fu_172             |    8    |   275   |   108   |
|----------|-------------------------------------|---------|---------|---------|
|    xor   |           xor_ln39_fu_268           |    0    |    0    |    64   |
|----------|-------------------------------------|---------|---------|---------|
|    mux   |             tmp_5_fu_251            |    0    |    0    |    14   |
|----------|-------------------------------------|---------|---------|---------|
|   icmp   |           icmp_ln36_fu_230          |    0    |    0    |    9    |
|----------|-------------------------------------|---------|---------|---------|
|    add   |           add_ln36_fu_236           |    0    |    0    |    9    |
|----------|-------------------------------------|---------|---------|---------|
|          |  dactivations3_0_01_read_read_fu_88 |    0    |    0    |    0    |
|          |  dactivations3_1_02_read_read_fu_94 |    0    |    0    |    0    |
|   read   | dactivations3_2_03_read_read_fu_100 |    0    |    0    |    0    |
|          |   activations3_0_read_read_fu_106   |    0    |    0    |    0    |
|          |   activations3_1_read_read_fu_112   |    0    |    0    |    0    |
|          |   activations3_2_read_read_fu_118   |    0    |    0    |    0    |
|----------|-------------------------------------|---------|---------|---------|
|          |        write_ln0_write_fu_124       |    0    |    0    |    0    |
|          |        write_ln0_write_fu_131       |    0    |    0    |    0    |
|   write  |        write_ln0_write_fu_138       |    0    |    0    |    0    |
|          |        write_ln0_write_fu_145       |    0    |    0    |    0    |
|          |        write_ln0_write_fu_152       |    0    |    0    |    0    |
|          |        write_ln0_write_fu_159       |    0    |    0    |    0    |
|----------|-------------------------------------|---------|---------|---------|
|   ddiv   |              grp_fu_176             |    0    |    0    |    0    |
|----------|-------------------------------------|---------|---------|---------|
|   Total  |                                     |    37   |   1543  |   2756  |
|----------|-------------------------------------|---------|---------|---------|

Memories:
N/A

* Register list:
+-------------------------+--------+
|                         |   FF   |
+-------------------------+--------+
| activations3_0_4_reg_361|   64   |
| activations3_1_4_reg_369|   64   |
| activations3_2_4_reg_377|   64   |
|     add_ln36_reg_392    |    2   |
|  bitcast_ln39_1_reg_408 |   64   |
|dactivations3_0_1_reg_340|   64   |
|dactivations3_1_1_reg_347|   64   |
| dactivations3_1_reg_413 |   64   |
|dactivations3_2_1_reg_354|   64   |
|       i_17_reg_333      |    2   |
|        i_reg_385        |    2   |
|         reg_186         |   64   |
|      tmp_2_reg_420      |   64   |
|      tmp_5_reg_397      |   64   |
|     xor_ln39_reg_403    |   64   |
+-------------------------+--------+
|          Total          |   774  |
+-------------------------+--------+

* Multiplexer (MUX) list: 
|------------|------|------|------|--------||---------||---------|
|    Comp    |  Pin | Size |  BW  | S x BW ||  Delay  ||   LUT   |
|------------|------|------|------|--------||---------||---------|
| grp_fu_166 |  p0  |   2  |  64  |   128  ||    9    |
| grp_fu_166 |  p1  |   3  |  64  |   192  ||    14   |
| grp_fu_181 |  p1  |   2  |  64  |   128  ||    9    |
|------------|------|------|------|--------||---------||---------|
|    Total   |      |      |      |   448  || 1.19386 ||    32   |
|------------|------|------|------|--------||---------||---------|



* Summary:
+-----------+--------+--------+--------+--------+
|           |   DSP  |  Delay |   FF   |   LUT  |
+-----------+--------+--------+--------+--------+
|  Function |   37   |    -   |  1543  |  2756  |
|   Memory  |    -   |    -   |    -   |    -   |
|Multiplexer|    -   |    1   |    -   |   32   |
|  Register |    -   |    -   |   774  |    -   |
+-----------+--------+--------+--------+--------+
|   Total   |   37   |    1   |  2317  |  2788  |
+-----------+--------+--------+--------+--------+
