

================================================================
== Vitis HLS Report for 'get_oracle_activations2_1'
================================================================
* Date:           Wed Jul  9 03:32:56 2025

* Version:        2023.2 (Build 4023990 on Oct 11 2023)
* Project:        BACKPROP
* Solution:       solution0 (Vivado IP Flow Target)
* Product family: virtexuplusHBM
* Target device:  xcu50-fsvh2104-2-e


================================================================
== Performance Estimates
================================================================
+ Timing: 
    * Summary: 
    +--------+---------+----------+------------+
    |  Clock |  Target | Estimated| Uncertainty|
    +--------+---------+----------+------------+
    |ap_clk  |  8.00 ns|  5.703 ns|     2.16 ns|
    +--------+---------+----------+------------+

+ Latency: 
    * Summary: 
    +---------+---------+-----------+-----------+------+------+---------+
    |  Latency (cycles) |   Latency (absolute)  |   Interval  | Pipeline|
    |   min   |   max   |    min    |    max    |  min |  max |   Type  |
    +---------+---------+-----------+-----------+------+------+---------+
    |     2113|     2113|  16.904 us|  16.904 us|  2113|  2113|       no|
    +---------+---------+-----------+-----------+------+------+---------+

    + Detail: 
        * Instance: 
        N/A

        * Loop: 
        +------------------------------------+---------+---------+----------+-----------+-----------+------+----------+
        |                                    |  Latency (cycles) | Iteration|  Initiation Interval  | Trip |          |
        |              Loop Name             |   min   |   max   |  Latency |  achieved |   target  | Count| Pipelined|
        +------------------------------------+---------+---------+----------+-----------+-----------+------+----------+
        |- get_oracle_activations2_loop1     |     2112|     2112|        33|          -|          -|    64|        no|
        | + get_oracle_activations2_loop1_1  |       27|       27|         9|          -|          -|     3|        no|
        +------------------------------------+---------+---------+----------+-----------+-----------+------+----------+

============================================================
+ Verbose Summary: Synthesis Manager
============================================================
InlineROM: 1
ExposeGlobal: 0
============================================================
+ Verbose Summary: CDFG Model
============================================================
IsTopModel: 0
ResetActiveHigh: 1
IsCombinational: 0
IsDatapathOnly: 0
HasWiredReturn: 1
HasMFsm: 0
HasVarLatency: 1
IsPipeline: 0
IsRtlPipelined: 0
IsInstanceOverlapped: 0
IsDontTouch: 0
HasImplIP: 0
IsGatedGlobalClock: 0


============================================================
+ Verbose Summary: Schedule
============================================================
* Number of FSM states : 15
* Pipeline : 0
* Dataflow Pipeline: 0

* FSM state transitions: 
1 --> 2 
2 --> 3 
3 --> 4 12 
4 --> 5 
5 --> 6 
6 --> 7 
7 --> 8 
8 --> 9 
9 --> 10 
10 --> 11 
11 --> 3 
12 --> 13 
13 --> 14 
14 --> 15 
15 --> 2 

* FSM state operations: 

State 1 <SV = 0> <Delay = 0.38>
ST_1 : Operation 16 [1/1] (0.00ns)   --->   "%i = alloca i32 1" [data/benchmarks/backprop/backprop.c:139]   --->   Operation 16 'alloca' 'i' <Predicate = true> <Delay = 0.00>
ST_1 : Operation 17 [1/1] (0.00ns)   --->   "%specinterface_ln0 = specinterface void @_ssdm_op_SpecInterface, i64 %weights3, void @empty_8, i32 0, i32 0, void @empty_42, i32 4294967295, i32 0, void @empty_42, void @empty_42, void @empty_42, i32 0, i32 0, i32 0, i32 0, void @empty_42, void @empty_42, i32 4294967295, i32 0"   --->   Operation 17 'specinterface' 'specinterface_ln0' <Predicate = true> <Delay = 0.00>
ST_1 : Operation 18 [1/1] (0.00ns)   --->   "%specpipeline_ln54 = specpipeline void @_ssdm_op_SpecPipeline, i32 0, i32 0, i32 1, i32 0, void @empty_42" [/home/gabriel/Documents/UFRGS/RAISE/AHLS/AHLS/data/base_directives/backprop.tcl:54]   --->   Operation 18 'specpipeline' 'specpipeline_ln54' <Predicate = true> <Delay = 0.00>
ST_1 : Operation 19 [1/1] (0.00ns)   --->   "%p_read28 = read i64 @_ssdm_op_Read.ap_auto.double, i64 %p_read2" [data/benchmarks/backprop/backprop.c:141]   --->   Operation 19 'read' 'p_read28' <Predicate = true> <Delay = 0.00>
ST_1 : Operation 20 [1/1] (0.00ns)   --->   "%p_read17 = read i64 @_ssdm_op_Read.ap_auto.double, i64 %p_read1" [data/benchmarks/backprop/backprop.c:141]   --->   Operation 20 'read' 'p_read17' <Predicate = true> <Delay = 0.00>
ST_1 : Operation 21 [1/1] (0.00ns)   --->   "%p_read_13 = read i64 @_ssdm_op_Read.ap_auto.double, i64 %p_read" [data/benchmarks/backprop/backprop.c:141]   --->   Operation 21 'read' 'p_read_13' <Predicate = true> <Delay = 0.00>
ST_1 : Operation 22 [1/1] (0.38ns)   --->   "%store_ln139 = store i7 0, i7 %i" [data/benchmarks/backprop/backprop.c:139]   --->   Operation 22 'store' 'store_ln139' <Predicate = true> <Delay = 0.38>
ST_1 : Operation 23 [1/1] (0.00ns)   --->   "%br_ln141 = br void %get_oracle_activations2_loop1_1" [data/benchmarks/backprop/backprop.c:141]   --->   Operation 23 'br' 'br_ln141' <Predicate = true> <Delay = 0.00>

State 2 <SV = 1> <Delay = 0.70>
ST_2 : Operation 24 [1/1] (0.00ns)   --->   "%i_28 = load i7 %i"   --->   Operation 24 'load' 'i_28' <Predicate = true> <Delay = 0.00>
ST_2 : Operation 25 [1/1] (0.70ns)   --->   "%icmp_ln141 = icmp_eq  i7 %i_28, i7 64" [data/benchmarks/backprop/backprop.c:141]   --->   Operation 25 'icmp' 'icmp_ln141' <Predicate = true> <Delay = 0.70> <CoreInst = "Cmp">   --->   Core 9 'Cmp' <Latency = 0> <II = 1> <Delay = 0.70> <FuncUnit> <Opcode : 'icmp'> <InPorts = 2> <OutPorts = 1>
ST_2 : Operation 26 [1/1] (0.70ns)   --->   "%add_ln141 = add i7 %i_28, i7 1" [data/benchmarks/backprop/backprop.c:141]   --->   Operation 26 'add' 'add_ln141' <Predicate = true> <Delay = 0.70> <CoreInst = "Adder">   --->   Core 1 'Adder' <Latency = 0> <II = 1> <Delay = 0.70> <FuncUnit> <Opcode : 'add' 'sub'> <InPorts = 2> <OutPorts = 1>
ST_2 : Operation 27 [1/1] (0.00ns)   --->   "%br_ln141 = br i1 %icmp_ln141, void %get_oracle_activations2_loop1_1.split, void %for.end21" [data/benchmarks/backprop/backprop.c:141]   --->   Operation 27 'br' 'br_ln141' <Predicate = true> <Delay = 0.00>
ST_2 : Operation 28 [1/1] (0.00ns)   --->   "%zext_ln141 = zext i7 %i_28" [data/benchmarks/backprop/backprop.c:141]   --->   Operation 28 'zext' 'zext_ln141' <Predicate = (!icmp_ln141)> <Delay = 0.00>
ST_2 : Operation 29 [1/1] (0.00ns)   --->   "%zext_ln141_1 = zext i7 %i_28" [data/benchmarks/backprop/backprop.c:141]   --->   Operation 29 'zext' 'zext_ln141_1' <Predicate = (!icmp_ln141)> <Delay = 0.00>
ST_2 : Operation 30 [1/1] (0.00ns)   --->   "%speclooptripcount_ln142 = speclooptripcount void @_ssdm_op_SpecLoopTripCount, i64 64, i64 64, i64 64" [data/benchmarks/backprop/backprop.c:142]   --->   Operation 30 'speclooptripcount' 'speclooptripcount_ln142' <Predicate = (!icmp_ln141)> <Delay = 0.00>
ST_2 : Operation 31 [1/1] (0.00ns)   --->   "%specloopname_ln150 = specloopname void @_ssdm_op_SpecLoopName, void @empty_17" [data/benchmarks/backprop/backprop.c:150]   --->   Operation 31 'specloopname' 'specloopname_ln150' <Predicate = (!icmp_ln141)> <Delay = 0.00>
ST_2 : Operation 32 [1/1] (0.00ns)   --->   "%oracle_activations_addr = getelementptr i64 %oracle_activations, i64 0, i64 %zext_ln141" [data/benchmarks/backprop/backprop.c:143]   --->   Operation 32 'getelementptr' 'oracle_activations_addr' <Predicate = (!icmp_ln141)> <Delay = 0.00>
ST_2 : Operation 33 [1/1] (0.00ns)   --->   "%empty = trunc i7 %i_28"   --->   Operation 33 'trunc' 'empty' <Predicate = (!icmp_ln141)> <Delay = 0.00>
ST_2 : Operation 34 [1/1] (0.00ns)   --->   "%p_shl = bitconcatenate i8 @_ssdm_op_BitConcatenate.i8.i6.i2, i6 %empty, i2 0"   --->   Operation 34 'bitconcatenate' 'p_shl' <Predicate = (!icmp_ln141)> <Delay = 0.00>
ST_2 : Operation 35 [1/1] (0.70ns)   --->   "%empty_51 = sub i8 %p_shl, i8 %zext_ln141_1" [data/benchmarks/backprop/backprop.c:141]   --->   Operation 35 'sub' 'empty_51' <Predicate = (!icmp_ln141)> <Delay = 0.70> <CoreInst = "Adder">   --->   Core 1 'Adder' <Latency = 0> <II = 1> <Delay = 0.70> <FuncUnit> <Opcode : 'add' 'sub'> <InPorts = 2> <OutPorts = 1>
ST_2 : Operation 36 [1/1] (0.38ns)   --->   "%br_ln145 = br void %for.inc" [data/benchmarks/backprop/backprop.c:145]   --->   Operation 36 'br' 'br_ln145' <Predicate = (!icmp_ln141)> <Delay = 0.38>
ST_2 : Operation 37 [1/1] (0.00ns)   --->   "%ret_ln151 = ret" [data/benchmarks/backprop/backprop.c:151]   --->   Operation 37 'ret' 'ret_ln151' <Predicate = (icmp_ln141)> <Delay = 0.00>

State 3 <SV = 2> <Delay = 1.90>
ST_3 : Operation 38 [1/1] (0.00ns)   --->   "%j = phi i2 %add_ln145, void %for.inc.split, i2 0, void %get_oracle_activations2_loop1_1.split" [data/benchmarks/backprop/backprop.c:147]   --->   Operation 38 'phi' 'j' <Predicate = true> <Delay = 0.00>
ST_3 : Operation 39 [1/1] (0.00ns)   --->   "%add113 = phi i64 %add, void %for.inc.split, i64 0, void %get_oracle_activations2_loop1_1.split" [data/benchmarks/backprop/backprop.c:147]   --->   Operation 39 'phi' 'add113' <Predicate = true> <Delay = 0.00>
ST_3 : Operation 40 [1/1] (0.43ns)   --->   "%icmp_ln145 = icmp_eq  i2 %j, i2 3" [data/benchmarks/backprop/backprop.c:145]   --->   Operation 40 'icmp' 'icmp_ln145' <Predicate = true> <Delay = 0.43> <CoreInst = "Cmp">   --->   Core 9 'Cmp' <Latency = 0> <II = 1> <Delay = 0.43> <FuncUnit> <Opcode : 'icmp'> <InPorts = 2> <OutPorts = 1>
ST_3 : Operation 41 [1/1] (0.43ns)   --->   "%add_ln145 = add i2 %j, i2 1" [data/benchmarks/backprop/backprop.c:145]   --->   Operation 41 'add' 'add_ln145' <Predicate = true> <Delay = 0.43> <CoreInst = "Adder">   --->   Core 1 'Adder' <Latency = 0> <II = 1> <Delay = 0.43> <FuncUnit> <Opcode : 'add' 'sub'> <InPorts = 2> <OutPorts = 1>
ST_3 : Operation 42 [1/1] (0.00ns)   --->   "%br_ln145 = br i1 %icmp_ln145, void %for.inc.split, void %for.inc19" [data/benchmarks/backprop/backprop.c:145]   --->   Operation 42 'br' 'br_ln145' <Predicate = true> <Delay = 0.00>
ST_3 : Operation 43 [1/1] (0.00ns)   --->   "%zext_ln145 = zext i2 %j" [data/benchmarks/backprop/backprop.c:145]   --->   Operation 43 'zext' 'zext_ln145' <Predicate = (!icmp_ln145)> <Delay = 0.00>
ST_3 : Operation 44 [1/1] (0.41ns)   --->   "%tmp = mux i64 @_ssdm_op_Mux.ap_auto.3double.i2, i64 %p_read_13, i64 %p_read17, i64 %p_read28, i2 %j" [data/benchmarks/backprop/backprop.c:147]   --->   Operation 44 'mux' 'tmp' <Predicate = (!icmp_ln145)> <Delay = 0.41> <CoreInst = "Multiplexer">   --->   Core 76 'Multiplexer' <Latency = 0> <II = 1> <Delay = 0.41> <FuncUnit> <Opcode : 'mux'> <InPorts = 2> <OutPorts = 1>
ST_3 : Operation 45 [1/1] (0.70ns)   --->   "%add_ln147 = add i8 %zext_ln145, i8 %empty_51" [data/benchmarks/backprop/backprop.c:147]   --->   Operation 45 'add' 'add_ln147' <Predicate = (!icmp_ln145)> <Delay = 0.70> <CoreInst = "Adder">   --->   Core 1 'Adder' <Latency = 0> <II = 1> <Delay = 0.70> <FuncUnit> <Opcode : 'add' 'sub'> <InPorts = 2> <OutPorts = 1>
ST_3 : Operation 46 [1/1] (0.00ns)   --->   "%zext_ln147 = zext i8 %add_ln147" [data/benchmarks/backprop/backprop.c:147]   --->   Operation 46 'zext' 'zext_ln147' <Predicate = (!icmp_ln145)> <Delay = 0.00>
ST_3 : Operation 47 [1/1] (0.00ns)   --->   "%weights3_addr = getelementptr i64 %weights3, i64 0, i64 %zext_ln147" [data/benchmarks/backprop/backprop.c:147]   --->   Operation 47 'getelementptr' 'weights3_addr' <Predicate = (!icmp_ln145)> <Delay = 0.00>
ST_3 : Operation 48 [2/2] (1.20ns)   --->   "%weights3_load = load i8 %weights3_addr" [data/benchmarks/backprop/backprop.c:147]   --->   Operation 48 'load' 'weights3_load' <Predicate = (!icmp_ln145)> <Delay = 1.20> <CoreInst = "RAM">   --->   Core 83 'RAM' <Latency = 1> <II = 1> <Delay = 1.20> <Storage> <Opcode : 'load' 'store'> <Ports = 2> <Width = 64> <Depth = 192> <RAM>
ST_3 : Operation 49 [1/1] (0.00ns)   --->   "%dactivations_addr = getelementptr i64 %dactivations, i64 0, i64 %zext_ln141" [data/benchmarks/backprop/backprop.c:149]   --->   Operation 49 'getelementptr' 'dactivations_addr' <Predicate = (icmp_ln145)> <Delay = 0.00>
ST_3 : Operation 50 [2/2] (0.71ns)   --->   "%dactivations_load = load i6 %dactivations_addr" [data/benchmarks/backprop/backprop.c:149]   --->   Operation 50 'load' 'dactivations_load' <Predicate = (icmp_ln145)> <Delay = 0.71> <CoreInst = "RAM">   --->   Core 83 'RAM' <Latency = 1> <II = 1> <Delay = 0.71> <Storage> <Opcode : 'load' 'store'> <Ports = 2> <Width = 64> <Depth = 64> <RAM>
ST_3 : Operation 51 [1/1] (0.38ns)   --->   "%store_ln139 = store i7 %add_ln141, i7 %i" [data/benchmarks/backprop/backprop.c:139]   --->   Operation 51 'store' 'store_ln139' <Predicate = (icmp_ln145)> <Delay = 0.38>

State 4 <SV = 3> <Delay = 5.70>
ST_4 : Operation 52 [1/2] (1.20ns)   --->   "%weights3_load = load i8 %weights3_addr" [data/benchmarks/backprop/backprop.c:147]   --->   Operation 52 'load' 'weights3_load' <Predicate = true> <Delay = 1.20> <CoreInst = "RAM">   --->   Core 83 'RAM' <Latency = 1> <II = 1> <Delay = 1.20> <Storage> <Opcode : 'load' 'store'> <Ports = 2> <Width = 64> <Depth = 192> <RAM>
ST_4 : Operation 53 [1/1] (0.00ns)   --->   "%bitcast_ln147 = bitcast i64 %weights3_load" [data/benchmarks/backprop/backprop.c:147]   --->   Operation 53 'bitcast' 'bitcast_ln147' <Predicate = true> <Delay = 0.00>
ST_4 : Operation 54 [4/4] (4.50ns)   --->   "%mul8 = dmul i64 %tmp, i64 %bitcast_ln147" [data/benchmarks/backprop/backprop.c:147]   --->   Operation 54 'dmul' 'mul8' <Predicate = true> <Delay = 4.50> <CoreInst = "DMul_maxdsp">   --->   Core 49 'DMul_maxdsp' <Latency = 3> <II = 1> <Delay = 4.50> <FuncUnit> <Opcode : 'dmul'> <InPorts = 2> <OutPorts = 1>

State 5 <SV = 4> <Delay = 4.50>
ST_5 : Operation 55 [3/4] (4.50ns)   --->   "%mul8 = dmul i64 %tmp, i64 %bitcast_ln147" [data/benchmarks/backprop/backprop.c:147]   --->   Operation 55 'dmul' 'mul8' <Predicate = true> <Delay = 4.50> <CoreInst = "DMul_maxdsp">   --->   Core 49 'DMul_maxdsp' <Latency = 3> <II = 1> <Delay = 4.50> <FuncUnit> <Opcode : 'dmul'> <InPorts = 2> <OutPorts = 1>

State 6 <SV = 5> <Delay = 4.50>
ST_6 : Operation 56 [2/4] (4.50ns)   --->   "%mul8 = dmul i64 %tmp, i64 %bitcast_ln147" [data/benchmarks/backprop/backprop.c:147]   --->   Operation 56 'dmul' 'mul8' <Predicate = true> <Delay = 4.50> <CoreInst = "DMul_maxdsp">   --->   Core 49 'DMul_maxdsp' <Latency = 3> <II = 1> <Delay = 4.50> <FuncUnit> <Opcode : 'dmul'> <InPorts = 2> <OutPorts = 1>

State 7 <SV = 6> <Delay = 4.50>
ST_7 : Operation 57 [1/4] (4.50ns)   --->   "%mul8 = dmul i64 %tmp, i64 %bitcast_ln147" [data/benchmarks/backprop/backprop.c:147]   --->   Operation 57 'dmul' 'mul8' <Predicate = true> <Delay = 4.50> <CoreInst = "DMul_maxdsp">   --->   Core 49 'DMul_maxdsp' <Latency = 3> <II = 1> <Delay = 4.50> <FuncUnit> <Opcode : 'dmul'> <InPorts = 2> <OutPorts = 1>

State 8 <SV = 7> <Delay = 4.33>
ST_8 : Operation 58 [4/4] (4.33ns)   --->   "%add = dadd i64 %add113, i64 %mul8" [data/benchmarks/backprop/backprop.c:147]   --->   Operation 58 'dadd' 'add' <Predicate = true> <Delay = 4.33> <CoreInst = "DAddSub_fulldsp">   --->   Core 37 'DAddSub_fulldsp' <Latency = 3> <II = 1> <Delay = 4.33> <FuncUnit> <Opcode : 'dadd' 'dsub'> <InPorts = 2> <OutPorts = 1>

State 9 <SV = 8> <Delay = 4.33>
ST_9 : Operation 59 [3/4] (4.33ns)   --->   "%add = dadd i64 %add113, i64 %mul8" [data/benchmarks/backprop/backprop.c:147]   --->   Operation 59 'dadd' 'add' <Predicate = true> <Delay = 4.33> <CoreInst = "DAddSub_fulldsp">   --->   Core 37 'DAddSub_fulldsp' <Latency = 3> <II = 1> <Delay = 4.33> <FuncUnit> <Opcode : 'dadd' 'dsub'> <InPorts = 2> <OutPorts = 1>

State 10 <SV = 9> <Delay = 4.33>
ST_10 : Operation 60 [2/4] (4.33ns)   --->   "%add = dadd i64 %add113, i64 %mul8" [data/benchmarks/backprop/backprop.c:147]   --->   Operation 60 'dadd' 'add' <Predicate = true> <Delay = 4.33> <CoreInst = "DAddSub_fulldsp">   --->   Core 37 'DAddSub_fulldsp' <Latency = 3> <II = 1> <Delay = 4.33> <FuncUnit> <Opcode : 'dadd' 'dsub'> <InPorts = 2> <OutPorts = 1>

State 11 <SV = 10> <Delay = 4.33>
ST_11 : Operation 61 [1/1] (0.00ns)   --->   "%speclooptripcount_ln146 = speclooptripcount void @_ssdm_op_SpecLoopTripCount, i64 3, i64 3, i64 3" [data/benchmarks/backprop/backprop.c:146]   --->   Operation 61 'speclooptripcount' 'speclooptripcount_ln146' <Predicate = true> <Delay = 0.00>
ST_11 : Operation 62 [1/1] (0.00ns)   --->   "%specloopname_ln148 = specloopname void @_ssdm_op_SpecLoopName, void @empty_16" [data/benchmarks/backprop/backprop.c:148]   --->   Operation 62 'specloopname' 'specloopname_ln148' <Predicate = true> <Delay = 0.00>
ST_11 : Operation 63 [1/4] (4.33ns)   --->   "%add = dadd i64 %add113, i64 %mul8" [data/benchmarks/backprop/backprop.c:147]   --->   Operation 63 'dadd' 'add' <Predicate = true> <Delay = 4.33> <CoreInst = "DAddSub_fulldsp">   --->   Core 37 'DAddSub_fulldsp' <Latency = 3> <II = 1> <Delay = 4.33> <FuncUnit> <Opcode : 'dadd' 'dsub'> <InPorts = 2> <OutPorts = 1>
ST_11 : Operation 64 [1/1] (0.00ns)   --->   "%br_ln145 = br void %for.inc" [data/benchmarks/backprop/backprop.c:145]   --->   Operation 64 'br' 'br_ln145' <Predicate = true> <Delay = 0.00>

State 12 <SV = 3> <Delay = 5.21>
ST_12 : Operation 65 [1/2] (0.71ns)   --->   "%dactivations_load = load i6 %dactivations_addr" [data/benchmarks/backprop/backprop.c:149]   --->   Operation 65 'load' 'dactivations_load' <Predicate = true> <Delay = 0.71> <CoreInst = "RAM">   --->   Core 83 'RAM' <Latency = 1> <II = 1> <Delay = 0.71> <Storage> <Opcode : 'load' 'store'> <Ports = 2> <Width = 64> <Depth = 64> <RAM>
ST_12 : Operation 66 [4/4] (4.50ns)   --->   "%mul = dmul i64 %add113, i64 %dactivations_load" [data/benchmarks/backprop/backprop.c:149]   --->   Operation 66 'dmul' 'mul' <Predicate = true> <Delay = 4.50> <CoreInst = "DMul_maxdsp">   --->   Core 49 'DMul_maxdsp' <Latency = 3> <II = 1> <Delay = 4.50> <FuncUnit> <Opcode : 'dmul'> <InPorts = 2> <OutPorts = 1>

State 13 <SV = 4> <Delay = 4.50>
ST_13 : Operation 67 [3/4] (4.50ns)   --->   "%mul = dmul i64 %add113, i64 %dactivations_load" [data/benchmarks/backprop/backprop.c:149]   --->   Operation 67 'dmul' 'mul' <Predicate = true> <Delay = 4.50> <CoreInst = "DMul_maxdsp">   --->   Core 49 'DMul_maxdsp' <Latency = 3> <II = 1> <Delay = 4.50> <FuncUnit> <Opcode : 'dmul'> <InPorts = 2> <OutPorts = 1>

State 14 <SV = 5> <Delay = 4.50>
ST_14 : Operation 68 [2/4] (4.50ns)   --->   "%mul = dmul i64 %add113, i64 %dactivations_load" [data/benchmarks/backprop/backprop.c:149]   --->   Operation 68 'dmul' 'mul' <Predicate = true> <Delay = 4.50> <CoreInst = "DMul_maxdsp">   --->   Core 49 'DMul_maxdsp' <Latency = 3> <II = 1> <Delay = 4.50> <FuncUnit> <Opcode : 'dmul'> <InPorts = 2> <OutPorts = 1>

State 15 <SV = 6> <Delay = 5.21>
ST_15 : Operation 69 [1/4] (4.50ns)   --->   "%mul = dmul i64 %add113, i64 %dactivations_load" [data/benchmarks/backprop/backprop.c:149]   --->   Operation 69 'dmul' 'mul' <Predicate = true> <Delay = 4.50> <CoreInst = "DMul_maxdsp">   --->   Core 49 'DMul_maxdsp' <Latency = 3> <II = 1> <Delay = 4.50> <FuncUnit> <Opcode : 'dmul'> <InPorts = 2> <OutPorts = 1>
ST_15 : Operation 70 [1/1] (0.71ns)   --->   "%store_ln149 = store i64 %mul, i6 %oracle_activations_addr" [data/benchmarks/backprop/backprop.c:149]   --->   Operation 70 'store' 'store_ln149' <Predicate = true> <Delay = 0.71> <CoreInst = "RAM">   --->   Core 83 'RAM' <Latency = 1> <II = 1> <Delay = 0.71> <Storage> <Opcode : 'load' 'store'> <Ports = 2> <Width = 64> <Depth = 64> <RAM>
ST_15 : Operation 71 [1/1] (0.00ns)   --->   "%br_ln141 = br void %get_oracle_activations2_loop1_1" [data/benchmarks/backprop/backprop.c:141]   --->   Operation 71 'br' 'br_ln141' <Predicate = true> <Delay = 0.00>


============================================================
+ Verbose Summary: Timing violations
============================================================
Target clock period: 8.000ns, clock uncertainty: 2.160ns.

 <State 1>: 0.387ns
The critical path consists of the following:
	'alloca' operation 7 bit ('i', data/benchmarks/backprop/backprop.c:139) [7]  (0.000 ns)
	'store' operation 0 bit ('store_ln139', data/benchmarks/backprop/backprop.c:139) of constant 0 on local variable 'i', data/benchmarks/backprop/backprop.c:139 [13]  (0.387 ns)

 <State 2>: 0.706ns
The critical path consists of the following:
	'load' operation 7 bit ('i') on local variable 'i', data/benchmarks/backprop/backprop.c:139 [16]  (0.000 ns)
	'icmp' operation 1 bit ('icmp_ln141', data/benchmarks/backprop/backprop.c:141) [17]  (0.706 ns)

 <State 3>: 1.905ns
The critical path consists of the following:
	'phi' operation 2 bit ('j', data/benchmarks/backprop/backprop.c:147) with incoming values : ('add_ln145', data/benchmarks/backprop/backprop.c:145) [31]  (0.000 ns)
	'add' operation 8 bit ('add_ln147', data/benchmarks/backprop/backprop.c:147) [41]  (0.705 ns)
	'getelementptr' operation 8 bit ('weights3_addr', data/benchmarks/backprop/backprop.c:147) [43]  (0.000 ns)
	'load' operation 64 bit ('weights3_load', data/benchmarks/backprop/backprop.c:147) on array 'weights3' [44]  (1.200 ns)

 <State 4>: 5.703ns
The critical path consists of the following:
	'load' operation 64 bit ('weights3_load', data/benchmarks/backprop/backprop.c:147) on array 'weights3' [44]  (1.200 ns)
	'dmul' operation 64 bit ('mul8', data/benchmarks/backprop/backprop.c:147) [46]  (4.503 ns)

 <State 5>: 4.503ns
The critical path consists of the following:
	'dmul' operation 64 bit ('mul8', data/benchmarks/backprop/backprop.c:147) [46]  (4.503 ns)

 <State 6>: 4.503ns
The critical path consists of the following:
	'dmul' operation 64 bit ('mul8', data/benchmarks/backprop/backprop.c:147) [46]  (4.503 ns)

 <State 7>: 4.503ns
The critical path consists of the following:
	'dmul' operation 64 bit ('mul8', data/benchmarks/backprop/backprop.c:147) [46]  (4.503 ns)

 <State 8>: 4.334ns
The critical path consists of the following:
	'dadd' operation 64 bit ('add', data/benchmarks/backprop/backprop.c:147) [47]  (4.334 ns)

 <State 9>: 4.334ns
The critical path consists of the following:
	'dadd' operation 64 bit ('add', data/benchmarks/backprop/backprop.c:147) [47]  (4.334 ns)

 <State 10>: 4.334ns
The critical path consists of the following:
	'dadd' operation 64 bit ('add', data/benchmarks/backprop/backprop.c:147) [47]  (4.334 ns)

 <State 11>: 4.334ns
The critical path consists of the following:
	'dadd' operation 64 bit ('add', data/benchmarks/backprop/backprop.c:147) [47]  (4.334 ns)

 <State 12>: 5.217ns
The critical path consists of the following:
	'load' operation 64 bit ('dactivations_load', data/benchmarks/backprop/backprop.c:149) on array 'dactivations' [51]  (0.714 ns)
	'dmul' operation 64 bit ('mul', data/benchmarks/backprop/backprop.c:149) [52]  (4.503 ns)

 <State 13>: 4.503ns
The critical path consists of the following:
	'dmul' operation 64 bit ('mul', data/benchmarks/backprop/backprop.c:149) [52]  (4.503 ns)

 <State 14>: 4.503ns
The critical path consists of the following:
	'dmul' operation 64 bit ('mul', data/benchmarks/backprop/backprop.c:149) [52]  (4.503 ns)

 <State 15>: 5.217ns
The critical path consists of the following:
	'dmul' operation 64 bit ('mul', data/benchmarks/backprop/backprop.c:149) [52]  (4.503 ns)
	'store' operation 0 bit ('store_ln149', data/benchmarks/backprop/backprop.c:149) of variable 'mul', data/benchmarks/backprop/backprop.c:149 on array 'oracle_activations' [53]  (0.714 ns)


============================================================
+ Verbose Summary: Binding
============================================================
N/A
* FSMD analyzer results:
  - Output states:
 - Input state : 
  - Chain level:
	State 1
	State 2
	State 3
	State 4
	State 5
	State 6
	State 7
	State 8
	State 9
	State 10
	State 11
	State 12
	State 13
	State 14
	State 15


============================================================
+ Verbose Summary: Datapath Resource usage 
============================================================
N/A
