

================================================================
== Vitis HLS Report for 'matrix_vector_product_with_bias_input_layer_1'
================================================================
* Date:           Wed Jul  9 03:32:56 2025

* Version:        2023.2 (Build 4023990 on Oct 11 2023)
* Project:        BACKPROP
* Solution:       solution0 (Vivado IP Flow Target)
* Product family: virtexuplusHBM
* Target device:  xcu50-fsvh2104-2-e


================================================================
== Performance Estimates
================================================================
+ Timing: 
    * Summary: 
    +--------+---------+----------+------------+
    |  Clock |  Target | Estimated| Uncertainty|
    +--------+---------+----------+------------+
    |ap_clk  |  8.00 ns|  5.703 ns|     2.16 ns|
    +--------+---------+----------+------------+

+ Latency: 
    * Summary: 
    +---------+---------+-----------+-----------+------+------+---------+
    |  Latency (cycles) |   Latency (absolute)  |   Interval  | Pipeline|
    |   min   |   max   |    min    |    max    |  min |  max |   Type  |
    +---------+---------+-----------+-----------+------+------+---------+
    |     8771|     8771|  70.168 us|  70.168 us|  8771|  8771|       no|
    +---------+---------+-----------+-----------+------+------+---------+

    + Detail: 
        * Instance: 
        +--------------------------------------------+---------------------------------+---------+---------+----------+----------+-----+-----+---------+
        |                                            |                                 |  Latency (cycles) |  Latency (absolute) |  Interval | Pipeline|
        |                  Instance                  |              Module             |   min   |   max   |    min   |    max   | min | max |   Type  |
        +--------------------------------------------+---------------------------------+---------+---------+----------+----------+-----+-----+---------+
        |grp_add_bias_to_activations_clone_1_fu_136  |add_bias_to_activations_clone_1  |      321|      321|  2.568 us|  2.568 us|  321|  321|       no|
        +--------------------------------------------+---------------------------------+---------+---------+----------+----------+-----+-----+---------+

        * Loop: 
        +--------------------------------------------------------+---------+---------+----------+-----------+-----------+------+----------+
        |                                                        |  Latency (cycles) | Iteration|  Initiation Interval  | Trip |          |
        |                        Loop Name                       |   min   |   max   |  Latency |  achieved |   target  | Count| Pipelined|
        +--------------------------------------------------------+---------+---------+----------+-----------+-----------+------+----------+
        |- matrix_vector_product_with_bias_input_layer_loop1     |     8448|     8448|       132|          -|          -|    64|        no|
        | + matrix_vector_product_with_bias_input_layer_loop1_1  |      130|      130|        10|          -|          -|    13|        no|
        +--------------------------------------------------------+---------+---------+----------+-----------+-----------+------+----------+

============================================================
+ Verbose Summary: Synthesis Manager
============================================================
InlineROM: 1
ExposeGlobal: 0
============================================================
+ Verbose Summary: CDFG Model
============================================================
IsTopModel: 0
ResetActiveHigh: 1
IsCombinational: 0
IsDatapathOnly: 0
HasWiredReturn: 1
HasMFsm: 0
HasVarLatency: 1
IsPipeline: 0
IsRtlPipelined: 0
IsInstanceOverlapped: 0
IsDontTouch: 0
HasImplIP: 0
IsGatedGlobalClock: 0


============================================================
+ Verbose Summary: Schedule
============================================================
* Number of FSM states : 13
* Pipeline : 0
* Dataflow Pipeline: 0

* FSM state transitions: 
1 --> 2 
2 --> 13 3 
3 --> 4 2 
4 --> 5 
5 --> 6 
6 --> 7 
7 --> 8 
8 --> 9 
9 --> 10 
10 --> 11 
11 --> 12 
12 --> 3 
13 --> 

* FSM state operations: 

State 1 <SV = 0> <Delay = 0.38>
ST_1 : Operation 14 [1/1] (0.00ns)   --->   "%phi_mul = alloca i32 1"   --->   Operation 14 'alloca' 'phi_mul' <Predicate = true> <Delay = 0.00>
ST_1 : Operation 15 [1/1] (0.00ns)   --->   "%j = alloca i32 1" [data/benchmarks/backprop/backprop.c:58]   --->   Operation 15 'alloca' 'j' <Predicate = true> <Delay = 0.00>
ST_1 : Operation 16 [1/1] (0.00ns)   --->   "%specinterface_ln0 = specinterface void @_ssdm_op_SpecInterface, i64 %training_data, void @empty_8, i32 0, i32 0, void @empty_42, i32 4294967295, i32 0, void @empty_42, void @empty_42, void @empty_42, i32 0, i32 0, i32 0, i32 0, void @empty_42, void @empty_42, i32 4294967295, i32 0"   --->   Operation 16 'specinterface' 'specinterface_ln0' <Predicate = true> <Delay = 0.00>
ST_1 : Operation 17 [1/1] (0.00ns)   --->   "%specinterface_ln0 = specinterface void @_ssdm_op_SpecInterface, i64 %biases1, void @empty_8, i32 0, i32 0, void @empty_42, i32 4294967295, i32 0, void @empty_42, void @empty_42, void @empty_42, i32 0, i32 0, i32 0, i32 0, void @empty_42, void @empty_42, i32 4294967295, i32 0"   --->   Operation 17 'specinterface' 'specinterface_ln0' <Predicate = true> <Delay = 0.00>
ST_1 : Operation 18 [1/1] (0.00ns)   --->   "%specinterface_ln0 = specinterface void @_ssdm_op_SpecInterface, i64 %weights1, void @empty_8, i32 0, i32 0, void @empty_42, i32 4294967295, i32 0, void @empty_42, void @empty_42, void @empty_42, i32 0, i32 0, i32 0, i32 0, void @empty_42, void @empty_42, i32 4294967295, i32 0"   --->   Operation 18 'specinterface' 'specinterface_ln0' <Predicate = true> <Delay = 0.00>
ST_1 : Operation 19 [1/1] (0.00ns)   --->   "%specpipeline_ln46 = specpipeline void @_ssdm_op_SpecPipeline, i32 0, i32 0, i32 1, i32 0, void @empty_42" [/home/gabriel/Documents/UFRGS/RAISE/AHLS/AHLS/data/base_directives/backprop.tcl:46]   --->   Operation 19 'specpipeline' 'specpipeline_ln46' <Predicate = true> <Delay = 0.00>
ST_1 : Operation 20 [1/1] (0.00ns)   --->   "%idx_read = read i12 @_ssdm_op_Read.ap_auto.i12, i12 %idx" [data/benchmarks/backprop/backprop.c:60]   --->   Operation 20 'read' 'idx_read' <Predicate = true> <Delay = 0.00>
ST_1 : Operation 21 [1/1] (0.38ns)   --->   "%store_ln58 = store i7 0, i7 %j" [data/benchmarks/backprop/backprop.c:58]   --->   Operation 21 'store' 'store_ln58' <Predicate = true> <Delay = 0.38>
ST_1 : Operation 22 [1/1] (0.38ns)   --->   "%store_ln0 = store i10 0, i10 %phi_mul"   --->   Operation 22 'store' 'store_ln0' <Predicate = true> <Delay = 0.38>
ST_1 : Operation 23 [1/1] (0.00ns)   --->   "%br_ln60 = br void %matrix_vector_product_with_bias_input_layer_loop1_1" [data/benchmarks/backprop/backprop.c:60]   --->   Operation 23 'br' 'br_ln60' <Predicate = true> <Delay = 0.00>

State 2 <SV = 1> <Delay = 0.72>
ST_2 : Operation 24 [1/1] (0.00ns)   --->   "%phi_mul_load = load i10 %phi_mul" [data/benchmarks/backprop/backprop.c:66]   --->   Operation 24 'load' 'phi_mul_load' <Predicate = true> <Delay = 0.00>
ST_2 : Operation 25 [1/1] (0.00ns)   --->   "%j_7 = load i7 %j" [data/benchmarks/backprop/backprop.c:60]   --->   Operation 25 'load' 'j_7' <Predicate = true> <Delay = 0.00>
ST_2 : Operation 26 [1/1] (0.72ns)   --->   "%add_ln60_1 = add i10 %phi_mul_load, i10 13" [data/benchmarks/backprop/backprop.c:60]   --->   Operation 26 'add' 'add_ln60_1' <Predicate = true> <Delay = 0.72> <CoreInst = "Adder">   --->   Core 1 'Adder' <Latency = 0> <II = 1> <Delay = 0.72> <FuncUnit> <Opcode : 'add' 'sub'> <InPorts = 2> <OutPorts = 1>
ST_2 : Operation 27 [1/1] (0.70ns)   --->   "%icmp_ln60 = icmp_eq  i7 %j_7, i7 64" [data/benchmarks/backprop/backprop.c:60]   --->   Operation 27 'icmp' 'icmp_ln60' <Predicate = true> <Delay = 0.70> <CoreInst = "Cmp">   --->   Core 9 'Cmp' <Latency = 0> <II = 1> <Delay = 0.70> <FuncUnit> <Opcode : 'icmp'> <InPorts = 2> <OutPorts = 1>
ST_2 : Operation 28 [1/1] (0.70ns)   --->   "%add_ln60 = add i7 %j_7, i7 1" [data/benchmarks/backprop/backprop.c:60]   --->   Operation 28 'add' 'add_ln60' <Predicate = true> <Delay = 0.70> <CoreInst = "Adder">   --->   Core 1 'Adder' <Latency = 0> <II = 1> <Delay = 0.70> <FuncUnit> <Opcode : 'add' 'sub'> <InPorts = 2> <OutPorts = 1>
ST_2 : Operation 29 [1/1] (0.00ns)   --->   "%br_ln60 = br i1 %icmp_ln60, void %matrix_vector_product_with_bias_input_layer_loop1_1.split, void %for.end14" [data/benchmarks/backprop/backprop.c:60]   --->   Operation 29 'br' 'br_ln60' <Predicate = true> <Delay = 0.00>
ST_2 : Operation 30 [1/1] (0.00ns)   --->   "%zext_ln60 = zext i7 %j_7" [data/benchmarks/backprop/backprop.c:60]   --->   Operation 30 'zext' 'zext_ln60' <Predicate = (!icmp_ln60)> <Delay = 0.00>
ST_2 : Operation 31 [1/1] (0.00ns)   --->   "%speclooptripcount_ln61 = speclooptripcount void @_ssdm_op_SpecLoopTripCount, i64 64, i64 64, i64 64" [data/benchmarks/backprop/backprop.c:61]   --->   Operation 31 'speclooptripcount' 'speclooptripcount_ln61' <Predicate = (!icmp_ln60)> <Delay = 0.00>
ST_2 : Operation 32 [1/1] (0.00ns)   --->   "%specloopname_ln68 = specloopname void @_ssdm_op_SpecLoopName, void @empty" [data/benchmarks/backprop/backprop.c:68]   --->   Operation 32 'specloopname' 'specloopname_ln68' <Predicate = (!icmp_ln60)> <Delay = 0.00>
ST_2 : Operation 33 [1/1] (0.00ns)   --->   "%activations_addr = getelementptr i64 %activations, i64 0, i64 %zext_ln60" [data/benchmarks/backprop/backprop.c:62]   --->   Operation 33 'getelementptr' 'activations_addr' <Predicate = (!icmp_ln60)> <Delay = 0.00>
ST_2 : Operation 34 [1/1] (0.38ns)   --->   "%br_ln64 = br void %for.inc" [data/benchmarks/backprop/backprop.c:64]   --->   Operation 34 'br' 'br_ln64' <Predicate = (!icmp_ln60)> <Delay = 0.38>
ST_2 : Operation 35 [2/2] (0.00ns)   --->   "%call_ln69 = call void @add_bias_to_activations.clone.1, i64 %biases1, i64 %activations" [data/benchmarks/backprop/backprop.c:69]   --->   Operation 35 'call' 'call_ln69' <Predicate = (icmp_ln60)> <Delay = 0.00> <CoreType = "Generic">   --->   Core 0 '' <Latency = 0> <II = 1> <Delay = 1.00> <Generic> <Opcode : >

State 3 <SV = 2> <Delay = 2.39>
ST_3 : Operation 36 [1/1] (0.00ns)   --->   "%i = phi i4 %add_ln64, void %for.inc.split, i4 0, void %matrix_vector_product_with_bias_input_layer_loop1_1.split" [data/benchmarks/backprop/backprop.c:64]   --->   Operation 36 'phi' 'i' <Predicate = true> <Delay = 0.00>
ST_3 : Operation 37 [1/1] (0.00ns)   --->   "%add113 = phi i64 %add, void %for.inc.split, i64 0, void %matrix_vector_product_with_bias_input_layer_loop1_1.split" [data/benchmarks/backprop/backprop.c:66]   --->   Operation 37 'phi' 'add113' <Predicate = true> <Delay = 0.00>
ST_3 : Operation 38 [1/1] (0.70ns)   --->   "%icmp_ln64 = icmp_eq  i4 %i, i4 13" [data/benchmarks/backprop/backprop.c:64]   --->   Operation 38 'icmp' 'icmp_ln64' <Predicate = true> <Delay = 0.70> <CoreInst = "Cmp">   --->   Core 9 'Cmp' <Latency = 0> <II = 1> <Delay = 0.70> <FuncUnit> <Opcode : 'icmp'> <InPorts = 2> <OutPorts = 1>
ST_3 : Operation 39 [1/1] (0.70ns)   --->   "%add_ln64 = add i4 %i, i4 1" [data/benchmarks/backprop/backprop.c:64]   --->   Operation 39 'add' 'add_ln64' <Predicate = true> <Delay = 0.70> <CoreInst = "Adder">   --->   Core 1 'Adder' <Latency = 0> <II = 1> <Delay = 0.70> <FuncUnit> <Opcode : 'add' 'sub'> <InPorts = 2> <OutPorts = 1>
ST_3 : Operation 40 [1/1] (0.00ns)   --->   "%br_ln64 = br i1 %icmp_ln64, void %for.inc.split, void %for.inc12" [data/benchmarks/backprop/backprop.c:64]   --->   Operation 40 'br' 'br_ln64' <Predicate = true> <Delay = 0.00>
ST_3 : Operation 41 [1/1] (0.00ns)   --->   "%zext_ln64 = zext i4 %i" [data/benchmarks/backprop/backprop.c:64]   --->   Operation 41 'zext' 'zext_ln64' <Predicate = (!icmp_ln64)> <Delay = 0.00>
ST_3 : Operation 42 [1/1] (0.00ns)   --->   "%zext_ln64_1 = zext i4 %i" [data/benchmarks/backprop/backprop.c:64]   --->   Operation 42 'zext' 'zext_ln64_1' <Predicate = (!icmp_ln64)> <Delay = 0.00>
ST_3 : Operation 43 [1/1] (0.72ns)   --->   "%add_ln66 = add i10 %zext_ln64_1, i10 %phi_mul_load" [data/benchmarks/backprop/backprop.c:66]   --->   Operation 43 'add' 'add_ln66' <Predicate = (!icmp_ln64)> <Delay = 0.72> <CoreInst = "Adder">   --->   Core 1 'Adder' <Latency = 0> <II = 1> <Delay = 0.72> <FuncUnit> <Opcode : 'add' 'sub'> <InPorts = 2> <OutPorts = 1>
ST_3 : Operation 44 [1/1] (0.74ns)   --->   "%add_ln66_1 = add i12 %zext_ln64, i12 %idx_read" [data/benchmarks/backprop/backprop.c:66]   --->   Operation 44 'add' 'add_ln66_1' <Predicate = (!icmp_ln64)> <Delay = 0.74> <CoreInst = "Adder">   --->   Core 1 'Adder' <Latency = 0> <II = 1> <Delay = 0.74> <FuncUnit> <Opcode : 'add' 'sub'> <InPorts = 2> <OutPorts = 1>
ST_3 : Operation 45 [1/1] (0.00ns)   --->   "%zext_ln66_1 = zext i12 %add_ln66_1" [data/benchmarks/backprop/backprop.c:66]   --->   Operation 45 'zext' 'zext_ln66_1' <Predicate = (!icmp_ln64)> <Delay = 0.00>
ST_3 : Operation 46 [1/1] (0.00ns)   --->   "%training_data_addr = getelementptr i64 %training_data, i64 0, i64 %zext_ln66_1" [data/benchmarks/backprop/backprop.c:66]   --->   Operation 46 'getelementptr' 'training_data_addr' <Predicate = (!icmp_ln64)> <Delay = 0.00>
ST_3 : Operation 47 [2/2] (1.64ns)   --->   "%training_data_load = load i12 %training_data_addr" [data/benchmarks/backprop/backprop.c:66]   --->   Operation 47 'load' 'training_data_load' <Predicate = (!icmp_ln64)> <Delay = 1.64> <CoreInst = "RAM">   --->   Core 83 'RAM' <Latency = 1> <II = 1> <Delay = 1.64> <Storage> <Opcode : 'load' 'store'> <Ports = 2> <Width = 64> <Depth = 2119> <RAM>
ST_3 : Operation 48 [1/1] (0.71ns)   --->   "%store_ln66 = store i64 %add113, i6 %activations_addr" [data/benchmarks/backprop/backprop.c:66]   --->   Operation 48 'store' 'store_ln66' <Predicate = (icmp_ln64)> <Delay = 0.71> <CoreInst = "RAM">   --->   Core 83 'RAM' <Latency = 1> <II = 1> <Delay = 0.71> <Storage> <Opcode : 'load' 'store'> <Ports = 2> <Width = 64> <Depth = 64> <RAM>
ST_3 : Operation 49 [1/1] (0.38ns)   --->   "%store_ln58 = store i7 %add_ln60, i7 %j" [data/benchmarks/backprop/backprop.c:58]   --->   Operation 49 'store' 'store_ln58' <Predicate = (icmp_ln64)> <Delay = 0.38>
ST_3 : Operation 50 [1/1] (0.38ns)   --->   "%store_ln60 = store i10 %add_ln60_1, i10 %phi_mul" [data/benchmarks/backprop/backprop.c:60]   --->   Operation 50 'store' 'store_ln60' <Predicate = (icmp_ln64)> <Delay = 0.38>
ST_3 : Operation 51 [1/1] (0.00ns)   --->   "%br_ln60 = br void %matrix_vector_product_with_bias_input_layer_loop1_1" [data/benchmarks/backprop/backprop.c:60]   --->   Operation 51 'br' 'br_ln60' <Predicate = (icmp_ln64)> <Delay = 0.00>

State 4 <SV = 3> <Delay = 1.64>
ST_4 : Operation 52 [1/1] (0.00ns)   --->   "%zext_ln66 = zext i10 %add_ln66" [data/benchmarks/backprop/backprop.c:66]   --->   Operation 52 'zext' 'zext_ln66' <Predicate = true> <Delay = 0.00>
ST_4 : Operation 53 [1/1] (0.00ns)   --->   "%weights1_addr = getelementptr i64 %weights1, i64 0, i64 %zext_ln66" [data/benchmarks/backprop/backprop.c:66]   --->   Operation 53 'getelementptr' 'weights1_addr' <Predicate = true> <Delay = 0.00>
ST_4 : Operation 54 [2/2] (1.20ns)   --->   "%weights1_load = load i10 %weights1_addr" [data/benchmarks/backprop/backprop.c:66]   --->   Operation 54 'load' 'weights1_load' <Predicate = true> <Delay = 1.20> <CoreInst = "RAM">   --->   Core 83 'RAM' <Latency = 1> <II = 1> <Delay = 1.20> <Storage> <Opcode : 'load' 'store'> <Ports = 2> <Width = 64> <Depth = 832> <RAM>
ST_4 : Operation 55 [1/2] (1.64ns)   --->   "%training_data_load = load i12 %training_data_addr" [data/benchmarks/backprop/backprop.c:66]   --->   Operation 55 'load' 'training_data_load' <Predicate = true> <Delay = 1.64> <CoreInst = "RAM">   --->   Core 83 'RAM' <Latency = 1> <II = 1> <Delay = 1.64> <Storage> <Opcode : 'load' 'store'> <Ports = 2> <Width = 64> <Depth = 2119> <RAM>

State 5 <SV = 4> <Delay = 5.70>
ST_5 : Operation 56 [1/2] (1.20ns)   --->   "%weights1_load = load i10 %weights1_addr" [data/benchmarks/backprop/backprop.c:66]   --->   Operation 56 'load' 'weights1_load' <Predicate = true> <Delay = 1.20> <CoreInst = "RAM">   --->   Core 83 'RAM' <Latency = 1> <II = 1> <Delay = 1.20> <Storage> <Opcode : 'load' 'store'> <Ports = 2> <Width = 64> <Depth = 832> <RAM>
ST_5 : Operation 57 [1/1] (0.00ns)   --->   "%bitcast_ln66 = bitcast i64 %weights1_load" [data/benchmarks/backprop/backprop.c:66]   --->   Operation 57 'bitcast' 'bitcast_ln66' <Predicate = true> <Delay = 0.00>
ST_5 : Operation 58 [1/1] (0.00ns)   --->   "%bitcast_ln66_1 = bitcast i64 %training_data_load" [data/benchmarks/backprop/backprop.c:66]   --->   Operation 58 'bitcast' 'bitcast_ln66_1' <Predicate = true> <Delay = 0.00>
ST_5 : Operation 59 [4/4] (4.50ns)   --->   "%mul8 = dmul i64 %bitcast_ln66, i64 %bitcast_ln66_1" [data/benchmarks/backprop/backprop.c:66]   --->   Operation 59 'dmul' 'mul8' <Predicate = true> <Delay = 4.50> <CoreInst = "DMul_maxdsp">   --->   Core 49 'DMul_maxdsp' <Latency = 3> <II = 1> <Delay = 4.50> <FuncUnit> <Opcode : 'dmul'> <InPorts = 2> <OutPorts = 1>

State 6 <SV = 5> <Delay = 4.50>
ST_6 : Operation 60 [3/4] (4.50ns)   --->   "%mul8 = dmul i64 %bitcast_ln66, i64 %bitcast_ln66_1" [data/benchmarks/backprop/backprop.c:66]   --->   Operation 60 'dmul' 'mul8' <Predicate = true> <Delay = 4.50> <CoreInst = "DMul_maxdsp">   --->   Core 49 'DMul_maxdsp' <Latency = 3> <II = 1> <Delay = 4.50> <FuncUnit> <Opcode : 'dmul'> <InPorts = 2> <OutPorts = 1>

State 7 <SV = 6> <Delay = 4.50>
ST_7 : Operation 61 [2/4] (4.50ns)   --->   "%mul8 = dmul i64 %bitcast_ln66, i64 %bitcast_ln66_1" [data/benchmarks/backprop/backprop.c:66]   --->   Operation 61 'dmul' 'mul8' <Predicate = true> <Delay = 4.50> <CoreInst = "DMul_maxdsp">   --->   Core 49 'DMul_maxdsp' <Latency = 3> <II = 1> <Delay = 4.50> <FuncUnit> <Opcode : 'dmul'> <InPorts = 2> <OutPorts = 1>

State 8 <SV = 7> <Delay = 4.50>
ST_8 : Operation 62 [1/4] (4.50ns)   --->   "%mul8 = dmul i64 %bitcast_ln66, i64 %bitcast_ln66_1" [data/benchmarks/backprop/backprop.c:66]   --->   Operation 62 'dmul' 'mul8' <Predicate = true> <Delay = 4.50> <CoreInst = "DMul_maxdsp">   --->   Core 49 'DMul_maxdsp' <Latency = 3> <II = 1> <Delay = 4.50> <FuncUnit> <Opcode : 'dmul'> <InPorts = 2> <OutPorts = 1>

State 9 <SV = 8> <Delay = 4.33>
ST_9 : Operation 63 [4/4] (4.33ns)   --->   "%add = dadd i64 %add113, i64 %mul8" [data/benchmarks/backprop/backprop.c:66]   --->   Operation 63 'dadd' 'add' <Predicate = true> <Delay = 4.33> <CoreInst = "DAddSub_fulldsp">   --->   Core 37 'DAddSub_fulldsp' <Latency = 3> <II = 1> <Delay = 4.33> <FuncUnit> <Opcode : 'dadd' 'dsub'> <InPorts = 2> <OutPorts = 1>

State 10 <SV = 9> <Delay = 4.33>
ST_10 : Operation 64 [3/4] (4.33ns)   --->   "%add = dadd i64 %add113, i64 %mul8" [data/benchmarks/backprop/backprop.c:66]   --->   Operation 64 'dadd' 'add' <Predicate = true> <Delay = 4.33> <CoreInst = "DAddSub_fulldsp">   --->   Core 37 'DAddSub_fulldsp' <Latency = 3> <II = 1> <Delay = 4.33> <FuncUnit> <Opcode : 'dadd' 'dsub'> <InPorts = 2> <OutPorts = 1>

State 11 <SV = 10> <Delay = 4.33>
ST_11 : Operation 65 [2/4] (4.33ns)   --->   "%add = dadd i64 %add113, i64 %mul8" [data/benchmarks/backprop/backprop.c:66]   --->   Operation 65 'dadd' 'add' <Predicate = true> <Delay = 4.33> <CoreInst = "DAddSub_fulldsp">   --->   Core 37 'DAddSub_fulldsp' <Latency = 3> <II = 1> <Delay = 4.33> <FuncUnit> <Opcode : 'dadd' 'dsub'> <InPorts = 2> <OutPorts = 1>

State 12 <SV = 11> <Delay = 4.33>
ST_12 : Operation 66 [1/1] (0.00ns)   --->   "%speclooptripcount_ln65 = speclooptripcount void @_ssdm_op_SpecLoopTripCount, i64 13, i64 13, i64 13" [data/benchmarks/backprop/backprop.c:65]   --->   Operation 66 'speclooptripcount' 'speclooptripcount_ln65' <Predicate = true> <Delay = 0.00>
ST_12 : Operation 67 [1/1] (0.00ns)   --->   "%specloopname_ln67 = specloopname void @_ssdm_op_SpecLoopName, void @empty_20" [data/benchmarks/backprop/backprop.c:67]   --->   Operation 67 'specloopname' 'specloopname_ln67' <Predicate = true> <Delay = 0.00>
ST_12 : Operation 68 [1/4] (4.33ns)   --->   "%add = dadd i64 %add113, i64 %mul8" [data/benchmarks/backprop/backprop.c:66]   --->   Operation 68 'dadd' 'add' <Predicate = true> <Delay = 4.33> <CoreInst = "DAddSub_fulldsp">   --->   Core 37 'DAddSub_fulldsp' <Latency = 3> <II = 1> <Delay = 4.33> <FuncUnit> <Opcode : 'dadd' 'dsub'> <InPorts = 2> <OutPorts = 1>
ST_12 : Operation 69 [1/1] (0.00ns)   --->   "%br_ln64 = br void %for.inc" [data/benchmarks/backprop/backprop.c:64]   --->   Operation 69 'br' 'br_ln64' <Predicate = true> <Delay = 0.00>

State 13 <SV = 2> <Delay = 0.00>
ST_13 : Operation 70 [1/2] (0.00ns)   --->   "%call_ln69 = call void @add_bias_to_activations.clone.1, i64 %biases1, i64 %activations" [data/benchmarks/backprop/backprop.c:69]   --->   Operation 70 'call' 'call_ln69' <Predicate = true> <Delay = 0.00> <CoreType = "Generic">   --->   Core 0 '' <Latency = 0> <II = 1> <Delay = 1.00> <Generic> <Opcode : >
ST_13 : Operation 71 [1/1] (0.00ns)   --->   "%ret_ln70 = ret" [data/benchmarks/backprop/backprop.c:70]   --->   Operation 71 'ret' 'ret_ln70' <Predicate = true> <Delay = 0.00>


============================================================
+ Verbose Summary: Binding
============================================================
STG Binding: 
---------------- STG Properties BEGIN ----------------
- Is combinational: 0
- Is one-state seq: 0
- Is datapath-only: 0
- Is pipelined: 0
- Is top level: 0
Port [ Return ] is wired: 1; IO mode=ap_ctrl_hs:ce=0
Port [ biases1]:  wired=1; compound=1; hidden=0; nouse=0; global=0; static=0; extern=0; dir=0; type=1; pingpong=0; private_global=0; MemPort=[13]; IO mode=ap_memory:ce=0
Port [ weights1]:  wired=1; compound=1; hidden=0; nouse=0; global=0; static=0; extern=0; dir=0; type=1; pingpong=0; private_global=0; MemPort=[13]; IO mode=ap_memory:ce=0
Port [ activations]:  wired=1; compound=1; hidden=0; nouse=0; global=0; static=0; extern=0; dir=2; type=1; pingpong=0; private_global=0; MemPort=[23]; IO mode=ap_memory:ce=0
Port [ training_data]:  wired=1; compound=1; hidden=0; nouse=0; global=0; static=0; extern=0; dir=0; type=1; pingpong=0; private_global=0; MemPort=[13]; IO mode=ap_memory:ce=0
Port [ idx]:  wired=1; compound=0; hidden=0; nouse=0; global=0; static=0; extern=0; dir=0; type=0; pingpong=0; private_global=0; IO mode=ap_none:ce=0
---------------- STG Properties END ------------------

---------------- Datapath Model BEGIN ----------------

<LifeTime>
<method=bitvector/>
phi_mul                (alloca           ) [ 01111111111110]
j                      (alloca           ) [ 01111111111110]
specinterface_ln0      (specinterface    ) [ 00000000000000]
specinterface_ln0      (specinterface    ) [ 00000000000000]
specinterface_ln0      (specinterface    ) [ 00000000000000]
specpipeline_ln46      (specpipeline     ) [ 00000000000000]
idx_read               (read             ) [ 00111111111110]
store_ln58             (store            ) [ 00000000000000]
store_ln0              (store            ) [ 00000000000000]
br_ln60                (br               ) [ 00000000000000]
phi_mul_load           (load             ) [ 00011111111110]
j_7                    (load             ) [ 00000000000000]
add_ln60_1             (add              ) [ 00011111111110]
icmp_ln60              (icmp             ) [ 00111111111110]
add_ln60               (add              ) [ 00011111111110]
br_ln60                (br               ) [ 00000000000000]
zext_ln60              (zext             ) [ 00000000000000]
speclooptripcount_ln61 (speclooptripcount) [ 00000000000000]
specloopname_ln68      (specloopname     ) [ 00000000000000]
activations_addr       (getelementptr    ) [ 00011111111110]
br_ln64                (br               ) [ 00111111111110]
i                      (phi              ) [ 00010000000000]
add113                 (phi              ) [ 00011111111110]
icmp_ln64              (icmp             ) [ 00111111111110]
add_ln64               (add              ) [ 00111111111110]
br_ln64                (br               ) [ 00000000000000]
zext_ln64              (zext             ) [ 00000000000000]
zext_ln64_1            (zext             ) [ 00000000000000]
add_ln66               (add              ) [ 00001000000000]
add_ln66_1             (add              ) [ 00000000000000]
zext_ln66_1            (zext             ) [ 00000000000000]
training_data_addr     (getelementptr    ) [ 00001000000000]
store_ln66             (store            ) [ 00000000000000]
store_ln58             (store            ) [ 00000000000000]
store_ln60             (store            ) [ 00000000000000]
br_ln60                (br               ) [ 00000000000000]
zext_ln66              (zext             ) [ 00000000000000]
weights1_addr          (getelementptr    ) [ 00000100000000]
training_data_load     (load             ) [ 00000100000000]
weights1_load          (load             ) [ 00000000000000]
bitcast_ln66           (bitcast          ) [ 00000011100000]
bitcast_ln66_1         (bitcast          ) [ 00000011100000]
mul8                   (dmul             ) [ 00000000011110]
speclooptripcount_ln65 (speclooptripcount) [ 00000000000000]
specloopname_ln67      (specloopname     ) [ 00000000000000]
add                    (dadd             ) [ 00111111111110]
br_ln64                (br               ) [ 00111111111110]
call_ln69              (call             ) [ 00000000000000]
ret_ln70               (ret              ) [ 00000000000000]
</LifeTime>

<model>

<comp_list>
<comp id="0" class="1000" name="biases1">
<pin_list>
<pin id="1" dir="1" index="0" bw="1" slack="0"/>
</pin_list>
<bind>
<StgValue><ssdm name="biases1"/><MemPortTyVec>1 3 </MemPortTyVec>
</StgValue>
</bind>
</comp>

<comp id="2" class="1000" name="weights1">
<pin_list>
<pin id="3" dir="1" index="0" bw="1" slack="0"/>
</pin_list>
<bind>
<StgValue><ssdm name="weights1"/><MemPortTyVec>1 3 </MemPortTyVec>
</StgValue>
</bind>
</comp>

<comp id="4" class="1000" name="activations">
<pin_list>
<pin id="5" dir="1" index="0" bw="1" slack="0"/>
</pin_list>
<bind>
<StgValue><ssdm name="activations"/><MemPortTyVec>2 3 </MemPortTyVec>
</StgValue>
</bind>
</comp>

<comp id="6" class="1000" name="training_data">
<pin_list>
<pin id="7" dir="1" index="0" bw="1" slack="0"/>
</pin_list>
<bind>
<StgValue><ssdm name="training_data"/><MemPortTyVec>1 3 </MemPortTyVec>
</StgValue>
</bind>
</comp>

<comp id="8" class="1000" name="idx">
<pin_list>
<pin id="9" dir="1" index="0" bw="1" slack="0"/>
</pin_list>
<bind>
<StgValue><ssdm name="idx"/></StgValue>
</bind>
</comp>

<comp id="10" class="1001" name="const_10">
<pin_list>
<pin id="11" dir="1" index="0" bw="1" slack="0"/>
</pin_list>
<bind>
<StgValue><ssdm name=""/></StgValue>
</bind>
</comp>

<comp id="12" class="1001" name="const_12">
<pin_list>
<pin id="13" dir="1" index="0" bw="1" slack="2147483647"/>
</pin_list>
<bind>
<StgValue><ssdm name="_ssdm_op_SpecInterface"/></StgValue>
</bind>
</comp>

<comp id="14" class="1001" name="const_14">
<pin_list>
<pin id="15" dir="1" index="0" bw="1" slack="2147483647"/>
</pin_list>
<bind>
<StgValue><ssdm name="empty_8"/></StgValue>
</bind>
</comp>

<comp id="16" class="1001" name="const_16">
<pin_list>
<pin id="17" dir="1" index="0" bw="1" slack="2147483647"/>
</pin_list>
<bind>
<StgValue><ssdm name=""/></StgValue>
</bind>
</comp>

<comp id="18" class="1001" name="const_18">
<pin_list>
<pin id="19" dir="1" index="0" bw="1" slack="2147483647"/>
</pin_list>
<bind>
<StgValue><ssdm name="empty_42"/></StgValue>
</bind>
</comp>

<comp id="20" class="1001" name="const_20">
<pin_list>
<pin id="21" dir="1" index="0" bw="1" slack="2147483647"/>
</pin_list>
<bind>
<StgValue><ssdm name=""/></StgValue>
</bind>
</comp>

<comp id="22" class="1001" name="const_22">
<pin_list>
<pin id="23" dir="1" index="0" bw="1" slack="2147483647"/>
</pin_list>
<bind>
<StgValue><ssdm name="_ssdm_op_SpecPipeline"/></StgValue>
</bind>
</comp>

<comp id="24" class="1001" name="const_24">
<pin_list>
<pin id="25" dir="1" index="0" bw="1" slack="0"/>
</pin_list>
<bind>
<StgValue><ssdm name="_ssdm_op_Read.ap_auto.i12"/></StgValue>
</bind>
</comp>

<comp id="26" class="1001" name="const_26">
<pin_list>
<pin id="27" dir="1" index="0" bw="1" slack="0"/>
</pin_list>
<bind>
<StgValue><ssdm name=""/></StgValue>
</bind>
</comp>

<comp id="28" class="1001" name="const_28">
<pin_list>
<pin id="29" dir="1" index="0" bw="1" slack="0"/>
</pin_list>
<bind>
<StgValue><ssdm name=""/></StgValue>
</bind>
</comp>

<comp id="30" class="1001" name="const_30">
<pin_list>
<pin id="31" dir="1" index="0" bw="1" slack="0"/>
</pin_list>
<bind>
<StgValue><ssdm name=""/></StgValue>
</bind>
</comp>

<comp id="32" class="1001" name="const_32">
<pin_list>
<pin id="33" dir="1" index="0" bw="1" slack="0"/>
</pin_list>
<bind>
<StgValue><ssdm name=""/></StgValue>
</bind>
</comp>

<comp id="34" class="1001" name="const_34">
<pin_list>
<pin id="35" dir="1" index="0" bw="1" slack="0"/>
</pin_list>
<bind>
<StgValue><ssdm name=""/></StgValue>
</bind>
</comp>

<comp id="36" class="1001" name="const_36">
<pin_list>
<pin id="37" dir="1" index="0" bw="1" slack="2147483647"/>
</pin_list>
<bind>
<StgValue><ssdm name="_ssdm_op_SpecLoopTripCount"/></StgValue>
</bind>
</comp>

<comp id="38" class="1001" name="const_38">
<pin_list>
<pin id="39" dir="1" index="0" bw="1" slack="2147483647"/>
</pin_list>
<bind>
<StgValue><ssdm name=""/></StgValue>
</bind>
</comp>

<comp id="40" class="1001" name="const_40">
<pin_list>
<pin id="41" dir="1" index="0" bw="1" slack="2147483647"/>
</pin_list>
<bind>
<StgValue><ssdm name="_ssdm_op_SpecLoopName"/></StgValue>
</bind>
</comp>

<comp id="42" class="1001" name="const_42">
<pin_list>
<pin id="43" dir="1" index="0" bw="1" slack="2147483647"/>
</pin_list>
<bind>
<StgValue><ssdm name="empty"/></StgValue>
</bind>
</comp>

<comp id="44" class="1001" name="const_44">
<pin_list>
<pin id="45" dir="1" index="0" bw="1" slack="0"/>
</pin_list>
<bind>
<StgValue><ssdm name=""/></StgValue>
</bind>
</comp>

<comp id="46" class="1001" name="const_46">
<pin_list>
<pin id="47" dir="1" index="0" bw="1" slack="0"/>
</pin_list>
<bind>
<StgValue><ssdm name="add_bias_to_activations.clone.1"/></StgValue>
</bind>
</comp>

<comp id="48" class="1001" name="const_48">
<pin_list>
<pin id="49" dir="1" index="0" bw="1" slack="1"/>
</pin_list>
<bind>
<StgValue><ssdm name=""/></StgValue>
</bind>
</comp>

<comp id="50" class="1001" name="const_50">
<pin_list>
<pin id="51" dir="1" index="0" bw="1" slack="1"/>
</pin_list>
<bind>
<StgValue><ssdm name=""/></StgValue>
</bind>
</comp>

<comp id="52" class="1001" name="const_52">
<pin_list>
<pin id="53" dir="1" index="0" bw="1" slack="0"/>
</pin_list>
<bind>
<StgValue><ssdm name=""/></StgValue>
</bind>
</comp>

<comp id="54" class="1001" name="const_54">
<pin_list>
<pin id="55" dir="1" index="0" bw="1" slack="0"/>
</pin_list>
<bind>
<StgValue><ssdm name=""/></StgValue>
</bind>
</comp>

<comp id="56" class="1001" name="const_56">
<pin_list>
<pin id="57" dir="1" index="0" bw="1" slack="2147483647"/>
</pin_list>
<bind>
<StgValue><ssdm name=""/></StgValue>
</bind>
</comp>

<comp id="58" class="1001" name="const_58">
<pin_list>
<pin id="59" dir="1" index="0" bw="1" slack="2147483647"/>
</pin_list>
<bind>
<StgValue><ssdm name="empty_20"/></StgValue>
</bind>
</comp>

<comp id="60" class="1004" name="phi_mul_fu_60">
<pin_list>
<pin id="61" dir="0" index="0" bw="1" slack="0"/>
<pin id="62" dir="1" index="1" bw="10" slack="0"/>
</pin_list>
<bind>
<opcode="alloca(26) " fcode="alloca"/>
<opset="phi_mul/1 "/>
</bind>
</comp>

<comp id="64" class="1004" name="j_fu_64">
<pin_list>
<pin id="65" dir="0" index="0" bw="1" slack="0"/>
<pin id="66" dir="1" index="1" bw="7" slack="0"/>
</pin_list>
<bind>
<opcode="alloca(26) " fcode="alloca"/>
<opset="j/1 "/>
</bind>
</comp>

<comp id="68" class="1004" name="idx_read_read_fu_68">
<pin_list>
<pin id="69" dir="0" index="0" bw="12" slack="0"/>
<pin id="70" dir="0" index="1" bw="12" slack="0"/>
<pin id="71" dir="1" index="2" bw="12" slack="2"/>
</pin_list>
<bind>
<opcode="read(1150) " fcode="read"/>
<opset="idx_read/1 "/>
</bind>
</comp>

<comp id="74" class="1004" name="activations_addr_gep_fu_74">
<pin_list>
<pin id="75" dir="0" index="0" bw="64" slack="0"/>
<pin id="76" dir="0" index="1" bw="1" slack="0"/>
<pin id="77" dir="0" index="2" bw="7" slack="0"/>
<pin id="78" dir="1" index="3" bw="6" slack="1"/>
</pin_list>
<bind>
<opcode="getelementptr(29) " fcode="getelementptr"/>
<opset="activations_addr/2 "/>
</bind>
</comp>

<comp id="81" class="1004" name="training_data_addr_gep_fu_81">
<pin_list>
<pin id="82" dir="0" index="0" bw="64" slack="0"/>
<pin id="83" dir="0" index="1" bw="1" slack="0"/>
<pin id="84" dir="0" index="2" bw="12" slack="0"/>
<pin id="85" dir="1" index="3" bw="12" slack="0"/>
</pin_list>
<bind>
<opcode="getelementptr(29) " fcode="getelementptr"/>
<opset="training_data_addr/3 "/>
</bind>
</comp>

<comp id="88" class="1004" name="grp_access_fu_88">
<pin_list>
<pin id="89" dir="0" index="0" bw="12" slack="0"/>
<pin id="90" dir="0" index="1" bw="64" slack="2147483647"/>
<pin id="91" dir="0" index="2" bw="0" slack="2147483647"/>
<pin id="92" dir="1" index="3" bw="64" slack="1"/>
</pin_list>
<bind>
<opcode="load(27) " fcode="load"/>
<opset="training_data_load/3 "/>
</bind>
</comp>

<comp id="94" class="1004" name="store_ln66_access_fu_94">
<pin_list>
<pin id="95" dir="0" index="0" bw="6" slack="1"/>
<pin id="96" dir="0" index="1" bw="64" slack="0"/>
<pin id="97" dir="0" index="2" bw="0" slack="2147483647"/>
<pin id="98" dir="1" index="3" bw="64" slack="2147483647"/>
</pin_list>
<bind>
<opcode="store(28) " fcode="store"/>
<opset="store_ln66/3 "/>
</bind>
</comp>

<comp id="99" class="1004" name="weights1_addr_gep_fu_99">
<pin_list>
<pin id="100" dir="0" index="0" bw="64" slack="0"/>
<pin id="101" dir="0" index="1" bw="1" slack="0"/>
<pin id="102" dir="0" index="2" bw="10" slack="0"/>
<pin id="103" dir="1" index="3" bw="10" slack="0"/>
</pin_list>
<bind>
<opcode="getelementptr(29) " fcode="getelementptr"/>
<opset="weights1_addr/4 "/>
</bind>
</comp>

<comp id="106" class="1004" name="grp_access_fu_106">
<pin_list>
<pin id="107" dir="0" index="0" bw="10" slack="0"/>
<pin id="108" dir="0" index="1" bw="64" slack="2147483647"/>
<pin id="109" dir="0" index="2" bw="0" slack="2147483647"/>
<pin id="110" dir="1" index="3" bw="64" slack="0"/>
</pin_list>
<bind>
<opcode="load(27) " fcode="load"/>
<opset="weights1_load/4 "/>
</bind>
</comp>

<comp id="112" class="1005" name="i_reg_112">
<pin_list>
<pin id="113" dir="0" index="0" bw="4" slack="1"/>
<pin id="114" dir="1" index="1" bw="4" slack="1"/>
</pin_list>
<bind>
<opset="i (phireg) "/>
</bind>
</comp>

<comp id="116" class="1004" name="i_phi_fu_116">
<pin_list>
<pin id="117" dir="0" index="0" bw="4" slack="0"/>
<pin id="118" dir="0" index="1" bw="0" slack="2147483647"/>
<pin id="119" dir="0" index="2" bw="1" slack="1"/>
<pin id="120" dir="0" index="3" bw="0" slack="2147483647"/>
<pin id="121" dir="1" index="4" bw="4" slack="0"/>
</pin_list>
<bind>
<opcode="phi(47) " fcode="phi"/>
<opset="i/3 "/>
</bind>
</comp>

<comp id="123" class="1005" name="add113_reg_123">
<pin_list>
<pin id="124" dir="0" index="0" bw="64" slack="1"/>
<pin id="125" dir="1" index="1" bw="64" slack="1"/>
</pin_list>
<bind>
<opset="add113 (phireg) "/>
</bind>
</comp>

<comp id="127" class="1004" name="add113_phi_fu_127">
<pin_list>
<pin id="128" dir="0" index="0" bw="64" slack="1"/>
<pin id="129" dir="0" index="1" bw="0" slack="2147483647"/>
<pin id="130" dir="0" index="2" bw="64" slack="1"/>
<pin id="131" dir="0" index="3" bw="0" slack="2147483647"/>
<pin id="132" dir="1" index="4" bw="64" slack="0"/>
</pin_list>
<bind>
<opcode="phi(47) " fcode="phi"/>
<opset="add113/3 "/>
</bind>
</comp>

<comp id="136" class="1004" name="grp_add_bias_to_activations_clone_1_fu_136">
<pin_list>
<pin id="137" dir="0" index="0" bw="0" slack="0"/>
<pin id="138" dir="0" index="1" bw="64" slack="0"/>
<pin id="139" dir="0" index="2" bw="64" slack="0"/>
<pin id="140" dir="1" index="3" bw="0" slack="2147483647"/>
</pin_list>
<bind>
<opcode="call(48) " fcode="call"/>
<opset="call_ln69/2 "/>
</bind>
</comp>

<comp id="144" class="1004" name="grp_fu_144">
<pin_list>
<pin id="145" dir="0" index="0" bw="64" slack="6"/>
<pin id="146" dir="0" index="1" bw="64" slack="1"/>
<pin id="147" dir="1" index="2" bw="64" slack="1"/>
</pin_list>
<bind>
<opcode="dadd(508) " fcode="dadd"/>
<opset="add/9 "/>
</bind>
</comp>

<comp id="149" class="1004" name="grp_fu_149">
<pin_list>
<pin id="150" dir="0" index="0" bw="64" slack="0"/>
<pin id="151" dir="0" index="1" bw="64" slack="0"/>
<pin id="152" dir="1" index="2" bw="64" slack="1"/>
</pin_list>
<bind>
<opcode="dmul(510) " fcode="dmul"/>
<opset="mul8/5 "/>
</bind>
</comp>

<comp id="153" class="1004" name="store_ln58_store_fu_153">
<pin_list>
<pin id="154" dir="0" index="0" bw="1" slack="0"/>
<pin id="155" dir="0" index="1" bw="7" slack="0"/>
<pin id="156" dir="1" index="2" bw="0" slack="2147483647"/>
</pin_list>
<bind>
<opcode="store(28) " fcode="store"/>
<opset="store_ln58/1 "/>
</bind>
</comp>

<comp id="158" class="1004" name="store_ln0_store_fu_158">
<pin_list>
<pin id="159" dir="0" index="0" bw="1" slack="0"/>
<pin id="160" dir="0" index="1" bw="10" slack="0"/>
<pin id="161" dir="1" index="2" bw="0" slack="2147483647"/>
</pin_list>
<bind>
<opcode="store(28) " fcode="store"/>
<opset="store_ln0/1 "/>
</bind>
</comp>

<comp id="163" class="1004" name="phi_mul_load_load_fu_163">
<pin_list>
<pin id="164" dir="0" index="0" bw="10" slack="1"/>
<pin id="165" dir="1" index="1" bw="10" slack="0"/>
</pin_list>
<bind>
<opcode="load(27) " fcode="load"/>
<opset="phi_mul_load/2 "/>
</bind>
</comp>

<comp id="166" class="1004" name="j_7_load_fu_166">
<pin_list>
<pin id="167" dir="0" index="0" bw="7" slack="1"/>
<pin id="168" dir="1" index="1" bw="7" slack="0"/>
</pin_list>
<bind>
<opcode="load(27) " fcode="load"/>
<opset="j_7/2 "/>
</bind>
</comp>

<comp id="169" class="1004" name="add_ln60_1_fu_169">
<pin_list>
<pin id="170" dir="0" index="0" bw="10" slack="0"/>
<pin id="171" dir="0" index="1" bw="5" slack="0"/>
<pin id="172" dir="1" index="2" bw="10" slack="1"/>
</pin_list>
<bind>
<opcode="add(8) " fcode="add"/>
<opset="add_ln60_1/2 "/>
</bind>
</comp>

<comp id="175" class="1004" name="icmp_ln60_fu_175">
<pin_list>
<pin id="176" dir="0" index="0" bw="7" slack="0"/>
<pin id="177" dir="0" index="1" bw="7" slack="0"/>
<pin id="178" dir="1" index="2" bw="1" slack="2147483647"/>
</pin_list>
<bind>
<opcode="icmp(45) " fcode="icmp"/>
<opset="icmp_ln60/2 "/>
</bind>
</comp>

<comp id="181" class="1004" name="add_ln60_fu_181">
<pin_list>
<pin id="182" dir="0" index="0" bw="7" slack="0"/>
<pin id="183" dir="0" index="1" bw="1" slack="0"/>
<pin id="184" dir="1" index="2" bw="7" slack="1"/>
</pin_list>
<bind>
<opcode="add(8) " fcode="add"/>
<opset="add_ln60/2 "/>
</bind>
</comp>

<comp id="187" class="1004" name="zext_ln60_fu_187">
<pin_list>
<pin id="188" dir="0" index="0" bw="7" slack="0"/>
<pin id="189" dir="1" index="1" bw="64" slack="0"/>
</pin_list>
<bind>
<opcode="zext(34) " fcode="zext"/>
<opset="zext_ln60/2 "/>
</bind>
</comp>

<comp id="192" class="1004" name="icmp_ln64_fu_192">
<pin_list>
<pin id="193" dir="0" index="0" bw="4" slack="0"/>
<pin id="194" dir="0" index="1" bw="3" slack="0"/>
<pin id="195" dir="1" index="2" bw="1" slack="2147483647"/>
</pin_list>
<bind>
<opcode="icmp(45) " fcode="icmp"/>
<opset="icmp_ln64/3 "/>
</bind>
</comp>

<comp id="198" class="1004" name="add_ln64_fu_198">
<pin_list>
<pin id="199" dir="0" index="0" bw="4" slack="0"/>
<pin id="200" dir="0" index="1" bw="1" slack="0"/>
<pin id="201" dir="1" index="2" bw="4" slack="0"/>
</pin_list>
<bind>
<opcode="add(8) " fcode="add"/>
<opset="add_ln64/3 "/>
</bind>
</comp>

<comp id="204" class="1004" name="zext_ln64_fu_204">
<pin_list>
<pin id="205" dir="0" index="0" bw="4" slack="0"/>
<pin id="206" dir="1" index="1" bw="12" slack="0"/>
</pin_list>
<bind>
<opcode="zext(34) " fcode="zext"/>
<opset="zext_ln64/3 "/>
</bind>
</comp>

<comp id="208" class="1004" name="zext_ln64_1_fu_208">
<pin_list>
<pin id="209" dir="0" index="0" bw="4" slack="0"/>
<pin id="210" dir="1" index="1" bw="10" slack="0"/>
</pin_list>
<bind>
<opcode="zext(34) " fcode="zext"/>
<opset="zext_ln64_1/3 "/>
</bind>
</comp>

<comp id="212" class="1004" name="add_ln66_fu_212">
<pin_list>
<pin id="213" dir="0" index="0" bw="4" slack="0"/>
<pin id="214" dir="0" index="1" bw="10" slack="2147483647"/>
<pin id="215" dir="1" index="2" bw="10" slack="1"/>
</pin_list>
<bind>
<opcode="add(8) " fcode="add"/>
<opset="add_ln66/3 "/>
</bind>
</comp>

<comp id="217" class="1004" name="add_ln66_1_fu_217">
<pin_list>
<pin id="218" dir="0" index="0" bw="4" slack="0"/>
<pin id="219" dir="0" index="1" bw="12" slack="2"/>
<pin id="220" dir="1" index="2" bw="12" slack="0"/>
</pin_list>
<bind>
<opcode="add(8) " fcode="add"/>
<opset="add_ln66_1/3 "/>
</bind>
</comp>

<comp id="222" class="1004" name="zext_ln66_1_fu_222">
<pin_list>
<pin id="223" dir="0" index="0" bw="12" slack="0"/>
<pin id="224" dir="1" index="1" bw="64" slack="0"/>
</pin_list>
<bind>
<opcode="zext(34) " fcode="zext"/>
<opset="zext_ln66_1/3 "/>
</bind>
</comp>

<comp id="227" class="1004" name="store_ln58_store_fu_227">
<pin_list>
<pin id="228" dir="0" index="0" bw="7" slack="1"/>
<pin id="229" dir="0" index="1" bw="7" slack="2"/>
<pin id="230" dir="1" index="2" bw="0" slack="2147483647"/>
</pin_list>
<bind>
<opcode="store(28) " fcode="store"/>
<opset="store_ln58/3 "/>
</bind>
</comp>

<comp id="231" class="1004" name="store_ln60_store_fu_231">
<pin_list>
<pin id="232" dir="0" index="0" bw="10" slack="1"/>
<pin id="233" dir="0" index="1" bw="10" slack="2"/>
<pin id="234" dir="1" index="2" bw="0" slack="2147483647"/>
</pin_list>
<bind>
<opcode="store(28) " fcode="store"/>
<opset="store_ln60/3 "/>
</bind>
</comp>

<comp id="235" class="1004" name="zext_ln66_fu_235">
<pin_list>
<pin id="236" dir="0" index="0" bw="10" slack="1"/>
<pin id="237" dir="1" index="1" bw="64" slack="0"/>
</pin_list>
<bind>
<opcode="zext(34) " fcode="zext"/>
<opset="zext_ln66/4 "/>
</bind>
</comp>

<comp id="239" class="1004" name="bitcast_ln66_fu_239">
<pin_list>
<pin id="240" dir="0" index="0" bw="64" slack="0"/>
<pin id="241" dir="1" index="1" bw="64" slack="0"/>
</pin_list>
<bind>
<opcode="bitcast(44) " fcode="bitcast"/>
<opset="bitcast_ln66/5 "/>
</bind>
</comp>

<comp id="244" class="1004" name="bitcast_ln66_1_fu_244">
<pin_list>
<pin id="245" dir="0" index="0" bw="64" slack="1"/>
<pin id="246" dir="1" index="1" bw="64" slack="0"/>
</pin_list>
<bind>
<opcode="bitcast(44) " fcode="bitcast"/>
<opset="bitcast_ln66_1/5 "/>
</bind>
</comp>

<comp id="248" class="1005" name="phi_mul_reg_248">
<pin_list>
<pin id="249" dir="0" index="0" bw="10" slack="0"/>
<pin id="250" dir="1" index="1" bw="10" slack="0"/>
</pin_list>
<bind>
<opset="phi_mul "/>
</bind>
</comp>

<comp id="255" class="1005" name="j_reg_255">
<pin_list>
<pin id="256" dir="0" index="0" bw="7" slack="0"/>
<pin id="257" dir="1" index="1" bw="7" slack="0"/>
</pin_list>
<bind>
<opset="j "/>
</bind>
</comp>

<comp id="262" class="1005" name="idx_read_reg_262">
<pin_list>
<pin id="263" dir="0" index="0" bw="12" slack="2"/>
<pin id="264" dir="1" index="1" bw="12" slack="2"/>
</pin_list>
<bind>
<opset="idx_read "/>
</bind>
</comp>

<comp id="270" class="1005" name="add_ln60_1_reg_270">
<pin_list>
<pin id="271" dir="0" index="0" bw="10" slack="1"/>
<pin id="272" dir="1" index="1" bw="10" slack="1"/>
</pin_list>
<bind>
<opset="add_ln60_1 "/>
</bind>
</comp>

<comp id="278" class="1005" name="add_ln60_reg_278">
<pin_list>
<pin id="279" dir="0" index="0" bw="7" slack="1"/>
<pin id="280" dir="1" index="1" bw="7" slack="1"/>
</pin_list>
<bind>
<opset="add_ln60 "/>
</bind>
</comp>

<comp id="283" class="1005" name="activations_addr_reg_283">
<pin_list>
<pin id="284" dir="0" index="0" bw="6" slack="1"/>
<pin id="285" dir="1" index="1" bw="6" slack="1"/>
</pin_list>
<bind>
<opset="activations_addr "/>
</bind>
</comp>

<comp id="291" class="1005" name="add_ln64_reg_291">
<pin_list>
<pin id="292" dir="0" index="0" bw="4" slack="0"/>
<pin id="293" dir="1" index="1" bw="4" slack="0"/>
</pin_list>
<bind>
<opset="add_ln64 "/>
</bind>
</comp>

<comp id="296" class="1005" name="add_ln66_reg_296">
<pin_list>
<pin id="297" dir="0" index="0" bw="10" slack="1"/>
<pin id="298" dir="1" index="1" bw="10" slack="1"/>
</pin_list>
<bind>
<opset="add_ln66 "/>
</bind>
</comp>

<comp id="301" class="1005" name="training_data_addr_reg_301">
<pin_list>
<pin id="302" dir="0" index="0" bw="12" slack="1"/>
<pin id="303" dir="1" index="1" bw="12" slack="1"/>
</pin_list>
<bind>
<opset="training_data_addr "/>
</bind>
</comp>

<comp id="306" class="1005" name="weights1_addr_reg_306">
<pin_list>
<pin id="307" dir="0" index="0" bw="10" slack="1"/>
<pin id="308" dir="1" index="1" bw="10" slack="1"/>
</pin_list>
<bind>
<opset="weights1_addr "/>
</bind>
</comp>

<comp id="311" class="1005" name="training_data_load_reg_311">
<pin_list>
<pin id="312" dir="0" index="0" bw="64" slack="1"/>
<pin id="313" dir="1" index="1" bw="64" slack="1"/>
</pin_list>
<bind>
<opset="training_data_load "/>
</bind>
</comp>

<comp id="316" class="1005" name="bitcast_ln66_reg_316">
<pin_list>
<pin id="317" dir="0" index="0" bw="64" slack="1"/>
<pin id="318" dir="1" index="1" bw="64" slack="1"/>
</pin_list>
<bind>
<opset="bitcast_ln66 "/>
</bind>
</comp>

<comp id="321" class="1005" name="bitcast_ln66_1_reg_321">
<pin_list>
<pin id="322" dir="0" index="0" bw="64" slack="1"/>
<pin id="323" dir="1" index="1" bw="64" slack="1"/>
</pin_list>
<bind>
<opset="bitcast_ln66_1 "/>
</bind>
</comp>

<comp id="326" class="1005" name="mul8_reg_326">
<pin_list>
<pin id="327" dir="0" index="0" bw="64" slack="1"/>
<pin id="328" dir="1" index="1" bw="64" slack="1"/>
</pin_list>
<bind>
<opset="mul8 "/>
</bind>
</comp>

<comp id="331" class="1005" name="add_reg_331">
<pin_list>
<pin id="332" dir="0" index="0" bw="64" slack="1"/>
<pin id="333" dir="1" index="1" bw="64" slack="1"/>
</pin_list>
<bind>
<opset="add "/>
</bind>
</comp>

</comp_list>

<net_list>
<net id="63"><net_src comp="10" pin="0"/><net_sink comp="60" pin=0"/></net>

<net id="67"><net_src comp="10" pin="0"/><net_sink comp="64" pin=0"/></net>

<net id="72"><net_src comp="24" pin="0"/><net_sink comp="68" pin=0"/></net>

<net id="73"><net_src comp="8" pin="0"/><net_sink comp="68" pin=1"/></net>

<net id="79"><net_src comp="4" pin="0"/><net_sink comp="74" pin=0"/></net>

<net id="80"><net_src comp="44" pin="0"/><net_sink comp="74" pin=1"/></net>

<net id="86"><net_src comp="6" pin="0"/><net_sink comp="81" pin=0"/></net>

<net id="87"><net_src comp="44" pin="0"/><net_sink comp="81" pin=1"/></net>

<net id="93"><net_src comp="81" pin="3"/><net_sink comp="88" pin=0"/></net>

<net id="104"><net_src comp="2" pin="0"/><net_sink comp="99" pin=0"/></net>

<net id="105"><net_src comp="44" pin="0"/><net_sink comp="99" pin=1"/></net>

<net id="111"><net_src comp="99" pin="3"/><net_sink comp="106" pin=0"/></net>

<net id="115"><net_src comp="48" pin="0"/><net_sink comp="112" pin=0"/></net>

<net id="122"><net_src comp="112" pin="1"/><net_sink comp="116" pin=2"/></net>

<net id="126"><net_src comp="50" pin="0"/><net_sink comp="123" pin=0"/></net>

<net id="133"><net_src comp="123" pin="1"/><net_sink comp="127" pin=2"/></net>

<net id="134"><net_src comp="127" pin="4"/><net_sink comp="94" pin=1"/></net>

<net id="135"><net_src comp="127" pin="4"/><net_sink comp="123" pin=0"/></net>

<net id="141"><net_src comp="46" pin="0"/><net_sink comp="136" pin=0"/></net>

<net id="142"><net_src comp="0" pin="0"/><net_sink comp="136" pin=1"/></net>

<net id="143"><net_src comp="4" pin="0"/><net_sink comp="136" pin=2"/></net>

<net id="148"><net_src comp="123" pin="1"/><net_sink comp="144" pin=0"/></net>

<net id="157"><net_src comp="26" pin="0"/><net_sink comp="153" pin=0"/></net>

<net id="162"><net_src comp="28" pin="0"/><net_sink comp="158" pin=0"/></net>

<net id="173"><net_src comp="163" pin="1"/><net_sink comp="169" pin=0"/></net>

<net id="174"><net_src comp="30" pin="0"/><net_sink comp="169" pin=1"/></net>

<net id="179"><net_src comp="166" pin="1"/><net_sink comp="175" pin=0"/></net>

<net id="180"><net_src comp="32" pin="0"/><net_sink comp="175" pin=1"/></net>

<net id="185"><net_src comp="166" pin="1"/><net_sink comp="181" pin=0"/></net>

<net id="186"><net_src comp="34" pin="0"/><net_sink comp="181" pin=1"/></net>

<net id="190"><net_src comp="166" pin="1"/><net_sink comp="187" pin=0"/></net>

<net id="191"><net_src comp="187" pin="1"/><net_sink comp="74" pin=2"/></net>

<net id="196"><net_src comp="116" pin="4"/><net_sink comp="192" pin=0"/></net>

<net id="197"><net_src comp="52" pin="0"/><net_sink comp="192" pin=1"/></net>

<net id="202"><net_src comp="116" pin="4"/><net_sink comp="198" pin=0"/></net>

<net id="203"><net_src comp="54" pin="0"/><net_sink comp="198" pin=1"/></net>

<net id="207"><net_src comp="116" pin="4"/><net_sink comp="204" pin=0"/></net>

<net id="211"><net_src comp="116" pin="4"/><net_sink comp="208" pin=0"/></net>

<net id="216"><net_src comp="208" pin="1"/><net_sink comp="212" pin=0"/></net>

<net id="221"><net_src comp="204" pin="1"/><net_sink comp="217" pin=0"/></net>

<net id="225"><net_src comp="217" pin="2"/><net_sink comp="222" pin=0"/></net>

<net id="226"><net_src comp="222" pin="1"/><net_sink comp="81" pin=2"/></net>

<net id="238"><net_src comp="235" pin="1"/><net_sink comp="99" pin=2"/></net>

<net id="242"><net_src comp="106" pin="3"/><net_sink comp="239" pin=0"/></net>

<net id="243"><net_src comp="239" pin="1"/><net_sink comp="149" pin=0"/></net>

<net id="247"><net_src comp="244" pin="1"/><net_sink comp="149" pin=1"/></net>

<net id="251"><net_src comp="60" pin="1"/><net_sink comp="248" pin=0"/></net>

<net id="252"><net_src comp="248" pin="1"/><net_sink comp="158" pin=1"/></net>

<net id="253"><net_src comp="248" pin="1"/><net_sink comp="163" pin=0"/></net>

<net id="254"><net_src comp="248" pin="1"/><net_sink comp="231" pin=1"/></net>

<net id="258"><net_src comp="64" pin="1"/><net_sink comp="255" pin=0"/></net>

<net id="259"><net_src comp="255" pin="1"/><net_sink comp="153" pin=1"/></net>

<net id="260"><net_src comp="255" pin="1"/><net_sink comp="166" pin=0"/></net>

<net id="261"><net_src comp="255" pin="1"/><net_sink comp="227" pin=1"/></net>

<net id="265"><net_src comp="68" pin="2"/><net_sink comp="262" pin=0"/></net>

<net id="266"><net_src comp="262" pin="1"/><net_sink comp="217" pin=1"/></net>

<net id="273"><net_src comp="169" pin="2"/><net_sink comp="270" pin=0"/></net>

<net id="274"><net_src comp="270" pin="1"/><net_sink comp="231" pin=0"/></net>

<net id="281"><net_src comp="181" pin="2"/><net_sink comp="278" pin=0"/></net>

<net id="282"><net_src comp="278" pin="1"/><net_sink comp="227" pin=0"/></net>

<net id="286"><net_src comp="74" pin="3"/><net_sink comp="283" pin=0"/></net>

<net id="287"><net_src comp="283" pin="1"/><net_sink comp="94" pin=0"/></net>

<net id="294"><net_src comp="198" pin="2"/><net_sink comp="291" pin=0"/></net>

<net id="295"><net_src comp="291" pin="1"/><net_sink comp="116" pin=0"/></net>

<net id="299"><net_src comp="212" pin="2"/><net_sink comp="296" pin=0"/></net>

<net id="300"><net_src comp="296" pin="1"/><net_sink comp="235" pin=0"/></net>

<net id="304"><net_src comp="81" pin="3"/><net_sink comp="301" pin=0"/></net>

<net id="305"><net_src comp="301" pin="1"/><net_sink comp="88" pin=0"/></net>

<net id="309"><net_src comp="99" pin="3"/><net_sink comp="306" pin=0"/></net>

<net id="310"><net_src comp="306" pin="1"/><net_sink comp="106" pin=0"/></net>

<net id="314"><net_src comp="88" pin="3"/><net_sink comp="311" pin=0"/></net>

<net id="315"><net_src comp="311" pin="1"/><net_sink comp="244" pin=0"/></net>

<net id="319"><net_src comp="239" pin="1"/><net_sink comp="316" pin=0"/></net>

<net id="320"><net_src comp="316" pin="1"/><net_sink comp="149" pin=0"/></net>

<net id="324"><net_src comp="244" pin="1"/><net_sink comp="321" pin=0"/></net>

<net id="325"><net_src comp="321" pin="1"/><net_sink comp="149" pin=1"/></net>

<net id="329"><net_src comp="149" pin="2"/><net_sink comp="326" pin=0"/></net>

<net id="330"><net_src comp="326" pin="1"/><net_sink comp="144" pin=1"/></net>

<net id="334"><net_src comp="144" pin="2"/><net_sink comp="331" pin=0"/></net>

<net id="335"><net_src comp="331" pin="1"/><net_sink comp="127" pin=0"/></net>

</net_list>

</model> 
---------------- Datapath Model END ------------------

* FSMD analyzer results:
  - Output states:
	Port: activations | {2 3 13 }
 - Input state : 
	Port: matrix_vector_product_with_bias_input_layer.1 : biases1 | {2 13 }
	Port: matrix_vector_product_with_bias_input_layer.1 : weights1 | {4 5 }
	Port: matrix_vector_product_with_bias_input_layer.1 : activations | {2 13 }
	Port: matrix_vector_product_with_bias_input_layer.1 : training_data | {3 4 }
	Port: matrix_vector_product_with_bias_input_layer.1 : idx | {1 }
  - Chain level:
	State 1
		store_ln58 : 1
		store_ln0 : 1
	State 2
		add_ln60_1 : 1
		icmp_ln60 : 1
		add_ln60 : 1
		br_ln60 : 2
		zext_ln60 : 1
		activations_addr : 2
	State 3
		icmp_ln64 : 1
		add_ln64 : 1
		br_ln64 : 2
		zext_ln64 : 1
		zext_ln64_1 : 1
		add_ln66 : 2
		add_ln66_1 : 2
		zext_ln66_1 : 3
		training_data_addr : 4
		training_data_load : 5
		store_ln66 : 1
	State 4
		weights1_addr : 1
		weights1_load : 2
	State 5
		bitcast_ln66 : 1
		mul8 : 2
	State 6
	State 7
	State 8
	State 9
	State 10
	State 11
	State 12
	State 13


============================================================
+ Verbose Summary: Datapath Resource usage 
============================================================

* Functional unit list:
|----------|--------------------------------------------|---------|---------|---------|---------|
| Operation|               Functional Unit              |   DSP   |  Delay  |    FF   |   LUT   |
|----------|--------------------------------------------|---------|---------|---------|---------|
|   call   | grp_add_bias_to_activations_clone_1_fu_136 |    3    |  1.548  |   577   |   772   |
|----------|--------------------------------------------|---------|---------|---------|---------|
|   dadd   |                 grp_fu_144                 |    3    |    0    |   430   |   708   |
|----------|--------------------------------------------|---------|---------|---------|---------|
|   dmul   |                 grp_fu_149                 |    8    |    0    |   275   |   108   |
|----------|--------------------------------------------|---------|---------|---------|---------|
|          |              add_ln60_1_fu_169             |    0    |    0    |    0    |    17   |
|          |               add_ln60_fu_181              |    0    |    0    |    0    |    14   |
|    add   |               add_ln64_fu_198              |    0    |    0    |    0    |    12   |
|          |               add_ln66_fu_212              |    0    |    0    |    0    |    17   |
|          |              add_ln66_1_fu_217             |    0    |    0    |    0    |    19   |
|----------|--------------------------------------------|---------|---------|---------|---------|
|   icmp   |              icmp_ln60_fu_175              |    0    |    0    |    0    |    14   |
|          |              icmp_ln64_fu_192              |    0    |    0    |    0    |    12   |
|----------|--------------------------------------------|---------|---------|---------|---------|
|   read   |             idx_read_read_fu_68            |    0    |    0    |    0    |    0    |
|----------|--------------------------------------------|---------|---------|---------|---------|
|          |              zext_ln60_fu_187              |    0    |    0    |    0    |    0    |
|          |              zext_ln64_fu_204              |    0    |    0    |    0    |    0    |
|   zext   |             zext_ln64_1_fu_208             |    0    |    0    |    0    |    0    |
|          |             zext_ln66_1_fu_222             |    0    |    0    |    0    |    0    |
|          |              zext_ln66_fu_235              |    0    |    0    |    0    |    0    |
|----------|--------------------------------------------|---------|---------|---------|---------|
|   Total  |                                            |    14   |  1.548  |   1282  |   1693  |
|----------|--------------------------------------------|---------|---------|---------|---------|

Memories:
N/A

* Register list:
+--------------------------+--------+
|                          |   FF   |
+--------------------------+--------+
| activations_addr_reg_283 |    6   |
|      add113_reg_123      |   64   |
|    add_ln60_1_reg_270    |   10   |
|     add_ln60_reg_278     |    7   |
|     add_ln64_reg_291     |    4   |
|     add_ln66_reg_296     |   10   |
|        add_reg_331       |   64   |
|  bitcast_ln66_1_reg_321  |   64   |
|   bitcast_ln66_reg_316   |   64   |
|         i_reg_112        |    4   |
|     idx_read_reg_262     |   12   |
|         j_reg_255        |    7   |
|       mul8_reg_326       |   64   |
|      phi_mul_reg_248     |   10   |
|training_data_addr_reg_301|   12   |
|training_data_load_reg_311|   64   |
|   weights1_addr_reg_306  |   10   |
+--------------------------+--------+
|           Total          |   476  |
+--------------------------+--------+

* Multiplexer (MUX) list: 
|-------------------|------|------|------|--------||---------||---------|
|        Comp       |  Pin | Size |  BW  | S x BW ||  Delay  ||   LUT   |
|-------------------|------|------|------|--------||---------||---------|
|  grp_access_fu_88 |  p0  |   2  |  12  |   24   ||    9    |
| grp_access_fu_106 |  p0  |   2  |  10  |   20   ||    9    |
|   add113_reg_123  |  p0  |   2  |  64  |   128  ||    9    |
|     grp_fu_149    |  p0  |   2  |  64  |   128  ||    9    |
|     grp_fu_149    |  p1  |   2  |  64  |   128  ||    9    |
|-------------------|------|------|------|--------||---------||---------|
|       Total       |      |      |      |   428  ||  1.935  ||    45   |
|-------------------|------|------|------|--------||---------||---------|



* Summary:
+-----------+--------+--------+--------+--------+
|           |   DSP  |  Delay |   FF   |   LUT  |
+-----------+--------+--------+--------+--------+
|  Function |   14   |    1   |  1282  |  1693  |
|   Memory  |    -   |    -   |    -   |    -   |
|Multiplexer|    -   |    1   |    -   |   45   |
|  Register |    -   |    -   |   476  |    -   |
+-----------+--------+--------+--------+--------+
|   Total   |   14   |    3   |  1758  |  1738  |
+-----------+--------+--------+--------+--------+
