Copyright 1986-2022 Xilinx, Inc. All Rights Reserved. Copyright 2022-2023 Advanced Micro Devices, Inc. All Rights Reserved.
---------------------------------------------------------------------------------------------------------------------------------------------
| Tool Version : Vivado v.2023.2 (lin64) Build 4029153 Fri Oct 13 20:13:54 MDT 2023
| Date         : Fri Aug  2 01:46:41 2024
| Host         : gabriel-Inspiron-15-3511 running 64-bit Ubuntu 22.04.4 LTS
| Command      : report_design_analysis -file ./report/DigitRec_design_analysis_routed.rpt
| Design       : bd_0_wrapper
| Device       : xc7z020
| Design State : Routed
---------------------------------------------------------------------------------------------------------------------------------------------

Report Design Analysis

Table of Contents
-----------------
1. Setup Path Characteristics 1-1
2. Logic Level Distribution
3. Placer Final Level Congestion Reporting
4. Initial Estimated Router Congestion Reporting
5. SLR Net Crossing Reporting

1. Setup Path Characteristics 1-1
---------------------------------

+---------------------------+--------------------------------------------------------------------------------+
|      Characteristics      |                                     Path #1                                    |
+---------------------------+--------------------------------------------------------------------------------+
| Requirement               | 5.000                                                                          |
| Path Delay                | 4.752                                                                          |
| Logic Delay               | 1.699(36%)                                                                     |
| Net Delay                 | 3.053(64%)                                                                     |
| Clock Skew                | -0.049                                                                         |
| Slack                     | 0.106                                                                          |
| Clock Uncertainty         | 0.035                                                                          |
| Clock Relationship        | Safely Timed                                                                   |
| Clock Delay Group         | Same Clock                                                                     |
| Logic Levels              | 7                                                                              |
| Routes                    | 8                                                                              |
| Logical Path              | FDRE/C-(113)-LUT3-(2)-LUT6-(1)-CARRY4-(1)-CARRY4-CARRY4-CARRY4-LUT5-(1)-FDRE/D |
| Start Point Clock         | ap_clk                                                                         |
| End Point Clock           | ap_clk                                                                         |
| DSP Block                 | None                                                                           |
| RAM Registers             | None-None                                                                      |
| IO Crossings              | 0                                                                              |
| Config Crossings          | 0                                                                              |
| SLR Crossings             | 0                                                                              |
| PBlocks                   | 0                                                                              |
| High Fanout               | 113                                                                            |
| Dont Touch                | 0                                                                              |
| Mark Debug                | 0                                                                              |
| Start Point Pin Primitive | FDRE/C                                                                         |
| End Point Pin Primitive   | FDRE/D                                                                         |
| Start Point Pin           | ap_enable_reg_pp0_iter3_reg/C                                                  |
| End Point Pin             | max_vote_reg_194_reg[11]/D                                                     |
+---------------------------+--------------------------------------------------------------------------------+
* Bounding box calculated as % of dimensions for the target device (308, 299)


2. Logic Level Distribution
---------------------------

+-----------------+-------------+-----+-----+----+----+----+----+---+---+----+----+----+----+----+----+----+----+
| End Point Clock | Requirement |  0  |  1  |  2 |  3 |  6 |  7 | 8 | 9 | 10 | 11 | 12 | 13 | 14 | 15 | 16 | 17 |
+-----------------+-------------+-----+-----+----+----+----+----+---+---+----+----+----+----+----+----+----+----+
| ap_clk          | 5.000ns     | 492 | 228 | 49 | 57 | 19 | 59 | 1 | 4 |  7 | 12 | 16 | 16 | 16 |  8 |  8 |  8 |
+-----------------+-------------+-----+-----+----+----+----+----+---+---+----+----+----+----+----+----+----+----+
* Columns represent the logic levels per end point clock
** Distribution is for top worst 1000 paths


3. Placer Final Level Congestion Reporting
------------------------------------------

+-----------+------+-------+------------+--------+---------------+---------------+-----+--------+------+------+------+-----+-------+-----+------------+
| Direction | Type | Level | Congestion | Window | Combined LUTs | Avg LUT Input | LUT | LUTRAM | Flop | MUXF | RAMB | DSP | CARRY | SRL | Cell Names |
+-----------+------+-------+------------+--------+---------------+---------------+-----+--------+------+------+------+-----+-------+-----+------------+
* No congestion windows are found above level 5


4. Initial Estimated Router Congestion Reporting
------------------------------------------------

+-----------+------+-------+------------------+--------+---------------+---------------+-----+--------+------+------+------+-----+-------+-----+------------+
| Direction | Type | Level | Percentage Tiles | Window | Combined LUTs | Avg LUT Input | LUT | LUTRAM | Flop | MUXF | RAMB | DSP | CARRY | SRL | Cell Names |
+-----------+------+-------+------------------+--------+---------------+---------------+-----+--------+------+------+------+-----+-------+-----+------------+
* No router congested regions found.
** No initial estimated congestion windows are found above level 5


5. SLR Net Crossing Reporting
-----------------------------

+------------+-----------------------------+
| Cell Names | Number of Nets crossing SLR |
+------------+-----------------------------+
* The current part is not an SSI device


