

================================================================
== Vitis HLS Report for 'substring_Pipeline_loop_7_VITIS_LOOP_157_8'
================================================================
* Date:           Sun Jun 23 03:45:57 2024

* Version:        2023.2 (Build 4023990 on Oct 11 2023)
* Project:        substring
* Solution:       solution1 (Vivado IP Flow Target)
* Product family: virtexuplusHBM
* Target device:  xcvu35p-fsvh2104-1-e


================================================================
== Performance Estimates
================================================================
+ Timing: 
    * Summary: 
    +--------+---------+----------+------------+
    |  Clock |  Target | Estimated| Uncertainty|
    +--------+---------+----------+------------+
    |ap_clk  |  5.00 ns|  2.915 ns|     1.35 ns|
    +--------+---------+----------+------------+

+ Latency: 
    * Summary: 
    +---------+---------+-----------+-----------+-------+-------+---------+
    |  Latency (cycles) |   Latency (absolute)  |    Interval   | Pipeline|
    |   min   |   max   |    min    |    max    |  min  |  max  |   Type  |
    +---------+---------+-----------+-----------+-------+-------+---------+
    |    12283|    12283|  61.415 us|  61.415 us|  12283|  12283|       no|
    +---------+---------+-----------+-----------+-------+-------+---------+

    + Detail: 
        * Instance: 
        N/A

        * Loop: 
        +---------------------------+---------+---------+----------+-----------+-----------+-------+----------+
        |                           |  Latency (cycles) | Iteration|  Initiation Interval  |  Trip |          |
        |         Loop Name         |   min   |   max   |  Latency |  achieved |   target  | Count | Pipelined|
        +---------------------------+---------+---------+----------+-----------+-----------+-------+----------+
        |- loop_7_VITIS_LOOP_157_8  |    12281|    12281|         4|          1|          1|  12279|       yes|
        +---------------------------+---------+---------+----------+-----------+-----------+-------+----------+



================================================================
== Utilization Estimates
================================================================
* Summary: 
+---------------------+---------+------+---------+--------+-----+
|         Name        | BRAM_18K|  DSP |    FF   |   LUT  | URAM|
+---------------------+---------+------+---------+--------+-----+
|DSP                  |        -|     -|        -|       -|    -|
|Expression           |        -|     -|        0|     331|    -|
|FIFO                 |        -|     -|        -|       -|    -|
|Instance             |        -|     -|        -|       -|    -|
|Memory               |        -|     -|        -|       -|    -|
|Multiplexer          |        -|     -|        -|      90|    -|
|Register             |        -|     -|      310|      64|    -|
+---------------------+---------+------+---------+--------+-----+
|Total                |        0|     0|      310|     485|    0|
+---------------------+---------+------+---------+--------+-----+
|Available SLR        |     1344|  2976|   871680|  435840|  320|
+---------------------+---------+------+---------+--------+-----+
|Utilization SLR (%)  |        0|     0|       ~0|      ~0|    0|
+---------------------+---------+------+---------+--------+-----+
|Available            |     2688|  5952|  1743360|  871680|  640|
+---------------------+---------+------+---------+--------+-----+
|Utilization (%)      |        0|     0|       ~0|      ~0|    0|
+---------------------+---------+------+---------+--------+-----+

+ Detail: 
    * Instance: 
    N/A

    * DSP: 
    N/A

    * Memory: 
    N/A

    * FIFO: 
    N/A

    * Expression: 
    +--------------------------+----------+----+---+----+------------+------------+
    |       Variable Name      | Operation| DSP| FF| LUT| Bitwidth P0| Bitwidth P1|
    +--------------------------+----------+----+---+----+------------+------------+
    |add_ln154_1_fu_150_p2     |         +|   0|  0|  19|          12|           1|
    |add_ln154_fu_124_p2       |         +|   0|  0|  21|          14|           1|
    |add_ln158_fu_188_p2       |         +|   0|  0|  19|          12|          12|
    |add_ln161_fu_164_p2       |         +|   0|  0|   9|           2|           1|
    |add_ln165_fu_249_p2       |         +|   0|  0|  39|          32|           1|
    |icmp_ln154_fu_118_p2      |      icmp|   0|  0|  21|          14|          14|
    |icmp_ln157_fu_136_p2      |      icmp|   0|  0|   9|           2|           2|
    |icmp_ln161_fu_217_p2      |      icmp|   0|  0|  39|          32|          32|
    |icmp_ln164_fu_243_p2      |      icmp|   0|  0|  39|          32|           1|
    |or_ln161_fu_230_p2        |        or|   0|  0|   2|           1|           1|
    |match_1_fu_235_p3         |    select|   0|  0|  32|           1|          32|
    |s_7_1_fu_255_p3           |    select|   0|  0|  32|           1|          32|
    |select_ln154_1_fu_207_p3  |    select|   0|  0|  32|           1|          32|
    |select_ln154_fu_156_p3    |    select|   0|  0|  12|           1|          12|
    |select_ln161_fu_222_p3    |    select|   0|  0|   2|           1|           1|
    |select_ln25_fu_142_p3     |    select|   0|  0|   2|           1|           1|
    |ap_enable_pp0             |       xor|   0|  0|   2|           1|           2|
    +--------------------------+----------+----+---+----+------------+------------+
    |Total                     |          |   0|  0| 331|         160|         178|
    +--------------------------+----------+----+---+----+------------+------------+

    * Multiplexer: 
    +----------------------------------------+----+-----------+-----+-----------+
    |                  Name                  | LUT| Input Size| Bits| Total Bits|
    +----------------------------------------+----+-----------+-----+-----------+
    |ap_done_int                             |   9|          2|    1|          2|
    |ap_enable_reg_pp0_iter1                 |   9|          2|    1|          2|
    |ap_sig_allocacmp_i_load                 |   9|          2|   12|         24|
    |ap_sig_allocacmp_indvar_flatten56_load  |   9|          2|   14|         28|
    |ap_sig_allocacmp_j_load                 |   9|          2|    2|          4|
    |i_fu_62                                 |   9|          2|   12|         24|
    |indvar_flatten56_fu_66                  |   9|          2|   14|         28|
    |j_fu_50                                 |   9|          2|    2|          4|
    |match_fu_46                             |   9|          2|   32|         64|
    |s_7_fu_58                               |   9|          2|   32|         64|
    +----------------------------------------+----+-----------+-----+-----------+
    |Total                                   |  90|         20|  122|        244|
    +----------------------------------------+----+-----------+-----+-----------+

    * Register: 
    +----------------------------------+----+----+-----+-----------+
    |               Name               | FF | LUT| Bits| Const Bits|
    +----------------------------------+----+----+-----+-----------+
    |add_ln161_reg_344                 |   2|   0|    2|          0|
    |ap_CS_fsm                         |   1|   0|    1|          0|
    |ap_done_reg                       |   1|   0|    1|          0|
    |ap_enable_reg_pp0_iter1           |   1|   0|    1|          0|
    |ap_enable_reg_pp0_iter2           |   1|   0|    1|          0|
    |ap_enable_reg_pp0_iter3           |   1|   0|    1|          0|
    |ap_loop_exit_ready_pp0_iter1_reg  |   1|   0|    1|          0|
    |ap_loop_exit_ready_pp0_iter2_reg  |   1|   0|    1|          0|
    |c_reg_354                         |  32|   0|   32|          0|
    |i_fu_62                           |  12|   0|   12|          0|
    |icmp_ln154_reg_324                |   1|   0|    1|          0|
    |icmp_ln154_reg_324_pp0_iter1_reg  |   1|   0|    1|          0|
    |icmp_ln157_reg_328                |   1|   0|    1|          0|
    |indvar_flatten56_fu_66            |  14|   0|   14|          0|
    |j_fu_50                           |   2|   0|    2|          0|
    |match_fu_46                       |  32|   0|   32|          0|
    |s_7_18_fu_54                      |  32|   0|   32|          0|
    |s_7_fu_58                         |  32|   0|   32|          0|
    |select_ln154_reg_339              |  12|   0|   12|          0|
    |select_ln25_reg_334               |   2|   0|    2|          0|
    |add_ln161_reg_344                 |  64|  32|    2|          0|
    |icmp_ln157_reg_328                |  64|  32|    1|          0|
    +----------------------------------+----+----+-----+-----------+
    |Total                             | 310|  64|  185|          0|
    +----------------------------------+----+----+-----+-----------+



================================================================
== Interface
================================================================
* Summary: 
+-------------------+-----+-----+------------+--------------------------------------------+--------------+
|     RTL Ports     | Dir | Bits|  Protocol  |                Source Object               |    C Type    |
+-------------------+-----+-----+------------+--------------------------------------------+--------------+
|ap_clk             |   in|    1|  ap_ctrl_hs|  substring_Pipeline_loop_7_VITIS_LOOP_157_8|  return value|
|ap_rst             |   in|    1|  ap_ctrl_hs|  substring_Pipeline_loop_7_VITIS_LOOP_157_8|  return value|
|ap_start           |   in|    1|  ap_ctrl_hs|  substring_Pipeline_loop_7_VITIS_LOOP_157_8|  return value|
|ap_done            |  out|    1|  ap_ctrl_hs|  substring_Pipeline_loop_7_VITIS_LOOP_157_8|  return value|
|ap_idle            |  out|    1|  ap_ctrl_hs|  substring_Pipeline_loop_7_VITIS_LOOP_157_8|  return value|
|ap_ready           |  out|    1|  ap_ctrl_hs|  substring_Pipeline_loop_7_VITIS_LOOP_157_8|  return value|
|str_7_address0     |  out|   12|   ap_memory|                                       str_7|         array|
|str_7_ce0          |  out|    1|   ap_memory|                                       str_7|         array|
|str_7_q0           |   in|   32|   ap_memory|                                       str_7|         array|
|s_7_18_out         |  out|   32|      ap_vld|                                  s_7_18_out|       pointer|
|s_7_18_out_ap_vld  |  out|    1|      ap_vld|                                  s_7_18_out|       pointer|
+-------------------+-----+-----+------------+--------------------------------------------+--------------+

