

================================================================
== Vitis HLS Report for 'DecodeHuffman_1'
================================================================
* Date:           Tue Jun 18 12:24:24 2024

* Version:        2023.2 (Build 4023990 on Oct 11 2023)
* Project:        jpeg_ahls
* Solution:       solution1 (Vivado IP Flow Target)
* Product family: virtexuplusHBM
* Target device:  xcvu35p-fsvh2104-1-e


================================================================
== Performance Estimates
================================================================
+ Timing: 
    * Summary: 
    +--------+---------+----------+------------+
    |  Clock |  Target | Estimated| Uncertainty|
    +--------+---------+----------+------------+
    |ap_clk  |  5.00 ns|  2.981 ns|     1.35 ns|
    +--------+---------+----------+------------+

+ Latency: 
    * Summary: 
    +---------+---------+----------+----------+-----+-----+---------+
    |  Latency (cycles) |  Latency (absolute) |  Interval | Pipeline|
    |   min   |   max   |    min   |    max   | min | max |   Type  |
    +---------+---------+----------+----------+-----+-----+---------+
    |        ?|        ?|         ?|         ?|    ?|    ?|       no|
    +---------+---------+----------+----------+-----+-----+---------+

    + Detail: 
        * Instance: 
        +------------------------------------------------------+-------------------------------------------+---------+---------+----------+----------+-----+-----+---------+
        |                                                      |                                           |  Latency (cycles) |  Latency (absolute) |  Interval | Pipeline|
        |                       Instance                       |                   Module                  |   min   |   max   |    min   |    max   | min | max |   Type  |
        +------------------------------------------------------+-------------------------------------------+---------+---------+----------+----------+-----+-----+---------+
        |grp_DecodeHuffman_1_Pipeline_VITIS_LOOP_688_1_fu_131  |DecodeHuffman_1_Pipeline_VITIS_LOOP_688_1  |        ?|        ?|         ?|         ?|    ?|    ?|       no|
        +------------------------------------------------------+-------------------------------------------+---------+---------+----------+----------+-----+-----+---------+

        * Loop: 
        N/A



================================================================
== Utilization Estimates
================================================================
* Summary: 
+---------------------+---------+------+---------+--------+-----+
|         Name        | BRAM_18K|  DSP |    FF   |   LUT  | URAM|
+---------------------+---------+------+---------+--------+-----+
|DSP                  |        -|     -|        -|       -|    -|
|Expression           |        -|     -|        0|     229|    -|
|FIFO                 |        -|     -|        -|       -|    -|
|Instance             |        1|     -|      204|     369|    -|
|Memory               |        1|     -|        0|       0|    -|
|Multiplexer          |        -|     -|        -|     192|    -|
|Register             |        -|     -|       18|       -|    -|
+---------------------+---------+------+---------+--------+-----+
|Total                |        2|     0|      222|     790|    0|
+---------------------+---------+------+---------+--------+-----+
|Available SLR        |     1344|  2976|   871680|  435840|  320|
+---------------------+---------+------+---------+--------+-----+
|Utilization SLR (%)  |       ~0|     0|       ~0|      ~0|    0|
+---------------------+---------+------+---------+--------+-----+
|Available            |     2688|  5952|  1743360|  871680|  640|
+---------------------+---------+------+---------+--------+-----+
|Utilization (%)      |       ~0|     0|       ~0|      ~0|    0|
+---------------------+---------+------+---------+--------+-----+

+ Detail: 
    * Instance: 
    +------------------------------------------------------+-------------------------------------------+---------+----+-----+-----+-----+
    |                       Instance                       |                   Module                  | BRAM_18K| DSP|  FF | LUT | URAM|
    +------------------------------------------------------+-------------------------------------------+---------+----+-----+-----+-----+
    |grp_DecodeHuffman_1_Pipeline_VITIS_LOOP_688_1_fu_131  |DecodeHuffman_1_Pipeline_VITIS_LOOP_688_1  |        1|   0|  204|  369|    0|
    +------------------------------------------------------+-------------------------------------------+---------+----+-----+-----+-----+
    |Total                                                 |                                           |        1|   0|  204|  369|    0|
    +------------------------------------------------------+-------------------------------------------+---------+----+-----+-----+-----+

    * DSP: 
    N/A

    * Memory: 
    +----------------+--------------------------------------------------------------------+---------+---+----+-----+------+-----+------+-------------+
    |     Memory     |                               Module                               | BRAM_18K| FF| LUT| URAM| Words| Bits| Banks| W*Bits*Banks|
    +----------------+--------------------------------------------------------------------+---------+---+----+-----+------+-----+------+-------------+
    |bit_set_mask_U  |DecodeHuffman_1_Pipeline_VITIS_LOOP_688_1_bit_set_mask_ROM_AUTO_1R  |        1|  0|   0|    0|    32|   32|     1|         1024|
    +----------------+--------------------------------------------------------------------+---------+---+----+-----+------+-----+------+-------------+
    |Total           |                                                                    |        1|  0|   0|    0|    32|   32|     1|         1024|
    +----------------+--------------------------------------------------------------------+---------+---+----+-----+------+-----+------+-------------+

    * FIFO: 
    N/A

    * Expression: 
    +------------------------+----------+----+---+----+------------+------------+
    |      Variable Name     | Operation| DSP| FF| LUT| Bitwidth P0| Bitwidth P1|
    +------------------------+----------+----+---+----+------------+------------+
    |add_ln555_fu_165_p2     |         +|   0|  0|  15|           8|           1|
    |add_ln577_fu_201_p2     |         +|   0|  0|  39|          32|           2|
    |add_ln693_fu_260_p2     |         +|   0|  0|  17|          11|          11|
    |p_fu_266_p2             |         -|   0|  0|  17|          11|          11|
    |and_ln577_fu_222_p2     |       and|   0|  0|  32|          32|          32|
    |code_fu_228_p2          |      icmp|   0|  0|  39|          32|           1|
    |icmp_ln555_fu_175_p2    |      icmp|   0|  0|  15|           8|           2|
    |icmp_ln692_fu_254_p2    |      icmp|   0|  0|  39|          32|          32|
    |select_ln555_fu_181_p3  |    select|   0|  0|   8|           1|           1|
    |select_ln692_fu_277_p3  |    select|   0|  0|   8|           1|           8|
    +------------------------+----------+----+---+----+------------+------------+
    |Total                   |          |   0|  0| 229|         168|         101|
    +------------------------+----------+----+---+----+------------+------------+

    * Multiplexer: 
    +---------------------------------------+----+-----------+-----+-----------+
    |                  Name                 | LUT| Input Size| Bits| Total Bits|
    +---------------------------------------+----+-----------+-----+-----------+
    |CurHuffReadBuf_o                       |  14|          3|    8|         24|
    |CurHuffReadBuf_o_ap_vld                |  14|          3|    1|          3|
    |ap_NS_fsm                              |  43|          8|    1|          8|
    |ap_phi_mux_empty_phi_fu_124_p4         |  14|          3|   32|         96|
    |ap_return                              |   9|          2|    8|         16|
    |bit_set_mask_address0                  |  14|          3|    5|         15|
    |current_read_byte_o                    |  14|          3|   32|         96|
    |current_read_byte_o_ap_vld             |  14|          3|    1|          3|
    |p_jinfo_dc_dhuff_tbl_maxcode_address0  |  14|          3|    7|         21|
    |p_jinfo_dc_dhuff_tbl_maxcode_ce0       |  14|          3|    1|          3|
    |read_position_o                        |  14|          3|   32|         96|
    |read_position_o_ap_vld                 |  14|          3|    1|          3|
    +---------------------------------------+----+-----------+-----+-----------+
    |Total                                  | 192|         40|  129|        384|
    +---------------------------------------+----+-----------+-----+-----------+

    * Register: 
    +-------------------------------------------------------------------+---+----+-----+-----------+
    |                                Name                               | FF| LUT| Bits| Const Bits|
    +-------------------------------------------------------------------+---+----+-----+-----------+
    |ap_CS_fsm                                                          |  7|   0|    7|          0|
    |ap_return_preg                                                     |  8|   0|    8|          0|
    |code_reg_309                                                       |  1|   0|    1|          0|
    |grp_DecodeHuffman_1_Pipeline_VITIS_LOOP_688_1_fu_131_ap_start_reg  |  1|   0|    1|          0|
    |icmp_ln692_reg_329                                                 |  1|   0|    1|          0|
    +-------------------------------------------------------------------+---+----+-----+-----------+
    |Total                                                              | 18|   0|   18|          0|
    +-------------------------------------------------------------------+---+----+-----+-----------+



================================================================
== Interface
================================================================
* Summary: 
+---------------------------------------+-----+-----+------------+------------------------------+--------------+
|               RTL Ports               | Dir | Bits|  Protocol  |         Source Object        |    C Type    |
+---------------------------------------+-----+-----+------------+------------------------------+--------------+
|ap_clk                                 |   in|    1|  ap_ctrl_hs|               DecodeHuffman.1|  return value|
|ap_rst                                 |   in|    1|  ap_ctrl_hs|               DecodeHuffman.1|  return value|
|ap_start                               |   in|    1|  ap_ctrl_hs|               DecodeHuffman.1|  return value|
|ap_done                                |  out|    1|  ap_ctrl_hs|               DecodeHuffman.1|  return value|
|ap_idle                                |  out|    1|  ap_ctrl_hs|               DecodeHuffman.1|  return value|
|ap_ready                               |  out|    1|  ap_ctrl_hs|               DecodeHuffman.1|  return value|
|ap_return                              |  out|    8|  ap_ctrl_hs|               DecodeHuffman.1|  return value|
|Dhuff_ml                               |   in|    7|     ap_none|                      Dhuff_ml|        scalar|
|read_position_i                        |   in|   32|     ap_ovld|                 read_position|       pointer|
|read_position_o                        |  out|   32|     ap_ovld|                 read_position|       pointer|
|read_position_o_ap_vld                 |  out|    1|     ap_ovld|                 read_position|       pointer|
|CurHuffReadBuf_i                       |   in|    8|     ap_ovld|                CurHuffReadBuf|       pointer|
|CurHuffReadBuf_o                       |  out|    8|     ap_ovld|                CurHuffReadBuf|       pointer|
|CurHuffReadBuf_o_ap_vld                |  out|    1|     ap_ovld|                CurHuffReadBuf|       pointer|
|current_read_byte_i                    |   in|   32|     ap_ovld|             current_read_byte|       pointer|
|current_read_byte_o                    |  out|   32|     ap_ovld|             current_read_byte|       pointer|
|current_read_byte_o_ap_vld             |  out|    1|     ap_ovld|             current_read_byte|       pointer|
|p_jinfo_dc_dhuff_tbl_maxcode_address0  |  out|    7|   ap_memory|  p_jinfo_dc_dhuff_tbl_maxcode|         array|
|p_jinfo_dc_dhuff_tbl_maxcode_ce0       |  out|    1|   ap_memory|  p_jinfo_dc_dhuff_tbl_maxcode|         array|
|p_jinfo_dc_dhuff_tbl_maxcode_q0        |   in|   32|   ap_memory|  p_jinfo_dc_dhuff_tbl_maxcode|         array|
|p_jinfo_dc_dhuff_tbl_valptr_address0   |  out|    7|   ap_memory|   p_jinfo_dc_dhuff_tbl_valptr|         array|
|p_jinfo_dc_dhuff_tbl_valptr_ce0        |  out|    1|   ap_memory|   p_jinfo_dc_dhuff_tbl_valptr|         array|
|p_jinfo_dc_dhuff_tbl_valptr_q0         |   in|   11|   ap_memory|   p_jinfo_dc_dhuff_tbl_valptr|         array|
|p_jinfo_dc_dhuff_tbl_mincode_address0  |  out|    7|   ap_memory|  p_jinfo_dc_dhuff_tbl_mincode|         array|
|p_jinfo_dc_dhuff_tbl_mincode_ce0       |  out|    1|   ap_memory|  p_jinfo_dc_dhuff_tbl_mincode|         array|
|p_jinfo_dc_dhuff_tbl_mincode_q0        |   in|   11|   ap_memory|  p_jinfo_dc_dhuff_tbl_mincode|         array|
|p_jinfo_ac_xhuff_tbl_huffval_address0  |  out|   11|   ap_memory|  p_jinfo_ac_xhuff_tbl_huffval|         array|
|p_jinfo_ac_xhuff_tbl_huffval_ce0       |  out|    1|   ap_memory|  p_jinfo_ac_xhuff_tbl_huffval|         array|
|p_jinfo_ac_xhuff_tbl_huffval_q0        |   in|    8|   ap_memory|  p_jinfo_ac_xhuff_tbl_huffval|         array|
+---------------------------------------+-----+-----+------------+------------------------------+--------------+

