

================================================================
== Vitis HLS Report for 'decode_1_Pipeline_VITIS_LOOP_482_1'
================================================================
* Date:           Tue Jun 18 12:24:26 2024

* Version:        2023.2 (Build 4023990 on Oct 11 2023)
* Project:        jpeg_ahls
* Solution:       solution1 (Vivado IP Flow Target)
* Product family: virtexuplusHBM
* Target device:  xcvu35p-fsvh2104-1-e


================================================================
== Performance Estimates
================================================================
+ Timing: 
    * Summary: 
    +--------+---------+----------+------------+
    |  Clock |  Target | Estimated| Uncertainty|
    +--------+---------+----------+------------+
    |ap_clk  |  5.00 ns|  3.560 ns|     1.35 ns|
    +--------+---------+----------+------------+

+ Latency: 
    * Summary: 
    +---------+---------+----------+----------+-----+-----+---------+
    |  Latency (cycles) |  Latency (absolute) |  Interval | Pipeline|
    |   min   |   max   |    min   |    max   | min | max |   Type  |
    +---------+---------+----------+----------+-----+-----+---------+
    |      134|      134|  0.670 us|  0.670 us|  134|  134|       no|
    +---------+---------+----------+----------+-----+-----+---------+

    + Detail: 
        * Instance: 
        N/A

        * Loop: 
        +--------------------+---------+---------+----------+-----------+-----------+------+----------+
        |                    |  Latency (cycles) | Iteration|  Initiation Interval  | Trip |          |
        |      Loop Name     |   min   |   max   |  Latency |  achieved |   target  | Count| Pipelined|
        +--------------------+---------+---------+----------+-----------+-----------+------+----------+
        |- VITIS_LOOP_482_1  |      132|      132|         7|          2|          1|    64|       yes|
        +--------------------+---------+---------+----------+-----------+-----------+------+----------+



================================================================
== Utilization Estimates
================================================================
* Summary: 
+---------------------+---------+------+---------+--------+-----+
|         Name        | BRAM_18K|  DSP |    FF   |   LUT  | URAM|
+---------------------+---------+------+---------+--------+-----+
|DSP                  |        -|     -|        -|       -|    -|
|Expression           |        -|     -|        0|     394|    -|
|FIFO                 |        -|     -|        -|       -|    -|
|Instance             |        -|     4|      330|      98|    -|
|Memory               |        -|     -|        -|       -|    -|
|Multiplexer          |        -|     -|        -|     184|    -|
|Register             |        -|     -|      413|      64|    -|
+---------------------+---------+------+---------+--------+-----+
|Total                |        0|     4|      743|     740|    0|
+---------------------+---------+------+---------+--------+-----+
|Available SLR        |     1344|  2976|   871680|  435840|  320|
+---------------------+---------+------+---------+--------+-----+
|Utilization SLR (%)  |        0|    ~0|       ~0|      ~0|    0|
+---------------------+---------+------+---------+--------+-----+
|Available            |     2688|  5952|  1743360|  871680|  640|
+---------------------+---------+------+---------+--------+-----+
|Utilization (%)      |        0|    ~0|       ~0|      ~0|    0|
+---------------------+---------+------+---------+--------+-----+

+ Detail: 
    * Instance: 
    +--------------------------+---------------------+---------+----+-----+----+-----+
    |         Instance         |        Module       | BRAM_18K| DSP|  FF | LUT| URAM|
    +--------------------------+---------------------+---------+----+-----+----+-----+
    |mul_32s_10ns_32_2_1_U194  |mul_32s_10ns_32_2_1  |        0|   2|  165|  49|    0|
    |mul_32s_9s_32_2_1_U195    |mul_32s_9s_32_2_1    |        0|   2|  165|  49|    0|
    +--------------------------+---------------------+---------+----+-----+----+-----+
    |Total                     |                     |        0|   4|  330|  98|    0|
    +--------------------------+---------------------+---------+----+-----+----+-----+

    * DSP: 
    N/A

    * Memory: 
    N/A

    * FIFO: 
    N/A

    * Expression: 
    +------------------------+----------+----+---+----+------------+------------+
    |      Variable Name     | Operation| DSP| FF| LUT| Bitwidth P0| Bitwidth P1|
    +------------------------+----------+----+---+----+------------+------------+
    |add_ln482_fu_170_p2     |         +|   0|  0|  14|           7|           1|
    |add_ln487_fu_239_p2     |         +|   0|  0|  39|          32|          32|
    |add_ln488_1_fu_282_p2   |         +|   0|  0|  32|          32|          32|
    |add_ln488_fu_278_p2     |         +|   0|  0|  32|          32|          32|
    |add_ln489_fu_297_p2     |         +|   0|  0|  39|          32|          32|
    |u_fu_211_p2             |         +|   0|  0|  39|          32|           9|
    |v_fu_217_p2             |         +|   0|  0|  39|          32|           9|
    |icmp_ln482_fu_164_p2    |      icmp|   0|  0|  15|           7|           8|
    |icmp_ln493_fu_263_p2    |      icmp|   0|  0|  23|          16|           1|
    |icmp_ln498_fu_356_p2    |      icmp|   0|  0|  23|          16|           1|
    |icmp_ln503_fu_408_p2    |      icmp|   0|  0|  23|          16|           1|
    |or_ln487_fu_233_p2      |        or|   0|  0|  32|          32|           8|
    |or_ln491_fu_325_p2      |        or|   0|  0|   2|           1|           1|
    |or_ln496_fu_376_p2      |        or|   0|  0|   2|           1|           1|
    |or_ln501_fu_428_p2      |        or|   0|  0|   2|           1|           1|
    |b_fu_434_p3             |    select|   0|  0|   8|           1|           8|
    |g_fu_382_p3             |    select|   0|  0|   8|           1|           8|
    |r_fu_329_p3             |    select|   0|  0|   8|           1|           8|
    |select_ln491_fu_317_p3  |    select|   0|  0|   2|           1|           2|
    |select_ln496_fu_368_p3  |    select|   0|  0|   2|           1|           2|
    |select_ln501_fu_420_p3  |    select|   0|  0|   2|           1|           2|
    |ap_enable_pp0           |       xor|   0|  0|   2|           1|           2|
    |xor_ln491_fu_312_p2     |       xor|   0|  0|   2|           1|           2|
    |xor_ln496_fu_362_p2     |       xor|   0|  0|   2|           1|           2|
    |xor_ln501_fu_414_p2     |       xor|   0|  0|   2|           1|           2|
    +------------------------+----------+----+---+----+------------+------------+
    |Total                   |          |   0|  0| 394|         299|         207|
    +------------------------+----------+----+---+----+------------+------------+

    * Multiplexer: 
    +----------------------------------+----+-----------+-----+-----------+
    |               Name               | LUT| Input Size| Bits| Total Bits|
    +----------------------------------+----+-----------+-----+-----------+
    |IDCTBuff_address0                 |  14|          3|    9|         27|
    |ap_NS_fsm                         |  14|          3|    1|          3|
    |ap_done_int                       |   9|          2|    1|          2|
    |ap_enable_reg_pp0_iter0           |   9|          2|    1|          2|
    |ap_enable_reg_pp0_iter1           |   9|          2|    1|          2|
    |ap_enable_reg_pp0_iter3           |   9|          2|    1|          2|
    |ap_loop_exit_ready_pp0_iter1_reg  |   9|          2|    1|          2|
    |ap_loop_exit_ready_pp0_iter2_reg  |   9|          2|    1|          2|
    |ap_sig_allocacmp_i                |   9|          2|    7|         14|
    |grp_fu_140_p0                     |  14|          3|   32|         96|
    |grp_fu_140_p1                     |  14|          3|   10|         30|
    |grp_fu_146_p0                     |  14|          3|   32|         96|
    |grp_fu_146_p1                     |  14|          3|    9|         27|
    |i_6_fu_70                         |   9|          2|    7|         14|
    |rgb_buf_address0                  |  14|          3|   10|         30|
    |rgb_buf_d0                        |  14|          3|    8|         24|
    +----------------------------------+----+-----------+-----+-----------+
    |Total                             | 184|         40|  131|        373|
    +----------------------------------+----+-----------+-----+-----------+

    * Register: 
    +----------------------------------+----+----+-----+-----------+
    |               Name               | FF | LUT| Bits| Const Bits|
    +----------------------------------+----+----+-----+-----------+
    |add_ln487_reg_511                 |  32|   0|   32|          0|
    |ap_CS_fsm                         |   2|   0|    2|          0|
    |ap_done_reg                       |   1|   0|    1|          0|
    |ap_enable_reg_pp0_iter0_reg       |   1|   0|    1|          0|
    |ap_enable_reg_pp0_iter1           |   1|   0|    1|          0|
    |ap_enable_reg_pp0_iter2           |   1|   0|    1|          0|
    |ap_enable_reg_pp0_iter3           |   1|   0|    1|          0|
    |ap_loop_exit_ready_pp0_iter1_reg  |   1|   0|    1|          0|
    |ap_loop_exit_ready_pp0_iter2_reg  |   1|   0|    1|          0|
    |b_reg_537                         |   8|   0|    8|          0|
    |g_reg_532                         |   8|   0|    8|          0|
    |i_6_fu_70                         |   7|   0|    7|          0|
    |i_reg_449                         |   7|   0|    7|          0|
    |i_reg_449_pp0_iter1_reg           |   7|   0|    7|          0|
    |icmp_ln482_reg_454                |   1|   0|    1|          0|
    |icmp_ln482_reg_454_pp0_iter1_reg  |   1|   0|    1|          0|
    |icmp_ln493_reg_527                |   1|   0|    1|          0|
    |mul_ln488_1_reg_516               |  32|   0|   32|          0|
    |mul_ln488_reg_500                 |  32|   0|   32|          0|
    |or_ln487_reg_505                  |  24|   0|   32|          8|
    |reg_152                           |  32|   0|   32|          0|
    |tmp_reg_521                       |   1|   0|    1|          0|
    |u_reg_478                         |  32|   0|   32|          0|
    |v_reg_484                         |  32|   0|   32|          0|
    |zext_ln482_reg_490                |   7|   0|   64|         57|
    |zext_ln484_reg_458                |   6|   0|   64|         58|
    |zext_ln485_reg_468                |   6|   0|   64|         58|
    |zext_ln484_reg_458                |  64|  32|   64|         58|
    |zext_ln485_reg_468                |  64|  32|   64|         58|
    +----------------------------------+----+----+-----+-----------+
    |Total                             | 413|  64|  594|        297|
    +----------------------------------+----+----+-----+-----------+



================================================================
== Interface
================================================================
* Summary: 
+-------------------+-----+-----+------------+------------------------------------+--------------+
|     RTL Ports     | Dir | Bits|  Protocol  |            Source Object           |    C Type    |
+-------------------+-----+-----+------------+------------------------------------+--------------+
|ap_clk             |   in|    1|  ap_ctrl_hs|  decode.1_Pipeline_VITIS_LOOP_482_1|  return value|
|ap_rst             |   in|    1|  ap_ctrl_hs|  decode.1_Pipeline_VITIS_LOOP_482_1|  return value|
|ap_start           |   in|    1|  ap_ctrl_hs|  decode.1_Pipeline_VITIS_LOOP_482_1|  return value|
|ap_done            |  out|    1|  ap_ctrl_hs|  decode.1_Pipeline_VITIS_LOOP_482_1|  return value|
|ap_idle            |  out|    1|  ap_ctrl_hs|  decode.1_Pipeline_VITIS_LOOP_482_1|  return value|
|ap_ready           |  out|    1|  ap_ctrl_hs|  decode.1_Pipeline_VITIS_LOOP_482_1|  return value|
|IDCTBuff_address0  |  out|    9|   ap_memory|                            IDCTBuff|         array|
|IDCTBuff_ce0       |  out|    1|   ap_memory|                            IDCTBuff|         array|
|IDCTBuff_q0        |   in|   32|   ap_memory|                            IDCTBuff|         array|
|IDCTBuff_address1  |  out|    9|   ap_memory|                            IDCTBuff|         array|
|IDCTBuff_ce1       |  out|    1|   ap_memory|                            IDCTBuff|         array|
|IDCTBuff_q1        |   in|   32|   ap_memory|                            IDCTBuff|         array|
|rgb_buf_address0   |  out|   10|   ap_memory|                             rgb_buf|         array|
|rgb_buf_ce0        |  out|    1|   ap_memory|                             rgb_buf|         array|
|rgb_buf_we0        |  out|    1|   ap_memory|                             rgb_buf|         array|
|rgb_buf_d0         |  out|    8|   ap_memory|                             rgb_buf|         array|
|rgb_buf_address1   |  out|   10|   ap_memory|                             rgb_buf|         array|
|rgb_buf_ce1        |  out|    1|   ap_memory|                             rgb_buf|         array|
|rgb_buf_we1        |  out|    1|   ap_memory|                             rgb_buf|         array|
|rgb_buf_d1         |  out|    8|   ap_memory|                             rgb_buf|         array|
+-------------------+-----+-----+------------+------------------------------------+--------------+

