

================================================================
== Vitis HLS Report for 'adpcm_main_Pipeline_adpcm_main_label12'
================================================================
* Date:           Wed Jun 19 19:06:28 2024

* Version:        2023.2 (Build 4023990 on Oct 11 2023)
* Project:        adpcm_ahls
* Solution:       solution1 (Vivado IP Flow Target)
* Product family: virtexuplusHBM
* Target device:  xcvu35p-fsvh2104-1-e


================================================================
== Performance Estimates
================================================================
+ Timing: 
    * Summary: 
    +--------+---------+----------+------------+
    |  Clock |  Target | Estimated| Uncertainty|
    +--------+---------+----------+------------+
    |ap_clk  |  5.00 ns|  3.794 ns|     1.35 ns|
    +--------+---------+----------+------------+

+ Latency: 
    * Summary: 
    +---------+---------+----------+----------+--------+--------+---------+
    |  Latency (cycles) |  Latency (absolute) |     Interval    | Pipeline|
    |   min   |   max   |    min   |    max   |   min  |   max  |   Type  |
    +---------+---------+----------+----------+--------+--------+---------+
    |   100004|   100004|  0.500 ms|  0.500 ms|  100004|  100004|       no|
    +---------+---------+----------+----------+--------+--------+---------+

    + Detail: 
        * Instance: 
        N/A

        * Loop: 
        +----------------------+---------+---------+----------+-----------+-----------+------+----------+
        |                      |  Latency (cycles) | Iteration|  Initiation Interval  | Trip |          |
        |       Loop Name      |   min   |   max   |  Latency |  achieved |   target  | Count| Pipelined|
        +----------------------+---------+---------+----------+-----------+-----------+------+----------+
        |- adpcm_main_label12  |   100002|   100002|        28|         25|          1|  4000|       yes|
        +----------------------+---------+---------+----------+-----------+-----------+------+----------+

============================================================
+ Verbose Summary: Synthesis Manager
============================================================
InlineROM: 1
ExposeGlobal: 0
============================================================
+ Verbose Summary: CDFG Model
============================================================
IsTopModel: 0
ResetActiveHigh: 1
IsCombinational: 0
IsDatapathOnly: 0
HasWiredReturn: 1
HasMFsm: 2
HasVarLatency: 1
IsPipeline: 0
IsRtlPipelined: 0
IsInstanceOverlapped: 0
IsDontTouch: 0
HasImplIP: 0
IsGatedGlobalClock: 0

+ Individual pipeline summary: 
  * Pipeline-0: initiation interval (II) = 25, depth = 28


============================================================
+ Verbose Summary: Schedule
============================================================
* Number of FSM states : 28
* Pipeline : 1
  Pipeline-0 : II = 25, D = 28, States = { 1 2 3 4 5 6 7 8 9 10 11 12 13 14 15 16 17 18 19 20 21 22 23 24 25 26 27 28 }
* Dataflow Pipeline: 0

* FSM state transitions: 
1 --> 2 
2 --> 3 
3 --> 4 
4 --> 5 
5 --> 6 
6 --> 7 
7 --> 8 
8 --> 9 
9 --> 10 
10 --> 11 
11 --> 12 
12 --> 13 
13 --> 14 
14 --> 15 
15 --> 16 
16 --> 17 
17 --> 18 
18 --> 19 
19 --> 20 
20 --> 21 
21 --> 22 
22 --> 23 
23 --> 24 
24 --> 25 
25 --> 26 
26 --> 27 
27 --> 28 
28 --> 

* FSM state operations: 

State 1 <SV = 0> <Delay = 1.75>
ST_1 : Operation 31 [1/1] (0.00ns)   --->   "%i_4 = alloca i32 1" [benchmarks/chstone/adpcm/src/adpcm.c:771]   --->   Operation 31 'alloca' 'i_4' <Predicate = true> <Delay = 0.00>
ST_1 : Operation 32 [1/1] (0.00ns)   --->   "%specinterface_ln0 = specinterface void @_ssdm_op_SpecInterface, i32 %compressed, void @empty, i32 0, i32 0, void @empty_7, i32 4294967295, i32 0, void @empty_7, void @empty_7, void @empty_7, i32 0, i32 0, i32 0, i32 0, void @empty_7, void @empty_7, i32 4294967295, i32 0"   --->   Operation 32 'specinterface' 'specinterface_ln0' <Predicate = true> <Delay = 0.00>
ST_1 : Operation 33 [1/1] (0.00ns)   --->   "%specinterface_ln0 = specinterface void @_ssdm_op_SpecInterface, i32 %input_samples, void @empty, i32 0, i32 0, void @empty_7, i32 4294967295, i32 0, void @empty_7, void @empty_7, void @empty_7, i32 0, i32 0, i32 0, i32 0, void @empty_7, void @empty_7, i32 4294967295, i32 0"   --->   Operation 33 'specinterface' 'specinterface_ln0' <Predicate = true> <Delay = 0.00>
ST_1 : Operation 34 [1/1] (0.46ns)   --->   "%store_ln771 = store i13 0, i13 %i_4" [benchmarks/chstone/adpcm/src/adpcm.c:771]   --->   Operation 34 'store' 'store_ln771' <Predicate = true> <Delay = 0.46>
ST_1 : Operation 35 [1/1] (0.00ns)   --->   "%br_ln0 = br void %for.inc"   --->   Operation 35 'br' 'br_ln0' <Predicate = true> <Delay = 0.00>
ST_1 : Operation 36 [1/1] (0.00ns)   --->   "%i = load i13 %i_4" [benchmarks/chstone/adpcm/src/adpcm.c:778]   --->   Operation 36 'load' 'i' <Predicate = true> <Delay = 0.00>
ST_1 : Operation 37 [1/1] (1.02ns)   --->   "%icmp_ln778 = icmp_ult  i13 %i, i13 8000" [benchmarks/chstone/adpcm/src/adpcm.c:778]   --->   Operation 37 'icmp' 'icmp_ln778' <Predicate = true> <Delay = 1.02> <CoreInst = "Cmp">   --->   Core 9 'Cmp' <Latency = 0> <II = 1> <Delay = 1.02> <FuncUnit> <Opcode : 'icmp'> <InPorts = 2> <OutPorts = 1>
ST_1 : Operation 38 [1/1] (0.00ns)   --->   "%br_ln778 = br i1 %icmp_ln778, void %for.inc17.preheader.exitStub, void %for.inc.split" [benchmarks/chstone/adpcm/src/adpcm.c:778]   --->   Operation 38 'br' 'br_ln778' <Predicate = true> <Delay = 0.00>
ST_1 : Operation 39 [1/1] (0.00ns)   --->   "%zext_ln778 = zext i13 %i" [benchmarks/chstone/adpcm/src/adpcm.c:778]   --->   Operation 39 'zext' 'zext_ln778' <Predicate = (icmp_ln778)> <Delay = 0.00>
ST_1 : Operation 40 [1/1] (0.00ns)   --->   "%input_samples_addr = getelementptr i32 %input_samples, i64 0, i64 %zext_ln778" [benchmarks/chstone/adpcm/src/adpcm.c:780]   --->   Operation 40 'getelementptr' 'input_samples_addr' <Predicate = (icmp_ln778)> <Delay = 0.00>
ST_1 : Operation 41 [2/2] (1.29ns)   --->   "%input_samples_load = load i13 %input_samples_addr" [benchmarks/chstone/adpcm/src/adpcm.c:780]   --->   Operation 41 'load' 'input_samples_load' <Predicate = (icmp_ln778)> <Delay = 1.29> <CoreInst = "RAM">   --->   Core 83 'RAM' <Latency = 1> <II = 1> <Delay = 1.29> <Storage> <Opcode : 'load' 'store'> <Ports = 2> <Width = 32> <Depth = 8000> <RAM>
ST_1 : Operation 42 [1/1] (0.00ns)   --->   "%or_ln780 = or i13 %i, i13 1" [benchmarks/chstone/adpcm/src/adpcm.c:780]   --->   Operation 42 'or' 'or_ln780' <Predicate = (icmp_ln778)> <Delay = 0.00>
ST_1 : Operation 43 [1/1] (0.00ns)   --->   "%zext_ln780 = zext i13 %or_ln780" [benchmarks/chstone/adpcm/src/adpcm.c:780]   --->   Operation 43 'zext' 'zext_ln780' <Predicate = (icmp_ln778)> <Delay = 0.00>
ST_1 : Operation 44 [1/1] (0.00ns)   --->   "%input_samples_addr_1 = getelementptr i32 %input_samples, i64 0, i64 %zext_ln780" [benchmarks/chstone/adpcm/src/adpcm.c:780]   --->   Operation 44 'getelementptr' 'input_samples_addr_1' <Predicate = (icmp_ln778)> <Delay = 0.00>
ST_1 : Operation 45 [2/2] (1.29ns)   --->   "%input_samples_load_1 = load i13 %input_samples_addr_1" [benchmarks/chstone/adpcm/src/adpcm.c:780]   --->   Operation 45 'load' 'input_samples_load_1' <Predicate = (icmp_ln778)> <Delay = 1.29> <CoreInst = "RAM">   --->   Core 83 'RAM' <Latency = 1> <II = 1> <Delay = 1.29> <Storage> <Opcode : 'load' 'store'> <Ports = 2> <Width = 32> <Depth = 8000> <RAM>

State 2 <SV = 1> <Delay = 2.02>
ST_2 : Operation 46 [1/2] (1.29ns)   --->   "%input_samples_load = load i13 %input_samples_addr" [benchmarks/chstone/adpcm/src/adpcm.c:780]   --->   Operation 46 'load' 'input_samples_load' <Predicate = (icmp_ln778)> <Delay = 1.29> <CoreInst = "RAM">   --->   Core 83 'RAM' <Latency = 1> <II = 1> <Delay = 1.29> <Storage> <Opcode : 'load' 'store'> <Ports = 2> <Width = 32> <Depth = 8000> <RAM>
ST_2 : Operation 47 [1/2] (1.29ns)   --->   "%input_samples_load_1 = load i13 %input_samples_addr_1" [benchmarks/chstone/adpcm/src/adpcm.c:780]   --->   Operation 47 'load' 'input_samples_load_1' <Predicate = (icmp_ln778)> <Delay = 1.29> <CoreInst = "RAM">   --->   Core 83 'RAM' <Latency = 1> <II = 1> <Delay = 1.29> <Storage> <Opcode : 'load' 'store'> <Ports = 2> <Width = 32> <Depth = 8000> <RAM>
ST_2 : Operation 48 [27/27] (0.73ns)   --->   "%tmp = call i8 @encode, i32 %input_samples_load, i32 %input_samples_load_1, i31 %rlt1, i16 %al1, i31 %rlt2, i15 %al2, i15 %detl, i6 %quant26bt_pos, i6 %quant26bt_neg, i6 %il, i16 %qq4_code4_table, i15 %nbl, i13 %wl_code_table, i12 %ilb_table, i32 %plt1, i32 %plt2, i31 %rh1, i16 %ah1, i31 %rh2, i15 %ah2, i15 %deth, i15 %nbh, i32 %ph1, i32 %ph2, i32 %tqmf, i32 %delay_bpl, i16 %delay_dltx, i32 %delay_bph, i14 %delay_dhx" [benchmarks/chstone/adpcm/src/adpcm.c:780]   --->   Operation 48 'call' 'tmp' <Predicate = (icmp_ln778)> <Delay = 0.73> <CoreType = "Generic">   --->   Core 0 '' <Latency = 0> <II = 1> <Delay = 1.00> <Generic> <Opcode : >

State 3 <SV = 2> <Delay = 3.79>
ST_3 : Operation 49 [26/27] (3.79ns)   --->   "%tmp = call i8 @encode, i32 %input_samples_load, i32 %input_samples_load_1, i31 %rlt1, i16 %al1, i31 %rlt2, i15 %al2, i15 %detl, i6 %quant26bt_pos, i6 %quant26bt_neg, i6 %il, i16 %qq4_code4_table, i15 %nbl, i13 %wl_code_table, i12 %ilb_table, i32 %plt1, i32 %plt2, i31 %rh1, i16 %ah1, i31 %rh2, i15 %ah2, i15 %deth, i15 %nbh, i32 %ph1, i32 %ph2, i32 %tqmf, i32 %delay_bpl, i16 %delay_dltx, i32 %delay_bph, i14 %delay_dhx" [benchmarks/chstone/adpcm/src/adpcm.c:780]   --->   Operation 49 'call' 'tmp' <Predicate = (icmp_ln778)> <Delay = 3.79> <CoreType = "Generic">   --->   Core 0 '' <Latency = 0> <II = 1> <Delay = 1.00> <Generic> <Opcode : >
ST_3 : Operation 86 [1/1] (0.00ns)   --->   "%ret_ln0 = ret"   --->   Operation 86 'ret' 'ret_ln0' <Predicate = (!icmp_ln778)> <Delay = 0.00>

State 4 <SV = 3> <Delay = 3.79>
ST_4 : Operation 50 [25/27] (3.79ns)   --->   "%tmp = call i8 @encode, i32 %input_samples_load, i32 %input_samples_load_1, i31 %rlt1, i16 %al1, i31 %rlt2, i15 %al2, i15 %detl, i6 %quant26bt_pos, i6 %quant26bt_neg, i6 %il, i16 %qq4_code4_table, i15 %nbl, i13 %wl_code_table, i12 %ilb_table, i32 %plt1, i32 %plt2, i31 %rh1, i16 %ah1, i31 %rh2, i15 %ah2, i15 %deth, i15 %nbh, i32 %ph1, i32 %ph2, i32 %tqmf, i32 %delay_bpl, i16 %delay_dltx, i32 %delay_bph, i14 %delay_dhx" [benchmarks/chstone/adpcm/src/adpcm.c:780]   --->   Operation 50 'call' 'tmp' <Predicate = (icmp_ln778)> <Delay = 3.79> <CoreType = "Generic">   --->   Core 0 '' <Latency = 0> <II = 1> <Delay = 1.00> <Generic> <Opcode : >

State 5 <SV = 4> <Delay = 3.79>
ST_5 : Operation 51 [24/27] (3.79ns)   --->   "%tmp = call i8 @encode, i32 %input_samples_load, i32 %input_samples_load_1, i31 %rlt1, i16 %al1, i31 %rlt2, i15 %al2, i15 %detl, i6 %quant26bt_pos, i6 %quant26bt_neg, i6 %il, i16 %qq4_code4_table, i15 %nbl, i13 %wl_code_table, i12 %ilb_table, i32 %plt1, i32 %plt2, i31 %rh1, i16 %ah1, i31 %rh2, i15 %ah2, i15 %deth, i15 %nbh, i32 %ph1, i32 %ph2, i32 %tqmf, i32 %delay_bpl, i16 %delay_dltx, i32 %delay_bph, i14 %delay_dhx" [benchmarks/chstone/adpcm/src/adpcm.c:780]   --->   Operation 51 'call' 'tmp' <Predicate = (icmp_ln778)> <Delay = 3.79> <CoreType = "Generic">   --->   Core 0 '' <Latency = 0> <II = 1> <Delay = 1.00> <Generic> <Opcode : >

State 6 <SV = 5> <Delay = 3.79>
ST_6 : Operation 52 [23/27] (3.79ns)   --->   "%tmp = call i8 @encode, i32 %input_samples_load, i32 %input_samples_load_1, i31 %rlt1, i16 %al1, i31 %rlt2, i15 %al2, i15 %detl, i6 %quant26bt_pos, i6 %quant26bt_neg, i6 %il, i16 %qq4_code4_table, i15 %nbl, i13 %wl_code_table, i12 %ilb_table, i32 %plt1, i32 %plt2, i31 %rh1, i16 %ah1, i31 %rh2, i15 %ah2, i15 %deth, i15 %nbh, i32 %ph1, i32 %ph2, i32 %tqmf, i32 %delay_bpl, i16 %delay_dltx, i32 %delay_bph, i14 %delay_dhx" [benchmarks/chstone/adpcm/src/adpcm.c:780]   --->   Operation 52 'call' 'tmp' <Predicate = (icmp_ln778)> <Delay = 3.79> <CoreType = "Generic">   --->   Core 0 '' <Latency = 0> <II = 1> <Delay = 1.00> <Generic> <Opcode : >

State 7 <SV = 6> <Delay = 3.79>
ST_7 : Operation 53 [22/27] (3.79ns)   --->   "%tmp = call i8 @encode, i32 %input_samples_load, i32 %input_samples_load_1, i31 %rlt1, i16 %al1, i31 %rlt2, i15 %al2, i15 %detl, i6 %quant26bt_pos, i6 %quant26bt_neg, i6 %il, i16 %qq4_code4_table, i15 %nbl, i13 %wl_code_table, i12 %ilb_table, i32 %plt1, i32 %plt2, i31 %rh1, i16 %ah1, i31 %rh2, i15 %ah2, i15 %deth, i15 %nbh, i32 %ph1, i32 %ph2, i32 %tqmf, i32 %delay_bpl, i16 %delay_dltx, i32 %delay_bph, i14 %delay_dhx" [benchmarks/chstone/adpcm/src/adpcm.c:780]   --->   Operation 53 'call' 'tmp' <Predicate = (icmp_ln778)> <Delay = 3.79> <CoreType = "Generic">   --->   Core 0 '' <Latency = 0> <II = 1> <Delay = 1.00> <Generic> <Opcode : >

State 8 <SV = 7> <Delay = 3.79>
ST_8 : Operation 54 [21/27] (3.79ns)   --->   "%tmp = call i8 @encode, i32 %input_samples_load, i32 %input_samples_load_1, i31 %rlt1, i16 %al1, i31 %rlt2, i15 %al2, i15 %detl, i6 %quant26bt_pos, i6 %quant26bt_neg, i6 %il, i16 %qq4_code4_table, i15 %nbl, i13 %wl_code_table, i12 %ilb_table, i32 %plt1, i32 %plt2, i31 %rh1, i16 %ah1, i31 %rh2, i15 %ah2, i15 %deth, i15 %nbh, i32 %ph1, i32 %ph2, i32 %tqmf, i32 %delay_bpl, i16 %delay_dltx, i32 %delay_bph, i14 %delay_dhx" [benchmarks/chstone/adpcm/src/adpcm.c:780]   --->   Operation 54 'call' 'tmp' <Predicate = (icmp_ln778)> <Delay = 3.79> <CoreType = "Generic">   --->   Core 0 '' <Latency = 0> <II = 1> <Delay = 1.00> <Generic> <Opcode : >

State 9 <SV = 8> <Delay = 3.79>
ST_9 : Operation 55 [20/27] (3.79ns)   --->   "%tmp = call i8 @encode, i32 %input_samples_load, i32 %input_samples_load_1, i31 %rlt1, i16 %al1, i31 %rlt2, i15 %al2, i15 %detl, i6 %quant26bt_pos, i6 %quant26bt_neg, i6 %il, i16 %qq4_code4_table, i15 %nbl, i13 %wl_code_table, i12 %ilb_table, i32 %plt1, i32 %plt2, i31 %rh1, i16 %ah1, i31 %rh2, i15 %ah2, i15 %deth, i15 %nbh, i32 %ph1, i32 %ph2, i32 %tqmf, i32 %delay_bpl, i16 %delay_dltx, i32 %delay_bph, i14 %delay_dhx" [benchmarks/chstone/adpcm/src/adpcm.c:780]   --->   Operation 55 'call' 'tmp' <Predicate = (icmp_ln778)> <Delay = 3.79> <CoreType = "Generic">   --->   Core 0 '' <Latency = 0> <II = 1> <Delay = 1.00> <Generic> <Opcode : >

State 10 <SV = 9> <Delay = 3.79>
ST_10 : Operation 56 [19/27] (3.79ns)   --->   "%tmp = call i8 @encode, i32 %input_samples_load, i32 %input_samples_load_1, i31 %rlt1, i16 %al1, i31 %rlt2, i15 %al2, i15 %detl, i6 %quant26bt_pos, i6 %quant26bt_neg, i6 %il, i16 %qq4_code4_table, i15 %nbl, i13 %wl_code_table, i12 %ilb_table, i32 %plt1, i32 %plt2, i31 %rh1, i16 %ah1, i31 %rh2, i15 %ah2, i15 %deth, i15 %nbh, i32 %ph1, i32 %ph2, i32 %tqmf, i32 %delay_bpl, i16 %delay_dltx, i32 %delay_bph, i14 %delay_dhx" [benchmarks/chstone/adpcm/src/adpcm.c:780]   --->   Operation 56 'call' 'tmp' <Predicate = (icmp_ln778)> <Delay = 3.79> <CoreType = "Generic">   --->   Core 0 '' <Latency = 0> <II = 1> <Delay = 1.00> <Generic> <Opcode : >

State 11 <SV = 10> <Delay = 3.79>
ST_11 : Operation 57 [18/27] (3.79ns)   --->   "%tmp = call i8 @encode, i32 %input_samples_load, i32 %input_samples_load_1, i31 %rlt1, i16 %al1, i31 %rlt2, i15 %al2, i15 %detl, i6 %quant26bt_pos, i6 %quant26bt_neg, i6 %il, i16 %qq4_code4_table, i15 %nbl, i13 %wl_code_table, i12 %ilb_table, i32 %plt1, i32 %plt2, i31 %rh1, i16 %ah1, i31 %rh2, i15 %ah2, i15 %deth, i15 %nbh, i32 %ph1, i32 %ph2, i32 %tqmf, i32 %delay_bpl, i16 %delay_dltx, i32 %delay_bph, i14 %delay_dhx" [benchmarks/chstone/adpcm/src/adpcm.c:780]   --->   Operation 57 'call' 'tmp' <Predicate = (icmp_ln778)> <Delay = 3.79> <CoreType = "Generic">   --->   Core 0 '' <Latency = 0> <II = 1> <Delay = 1.00> <Generic> <Opcode : >

State 12 <SV = 11> <Delay = 3.79>
ST_12 : Operation 58 [17/27] (3.79ns)   --->   "%tmp = call i8 @encode, i32 %input_samples_load, i32 %input_samples_load_1, i31 %rlt1, i16 %al1, i31 %rlt2, i15 %al2, i15 %detl, i6 %quant26bt_pos, i6 %quant26bt_neg, i6 %il, i16 %qq4_code4_table, i15 %nbl, i13 %wl_code_table, i12 %ilb_table, i32 %plt1, i32 %plt2, i31 %rh1, i16 %ah1, i31 %rh2, i15 %ah2, i15 %deth, i15 %nbh, i32 %ph1, i32 %ph2, i32 %tqmf, i32 %delay_bpl, i16 %delay_dltx, i32 %delay_bph, i14 %delay_dhx" [benchmarks/chstone/adpcm/src/adpcm.c:780]   --->   Operation 58 'call' 'tmp' <Predicate = (icmp_ln778)> <Delay = 3.79> <CoreType = "Generic">   --->   Core 0 '' <Latency = 0> <II = 1> <Delay = 1.00> <Generic> <Opcode : >

State 13 <SV = 12> <Delay = 3.79>
ST_13 : Operation 59 [16/27] (3.79ns)   --->   "%tmp = call i8 @encode, i32 %input_samples_load, i32 %input_samples_load_1, i31 %rlt1, i16 %al1, i31 %rlt2, i15 %al2, i15 %detl, i6 %quant26bt_pos, i6 %quant26bt_neg, i6 %il, i16 %qq4_code4_table, i15 %nbl, i13 %wl_code_table, i12 %ilb_table, i32 %plt1, i32 %plt2, i31 %rh1, i16 %ah1, i31 %rh2, i15 %ah2, i15 %deth, i15 %nbh, i32 %ph1, i32 %ph2, i32 %tqmf, i32 %delay_bpl, i16 %delay_dltx, i32 %delay_bph, i14 %delay_dhx" [benchmarks/chstone/adpcm/src/adpcm.c:780]   --->   Operation 59 'call' 'tmp' <Predicate = (icmp_ln778)> <Delay = 3.79> <CoreType = "Generic">   --->   Core 0 '' <Latency = 0> <II = 1> <Delay = 1.00> <Generic> <Opcode : >

State 14 <SV = 13> <Delay = 3.79>
ST_14 : Operation 60 [15/27] (3.79ns)   --->   "%tmp = call i8 @encode, i32 %input_samples_load, i32 %input_samples_load_1, i31 %rlt1, i16 %al1, i31 %rlt2, i15 %al2, i15 %detl, i6 %quant26bt_pos, i6 %quant26bt_neg, i6 %il, i16 %qq4_code4_table, i15 %nbl, i13 %wl_code_table, i12 %ilb_table, i32 %plt1, i32 %plt2, i31 %rh1, i16 %ah1, i31 %rh2, i15 %ah2, i15 %deth, i15 %nbh, i32 %ph1, i32 %ph2, i32 %tqmf, i32 %delay_bpl, i16 %delay_dltx, i32 %delay_bph, i14 %delay_dhx" [benchmarks/chstone/adpcm/src/adpcm.c:780]   --->   Operation 60 'call' 'tmp' <Predicate = (icmp_ln778)> <Delay = 3.79> <CoreType = "Generic">   --->   Core 0 '' <Latency = 0> <II = 1> <Delay = 1.00> <Generic> <Opcode : >

State 15 <SV = 14> <Delay = 3.79>
ST_15 : Operation 61 [14/27] (3.79ns)   --->   "%tmp = call i8 @encode, i32 %input_samples_load, i32 %input_samples_load_1, i31 %rlt1, i16 %al1, i31 %rlt2, i15 %al2, i15 %detl, i6 %quant26bt_pos, i6 %quant26bt_neg, i6 %il, i16 %qq4_code4_table, i15 %nbl, i13 %wl_code_table, i12 %ilb_table, i32 %plt1, i32 %plt2, i31 %rh1, i16 %ah1, i31 %rh2, i15 %ah2, i15 %deth, i15 %nbh, i32 %ph1, i32 %ph2, i32 %tqmf, i32 %delay_bpl, i16 %delay_dltx, i32 %delay_bph, i14 %delay_dhx" [benchmarks/chstone/adpcm/src/adpcm.c:780]   --->   Operation 61 'call' 'tmp' <Predicate = (icmp_ln778)> <Delay = 3.79> <CoreType = "Generic">   --->   Core 0 '' <Latency = 0> <II = 1> <Delay = 1.00> <Generic> <Opcode : >

State 16 <SV = 15> <Delay = 3.79>
ST_16 : Operation 62 [13/27] (3.79ns)   --->   "%tmp = call i8 @encode, i32 %input_samples_load, i32 %input_samples_load_1, i31 %rlt1, i16 %al1, i31 %rlt2, i15 %al2, i15 %detl, i6 %quant26bt_pos, i6 %quant26bt_neg, i6 %il, i16 %qq4_code4_table, i15 %nbl, i13 %wl_code_table, i12 %ilb_table, i32 %plt1, i32 %plt2, i31 %rh1, i16 %ah1, i31 %rh2, i15 %ah2, i15 %deth, i15 %nbh, i32 %ph1, i32 %ph2, i32 %tqmf, i32 %delay_bpl, i16 %delay_dltx, i32 %delay_bph, i14 %delay_dhx" [benchmarks/chstone/adpcm/src/adpcm.c:780]   --->   Operation 62 'call' 'tmp' <Predicate = (icmp_ln778)> <Delay = 3.79> <CoreType = "Generic">   --->   Core 0 '' <Latency = 0> <II = 1> <Delay = 1.00> <Generic> <Opcode : >

State 17 <SV = 16> <Delay = 3.79>
ST_17 : Operation 63 [12/27] (3.79ns)   --->   "%tmp = call i8 @encode, i32 %input_samples_load, i32 %input_samples_load_1, i31 %rlt1, i16 %al1, i31 %rlt2, i15 %al2, i15 %detl, i6 %quant26bt_pos, i6 %quant26bt_neg, i6 %il, i16 %qq4_code4_table, i15 %nbl, i13 %wl_code_table, i12 %ilb_table, i32 %plt1, i32 %plt2, i31 %rh1, i16 %ah1, i31 %rh2, i15 %ah2, i15 %deth, i15 %nbh, i32 %ph1, i32 %ph2, i32 %tqmf, i32 %delay_bpl, i16 %delay_dltx, i32 %delay_bph, i14 %delay_dhx" [benchmarks/chstone/adpcm/src/adpcm.c:780]   --->   Operation 63 'call' 'tmp' <Predicate = (icmp_ln778)> <Delay = 3.79> <CoreType = "Generic">   --->   Core 0 '' <Latency = 0> <II = 1> <Delay = 1.00> <Generic> <Opcode : >

State 18 <SV = 17> <Delay = 3.79>
ST_18 : Operation 64 [11/27] (3.79ns)   --->   "%tmp = call i8 @encode, i32 %input_samples_load, i32 %input_samples_load_1, i31 %rlt1, i16 %al1, i31 %rlt2, i15 %al2, i15 %detl, i6 %quant26bt_pos, i6 %quant26bt_neg, i6 %il, i16 %qq4_code4_table, i15 %nbl, i13 %wl_code_table, i12 %ilb_table, i32 %plt1, i32 %plt2, i31 %rh1, i16 %ah1, i31 %rh2, i15 %ah2, i15 %deth, i15 %nbh, i32 %ph1, i32 %ph2, i32 %tqmf, i32 %delay_bpl, i16 %delay_dltx, i32 %delay_bph, i14 %delay_dhx" [benchmarks/chstone/adpcm/src/adpcm.c:780]   --->   Operation 64 'call' 'tmp' <Predicate = (icmp_ln778)> <Delay = 3.79> <CoreType = "Generic">   --->   Core 0 '' <Latency = 0> <II = 1> <Delay = 1.00> <Generic> <Opcode : >

State 19 <SV = 18> <Delay = 3.79>
ST_19 : Operation 65 [10/27] (3.79ns)   --->   "%tmp = call i8 @encode, i32 %input_samples_load, i32 %input_samples_load_1, i31 %rlt1, i16 %al1, i31 %rlt2, i15 %al2, i15 %detl, i6 %quant26bt_pos, i6 %quant26bt_neg, i6 %il, i16 %qq4_code4_table, i15 %nbl, i13 %wl_code_table, i12 %ilb_table, i32 %plt1, i32 %plt2, i31 %rh1, i16 %ah1, i31 %rh2, i15 %ah2, i15 %deth, i15 %nbh, i32 %ph1, i32 %ph2, i32 %tqmf, i32 %delay_bpl, i16 %delay_dltx, i32 %delay_bph, i14 %delay_dhx" [benchmarks/chstone/adpcm/src/adpcm.c:780]   --->   Operation 65 'call' 'tmp' <Predicate = (icmp_ln778)> <Delay = 3.79> <CoreType = "Generic">   --->   Core 0 '' <Latency = 0> <II = 1> <Delay = 1.00> <Generic> <Opcode : >

State 20 <SV = 19> <Delay = 3.79>
ST_20 : Operation 66 [9/27] (3.79ns)   --->   "%tmp = call i8 @encode, i32 %input_samples_load, i32 %input_samples_load_1, i31 %rlt1, i16 %al1, i31 %rlt2, i15 %al2, i15 %detl, i6 %quant26bt_pos, i6 %quant26bt_neg, i6 %il, i16 %qq4_code4_table, i15 %nbl, i13 %wl_code_table, i12 %ilb_table, i32 %plt1, i32 %plt2, i31 %rh1, i16 %ah1, i31 %rh2, i15 %ah2, i15 %deth, i15 %nbh, i32 %ph1, i32 %ph2, i32 %tqmf, i32 %delay_bpl, i16 %delay_dltx, i32 %delay_bph, i14 %delay_dhx" [benchmarks/chstone/adpcm/src/adpcm.c:780]   --->   Operation 66 'call' 'tmp' <Predicate = (icmp_ln778)> <Delay = 3.79> <CoreType = "Generic">   --->   Core 0 '' <Latency = 0> <II = 1> <Delay = 1.00> <Generic> <Opcode : >

State 21 <SV = 20> <Delay = 3.79>
ST_21 : Operation 67 [8/27] (3.79ns)   --->   "%tmp = call i8 @encode, i32 %input_samples_load, i32 %input_samples_load_1, i31 %rlt1, i16 %al1, i31 %rlt2, i15 %al2, i15 %detl, i6 %quant26bt_pos, i6 %quant26bt_neg, i6 %il, i16 %qq4_code4_table, i15 %nbl, i13 %wl_code_table, i12 %ilb_table, i32 %plt1, i32 %plt2, i31 %rh1, i16 %ah1, i31 %rh2, i15 %ah2, i15 %deth, i15 %nbh, i32 %ph1, i32 %ph2, i32 %tqmf, i32 %delay_bpl, i16 %delay_dltx, i32 %delay_bph, i14 %delay_dhx" [benchmarks/chstone/adpcm/src/adpcm.c:780]   --->   Operation 67 'call' 'tmp' <Predicate = (icmp_ln778)> <Delay = 3.79> <CoreType = "Generic">   --->   Core 0 '' <Latency = 0> <II = 1> <Delay = 1.00> <Generic> <Opcode : >

State 22 <SV = 21> <Delay = 3.79>
ST_22 : Operation 68 [7/27] (3.79ns)   --->   "%tmp = call i8 @encode, i32 %input_samples_load, i32 %input_samples_load_1, i31 %rlt1, i16 %al1, i31 %rlt2, i15 %al2, i15 %detl, i6 %quant26bt_pos, i6 %quant26bt_neg, i6 %il, i16 %qq4_code4_table, i15 %nbl, i13 %wl_code_table, i12 %ilb_table, i32 %plt1, i32 %plt2, i31 %rh1, i16 %ah1, i31 %rh2, i15 %ah2, i15 %deth, i15 %nbh, i32 %ph1, i32 %ph2, i32 %tqmf, i32 %delay_bpl, i16 %delay_dltx, i32 %delay_bph, i14 %delay_dhx" [benchmarks/chstone/adpcm/src/adpcm.c:780]   --->   Operation 68 'call' 'tmp' <Predicate = (icmp_ln778)> <Delay = 3.79> <CoreType = "Generic">   --->   Core 0 '' <Latency = 0> <II = 1> <Delay = 1.00> <Generic> <Opcode : >

State 23 <SV = 22> <Delay = 3.79>
ST_23 : Operation 69 [6/27] (3.79ns)   --->   "%tmp = call i8 @encode, i32 %input_samples_load, i32 %input_samples_load_1, i31 %rlt1, i16 %al1, i31 %rlt2, i15 %al2, i15 %detl, i6 %quant26bt_pos, i6 %quant26bt_neg, i6 %il, i16 %qq4_code4_table, i15 %nbl, i13 %wl_code_table, i12 %ilb_table, i32 %plt1, i32 %plt2, i31 %rh1, i16 %ah1, i31 %rh2, i15 %ah2, i15 %deth, i15 %nbh, i32 %ph1, i32 %ph2, i32 %tqmf, i32 %delay_bpl, i16 %delay_dltx, i32 %delay_bph, i14 %delay_dhx" [benchmarks/chstone/adpcm/src/adpcm.c:780]   --->   Operation 69 'call' 'tmp' <Predicate = (icmp_ln778)> <Delay = 3.79> <CoreType = "Generic">   --->   Core 0 '' <Latency = 0> <II = 1> <Delay = 1.00> <Generic> <Opcode : >

State 24 <SV = 23> <Delay = 3.79>
ST_24 : Operation 70 [5/27] (3.79ns)   --->   "%tmp = call i8 @encode, i32 %input_samples_load, i32 %input_samples_load_1, i31 %rlt1, i16 %al1, i31 %rlt2, i15 %al2, i15 %detl, i6 %quant26bt_pos, i6 %quant26bt_neg, i6 %il, i16 %qq4_code4_table, i15 %nbl, i13 %wl_code_table, i12 %ilb_table, i32 %plt1, i32 %plt2, i31 %rh1, i16 %ah1, i31 %rh2, i15 %ah2, i15 %deth, i15 %nbh, i32 %ph1, i32 %ph2, i32 %tqmf, i32 %delay_bpl, i16 %delay_dltx, i32 %delay_bph, i14 %delay_dhx" [benchmarks/chstone/adpcm/src/adpcm.c:780]   --->   Operation 70 'call' 'tmp' <Predicate = (icmp_ln778)> <Delay = 3.79> <CoreType = "Generic">   --->   Core 0 '' <Latency = 0> <II = 1> <Delay = 1.00> <Generic> <Opcode : >

State 25 <SV = 24> <Delay = 3.79>
ST_25 : Operation 71 [4/27] (3.79ns)   --->   "%tmp = call i8 @encode, i32 %input_samples_load, i32 %input_samples_load_1, i31 %rlt1, i16 %al1, i31 %rlt2, i15 %al2, i15 %detl, i6 %quant26bt_pos, i6 %quant26bt_neg, i6 %il, i16 %qq4_code4_table, i15 %nbl, i13 %wl_code_table, i12 %ilb_table, i32 %plt1, i32 %plt2, i31 %rh1, i16 %ah1, i31 %rh2, i15 %ah2, i15 %deth, i15 %nbh, i32 %ph1, i32 %ph2, i32 %tqmf, i32 %delay_bpl, i16 %delay_dltx, i32 %delay_bph, i14 %delay_dhx" [benchmarks/chstone/adpcm/src/adpcm.c:780]   --->   Operation 71 'call' 'tmp' <Predicate = (icmp_ln778)> <Delay = 3.79> <CoreType = "Generic">   --->   Core 0 '' <Latency = 0> <II = 1> <Delay = 1.00> <Generic> <Opcode : >
ST_25 : Operation 72 [1/1] (0.00ns)   --->   "%tmp_s = partselect i12 @_ssdm_op_PartSelect.i12.i13.i32.i32, i13 %i, i32 1, i32 12" [benchmarks/chstone/adpcm/src/adpcm.c:778]   --->   Operation 72 'partselect' 'tmp_s' <Predicate = (icmp_ln778)> <Delay = 0.00>
ST_25 : Operation 73 [1/1] (1.02ns)   --->   "%add_ln778 = add i13 %i, i13 2" [benchmarks/chstone/adpcm/src/adpcm.c:778]   --->   Operation 73 'add' 'add_ln778' <Predicate = (icmp_ln778)> <Delay = 1.02> <CoreInst = "Adder">   --->   Core 1 'Adder' <Latency = 0> <II = 1> <Delay = 1.02> <FuncUnit> <Opcode : 'add' 'sub'> <InPorts = 2> <OutPorts = 1>
ST_25 : Operation 74 [1/1] (0.46ns)   --->   "%store_ln771 = store i13 %add_ln778, i13 %i_4" [benchmarks/chstone/adpcm/src/adpcm.c:771]   --->   Operation 74 'store' 'store_ln771' <Predicate = (icmp_ln778)> <Delay = 0.46>

State 26 <SV = 25> <Delay = 3.79>
ST_26 : Operation 75 [3/27] (3.79ns)   --->   "%tmp = call i8 @encode, i32 %input_samples_load, i32 %input_samples_load_1, i31 %rlt1, i16 %al1, i31 %rlt2, i15 %al2, i15 %detl, i6 %quant26bt_pos, i6 %quant26bt_neg, i6 %il, i16 %qq4_code4_table, i15 %nbl, i13 %wl_code_table, i12 %ilb_table, i32 %plt1, i32 %plt2, i31 %rh1, i16 %ah1, i31 %rh2, i15 %ah2, i15 %deth, i15 %nbh, i32 %ph1, i32 %ph2, i32 %tqmf, i32 %delay_bpl, i16 %delay_dltx, i32 %delay_bph, i14 %delay_dhx" [benchmarks/chstone/adpcm/src/adpcm.c:780]   --->   Operation 75 'call' 'tmp' <Predicate = (icmp_ln778)> <Delay = 3.79> <CoreType = "Generic">   --->   Core 0 '' <Latency = 0> <II = 1> <Delay = 1.00> <Generic> <Opcode : >

State 27 <SV = 26> <Delay = 3.79>
ST_27 : Operation 76 [2/27] (3.79ns)   --->   "%tmp = call i8 @encode, i32 %input_samples_load, i32 %input_samples_load_1, i31 %rlt1, i16 %al1, i31 %rlt2, i15 %al2, i15 %detl, i6 %quant26bt_pos, i6 %quant26bt_neg, i6 %il, i16 %qq4_code4_table, i15 %nbl, i13 %wl_code_table, i12 %ilb_table, i32 %plt1, i32 %plt2, i31 %rh1, i16 %ah1, i31 %rh2, i15 %ah2, i15 %deth, i15 %nbh, i32 %ph1, i32 %ph2, i32 %tqmf, i32 %delay_bpl, i16 %delay_dltx, i32 %delay_bph, i14 %delay_dhx" [benchmarks/chstone/adpcm/src/adpcm.c:780]   --->   Operation 76 'call' 'tmp' <Predicate = true> <Delay = 3.79> <CoreType = "Generic">   --->   Core 0 '' <Latency = 0> <II = 1> <Delay = 1.00> <Generic> <Opcode : >

State 28 <SV = 27> <Delay = 1.29>
ST_28 : Operation 77 [1/1] (0.00ns)   --->   "%specpipeline_ln771 = specpipeline void @_ssdm_op_SpecPipeline, i32 4294967295, i32 0, i32 0, i32 0, void @empty_7" [benchmarks/chstone/adpcm/src/adpcm.c:771]   --->   Operation 77 'specpipeline' 'specpipeline_ln771' <Predicate = true> <Delay = 0.00>
ST_28 : Operation 78 [1/1] (0.00ns)   --->   "%speclooptripcount_ln771 = speclooptripcount void @_ssdm_op_SpecLoopTripCount, i64 4000, i64 4000, i64 4000" [benchmarks/chstone/adpcm/src/adpcm.c:771]   --->   Operation 78 'speclooptripcount' 'speclooptripcount_ln771' <Predicate = true> <Delay = 0.00>
ST_28 : Operation 79 [1/1] (0.00ns)   --->   "%specloopname_ln778 = specloopname void @_ssdm_op_SpecLoopName, void @empty_4" [benchmarks/chstone/adpcm/src/adpcm.c:778]   --->   Operation 79 'specloopname' 'specloopname_ln778' <Predicate = true> <Delay = 0.00>
ST_28 : Operation 80 [1/27] (0.00ns)   --->   "%tmp = call i8 @encode, i32 %input_samples_load, i32 %input_samples_load_1, i31 %rlt1, i16 %al1, i31 %rlt2, i15 %al2, i15 %detl, i6 %quant26bt_pos, i6 %quant26bt_neg, i6 %il, i16 %qq4_code4_table, i15 %nbl, i13 %wl_code_table, i12 %ilb_table, i32 %plt1, i32 %plt2, i31 %rh1, i16 %ah1, i31 %rh2, i15 %ah2, i15 %deth, i15 %nbh, i32 %ph1, i32 %ph2, i32 %tqmf, i32 %delay_bpl, i16 %delay_dltx, i32 %delay_bph, i14 %delay_dhx" [benchmarks/chstone/adpcm/src/adpcm.c:780]   --->   Operation 80 'call' 'tmp' <Predicate = true> <Delay = 0.00> <CoreType = "Generic">   --->   Core 0 '' <Latency = 0> <II = 1> <Delay = 1.00> <Generic> <Opcode : >
ST_28 : Operation 81 [1/1] (0.00ns)   --->   "%tmp_cast = zext i8 %tmp" [benchmarks/chstone/adpcm/src/adpcm.c:780]   --->   Operation 81 'zext' 'tmp_cast' <Predicate = true> <Delay = 0.00>
ST_28 : Operation 82 [1/1] (0.00ns)   --->   "%zext_ln780_1 = zext i12 %tmp_s" [benchmarks/chstone/adpcm/src/adpcm.c:780]   --->   Operation 82 'zext' 'zext_ln780_1' <Predicate = true> <Delay = 0.00>
ST_28 : Operation 83 [1/1] (0.00ns)   --->   "%compressed_addr = getelementptr i32 %compressed, i64 0, i64 %zext_ln780_1" [benchmarks/chstone/adpcm/src/adpcm.c:780]   --->   Operation 83 'getelementptr' 'compressed_addr' <Predicate = true> <Delay = 0.00>
ST_28 : Operation 84 [1/1] (1.29ns)   --->   "%store_ln780 = store i32 %tmp_cast, i12 %compressed_addr" [benchmarks/chstone/adpcm/src/adpcm.c:780]   --->   Operation 84 'store' 'store_ln780' <Predicate = true> <Delay = 1.29> <CoreInst = "RAM">   --->   Core 83 'RAM' <Latency = 1> <II = 1> <Delay = 1.29> <Storage> <Opcode : 'load' 'store'> <Ports = 2> <Width = 32> <Depth = 4000> <RAM>
ST_28 : Operation 85 [1/1] (0.00ns)   --->   "%br_ln778 = br void %for.inc" [benchmarks/chstone/adpcm/src/adpcm.c:778]   --->   Operation 85 'br' 'br_ln778' <Predicate = true> <Delay = 0.00>


============================================================
+ Verbose Summary: Timing violations
============================================================
Target clock period: 5.000ns, clock uncertainty: 1.350ns.

 <State 1>: 1.757ns
The critical path consists of the following:
	'store' operation 0 bit ('store_ln771', benchmarks/chstone/adpcm/src/adpcm.c:771) of constant 0 on local variable 'i', benchmarks/chstone/adpcm/src/adpcm.c:771 [33]  (0.460 ns)
	'load' operation 13 bit ('i', benchmarks/chstone/adpcm/src/adpcm.c:778) on local variable 'i', benchmarks/chstone/adpcm/src/adpcm.c:771 [36]  (0.000 ns)
	'getelementptr' operation 13 bit ('input_samples_addr', benchmarks/chstone/adpcm/src/adpcm.c:780) [44]  (0.000 ns)
	'load' operation 32 bit ('input_samples_load', benchmarks/chstone/adpcm/src/adpcm.c:780) on array 'input_samples' [45]  (1.297 ns)

 <State 2>: 2.027ns
The critical path consists of the following:
	'load' operation 32 bit ('input_samples_load', benchmarks/chstone/adpcm/src/adpcm.c:780) on array 'input_samples' [45]  (1.297 ns)
	'call' operation 8 bit ('tmp', benchmarks/chstone/adpcm/src/adpcm.c:780) to 'encode' [50]  (0.730 ns)

 <State 3>: 3.794ns
The critical path consists of the following:
	'call' operation 8 bit ('tmp', benchmarks/chstone/adpcm/src/adpcm.c:780) to 'encode' [50]  (3.794 ns)

 <State 4>: 3.794ns
The critical path consists of the following:
	'call' operation 8 bit ('tmp', benchmarks/chstone/adpcm/src/adpcm.c:780) to 'encode' [50]  (3.794 ns)

 <State 5>: 3.794ns
The critical path consists of the following:
	'call' operation 8 bit ('tmp', benchmarks/chstone/adpcm/src/adpcm.c:780) to 'encode' [50]  (3.794 ns)

 <State 6>: 3.794ns
The critical path consists of the following:
	'call' operation 8 bit ('tmp', benchmarks/chstone/adpcm/src/adpcm.c:780) to 'encode' [50]  (3.794 ns)

 <State 7>: 3.794ns
The critical path consists of the following:
	'call' operation 8 bit ('tmp', benchmarks/chstone/adpcm/src/adpcm.c:780) to 'encode' [50]  (3.794 ns)

 <State 8>: 3.794ns
The critical path consists of the following:
	'call' operation 8 bit ('tmp', benchmarks/chstone/adpcm/src/adpcm.c:780) to 'encode' [50]  (3.794 ns)

 <State 9>: 3.794ns
The critical path consists of the following:
	'call' operation 8 bit ('tmp', benchmarks/chstone/adpcm/src/adpcm.c:780) to 'encode' [50]  (3.794 ns)

 <State 10>: 3.794ns
The critical path consists of the following:
	'call' operation 8 bit ('tmp', benchmarks/chstone/adpcm/src/adpcm.c:780) to 'encode' [50]  (3.794 ns)

 <State 11>: 3.794ns
The critical path consists of the following:
	'call' operation 8 bit ('tmp', benchmarks/chstone/adpcm/src/adpcm.c:780) to 'encode' [50]  (3.794 ns)

 <State 12>: 3.794ns
The critical path consists of the following:
	'call' operation 8 bit ('tmp', benchmarks/chstone/adpcm/src/adpcm.c:780) to 'encode' [50]  (3.794 ns)

 <State 13>: 3.794ns
The critical path consists of the following:
	'call' operation 8 bit ('tmp', benchmarks/chstone/adpcm/src/adpcm.c:780) to 'encode' [50]  (3.794 ns)

 <State 14>: 3.794ns
The critical path consists of the following:
	'call' operation 8 bit ('tmp', benchmarks/chstone/adpcm/src/adpcm.c:780) to 'encode' [50]  (3.794 ns)

 <State 15>: 3.794ns
The critical path consists of the following:
	'call' operation 8 bit ('tmp', benchmarks/chstone/adpcm/src/adpcm.c:780) to 'encode' [50]  (3.794 ns)

 <State 16>: 3.794ns
The critical path consists of the following:
	'call' operation 8 bit ('tmp', benchmarks/chstone/adpcm/src/adpcm.c:780) to 'encode' [50]  (3.794 ns)

 <State 17>: 3.794ns
The critical path consists of the following:
	'call' operation 8 bit ('tmp', benchmarks/chstone/adpcm/src/adpcm.c:780) to 'encode' [50]  (3.794 ns)

 <State 18>: 3.794ns
The critical path consists of the following:
	'call' operation 8 bit ('tmp', benchmarks/chstone/adpcm/src/adpcm.c:780) to 'encode' [50]  (3.794 ns)

 <State 19>: 3.794ns
The critical path consists of the following:
	'call' operation 8 bit ('tmp', benchmarks/chstone/adpcm/src/adpcm.c:780) to 'encode' [50]  (3.794 ns)

 <State 20>: 3.794ns
The critical path consists of the following:
	'call' operation 8 bit ('tmp', benchmarks/chstone/adpcm/src/adpcm.c:780) to 'encode' [50]  (3.794 ns)

 <State 21>: 3.794ns
The critical path consists of the following:
	'call' operation 8 bit ('tmp', benchmarks/chstone/adpcm/src/adpcm.c:780) to 'encode' [50]  (3.794 ns)

 <State 22>: 3.794ns
The critical path consists of the following:
	'call' operation 8 bit ('tmp', benchmarks/chstone/adpcm/src/adpcm.c:780) to 'encode' [50]  (3.794 ns)

 <State 23>: 3.794ns
The critical path consists of the following:
	'call' operation 8 bit ('tmp', benchmarks/chstone/adpcm/src/adpcm.c:780) to 'encode' [50]  (3.794 ns)

 <State 24>: 3.794ns
The critical path consists of the following:
	'call' operation 8 bit ('tmp', benchmarks/chstone/adpcm/src/adpcm.c:780) to 'encode' [50]  (3.794 ns)

 <State 25>: 3.794ns
The critical path consists of the following:
	'call' operation 8 bit ('tmp', benchmarks/chstone/adpcm/src/adpcm.c:780) to 'encode' [50]  (3.794 ns)

 <State 26>: 3.794ns
The critical path consists of the following:
	'call' operation 8 bit ('tmp', benchmarks/chstone/adpcm/src/adpcm.c:780) to 'encode' [50]  (3.794 ns)

 <State 27>: 3.794ns
The critical path consists of the following:
	'call' operation 8 bit ('tmp', benchmarks/chstone/adpcm/src/adpcm.c:780) to 'encode' [50]  (3.794 ns)

 <State 28>: 1.297ns
The critical path consists of the following:
	'call' operation 8 bit ('tmp', benchmarks/chstone/adpcm/src/adpcm.c:780) to 'encode' [50]  (0.000 ns)
	'store' operation 0 bit ('store_ln780', benchmarks/chstone/adpcm/src/adpcm.c:780) of variable 'tmp_cast', benchmarks/chstone/adpcm/src/adpcm.c:780 on array 'compressed' [55]  (1.297 ns)


============================================================
+ Verbose Summary: Binding
============================================================
N/A
* FSMD analyzer results:
  - Output states:
 - Input state : 
  - Chain level:
	State 1
	State 2
	State 3
	State 4
	State 5
	State 6
	State 7
	State 8
	State 9
	State 10
	State 11
	State 12
	State 13
	State 14
	State 15
	State 16
	State 17
	State 18
	State 19
	State 20
	State 21
	State 22
	State 23
	State 24
	State 25
	State 26
	State 27
	State 28


============================================================
+ Verbose Summary: Datapath Resource usage 
============================================================
N/A
