

================================================================
== Vitis HLS Report for 'adpcm_main_Pipeline_adpcm_main_label13'
================================================================
* Date:           Wed Jun 19 19:06:29 2024

* Version:        2023.2 (Build 4023990 on Oct 11 2023)
* Project:        adpcm_ahls
* Solution:       solution1 (Vivado IP Flow Target)
* Product family: virtexuplusHBM
* Target device:  xcvu35p-fsvh2104-1-e


================================================================
== Performance Estimates
================================================================
+ Timing: 
    * Summary: 
    +--------+---------+----------+------------+
    |  Clock |  Target | Estimated| Uncertainty|
    +--------+---------+----------+------------+
    |ap_clk  |  5.00 ns|  3.623 ns|     1.35 ns|
    +--------+---------+----------+------------+

+ Latency: 
    * Summary: 
    +---------+---------+----------+----------+-------+-------+---------+
    |  Latency (cycles) |  Latency (absolute) |    Interval   | Pipeline|
    |   min   |   max   |    min   |    max   |  min  |  max  |   Type  |
    +---------+---------+----------+----------+-------+-------+---------+
    |    48003|    48003|  0.240 ms|  0.240 ms|  48003|  48003|       no|
    +---------+---------+----------+----------+-------+-------+---------+

    + Detail: 
        * Instance: 
        N/A

        * Loop: 
        +----------------------+---------+---------+----------+-----------+-----------+------+----------+
        |                      |  Latency (cycles) | Iteration|  Initiation Interval  | Trip |          |
        |       Loop Name      |   min   |   max   |  Latency |  achieved |   target  | Count| Pipelined|
        +----------------------+---------+---------+----------+-----------+-----------+------+----------+
        |- adpcm_main_label13  |    48001|    48001|        14|         12|          1|  4000|       yes|
        +----------------------+---------+---------+----------+-----------+-----------+------+----------+

============================================================
+ Verbose Summary: Synthesis Manager
============================================================
InlineROM: 1
ExposeGlobal: 0
============================================================
+ Verbose Summary: CDFG Model
============================================================
IsTopModel: 0
ResetActiveHigh: 1
IsCombinational: 0
IsDatapathOnly: 0
HasWiredReturn: 1
HasMFsm: 2
HasVarLatency: 1
IsPipeline: 0
IsRtlPipelined: 0
IsInstanceOverlapped: 0
IsDontTouch: 0
HasImplIP: 0
IsGatedGlobalClock: 0

+ Individual pipeline summary: 
  * Pipeline-0: initiation interval (II) = 12, depth = 14


============================================================
+ Verbose Summary: Schedule
============================================================
* Number of FSM states : 14
* Pipeline : 1
  Pipeline-0 : II = 12, D = 14, States = { 1 2 3 4 5 6 7 8 9 10 11 12 13 14 }
* Dataflow Pipeline: 0

* FSM state transitions: 
1 --> 2 
2 --> 3 
3 --> 4 
4 --> 5 
5 --> 6 
6 --> 7 
7 --> 8 
8 --> 9 
9 --> 10 
10 --> 11 
11 --> 12 
12 --> 13 
13 --> 14 
14 --> 

* FSM state operations: 

State 1 <SV = 0> <Delay = 1.75>
ST_1 : Operation 17 [1/1] (0.00ns)   --->   "%i = alloca i32 1" [benchmarks/chstone/adpcm/src/adpcm.c:771]   --->   Operation 17 'alloca' 'i' <Predicate = true> <Delay = 0.00>
ST_1 : Operation 18 [1/1] (0.00ns)   --->   "%specinterface_ln0 = specinterface void @_ssdm_op_SpecInterface, i32 %result, void @empty, i32 0, i32 0, void @empty_7, i32 4294967295, i32 0, void @empty_7, void @empty_7, void @empty_7, i32 0, i32 0, i32 0, i32 0, void @empty_7, void @empty_7, i32 4294967295, i32 0"   --->   Operation 18 'specinterface' 'specinterface_ln0' <Predicate = true> <Delay = 0.00>
ST_1 : Operation 19 [1/1] (0.00ns)   --->   "%specinterface_ln0 = specinterface void @_ssdm_op_SpecInterface, i32 %compressed, void @empty, i32 0, i32 0, void @empty_7, i32 4294967295, i32 0, void @empty_7, void @empty_7, void @empty_7, i32 0, i32 0, i32 0, i32 0, void @empty_7, void @empty_7, i32 4294967295, i32 0"   --->   Operation 19 'specinterface' 'specinterface_ln0' <Predicate = true> <Delay = 0.00>
ST_1 : Operation 20 [1/1] (0.46ns)   --->   "%store_ln771 = store i13 0, i13 %i" [benchmarks/chstone/adpcm/src/adpcm.c:771]   --->   Operation 20 'store' 'store_ln771' <Predicate = true> <Delay = 0.46>
ST_1 : Operation 21 [1/1] (0.00ns)   --->   "%br_ln0 = br void %for.inc17"   --->   Operation 21 'br' 'br_ln0' <Predicate = true> <Delay = 0.00>
ST_1 : Operation 22 [1/1] (0.00ns)   --->   "%i_4 = load i13 %i" [benchmarks/chstone/adpcm/src/adpcm.c:782]   --->   Operation 22 'load' 'i_4' <Predicate = true> <Delay = 0.00>
ST_1 : Operation 23 [1/1] (1.02ns)   --->   "%icmp_ln782 = icmp_ult  i13 %i_4, i13 8000" [benchmarks/chstone/adpcm/src/adpcm.c:782]   --->   Operation 23 'icmp' 'icmp_ln782' <Predicate = true> <Delay = 1.02> <CoreInst = "Cmp">   --->   Core 9 'Cmp' <Latency = 0> <II = 1> <Delay = 1.02> <FuncUnit> <Opcode : 'icmp'> <InPorts = 2> <OutPorts = 1>
ST_1 : Operation 24 [1/1] (0.00ns)   --->   "%br_ln782 = br i1 %icmp_ln782, void %for.end19.exitStub, void %for.inc17.split" [benchmarks/chstone/adpcm/src/adpcm.c:782]   --->   Operation 24 'br' 'br_ln782' <Predicate = true> <Delay = 0.00>
ST_1 : Operation 25 [1/1] (0.00ns)   --->   "%tmp_s = partselect i12 @_ssdm_op_PartSelect.i12.i13.i32.i32, i13 %i_4, i32 1, i32 12" [benchmarks/chstone/adpcm/src/adpcm.c:782]   --->   Operation 25 'partselect' 'tmp_s' <Predicate = (icmp_ln782)> <Delay = 0.00>
ST_1 : Operation 26 [1/1] (0.00ns)   --->   "%zext_ln784 = zext i12 %tmp_s" [benchmarks/chstone/adpcm/src/adpcm.c:784]   --->   Operation 26 'zext' 'zext_ln784' <Predicate = (icmp_ln782)> <Delay = 0.00>
ST_1 : Operation 27 [1/1] (0.00ns)   --->   "%compressed_addr = getelementptr i32 %compressed, i64 0, i64 %zext_ln784" [benchmarks/chstone/adpcm/src/adpcm.c:784]   --->   Operation 27 'getelementptr' 'compressed_addr' <Predicate = (icmp_ln782)> <Delay = 0.00>
ST_1 : Operation 28 [2/2] (1.29ns)   --->   "%compressed_load = load i12 %compressed_addr" [benchmarks/chstone/adpcm/src/adpcm.c:784]   --->   Operation 28 'load' 'compressed_load' <Predicate = (icmp_ln782)> <Delay = 1.29> <CoreInst = "RAM">   --->   Core 83 'RAM' <Latency = 1> <II = 1> <Delay = 1.29> <Storage> <Opcode : 'load' 'store'> <Ports = 2> <Width = 32> <Depth = 4000> <RAM>

State 2 <SV = 1> <Delay = 1.29>
ST_2 : Operation 29 [1/2] (1.29ns)   --->   "%compressed_load = load i12 %compressed_addr" [benchmarks/chstone/adpcm/src/adpcm.c:784]   --->   Operation 29 'load' 'compressed_load' <Predicate = (icmp_ln782)> <Delay = 1.29> <CoreInst = "RAM">   --->   Core 83 'RAM' <Latency = 1> <II = 1> <Delay = 1.29> <Storage> <Opcode : 'load' 'store'> <Ports = 2> <Width = 32> <Depth = 4000> <RAM>
ST_2 : Operation 30 [1/1] (0.00ns)   --->   "%trunc_ln784 = trunc i32 %compressed_load" [benchmarks/chstone/adpcm/src/adpcm.c:784]   --->   Operation 30 'trunc' 'trunc_ln784' <Predicate = (icmp_ln782)> <Delay = 0.00>
ST_2 : Operation 57 [1/1] (0.00ns)   --->   "%ret_ln0 = ret"   --->   Operation 57 'ret' 'ret_ln0' <Predicate = (!icmp_ln782)> <Delay = 0.00>

State 3 <SV = 2> <Delay = 3.04>
ST_3 : Operation 31 [11/11] (3.04ns)   --->   "%call_ln784 = call void @decode, i8 %trunc_ln784, i31 %dec_rlt1, i16 %dec_al1, i31 %dec_rlt2, i15 %dec_al2, i15 %dec_detl, i16 %qq4_code4_table, i6 %il, i16 %qq6_code6_table, i15 %dec_nbl, i13 %wl_code_table, i12 %ilb_table, i32 %dec_plt1, i32 %dec_plt2, i31 %dec_rh1, i16 %dec_ah1, i31 %dec_rh2, i15 %dec_ah2, i15 %dec_deth, i15 %dec_nbh, i32 %dec_ph1, i32 %dec_ph2, i32 %xout1, i32 %xout2, i32 %dec_del_bpl, i16 %dec_del_dltx, i32 %dec_del_bph, i14 %dec_del_dhx, i32 %accumc, i32 %accumd" [benchmarks/chstone/adpcm/src/adpcm.c:784]   --->   Operation 31 'call' 'call_ln784' <Predicate = (icmp_ln782)> <Delay = 3.04> <CoreType = "Generic">   --->   Core 0 '' <Latency = 0> <II = 1> <Delay = 1.00> <Generic> <Opcode : >

State 4 <SV = 3> <Delay = 3.62>
ST_4 : Operation 32 [10/11] (3.62ns)   --->   "%call_ln784 = call void @decode, i8 %trunc_ln784, i31 %dec_rlt1, i16 %dec_al1, i31 %dec_rlt2, i15 %dec_al2, i15 %dec_detl, i16 %qq4_code4_table, i6 %il, i16 %qq6_code6_table, i15 %dec_nbl, i13 %wl_code_table, i12 %ilb_table, i32 %dec_plt1, i32 %dec_plt2, i31 %dec_rh1, i16 %dec_ah1, i31 %dec_rh2, i15 %dec_ah2, i15 %dec_deth, i15 %dec_nbh, i32 %dec_ph1, i32 %dec_ph2, i32 %xout1, i32 %xout2, i32 %dec_del_bpl, i16 %dec_del_dltx, i32 %dec_del_bph, i14 %dec_del_dhx, i32 %accumc, i32 %accumd" [benchmarks/chstone/adpcm/src/adpcm.c:784]   --->   Operation 32 'call' 'call_ln784' <Predicate = (icmp_ln782)> <Delay = 3.62> <CoreType = "Generic">   --->   Core 0 '' <Latency = 0> <II = 1> <Delay = 1.00> <Generic> <Opcode : >

State 5 <SV = 4> <Delay = 3.62>
ST_5 : Operation 33 [9/11] (3.62ns)   --->   "%call_ln784 = call void @decode, i8 %trunc_ln784, i31 %dec_rlt1, i16 %dec_al1, i31 %dec_rlt2, i15 %dec_al2, i15 %dec_detl, i16 %qq4_code4_table, i6 %il, i16 %qq6_code6_table, i15 %dec_nbl, i13 %wl_code_table, i12 %ilb_table, i32 %dec_plt1, i32 %dec_plt2, i31 %dec_rh1, i16 %dec_ah1, i31 %dec_rh2, i15 %dec_ah2, i15 %dec_deth, i15 %dec_nbh, i32 %dec_ph1, i32 %dec_ph2, i32 %xout1, i32 %xout2, i32 %dec_del_bpl, i16 %dec_del_dltx, i32 %dec_del_bph, i14 %dec_del_dhx, i32 %accumc, i32 %accumd" [benchmarks/chstone/adpcm/src/adpcm.c:784]   --->   Operation 33 'call' 'call_ln784' <Predicate = (icmp_ln782)> <Delay = 3.62> <CoreType = "Generic">   --->   Core 0 '' <Latency = 0> <II = 1> <Delay = 1.00> <Generic> <Opcode : >

State 6 <SV = 5> <Delay = 3.62>
ST_6 : Operation 34 [8/11] (3.62ns)   --->   "%call_ln784 = call void @decode, i8 %trunc_ln784, i31 %dec_rlt1, i16 %dec_al1, i31 %dec_rlt2, i15 %dec_al2, i15 %dec_detl, i16 %qq4_code4_table, i6 %il, i16 %qq6_code6_table, i15 %dec_nbl, i13 %wl_code_table, i12 %ilb_table, i32 %dec_plt1, i32 %dec_plt2, i31 %dec_rh1, i16 %dec_ah1, i31 %dec_rh2, i15 %dec_ah2, i15 %dec_deth, i15 %dec_nbh, i32 %dec_ph1, i32 %dec_ph2, i32 %xout1, i32 %xout2, i32 %dec_del_bpl, i16 %dec_del_dltx, i32 %dec_del_bph, i14 %dec_del_dhx, i32 %accumc, i32 %accumd" [benchmarks/chstone/adpcm/src/adpcm.c:784]   --->   Operation 34 'call' 'call_ln784' <Predicate = (icmp_ln782)> <Delay = 3.62> <CoreType = "Generic">   --->   Core 0 '' <Latency = 0> <II = 1> <Delay = 1.00> <Generic> <Opcode : >

State 7 <SV = 6> <Delay = 3.62>
ST_7 : Operation 35 [7/11] (3.62ns)   --->   "%call_ln784 = call void @decode, i8 %trunc_ln784, i31 %dec_rlt1, i16 %dec_al1, i31 %dec_rlt2, i15 %dec_al2, i15 %dec_detl, i16 %qq4_code4_table, i6 %il, i16 %qq6_code6_table, i15 %dec_nbl, i13 %wl_code_table, i12 %ilb_table, i32 %dec_plt1, i32 %dec_plt2, i31 %dec_rh1, i16 %dec_ah1, i31 %dec_rh2, i15 %dec_ah2, i15 %dec_deth, i15 %dec_nbh, i32 %dec_ph1, i32 %dec_ph2, i32 %xout1, i32 %xout2, i32 %dec_del_bpl, i16 %dec_del_dltx, i32 %dec_del_bph, i14 %dec_del_dhx, i32 %accumc, i32 %accumd" [benchmarks/chstone/adpcm/src/adpcm.c:784]   --->   Operation 35 'call' 'call_ln784' <Predicate = (icmp_ln782)> <Delay = 3.62> <CoreType = "Generic">   --->   Core 0 '' <Latency = 0> <II = 1> <Delay = 1.00> <Generic> <Opcode : >

State 8 <SV = 7> <Delay = 3.62>
ST_8 : Operation 36 [6/11] (3.62ns)   --->   "%call_ln784 = call void @decode, i8 %trunc_ln784, i31 %dec_rlt1, i16 %dec_al1, i31 %dec_rlt2, i15 %dec_al2, i15 %dec_detl, i16 %qq4_code4_table, i6 %il, i16 %qq6_code6_table, i15 %dec_nbl, i13 %wl_code_table, i12 %ilb_table, i32 %dec_plt1, i32 %dec_plt2, i31 %dec_rh1, i16 %dec_ah1, i31 %dec_rh2, i15 %dec_ah2, i15 %dec_deth, i15 %dec_nbh, i32 %dec_ph1, i32 %dec_ph2, i32 %xout1, i32 %xout2, i32 %dec_del_bpl, i16 %dec_del_dltx, i32 %dec_del_bph, i14 %dec_del_dhx, i32 %accumc, i32 %accumd" [benchmarks/chstone/adpcm/src/adpcm.c:784]   --->   Operation 36 'call' 'call_ln784' <Predicate = (icmp_ln782)> <Delay = 3.62> <CoreType = "Generic">   --->   Core 0 '' <Latency = 0> <II = 1> <Delay = 1.00> <Generic> <Opcode : >

State 9 <SV = 8> <Delay = 3.62>
ST_9 : Operation 37 [5/11] (3.62ns)   --->   "%call_ln784 = call void @decode, i8 %trunc_ln784, i31 %dec_rlt1, i16 %dec_al1, i31 %dec_rlt2, i15 %dec_al2, i15 %dec_detl, i16 %qq4_code4_table, i6 %il, i16 %qq6_code6_table, i15 %dec_nbl, i13 %wl_code_table, i12 %ilb_table, i32 %dec_plt1, i32 %dec_plt2, i31 %dec_rh1, i16 %dec_ah1, i31 %dec_rh2, i15 %dec_ah2, i15 %dec_deth, i15 %dec_nbh, i32 %dec_ph1, i32 %dec_ph2, i32 %xout1, i32 %xout2, i32 %dec_del_bpl, i16 %dec_del_dltx, i32 %dec_del_bph, i14 %dec_del_dhx, i32 %accumc, i32 %accumd" [benchmarks/chstone/adpcm/src/adpcm.c:784]   --->   Operation 37 'call' 'call_ln784' <Predicate = (icmp_ln782)> <Delay = 3.62> <CoreType = "Generic">   --->   Core 0 '' <Latency = 0> <II = 1> <Delay = 1.00> <Generic> <Opcode : >

State 10 <SV = 9> <Delay = 3.62>
ST_10 : Operation 38 [4/11] (3.62ns)   --->   "%call_ln784 = call void @decode, i8 %trunc_ln784, i31 %dec_rlt1, i16 %dec_al1, i31 %dec_rlt2, i15 %dec_al2, i15 %dec_detl, i16 %qq4_code4_table, i6 %il, i16 %qq6_code6_table, i15 %dec_nbl, i13 %wl_code_table, i12 %ilb_table, i32 %dec_plt1, i32 %dec_plt2, i31 %dec_rh1, i16 %dec_ah1, i31 %dec_rh2, i15 %dec_ah2, i15 %dec_deth, i15 %dec_nbh, i32 %dec_ph1, i32 %dec_ph2, i32 %xout1, i32 %xout2, i32 %dec_del_bpl, i16 %dec_del_dltx, i32 %dec_del_bph, i14 %dec_del_dhx, i32 %accumc, i32 %accumd" [benchmarks/chstone/adpcm/src/adpcm.c:784]   --->   Operation 38 'call' 'call_ln784' <Predicate = (icmp_ln782)> <Delay = 3.62> <CoreType = "Generic">   --->   Core 0 '' <Latency = 0> <II = 1> <Delay = 1.00> <Generic> <Opcode : >

State 11 <SV = 10> <Delay = 3.62>
ST_11 : Operation 39 [3/11] (3.62ns)   --->   "%call_ln784 = call void @decode, i8 %trunc_ln784, i31 %dec_rlt1, i16 %dec_al1, i31 %dec_rlt2, i15 %dec_al2, i15 %dec_detl, i16 %qq4_code4_table, i6 %il, i16 %qq6_code6_table, i15 %dec_nbl, i13 %wl_code_table, i12 %ilb_table, i32 %dec_plt1, i32 %dec_plt2, i31 %dec_rh1, i16 %dec_ah1, i31 %dec_rh2, i15 %dec_ah2, i15 %dec_deth, i15 %dec_nbh, i32 %dec_ph1, i32 %dec_ph2, i32 %xout1, i32 %xout2, i32 %dec_del_bpl, i16 %dec_del_dltx, i32 %dec_del_bph, i14 %dec_del_dhx, i32 %accumc, i32 %accumd" [benchmarks/chstone/adpcm/src/adpcm.c:784]   --->   Operation 39 'call' 'call_ln784' <Predicate = (icmp_ln782)> <Delay = 3.62> <CoreType = "Generic">   --->   Core 0 '' <Latency = 0> <II = 1> <Delay = 1.00> <Generic> <Opcode : >

State 12 <SV = 11> <Delay = 3.62>
ST_12 : Operation 40 [2/11] (3.62ns)   --->   "%call_ln784 = call void @decode, i8 %trunc_ln784, i31 %dec_rlt1, i16 %dec_al1, i31 %dec_rlt2, i15 %dec_al2, i15 %dec_detl, i16 %qq4_code4_table, i6 %il, i16 %qq6_code6_table, i15 %dec_nbl, i13 %wl_code_table, i12 %ilb_table, i32 %dec_plt1, i32 %dec_plt2, i31 %dec_rh1, i16 %dec_ah1, i31 %dec_rh2, i15 %dec_ah2, i15 %dec_deth, i15 %dec_nbh, i32 %dec_ph1, i32 %dec_ph2, i32 %xout1, i32 %xout2, i32 %dec_del_bpl, i16 %dec_del_dltx, i32 %dec_del_bph, i14 %dec_del_dhx, i32 %accumc, i32 %accumd" [benchmarks/chstone/adpcm/src/adpcm.c:784]   --->   Operation 40 'call' 'call_ln784' <Predicate = (icmp_ln782)> <Delay = 3.62> <CoreType = "Generic">   --->   Core 0 '' <Latency = 0> <II = 1> <Delay = 1.00> <Generic> <Opcode : >
ST_12 : Operation 41 [1/1] (1.02ns)   --->   "%add_ln782 = add i13 %i_4, i13 2" [benchmarks/chstone/adpcm/src/adpcm.c:782]   --->   Operation 41 'add' 'add_ln782' <Predicate = (icmp_ln782)> <Delay = 1.02> <CoreInst = "Adder">   --->   Core 1 'Adder' <Latency = 0> <II = 1> <Delay = 1.02> <FuncUnit> <Opcode : 'add' 'sub'> <InPorts = 2> <OutPorts = 1>
ST_12 : Operation 42 [1/1] (0.46ns)   --->   "%store_ln771 = store i13 %add_ln782, i13 %i" [benchmarks/chstone/adpcm/src/adpcm.c:771]   --->   Operation 42 'store' 'store_ln771' <Predicate = (icmp_ln782)> <Delay = 0.46>

State 13 <SV = 12> <Delay = 0.00>
ST_13 : Operation 43 [1/11] (0.00ns)   --->   "%call_ln784 = call void @decode, i8 %trunc_ln784, i31 %dec_rlt1, i16 %dec_al1, i31 %dec_rlt2, i15 %dec_al2, i15 %dec_detl, i16 %qq4_code4_table, i6 %il, i16 %qq6_code6_table, i15 %dec_nbl, i13 %wl_code_table, i12 %ilb_table, i32 %dec_plt1, i32 %dec_plt2, i31 %dec_rh1, i16 %dec_ah1, i31 %dec_rh2, i15 %dec_ah2, i15 %dec_deth, i15 %dec_nbh, i32 %dec_ph1, i32 %dec_ph2, i32 %xout1, i32 %xout2, i32 %dec_del_bpl, i16 %dec_del_dltx, i32 %dec_del_bph, i14 %dec_del_dhx, i32 %accumc, i32 %accumd" [benchmarks/chstone/adpcm/src/adpcm.c:784]   --->   Operation 43 'call' 'call_ln784' <Predicate = (icmp_ln782)> <Delay = 0.00> <CoreType = "Generic">   --->   Core 0 '' <Latency = 0> <II = 1> <Delay = 1.00> <Generic> <Opcode : >

State 14 <SV = 13> <Delay = 1.29>
ST_14 : Operation 44 [1/1] (0.00ns)   --->   "%zext_ln782 = zext i13 %i_4" [benchmarks/chstone/adpcm/src/adpcm.c:782]   --->   Operation 44 'zext' 'zext_ln782' <Predicate = true> <Delay = 0.00>
ST_14 : Operation 45 [1/1] (0.00ns)   --->   "%specpipeline_ln771 = specpipeline void @_ssdm_op_SpecPipeline, i32 4294967295, i32 0, i32 0, i32 0, void @empty_7" [benchmarks/chstone/adpcm/src/adpcm.c:771]   --->   Operation 45 'specpipeline' 'specpipeline_ln771' <Predicate = true> <Delay = 0.00>
ST_14 : Operation 46 [1/1] (0.00ns)   --->   "%speclooptripcount_ln771 = speclooptripcount void @_ssdm_op_SpecLoopTripCount, i64 4000, i64 4000, i64 4000" [benchmarks/chstone/adpcm/src/adpcm.c:771]   --->   Operation 46 'speclooptripcount' 'speclooptripcount_ln771' <Predicate = true> <Delay = 0.00>
ST_14 : Operation 47 [1/1] (0.00ns)   --->   "%specloopname_ln782 = specloopname void @_ssdm_op_SpecLoopName, void @empty_5" [benchmarks/chstone/adpcm/src/adpcm.c:782]   --->   Operation 47 'specloopname' 'specloopname_ln782' <Predicate = true> <Delay = 0.00>
ST_14 : Operation 48 [1/1] (0.00ns)   --->   "%xout1_load = load i32 %xout1" [benchmarks/chstone/adpcm/src/adpcm.c:785]   --->   Operation 48 'load' 'xout1_load' <Predicate = true> <Delay = 0.00>
ST_14 : Operation 49 [1/1] (0.00ns)   --->   "%result_addr = getelementptr i32 %result, i64 0, i64 %zext_ln782" [benchmarks/chstone/adpcm/src/adpcm.c:785]   --->   Operation 49 'getelementptr' 'result_addr' <Predicate = true> <Delay = 0.00>
ST_14 : Operation 50 [1/1] (1.29ns)   --->   "%store_ln785 = store i32 %xout1_load, i13 %result_addr" [benchmarks/chstone/adpcm/src/adpcm.c:785]   --->   Operation 50 'store' 'store_ln785' <Predicate = true> <Delay = 1.29> <CoreInst = "RAM">   --->   Core 83 'RAM' <Latency = 1> <II = 1> <Delay = 1.29> <Storage> <Opcode : 'load' 'store'> <Ports = 2> <Width = 32> <Depth = 8000> <RAM>
ST_14 : Operation 51 [1/1] (0.00ns)   --->   "%xout2_load = load i32 %xout2" [benchmarks/chstone/adpcm/src/adpcm.c:786]   --->   Operation 51 'load' 'xout2_load' <Predicate = true> <Delay = 0.00>
ST_14 : Operation 52 [1/1] (0.00ns)   --->   "%or_ln786 = or i13 %i_4, i13 1" [benchmarks/chstone/adpcm/src/adpcm.c:786]   --->   Operation 52 'or' 'or_ln786' <Predicate = true> <Delay = 0.00>
ST_14 : Operation 53 [1/1] (0.00ns)   --->   "%zext_ln786 = zext i13 %or_ln786" [benchmarks/chstone/adpcm/src/adpcm.c:786]   --->   Operation 53 'zext' 'zext_ln786' <Predicate = true> <Delay = 0.00>
ST_14 : Operation 54 [1/1] (0.00ns)   --->   "%result_addr_1 = getelementptr i32 %result, i64 0, i64 %zext_ln786" [benchmarks/chstone/adpcm/src/adpcm.c:786]   --->   Operation 54 'getelementptr' 'result_addr_1' <Predicate = true> <Delay = 0.00>
ST_14 : Operation 55 [1/1] (1.29ns)   --->   "%store_ln786 = store i32 %xout2_load, i13 %result_addr_1" [benchmarks/chstone/adpcm/src/adpcm.c:786]   --->   Operation 55 'store' 'store_ln786' <Predicate = true> <Delay = 1.29> <CoreInst = "RAM">   --->   Core 83 'RAM' <Latency = 1> <II = 1> <Delay = 1.29> <Storage> <Opcode : 'load' 'store'> <Ports = 2> <Width = 32> <Depth = 8000> <RAM>
ST_14 : Operation 56 [1/1] (0.00ns)   --->   "%br_ln782 = br void %for.inc17" [benchmarks/chstone/adpcm/src/adpcm.c:782]   --->   Operation 56 'br' 'br_ln782' <Predicate = true> <Delay = 0.00>


============================================================
+ Verbose Summary: Timing violations
============================================================
Target clock period: 5.000ns, clock uncertainty: 1.350ns.

 <State 1>: 1.757ns
The critical path consists of the following:
	'store' operation 0 bit ('store_ln771', benchmarks/chstone/adpcm/src/adpcm.c:771) of constant 0 on local variable 'i', benchmarks/chstone/adpcm/src/adpcm.c:771 [35]  (0.460 ns)
	'load' operation 13 bit ('i', benchmarks/chstone/adpcm/src/adpcm.c:782) on local variable 'i', benchmarks/chstone/adpcm/src/adpcm.c:771 [38]  (0.000 ns)
	'getelementptr' operation 12 bit ('compressed_addr', benchmarks/chstone/adpcm/src/adpcm.c:784) [48]  (0.000 ns)
	'load' operation 32 bit ('compressed_load', benchmarks/chstone/adpcm/src/adpcm.c:784) on array 'compressed' [49]  (1.297 ns)

 <State 2>: 1.297ns
The critical path consists of the following:
	'load' operation 32 bit ('compressed_load', benchmarks/chstone/adpcm/src/adpcm.c:784) on array 'compressed' [49]  (1.297 ns)

 <State 3>: 3.048ns
The critical path consists of the following:
	'call' operation 0 bit ('call_ln784', benchmarks/chstone/adpcm/src/adpcm.c:784) to 'decode' [51]  (3.048 ns)

 <State 4>: 3.623ns
The critical path consists of the following:
	'call' operation 0 bit ('call_ln784', benchmarks/chstone/adpcm/src/adpcm.c:784) to 'decode' [51]  (3.623 ns)

 <State 5>: 3.623ns
The critical path consists of the following:
	'call' operation 0 bit ('call_ln784', benchmarks/chstone/adpcm/src/adpcm.c:784) to 'decode' [51]  (3.623 ns)

 <State 6>: 3.623ns
The critical path consists of the following:
	'call' operation 0 bit ('call_ln784', benchmarks/chstone/adpcm/src/adpcm.c:784) to 'decode' [51]  (3.623 ns)

 <State 7>: 3.623ns
The critical path consists of the following:
	'call' operation 0 bit ('call_ln784', benchmarks/chstone/adpcm/src/adpcm.c:784) to 'decode' [51]  (3.623 ns)

 <State 8>: 3.623ns
The critical path consists of the following:
	'call' operation 0 bit ('call_ln784', benchmarks/chstone/adpcm/src/adpcm.c:784) to 'decode' [51]  (3.623 ns)

 <State 9>: 3.623ns
The critical path consists of the following:
	'call' operation 0 bit ('call_ln784', benchmarks/chstone/adpcm/src/adpcm.c:784) to 'decode' [51]  (3.623 ns)

 <State 10>: 3.623ns
The critical path consists of the following:
	'call' operation 0 bit ('call_ln784', benchmarks/chstone/adpcm/src/adpcm.c:784) to 'decode' [51]  (3.623 ns)

 <State 11>: 3.623ns
The critical path consists of the following:
	'call' operation 0 bit ('call_ln784', benchmarks/chstone/adpcm/src/adpcm.c:784) to 'decode' [51]  (3.623 ns)

 <State 12>: 3.623ns
The critical path consists of the following:
	'call' operation 0 bit ('call_ln784', benchmarks/chstone/adpcm/src/adpcm.c:784) to 'decode' [51]  (3.623 ns)

 <State 13>: 0.000ns
The critical path consists of the following:

 <State 14>: 1.297ns
The critical path consists of the following:
	'getelementptr' operation 13 bit ('result_addr', benchmarks/chstone/adpcm/src/adpcm.c:785) [53]  (0.000 ns)
	'store' operation 0 bit ('store_ln785', benchmarks/chstone/adpcm/src/adpcm.c:785) of variable 'xout1_load', benchmarks/chstone/adpcm/src/adpcm.c:785 on array 'result' [54]  (1.297 ns)


============================================================
+ Verbose Summary: Binding
============================================================
N/A
* FSMD analyzer results:
  - Output states:
 - Input state : 
  - Chain level:
	State 1
	State 2
	State 3
	State 4
	State 5
	State 6
	State 7
	State 8
	State 9
	State 10
	State 11
	State 12
	State 13
	State 14


============================================================
+ Verbose Summary: Datapath Resource usage 
============================================================
N/A
