

Implementation tool: Xilinx Vivado v.2023.2
Project:             TRANS_FFT
Solution:            solution0
Device target:       xcu50-fsvh2104-2-e
Report date:         Wed Jul 09 04:33:04 -03 2025

#=== Post-Implementation Resource usage ===
SLICE:            0
LUT:          26602
FF:           13183
DSP:            274
BRAM:            20
URAM:             0
LATCH:            0
SRL:             56
CLB:           5008

#=== Final timing ===
CP required:                     8.000
CP achieved post-synthesis:      6.525
CP achieved post-implementation: 7.929
Timing met
