

================================================================
== Vitis HLS Report for 'correlation_Pipeline_loop_0'
================================================================
* Date:           Sun Jun 23 03:26:53 2024

* Version:        2023.2 (Build 4023990 on Oct 11 2023)
* Project:        correlation
* Solution:       solution1 (Vivado IP Flow Target)
* Product family: virtexuplusHBM
* Target device:  xcvu35p-fsvh2104-1-e


================================================================
== Performance Estimates
================================================================
+ Timing: 
    * Summary: 
    +--------+---------+----------+------------+
    |  Clock |  Target | Estimated| Uncertainty|
    +--------+---------+----------+------------+
    |ap_clk  |  5.00 ns|  3.981 ns|     1.35 ns|
    +--------+---------+----------+------------+

+ Latency: 
    * Summary: 
    +---------+---------+----------+----------+-----+-----+---------+
    |  Latency (cycles) |  Latency (absolute) |  Interval | Pipeline|
    |   min   |   max   |    min   |    max   | min | max |   Type  |
    +---------+---------+----------+----------+-----+-----+---------+
    |      925|      925|  4.625 us|  4.625 us|  925|  925|       no|
    +---------+---------+----------+----------+-----+-----+---------+

    + Detail: 
        * Instance: 
        N/A

        * Loop: 
        +----------+---------+---------+----------+-----------+-----------+------+----------+
        |          |  Latency (cycles) | Iteration|  Initiation Interval  | Trip |          |
        | Loop Name|   min   |   max   |  Latency |  achieved |   target  | Count| Pipelined|
        +----------+---------+---------+----------+-----------+-----------+------+----------+
        |- loop_0  |      923|      923|       428|         16|          1|    32|       yes|
        +----------+---------+---------+----------+-----------+-----------+------+----------+



================================================================
== Utilization Estimates
================================================================
* Summary: 
+---------------------+---------+------+---------+--------+-----+
|         Name        | BRAM_18K|  DSP |    FF   |   LUT  | URAM|
+---------------------+---------+------+---------+--------+-----+
|DSP                  |        -|     -|        -|       -|    -|
|Expression           |        -|     -|        0|     232|    -|
|FIFO                 |        -|     -|        -|       -|    -|
|Instance             |        -|    18|     1516|    1470|    -|
|Memory               |        -|     -|        -|       -|    -|
|Multiplexer          |        -|     -|        -|    1823|    -|
|Register             |        -|     -|     9285|    2272|    -|
+---------------------+---------+------+---------+--------+-----+
|Total                |        0|    18|    10801|    5797|    0|
+---------------------+---------+------+---------+--------+-----+
|Available SLR        |     1344|  2976|   871680|  435840|  320|
+---------------------+---------+------+---------+--------+-----+
|Utilization SLR (%)  |        0|    ~0|        1|       1|    0|
+---------------------+---------+------+---------+--------+-----+
|Available            |     2688|  5952|  1743360|  871680|  640|
+---------------------+---------+------+---------+--------+-----+
|Utilization (%)      |        0|    ~0|       ~0|      ~0|    0|
+---------------------+---------+------+---------+--------+-----+

+ Detail: 
    * Instance: 
    +---------------------------------------+------------------------------------+---------+----+-----+-----+-----+
    |                Instance               |               Module               | BRAM_18K| DSP|  FF | LUT | URAM|
    +---------------------------------------+------------------------------------+---------+----+-----+-----+-----+
    |fadd_32ns_32ns_32_5_full_dsp_1_U2      |fadd_32ns_32ns_32_5_full_dsp_1      |        0|   2|  205|  219|    0|
    |faddfsub_32ns_32ns_32_5_full_dsp_1_U3  |faddfsub_32ns_32ns_32_5_full_dsp_1  |        0|   2|  205|  219|    0|
    |faddfsub_32ns_32ns_32_5_full_dsp_1_U4  |faddfsub_32ns_32ns_32_5_full_dsp_1  |        0|   2|  205|  219|    0|
    |faddfsub_32ns_32ns_32_5_full_dsp_1_U5  |faddfsub_32ns_32ns_32_5_full_dsp_1  |        0|   2|  205|  219|    0|
    |faddfsub_32ns_32ns_32_5_full_dsp_1_U6  |faddfsub_32ns_32ns_32_5_full_dsp_1  |        0|   2|  205|  219|    0|
    |faddfsub_32ns_32ns_32_5_full_dsp_1_U7  |faddfsub_32ns_32ns_32_5_full_dsp_1  |        0|   2|  205|  219|    0|
    |fcmp_32ns_32ns_1_2_no_dsp_1_U12        |fcmp_32ns_32ns_1_2_no_dsp_1         |        0|   0|    0|    0|    0|
    |fmul_32ns_32ns_32_4_max_dsp_1_U9       |fmul_32ns_32ns_32_4_max_dsp_1       |        0|   3|  143|   78|    0|
    |fmul_32ns_32ns_32_4_max_dsp_1_U10      |fmul_32ns_32ns_32_4_max_dsp_1       |        0|   3|  143|   78|    0|
    +---------------------------------------+------------------------------------+---------+----+-----+-----+-----+
    |Total                                  |                                    |        0|  18| 1516| 1470|    0|
    +---------------------------------------+------------------------------------+---------+----+-----+-----+-----+

    * DSP: 
    N/A

    * Memory: 
    N/A

    * FIFO: 
    N/A

    * Expression: 
    +------------------------+----------+----+---+----+------------+------------+
    |      Variable Name     | Operation| DSP| FF| LUT| Bitwidth P0| Bitwidth P1|
    +------------------------+----------+----+---+----+------------+------------+
    |add_ln17_fu_723_p2      |         +|   0|  0|  13|           6|           1|
    |add_ln21_1_fu_860_p2    |         +|   0|  0|  16|           9|           9|
    |add_ln21_2_fu_901_p2    |         +|   0|  0|  16|           9|           9|
    |add_ln21_3_fu_976_p2    |         +|   0|  0|  17|          10|          10|
    |add_ln21_4_fu_1013_p2   |         +|   0|  0|  17|          10|          10|
    |add_ln21_5_fu_1035_p2   |         +|   0|  0|  17|          10|          10|
    |add_ln21_6_fu_1074_p2   |         +|   0|  0|  17|          10|          10|
    |add_ln21_fu_804_p2      |         +|   0|  0|  15|           8|           8|
    |and_ln31_fu_1230_p2     |       and|   0|  0|   2|           1|           1|
    |icmp_ln17_fu_717_p2     |      icmp|   0|  0|  14|           6|           7|
    |icmp_ln31_1_fu_1220_p2  |      icmp|   0|  0|  30|          23|           1|
    |icmp_ln31_fu_1214_p2    |      icmp|   0|  0|  15|           8|           2|
    |or_ln31_fu_1226_p2      |        or|   0|  0|   2|           1|           1|
    |s_d0                    |    select|   0|  0|  32|           1|          32|
    |ap_enable_pp0           |       xor|   0|  0|   2|           1|           2|
    |xor_ln21_fu_734_p2      |       xor|   0|  0|   7|           6|           7|
    +------------------------+----------+----+---+----+------------+------------+
    |Total                   |          |   0|  0| 232|         119|         120|
    +------------------------+----------+----+---+----+------------+------------+

    * Multiplexer: 
    +-----------------------------------+----+-----------+-----+-----------+
    |                Name               | LUT| Input Size| Bits| Total Bits|
    +-----------------------------------+----+-----------+-----+-----------+
    |ap_NS_fsm                          |  81|         17|    1|         17|
    |ap_done_int                        |   9|          2|    1|          2|
    |ap_enable_reg_pp0_iter0            |   9|          2|    1|          2|
    |ap_enable_reg_pp0_iter1            |   9|          2|    1|          2|
    |ap_enable_reg_pp0_iter26           |   9|          2|    1|          2|
    |ap_loop_exit_ready_pp0_iter10_reg  |   9|          2|    1|          2|
    |ap_loop_exit_ready_pp0_iter11_reg  |   9|          2|    1|          2|
    |ap_loop_exit_ready_pp0_iter12_reg  |   9|          2|    1|          2|
    |ap_loop_exit_ready_pp0_iter13_reg  |   9|          2|    1|          2|
    |ap_loop_exit_ready_pp0_iter14_reg  |   9|          2|    1|          2|
    |ap_loop_exit_ready_pp0_iter15_reg  |   9|          2|    1|          2|
    |ap_loop_exit_ready_pp0_iter16_reg  |   9|          2|    1|          2|
    |ap_loop_exit_ready_pp0_iter17_reg  |   9|          2|    1|          2|
    |ap_loop_exit_ready_pp0_iter18_reg  |   9|          2|    1|          2|
    |ap_loop_exit_ready_pp0_iter19_reg  |   9|          2|    1|          2|
    |ap_loop_exit_ready_pp0_iter1_reg   |   9|          2|    1|          2|
    |ap_loop_exit_ready_pp0_iter20_reg  |   9|          2|    1|          2|
    |ap_loop_exit_ready_pp0_iter21_reg  |   9|          2|    1|          2|
    |ap_loop_exit_ready_pp0_iter22_reg  |   9|          2|    1|          2|
    |ap_loop_exit_ready_pp0_iter23_reg  |   9|          2|    1|          2|
    |ap_loop_exit_ready_pp0_iter24_reg  |   9|          2|    1|          2|
    |ap_loop_exit_ready_pp0_iter25_reg  |   9|          2|    1|          2|
    |ap_loop_exit_ready_pp0_iter2_reg   |   9|          2|    1|          2|
    |ap_loop_exit_ready_pp0_iter3_reg   |   9|          2|    1|          2|
    |ap_loop_exit_ready_pp0_iter4_reg   |   9|          2|    1|          2|
    |ap_loop_exit_ready_pp0_iter5_reg   |   9|          2|    1|          2|
    |ap_loop_exit_ready_pp0_iter6_reg   |   9|          2|    1|          2|
    |ap_loop_exit_ready_pp0_iter7_reg   |   9|          2|    1|          2|
    |ap_loop_exit_ready_pp0_iter8_reg   |   9|          2|    1|          2|
    |ap_loop_exit_ready_pp0_iter9_reg   |   9|          2|    1|          2|
    |ap_sig_allocacmp_j_1               |   9|          2|    6|         12|
    |data_address0                      |  81|         17|   10|        170|
    |data_address1                      |  81|         17|   10|        170|
    |grp_fu_397_p0                      |  37|          7|   32|        224|
    |grp_fu_397_p1                      |  81|         17|   32|        544|
    |grp_fu_402_p0                      |  37|          7|   32|        224|
    |grp_fu_402_p1                      |  81|         17|   32|        544|
    |grp_fu_406_opcode                  |  14|          3|    2|          6|
    |grp_fu_406_p0                      |  81|         17|   32|        544|
    |grp_fu_406_p1                      |  49|          9|   32|        288|
    |grp_fu_410_opcode                  |  14|          3|    2|          6|
    |grp_fu_410_p0                      |  65|         16|   32|        512|
    |grp_fu_410_p1                      |  37|          7|   32|        224|
    |grp_fu_414_opcode                  |  14|          3|    2|          6|
    |grp_fu_414_p0                      |  65|         14|   32|        448|
    |grp_fu_414_p1                      |  49|          9|   32|        288|
    |grp_fu_418_opcode                  |  14|          3|    2|          6|
    |grp_fu_418_p0                      |  65|         12|   32|        384|
    |grp_fu_418_p1                      |  54|         10|   32|        320|
    |grp_fu_422_opcode                  |  14|          3|    2|          6|
    |grp_fu_422_p0                      |  65|         12|   32|        384|
    |grp_fu_422_p1                      |  59|         11|   32|        352|
    |grp_fu_431_p0                      |  65|         12|   32|        384|
    |grp_fu_431_p1                      |  65|         13|   32|        416|
    |grp_fu_435_p0                      |  54|         10|   32|        320|
    |grp_fu_435_p1                      |  54|         10|   32|        320|
    |grp_fu_439_p0                      |  59|         11|   32|        352|
    |grp_fu_439_p1                      |  59|         11|   32|        352|
    |grp_fu_444_p0                      |  14|          3|   32|         96|
    |j_fu_102                           |   9|          2|    6|         12|
    |reg_458                            |   9|          2|   32|         64|
    |reg_468                            |   9|          2|   32|         64|
    |reg_487                            |   9|          2|   32|         64|
    |reg_502                            |   9|          2|   32|         64|
    +-----------------------------------+----+-----------+-----+-----------+
    |Total                              |1823|        371|  872|       8245|
    +-----------------------------------+----+-----------+-----+-----------+

    * Register: 
    +------------------------------------+----+----+-----+-----------+
    |                Name                | FF | LUT| Bits| Const Bits|
    +------------------------------------+----+----+-----+-----------+
    |add_ln21_1_reg_1414                 |   9|   0|    9|          0|
    |add_ln21_2_reg_1468                 |   9|   0|    9|          0|
    |add_ln21_reg_1355                   |   8|   0|    8|          0|
    |ap_CS_fsm                           |  16|   0|   16|          0|
    |ap_done_reg                         |   1|   0|    1|          0|
    |ap_enable_reg_pp0_iter0_reg         |   1|   0|    1|          0|
    |ap_enable_reg_pp0_iter1             |   1|   0|    1|          0|
    |ap_enable_reg_pp0_iter10            |   1|   0|    1|          0|
    |ap_enable_reg_pp0_iter11            |   1|   0|    1|          0|
    |ap_enable_reg_pp0_iter12            |   1|   0|    1|          0|
    |ap_enable_reg_pp0_iter13            |   1|   0|    1|          0|
    |ap_enable_reg_pp0_iter14            |   1|   0|    1|          0|
    |ap_enable_reg_pp0_iter15            |   1|   0|    1|          0|
    |ap_enable_reg_pp0_iter16            |   1|   0|    1|          0|
    |ap_enable_reg_pp0_iter17            |   1|   0|    1|          0|
    |ap_enable_reg_pp0_iter18            |   1|   0|    1|          0|
    |ap_enable_reg_pp0_iter19            |   1|   0|    1|          0|
    |ap_enable_reg_pp0_iter2             |   1|   0|    1|          0|
    |ap_enable_reg_pp0_iter20            |   1|   0|    1|          0|
    |ap_enable_reg_pp0_iter21            |   1|   0|    1|          0|
    |ap_enable_reg_pp0_iter22            |   1|   0|    1|          0|
    |ap_enable_reg_pp0_iter23            |   1|   0|    1|          0|
    |ap_enable_reg_pp0_iter24            |   1|   0|    1|          0|
    |ap_enable_reg_pp0_iter25            |   1|   0|    1|          0|
    |ap_enable_reg_pp0_iter26            |   1|   0|    1|          0|
    |ap_enable_reg_pp0_iter3             |   1|   0|    1|          0|
    |ap_enable_reg_pp0_iter4             |   1|   0|    1|          0|
    |ap_enable_reg_pp0_iter5             |   1|   0|    1|          0|
    |ap_enable_reg_pp0_iter6             |   1|   0|    1|          0|
    |ap_enable_reg_pp0_iter7             |   1|   0|    1|          0|
    |ap_enable_reg_pp0_iter8             |   1|   0|    1|          0|
    |ap_enable_reg_pp0_iter9             |   1|   0|    1|          0|
    |ap_loop_exit_ready_pp0_iter10_reg   |   1|   0|    1|          0|
    |ap_loop_exit_ready_pp0_iter11_reg   |   1|   0|    1|          0|
    |ap_loop_exit_ready_pp0_iter12_reg   |   1|   0|    1|          0|
    |ap_loop_exit_ready_pp0_iter13_reg   |   1|   0|    1|          0|
    |ap_loop_exit_ready_pp0_iter14_reg   |   1|   0|    1|          0|
    |ap_loop_exit_ready_pp0_iter15_reg   |   1|   0|    1|          0|
    |ap_loop_exit_ready_pp0_iter16_reg   |   1|   0|    1|          0|
    |ap_loop_exit_ready_pp0_iter17_reg   |   1|   0|    1|          0|
    |ap_loop_exit_ready_pp0_iter18_reg   |   1|   0|    1|          0|
    |ap_loop_exit_ready_pp0_iter19_reg   |   1|   0|    1|          0|
    |ap_loop_exit_ready_pp0_iter1_reg    |   1|   0|    1|          0|
    |ap_loop_exit_ready_pp0_iter20_reg   |   1|   0|    1|          0|
    |ap_loop_exit_ready_pp0_iter21_reg   |   1|   0|    1|          0|
    |ap_loop_exit_ready_pp0_iter22_reg   |   1|   0|    1|          0|
    |ap_loop_exit_ready_pp0_iter23_reg   |   1|   0|    1|          0|
    |ap_loop_exit_ready_pp0_iter24_reg   |   1|   0|    1|          0|
    |ap_loop_exit_ready_pp0_iter25_reg   |   1|   0|    1|          0|
    |ap_loop_exit_ready_pp0_iter2_reg    |   1|   0|    1|          0|
    |ap_loop_exit_ready_pp0_iter3_reg    |   1|   0|    1|          0|
    |ap_loop_exit_ready_pp0_iter4_reg    |   1|   0|    1|          0|
    |ap_loop_exit_ready_pp0_iter5_reg    |   1|   0|    1|          0|
    |ap_loop_exit_ready_pp0_iter6_reg    |   1|   0|    1|          0|
    |ap_loop_exit_ready_pp0_iter7_reg    |   1|   0|    1|          0|
    |ap_loop_exit_ready_pp0_iter8_reg    |   1|   0|    1|          0|
    |ap_loop_exit_ready_pp0_iter9_reg    |   1|   0|    1|          0|
    |d_10_reg_1462                       |  32|   0|   32|          0|
    |d_11_reg_1503                       |  32|   0|   32|          0|
    |d_12_reg_1509                       |  32|   0|   32|          0|
    |d_13_reg_1515                       |  32|   0|   32|          0|
    |d_14_reg_1533                       |  32|   0|   32|          0|
    |d_15_reg_1554                       |  32|   0|   32|          0|
    |d_16_reg_1565                       |  32|   0|   32|          0|
    |d_17_reg_1571                       |  32|   0|   32|          0|
    |d_18_reg_1612                       |  32|   0|   32|          0|
    |d_19_reg_1618                       |  32|   0|   32|          0|
    |d_1_reg_1326                        |  32|   0|   32|          0|
    |d_20_reg_1624                       |  32|   0|   32|          0|
    |d_21_reg_1630                       |  32|   0|   32|          0|
    |d_22_reg_1661                       |  32|   0|   32|          0|
    |d_23_reg_1667                       |  32|   0|   32|          0|
    |d_24_reg_1673                       |  32|   0|   32|          0|
    |d_25_reg_1704                       |  32|   0|   32|          0|
    |d_26_reg_1715                       |  32|   0|   32|          0|
    |d_27_reg_1721                       |  32|   0|   32|          0|
    |d_28_reg_1727                       |  32|   0|   32|          0|
    |d_29_reg_1753                       |  32|   0|   32|          0|
    |d_2_reg_1332                        |  32|   0|   32|          0|
    |d_30_reg_1759                       |  32|   0|   32|          0|
    |d_30_reg_1759_pp0_iter10_reg        |  32|   0|   32|          0|
    |d_31_reg_1765                       |  32|   0|   32|          0|
    |d_31_reg_1765_pp0_iter10_reg        |  32|   0|   32|          0|
    |d_3_reg_1338                        |  32|   0|   32|          0|
    |d_4_reg_1376                        |  32|   0|   32|          0|
    |d_5_reg_1382                        |  32|   0|   32|          0|
    |d_6_reg_1388                        |  32|   0|   32|          0|
    |d_7_reg_1424                        |  32|   0|   32|          0|
    |d_8_reg_1450                        |  32|   0|   32|          0|
    |d_9_reg_1456                        |  32|   0|   32|          0|
    |d_reg_1315                          |  32|   0|   32|          0|
    |data_load_10_reg_1445               |  32|   0|   32|          0|
    |data_load_13_reg_1488               |  32|   0|   32|          0|
    |data_load_14_reg_1498               |  32|   0|   32|          0|
    |data_load_17_reg_1549               |  32|   0|   32|          0|
    |data_load_19_reg_1587               |  32|   0|   32|          0|
    |data_load_20_reg_1602               |  32|   0|   32|          0|
    |data_load_21_reg_1607               |  32|   0|   32|          0|
    |data_load_23_reg_1646               |  32|   0|   32|          0|
    |data_load_24_reg_1656               |  32|   0|   32|          0|
    |data_load_27_reg_1694               |  32|   0|   32|          0|
    |data_load_28_reg_1710               |  32|   0|   32|          0|
    |data_load_31_reg_1748               |  32|   0|   32|          0|
    |data_load_3_reg_1321                |  32|   0|   32|          0|
    |data_load_6_reg_1371                |  32|   0|   32|          0|
    |data_load_9_reg_1430                |  32|   0|   32|          0|
    |div_reg_2013                        |  32|   0|   32|          0|
    |icmp_ln17_reg_1270                  |   1|   0|    1|          0|
    |icmp_ln31_1_reg_2003                |   1|   0|    1|          0|
    |icmp_ln31_reg_1998                  |   1|   0|    1|          0|
    |j_1_reg_1255                        |   6|   0|    6|          0|
    |j_fu_102                            |   6|   0|    6|          0|
    |mean_15_reg_1560                    |  32|   0|   32|          0|
    |mean_31_reg_1771                    |  32|   0|   32|          0|
    |mean_32_reg_1776                    |  32|   0|   32|          0|
    |mul1_reg_2024                       |  32|   0|   32|          0|
    |mul2_reg_2029                       |  32|   0|   32|          0|
    |mul3_reg_2034                       |  32|   0|   32|          0|
    |mul_10_reg_1841                     |  32|   0|   32|          0|
    |mul_11_reg_1846                     |  32|   0|   32|          0|
    |mul_12_reg_1851                     |  32|   0|   32|          0|
    |mul_13_reg_1856                     |  32|   0|   32|          0|
    |mul_14_reg_1861                     |  32|   0|   32|          0|
    |mul_15_reg_1866                     |  32|   0|   32|          0|
    |mul_16_reg_1871                     |  32|   0|   32|          0|
    |mul_17_reg_1876                     |  32|   0|   32|          0|
    |mul_18_reg_1881                     |  32|   0|   32|          0|
    |mul_19_reg_1886                     |  32|   0|   32|          0|
    |mul_1_reg_1791                      |  32|   0|   32|          0|
    |mul_20_reg_1891                     |  32|   0|   32|          0|
    |mul_21_reg_1896                     |  32|   0|   32|          0|
    |mul_22_reg_1901                     |  32|   0|   32|          0|
    |mul_23_reg_1906                     |  32|   0|   32|          0|
    |mul_24_reg_1911                     |  32|   0|   32|          0|
    |mul_25_reg_1916                     |  32|   0|   32|          0|
    |mul_26_reg_1921                     |  32|   0|   32|          0|
    |mul_27_reg_1926                     |  32|   0|   32|          0|
    |mul_28_reg_1931                     |  32|   0|   32|          0|
    |mul_29_reg_1936                     |  32|   0|   32|          0|
    |mul_2_reg_1796                      |  32|   0|   32|          0|
    |mul_30_reg_1941                     |  32|   0|   32|          0|
    |mul_3_reg_1801                      |  32|   0|   32|          0|
    |mul_4_reg_1806                      |  32|   0|   32|          0|
    |mul_4_reg_1806_pp0_iter12_reg       |  32|   0|   32|          0|
    |mul_5_reg_1811                      |  32|   0|   32|          0|
    |mul_5_reg_1811_pp0_iter12_reg       |  32|   0|   32|          0|
    |mul_6_reg_1816                      |  32|   0|   32|          0|
    |mul_7_reg_1821                      |  32|   0|   32|          0|
    |mul_8_reg_1826                      |  32|   0|   32|          0|
    |mul_9_reg_1831                      |  32|   0|   32|          0|
    |mul_reg_1786                        |  32|   0|   32|          0|
    |mul_s_reg_1836                      |  32|   0|   32|          0|
    |reg_454                             |  32|   0|   32|          0|
    |reg_458                             |  32|   0|   32|          0|
    |reg_463                             |  32|   0|   32|          0|
    |reg_468                             |  32|   0|   32|          0|
    |reg_473                             |  32|   0|   32|          0|
    |reg_477                             |  32|   0|   32|          0|
    |reg_482                             |  32|   0|   32|          0|
    |reg_487                             |  32|   0|   32|          0|
    |reg_492                             |  32|   0|   32|          0|
    |reg_497                             |  32|   0|   32|          0|
    |reg_502                             |  32|   0|   32|          0|
    |reg_507                             |  32|   0|   32|          0|
    |reg_512                             |  32|   0|   32|          0|
    |reg_517                             |  32|   0|   32|          0|
    |reg_522                             |  32|   0|   32|          0|
    |reg_527                             |  32|   0|   32|          0|
    |reg_532                             |  32|   0|   32|          0|
    |reg_541                             |  32|   0|   32|          0|
    |reg_549                             |  32|   0|   32|          0|
    |reg_557                             |  32|   0|   32|          0|
    |reg_565                             |  32|   0|   32|          0|
    |reg_572                             |  32|   0|   32|          0|
    |reg_581                             |  32|   0|   32|          0|
    |reg_587                             |  32|   0|   32|          0|
    |reg_593                             |  32|   0|   32|          0|
    |reg_599                             |  32|   0|   32|          0|
    |reg_606                             |  32|   0|   32|          0|
    |reg_615                             |  32|   0|   32|          0|
    |reg_623                             |  32|   0|   32|          0|
    |reg_630                             |  32|   0|   32|          0|
    |reg_639                             |  32|   0|   32|          0|
    |reg_647                             |  32|   0|   32|          0|
    |reg_654                             |  32|   0|   32|          0|
    |reg_661                             |  32|   0|   32|          0|
    |reg_668                             |  32|   0|   32|          0|
    |reg_675                             |  32|   0|   32|          0|
    |reg_681                             |  32|   0|   32|          0|
    |reg_687                             |  32|   0|   32|          0|
    |reg_693                             |  32|   0|   32|          0|
    |reg_698                             |  32|   0|   32|          0|
    |reg_703                             |  32|   0|   32|          0|
    |stddev_13_reg_1951                  |  32|   0|   32|          0|
    |stddev_16_reg_1956                  |  32|   0|   32|          0|
    |stddev_17_reg_1961                  |  32|   0|   32|          0|
    |stddev_22_reg_1966                  |  32|   0|   32|          0|
    |stddev_23_reg_1971                  |  32|   0|   32|          0|
    |stddev_24_reg_1976                  |  32|   0|   32|          0|
    |stddev_26_reg_1981                  |  32|   0|   32|          0|
    |stddev_28_reg_1986                  |  32|   0|   32|          0|
    |stddev_31_reg_1991                  |  32|   0|   32|          0|
    |stddev_32_reg_2018                  |  32|   0|   32|          0|
    |stddev_32_reg_2018_pp0_iter25_reg   |  32|   0|   32|          0|
    |stddev_6_reg_1946                   |  32|   0|   32|          0|
    |tmp_1_reg_2008                      |   1|   0|    1|          0|
    |xor_ln21_reg_1285                   |   6|   0|    6|          0|
    |zext_ln17_1_reg_1526                |   6|   0|   10|          4|
    |zext_ln17_3_reg_1399                |   6|   0|    9|          3|
    |zext_ln17_3_reg_1399_pp0_iter3_reg  |   6|   0|    9|          3|
    |zext_ln17_reg_1274                  |   6|   0|   64|         58|
    |zext_ln21_1_cast_reg_1298           |   6|   0|    7|          1|
    |zext_ln21_3_cast_reg_1344           |   6|   0|    8|          2|
    |zext_ln21_7_cast_reg_1404           |   6|   0|    9|          3|
    |zext_ln21_9_cast_reg_1435           |   6|   0|    9|          3|
    |add_ln21_1_reg_1414                 |  64|  32|    9|          0|
    |add_ln21_2_reg_1468                 |  64|  32|    9|          0|
    |add_ln21_reg_1355                   |  64|  32|    8|          0|
    |d_10_reg_1462                       |  64|  32|   32|          0|
    |d_11_reg_1503                       |  64|  32|   32|          0|
    |d_12_reg_1509                       |  64|  32|   32|          0|
    |d_13_reg_1515                       |  64|  32|   32|          0|
    |d_14_reg_1533                       |  64|  32|   32|          0|
    |d_15_reg_1554                       |  64|  32|   32|          0|
    |d_16_reg_1565                       |  64|  32|   32|          0|
    |d_17_reg_1571                       |  64|  32|   32|          0|
    |d_18_reg_1612                       |  64|  32|   32|          0|
    |d_19_reg_1618                       |  64|  32|   32|          0|
    |d_1_reg_1326                        |  64|  32|   32|          0|
    |d_20_reg_1624                       |  64|  32|   32|          0|
    |d_21_reg_1630                       |  64|  32|   32|          0|
    |d_22_reg_1661                       |  64|  32|   32|          0|
    |d_23_reg_1667                       |  64|  32|   32|          0|
    |d_24_reg_1673                       |  64|  32|   32|          0|
    |d_25_reg_1704                       |  64|  32|   32|          0|
    |d_26_reg_1715                       |  64|  32|   32|          0|
    |d_27_reg_1721                       |  64|  32|   32|          0|
    |d_28_reg_1727                       |  64|  32|   32|          0|
    |d_29_reg_1753                       |  64|  32|   32|          0|
    |d_2_reg_1332                        |  64|  32|   32|          0|
    |d_3_reg_1338                        |  64|  32|   32|          0|
    |d_4_reg_1376                        |  64|  32|   32|          0|
    |d_5_reg_1382                        |  64|  32|   32|          0|
    |d_6_reg_1388                        |  64|  32|   32|          0|
    |d_7_reg_1424                        |  64|  32|   32|          0|
    |d_8_reg_1450                        |  64|  32|   32|          0|
    |d_9_reg_1456                        |  64|  32|   32|          0|
    |d_reg_1315                          |  64|  32|   32|          0|
    |icmp_ln17_reg_1270                  |  64|  32|    1|          0|
    |icmp_ln31_1_reg_2003                |  64|  32|    1|          0|
    |icmp_ln31_reg_1998                  |  64|  32|    1|          0|
    |j_1_reg_1255                        |  64|  32|    6|          0|
    |mul_10_reg_1841                     |  64|  32|   32|          0|
    |mul_11_reg_1846                     |  64|  32|   32|          0|
    |mul_12_reg_1851                     |  64|  32|   32|          0|
    |mul_13_reg_1856                     |  64|  32|   32|          0|
    |mul_14_reg_1861                     |  64|  32|   32|          0|
    |mul_15_reg_1866                     |  64|  32|   32|          0|
    |mul_16_reg_1871                     |  64|  32|   32|          0|
    |mul_17_reg_1876                     |  64|  32|   32|          0|
    |mul_18_reg_1881                     |  64|  32|   32|          0|
    |mul_19_reg_1886                     |  64|  32|   32|          0|
    |mul_20_reg_1891                     |  64|  32|   32|          0|
    |mul_21_reg_1896                     |  64|  32|   32|          0|
    |mul_22_reg_1901                     |  64|  32|   32|          0|
    |mul_23_reg_1906                     |  64|  32|   32|          0|
    |mul_24_reg_1911                     |  64|  32|   32|          0|
    |mul_25_reg_1916                     |  64|  32|   32|          0|
    |mul_26_reg_1921                     |  64|  32|   32|          0|
    |mul_27_reg_1926                     |  64|  32|   32|          0|
    |mul_28_reg_1931                     |  64|  32|   32|          0|
    |mul_29_reg_1936                     |  64|  32|   32|          0|
    |mul_30_reg_1941                     |  64|  32|   32|          0|
    |mul_6_reg_1816                      |  64|  32|   32|          0|
    |mul_7_reg_1821                      |  64|  32|   32|          0|
    |mul_8_reg_1826                      |  64|  32|   32|          0|
    |mul_9_reg_1831                      |  64|  32|   32|          0|
    |mul_s_reg_1836                      |  64|  32|   32|          0|
    |tmp_1_reg_2008                      |  64|  32|    1|          0|
    |xor_ln21_reg_1285                   |  64|  32|    6|          0|
    |zext_ln17_1_reg_1526                |  64|  32|   10|          4|
    |zext_ln17_reg_1274                  |  64|  32|   64|         58|
    |zext_ln21_1_cast_reg_1298           |  64|  32|    7|          1|
    |zext_ln21_3_cast_reg_1344           |  64|  32|    8|          2|
    |zext_ln21_7_cast_reg_1404           |  64|  32|    9|          3|
    |zext_ln21_9_cast_reg_1435           |  64|  32|    9|          3|
    +------------------------------------+----+----+-----+-----------+
    |Total                               |9285|2272| 6759|        148|
    +------------------------------------+----+----+-----+-----------+



================================================================
== Interface
================================================================
* Summary: 
+---------------------+-----+-----+------------+-----------------------------+--------------+
|      RTL Ports      | Dir | Bits|  Protocol  |        Source Object        |    C Type    |
+---------------------+-----+-----+------------+-----------------------------+--------------+
|ap_clk               |   in|    1|  ap_ctrl_hs|  correlation_Pipeline_loop_0|  return value|
|ap_rst               |   in|    1|  ap_ctrl_hs|  correlation_Pipeline_loop_0|  return value|
|ap_start             |   in|    1|  ap_ctrl_hs|  correlation_Pipeline_loop_0|  return value|
|ap_done              |  out|    1|  ap_ctrl_hs|  correlation_Pipeline_loop_0|  return value|
|ap_idle              |  out|    1|  ap_ctrl_hs|  correlation_Pipeline_loop_0|  return value|
|ap_ready             |  out|    1|  ap_ctrl_hs|  correlation_Pipeline_loop_0|  return value|
|grp_fu_296_p_din0    |  out|   32|  ap_ctrl_hs|  correlation_Pipeline_loop_0|  return value|
|grp_fu_296_p_din1    |  out|   32|  ap_ctrl_hs|  correlation_Pipeline_loop_0|  return value|
|grp_fu_296_p_opcode  |  out|    1|  ap_ctrl_hs|  correlation_Pipeline_loop_0|  return value|
|grp_fu_296_p_dout0   |   in|   32|  ap_ctrl_hs|  correlation_Pipeline_loop_0|  return value|
|grp_fu_296_p_ce      |  out|    1|  ap_ctrl_hs|  correlation_Pipeline_loop_0|  return value|
|grp_fu_300_p_din0    |  out|   32|  ap_ctrl_hs|  correlation_Pipeline_loop_0|  return value|
|grp_fu_300_p_din1    |  out|   32|  ap_ctrl_hs|  correlation_Pipeline_loop_0|  return value|
|grp_fu_300_p_dout0   |   in|   32|  ap_ctrl_hs|  correlation_Pipeline_loop_0|  return value|
|grp_fu_300_p_ce      |  out|    1|  ap_ctrl_hs|  correlation_Pipeline_loop_0|  return value|
|grp_fu_304_p_din0    |  out|   32|  ap_ctrl_hs|  correlation_Pipeline_loop_0|  return value|
|grp_fu_304_p_din1    |  out|   32|  ap_ctrl_hs|  correlation_Pipeline_loop_0|  return value|
|grp_fu_304_p_dout0   |   in|   32|  ap_ctrl_hs|  correlation_Pipeline_loop_0|  return value|
|grp_fu_304_p_ce      |  out|    1|  ap_ctrl_hs|  correlation_Pipeline_loop_0|  return value|
|data_address0        |  out|   10|   ap_memory|                         data|         array|
|data_ce0             |  out|    1|   ap_memory|                         data|         array|
|data_q0              |   in|   32|   ap_memory|                         data|         array|
|data_address1        |  out|   10|   ap_memory|                         data|         array|
|data_ce1             |  out|    1|   ap_memory|                         data|         array|
|data_q1              |   in|   32|   ap_memory|                         data|         array|
|m_address0           |  out|    5|   ap_memory|                            m|         array|
|m_ce0                |  out|    1|   ap_memory|                            m|         array|
|m_we0                |  out|    1|   ap_memory|                            m|         array|
|m_d0                 |  out|   32|   ap_memory|                            m|         array|
|s_address0           |  out|    5|   ap_memory|                            s|         array|
|s_ce0                |  out|    1|   ap_memory|                            s|         array|
|s_we0                |  out|    1|   ap_memory|                            s|         array|
|s_d0                 |  out|   32|   ap_memory|                            s|         array|
+---------------------+-----+-----+------------+-----------------------------+--------------+

