

================================================================
== Vitis HLS Report for 'loady8'
================================================================
* Date:           Wed Jul  9 04:19:50 2025

* Version:        2023.2 (Build 4023990 on Oct 11 2023)
* Project:        TRANS_FFT
* Solution:       solution0 (Vivado IP Flow Target)
* Product family: virtexuplusHBM
* Target device:  xcu50-fsvh2104-2-e


================================================================
== Performance Estimates
================================================================
+ Timing: 
    * Summary: 
    +--------+---------+----------+------------+
    |  Clock |  Target | Estimated| Uncertainty|
    +--------+---------+----------+------------+
    |ap_clk  |  8.00 ns|  1.925 ns|     2.16 ns|
    +--------+---------+----------+------------+

+ Latency: 
    * Summary: 
    +---------+---------+-----------+-----------+-----+-----+---------+
    |  Latency (cycles) |   Latency (absolute)  |  Interval | Pipeline|
    |   min   |   max   |    min    |    max    | min | max |   Type  |
    +---------+---------+-----------+-----------+-----+-----+---------+
    |        4|        4|  32.000 ns|  32.000 ns|    4|    4|       no|
    +---------+---------+-----------+-----------+-----+-----+---------+

    + Detail: 
        * Instance: 
        N/A

        * Loop: 
        N/A

============================================================
+ Verbose Summary: Synthesis Manager
============================================================
InlineROM: 1
ExposeGlobal: 0
============================================================
+ Verbose Summary: CDFG Model
============================================================
IsTopModel: 0
ResetActiveHigh: 1
IsCombinational: 0
IsDatapathOnly: 0
HasWiredReturn: 1
HasMFsm: 0
HasVarLatency: 1
IsPipeline: 0
IsRtlPipelined: 0
IsInstanceOverlapped: 0
IsDontTouch: 0
HasImplIP: 0
IsGatedGlobalClock: 0


============================================================
+ Verbose Summary: Schedule
============================================================
* Number of FSM states : 5
* Pipeline : 0
* Dataflow Pipeline: 0

* FSM state transitions: 
1 --> 2 
2 --> 3 
3 --> 4 
4 --> 5 
5 --> 

* FSM state operations: 

State 1 <SV = 0> <Delay = 1.92>
ST_1 : Operation 6 [1/1] (0.00ns)   --->   "%offset_read = read i10 @_ssdm_op_Read.ap_auto.i10, i10 %offset" [data/benchmarks/transposed_fft/transposed_fft.c:104]   --->   Operation 6 'read' 'offset_read' <Predicate = true> <Delay = 0.00>
ST_1 : Operation 7 [1/1] (0.00ns)   --->   "%zext_ln104 = zext i10 %offset_read" [data/benchmarks/transposed_fft/transposed_fft.c:104]   --->   Operation 7 'zext' 'zext_ln104' <Predicate = true> <Delay = 0.00>
ST_1 : Operation 8 [1/1] (0.00ns)   --->   "%x_addr = getelementptr i64 %x, i64 0, i64 %zext_ln104" [data/benchmarks/transposed_fft/transposed_fft.c:104]   --->   Operation 8 'getelementptr' 'x_addr' <Predicate = true> <Delay = 0.00>
ST_1 : Operation 9 [2/2] (1.20ns)   --->   "%x_load = load i10 %x_addr" [data/benchmarks/transposed_fft/transposed_fft.c:104]   --->   Operation 9 'load' 'x_load' <Predicate = true> <Delay = 1.20> <CoreInst = "RAM">   --->   Core 83 'RAM' <Latency = 1> <II = 1> <Delay = 1.20> <Storage> <Opcode : 'load' 'store'> <Ports = 2> <Width = 64> <Depth = 576> <RAM>
ST_1 : Operation 10 [1/1] (0.72ns)   --->   "%add_ln105 = add i10 %offset_read, i10 8" [data/benchmarks/transposed_fft/transposed_fft.c:105]   --->   Operation 10 'add' 'add_ln105' <Predicate = true> <Delay = 0.72> <CoreInst = "Adder">   --->   Core 1 'Adder' <Latency = 0> <II = 1> <Delay = 0.72> <FuncUnit> <Opcode : 'add' 'sub'> <InPorts = 2> <OutPorts = 1>
ST_1 : Operation 11 [1/1] (0.00ns)   --->   "%zext_ln105 = zext i10 %add_ln105" [data/benchmarks/transposed_fft/transposed_fft.c:105]   --->   Operation 11 'zext' 'zext_ln105' <Predicate = true> <Delay = 0.00>
ST_1 : Operation 12 [1/1] (0.00ns)   --->   "%x_addr_1 = getelementptr i64 %x, i64 0, i64 %zext_ln105" [data/benchmarks/transposed_fft/transposed_fft.c:105]   --->   Operation 12 'getelementptr' 'x_addr_1' <Predicate = true> <Delay = 0.00>
ST_1 : Operation 13 [2/2] (1.20ns)   --->   "%x_load_1 = load i10 %x_addr_1" [data/benchmarks/transposed_fft/transposed_fft.c:105]   --->   Operation 13 'load' 'x_load_1' <Predicate = true> <Delay = 1.20> <CoreInst = "RAM">   --->   Core 83 'RAM' <Latency = 1> <II = 1> <Delay = 1.20> <Storage> <Opcode : 'load' 'store'> <Ports = 2> <Width = 64> <Depth = 576> <RAM>

State 2 <SV = 1> <Delay = 1.92>
ST_2 : Operation 14 [1/1] (0.00ns)   --->   "%a_y_addr = getelementptr i64 %a_y, i64 0, i64 0" [data/benchmarks/transposed_fft/transposed_fft.c:104]   --->   Operation 14 'getelementptr' 'a_y_addr' <Predicate = true> <Delay = 0.00>
ST_2 : Operation 15 [1/2] (1.20ns)   --->   "%x_load = load i10 %x_addr" [data/benchmarks/transposed_fft/transposed_fft.c:104]   --->   Operation 15 'load' 'x_load' <Predicate = true> <Delay = 1.20> <CoreInst = "RAM">   --->   Core 83 'RAM' <Latency = 1> <II = 1> <Delay = 1.20> <Storage> <Opcode : 'load' 'store'> <Ports = 2> <Width = 64> <Depth = 576> <RAM>
ST_2 : Operation 16 [1/2] (1.20ns)   --->   "%x_load_1 = load i10 %x_addr_1" [data/benchmarks/transposed_fft/transposed_fft.c:105]   --->   Operation 16 'load' 'x_load_1' <Predicate = true> <Delay = 1.20> <CoreInst = "RAM">   --->   Core 83 'RAM' <Latency = 1> <II = 1> <Delay = 1.20> <Storage> <Opcode : 'load' 'store'> <Ports = 2> <Width = 64> <Depth = 576> <RAM>
ST_2 : Operation 17 [1/1] (0.00ns)   --->   "%a_y_addr_1 = getelementptr i64 %a_y, i64 0, i64 1" [data/benchmarks/transposed_fft/transposed_fft.c:105]   --->   Operation 17 'getelementptr' 'a_y_addr_1' <Predicate = true> <Delay = 0.00>
ST_2 : Operation 18 [1/1] (0.72ns)   --->   "%add_ln106 = add i10 %offset_read, i10 16" [data/benchmarks/transposed_fft/transposed_fft.c:106]   --->   Operation 18 'add' 'add_ln106' <Predicate = true> <Delay = 0.72> <CoreInst = "Adder">   --->   Core 1 'Adder' <Latency = 0> <II = 1> <Delay = 0.72> <FuncUnit> <Opcode : 'add' 'sub'> <InPorts = 2> <OutPorts = 1>
ST_2 : Operation 19 [1/1] (0.00ns)   --->   "%zext_ln106 = zext i10 %add_ln106" [data/benchmarks/transposed_fft/transposed_fft.c:106]   --->   Operation 19 'zext' 'zext_ln106' <Predicate = true> <Delay = 0.00>
ST_2 : Operation 20 [1/1] (0.00ns)   --->   "%x_addr_2 = getelementptr i64 %x, i64 0, i64 %zext_ln106" [data/benchmarks/transposed_fft/transposed_fft.c:106]   --->   Operation 20 'getelementptr' 'x_addr_2' <Predicate = true> <Delay = 0.00>
ST_2 : Operation 21 [2/2] (1.20ns)   --->   "%x_load_2 = load i10 %x_addr_2" [data/benchmarks/transposed_fft/transposed_fft.c:106]   --->   Operation 21 'load' 'x_load_2' <Predicate = true> <Delay = 1.20> <CoreInst = "RAM">   --->   Core 83 'RAM' <Latency = 1> <II = 1> <Delay = 1.20> <Storage> <Opcode : 'load' 'store'> <Ports = 2> <Width = 64> <Depth = 576> <RAM>
ST_2 : Operation 22 [1/1] (0.72ns)   --->   "%add_ln107 = add i10 %offset_read, i10 24" [data/benchmarks/transposed_fft/transposed_fft.c:107]   --->   Operation 22 'add' 'add_ln107' <Predicate = true> <Delay = 0.72> <CoreInst = "Adder">   --->   Core 1 'Adder' <Latency = 0> <II = 1> <Delay = 0.72> <FuncUnit> <Opcode : 'add' 'sub'> <InPorts = 2> <OutPorts = 1>
ST_2 : Operation 23 [1/1] (0.00ns)   --->   "%zext_ln107 = zext i10 %add_ln107" [data/benchmarks/transposed_fft/transposed_fft.c:107]   --->   Operation 23 'zext' 'zext_ln107' <Predicate = true> <Delay = 0.00>
ST_2 : Operation 24 [1/1] (0.00ns)   --->   "%x_addr_3 = getelementptr i64 %x, i64 0, i64 %zext_ln107" [data/benchmarks/transposed_fft/transposed_fft.c:107]   --->   Operation 24 'getelementptr' 'x_addr_3' <Predicate = true> <Delay = 0.00>
ST_2 : Operation 25 [2/2] (1.20ns)   --->   "%x_load_3 = load i10 %x_addr_3" [data/benchmarks/transposed_fft/transposed_fft.c:107]   --->   Operation 25 'load' 'x_load_3' <Predicate = true> <Delay = 1.20> <CoreInst = "RAM">   --->   Core 83 'RAM' <Latency = 1> <II = 1> <Delay = 1.20> <Storage> <Opcode : 'load' 'store'> <Ports = 2> <Width = 64> <Depth = 576> <RAM>
ST_2 : Operation 26 [1/1] (0.71ns)   --->   "%store_ln104 = store i64 %x_load, i3 %a_y_addr" [data/benchmarks/transposed_fft/transposed_fft.c:104]   --->   Operation 26 'store' 'store_ln104' <Predicate = true> <Delay = 0.71> <CoreInst = "RAM">   --->   Core 83 'RAM' <Latency = 1> <II = 1> <Delay = 0.71> <Storage> <Opcode : 'load' 'store'> <Ports = 2> <Width = 64> <Depth = 8> <RAM>
ST_2 : Operation 27 [1/1] (0.71ns)   --->   "%store_ln105 = store i64 %x_load_1, i3 %a_y_addr_1" [data/benchmarks/transposed_fft/transposed_fft.c:105]   --->   Operation 27 'store' 'store_ln105' <Predicate = true> <Delay = 0.71> <CoreInst = "RAM">   --->   Core 83 'RAM' <Latency = 1> <II = 1> <Delay = 0.71> <Storage> <Opcode : 'load' 'store'> <Ports = 2> <Width = 64> <Depth = 8> <RAM>

State 3 <SV = 2> <Delay = 1.92>
ST_3 : Operation 28 [1/2] (1.20ns)   --->   "%x_load_2 = load i10 %x_addr_2" [data/benchmarks/transposed_fft/transposed_fft.c:106]   --->   Operation 28 'load' 'x_load_2' <Predicate = true> <Delay = 1.20> <CoreInst = "RAM">   --->   Core 83 'RAM' <Latency = 1> <II = 1> <Delay = 1.20> <Storage> <Opcode : 'load' 'store'> <Ports = 2> <Width = 64> <Depth = 576> <RAM>
ST_3 : Operation 29 [1/1] (0.00ns)   --->   "%a_y_addr_2 = getelementptr i64 %a_y, i64 0, i64 2" [data/benchmarks/transposed_fft/transposed_fft.c:106]   --->   Operation 29 'getelementptr' 'a_y_addr_2' <Predicate = true> <Delay = 0.00>
ST_3 : Operation 30 [1/2] (1.20ns)   --->   "%x_load_3 = load i10 %x_addr_3" [data/benchmarks/transposed_fft/transposed_fft.c:107]   --->   Operation 30 'load' 'x_load_3' <Predicate = true> <Delay = 1.20> <CoreInst = "RAM">   --->   Core 83 'RAM' <Latency = 1> <II = 1> <Delay = 1.20> <Storage> <Opcode : 'load' 'store'> <Ports = 2> <Width = 64> <Depth = 576> <RAM>
ST_3 : Operation 31 [1/1] (0.00ns)   --->   "%a_y_addr_3 = getelementptr i64 %a_y, i64 0, i64 3" [data/benchmarks/transposed_fft/transposed_fft.c:107]   --->   Operation 31 'getelementptr' 'a_y_addr_3' <Predicate = true> <Delay = 0.00>
ST_3 : Operation 32 [1/1] (0.72ns)   --->   "%add_ln108 = add i10 %offset_read, i10 32" [data/benchmarks/transposed_fft/transposed_fft.c:108]   --->   Operation 32 'add' 'add_ln108' <Predicate = true> <Delay = 0.72> <CoreInst = "Adder">   --->   Core 1 'Adder' <Latency = 0> <II = 1> <Delay = 0.72> <FuncUnit> <Opcode : 'add' 'sub'> <InPorts = 2> <OutPorts = 1>
ST_3 : Operation 33 [1/1] (0.00ns)   --->   "%zext_ln108 = zext i10 %add_ln108" [data/benchmarks/transposed_fft/transposed_fft.c:108]   --->   Operation 33 'zext' 'zext_ln108' <Predicate = true> <Delay = 0.00>
ST_3 : Operation 34 [1/1] (0.00ns)   --->   "%x_addr_4 = getelementptr i64 %x, i64 0, i64 %zext_ln108" [data/benchmarks/transposed_fft/transposed_fft.c:108]   --->   Operation 34 'getelementptr' 'x_addr_4' <Predicate = true> <Delay = 0.00>
ST_3 : Operation 35 [2/2] (1.20ns)   --->   "%x_load_4 = load i10 %x_addr_4" [data/benchmarks/transposed_fft/transposed_fft.c:108]   --->   Operation 35 'load' 'x_load_4' <Predicate = true> <Delay = 1.20> <CoreInst = "RAM">   --->   Core 83 'RAM' <Latency = 1> <II = 1> <Delay = 1.20> <Storage> <Opcode : 'load' 'store'> <Ports = 2> <Width = 64> <Depth = 576> <RAM>
ST_3 : Operation 36 [1/1] (0.72ns)   --->   "%add_ln109 = add i10 %offset_read, i10 40" [data/benchmarks/transposed_fft/transposed_fft.c:109]   --->   Operation 36 'add' 'add_ln109' <Predicate = true> <Delay = 0.72> <CoreInst = "Adder">   --->   Core 1 'Adder' <Latency = 0> <II = 1> <Delay = 0.72> <FuncUnit> <Opcode : 'add' 'sub'> <InPorts = 2> <OutPorts = 1>
ST_3 : Operation 37 [1/1] (0.00ns)   --->   "%zext_ln109 = zext i10 %add_ln109" [data/benchmarks/transposed_fft/transposed_fft.c:109]   --->   Operation 37 'zext' 'zext_ln109' <Predicate = true> <Delay = 0.00>
ST_3 : Operation 38 [1/1] (0.00ns)   --->   "%x_addr_5 = getelementptr i64 %x, i64 0, i64 %zext_ln109" [data/benchmarks/transposed_fft/transposed_fft.c:109]   --->   Operation 38 'getelementptr' 'x_addr_5' <Predicate = true> <Delay = 0.00>
ST_3 : Operation 39 [2/2] (1.20ns)   --->   "%x_load_5 = load i10 %x_addr_5" [data/benchmarks/transposed_fft/transposed_fft.c:109]   --->   Operation 39 'load' 'x_load_5' <Predicate = true> <Delay = 1.20> <CoreInst = "RAM">   --->   Core 83 'RAM' <Latency = 1> <II = 1> <Delay = 1.20> <Storage> <Opcode : 'load' 'store'> <Ports = 2> <Width = 64> <Depth = 576> <RAM>
ST_3 : Operation 40 [1/1] (0.71ns)   --->   "%store_ln106 = store i64 %x_load_2, i3 %a_y_addr_2" [data/benchmarks/transposed_fft/transposed_fft.c:106]   --->   Operation 40 'store' 'store_ln106' <Predicate = true> <Delay = 0.71> <CoreInst = "RAM">   --->   Core 83 'RAM' <Latency = 1> <II = 1> <Delay = 0.71> <Storage> <Opcode : 'load' 'store'> <Ports = 2> <Width = 64> <Depth = 8> <RAM>
ST_3 : Operation 41 [1/1] (0.71ns)   --->   "%store_ln107 = store i64 %x_load_3, i3 %a_y_addr_3" [data/benchmarks/transposed_fft/transposed_fft.c:107]   --->   Operation 41 'store' 'store_ln107' <Predicate = true> <Delay = 0.71> <CoreInst = "RAM">   --->   Core 83 'RAM' <Latency = 1> <II = 1> <Delay = 0.71> <Storage> <Opcode : 'load' 'store'> <Ports = 2> <Width = 64> <Depth = 8> <RAM>

State 4 <SV = 3> <Delay = 1.92>
ST_4 : Operation 42 [1/2] (1.20ns)   --->   "%x_load_4 = load i10 %x_addr_4" [data/benchmarks/transposed_fft/transposed_fft.c:108]   --->   Operation 42 'load' 'x_load_4' <Predicate = true> <Delay = 1.20> <CoreInst = "RAM">   --->   Core 83 'RAM' <Latency = 1> <II = 1> <Delay = 1.20> <Storage> <Opcode : 'load' 'store'> <Ports = 2> <Width = 64> <Depth = 576> <RAM>
ST_4 : Operation 43 [1/1] (0.00ns)   --->   "%a_y_addr_4 = getelementptr i64 %a_y, i64 0, i64 4" [data/benchmarks/transposed_fft/transposed_fft.c:108]   --->   Operation 43 'getelementptr' 'a_y_addr_4' <Predicate = true> <Delay = 0.00>
ST_4 : Operation 44 [1/2] (1.20ns)   --->   "%x_load_5 = load i10 %x_addr_5" [data/benchmarks/transposed_fft/transposed_fft.c:109]   --->   Operation 44 'load' 'x_load_5' <Predicate = true> <Delay = 1.20> <CoreInst = "RAM">   --->   Core 83 'RAM' <Latency = 1> <II = 1> <Delay = 1.20> <Storage> <Opcode : 'load' 'store'> <Ports = 2> <Width = 64> <Depth = 576> <RAM>
ST_4 : Operation 45 [1/1] (0.00ns)   --->   "%a_y_addr_5 = getelementptr i64 %a_y, i64 0, i64 5" [data/benchmarks/transposed_fft/transposed_fft.c:109]   --->   Operation 45 'getelementptr' 'a_y_addr_5' <Predicate = true> <Delay = 0.00>
ST_4 : Operation 46 [1/1] (0.72ns)   --->   "%add_ln110 = add i10 %offset_read, i10 48" [data/benchmarks/transposed_fft/transposed_fft.c:110]   --->   Operation 46 'add' 'add_ln110' <Predicate = true> <Delay = 0.72> <CoreInst = "Adder">   --->   Core 1 'Adder' <Latency = 0> <II = 1> <Delay = 0.72> <FuncUnit> <Opcode : 'add' 'sub'> <InPorts = 2> <OutPorts = 1>
ST_4 : Operation 47 [1/1] (0.00ns)   --->   "%zext_ln110 = zext i10 %add_ln110" [data/benchmarks/transposed_fft/transposed_fft.c:110]   --->   Operation 47 'zext' 'zext_ln110' <Predicate = true> <Delay = 0.00>
ST_4 : Operation 48 [1/1] (0.00ns)   --->   "%x_addr_6 = getelementptr i64 %x, i64 0, i64 %zext_ln110" [data/benchmarks/transposed_fft/transposed_fft.c:110]   --->   Operation 48 'getelementptr' 'x_addr_6' <Predicate = true> <Delay = 0.00>
ST_4 : Operation 49 [2/2] (1.20ns)   --->   "%x_load_6 = load i10 %x_addr_6" [data/benchmarks/transposed_fft/transposed_fft.c:110]   --->   Operation 49 'load' 'x_load_6' <Predicate = true> <Delay = 1.20> <CoreInst = "RAM">   --->   Core 83 'RAM' <Latency = 1> <II = 1> <Delay = 1.20> <Storage> <Opcode : 'load' 'store'> <Ports = 2> <Width = 64> <Depth = 576> <RAM>
ST_4 : Operation 50 [1/1] (0.72ns)   --->   "%add_ln111 = add i10 %offset_read, i10 56" [data/benchmarks/transposed_fft/transposed_fft.c:111]   --->   Operation 50 'add' 'add_ln111' <Predicate = true> <Delay = 0.72> <CoreInst = "Adder">   --->   Core 1 'Adder' <Latency = 0> <II = 1> <Delay = 0.72> <FuncUnit> <Opcode : 'add' 'sub'> <InPorts = 2> <OutPorts = 1>
ST_4 : Operation 51 [1/1] (0.00ns)   --->   "%zext_ln111 = zext i10 %add_ln111" [data/benchmarks/transposed_fft/transposed_fft.c:111]   --->   Operation 51 'zext' 'zext_ln111' <Predicate = true> <Delay = 0.00>
ST_4 : Operation 52 [1/1] (0.00ns)   --->   "%x_addr_7 = getelementptr i64 %x, i64 0, i64 %zext_ln111" [data/benchmarks/transposed_fft/transposed_fft.c:111]   --->   Operation 52 'getelementptr' 'x_addr_7' <Predicate = true> <Delay = 0.00>
ST_4 : Operation 53 [2/2] (1.20ns)   --->   "%x_load_7 = load i10 %x_addr_7" [data/benchmarks/transposed_fft/transposed_fft.c:111]   --->   Operation 53 'load' 'x_load_7' <Predicate = true> <Delay = 1.20> <CoreInst = "RAM">   --->   Core 83 'RAM' <Latency = 1> <II = 1> <Delay = 1.20> <Storage> <Opcode : 'load' 'store'> <Ports = 2> <Width = 64> <Depth = 576> <RAM>
ST_4 : Operation 54 [1/1] (0.71ns)   --->   "%store_ln108 = store i64 %x_load_4, i3 %a_y_addr_4" [data/benchmarks/transposed_fft/transposed_fft.c:108]   --->   Operation 54 'store' 'store_ln108' <Predicate = true> <Delay = 0.71> <CoreInst = "RAM">   --->   Core 83 'RAM' <Latency = 1> <II = 1> <Delay = 0.71> <Storage> <Opcode : 'load' 'store'> <Ports = 2> <Width = 64> <Depth = 8> <RAM>
ST_4 : Operation 55 [1/1] (0.71ns)   --->   "%store_ln109 = store i64 %x_load_5, i3 %a_y_addr_5" [data/benchmarks/transposed_fft/transposed_fft.c:109]   --->   Operation 55 'store' 'store_ln109' <Predicate = true> <Delay = 0.71> <CoreInst = "RAM">   --->   Core 83 'RAM' <Latency = 1> <II = 1> <Delay = 0.71> <Storage> <Opcode : 'load' 'store'> <Ports = 2> <Width = 64> <Depth = 8> <RAM>

State 5 <SV = 4> <Delay = 1.91>
ST_5 : Operation 56 [1/1] (0.00ns)   --->   "%specpipeline_ln104 = specpipeline void @_ssdm_op_SpecPipeline, i32 0, i32 0, i32 1, i32 0, void @empty_9" [data/benchmarks/transposed_fft/transposed_fft.c:104]   --->   Operation 56 'specpipeline' 'specpipeline_ln104' <Predicate = true> <Delay = 0.00>
ST_5 : Operation 57 [1/2] (1.20ns)   --->   "%x_load_6 = load i10 %x_addr_6" [data/benchmarks/transposed_fft/transposed_fft.c:110]   --->   Operation 57 'load' 'x_load_6' <Predicate = true> <Delay = 1.20> <CoreInst = "RAM">   --->   Core 83 'RAM' <Latency = 1> <II = 1> <Delay = 1.20> <Storage> <Opcode : 'load' 'store'> <Ports = 2> <Width = 64> <Depth = 576> <RAM>
ST_5 : Operation 58 [1/1] (0.00ns)   --->   "%a_y_addr_6 = getelementptr i64 %a_y, i64 0, i64 6" [data/benchmarks/transposed_fft/transposed_fft.c:110]   --->   Operation 58 'getelementptr' 'a_y_addr_6' <Predicate = true> <Delay = 0.00>
ST_5 : Operation 59 [1/2] (1.20ns)   --->   "%x_load_7 = load i10 %x_addr_7" [data/benchmarks/transposed_fft/transposed_fft.c:111]   --->   Operation 59 'load' 'x_load_7' <Predicate = true> <Delay = 1.20> <CoreInst = "RAM">   --->   Core 83 'RAM' <Latency = 1> <II = 1> <Delay = 1.20> <Storage> <Opcode : 'load' 'store'> <Ports = 2> <Width = 64> <Depth = 576> <RAM>
ST_5 : Operation 60 [1/1] (0.00ns)   --->   "%a_y_addr_7 = getelementptr i64 %a_y, i64 0, i64 7" [data/benchmarks/transposed_fft/transposed_fft.c:111]   --->   Operation 60 'getelementptr' 'a_y_addr_7' <Predicate = true> <Delay = 0.00>
ST_5 : Operation 61 [1/1] (0.71ns)   --->   "%store_ln110 = store i64 %x_load_6, i3 %a_y_addr_6" [data/benchmarks/transposed_fft/transposed_fft.c:110]   --->   Operation 61 'store' 'store_ln110' <Predicate = true> <Delay = 0.71> <CoreInst = "RAM">   --->   Core 83 'RAM' <Latency = 1> <II = 1> <Delay = 0.71> <Storage> <Opcode : 'load' 'store'> <Ports = 2> <Width = 64> <Depth = 8> <RAM>
ST_5 : Operation 62 [1/1] (0.71ns)   --->   "%store_ln111 = store i64 %x_load_7, i3 %a_y_addr_7" [data/benchmarks/transposed_fft/transposed_fft.c:111]   --->   Operation 62 'store' 'store_ln111' <Predicate = true> <Delay = 0.71> <CoreInst = "RAM">   --->   Core 83 'RAM' <Latency = 1> <II = 1> <Delay = 0.71> <Storage> <Opcode : 'load' 'store'> <Ports = 2> <Width = 64> <Depth = 8> <RAM>
ST_5 : Operation 63 [1/1] (0.00ns)   --->   "%ret_ln112 = ret" [data/benchmarks/transposed_fft/transposed_fft.c:112]   --->   Operation 63 'ret' 'ret_ln112' <Predicate = true> <Delay = 0.00>


============================================================
+ Verbose Summary: Binding
============================================================
STG Binding: 
---------------- STG Properties BEGIN ----------------
- Is combinational: 0
- Is one-state seq: 0
- Is datapath-only: 0
- Is pipelined: 0
- Is top level: 0
Port [ Return ] is wired: 1; IO mode=ap_ctrl_hs:ce=0
Port [ a_y]:  wired=1; compound=1; hidden=0; nouse=0; global=0; static=0; extern=0; dir=1; type=1; pingpong=0; private_global=0; MemPort=[00]; IO mode=ap_memory:ce=0
Port [ x]:  wired=1; compound=1; hidden=0; nouse=0; global=0; static=0; extern=0; dir=0; type=1; pingpong=0; private_global=0; MemPort=[11]; IO mode=ap_memory:ce=0
Port [ offset]:  wired=1; compound=0; hidden=0; nouse=0; global=0; static=0; extern=0; dir=0; type=0; pingpong=0; private_global=0; IO mode=ap_none:ce=0
---------------- STG Properties END ------------------

---------------- Datapath Model BEGIN ----------------

<LifeTime>
<method=bitvector/>
offset_read        (read         ) [ 001110]
zext_ln104         (zext         ) [ 000000]
x_addr             (getelementptr) [ 001000]
add_ln105          (add          ) [ 000000]
zext_ln105         (zext         ) [ 000000]
x_addr_1           (getelementptr) [ 001000]
a_y_addr           (getelementptr) [ 000000]
x_load             (load         ) [ 000000]
x_load_1           (load         ) [ 000000]
a_y_addr_1         (getelementptr) [ 000000]
add_ln106          (add          ) [ 000000]
zext_ln106         (zext         ) [ 000000]
x_addr_2           (getelementptr) [ 000100]
add_ln107          (add          ) [ 000000]
zext_ln107         (zext         ) [ 000000]
x_addr_3           (getelementptr) [ 000100]
store_ln104        (store        ) [ 000000]
store_ln105        (store        ) [ 000000]
x_load_2           (load         ) [ 000000]
a_y_addr_2         (getelementptr) [ 000000]
x_load_3           (load         ) [ 000000]
a_y_addr_3         (getelementptr) [ 000000]
add_ln108          (add          ) [ 000000]
zext_ln108         (zext         ) [ 000000]
x_addr_4           (getelementptr) [ 000010]
add_ln109          (add          ) [ 000000]
zext_ln109         (zext         ) [ 000000]
x_addr_5           (getelementptr) [ 000010]
store_ln106        (store        ) [ 000000]
store_ln107        (store        ) [ 000000]
x_load_4           (load         ) [ 000000]
a_y_addr_4         (getelementptr) [ 000000]
x_load_5           (load         ) [ 000000]
a_y_addr_5         (getelementptr) [ 000000]
add_ln110          (add          ) [ 000000]
zext_ln110         (zext         ) [ 000000]
x_addr_6           (getelementptr) [ 000001]
add_ln111          (add          ) [ 000000]
zext_ln111         (zext         ) [ 000000]
x_addr_7           (getelementptr) [ 000001]
store_ln108        (store        ) [ 000000]
store_ln109        (store        ) [ 000000]
specpipeline_ln104 (specpipeline ) [ 000000]
x_load_6           (load         ) [ 000000]
a_y_addr_6         (getelementptr) [ 000000]
x_load_7           (load         ) [ 000000]
a_y_addr_7         (getelementptr) [ 000000]
store_ln110        (store        ) [ 000000]
store_ln111        (store        ) [ 000000]
ret_ln112          (ret          ) [ 000000]
</LifeTime>

<model>

<comp_list>
<comp id="0" class="1000" name="a_y">
<pin_list>
<pin id="1" dir="1" index="0" bw="1" slack="0"/>
</pin_list>
<bind>
<StgValue><ssdm name="a_y"/><MemPortTyVec>0 0 </MemPortTyVec>
</StgValue>
</bind>
</comp>

<comp id="2" class="1000" name="x">
<pin_list>
<pin id="3" dir="1" index="0" bw="1" slack="0"/>
</pin_list>
<bind>
<StgValue><ssdm name="x"/><MemPortTyVec>1 1 </MemPortTyVec>
</StgValue>
</bind>
</comp>

<comp id="4" class="1000" name="offset">
<pin_list>
<pin id="5" dir="1" index="0" bw="1" slack="0"/>
</pin_list>
<bind>
<StgValue><ssdm name="offset"/></StgValue>
</bind>
</comp>

<comp id="6" class="1001" name="const_6">
<pin_list>
<pin id="7" dir="1" index="0" bw="1" slack="0"/>
</pin_list>
<bind>
<StgValue><ssdm name="_ssdm_op_Read.ap_auto.i10"/></StgValue>
</bind>
</comp>

<comp id="8" class="1001" name="const_8">
<pin_list>
<pin id="9" dir="1" index="0" bw="1" slack="0"/>
</pin_list>
<bind>
<StgValue><ssdm name=""/></StgValue>
</bind>
</comp>

<comp id="10" class="1001" name="const_10">
<pin_list>
<pin id="11" dir="1" index="0" bw="1" slack="0"/>
</pin_list>
<bind>
<StgValue><ssdm name=""/></StgValue>
</bind>
</comp>

<comp id="12" class="1001" name="const_12">
<pin_list>
<pin id="13" dir="1" index="0" bw="1" slack="0"/>
</pin_list>
<bind>
<StgValue><ssdm name=""/></StgValue>
</bind>
</comp>

<comp id="14" class="1001" name="const_14">
<pin_list>
<pin id="15" dir="1" index="0" bw="1" slack="0"/>
</pin_list>
<bind>
<StgValue><ssdm name=""/></StgValue>
</bind>
</comp>

<comp id="16" class="1001" name="const_16">
<pin_list>
<pin id="17" dir="1" index="0" bw="1" slack="0"/>
</pin_list>
<bind>
<StgValue><ssdm name=""/></StgValue>
</bind>
</comp>

<comp id="18" class="1001" name="const_18">
<pin_list>
<pin id="19" dir="1" index="0" bw="1" slack="0"/>
</pin_list>
<bind>
<StgValue><ssdm name=""/></StgValue>
</bind>
</comp>

<comp id="20" class="1001" name="const_20">
<pin_list>
<pin id="21" dir="1" index="0" bw="1" slack="0"/>
</pin_list>
<bind>
<StgValue><ssdm name=""/></StgValue>
</bind>
</comp>

<comp id="22" class="1001" name="const_22">
<pin_list>
<pin id="23" dir="1" index="0" bw="1" slack="0"/>
</pin_list>
<bind>
<StgValue><ssdm name=""/></StgValue>
</bind>
</comp>

<comp id="24" class="1001" name="const_24">
<pin_list>
<pin id="25" dir="1" index="0" bw="1" slack="0"/>
</pin_list>
<bind>
<StgValue><ssdm name=""/></StgValue>
</bind>
</comp>

<comp id="26" class="1001" name="const_26">
<pin_list>
<pin id="27" dir="1" index="0" bw="1" slack="0"/>
</pin_list>
<bind>
<StgValue><ssdm name=""/></StgValue>
</bind>
</comp>

<comp id="28" class="1001" name="const_28">
<pin_list>
<pin id="29" dir="1" index="0" bw="1" slack="0"/>
</pin_list>
<bind>
<StgValue><ssdm name=""/></StgValue>
</bind>
</comp>

<comp id="30" class="1001" name="const_30">
<pin_list>
<pin id="31" dir="1" index="0" bw="1" slack="0"/>
</pin_list>
<bind>
<StgValue><ssdm name=""/></StgValue>
</bind>
</comp>

<comp id="32" class="1001" name="const_32">
<pin_list>
<pin id="33" dir="1" index="0" bw="1" slack="0"/>
</pin_list>
<bind>
<StgValue><ssdm name=""/></StgValue>
</bind>
</comp>

<comp id="34" class="1001" name="const_34">
<pin_list>
<pin id="35" dir="1" index="0" bw="1" slack="2147483647"/>
</pin_list>
<bind>
<StgValue><ssdm name="_ssdm_op_SpecPipeline"/></StgValue>
</bind>
</comp>

<comp id="36" class="1001" name="const_36">
<pin_list>
<pin id="37" dir="1" index="0" bw="1" slack="2147483647"/>
</pin_list>
<bind>
<StgValue><ssdm name=""/></StgValue>
</bind>
</comp>

<comp id="38" class="1001" name="const_38">
<pin_list>
<pin id="39" dir="1" index="0" bw="1" slack="2147483647"/>
</pin_list>
<bind>
<StgValue><ssdm name=""/></StgValue>
</bind>
</comp>

<comp id="40" class="1001" name="const_40">
<pin_list>
<pin id="41" dir="1" index="0" bw="1" slack="2147483647"/>
</pin_list>
<bind>
<StgValue><ssdm name="empty_9"/></StgValue>
</bind>
</comp>

<comp id="42" class="1001" name="const_42">
<pin_list>
<pin id="43" dir="1" index="0" bw="1" slack="0"/>
</pin_list>
<bind>
<StgValue><ssdm name=""/></StgValue>
</bind>
</comp>

<comp id="44" class="1001" name="const_44">
<pin_list>
<pin id="45" dir="1" index="0" bw="1" slack="0"/>
</pin_list>
<bind>
<StgValue><ssdm name=""/></StgValue>
</bind>
</comp>

<comp id="46" class="1004" name="offset_read_read_fu_46">
<pin_list>
<pin id="47" dir="0" index="0" bw="10" slack="0"/>
<pin id="48" dir="0" index="1" bw="10" slack="0"/>
<pin id="49" dir="1" index="2" bw="10" slack="0"/>
</pin_list>
<bind>
<opcode="read(1150) " fcode="read"/>
<opset="offset_read/1 "/>
</bind>
</comp>

<comp id="52" class="1004" name="x_addr_gep_fu_52">
<pin_list>
<pin id="53" dir="0" index="0" bw="64" slack="0"/>
<pin id="54" dir="0" index="1" bw="1" slack="0"/>
<pin id="55" dir="0" index="2" bw="10" slack="0"/>
<pin id="56" dir="1" index="3" bw="10" slack="0"/>
</pin_list>
<bind>
<opcode="getelementptr(29) " fcode="getelementptr"/>
<opset="x_addr/1 "/>
</bind>
</comp>

<comp id="59" class="1004" name="grp_access_fu_59">
<pin_list>
<pin id="60" dir="0" index="0" bw="10" slack="0"/>
<pin id="61" dir="0" index="1" bw="64" slack="2147483647"/>
<pin id="62" dir="0" index="2" bw="0" slack="0"/>
<pin id="64" dir="0" index="4" bw="10" slack="2147483647"/>
<pin id="65" dir="0" index="5" bw="64" slack="2147483647"/>
<pin id="66" dir="0" index="6" bw="0" slack="2147483647"/>
<pin id="63" dir="1" index="3" bw="64" slack="0"/>
<pin id="67" dir="1" index="7" bw="64" slack="0"/>
</pin_list>
<bind>
<opcode="load(27) " fcode="load"/>
<opset="x_load/1 x_load_1/1 x_load_2/2 x_load_3/2 x_load_4/3 x_load_5/3 x_load_6/4 x_load_7/4 "/>
</bind>
</comp>

<comp id="69" class="1004" name="x_addr_1_gep_fu_69">
<pin_list>
<pin id="70" dir="0" index="0" bw="64" slack="0"/>
<pin id="71" dir="0" index="1" bw="1" slack="0"/>
<pin id="72" dir="0" index="2" bw="10" slack="0"/>
<pin id="73" dir="1" index="3" bw="10" slack="0"/>
</pin_list>
<bind>
<opcode="getelementptr(29) " fcode="getelementptr"/>
<opset="x_addr_1/1 "/>
</bind>
</comp>

<comp id="77" class="1004" name="a_y_addr_gep_fu_77">
<pin_list>
<pin id="78" dir="0" index="0" bw="64" slack="0"/>
<pin id="79" dir="0" index="1" bw="1" slack="0"/>
<pin id="80" dir="0" index="2" bw="1" slack="0"/>
<pin id="81" dir="1" index="3" bw="3" slack="0"/>
</pin_list>
<bind>
<opcode="getelementptr(29) " fcode="getelementptr"/>
<opset="a_y_addr/2 "/>
</bind>
</comp>

<comp id="85" class="1004" name="a_y_addr_1_gep_fu_85">
<pin_list>
<pin id="86" dir="0" index="0" bw="64" slack="0"/>
<pin id="87" dir="0" index="1" bw="1" slack="0"/>
<pin id="88" dir="0" index="2" bw="1" slack="0"/>
<pin id="89" dir="1" index="3" bw="3" slack="0"/>
</pin_list>
<bind>
<opcode="getelementptr(29) " fcode="getelementptr"/>
<opset="a_y_addr_1/2 "/>
</bind>
</comp>

<comp id="93" class="1004" name="x_addr_2_gep_fu_93">
<pin_list>
<pin id="94" dir="0" index="0" bw="64" slack="0"/>
<pin id="95" dir="0" index="1" bw="1" slack="0"/>
<pin id="96" dir="0" index="2" bw="10" slack="0"/>
<pin id="97" dir="1" index="3" bw="10" slack="0"/>
</pin_list>
<bind>
<opcode="getelementptr(29) " fcode="getelementptr"/>
<opset="x_addr_2/2 "/>
</bind>
</comp>

<comp id="101" class="1004" name="x_addr_3_gep_fu_101">
<pin_list>
<pin id="102" dir="0" index="0" bw="64" slack="0"/>
<pin id="103" dir="0" index="1" bw="1" slack="0"/>
<pin id="104" dir="0" index="2" bw="10" slack="0"/>
<pin id="105" dir="1" index="3" bw="10" slack="0"/>
</pin_list>
<bind>
<opcode="getelementptr(29) " fcode="getelementptr"/>
<opset="x_addr_3/2 "/>
</bind>
</comp>

<comp id="109" class="1004" name="grp_access_fu_109">
<pin_list>
<pin id="110" dir="0" index="0" bw="3" slack="0"/>
<pin id="111" dir="0" index="1" bw="64" slack="0"/>
<pin id="112" dir="0" index="2" bw="0" slack="0"/>
<pin id="114" dir="0" index="4" bw="3" slack="0"/>
<pin id="115" dir="0" index="5" bw="64" slack="2147483647"/>
<pin id="116" dir="0" index="6" bw="0" slack="2147483647"/>
<pin id="113" dir="1" index="3" bw="64" slack="2147483647"/>
<pin id="117" dir="1" index="7" bw="64" slack="2147483647"/>
</pin_list>
<bind>
<opcode="store(28) " fcode="store"/>
<opset="store_ln104/2 store_ln105/2 store_ln106/3 store_ln107/3 store_ln108/4 store_ln109/4 store_ln110/5 store_ln111/5 "/>
</bind>
</comp>

<comp id="122" class="1004" name="a_y_addr_2_gep_fu_122">
<pin_list>
<pin id="123" dir="0" index="0" bw="64" slack="0"/>
<pin id="124" dir="0" index="1" bw="1" slack="0"/>
<pin id="125" dir="0" index="2" bw="3" slack="0"/>
<pin id="126" dir="1" index="3" bw="3" slack="0"/>
</pin_list>
<bind>
<opcode="getelementptr(29) " fcode="getelementptr"/>
<opset="a_y_addr_2/3 "/>
</bind>
</comp>

<comp id="130" class="1004" name="a_y_addr_3_gep_fu_130">
<pin_list>
<pin id="131" dir="0" index="0" bw="64" slack="0"/>
<pin id="132" dir="0" index="1" bw="1" slack="0"/>
<pin id="133" dir="0" index="2" bw="3" slack="0"/>
<pin id="134" dir="1" index="3" bw="3" slack="0"/>
</pin_list>
<bind>
<opcode="getelementptr(29) " fcode="getelementptr"/>
<opset="a_y_addr_3/3 "/>
</bind>
</comp>

<comp id="138" class="1004" name="x_addr_4_gep_fu_138">
<pin_list>
<pin id="139" dir="0" index="0" bw="64" slack="0"/>
<pin id="140" dir="0" index="1" bw="1" slack="0"/>
<pin id="141" dir="0" index="2" bw="10" slack="0"/>
<pin id="142" dir="1" index="3" bw="10" slack="0"/>
</pin_list>
<bind>
<opcode="getelementptr(29) " fcode="getelementptr"/>
<opset="x_addr_4/3 "/>
</bind>
</comp>

<comp id="146" class="1004" name="x_addr_5_gep_fu_146">
<pin_list>
<pin id="147" dir="0" index="0" bw="64" slack="0"/>
<pin id="148" dir="0" index="1" bw="1" slack="0"/>
<pin id="149" dir="0" index="2" bw="10" slack="0"/>
<pin id="150" dir="1" index="3" bw="10" slack="0"/>
</pin_list>
<bind>
<opcode="getelementptr(29) " fcode="getelementptr"/>
<opset="x_addr_5/3 "/>
</bind>
</comp>

<comp id="156" class="1004" name="a_y_addr_4_gep_fu_156">
<pin_list>
<pin id="157" dir="0" index="0" bw="64" slack="0"/>
<pin id="158" dir="0" index="1" bw="1" slack="0"/>
<pin id="159" dir="0" index="2" bw="4" slack="0"/>
<pin id="160" dir="1" index="3" bw="3" slack="0"/>
</pin_list>
<bind>
<opcode="getelementptr(29) " fcode="getelementptr"/>
<opset="a_y_addr_4/4 "/>
</bind>
</comp>

<comp id="164" class="1004" name="a_y_addr_5_gep_fu_164">
<pin_list>
<pin id="165" dir="0" index="0" bw="64" slack="0"/>
<pin id="166" dir="0" index="1" bw="1" slack="0"/>
<pin id="167" dir="0" index="2" bw="4" slack="0"/>
<pin id="168" dir="1" index="3" bw="3" slack="0"/>
</pin_list>
<bind>
<opcode="getelementptr(29) " fcode="getelementptr"/>
<opset="a_y_addr_5/4 "/>
</bind>
</comp>

<comp id="172" class="1004" name="x_addr_6_gep_fu_172">
<pin_list>
<pin id="173" dir="0" index="0" bw="64" slack="0"/>
<pin id="174" dir="0" index="1" bw="1" slack="0"/>
<pin id="175" dir="0" index="2" bw="10" slack="0"/>
<pin id="176" dir="1" index="3" bw="10" slack="0"/>
</pin_list>
<bind>
<opcode="getelementptr(29) " fcode="getelementptr"/>
<opset="x_addr_6/4 "/>
</bind>
</comp>

<comp id="180" class="1004" name="x_addr_7_gep_fu_180">
<pin_list>
<pin id="181" dir="0" index="0" bw="64" slack="0"/>
<pin id="182" dir="0" index="1" bw="1" slack="0"/>
<pin id="183" dir="0" index="2" bw="10" slack="0"/>
<pin id="184" dir="1" index="3" bw="10" slack="0"/>
</pin_list>
<bind>
<opcode="getelementptr(29) " fcode="getelementptr"/>
<opset="x_addr_7/4 "/>
</bind>
</comp>

<comp id="190" class="1004" name="a_y_addr_6_gep_fu_190">
<pin_list>
<pin id="191" dir="0" index="0" bw="64" slack="0"/>
<pin id="192" dir="0" index="1" bw="1" slack="0"/>
<pin id="193" dir="0" index="2" bw="4" slack="0"/>
<pin id="194" dir="1" index="3" bw="3" slack="0"/>
</pin_list>
<bind>
<opcode="getelementptr(29) " fcode="getelementptr"/>
<opset="a_y_addr_6/5 "/>
</bind>
</comp>

<comp id="198" class="1004" name="a_y_addr_7_gep_fu_198">
<pin_list>
<pin id="199" dir="0" index="0" bw="64" slack="0"/>
<pin id="200" dir="0" index="1" bw="1" slack="0"/>
<pin id="201" dir="0" index="2" bw="4" slack="0"/>
<pin id="202" dir="1" index="3" bw="3" slack="0"/>
</pin_list>
<bind>
<opcode="getelementptr(29) " fcode="getelementptr"/>
<opset="a_y_addr_7/5 "/>
</bind>
</comp>

<comp id="208" class="1004" name="zext_ln104_fu_208">
<pin_list>
<pin id="209" dir="0" index="0" bw="10" slack="0"/>
<pin id="210" dir="1" index="1" bw="64" slack="0"/>
</pin_list>
<bind>
<opcode="zext(34) " fcode="zext"/>
<opset="zext_ln104/1 "/>
</bind>
</comp>

<comp id="213" class="1004" name="add_ln105_fu_213">
<pin_list>
<pin id="214" dir="0" index="0" bw="10" slack="0"/>
<pin id="215" dir="0" index="1" bw="5" slack="0"/>
<pin id="216" dir="1" index="2" bw="10" slack="0"/>
</pin_list>
<bind>
<opcode="add(8) " fcode="add"/>
<opset="add_ln105/1 "/>
</bind>
</comp>

<comp id="219" class="1004" name="zext_ln105_fu_219">
<pin_list>
<pin id="220" dir="0" index="0" bw="10" slack="0"/>
<pin id="221" dir="1" index="1" bw="64" slack="0"/>
</pin_list>
<bind>
<opcode="zext(34) " fcode="zext"/>
<opset="zext_ln105/1 "/>
</bind>
</comp>

<comp id="224" class="1004" name="add_ln106_fu_224">
<pin_list>
<pin id="225" dir="0" index="0" bw="10" slack="1"/>
<pin id="226" dir="0" index="1" bw="6" slack="0"/>
<pin id="227" dir="1" index="2" bw="10" slack="0"/>
</pin_list>
<bind>
<opcode="add(8) " fcode="add"/>
<opset="add_ln106/2 "/>
</bind>
</comp>

<comp id="229" class="1004" name="zext_ln106_fu_229">
<pin_list>
<pin id="230" dir="0" index="0" bw="10" slack="0"/>
<pin id="231" dir="1" index="1" bw="64" slack="0"/>
</pin_list>
<bind>
<opcode="zext(34) " fcode="zext"/>
<opset="zext_ln106/2 "/>
</bind>
</comp>

<comp id="234" class="1004" name="add_ln107_fu_234">
<pin_list>
<pin id="235" dir="0" index="0" bw="10" slack="1"/>
<pin id="236" dir="0" index="1" bw="6" slack="0"/>
<pin id="237" dir="1" index="2" bw="10" slack="0"/>
</pin_list>
<bind>
<opcode="add(8) " fcode="add"/>
<opset="add_ln107/2 "/>
</bind>
</comp>

<comp id="239" class="1004" name="zext_ln107_fu_239">
<pin_list>
<pin id="240" dir="0" index="0" bw="10" slack="0"/>
<pin id="241" dir="1" index="1" bw="64" slack="0"/>
</pin_list>
<bind>
<opcode="zext(34) " fcode="zext"/>
<opset="zext_ln107/2 "/>
</bind>
</comp>

<comp id="244" class="1004" name="add_ln108_fu_244">
<pin_list>
<pin id="245" dir="0" index="0" bw="10" slack="2"/>
<pin id="246" dir="0" index="1" bw="7" slack="0"/>
<pin id="247" dir="1" index="2" bw="10" slack="0"/>
</pin_list>
<bind>
<opcode="add(8) " fcode="add"/>
<opset="add_ln108/3 "/>
</bind>
</comp>

<comp id="249" class="1004" name="zext_ln108_fu_249">
<pin_list>
<pin id="250" dir="0" index="0" bw="10" slack="0"/>
<pin id="251" dir="1" index="1" bw="64" slack="0"/>
</pin_list>
<bind>
<opcode="zext(34) " fcode="zext"/>
<opset="zext_ln108/3 "/>
</bind>
</comp>

<comp id="254" class="1004" name="add_ln109_fu_254">
<pin_list>
<pin id="255" dir="0" index="0" bw="10" slack="2"/>
<pin id="256" dir="0" index="1" bw="7" slack="0"/>
<pin id="257" dir="1" index="2" bw="10" slack="0"/>
</pin_list>
<bind>
<opcode="add(8) " fcode="add"/>
<opset="add_ln109/3 "/>
</bind>
</comp>

<comp id="259" class="1004" name="zext_ln109_fu_259">
<pin_list>
<pin id="260" dir="0" index="0" bw="10" slack="0"/>
<pin id="261" dir="1" index="1" bw="64" slack="0"/>
</pin_list>
<bind>
<opcode="zext(34) " fcode="zext"/>
<opset="zext_ln109/3 "/>
</bind>
</comp>

<comp id="264" class="1004" name="add_ln110_fu_264">
<pin_list>
<pin id="265" dir="0" index="0" bw="10" slack="3"/>
<pin id="266" dir="0" index="1" bw="7" slack="0"/>
<pin id="267" dir="1" index="2" bw="10" slack="0"/>
</pin_list>
<bind>
<opcode="add(8) " fcode="add"/>
<opset="add_ln110/4 "/>
</bind>
</comp>

<comp id="269" class="1004" name="zext_ln110_fu_269">
<pin_list>
<pin id="270" dir="0" index="0" bw="10" slack="0"/>
<pin id="271" dir="1" index="1" bw="64" slack="0"/>
</pin_list>
<bind>
<opcode="zext(34) " fcode="zext"/>
<opset="zext_ln110/4 "/>
</bind>
</comp>

<comp id="274" class="1004" name="add_ln111_fu_274">
<pin_list>
<pin id="275" dir="0" index="0" bw="10" slack="3"/>
<pin id="276" dir="0" index="1" bw="7" slack="0"/>
<pin id="277" dir="1" index="2" bw="10" slack="0"/>
</pin_list>
<bind>
<opcode="add(8) " fcode="add"/>
<opset="add_ln111/4 "/>
</bind>
</comp>

<comp id="279" class="1004" name="zext_ln111_fu_279">
<pin_list>
<pin id="280" dir="0" index="0" bw="10" slack="0"/>
<pin id="281" dir="1" index="1" bw="64" slack="0"/>
</pin_list>
<bind>
<opcode="zext(34) " fcode="zext"/>
<opset="zext_ln111/4 "/>
</bind>
</comp>

<comp id="284" class="1005" name="offset_read_reg_284">
<pin_list>
<pin id="285" dir="0" index="0" bw="10" slack="1"/>
<pin id="286" dir="1" index="1" bw="10" slack="1"/>
</pin_list>
<bind>
<opset="offset_read "/>
</bind>
</comp>

<comp id="294" class="1005" name="x_addr_reg_294">
<pin_list>
<pin id="295" dir="0" index="0" bw="10" slack="1"/>
<pin id="296" dir="1" index="1" bw="10" slack="1"/>
</pin_list>
<bind>
<opset="x_addr "/>
</bind>
</comp>

<comp id="299" class="1005" name="x_addr_1_reg_299">
<pin_list>
<pin id="300" dir="0" index="0" bw="10" slack="1"/>
<pin id="301" dir="1" index="1" bw="10" slack="1"/>
</pin_list>
<bind>
<opset="x_addr_1 "/>
</bind>
</comp>

<comp id="304" class="1005" name="x_addr_2_reg_304">
<pin_list>
<pin id="305" dir="0" index="0" bw="10" slack="1"/>
<pin id="306" dir="1" index="1" bw="10" slack="1"/>
</pin_list>
<bind>
<opset="x_addr_2 "/>
</bind>
</comp>

<comp id="309" class="1005" name="x_addr_3_reg_309">
<pin_list>
<pin id="310" dir="0" index="0" bw="10" slack="1"/>
<pin id="311" dir="1" index="1" bw="10" slack="1"/>
</pin_list>
<bind>
<opset="x_addr_3 "/>
</bind>
</comp>

<comp id="314" class="1005" name="x_addr_4_reg_314">
<pin_list>
<pin id="315" dir="0" index="0" bw="10" slack="1"/>
<pin id="316" dir="1" index="1" bw="10" slack="1"/>
</pin_list>
<bind>
<opset="x_addr_4 "/>
</bind>
</comp>

<comp id="319" class="1005" name="x_addr_5_reg_319">
<pin_list>
<pin id="320" dir="0" index="0" bw="10" slack="1"/>
<pin id="321" dir="1" index="1" bw="10" slack="1"/>
</pin_list>
<bind>
<opset="x_addr_5 "/>
</bind>
</comp>

<comp id="324" class="1005" name="x_addr_6_reg_324">
<pin_list>
<pin id="325" dir="0" index="0" bw="10" slack="1"/>
<pin id="326" dir="1" index="1" bw="10" slack="1"/>
</pin_list>
<bind>
<opset="x_addr_6 "/>
</bind>
</comp>

<comp id="329" class="1005" name="x_addr_7_reg_329">
<pin_list>
<pin id="330" dir="0" index="0" bw="10" slack="1"/>
<pin id="331" dir="1" index="1" bw="10" slack="1"/>
</pin_list>
<bind>
<opset="x_addr_7 "/>
</bind>
</comp>

</comp_list>

<net_list>
<net id="50"><net_src comp="6" pin="0"/><net_sink comp="46" pin=0"/></net>

<net id="51"><net_src comp="4" pin="0"/><net_sink comp="46" pin=1"/></net>

<net id="57"><net_src comp="2" pin="0"/><net_sink comp="52" pin=0"/></net>

<net id="58"><net_src comp="8" pin="0"/><net_sink comp="52" pin=1"/></net>

<net id="68"><net_src comp="52" pin="3"/><net_sink comp="59" pin=2"/></net>

<net id="74"><net_src comp="2" pin="0"/><net_sink comp="69" pin=0"/></net>

<net id="75"><net_src comp="8" pin="0"/><net_sink comp="69" pin=1"/></net>

<net id="76"><net_src comp="69" pin="3"/><net_sink comp="59" pin=0"/></net>

<net id="82"><net_src comp="0" pin="0"/><net_sink comp="77" pin=0"/></net>

<net id="83"><net_src comp="8" pin="0"/><net_sink comp="77" pin=1"/></net>

<net id="84"><net_src comp="8" pin="0"/><net_sink comp="77" pin=2"/></net>

<net id="90"><net_src comp="0" pin="0"/><net_sink comp="85" pin=0"/></net>

<net id="91"><net_src comp="8" pin="0"/><net_sink comp="85" pin=1"/></net>

<net id="92"><net_src comp="12" pin="0"/><net_sink comp="85" pin=2"/></net>

<net id="98"><net_src comp="2" pin="0"/><net_sink comp="93" pin=0"/></net>

<net id="99"><net_src comp="8" pin="0"/><net_sink comp="93" pin=1"/></net>

<net id="100"><net_src comp="93" pin="3"/><net_sink comp="59" pin=2"/></net>

<net id="106"><net_src comp="2" pin="0"/><net_sink comp="101" pin=0"/></net>

<net id="107"><net_src comp="8" pin="0"/><net_sink comp="101" pin=1"/></net>

<net id="108"><net_src comp="101" pin="3"/><net_sink comp="59" pin=0"/></net>

<net id="118"><net_src comp="59" pin="7"/><net_sink comp="109" pin=4"/></net>

<net id="119"><net_src comp="77" pin="3"/><net_sink comp="109" pin=2"/></net>

<net id="120"><net_src comp="59" pin="3"/><net_sink comp="109" pin=1"/></net>

<net id="121"><net_src comp="85" pin="3"/><net_sink comp="109" pin=0"/></net>

<net id="127"><net_src comp="0" pin="0"/><net_sink comp="122" pin=0"/></net>

<net id="128"><net_src comp="8" pin="0"/><net_sink comp="122" pin=1"/></net>

<net id="129"><net_src comp="18" pin="0"/><net_sink comp="122" pin=2"/></net>

<net id="135"><net_src comp="0" pin="0"/><net_sink comp="130" pin=0"/></net>

<net id="136"><net_src comp="8" pin="0"/><net_sink comp="130" pin=1"/></net>

<net id="137"><net_src comp="20" pin="0"/><net_sink comp="130" pin=2"/></net>

<net id="143"><net_src comp="2" pin="0"/><net_sink comp="138" pin=0"/></net>

<net id="144"><net_src comp="8" pin="0"/><net_sink comp="138" pin=1"/></net>

<net id="145"><net_src comp="138" pin="3"/><net_sink comp="59" pin=2"/></net>

<net id="151"><net_src comp="2" pin="0"/><net_sink comp="146" pin=0"/></net>

<net id="152"><net_src comp="8" pin="0"/><net_sink comp="146" pin=1"/></net>

<net id="153"><net_src comp="146" pin="3"/><net_sink comp="59" pin=0"/></net>

<net id="154"><net_src comp="122" pin="3"/><net_sink comp="109" pin=2"/></net>

<net id="155"><net_src comp="130" pin="3"/><net_sink comp="109" pin=0"/></net>

<net id="161"><net_src comp="0" pin="0"/><net_sink comp="156" pin=0"/></net>

<net id="162"><net_src comp="8" pin="0"/><net_sink comp="156" pin=1"/></net>

<net id="163"><net_src comp="26" pin="0"/><net_sink comp="156" pin=2"/></net>

<net id="169"><net_src comp="0" pin="0"/><net_sink comp="164" pin=0"/></net>

<net id="170"><net_src comp="8" pin="0"/><net_sink comp="164" pin=1"/></net>

<net id="171"><net_src comp="28" pin="0"/><net_sink comp="164" pin=2"/></net>

<net id="177"><net_src comp="2" pin="0"/><net_sink comp="172" pin=0"/></net>

<net id="178"><net_src comp="8" pin="0"/><net_sink comp="172" pin=1"/></net>

<net id="179"><net_src comp="172" pin="3"/><net_sink comp="59" pin=2"/></net>

<net id="185"><net_src comp="2" pin="0"/><net_sink comp="180" pin=0"/></net>

<net id="186"><net_src comp="8" pin="0"/><net_sink comp="180" pin=1"/></net>

<net id="187"><net_src comp="180" pin="3"/><net_sink comp="59" pin=0"/></net>

<net id="188"><net_src comp="156" pin="3"/><net_sink comp="109" pin=2"/></net>

<net id="189"><net_src comp="164" pin="3"/><net_sink comp="109" pin=0"/></net>

<net id="195"><net_src comp="0" pin="0"/><net_sink comp="190" pin=0"/></net>

<net id="196"><net_src comp="8" pin="0"/><net_sink comp="190" pin=1"/></net>

<net id="197"><net_src comp="42" pin="0"/><net_sink comp="190" pin=2"/></net>

<net id="203"><net_src comp="0" pin="0"/><net_sink comp="198" pin=0"/></net>

<net id="204"><net_src comp="8" pin="0"/><net_sink comp="198" pin=1"/></net>

<net id="205"><net_src comp="44" pin="0"/><net_sink comp="198" pin=2"/></net>

<net id="206"><net_src comp="190" pin="3"/><net_sink comp="109" pin=2"/></net>

<net id="207"><net_src comp="198" pin="3"/><net_sink comp="109" pin=0"/></net>

<net id="211"><net_src comp="46" pin="2"/><net_sink comp="208" pin=0"/></net>

<net id="212"><net_src comp="208" pin="1"/><net_sink comp="52" pin=2"/></net>

<net id="217"><net_src comp="46" pin="2"/><net_sink comp="213" pin=0"/></net>

<net id="218"><net_src comp="10" pin="0"/><net_sink comp="213" pin=1"/></net>

<net id="222"><net_src comp="213" pin="2"/><net_sink comp="219" pin=0"/></net>

<net id="223"><net_src comp="219" pin="1"/><net_sink comp="69" pin=2"/></net>

<net id="228"><net_src comp="14" pin="0"/><net_sink comp="224" pin=1"/></net>

<net id="232"><net_src comp="224" pin="2"/><net_sink comp="229" pin=0"/></net>

<net id="233"><net_src comp="229" pin="1"/><net_sink comp="93" pin=2"/></net>

<net id="238"><net_src comp="16" pin="0"/><net_sink comp="234" pin=1"/></net>

<net id="242"><net_src comp="234" pin="2"/><net_sink comp="239" pin=0"/></net>

<net id="243"><net_src comp="239" pin="1"/><net_sink comp="101" pin=2"/></net>

<net id="248"><net_src comp="22" pin="0"/><net_sink comp="244" pin=1"/></net>

<net id="252"><net_src comp="244" pin="2"/><net_sink comp="249" pin=0"/></net>

<net id="253"><net_src comp="249" pin="1"/><net_sink comp="138" pin=2"/></net>

<net id="258"><net_src comp="24" pin="0"/><net_sink comp="254" pin=1"/></net>

<net id="262"><net_src comp="254" pin="2"/><net_sink comp="259" pin=0"/></net>

<net id="263"><net_src comp="259" pin="1"/><net_sink comp="146" pin=2"/></net>

<net id="268"><net_src comp="30" pin="0"/><net_sink comp="264" pin=1"/></net>

<net id="272"><net_src comp="264" pin="2"/><net_sink comp="269" pin=0"/></net>

<net id="273"><net_src comp="269" pin="1"/><net_sink comp="172" pin=2"/></net>

<net id="278"><net_src comp="32" pin="0"/><net_sink comp="274" pin=1"/></net>

<net id="282"><net_src comp="274" pin="2"/><net_sink comp="279" pin=0"/></net>

<net id="283"><net_src comp="279" pin="1"/><net_sink comp="180" pin=2"/></net>

<net id="287"><net_src comp="46" pin="2"/><net_sink comp="284" pin=0"/></net>

<net id="288"><net_src comp="284" pin="1"/><net_sink comp="224" pin=0"/></net>

<net id="289"><net_src comp="284" pin="1"/><net_sink comp="234" pin=0"/></net>

<net id="290"><net_src comp="284" pin="1"/><net_sink comp="244" pin=0"/></net>

<net id="291"><net_src comp="284" pin="1"/><net_sink comp="254" pin=0"/></net>

<net id="292"><net_src comp="284" pin="1"/><net_sink comp="264" pin=0"/></net>

<net id="293"><net_src comp="284" pin="1"/><net_sink comp="274" pin=0"/></net>

<net id="297"><net_src comp="52" pin="3"/><net_sink comp="294" pin=0"/></net>

<net id="298"><net_src comp="294" pin="1"/><net_sink comp="59" pin=2"/></net>

<net id="302"><net_src comp="69" pin="3"/><net_sink comp="299" pin=0"/></net>

<net id="303"><net_src comp="299" pin="1"/><net_sink comp="59" pin=0"/></net>

<net id="307"><net_src comp="93" pin="3"/><net_sink comp="304" pin=0"/></net>

<net id="308"><net_src comp="304" pin="1"/><net_sink comp="59" pin=2"/></net>

<net id="312"><net_src comp="101" pin="3"/><net_sink comp="309" pin=0"/></net>

<net id="313"><net_src comp="309" pin="1"/><net_sink comp="59" pin=0"/></net>

<net id="317"><net_src comp="138" pin="3"/><net_sink comp="314" pin=0"/></net>

<net id="318"><net_src comp="314" pin="1"/><net_sink comp="59" pin=2"/></net>

<net id="322"><net_src comp="146" pin="3"/><net_sink comp="319" pin=0"/></net>

<net id="323"><net_src comp="319" pin="1"/><net_sink comp="59" pin=0"/></net>

<net id="327"><net_src comp="172" pin="3"/><net_sink comp="324" pin=0"/></net>

<net id="328"><net_src comp="324" pin="1"/><net_sink comp="59" pin=2"/></net>

<net id="332"><net_src comp="180" pin="3"/><net_sink comp="329" pin=0"/></net>

<net id="333"><net_src comp="329" pin="1"/><net_sink comp="59" pin=0"/></net>

</net_list>

</model> 
---------------- Datapath Model END ------------------

* FSMD analyzer results:
  - Output states:
	Port: a_y | {2 3 4 5 }
 - Input state : 
	Port: loady8 : x | {1 2 3 4 5 }
	Port: loady8 : offset | {1 }
  - Chain level:
	State 1
		x_addr : 1
		x_load : 2
		zext_ln105 : 1
		x_addr_1 : 2
		x_load_1 : 3
	State 2
		zext_ln106 : 1
		x_addr_2 : 2
		x_load_2 : 3
		zext_ln107 : 1
		x_addr_3 : 2
		x_load_3 : 3
		store_ln104 : 1
		store_ln105 : 1
	State 3
		zext_ln108 : 1
		x_addr_4 : 2
		x_load_4 : 3
		zext_ln109 : 1
		x_addr_5 : 2
		x_load_5 : 3
		store_ln106 : 1
		store_ln107 : 1
	State 4
		zext_ln110 : 1
		x_addr_6 : 2
		x_load_6 : 3
		zext_ln111 : 1
		x_addr_7 : 2
		x_load_7 : 3
		store_ln108 : 1
		store_ln109 : 1
	State 5
		store_ln110 : 1
		store_ln111 : 1


============================================================
+ Verbose Summary: Datapath Resource usage 
============================================================

* Functional unit list:
|----------|------------------------|---------|---------|
| Operation|     Functional Unit    |    FF   |   LUT   |
|----------|------------------------|---------|---------|
|          |    add_ln105_fu_213    |    0    |    17   |
|          |    add_ln106_fu_224    |    0    |    17   |
|          |    add_ln107_fu_234    |    0    |    17   |
|    add   |    add_ln108_fu_244    |    0    |    17   |
|          |    add_ln109_fu_254    |    0    |    17   |
|          |    add_ln110_fu_264    |    0    |    17   |
|          |    add_ln111_fu_274    |    0    |    17   |
|----------|------------------------|---------|---------|
|   read   | offset_read_read_fu_46 |    0    |    0    |
|----------|------------------------|---------|---------|
|          |    zext_ln104_fu_208   |    0    |    0    |
|          |    zext_ln105_fu_219   |    0    |    0    |
|          |    zext_ln106_fu_229   |    0    |    0    |
|   zext   |    zext_ln107_fu_239   |    0    |    0    |
|          |    zext_ln108_fu_249   |    0    |    0    |
|          |    zext_ln109_fu_259   |    0    |    0    |
|          |    zext_ln110_fu_269   |    0    |    0    |
|          |    zext_ln111_fu_279   |    0    |    0    |
|----------|------------------------|---------|---------|
|   Total  |                        |    0    |   119   |
|----------|------------------------|---------|---------|

Memories:
N/A

* Register list:
+-------------------+--------+
|                   |   FF   |
+-------------------+--------+
|offset_read_reg_284|   10   |
|  x_addr_1_reg_299 |   10   |
|  x_addr_2_reg_304 |   10   |
|  x_addr_3_reg_309 |   10   |
|  x_addr_4_reg_314 |   10   |
|  x_addr_5_reg_319 |   10   |
|  x_addr_6_reg_324 |   10   |
|  x_addr_7_reg_329 |   10   |
|   x_addr_reg_294  |   10   |
+-------------------+--------+
|       Total       |   90   |
+-------------------+--------+

* Multiplexer (MUX) list: 
|-------------------|------|------|------|--------||---------||---------|
|        Comp       |  Pin | Size |  BW  | S x BW ||  Delay  ||   LUT   |
|-------------------|------|------|------|--------||---------||---------|
|  grp_access_fu_59 |  p0  |   8  |  10  |   80   ||    43   |
|  grp_access_fu_59 |  p2  |   8  |   0  |    0   ||    43   |
| grp_access_fu_109 |  p0  |   4  |   3  |   12   ||    20   |
| grp_access_fu_109 |  p2  |   4  |   0  |    0   ||    20   |
|-------------------|------|------|------|--------||---------||---------|
|       Total       |      |      |      |   92   || 2.07371 ||   126   |
|-------------------|------|------|------|--------||---------||---------|



* Summary:
+-----------+--------+--------+--------+
|           |  Delay |   FF   |   LUT  |
+-----------+--------+--------+--------+
|  Function |    -   |    0   |   119  |
|   Memory  |    -   |    -   |    -   |
|Multiplexer|    2   |    -   |   126  |
|  Register |    -   |   90   |    -   |
+-----------+--------+--------+--------+
|   Total   |    2   |   90   |   245  |
+-----------+--------+--------+--------+
