

================================================================
== Vitis HLS Report for 'adpcm_main_Pipeline_reset_label4'
================================================================
* Date:           Sun Jun 23 07:23:08 2024

* Version:        2023.2 (Build 4023990 on Oct 11 2023)
* Project:        adpcm
* Solution:       solution1 (Vivado IP Flow Target)
* Product family: zynq
* Target device:  xc7z020-clg400-1


================================================================
== Performance Estimates
================================================================
+ Timing: 
    * Summary: 
    +--------+---------+----------+------------+
    |  Clock |  Target | Estimated| Uncertainty|
    +--------+---------+----------+------------+
    |ap_clk  |  5.00 ns|  4.826 ns|     1.35 ns|
    +--------+---------+----------+------------+

+ Latency: 
    * Summary: 
    +---------+---------+-----------+-----------+-----+-----+---------+
    |  Latency (cycles) |   Latency (absolute)  |  Interval | Pipeline|
    |   min   |   max   |    min    |    max    | min | max |   Type  |
    +---------+---------+-----------+-----------+-----+-----+---------+
    |        8|        8|  40.000 ns|  40.000 ns|    8|    8|       no|
    +---------+---------+-----------+-----------+-----+-----+---------+

    + Detail: 
        * Instance: 
        N/A

        * Loop: 
        +----------------+---------+---------+----------+-----------+-----------+------+----------+
        |                |  Latency (cycles) | Iteration|  Initiation Interval  | Trip |          |
        |    Loop Name   |   min   |   max   |  Latency |  achieved |   target  | Count| Pipelined|
        +----------------+---------+---------+----------+-----------+-----------+------+----------+
        |- reset_label4  |        6|        6|         2|          1|          1|     6|       yes|
        +----------------+---------+---------+----------+-----------+-----------+------+----------+



================================================================
== Utilization Estimates
================================================================
* Summary: 
+-----------------+---------+-----+--------+-------+-----+
|       Name      | BRAM_18K| DSP |   FF   |  LUT  | URAM|
+-----------------+---------+-----+--------+-------+-----+
|DSP              |        -|    -|       -|      -|    -|
|Expression       |        -|    -|       0|     24|    -|
|FIFO             |        -|    -|       -|      -|    -|
|Instance         |        -|    -|       -|      -|    -|
|Memory           |        -|    -|       -|      -|    -|
|Multiplexer      |        -|    -|       -|     36|    -|
|Register         |        -|    -|       9|      -|    -|
+-----------------+---------+-----+--------+-------+-----+
|Total            |        0|    0|       9|     60|    0|
+-----------------+---------+-----+--------+-------+-----+
|Available        |      280|  220|  106400|  53200|    0|
+-----------------+---------+-----+--------+-------+-----+
|Utilization (%)  |        0|    0|      ~0|     ~0|    0|
+-----------------+---------+-----+--------+-------+-----+

+ Detail: 
    * Instance: 
    N/A

    * DSP: 
    N/A

    * Memory: 
    N/A

    * FIFO: 
    N/A

    * Expression: 
    +----------------------+----------+----+---+----+------------+------------+
    |     Variable Name    | Operation| DSP| FF| LUT| Bitwidth P0| Bitwidth P1|
    +----------------------+----------+----+---+----+------------+------------+
    |add_ln553_fu_112_p2   |         +|   0|  0|  11|           3|           1|
    |icmp_ln553_fu_106_p2  |      icmp|   0|  0|  11|           3|           3|
    |ap_enable_pp0         |       xor|   0|  0|   2|           1|           2|
    +----------------------+----------+----+---+----+------------+------------+
    |Total                 |          |   0|  0|  24|           7|           6|
    +----------------------+----------+----+---+----+------------+------------+

    * Multiplexer: 
    +-------------------------+----+-----------+-----+-----------+
    |           Name          | LUT| Input Size| Bits| Total Bits|
    +-------------------------+----+-----------+-----+-----------+
    |ap_done_int              |   9|          2|    1|          2|
    |ap_enable_reg_pp0_iter1  |   9|          2|    1|          2|
    |ap_sig_allocacmp_i_3     |   9|          2|    3|          6|
    |i_fu_38                  |   9|          2|    3|          6|
    +-------------------------+----+-----------+-----+-----------+
    |Total                    |  36|          8|    8|         16|
    +-------------------------+----+-----------+-----+-----------+

    * Register: 
    +-------------------------+---+----+-----+-----------+
    |           Name          | FF| LUT| Bits| Const Bits|
    +-------------------------+---+----+-----+-----------+
    |ap_CS_fsm                |  1|   0|    1|          0|
    |ap_done_reg              |  1|   0|    1|          0|
    |ap_enable_reg_pp0_iter1  |  1|   0|    1|          0|
    |i_3_reg_137              |  3|   0|    3|          0|
    |i_fu_38                  |  3|   0|    3|          0|
    +-------------------------+---+----+-----+-----------+
    |Total                    |  9|   0|    9|          0|
    +-------------------------+---+----+-----+-----------+



================================================================
== Interface
================================================================
* Summary: 
+-----------------------+-----+-----+------------+----------------------------------+--------------+
|       RTL Ports       | Dir | Bits|  Protocol  |           Source Object          |    C Type    |
+-----------------------+-----+-----+------------+----------------------------------+--------------+
|ap_clk                 |   in|    1|  ap_ctrl_hs|  adpcm_main_Pipeline_reset_label4|  return value|
|ap_rst                 |   in|    1|  ap_ctrl_hs|  adpcm_main_Pipeline_reset_label4|  return value|
|ap_start               |   in|    1|  ap_ctrl_hs|  adpcm_main_Pipeline_reset_label4|  return value|
|ap_done                |  out|    1|  ap_ctrl_hs|  adpcm_main_Pipeline_reset_label4|  return value|
|ap_idle                |  out|    1|  ap_ctrl_hs|  adpcm_main_Pipeline_reset_label4|  return value|
|ap_ready               |  out|    1|  ap_ctrl_hs|  adpcm_main_Pipeline_reset_label4|  return value|
|delay_dltx_address0    |  out|    3|   ap_memory|                        delay_dltx|         array|
|delay_dltx_ce0         |  out|    1|   ap_memory|                        delay_dltx|         array|
|delay_dltx_we0         |  out|    1|   ap_memory|                        delay_dltx|         array|
|delay_dltx_d0          |  out|   16|   ap_memory|                        delay_dltx|         array|
|delay_dhx_address0     |  out|    3|   ap_memory|                         delay_dhx|         array|
|delay_dhx_ce0          |  out|    1|   ap_memory|                         delay_dhx|         array|
|delay_dhx_we0          |  out|    1|   ap_memory|                         delay_dhx|         array|
|delay_dhx_d0           |  out|   14|   ap_memory|                         delay_dhx|         array|
|dec_del_dltx_address0  |  out|    3|   ap_memory|                      dec_del_dltx|         array|
|dec_del_dltx_ce0       |  out|    1|   ap_memory|                      dec_del_dltx|         array|
|dec_del_dltx_we0       |  out|    1|   ap_memory|                      dec_del_dltx|         array|
|dec_del_dltx_d0        |  out|   16|   ap_memory|                      dec_del_dltx|         array|
|dec_del_dhx_address0   |  out|    3|   ap_memory|                       dec_del_dhx|         array|
|dec_del_dhx_ce0        |  out|    1|   ap_memory|                       dec_del_dhx|         array|
|dec_del_dhx_we0        |  out|    1|   ap_memory|                       dec_del_dhx|         array|
|dec_del_dhx_d0         |  out|   14|   ap_memory|                       dec_del_dhx|         array|
+-----------------------+-----+-----+------------+----------------------------------+--------------+

