

================================================================
== Vitis HLS Report for 'fft1D_512_Pipeline_twiddles1'
================================================================
* Date:           Wed Jul  2 18:53:24 2025

* Version:        2023.2 (Build 4023990 on Oct 11 2023)
* Project:        TRANS_FFT
* Solution:       solution0 (Vivado IP Flow Target)
* Product family: virtexuplusHBM
* Target device:  xcu50-fsvh2104-2-e


================================================================
== Performance Estimates
================================================================
+ Timing: 
    * Summary: 
    +--------+---------+----------+------------+
    |  Clock |  Target | Estimated| Uncertainty|
    +--------+---------+----------+------------+
    |ap_clk  |  8.00 ns|  5.558 ns|     2.16 ns|
    +--------+---------+----------+------------+

+ Latency: 
    * Summary: 
    +---------+---------+----------+----------+-----+-----+---------+
    |  Latency (cycles) |  Latency (absolute) |  Interval | Pipeline|
    |   min   |   max   |    min   |    max   | min | max |   Type  |
    +---------+---------+----------+----------+-----+-----+---------+
    |       39|       39|  0.312 us|  0.312 us|   39|   39|       no|
    +---------+---------+----------+----------+-----+-----+---------+

    + Detail: 
        * Instance: 
        +--------------------------------+---------------------+---------+---------+-----------+-----------+-----+-----+---------+
        |                                |                     |  Latency (cycles) |   Latency (absolute)  |  Interval | Pipeline|
        |            Instance            |        Module       |   min   |   max   |    min    |    max    | min | max |   Type  |
        +--------------------------------+---------------------+---------+---------+-----------+-----------+-----+-----+---------+
        |grp_sin_or_cos_double_s_fu_111  |sin_or_cos_double_s  |        8|        8|  64.000 ns|  64.000 ns|    1|    1|      yes|
        |grp_sin_or_cos_double_s_fu_130  |sin_or_cos_double_s  |        8|        8|  64.000 ns|  64.000 ns|    1|    1|      yes|
        +--------------------------------+---------------------+---------+---------+-----------+-----------+-----+-----+---------+

        * Loop: 
        +------------+---------+---------+----------+-----------+-----------+------+----------+
        |            |  Latency (cycles) | Iteration|  Initiation Interval  | Trip |          |
        |  Loop Name |   min   |   max   |  Latency |  achieved |   target  | Count| Pipelined|
        +------------+---------+---------+----------+-----------+-----------+------+----------+
        |- twiddles  |       37|       37|        32|          1|          1|     7|       yes|
        +------------+---------+---------+----------+-----------+-----------+------+----------+



================================================================
== Utilization Estimates
================================================================
* Summary: 
+---------------------+---------+------+---------+--------+-----+
|         Name        | BRAM_18K|  DSP |    FF   |   LUT  | URAM|
+---------------------+---------+------+---------+--------+-----+
|DSP                  |        -|     -|        -|       -|    -|
|Expression           |        -|     -|        0|      26|    -|
|FIFO                 |        -|     -|        -|       -|    -|
|Instance             |        -|     -|        -|       -|    -|
|Memory               |        -|     -|        -|       -|    -|
|Multiplexer          |        -|     -|        -|      36|    -|
|Register             |        -|     -|      908|      96|    -|
+---------------------+---------+------+---------+--------+-----+
|Total                |        0|     0|      908|     158|    0|
+---------------------+---------+------+---------+--------+-----+
|Available SLR        |     1344|  2976|   871680|  435840|  320|
+---------------------+---------+------+---------+--------+-----+
|Utilization SLR (%)  |        0|     0|       ~0|      ~0|    0|
+---------------------+---------+------+---------+--------+-----+
|Available            |     2688|  5952|  1743360|  871680|  640|
+---------------------+---------+------+---------+--------+-----+
|Utilization (%)      |        0|     0|       ~0|      ~0|    0|
+---------------------+---------+------+---------+--------+-----+

+ Detail: 
    * Instance: 
    N/A

    * DSP: 
    N/A

    * Memory: 
    N/A

    * FIFO: 
    N/A

    * Expression: 
    +---------------------+----------+----+---+----+------------+------------+
    |    Variable Name    | Operation| DSP| FF| LUT| Bitwidth P0| Bitwidth P1|
    +---------------------+----------+----+---+----+------------+------------+
    |add_ln28_fu_218_p2   |         +|   0|  0|  12|           4|           1|
    |icmp_ln28_fu_205_p2  |      icmp|   0|  0|  12|           4|           5|
    |ap_enable_pp0        |       xor|   0|  0|   2|           1|           2|
    +---------------------+----------+----+---+----+------------+------------+
    |Total                |          |   0|  0|  26|           9|           8|
    +---------------------+----------+----+---+----+------------+------------+

    * Multiplexer: 
    +-------------------------+----+-----------+-----+-----------+
    |           Name          | LUT| Input Size| Bits| Total Bits|
    +-------------------------+----+-----------+-----+-----------+
    |ap_done_int              |   9|          2|    1|          2|
    |ap_enable_reg_pp0_iter1  |   9|          2|    1|          2|
    |ap_sig_allocacmp_j_1     |   9|          2|    4|          8|
    |j_fu_56                  |   9|          2|    4|          8|
    +-------------------------+----+-----------+-----+-----------+
    |Total                    |  36|          8|   10|         20|
    +-------------------------+----+-----------+-----+-----------+

    * Register: 
    +---------------------------------------------+----+----+-----+-----------+
    |                     Name                    | FF | LUT| Bits| Const Bits|
    +---------------------------------------------+----+----+-----+-----------+
    |ap_CS_fsm                                    |   1|   0|    1|          0|
    |ap_done_reg                                  |   1|   0|    1|          0|
    |ap_enable_reg_pp0_iter1                      |   1|   0|    1|          0|
    |ap_enable_reg_pp0_iter10                     |   1|   0|    1|          0|
    |ap_enable_reg_pp0_iter11                     |   1|   0|    1|          0|
    |ap_enable_reg_pp0_iter12                     |   1|   0|    1|          0|
    |ap_enable_reg_pp0_iter13                     |   1|   0|    1|          0|
    |ap_enable_reg_pp0_iter14                     |   1|   0|    1|          0|
    |ap_enable_reg_pp0_iter15                     |   1|   0|    1|          0|
    |ap_enable_reg_pp0_iter16                     |   1|   0|    1|          0|
    |ap_enable_reg_pp0_iter17                     |   1|   0|    1|          0|
    |ap_enable_reg_pp0_iter18                     |   1|   0|    1|          0|
    |ap_enable_reg_pp0_iter19                     |   1|   0|    1|          0|
    |ap_enable_reg_pp0_iter2                      |   1|   0|    1|          0|
    |ap_enable_reg_pp0_iter20                     |   1|   0|    1|          0|
    |ap_enable_reg_pp0_iter21                     |   1|   0|    1|          0|
    |ap_enable_reg_pp0_iter22                     |   1|   0|    1|          0|
    |ap_enable_reg_pp0_iter23                     |   1|   0|    1|          0|
    |ap_enable_reg_pp0_iter24                     |   1|   0|    1|          0|
    |ap_enable_reg_pp0_iter25                     |   1|   0|    1|          0|
    |ap_enable_reg_pp0_iter26                     |   1|   0|    1|          0|
    |ap_enable_reg_pp0_iter27                     |   1|   0|    1|          0|
    |ap_enable_reg_pp0_iter28                     |   1|   0|    1|          0|
    |ap_enable_reg_pp0_iter29                     |   1|   0|    1|          0|
    |ap_enable_reg_pp0_iter3                      |   1|   0|    1|          0|
    |ap_enable_reg_pp0_iter30                     |   1|   0|    1|          0|
    |ap_enable_reg_pp0_iter31                     |   1|   0|    1|          0|
    |ap_enable_reg_pp0_iter4                      |   1|   0|    1|          0|
    |ap_enable_reg_pp0_iter5                      |   1|   0|    1|          0|
    |ap_enable_reg_pp0_iter6                      |   1|   0|    1|          0|
    |ap_enable_reg_pp0_iter7                      |   1|   0|    1|          0|
    |ap_enable_reg_pp0_iter8                      |   1|   0|    1|          0|
    |ap_enable_reg_pp0_iter9                      |   1|   0|    1|          0|
    |ap_loop_exit_ready_pp0_iter10_reg            |   1|   0|    1|          0|
    |ap_loop_exit_ready_pp0_iter11_reg            |   1|   0|    1|          0|
    |ap_loop_exit_ready_pp0_iter12_reg            |   1|   0|    1|          0|
    |ap_loop_exit_ready_pp0_iter13_reg            |   1|   0|    1|          0|
    |ap_loop_exit_ready_pp0_iter14_reg            |   1|   0|    1|          0|
    |ap_loop_exit_ready_pp0_iter15_reg            |   1|   0|    1|          0|
    |ap_loop_exit_ready_pp0_iter16_reg            |   1|   0|    1|          0|
    |ap_loop_exit_ready_pp0_iter17_reg            |   1|   0|    1|          0|
    |ap_loop_exit_ready_pp0_iter18_reg            |   1|   0|    1|          0|
    |ap_loop_exit_ready_pp0_iter19_reg            |   1|   0|    1|          0|
    |ap_loop_exit_ready_pp0_iter1_reg             |   1|   0|    1|          0|
    |ap_loop_exit_ready_pp0_iter20_reg            |   1|   0|    1|          0|
    |ap_loop_exit_ready_pp0_iter21_reg            |   1|   0|    1|          0|
    |ap_loop_exit_ready_pp0_iter22_reg            |   1|   0|    1|          0|
    |ap_loop_exit_ready_pp0_iter23_reg            |   1|   0|    1|          0|
    |ap_loop_exit_ready_pp0_iter24_reg            |   1|   0|    1|          0|
    |ap_loop_exit_ready_pp0_iter25_reg            |   1|   0|    1|          0|
    |ap_loop_exit_ready_pp0_iter26_reg            |   1|   0|    1|          0|
    |ap_loop_exit_ready_pp0_iter27_reg            |   1|   0|    1|          0|
    |ap_loop_exit_ready_pp0_iter28_reg            |   1|   0|    1|          0|
    |ap_loop_exit_ready_pp0_iter29_reg            |   1|   0|    1|          0|
    |ap_loop_exit_ready_pp0_iter2_reg             |   1|   0|    1|          0|
    |ap_loop_exit_ready_pp0_iter30_reg            |   1|   0|    1|          0|
    |ap_loop_exit_ready_pp0_iter3_reg             |   1|   0|    1|          0|
    |ap_loop_exit_ready_pp0_iter4_reg             |   1|   0|    1|          0|
    |ap_loop_exit_ready_pp0_iter5_reg             |   1|   0|    1|          0|
    |ap_loop_exit_ready_pp0_iter6_reg             |   1|   0|    1|          0|
    |ap_loop_exit_ready_pp0_iter7_reg             |   1|   0|    1|          0|
    |ap_loop_exit_ready_pp0_iter8_reg             |   1|   0|    1|          0|
    |ap_loop_exit_ready_pp0_iter9_reg             |   1|   0|    1|          0|
    |conv_i1_reg_267                              |  64|   0|   64|          0|
    |data_x_addr_reg_250                          |   3|   0|    3|          0|
    |data_y_addr_reg_256                          |   3|   0|    3|          0|
    |div_i1_reg_277                               |  64|   0|   64|          0|
    |grp_sin_or_cos_double_s_fu_111_ap_start_reg  |   1|   0|    1|          0|
    |grp_sin_or_cos_double_s_fu_130_ap_start_reg  |   1|   0|    1|          0|
    |icmp_ln28_reg_241                            |   1|   0|    1|          0|
    |j_fu_56                                      |   4|   0|    4|          0|
    |mul11_i1_reg_317                             |  64|   0|   64|          0|
    |mul14_i1_reg_322                             |  64|   0|   64|          0|
    |mul17_i1_reg_327                             |  64|   0|   64|          0|
    |mul8_i1_reg_312                              |  64|   0|   64|          0|
    |mul_i1_reg_272                               |  64|   0|   64|          0|
    |phi_reg_282                                  |  64|   0|   64|          0|
    |phi_x_reg_288                                |  64|   0|   64|          0|
    |phi_y_reg_294                                |  64|   0|   64|          0|
    |data_x_addr_reg_250                          |  64|  32|    3|          0|
    |data_y_addr_reg_256                          |  64|  32|    3|          0|
    |icmp_ln28_reg_241                            |  64|  32|    1|          0|
    +---------------------------------------------+----+----+-----+-----------+
    |Total                                        | 908|  96|  723|          0|
    +---------------------------------------------+----+----+-----+-----------+



================================================================
== Interface
================================================================
* Summary: 
+-----------------------------------------+-----+-----+------------+------------------------------+--------------+
|                RTL Ports                | Dir | Bits|  Protocol  |         Source Object        |    C Type    |
+-----------------------------------------+-----+-----+------------+------------------------------+--------------+
|ap_clk                                   |   in|    1|  ap_ctrl_hs|  fft1D_512_Pipeline_twiddles1|  return value|
|ap_rst                                   |   in|    1|  ap_ctrl_hs|  fft1D_512_Pipeline_twiddles1|  return value|
|ap_start                                 |   in|    1|  ap_ctrl_hs|  fft1D_512_Pipeline_twiddles1|  return value|
|ap_done                                  |  out|    1|  ap_ctrl_hs|  fft1D_512_Pipeline_twiddles1|  return value|
|ap_idle                                  |  out|    1|  ap_ctrl_hs|  fft1D_512_Pipeline_twiddles1|  return value|
|ap_ready                                 |  out|    1|  ap_ctrl_hs|  fft1D_512_Pipeline_twiddles1|  return value|
|grp_fu_2047_p_din0                       |  out|   64|  ap_ctrl_hs|  fft1D_512_Pipeline_twiddles1|  return value|
|grp_fu_2047_p_din1                       |  out|   64|  ap_ctrl_hs|  fft1D_512_Pipeline_twiddles1|  return value|
|grp_fu_2047_p_opcode                     |  out|    1|  ap_ctrl_hs|  fft1D_512_Pipeline_twiddles1|  return value|
|grp_fu_2047_p_dout0                      |   in|   64|  ap_ctrl_hs|  fft1D_512_Pipeline_twiddles1|  return value|
|grp_fu_2047_p_ce                         |  out|    1|  ap_ctrl_hs|  fft1D_512_Pipeline_twiddles1|  return value|
|grp_fu_2051_p_din0                       |  out|   64|  ap_ctrl_hs|  fft1D_512_Pipeline_twiddles1|  return value|
|grp_fu_2051_p_din1                       |  out|   64|  ap_ctrl_hs|  fft1D_512_Pipeline_twiddles1|  return value|
|grp_fu_2051_p_opcode                     |  out|    1|  ap_ctrl_hs|  fft1D_512_Pipeline_twiddles1|  return value|
|grp_fu_2051_p_dout0                      |   in|   64|  ap_ctrl_hs|  fft1D_512_Pipeline_twiddles1|  return value|
|grp_fu_2051_p_ce                         |  out|    1|  ap_ctrl_hs|  fft1D_512_Pipeline_twiddles1|  return value|
|grp_fu_2105_p_din0                       |  out|   64|  ap_ctrl_hs|  fft1D_512_Pipeline_twiddles1|  return value|
|grp_fu_2105_p_din1                       |  out|   64|  ap_ctrl_hs|  fft1D_512_Pipeline_twiddles1|  return value|
|grp_fu_2105_p_dout0                      |   in|   64|  ap_ctrl_hs|  fft1D_512_Pipeline_twiddles1|  return value|
|grp_fu_2105_p_ce                         |  out|    1|  ap_ctrl_hs|  fft1D_512_Pipeline_twiddles1|  return value|
|grp_fu_2110_p_din0                       |  out|   64|  ap_ctrl_hs|  fft1D_512_Pipeline_twiddles1|  return value|
|grp_fu_2110_p_din1                       |  out|   64|  ap_ctrl_hs|  fft1D_512_Pipeline_twiddles1|  return value|
|grp_fu_2110_p_dout0                      |   in|   64|  ap_ctrl_hs|  fft1D_512_Pipeline_twiddles1|  return value|
|grp_fu_2110_p_ce                         |  out|    1|  ap_ctrl_hs|  fft1D_512_Pipeline_twiddles1|  return value|
|grp_fu_2117_p_din0                       |  out|   64|  ap_ctrl_hs|  fft1D_512_Pipeline_twiddles1|  return value|
|grp_fu_2117_p_din1                       |  out|   64|  ap_ctrl_hs|  fft1D_512_Pipeline_twiddles1|  return value|
|grp_fu_2117_p_dout0                      |   in|   64|  ap_ctrl_hs|  fft1D_512_Pipeline_twiddles1|  return value|
|grp_fu_2117_p_ce                         |  out|    1|  ap_ctrl_hs|  fft1D_512_Pipeline_twiddles1|  return value|
|grp_fu_2122_p_din0                       |  out|   64|  ap_ctrl_hs|  fft1D_512_Pipeline_twiddles1|  return value|
|grp_fu_2122_p_din1                       |  out|   64|  ap_ctrl_hs|  fft1D_512_Pipeline_twiddles1|  return value|
|grp_fu_2122_p_dout0                      |   in|   64|  ap_ctrl_hs|  fft1D_512_Pipeline_twiddles1|  return value|
|grp_fu_2122_p_ce                         |  out|    1|  ap_ctrl_hs|  fft1D_512_Pipeline_twiddles1|  return value|
|grp_fu_2127_p_din0                       |  out|   64|  ap_ctrl_hs|  fft1D_512_Pipeline_twiddles1|  return value|
|grp_fu_2127_p_din1                       |  out|   64|  ap_ctrl_hs|  fft1D_512_Pipeline_twiddles1|  return value|
|grp_fu_2127_p_dout0                      |   in|   64|  ap_ctrl_hs|  fft1D_512_Pipeline_twiddles1|  return value|
|grp_fu_2127_p_ce                         |  out|    1|  ap_ctrl_hs|  fft1D_512_Pipeline_twiddles1|  return value|
|grp_fu_2132_p_din0                       |  out|   64|  ap_ctrl_hs|  fft1D_512_Pipeline_twiddles1|  return value|
|grp_fu_2132_p_din1                       |  out|   64|  ap_ctrl_hs|  fft1D_512_Pipeline_twiddles1|  return value|
|grp_fu_2132_p_dout0                      |   in|   64|  ap_ctrl_hs|  fft1D_512_Pipeline_twiddles1|  return value|
|grp_fu_2132_p_ce                         |  out|    1|  ap_ctrl_hs|  fft1D_512_Pipeline_twiddles1|  return value|
|grp_fu_6909_p_din0                       |  out|   64|  ap_ctrl_hs|  fft1D_512_Pipeline_twiddles1|  return value|
|grp_fu_6909_p_din1                       |  out|   64|  ap_ctrl_hs|  fft1D_512_Pipeline_twiddles1|  return value|
|grp_fu_6909_p_dout0                      |   in|   64|  ap_ctrl_hs|  fft1D_512_Pipeline_twiddles1|  return value|
|grp_fu_6909_p_ce                         |  out|    1|  ap_ctrl_hs|  fft1D_512_Pipeline_twiddles1|  return value|
|grp_fu_6913_p_din0                       |  out|   32|  ap_ctrl_hs|  fft1D_512_Pipeline_twiddles1|  return value|
|grp_fu_6913_p_dout0                      |   in|   64|  ap_ctrl_hs|  fft1D_512_Pipeline_twiddles1|  return value|
|grp_fu_6913_p_ce                         |  out|    1|  ap_ctrl_hs|  fft1D_512_Pipeline_twiddles1|  return value|
|grp_sin_or_cos_double_s_fu_6916_p_din1   |  out|   64|  ap_ctrl_hs|  fft1D_512_Pipeline_twiddles1|  return value|
|grp_sin_or_cos_double_s_fu_6916_p_din2   |  out|    1|  ap_ctrl_hs|  fft1D_512_Pipeline_twiddles1|  return value|
|grp_sin_or_cos_double_s_fu_6916_p_dout0  |   in|   64|  ap_ctrl_hs|  fft1D_512_Pipeline_twiddles1|  return value|
|grp_sin_or_cos_double_s_fu_6916_p_start  |  out|    1|  ap_ctrl_hs|  fft1D_512_Pipeline_twiddles1|  return value|
|grp_sin_or_cos_double_s_fu_6916_p_ready  |   in|    1|  ap_ctrl_hs|  fft1D_512_Pipeline_twiddles1|  return value|
|grp_sin_or_cos_double_s_fu_6916_p_done   |   in|    1|  ap_ctrl_hs|  fft1D_512_Pipeline_twiddles1|  return value|
|grp_sin_or_cos_double_s_fu_6916_p_idle   |   in|    1|  ap_ctrl_hs|  fft1D_512_Pipeline_twiddles1|  return value|
|grp_sin_or_cos_double_s_fu_6927_p_din1   |  out|   64|  ap_ctrl_hs|  fft1D_512_Pipeline_twiddles1|  return value|
|grp_sin_or_cos_double_s_fu_6927_p_din2   |  out|    1|  ap_ctrl_hs|  fft1D_512_Pipeline_twiddles1|  return value|
|grp_sin_or_cos_double_s_fu_6927_p_dout0  |   in|   64|  ap_ctrl_hs|  fft1D_512_Pipeline_twiddles1|  return value|
|grp_sin_or_cos_double_s_fu_6927_p_start  |  out|    1|  ap_ctrl_hs|  fft1D_512_Pipeline_twiddles1|  return value|
|grp_sin_or_cos_double_s_fu_6927_p_ready  |   in|    1|  ap_ctrl_hs|  fft1D_512_Pipeline_twiddles1|  return value|
|grp_sin_or_cos_double_s_fu_6927_p_done   |   in|    1|  ap_ctrl_hs|  fft1D_512_Pipeline_twiddles1|  return value|
|grp_sin_or_cos_double_s_fu_6927_p_idle   |   in|    1|  ap_ctrl_hs|  fft1D_512_Pipeline_twiddles1|  return value|
|conv2_i1                                 |   in|   64|     ap_none|                      conv2_i1|        scalar|
|data_x_address0                          |  out|    3|   ap_memory|                        data_x|         array|
|data_x_ce0                               |  out|    1|   ap_memory|                        data_x|         array|
|data_x_we0                               |  out|    1|   ap_memory|                        data_x|         array|
|data_x_d0                                |  out|   64|   ap_memory|                        data_x|         array|
|data_x_address1                          |  out|    3|   ap_memory|                        data_x|         array|
|data_x_ce1                               |  out|    1|   ap_memory|                        data_x|         array|
|data_x_q1                                |   in|   64|   ap_memory|                        data_x|         array|
|data_y_address0                          |  out|    3|   ap_memory|                        data_y|         array|
|data_y_ce0                               |  out|    1|   ap_memory|                        data_y|         array|
|data_y_we0                               |  out|    1|   ap_memory|                        data_y|         array|
|data_y_d0                                |  out|   64|   ap_memory|                        data_y|         array|
|data_y_address1                          |  out|    3|   ap_memory|                        data_y|         array|
|data_y_ce1                               |  out|    1|   ap_memory|                        data_y|         array|
|data_y_q1                                |   in|   64|   ap_memory|                        data_y|         array|
|twiddles8_reversed8_address0             |  out|    3|   ap_memory|           twiddles8_reversed8|         array|
|twiddles8_reversed8_ce0                  |  out|    1|   ap_memory|           twiddles8_reversed8|         array|
|twiddles8_reversed8_q0                   |   in|   32|   ap_memory|           twiddles8_reversed8|         array|
+-----------------------------------------+-----+-----+------------+------------------------------+--------------+

