

================================================================
== Vitis HLS Report for 'cascadeClassifier_Pipeline_VITIS_LOOP_379_1'
================================================================
* Date:           Mon Jun 17 16:50:00 2024

* Version:        2023.2 (Build 4023990 on Oct 11 2023)
* Project:        face_detect_ahls
* Solution:       solution1 (Vivado IP Flow Target)
* Product family: virtexuplusHBM
* Target device:  xcvu35p-fsvh2104-1-e


================================================================
== Performance Estimates
================================================================
+ Timing: 
    * Summary: 
    +--------+---------+----------+------------+
    |  Clock |  Target | Estimated| Uncertainty|
    +--------+---------+----------+------------+
    |ap_clk  |  5.00 ns|  2.090 ns|     1.35 ns|
    +--------+---------+----------+------------+

+ Latency: 
    * Summary: 
    +---------+---------+-----------+-----------+-----+-----+---------+
    |  Latency (cycles) |   Latency (absolute)  |  Interval | Pipeline|
    |   min   |   max   |    min    |    max    | min | max |   Type  |
    +---------+---------+-----------+-----------+-----+-----+---------+
    |       18|       18|  90.000 ns|  90.000 ns|   18|   18|       no|
    +---------+---------+-----------+-----------+-----+-----+---------+

    + Detail: 
        * Instance: 
        N/A

        * Loop: 
        +--------------------+---------+---------+----------+-----------+-----------+------+----------+
        |                    |  Latency (cycles) | Iteration|  Initiation Interval  | Trip |          |
        |      Loop Name     |   min   |   max   |  Latency |  achieved |   target  | Count| Pipelined|
        +--------------------+---------+---------+----------+-----------+-----------+------+----------+
        |- VITIS_LOOP_379_1  |       16|       16|         1|          1|          1|    16|       yes|
        +--------------------+---------+---------+----------+-----------+-----------+------+----------+

============================================================
+ Verbose Summary: Synthesis Manager
============================================================
InlineROM: 1
ExposeGlobal: 0
============================================================
+ Verbose Summary: CDFG Model
============================================================
IsTopModel: 0
ResetActiveHigh: 1
IsCombinational: 0
IsDatapathOnly: 0
HasWiredReturn: 1
HasMFsm: 2
HasVarLatency: 1
IsPipeline: 0
IsRtlPipelined: 0
IsInstanceOverlapped: 0
IsDontTouch: 0
HasImplIP: 0
IsGatedGlobalClock: 0

+ Individual pipeline summary: 
  * Pipeline-0: initiation interval (II) = 1, depth = 2


============================================================
+ Verbose Summary: Schedule
============================================================
* Number of FSM states : 2
* Pipeline : 1
  Pipeline-0 : II = 1, D = 2, States = { 1 2 }
* Dataflow Pipeline: 0

* FSM state transitions: 
1 --> 2 
2 --> 

* FSM state operations: 

State 1 <SV = 0> <Delay = 0.46>
ST_1 : Operation 4 [1/1] (0.00ns)   --->   "%c = alloca i32 1" [benchmarks/rosetta/face-detection/src/face_detect.cpp:377->benchmarks/rosetta/face-detection/src/face_detect.cpp:189]   --->   Operation 4 'alloca' 'c' <Predicate = true> <Delay = 0.00>
ST_1 : Operation 5 [1/1] (0.00ns)   --->   "%a = alloca i32 1" [benchmarks/rosetta/face-detection/src/face_detect.cpp:377->benchmarks/rosetta/face-detection/src/face_detect.cpp:189]   --->   Operation 5 'alloca' 'a' <Predicate = true> <Delay = 0.00>
ST_1 : Operation 6 [1/1] (0.00ns)   --->   "%i = alloca i32 1" [benchmarks/rosetta/face-detection/src/face_detect.cpp:376->benchmarks/rosetta/face-detection/src/face_detect.cpp:189]   --->   Operation 6 'alloca' 'i' <Predicate = true> <Delay = 0.00>
ST_1 : Operation 7 [1/1] (0.00ns)   --->   "%value_assign_2 = alloca i32 1" [benchmarks/rosetta/face-detection/src/face_detect.cpp:374->benchmarks/rosetta/face-detection/src/face_detect.cpp:189]   --->   Operation 7 'alloca' 'value_assign_2' <Predicate = true> <Delay = 0.00>
ST_1 : Operation 8 [1/1] (0.00ns)   --->   "%tmp = read i32 @_ssdm_op_Read.ap_auto.i32, i32 %empty"   --->   Operation 8 'read' 'tmp' <Predicate = true> <Delay = 0.00>
ST_1 : Operation 9 [1/1] (0.46ns)   --->   "%store_ln374 = store i32 %tmp, i32 %value_assign_2" [benchmarks/rosetta/face-detection/src/face_detect.cpp:374->benchmarks/rosetta/face-detection/src/face_detect.cpp:189]   --->   Operation 9 'store' 'store_ln374' <Predicate = true> <Delay = 0.46>
ST_1 : Operation 10 [1/1] (0.46ns)   --->   "%store_ln376 = store i5 0, i5 %i" [benchmarks/rosetta/face-detection/src/face_detect.cpp:376->benchmarks/rosetta/face-detection/src/face_detect.cpp:189]   --->   Operation 10 'store' 'store_ln376' <Predicate = true> <Delay = 0.46>
ST_1 : Operation 11 [1/1] (0.46ns)   --->   "%store_ln377 = store i32 0, i32 %a" [benchmarks/rosetta/face-detection/src/face_detect.cpp:377->benchmarks/rosetta/face-detection/src/face_detect.cpp:189]   --->   Operation 11 'store' 'store_ln377' <Predicate = true> <Delay = 0.46>
ST_1 : Operation 12 [1/1] (0.46ns)   --->   "%store_ln377 = store i30 0, i30 %c" [benchmarks/rosetta/face-detection/src/face_detect.cpp:377->benchmarks/rosetta/face-detection/src/face_detect.cpp:189]   --->   Operation 12 'store' 'store_ln377' <Predicate = true> <Delay = 0.46>
ST_1 : Operation 13 [1/1] (0.00ns)   --->   "%br_ln0 = br void %for.body.i"   --->   Operation 13 'br' 'br_ln0' <Predicate = true> <Delay = 0.00>

State 2 <SV = 1> <Delay = 2.09>
ST_2 : Operation 14 [1/1] (0.00ns)   --->   "%i_1 = load i5 %i" [benchmarks/rosetta/face-detection/src/face_detect.cpp:379->benchmarks/rosetta/face-detection/src/face_detect.cpp:189]   --->   Operation 14 'load' 'i_1' <Predicate = true> <Delay = 0.00>
ST_2 : Operation 15 [1/1] (0.82ns)   --->   "%icmp_ln379 = icmp_eq  i5 %i_1, i5 16" [benchmarks/rosetta/face-detection/src/face_detect.cpp:379->benchmarks/rosetta/face-detection/src/face_detect.cpp:189]   --->   Operation 15 'icmp' 'icmp_ln379' <Predicate = true> <Delay = 0.82> <CoreInst = "Cmp">   --->   Core 9 'Cmp' <Latency = 0> <II = 1> <Delay = 0.82> <FuncUnit> <Opcode : 'icmp'> <InPorts = 2> <OutPorts = 1>
ST_2 : Operation 16 [1/1] (0.82ns)   --->   "%i_2 = add i5 %i_1, i5 1" [benchmarks/rosetta/face-detection/src/face_detect.cpp:379->benchmarks/rosetta/face-detection/src/face_detect.cpp:189]   --->   Operation 16 'add' 'i_2' <Predicate = true> <Delay = 0.82> <CoreInst = "Adder">   --->   Core 1 'Adder' <Latency = 0> <II = 1> <Delay = 0.82> <FuncUnit> <Opcode : 'add' 'sub'> <InPorts = 2> <OutPorts = 1>
ST_2 : Operation 17 [1/1] (0.00ns)   --->   "%br_ln379 = br i1 %icmp_ln379, void %for.body.i.split, void %Stages.loopexit.exitStub" [benchmarks/rosetta/face-detection/src/face_detect.cpp:379->benchmarks/rosetta/face-detection/src/face_detect.cpp:189]   --->   Operation 17 'br' 'br_ln379' <Predicate = true> <Delay = 0.00>
ST_2 : Operation 18 [1/1] (0.00ns)   --->   "%c_load = load i30 %c" [benchmarks/rosetta/face-detection/src/face_detect.cpp:383->benchmarks/rosetta/face-detection/src/face_detect.cpp:189]   --->   Operation 18 'load' 'c_load' <Predicate = (!icmp_ln379)> <Delay = 0.00>
ST_2 : Operation 19 [1/1] (0.00ns)   --->   "%a_load = load i32 %a" [benchmarks/rosetta/face-detection/src/face_detect.cpp:387->benchmarks/rosetta/face-detection/src/face_detect.cpp:189]   --->   Operation 19 'load' 'a_load' <Predicate = (!icmp_ln379)> <Delay = 0.00>
ST_2 : Operation 20 [1/1] (0.00ns)   --->   "%value_assign_2_load = load i32 %value_assign_2" [benchmarks/rosetta/face-detection/src/face_detect.cpp:385->benchmarks/rosetta/face-detection/src/face_detect.cpp:189]   --->   Operation 20 'load' 'value_assign_2_load' <Predicate = (!icmp_ln379)> <Delay = 0.00>
ST_2 : Operation 21 [1/1] (0.00ns)   --->   "%specpipeline_ln377 = specpipeline void @_ssdm_op_SpecPipeline, i32 4294967295, i32 0, i32 0, i32 0, void @empty_5" [benchmarks/rosetta/face-detection/src/face_detect.cpp:377->benchmarks/rosetta/face-detection/src/face_detect.cpp:189]   --->   Operation 21 'specpipeline' 'specpipeline_ln377' <Predicate = (!icmp_ln379)> <Delay = 0.00>
ST_2 : Operation 22 [1/1] (0.00ns)   --->   "%speclooptripcount_ln377 = speclooptripcount void @_ssdm_op_SpecLoopTripCount, i64 16, i64 16, i64 16" [benchmarks/rosetta/face-detection/src/face_detect.cpp:377->benchmarks/rosetta/face-detection/src/face_detect.cpp:189]   --->   Operation 22 'speclooptripcount' 'speclooptripcount_ln377' <Predicate = (!icmp_ln379)> <Delay = 0.00>
ST_2 : Operation 23 [1/1] (0.00ns)   --->   "%specloopname_ln379 = specloopname void @_ssdm_op_SpecLoopName, void @empty_7" [benchmarks/rosetta/face-detection/src/face_detect.cpp:379->benchmarks/rosetta/face-detection/src/face_detect.cpp:189]   --->   Operation 23 'specloopname' 'specloopname_ln379' <Predicate = (!icmp_ln379)> <Delay = 0.00>
ST_2 : Operation 24 [1/1] (0.00ns)   --->   "%lshr_ln = partselect i2 @_ssdm_op_PartSelect.i2.i32.i32.i32, i32 %value_assign_2_load, i32 30, i32 31" [benchmarks/rosetta/face-detection/src/face_detect.cpp:383->benchmarks/rosetta/face-detection/src/face_detect.cpp:189]   --->   Operation 24 'partselect' 'lshr_ln' <Predicate = (!icmp_ln379)> <Delay = 0.00>
ST_2 : Operation 25 [1/1] (0.00ns)   --->   "%trunc_ln383 = trunc i30 %c_load" [benchmarks/rosetta/face-detection/src/face_detect.cpp:383->benchmarks/rosetta/face-detection/src/face_detect.cpp:189]   --->   Operation 25 'trunc' 'trunc_ln383' <Predicate = (!icmp_ln379)> <Delay = 0.00>
ST_2 : Operation 26 [1/1] (0.00ns) (grouped into LUT with out node icmp_ln388)   --->   "%c_1 = bitconcatenate i32 @_ssdm_op_BitConcatenate.i32.i30.i2, i30 %c_load, i2 %lshr_ln" [benchmarks/rosetta/face-detection/src/face_detect.cpp:383->benchmarks/rosetta/face-detection/src/face_detect.cpp:189]   --->   Operation 26 'bitconcatenate' 'c_1' <Predicate = (!icmp_ln379)> <Delay = 0.00>
ST_2 : Operation 27 [1/1] (0.00ns)   --->   "%or_ln = bitconcatenate i30 @_ssdm_op_BitConcatenate.i30.i28.i2, i28 %trunc_ln383, i2 %lshr_ln" [benchmarks/rosetta/face-detection/src/face_detect.cpp:377->benchmarks/rosetta/face-detection/src/face_detect.cpp:189]   --->   Operation 27 'bitconcatenate' 'or_ln' <Predicate = (!icmp_ln379)> <Delay = 0.00>
ST_2 : Operation 28 [1/1] (0.00ns)   --->   "%shl_ln385 = shl i32 %value_assign_2_load, i32 2" [benchmarks/rosetta/face-detection/src/face_detect.cpp:385->benchmarks/rosetta/face-detection/src/face_detect.cpp:189]   --->   Operation 28 'shl' 'shl_ln385' <Predicate = (!icmp_ln379)> <Delay = 0.00>
ST_2 : Operation 29 [1/1] (0.00ns)   --->   "%a_1 = shl i32 %a_load, i32 1" [benchmarks/rosetta/face-detection/src/face_detect.cpp:386->benchmarks/rosetta/face-detection/src/face_detect.cpp:189]   --->   Operation 29 'shl' 'a_1' <Predicate = (!icmp_ln379)> <Delay = 0.00>
ST_2 : Operation 30 [1/1] (0.00ns) (grouped into LUT with out node icmp_ln388)   --->   "%shl_ln387 = shl i32 %a_load, i32 2" [benchmarks/rosetta/face-detection/src/face_detect.cpp:387->benchmarks/rosetta/face-detection/src/face_detect.cpp:189]   --->   Operation 30 'shl' 'shl_ln387' <Predicate = (!icmp_ln379)> <Delay = 0.00>
ST_2 : Operation 31 [1/1] (0.00ns) (grouped into LUT with out node c_2)   --->   "%trunc_ln387 = trunc i32 %a_load" [benchmarks/rosetta/face-detection/src/face_detect.cpp:387->benchmarks/rosetta/face-detection/src/face_detect.cpp:189]   --->   Operation 31 'trunc' 'trunc_ln387' <Predicate = (!icmp_ln379)> <Delay = 0.00>
ST_2 : Operation 32 [1/1] (0.00ns) (grouped into LUT with out node c_2)   --->   "%trunc_ln = bitconcatenate i30 @_ssdm_op_BitConcatenate.i30.i28.i2, i28 %trunc_ln387, i2 0" [benchmarks/rosetta/face-detection/src/face_detect.cpp:387->benchmarks/rosetta/face-detection/src/face_detect.cpp:189]   --->   Operation 32 'bitconcatenate' 'trunc_ln' <Predicate = (!icmp_ln379)> <Delay = 0.00>
ST_2 : Operation 33 [1/1] (0.00ns) (grouped into LUT with out node icmp_ln388)   --->   "%b = or i32 %shl_ln387, i32 1" [benchmarks/rosetta/face-detection/src/face_detect.cpp:387->benchmarks/rosetta/face-detection/src/face_detect.cpp:189]   --->   Operation 33 'or' 'b' <Predicate = (!icmp_ln379)> <Delay = 0.00>
ST_2 : Operation 34 [1/1] (0.00ns) (grouped into LUT with out node c_2)   --->   "%or_ln377 = or i30 %trunc_ln, i30 1" [benchmarks/rosetta/face-detection/src/face_detect.cpp:377->benchmarks/rosetta/face-detection/src/face_detect.cpp:189]   --->   Operation 34 'or' 'or_ln377' <Predicate = (!icmp_ln379)> <Delay = 0.00>
ST_2 : Operation 35 [1/1] (1.14ns) (out node of the LUT)   --->   "%icmp_ln388 = icmp_ult  i32 %c_1, i32 %b" [benchmarks/rosetta/face-detection/src/face_detect.cpp:388->benchmarks/rosetta/face-detection/src/face_detect.cpp:189]   --->   Operation 35 'icmp' 'icmp_ln388' <Predicate = (!icmp_ln379)> <Delay = 1.14> <CoreInst = "Cmp">   --->   Core 9 'Cmp' <Latency = 0> <II = 1> <Delay = 1.14> <FuncUnit> <Opcode : 'icmp'> <InPorts = 2> <OutPorts = 1>
ST_2 : Operation 36 [1/1] (0.14ns)   --->   "%xor_ln388 = xor i1 %icmp_ln388, i1 1" [benchmarks/rosetta/face-detection/src/face_detect.cpp:388->benchmarks/rosetta/face-detection/src/face_detect.cpp:189]   --->   Operation 36 'xor' 'xor_ln388' <Predicate = (!icmp_ln379)> <Delay = 0.14> <CoreInst = "LogicGate">   --->   Core 74 'LogicGate' <Latency = 0> <II = 1> <Delay = 0.14> <FuncUnit> <Opcode : 'and' 'or' 'xor'> <InPorts = 2> <OutPorts = 1>
ST_2 : Operation 37 [1/1] (1.13ns) (out node of the LUT)   --->   "%c_2 = sub i30 %or_ln, i30 %or_ln377" [benchmarks/rosetta/face-detection/src/face_detect.cpp:390->benchmarks/rosetta/face-detection/src/face_detect.cpp:189]   --->   Operation 37 'sub' 'c_2' <Predicate = (!icmp_ln379)> <Delay = 1.13> <CoreInst = "Adder">   --->   Core 1 'Adder' <Latency = 0> <II = 1> <Delay = 1.13> <FuncUnit> <Opcode : 'add' 'sub'> <InPorts = 2> <OutPorts = 1>
ST_2 : Operation 38 [1/1] (0.00ns) (grouped into LUT with out node a_3)   --->   "%a_2 = or i32 %a_1, i32 1" [benchmarks/rosetta/face-detection/src/face_detect.cpp:391->benchmarks/rosetta/face-detection/src/face_detect.cpp:189]   --->   Operation 38 'or' 'a_2' <Predicate = (!icmp_ln379)> <Delay = 0.00>
ST_2 : Operation 39 [1/1] (0.34ns)   --->   "%c_3 = select i1 %xor_ln388, i30 %c_2, i30 %or_ln" [benchmarks/rosetta/face-detection/src/face_detect.cpp:388->benchmarks/rosetta/face-detection/src/face_detect.cpp:189]   --->   Operation 39 'select' 'c_3' <Predicate = (!icmp_ln379)> <Delay = 0.34> <CoreInst = "Sel">   --->   Core 73 'Sel' <Latency = 0> <II = 1> <Delay = 0.34> <FuncUnit> <Opcode : 'select'> <InPorts = 3> <OutPorts = 1>
ST_2 : Operation 40 [1/1] (0.28ns) (out node of the LUT)   --->   "%a_3 = select i1 %xor_ln388, i32 %a_2, i32 %a_1" [benchmarks/rosetta/face-detection/src/face_detect.cpp:388->benchmarks/rosetta/face-detection/src/face_detect.cpp:189]   --->   Operation 40 'select' 'a_3' <Predicate = (!icmp_ln379)> <Delay = 0.28> <CoreInst = "Sel">   --->   Core 73 'Sel' <Latency = 0> <II = 1> <Delay = 0.28> <FuncUnit> <Opcode : 'select'> <InPorts = 3> <OutPorts = 1>
ST_2 : Operation 41 [1/1] (0.46ns)   --->   "%store_ln374 = store i32 %shl_ln385, i32 %value_assign_2" [benchmarks/rosetta/face-detection/src/face_detect.cpp:374->benchmarks/rosetta/face-detection/src/face_detect.cpp:189]   --->   Operation 41 'store' 'store_ln374' <Predicate = (!icmp_ln379)> <Delay = 0.46>
ST_2 : Operation 42 [1/1] (0.46ns)   --->   "%store_ln376 = store i5 %i_2, i5 %i" [benchmarks/rosetta/face-detection/src/face_detect.cpp:376->benchmarks/rosetta/face-detection/src/face_detect.cpp:189]   --->   Operation 42 'store' 'store_ln376' <Predicate = (!icmp_ln379)> <Delay = 0.46>
ST_2 : Operation 43 [1/1] (0.46ns)   --->   "%store_ln377 = store i32 %a_3, i32 %a" [benchmarks/rosetta/face-detection/src/face_detect.cpp:377->benchmarks/rosetta/face-detection/src/face_detect.cpp:189]   --->   Operation 43 'store' 'store_ln377' <Predicate = (!icmp_ln379)> <Delay = 0.46>
ST_2 : Operation 44 [1/1] (0.46ns)   --->   "%store_ln377 = store i30 %c_3, i30 %c" [benchmarks/rosetta/face-detection/src/face_detect.cpp:377->benchmarks/rosetta/face-detection/src/face_detect.cpp:189]   --->   Operation 44 'store' 'store_ln377' <Predicate = (!icmp_ln379)> <Delay = 0.46>
ST_2 : Operation 45 [1/1] (0.00ns)   --->   "%br_ln379 = br void %for.body.i" [benchmarks/rosetta/face-detection/src/face_detect.cpp:379->benchmarks/rosetta/face-detection/src/face_detect.cpp:189]   --->   Operation 45 'br' 'br_ln379' <Predicate = (!icmp_ln379)> <Delay = 0.00>
ST_2 : Operation 46 [1/1] (0.00ns)   --->   "%a_load_1 = load i32 %a"   --->   Operation 46 'load' 'a_load_1' <Predicate = (icmp_ln379)> <Delay = 0.00>
ST_2 : Operation 47 [1/1] (0.00ns)   --->   "%write_ln0 = write void @_ssdm_op_Write.ap_auto.i32P0A, i32 %a_out, i32 %a_load_1"   --->   Operation 47 'write' 'write_ln0' <Predicate = (icmp_ln379)> <Delay = 0.00>
ST_2 : Operation 48 [1/1] (0.00ns)   --->   "%ret_ln0 = ret"   --->   Operation 48 'ret' 'ret_ln0' <Predicate = (icmp_ln379)> <Delay = 0.00>


============================================================
+ Verbose Summary: Timing violations
============================================================
Target clock period: 5.000ns, clock uncertainty: 1.350ns.

 <State 1>: 0.460ns
The critical path consists of the following:
	'alloca' operation 32 bit ('value', benchmarks/rosetta/face-detection/src/face_detect.cpp:374->benchmarks/rosetta/face-detection/src/face_detect.cpp:189) [6]  (0.000 ns)
	'store' operation 0 bit ('store_ln374', benchmarks/rosetta/face-detection/src/face_detect.cpp:374->benchmarks/rosetta/face-detection/src/face_detect.cpp:189) of variable 'tmp' on local variable 'value', benchmarks/rosetta/face-detection/src/face_detect.cpp:374->benchmarks/rosetta/face-detection/src/face_detect.cpp:189 [8]  (0.460 ns)

 <State 2>: 2.090ns
The critical path consists of the following:
	'load' operation 30 bit ('c_load', benchmarks/rosetta/face-detection/src/face_detect.cpp:383->benchmarks/rosetta/face-detection/src/face_detect.cpp:189) on local variable 'c', benchmarks/rosetta/face-detection/src/face_detect.cpp:377->benchmarks/rosetta/face-detection/src/face_detect.cpp:189 [19]  (0.000 ns)
	'icmp' operation 1 bit ('icmp_ln388', benchmarks/rosetta/face-detection/src/face_detect.cpp:388->benchmarks/rosetta/face-detection/src/face_detect.cpp:189) [36]  (1.142 ns)
	'xor' operation 1 bit ('xor_ln388', benchmarks/rosetta/face-detection/src/face_detect.cpp:388->benchmarks/rosetta/face-detection/src/face_detect.cpp:189) [37]  (0.148 ns)
	'select' operation 30 bit ('c', benchmarks/rosetta/face-detection/src/face_detect.cpp:388->benchmarks/rosetta/face-detection/src/face_detect.cpp:189) [40]  (0.340 ns)
	'store' operation 0 bit ('store_ln377', benchmarks/rosetta/face-detection/src/face_detect.cpp:377->benchmarks/rosetta/face-detection/src/face_detect.cpp:189) of variable 'c', benchmarks/rosetta/face-detection/src/face_detect.cpp:388->benchmarks/rosetta/face-detection/src/face_detect.cpp:189 on local variable 'c', benchmarks/rosetta/face-detection/src/face_detect.cpp:377->benchmarks/rosetta/face-detection/src/face_detect.cpp:189 [45]  (0.460 ns)


============================================================
+ Verbose Summary: Binding
============================================================
N/A
* FSMD analyzer results:
  - Output states:
 - Input state : 
  - Chain level:
	State 1
	State 2


============================================================
+ Verbose Summary: Datapath Resource usage 
============================================================
N/A
