

================================================================
== Vitis HLS Report for 'substring_Pipeline_loop_0_VITIS_LOOP_31_1'
================================================================
* Date:           Sun Jun 23 03:45:57 2024

* Version:        2023.2 (Build 4023990 on Oct 11 2023)
* Project:        substring
* Solution:       solution1 (Vivado IP Flow Target)
* Product family: virtexuplusHBM
* Target device:  xcvu35p-fsvh2104-1-e


================================================================
== Performance Estimates
================================================================
+ Timing: 
    * Summary: 
    +--------+---------+----------+------------+
    |  Clock |  Target | Estimated| Uncertainty|
    +--------+---------+----------+------------+
    |ap_clk  |  5.00 ns|  2.507 ns|     1.35 ns|
    +--------+---------+----------+------------+

+ Latency: 
    * Summary: 
    +---------+---------+-----------+-----------+-------+-------+---------+
    |  Latency (cycles) |   Latency (absolute)  |    Interval   | Pipeline|
    |   min   |   max   |    min    |    max    |  min  |  max  |   Type  |
    +---------+---------+-----------+-----------+-------+-------+---------+
    |    12292|    12292|  61.460 us|  61.460 us|  12292|  12292|       no|
    +---------+---------+-----------+-----------+-------+-------+---------+

    + Detail: 
        * Instance: 
        N/A

        * Loop: 
        +--------------------------+---------+---------+----------+-----------+-----------+-------+----------+
        |                          |  Latency (cycles) | Iteration|  Initiation Interval  |  Trip |          |
        |         Loop Name        |   min   |   max   |  Latency |  achieved |   target  | Count | Pipelined|
        +--------------------------+---------+---------+----------+-----------+-----------+-------+----------+
        |- loop_0_VITIS_LOOP_31_1  |    12290|    12290|         4|          1|          1|  12288|       yes|
        +--------------------------+---------+---------+----------+-----------+-----------+-------+----------+

============================================================
+ Verbose Summary: Synthesis Manager
============================================================
InlineROM: 1
ExposeGlobal: 0
============================================================
+ Verbose Summary: CDFG Model
============================================================
IsTopModel: 0
ResetActiveHigh: 1
IsCombinational: 0
IsDatapathOnly: 0
HasWiredReturn: 1
HasMFsm: 2
HasVarLatency: 1
IsPipeline: 0
IsRtlPipelined: 0
IsInstanceOverlapped: 0
IsDontTouch: 0
HasImplIP: 0
IsGatedGlobalClock: 0

+ Individual pipeline summary: 
  * Pipeline-0: initiation interval (II) = 1, depth = 4


============================================================
+ Verbose Summary: Schedule
============================================================
* Number of FSM states : 4
* Pipeline : 1
  Pipeline-0 : II = 1, D = 4, States = { 1 2 3 4 }
* Dataflow Pipeline: 0

* FSM state transitions: 
1 --> 2 
2 --> 3 
3 --> 4 
4 --> 

* FSM state operations: 

State 1 <SV = 0> <Delay = 2.50>
ST_1 : Operation 7 [1/1] (0.00ns)   --->   "%match = alloca i32 1" [HLS-benchmarks/Inter-Block/substring/substring.cpp:30]   --->   Operation 7 'alloca' 'match' <Predicate = true> <Delay = 0.00>
ST_1 : Operation 8 [1/1] (0.00ns)   --->   "%j = alloca i32 1" [HLS-benchmarks/Inter-Block/substring/substring.cpp:29]   --->   Operation 8 'alloca' 'j' <Predicate = true> <Delay = 0.00>
ST_1 : Operation 9 [1/1] (0.00ns)   --->   "%s_0_11 = alloca i32 1"   --->   Operation 9 'alloca' 's_0_11' <Predicate = true> <Delay = 0.00>
ST_1 : Operation 10 [1/1] (0.00ns)   --->   "%s_0 = alloca i32 1" [HLS-benchmarks/Inter-Block/substring/substring.cpp:18]   --->   Operation 10 'alloca' 's_0' <Predicate = true> <Delay = 0.00>
ST_1 : Operation 11 [1/1] (0.00ns)   --->   "%i = alloca i32 1" [HLS-benchmarks/Inter-Block/substring/substring.cpp:28]   --->   Operation 11 'alloca' 'i' <Predicate = true> <Delay = 0.00>
ST_1 : Operation 12 [1/1] (0.00ns)   --->   "%indvar_flatten = alloca i32 1"   --->   Operation 12 'alloca' 'indvar_flatten' <Predicate = true> <Delay = 0.00>
ST_1 : Operation 13 [1/1] (0.00ns)   --->   "%specinterface_ln0 = specinterface void @_ssdm_op_SpecInterface, i32 %str_1, void @empty, i32 0, i32 0, void @empty_0, i32 4294967295, i32 0, void @empty_0, void @empty_0, void @empty_0, i32 0, i32 0, i32 0, i32 0, void @empty_0, void @empty_0, i32 4294967295, i32 0"   --->   Operation 13 'specinterface' 'specinterface_ln0' <Predicate = true> <Delay = 0.00>
ST_1 : Operation 14 [1/1] (0.00ns)   --->   "%specinterface_ln0 = specinterface void @_ssdm_op_SpecInterface, i32 %str_0, void @empty, i32 0, i32 0, void @empty_0, i32 4294967295, i32 0, void @empty_0, void @empty_0, void @empty_0, i32 0, i32 0, i32 0, i32 0, void @empty_0, void @empty_0, i32 4294967295, i32 0"   --->   Operation 14 'specinterface' 'specinterface_ln0' <Predicate = true> <Delay = 0.00>
ST_1 : Operation 15 [1/1] (0.46ns)   --->   "%store_ln0 = store i14 0, i14 %indvar_flatten"   --->   Operation 15 'store' 'store_ln0' <Predicate = true> <Delay = 0.46>
ST_1 : Operation 16 [1/1] (0.46ns)   --->   "%store_ln28 = store i13 0, i13 %i" [HLS-benchmarks/Inter-Block/substring/substring.cpp:28]   --->   Operation 16 'store' 'store_ln28' <Predicate = true> <Delay = 0.46>
ST_1 : Operation 17 [1/1] (0.46ns)   --->   "%store_ln18 = store i32 0, i32 %s_0" [HLS-benchmarks/Inter-Block/substring/substring.cpp:18]   --->   Operation 17 'store' 'store_ln18' <Predicate = true> <Delay = 0.46>
ST_1 : Operation 18 [1/1] (0.46ns)   --->   "%store_ln29 = store i2 0, i2 %j" [HLS-benchmarks/Inter-Block/substring/substring.cpp:29]   --->   Operation 18 'store' 'store_ln29' <Predicate = true> <Delay = 0.46>
ST_1 : Operation 19 [1/1] (0.46ns)   --->   "%store_ln30 = store i32 1, i32 %match" [HLS-benchmarks/Inter-Block/substring/substring.cpp:30]   --->   Operation 19 'store' 'store_ln30' <Predicate = true> <Delay = 0.46>
ST_1 : Operation 20 [1/1] (0.00ns)   --->   "%br_ln0 = br void %for.body3"   --->   Operation 20 'br' 'br_ln0' <Predicate = true> <Delay = 0.00>
ST_1 : Operation 21 [1/1] (0.00ns)   --->   "%indvar_flatten_load = load i14 %indvar_flatten" [HLS-benchmarks/Inter-Block/substring/substring.cpp:28]   --->   Operation 21 'load' 'indvar_flatten_load' <Predicate = true> <Delay = 0.00>
ST_1 : Operation 22 [1/1] (1.05ns)   --->   "%icmp_ln28 = icmp_eq  i14 %indvar_flatten_load, i14 12288" [HLS-benchmarks/Inter-Block/substring/substring.cpp:28]   --->   Operation 22 'icmp' 'icmp_ln28' <Predicate = true> <Delay = 1.05> <CoreInst = "Cmp">   --->   Core 9 'Cmp' <Latency = 0> <II = 1> <Delay = 1.05> <FuncUnit> <Opcode : 'icmp'> <InPorts = 2> <OutPorts = 1>
ST_1 : Operation 23 [1/1] (1.05ns)   --->   "%add_ln28 = add i14 %indvar_flatten_load, i14 1" [HLS-benchmarks/Inter-Block/substring/substring.cpp:28]   --->   Operation 23 'add' 'add_ln28' <Predicate = true> <Delay = 1.05> <CoreInst = "Adder">   --->   Core 1 'Adder' <Latency = 0> <II = 1> <Delay = 1.05> <FuncUnit> <Opcode : 'add' 'sub'> <InPorts = 2> <OutPorts = 1>
ST_1 : Operation 24 [1/1] (0.00ns)   --->   "%br_ln28 = br i1 %icmp_ln28, void %for.end, void %for.body27.preheader.exitStub" [HLS-benchmarks/Inter-Block/substring/substring.cpp:28]   --->   Operation 24 'br' 'br_ln28' <Predicate = true> <Delay = 0.00>
ST_1 : Operation 25 [1/1] (0.00ns)   --->   "%j_load = load i2 %j" [HLS-benchmarks/Inter-Block/substring/substring.cpp:31]   --->   Operation 25 'load' 'j_load' <Predicate = (!icmp_ln28)> <Delay = 0.00>
ST_1 : Operation 26 [1/1] (0.00ns)   --->   "%i_load = load i13 %i" [HLS-benchmarks/Inter-Block/substring/substring.cpp:28]   --->   Operation 26 'load' 'i_load' <Predicate = (!icmp_ln28)> <Delay = 0.00>
ST_1 : Operation 27 [1/1] (0.62ns)   --->   "%icmp_ln31 = icmp_eq  i2 %j_load, i2 3" [HLS-benchmarks/Inter-Block/substring/substring.cpp:31]   --->   Operation 27 'icmp' 'icmp_ln31' <Predicate = (!icmp_ln28)> <Delay = 0.62> <CoreInst = "Cmp">   --->   Core 9 'Cmp' <Latency = 0> <II = 1> <Delay = 0.62> <FuncUnit> <Opcode : 'icmp'> <InPorts = 2> <OutPorts = 1>
ST_1 : Operation 28 [1/1] (0.34ns)   --->   "%select_ln28 = select i1 %icmp_ln31, i2 0, i2 %j_load" [HLS-benchmarks/Inter-Block/substring/substring.cpp:28]   --->   Operation 28 'select' 'select_ln28' <Predicate = (!icmp_ln28)> <Delay = 0.34> <CoreInst = "Sel">   --->   Core 73 'Sel' <Latency = 0> <II = 1> <Delay = 0.34> <FuncUnit> <Opcode : 'select'> <InPorts = 3> <OutPorts = 1>
ST_1 : Operation 29 [1/1] (1.02ns)   --->   "%add_ln28_1 = add i13 %i_load, i13 1" [HLS-benchmarks/Inter-Block/substring/substring.cpp:28]   --->   Operation 29 'add' 'add_ln28_1' <Predicate = (!icmp_ln28)> <Delay = 1.02> <CoreInst = "Adder">   --->   Core 1 'Adder' <Latency = 0> <II = 1> <Delay = 1.02> <FuncUnit> <Opcode : 'add' 'sub'> <InPorts = 2> <OutPorts = 1>
ST_1 : Operation 30 [1/1] (0.39ns)   --->   "%select_ln28_1 = select i1 %icmp_ln31, i13 %add_ln28_1, i13 %i_load" [HLS-benchmarks/Inter-Block/substring/substring.cpp:28]   --->   Operation 30 'select' 'select_ln28_1' <Predicate = (!icmp_ln28)> <Delay = 0.39> <CoreInst = "Sel">   --->   Core 73 'Sel' <Latency = 0> <II = 1> <Delay = 0.39> <FuncUnit> <Opcode : 'select'> <InPorts = 3> <OutPorts = 1>
ST_1 : Operation 31 [1/1] (0.62ns)   --->   "%add_ln38 = add i2 %select_ln28, i2 1" [HLS-benchmarks/Inter-Block/substring/substring.cpp:38]   --->   Operation 31 'add' 'add_ln38' <Predicate = (!icmp_ln28)> <Delay = 0.62> <CoreInst = "Adder">   --->   Core 1 'Adder' <Latency = 0> <II = 1> <Delay = 0.62> <FuncUnit> <Opcode : 'add' 'sub'> <InPorts = 2> <OutPorts = 1>
ST_1 : Operation 32 [1/1] (0.46ns)   --->   "%store_ln28 = store i14 %add_ln28, i14 %indvar_flatten" [HLS-benchmarks/Inter-Block/substring/substring.cpp:28]   --->   Operation 32 'store' 'store_ln28' <Predicate = (!icmp_ln28)> <Delay = 0.46>
ST_1 : Operation 33 [1/1] (0.46ns)   --->   "%store_ln28 = store i13 %select_ln28_1, i13 %i" [HLS-benchmarks/Inter-Block/substring/substring.cpp:28]   --->   Operation 33 'store' 'store_ln28' <Predicate = (!icmp_ln28)> <Delay = 0.46>
ST_1 : Operation 34 [1/1] (0.46ns)   --->   "%store_ln29 = store i2 %add_ln38, i2 %j" [HLS-benchmarks/Inter-Block/substring/substring.cpp:29]   --->   Operation 34 'store' 'store_ln29' <Predicate = (!icmp_ln28)> <Delay = 0.46>

State 2 <SV = 1> <Delay = 2.32>
ST_2 : Operation 35 [1/1] (0.00ns)   --->   "%zext_ln31 = zext i2 %select_ln28" [HLS-benchmarks/Inter-Block/substring/substring.cpp:31]   --->   Operation 35 'zext' 'zext_ln31' <Predicate = true> <Delay = 0.00>
ST_2 : Operation 36 [1/1] (1.02ns)   --->   "%add_ln32 = add i13 %zext_ln31, i13 %select_ln28_1" [HLS-benchmarks/Inter-Block/substring/substring.cpp:32]   --->   Operation 36 'add' 'add_ln32' <Predicate = true> <Delay = 1.02> <CoreInst = "Adder">   --->   Core 1 'Adder' <Latency = 0> <II = 1> <Delay = 1.02> <FuncUnit> <Opcode : 'add' 'sub'> <InPorts = 2> <OutPorts = 1>
ST_2 : Operation 37 [1/1] (0.00ns)   --->   "%zext_ln34 = zext i13 %add_ln32" [HLS-benchmarks/Inter-Block/substring/substring.cpp:34]   --->   Operation 37 'zext' 'zext_ln34' <Predicate = true> <Delay = 0.00>
ST_2 : Operation 38 [1/1] (0.00ns)   --->   "%trunc_ln34 = trunc i13 %add_ln32" [HLS-benchmarks/Inter-Block/substring/substring.cpp:34]   --->   Operation 38 'trunc' 'trunc_ln34' <Predicate = true> <Delay = 0.00>
ST_2 : Operation 39 [1/1] (0.00ns)   --->   "%str_0_addr = getelementptr i32 %str_0, i64 0, i64 %zext_ln34" [HLS-benchmarks/Inter-Block/substring/substring.cpp:35]   --->   Operation 39 'getelementptr' 'str_0_addr' <Predicate = true> <Delay = 0.00>
ST_2 : Operation 40 [2/2] (1.29ns)   --->   "%c = load i12 %str_0_addr" [HLS-benchmarks/Inter-Block/substring/substring.cpp:35]   --->   Operation 40 'load' 'c' <Predicate = true> <Delay = 1.29> <CoreInst = "RAM">   --->   Core 83 'RAM' <Latency = 1> <II = 1> <Delay = 1.29> <Storage> <Opcode : 'load' 'store'> <Ports = 2> <Width = 32> <Depth = 4096> <RAM>
ST_2 : Operation 41 [1/1] (0.00ns)   --->   "%zext_ln37 = zext i12 %trunc_ln34" [HLS-benchmarks/Inter-Block/substring/substring.cpp:37]   --->   Operation 41 'zext' 'zext_ln37' <Predicate = true> <Delay = 0.00>
ST_2 : Operation 42 [1/1] (0.00ns)   --->   "%str_1_addr = getelementptr i32 %str_1, i64 0, i64 %zext_ln37" [HLS-benchmarks/Inter-Block/substring/substring.cpp:37]   --->   Operation 42 'getelementptr' 'str_1_addr' <Predicate = true> <Delay = 0.00>
ST_2 : Operation 43 [2/2] (1.29ns)   --->   "%c_13 = load i12 %str_1_addr" [HLS-benchmarks/Inter-Block/substring/substring.cpp:37]   --->   Operation 43 'load' 'c_13' <Predicate = true> <Delay = 1.29> <CoreInst = "RAM">   --->   Core 83 'RAM' <Latency = 1> <II = 1> <Delay = 1.29> <Storage> <Opcode : 'load' 'store'> <Ports = 2> <Width = 32> <Depth = 4096> <RAM>

State 3 <SV = 2> <Delay = 2.43>
ST_3 : Operation 44 [1/1] (0.00ns) (grouped into LUT with out node icmp_ln38)   --->   "%tmp = bitselect i1 @_ssdm_op_BitSelect.i1.i13.i32, i13 %add_ln32, i32 12" [HLS-benchmarks/Inter-Block/substring/substring.cpp:34]   --->   Operation 44 'bitselect' 'tmp' <Predicate = true> <Delay = 0.00>
ST_3 : Operation 45 [1/2] (1.29ns)   --->   "%c = load i12 %str_0_addr" [HLS-benchmarks/Inter-Block/substring/substring.cpp:35]   --->   Operation 45 'load' 'c' <Predicate = true> <Delay = 1.29> <CoreInst = "RAM">   --->   Core 83 'RAM' <Latency = 1> <II = 1> <Delay = 1.29> <Storage> <Opcode : 'load' 'store'> <Ports = 2> <Width = 32> <Depth = 4096> <RAM>
ST_3 : Operation 46 [1/2] (1.29ns)   --->   "%c_13 = load i12 %str_1_addr" [HLS-benchmarks/Inter-Block/substring/substring.cpp:37]   --->   Operation 46 'load' 'c_13' <Predicate = true> <Delay = 1.29> <CoreInst = "RAM">   --->   Core 83 'RAM' <Latency = 1> <II = 1> <Delay = 1.29> <Storage> <Opcode : 'load' 'store'> <Ports = 2> <Width = 32> <Depth = 4096> <RAM>
ST_3 : Operation 47 [1/1] (0.00ns) (grouped into LUT with out node icmp_ln38)   --->   "%c_14 = select i1 %tmp, i32 %c_13, i32 %c" [HLS-benchmarks/Inter-Block/substring/substring.cpp:34]   --->   Operation 47 'select' 'c_14' <Predicate = true> <Delay = 0.00> <CoreInst = "Sel">   --->   Core 73 'Sel' <Latency = 0> <II = 1> <Delay = 0.28> <FuncUnit> <Opcode : 'select'> <InPorts = 3> <OutPorts = 1>
ST_3 : Operation 48 [1/1] (0.00ns) (grouped into LUT with out node icmp_ln38)   --->   "%zext_ln38 = zext i2 %add_ln38" [HLS-benchmarks/Inter-Block/substring/substring.cpp:38]   --->   Operation 48 'zext' 'zext_ln38' <Predicate = true> <Delay = 0.00>
ST_3 : Operation 49 [1/1] (1.14ns) (out node of the LUT)   --->   "%icmp_ln38 = icmp_ne  i32 %zext_ln38, i32 %c_14" [HLS-benchmarks/Inter-Block/substring/substring.cpp:38]   --->   Operation 49 'icmp' 'icmp_ln38' <Predicate = true> <Delay = 1.14> <CoreInst = "Cmp">   --->   Core 9 'Cmp' <Latency = 0> <II = 1> <Delay = 1.14> <FuncUnit> <Opcode : 'icmp'> <InPorts = 2> <OutPorts = 1>
ST_3 : Operation 67 [1/1] (0.00ns)   --->   "%s_0_11_load = load i32 %s_0_11"   --->   Operation 67 'load' 's_0_11_load' <Predicate = (icmp_ln28)> <Delay = 0.00>
ST_3 : Operation 68 [1/1] (0.00ns)   --->   "%write_ln0 = write void @_ssdm_op_Write.ap_auto.i32P0A, i32 %s_0_11_out, i32 %s_0_11_load"   --->   Operation 68 'write' 'write_ln0' <Predicate = (icmp_ln28)> <Delay = 0.00>
ST_3 : Operation 69 [1/1] (0.00ns)   --->   "%ret_ln0 = ret"   --->   Operation 69 'ret' 'ret_ln0' <Predicate = (icmp_ln28)> <Delay = 0.00>

State 4 <SV = 3> <Delay = 1.77>
ST_4 : Operation 50 [1/1] (0.00ns)   --->   "%match_load = load i32 %match" [HLS-benchmarks/Inter-Block/substring/substring.cpp:38]   --->   Operation 50 'load' 'match_load' <Predicate = true> <Delay = 0.00>
ST_4 : Operation 51 [1/1] (0.00ns)   --->   "%s_0_11_load_1 = load i32 %s_0_11" [HLS-benchmarks/Inter-Block/substring/substring.cpp:28]   --->   Operation 51 'load' 's_0_11_load_1' <Predicate = (icmp_ln31)> <Delay = 0.00>
ST_4 : Operation 52 [1/1] (0.00ns)   --->   "%s_0_load = load i32 %s_0" [HLS-benchmarks/Inter-Block/substring/substring.cpp:28]   --->   Operation 52 'load' 's_0_load' <Predicate = (!icmp_ln31)> <Delay = 0.00>
ST_4 : Operation 53 [1/1] (0.00ns)   --->   "%specloopname_ln0 = specloopname void @_ssdm_op_SpecLoopName, void @loop_0_VITIS_LOOP_31_1_str"   --->   Operation 53 'specloopname' 'specloopname_ln0' <Predicate = true> <Delay = 0.00>
ST_4 : Operation 54 [1/1] (0.00ns)   --->   "%speclooptripcount_ln0 = speclooptripcount void @_ssdm_op_SpecLoopTripCount, i64 12288, i64 12288, i64 12288"   --->   Operation 54 'speclooptripcount' 'speclooptripcount_ln0' <Predicate = true> <Delay = 0.00>
ST_4 : Operation 55 [1/1] (0.28ns)   --->   "%select_ln28_2 = select i1 %icmp_ln31, i32 %s_0_11_load_1, i32 %s_0_load" [HLS-benchmarks/Inter-Block/substring/substring.cpp:28]   --->   Operation 55 'select' 'select_ln28_2' <Predicate = true> <Delay = 0.28> <CoreInst = "Sel">   --->   Core 73 'Sel' <Latency = 0> <II = 1> <Delay = 0.28> <FuncUnit> <Opcode : 'select'> <InPorts = 3> <OutPorts = 1>
ST_4 : Operation 56 [1/1] (0.00ns)   --->   "%specpipeline_ln30 = specpipeline void @_ssdm_op_SpecPipeline, i32 4294967295, i32 0, i32 0, i32 0, void @empty_0" [HLS-benchmarks/Inter-Block/substring/substring.cpp:30]   --->   Operation 56 'specpipeline' 'specpipeline_ln30' <Predicate = true> <Delay = 0.00>
ST_4 : Operation 57 [1/1] (0.00ns) (grouped into LUT with out node match_6)   --->   "%select_ln38 = select i1 %icmp_ln38, i32 0, i32 1" [HLS-benchmarks/Inter-Block/substring/substring.cpp:38]   --->   Operation 57 'select' 'select_ln38' <Predicate = true> <Delay = 0.00> <CoreInst = "Sel">   --->   Core 73 'Sel' <Latency = 0> <II = 1> <Delay = 0.34> <FuncUnit> <Opcode : 'select'> <InPorts = 3> <OutPorts = 1>
ST_4 : Operation 58 [1/1] (0.00ns) (grouped into LUT with out node match_6)   --->   "%or_ln38 = or i1 %icmp_ln38, i1 %icmp_ln31" [HLS-benchmarks/Inter-Block/substring/substring.cpp:38]   --->   Operation 58 'or' 'or_ln38' <Predicate = true> <Delay = 0.00> <CoreInst = "LogicGate">   --->   Core 74 'LogicGate' <Latency = 0> <II = 1> <Delay = 0.14> <FuncUnit> <Opcode : 'and' 'or' 'xor'> <InPorts = 2> <OutPorts = 1>
ST_4 : Operation 59 [1/1] (0.34ns) (out node of the LUT)   --->   "%match_6 = select i1 %or_ln38, i32 %select_ln38, i32 %match_load" [HLS-benchmarks/Inter-Block/substring/substring.cpp:38]   --->   Operation 59 'select' 'match_6' <Predicate = true> <Delay = 0.34> <CoreInst = "Sel">   --->   Core 73 'Sel' <Latency = 0> <II = 1> <Delay = 0.28> <FuncUnit> <Opcode : 'select'> <InPorts = 3> <OutPorts = 1>
ST_4 : Operation 60 [1/1] (1.14ns)   --->   "%icmp_ln41 = icmp_eq  i32 %match_6, i32 1" [HLS-benchmarks/Inter-Block/substring/substring.cpp:41]   --->   Operation 60 'icmp' 'icmp_ln41' <Predicate = true> <Delay = 1.14> <CoreInst = "Cmp">   --->   Core 9 'Cmp' <Latency = 0> <II = 1> <Delay = 1.14> <FuncUnit> <Opcode : 'icmp'> <InPorts = 2> <OutPorts = 1>
ST_4 : Operation 61 [1/1] (1.14ns)   --->   "%add_ln42 = add i32 %select_ln28_2, i32 1" [HLS-benchmarks/Inter-Block/substring/substring.cpp:42]   --->   Operation 61 'add' 'add_ln42' <Predicate = true> <Delay = 1.14> <CoreInst = "Adder">   --->   Core 1 'Adder' <Latency = 0> <II = 1> <Delay = 1.14> <FuncUnit> <Opcode : 'add' 'sub'> <InPorts = 2> <OutPorts = 1>
ST_4 : Operation 62 [1/1] (0.28ns)   --->   "%s_0_1 = select i1 %icmp_ln41, i32 %add_ln42, i32 %select_ln28_2" [HLS-benchmarks/Inter-Block/substring/substring.cpp:41]   --->   Operation 62 'select' 's_0_1' <Predicate = true> <Delay = 0.28> <CoreInst = "Sel">   --->   Core 73 'Sel' <Latency = 0> <II = 1> <Delay = 0.28> <FuncUnit> <Opcode : 'select'> <InPorts = 3> <OutPorts = 1>
ST_4 : Operation 63 [1/1] (0.46ns)   --->   "%store_ln18 = store i32 %select_ln28_2, i32 %s_0" [HLS-benchmarks/Inter-Block/substring/substring.cpp:18]   --->   Operation 63 'store' 'store_ln18' <Predicate = true> <Delay = 0.46>
ST_4 : Operation 64 [1/1] (0.00ns)   --->   "%store_ln41 = store i32 %s_0_1, i32 %s_0_11" [HLS-benchmarks/Inter-Block/substring/substring.cpp:41]   --->   Operation 64 'store' 'store_ln41' <Predicate = true> <Delay = 0.00>
ST_4 : Operation 65 [1/1] (0.46ns)   --->   "%store_ln30 = store i32 %match_6, i32 %match" [HLS-benchmarks/Inter-Block/substring/substring.cpp:30]   --->   Operation 65 'store' 'store_ln30' <Predicate = true> <Delay = 0.46>
ST_4 : Operation 66 [1/1] (0.00ns)   --->   "%br_ln31 = br void %for.body3" [HLS-benchmarks/Inter-Block/substring/substring.cpp:31]   --->   Operation 66 'br' 'br_ln31' <Predicate = true> <Delay = 0.00>


============================================================
+ Verbose Summary: Timing violations
============================================================
Target clock period: 5.000ns, clock uncertainty: 1.350ns.

 <State 1>: 2.507ns
The critical path consists of the following:
	'store' operation 0 bit ('store_ln29', HLS-benchmarks/Inter-Block/substring/substring.cpp:29) of constant 0 on local variable 'j', HLS-benchmarks/Inter-Block/substring/substring.cpp:29 [15]  (0.460 ns)
	'load' operation 2 bit ('j_load', HLS-benchmarks/Inter-Block/substring/substring.cpp:31) on local variable 'j', HLS-benchmarks/Inter-Block/substring/substring.cpp:29 [25]  (0.000 ns)
	'icmp' operation 1 bit ('icmp_ln31', HLS-benchmarks/Inter-Block/substring/substring.cpp:31) [31]  (0.621 ns)
	'select' operation 2 bit ('select_ln28', HLS-benchmarks/Inter-Block/substring/substring.cpp:28) [32]  (0.345 ns)
	'add' operation 2 bit ('add_ln38', HLS-benchmarks/Inter-Block/substring/substring.cpp:38) [48]  (0.621 ns)
	'store' operation 0 bit ('store_ln29', HLS-benchmarks/Inter-Block/substring/substring.cpp:29) of variable 'add_ln38', HLS-benchmarks/Inter-Block/substring/substring.cpp:38 on local variable 'j', HLS-benchmarks/Inter-Block/substring/substring.cpp:29 [61]  (0.460 ns)

 <State 2>: 2.324ns
The critical path consists of the following:
	'add' operation 13 bit ('add_ln32', HLS-benchmarks/Inter-Block/substring/substring.cpp:32) [38]  (1.027 ns)
	'getelementptr' operation 12 bit ('str_0_addr', HLS-benchmarks/Inter-Block/substring/substring.cpp:35) [42]  (0.000 ns)
	'load' operation 32 bit ('c', HLS-benchmarks/Inter-Block/substring/substring.cpp:35) on array 'str_0' [43]  (1.297 ns)

 <State 3>: 2.439ns
The critical path consists of the following:
	'load' operation 32 bit ('c', HLS-benchmarks/Inter-Block/substring/substring.cpp:35) on array 'str_0' [43]  (1.297 ns)
	'select' operation 32 bit ('c', HLS-benchmarks/Inter-Block/substring/substring.cpp:34) [47]  (0.000 ns)
	'icmp' operation 1 bit ('icmp_ln38', HLS-benchmarks/Inter-Block/substring/substring.cpp:38) [50]  (1.142 ns)

 <State 4>: 1.773ns
The critical path consists of the following:
	'load' operation 32 bit ('match_load', HLS-benchmarks/Inter-Block/substring/substring.cpp:38) on local variable 'match', HLS-benchmarks/Inter-Block/substring/substring.cpp:30 [24]  (0.000 ns)
	'select' operation 32 bit ('match', HLS-benchmarks/Inter-Block/substring/substring.cpp:38) [53]  (0.345 ns)
	'icmp' operation 1 bit ('icmp_ln41', HLS-benchmarks/Inter-Block/substring/substring.cpp:41) [54]  (1.142 ns)
	'select' operation 32 bit ('s_0', HLS-benchmarks/Inter-Block/substring/substring.cpp:41) [56]  (0.286 ns)


============================================================
+ Verbose Summary: Binding
============================================================
N/A
* FSMD analyzer results:
  - Output states:
 - Input state : 
  - Chain level:
	State 1
	State 2
	State 3
	State 4


============================================================
+ Verbose Summary: Datapath Resource usage 
============================================================
N/A
