

================================================================
== Vitis HLS Report for 'face_detect_Pipeline_nearestNeighborL1_nearestNeighborL1_1'
================================================================
* Date:           Mon Jun 17 16:50:01 2024

* Version:        2023.2 (Build 4023990 on Oct 11 2023)
* Project:        face_detect_ahls
* Solution:       solution1 (Vivado IP Flow Target)
* Product family: virtexuplusHBM
* Target device:  xcvu35p-fsvh2104-1-e


================================================================
== Performance Estimates
================================================================
+ Timing: 
    * Summary: 
    +--------+---------+----------+------------+
    |  Clock |  Target | Estimated| Uncertainty|
    +--------+---------+----------+------------+
    |ap_clk  |  5.00 ns|  3.540 ns|     1.35 ns|
    +--------+---------+----------+------------+

+ Latency: 
    * Summary: 
    +---------+---------+----------+----------+-------+-------+---------+
    |  Latency (cycles) |  Latency (absolute) |    Interval   | Pipeline|
    |   min   |   max   |    min   |    max   |  min  |  max  |   Type  |
    +---------+---------+----------+----------+-------+-------+---------+
    |    76804|    76804|  0.384 ms|  0.384 ms|  76804|  76804|       no|
    +---------+---------+----------+----------+-------+-------+---------+

    + Detail: 
        * Instance: 
        N/A

        * Loop: 
        +-----------------------------------------+---------+---------+----------+-----------+-----------+-------+----------+
        |                                         |  Latency (cycles) | Iteration|  Initiation Interval  |  Trip |          |
        |                Loop Name                |   min   |   max   |  Latency |  achieved |   target  | Count | Pipelined|
        +-----------------------------------------+---------+---------+----------+-----------+-----------+-------+----------+
        |- nearestNeighborL1_nearestNeighborL1_1  |    76802|    76802|         4|          1|          1|  76800|       yes|
        +-----------------------------------------+---------+---------+----------+-----------+-----------+-------+----------+



================================================================
== Utilization Estimates
================================================================
* Summary: 
+---------------------+---------+------+---------+--------+-----+
|         Name        | BRAM_18K|  DSP |    FF   |   LUT  | URAM|
+---------------------+---------+------+---------+--------+-----+
|DSP                  |        -|     -|        -|       -|    -|
|Expression           |        -|     -|        0|     280|    -|
|FIFO                 |        -|     -|        -|       -|    -|
|Instance             |        -|     3|        0|      79|    -|
|Memory               |        -|     -|        -|       -|    -|
|Multiplexer          |        -|     -|        -|      54|    -|
|Register             |        -|     -|      152|       -|    -|
+---------------------+---------+------+---------+--------+-----+
|Total                |        0|     3|      152|     413|    0|
+---------------------+---------+------+---------+--------+-----+
|Available SLR        |     1344|  2976|   871680|  435840|  320|
+---------------------+---------+------+---------+--------+-----+
|Utilization SLR (%)  |        0|    ~0|       ~0|      ~0|    0|
+---------------------+---------+------+---------+--------+-----+
|Available            |     2688|  5952|  1743360|  871680|  640|
+---------------------+---------+------+---------+--------+-----+
|Utilization (%)      |        0|    ~0|       ~0|      ~0|    0|
+---------------------+---------+------+---------+--------+-----+

+ Detail: 
    * Instance: 
    +-----------------------+--------------------+---------+----+---+----+-----+
    |        Instance       |       Module       | BRAM_18K| DSP| FF| LUT| URAM|
    +-----------------------+--------------------+---------+----+---+----+-----+
    |mul_8ns_24s_24_1_1_U2  |mul_8ns_24s_24_1_1  |        0|   1|  0|  42|    0|
    |mul_9ns_28s_32_1_1_U1  |mul_9ns_28s_32_1_1  |        0|   2|  0|  37|    0|
    +-----------------------+--------------------+---------+----+---+----+-----+
    |Total                  |                    |        0|   3|  0|  79|    0|
    +-----------------------+--------------------+---------+----+---+----+-----+

    * DSP: 
    N/A

    * Memory: 
    N/A

    * FIFO: 
    N/A

    * Expression: 
    +------------------------+----------+----+---+----+------------+------------+
    |      Variable Name     | Operation| DSP| FF| LUT| Bitwidth P0| Bitwidth P1|
    +------------------------+----------+----+---+----+------------+------------+
    |add_ln361_1_fu_170_p2   |         +|   0|  0|  24|          17|           1|
    |add_ln361_fu_182_p2     |         +|   0|  0|  15|           8|           1|
    |add_ln364_fu_219_p2     |         +|   0|  0|  16|           9|           1|
    |add_ln368_1_fu_344_p2   |         +|   0|  0|  24|          17|          17|
    |add_ln368_2_fu_353_p2   |         +|   0|  0|  17|          17|          17|
    |add_ln368_3_fu_367_p2   |         +|   0|  0|  24|          17|          17|
    |add_ln368_fu_316_p2     |         +|   0|  0|  17|          17|          17|
    |icmp_ln361_fu_164_p2    |      icmp|   0|  0|  24|          17|          17|
    |icmp_ln364_fu_188_p2    |      icmp|   0|  0|  16|           9|           9|
    |icmp_ln366_fu_267_p2    |      icmp|   0|  0|  39|          32|          32|
    |slt_fu_214_p2           |      icmp|   0|  0|  39|          32|          32|
    |or_ln366_fu_278_p2      |        or|   0|  0|   2|           1|           1|
    |select_ln347_fu_194_p3  |    select|   0|  0|   9|           1|           1|
    |select_ln361_fu_202_p3  |    select|   0|  0|   8|           1|           8|
    |ap_enable_pp0           |       xor|   0|  0|   2|           1|           2|
    |rev_fu_258_p2           |       xor|   0|  0|   2|           1|           2|
    |xor_ln366_fu_272_p2     |       xor|   0|  0|   2|           1|           2|
    +------------------------+----------+----+---+----+------------+------------+
    |Total                   |          |   0|  0| 280|         198|         177|
    +------------------------+----------+----+---+----+------------+------------+

    * Multiplexer: 
    +-------------------------+----+-----------+-----+-----------+
    |           Name          | LUT| Input Size| Bits| Total Bits|
    +-------------------------+----+-----------+-----+-----------+
    |ap_done_int              |   9|          2|    1|          2|
    |ap_enable_reg_pp0_iter1  |   9|          2|    1|          2|
    |ap_enable_reg_pp0_iter2  |   9|          2|    1|          2|
    |i_fu_80                  |   9|          2|    8|         16|
    |indvar_flatten_fu_84     |   9|          2|   17|         34|
    |j_fu_76                  |   9|          2|    9|         18|
    +-------------------------+----+-----------+-----+-----------+
    |Total                    |  54|         12|   37|         74|
    +-------------------------+----+-----------+-----+-----------+

    * Register: 
    +------------------------------------+----+----+-----+-----------+
    |                Name                | FF | LUT| Bits| Const Bits|
    +------------------------------------+----+----+-----+-----------+
    |IMG1_data_addr_reg_456              |  17|   0|   17|          0|
    |ap_CS_fsm                           |   1|   0|    1|          0|
    |ap_done_reg                         |   1|   0|    1|          0|
    |ap_enable_reg_pp0_iter1             |   1|   0|    1|          0|
    |ap_enable_reg_pp0_iter2             |   1|   0|    1|          0|
    |ap_enable_reg_pp0_iter3             |   1|   0|    1|          0|
    |ap_enable_reg_pp0_iter4             |   1|   0|    1|          0|
    |ap_loop_exit_ready_pp0_iter2_reg    |   1|   0|    1|          0|
    |ap_loop_exit_ready_pp0_iter3_reg    |   1|   0|    1|          0|
    |i_fu_80                             |   8|   0|    8|          0|
    |indvar_flatten_fu_84                |  17|   0|   17|          0|
    |j_fu_76                             |   9|   0|    9|          0|
    |or_ln366_reg_447                    |   1|   0|    1|          0|
    |or_ln366_reg_447_pp0_iter3_reg      |   1|   0|    1|          0|
    |select_ln347_reg_423                |   9|   0|    9|          0|
    |select_ln347_reg_423_pp0_iter2_reg  |   9|   0|    9|          0|
    |select_ln361_reg_429                |   8|   0|    8|          0|
    |select_ln361_reg_429_pp0_iter2_reg  |   8|   0|    8|          0|
    |sext_ln357_1_cast_reg_414           |  32|   0|   32|          0|
    |slt_reg_436                         |   1|   0|    1|          0|
    |tmp_10_reg_441                      |   8|   0|    8|          0|
    |trunc_ln7_reg_451                   |  16|   0|   16|          0|
    +------------------------------------+----+----+-----+-----------+
    |Total                               | 152|   0|  152|          0|
    +------------------------------------+----+----+-----+-----------+



================================================================
== Interface
================================================================
* Summary: 
+--------------------+-----+-----+------------+------------------------------------------------------------+--------------+
|      RTL Ports     | Dir | Bits|  Protocol  |                        Source Object                       |    C Type    |
+--------------------+-----+-----+------------+------------------------------------------------------------+--------------+
|ap_clk              |   in|    1|  ap_ctrl_hs|  face_detect_Pipeline_nearestNeighborL1_nearestNeighborL1_1|  return value|
|ap_rst              |   in|    1|  ap_ctrl_hs|  face_detect_Pipeline_nearestNeighborL1_nearestNeighborL1_1|  return value|
|ap_start            |   in|    1|  ap_ctrl_hs|  face_detect_Pipeline_nearestNeighborL1_nearestNeighborL1_1|  return value|
|ap_done             |  out|    1|  ap_ctrl_hs|  face_detect_Pipeline_nearestNeighborL1_nearestNeighborL1_1|  return value|
|ap_idle             |  out|    1|  ap_ctrl_hs|  face_detect_Pipeline_nearestNeighborL1_nearestNeighborL1_1|  return value|
|ap_ready            |  out|    1|  ap_ctrl_hs|  face_detect_Pipeline_nearestNeighborL1_nearestNeighborL1_1|  return value|
|y_ratio             |   in|   24|     ap_none|                                                     y_ratio|        scalar|
|result_19           |   in|   32|     ap_none|                                                   result_19|        scalar|
|IMG1_data_address0  |  out|   17|   ap_memory|                                                   IMG1_data|         array|
|IMG1_data_ce0       |  out|    1|   ap_memory|                                                   IMG1_data|         array|
|IMG1_data_we0       |  out|    1|   ap_memory|                                                   IMG1_data|         array|
|IMG1_data_d0        |  out|    8|   ap_memory|                                                   IMG1_data|         array|
|result_18           |   in|   32|     ap_none|                                                   result_18|        scalar|
|sext_ln357_1        |   in|   28|     ap_none|                                                sext_ln357_1|        scalar|
|Data_address0       |  out|   17|   ap_memory|                                                        Data|         array|
|Data_ce0            |  out|    1|   ap_memory|                                                        Data|         array|
|Data_q0             |   in|    8|   ap_memory|                                                        Data|         array|
+--------------------+-----+-----+------------+------------------------------------------------------------+--------------+

