================================================================
== Vivado Place & Route Results
================================================================
+ General Information:
    * Date:            Wed Jul 09 04:14:46 -03 2025
    * Version:         2023.2 (Build 4023990 on Oct 11 2023)
    * Project:         SHA
    * Solution:        solution0 (Vivado IP Flow Target)
    * Product family:  virtexuplusHBM
    * Target device:   xcu50-fsvh2104-2-e


================================================================
== Run Constraints & Options
================================================================
+ Design Constraints & Options:
    * Place & Route target clock:  8 ns
    * C-Synthesis target clock:    8 ns
    * C-Synthesis uncertainty:     27%

+ RTL Synthesis Options:
    * config_export -vivado_synth_strategy:     default
    * config_export -vivado_synth_design_args:  -directive sdx_optimization_effort_high

+ Place & Route Options:
    * config_export -vivado_impl_strategy:  default
    * config_export -vivado_phys_opt:       none

+ Reporting Options:
    * config_export -vivado_report_level:      2
    * config_export -vivado_max_timing_paths:  10


================================================================
== Place & Route Resource Summary
================================================================
LUT:              2858
FF:               2660
DSP:              0
BRAM:             16
URAM:             0
SRL:              0


================================================================
== Place & Route Timing Summary
================================================================
* Timing was met
+----------------+-------------+
| Timing         | Period (ns) |
+----------------+-------------+
| Target         | 8.000       |
| Post-Synthesis | 2.617       |
| Post-Route     | 3.665       |
+----------------+-------------+


================================================================
== Place & Route Resources
================================================================
+-------------------------------------------------------------------------+------+------+-----+------+------+-----+--------+------+---------+----------+--------+
| Name                                                                    | LUT  | FF   | DSP | BRAM | URAM | SRL | Pragma | Impl | Latency | Variable | Source |
+-------------------------------------------------------------------------+------+------+-----+------+------+-----+--------+------+---------+----------+--------+
| inst                                                                    | 2858 | 2660 |     | 16   |      |     |        |      |         |          |        |
|   (inst)                                                                | 8    | 116  |     |      |      |     |        |      |         |          |        |
|   grp_sha_final_fu_136                                                  | 1247 | 1194 |     | 2    |      |     |        |      |         |          |        |
|     (grp_sha_final_fu_136)                                              | 12   | 32   |     |      |      |     |        |      |         |          |        |
|     grp_local_memset_fu_64                                              | 48   | 39   |     |      |      |     |        |      |         |          |        |
|     grp_sha_transform_fu_74                                             | 1187 | 1123 |     | 2    |      |     |        |      |         |          |        |
|       (grp_sha_transform_fu_74)                                         | 896  | 1123 |     |      |      |     |        |      |         |          |        |
|       W_U                                                               | 291  |      |     | 2    |      |     |        |      |         |          |        |
|   grp_sha_init_fu_126                                                   | 8    | 3    |     |      |      |     |        |      |         |          |        |
|   grp_sha_stream_Pipeline_sha_stream_label1_VITIS_LOOP_207_1_fu_118     | 55   | 47   |     |      |      |     |        |      |         |          |        |
|     (grp_sha_stream_Pipeline_sha_stream_label1_VITIS_LOOP_207_1_fu_118) | 6    | 45   |     |      |      |     |        |      |         |          |        |
|     flow_control_loop_pipe_sequential_init_U                            | 49   | 2    |     |      |      |     |        |      |         |          |        |
|   grp_sha_update_fu_148                                                 | 1526 | 1300 |     | 2    |      |     |        |      |         |          |        |
|     (grp_sha_update_fu_148)                                             | 150  | 92   |     |      |      |     |        |      |         |          |        |
|     grp_local_memcpy_fu_88                                              | 172  | 85   |     |      |      |     |        |      |         |          |        |
|     grp_sha_transform_fu_100                                            | 1204 | 1123 |     | 2    |      |     |        |      |         |          |        |
|       (grp_sha_transform_fu_100)                                        | 913  | 1123 |     |      |      |     |        |      |         |          |        |
|       W_U                                                               | 291  |      |     | 2    |      |     |        |      |         |          |        |
|   local_indata_U                                                        | 16   |      |     | 8    |      |     |        |      |         |          |        |
|   sha_info_data_U                                                       |      |      |     | 2    |      |     |        |      |         |          |        |
|   sha_info_digest_U                                                     | 1    |      |     | 2    |      |     |        |      |         |          |        |
+-------------------------------------------------------------------------+------+------+-----+------+------+-----+--------+------+---------+----------+--------+


================================================================
== Place & Route Fail Fast
================================================================
+-----------------------------------------------------------+-----------+--------+--------+
| Criteria                                                  | Guideline | Actual | Status |
+-----------------------------------------------------------+-----------+--------+--------+
| LUT                                                       | 70%       | 0.33%  | OK     |
| FD                                                        | 50%       | 0.15%  | OK     |
| LUTRAM+SRL                                                | 25%       | 0.00%  | OK     |
| CARRY8                                                    | 25%       | 0.13%  | OK     |
| MUXF7                                                     | 15%       | 0.01%  | OK     |
| DSP                                                       | 80%       | 0.00%  | OK     |
| RAMB/FIFO                                                 | 80%       | 0.60%  | OK     |
| URAM                                                      | 80%       | 0.00%  | OK     |
| DSP+RAMB+URAM (Avg)                                       | 70%       | 0.60%  | OK     |
| BUFGCE* + BUFGCTRL                                        | 24        | 0      | OK     |
| DONT_TOUCH (cells/nets)                                   | 0         | 0      | OK     |
| MARK_DEBUG (nets)                                         | 0         | 0      | OK     |
| Control Sets                                              | 16344     | 72     | OK     |
| Average Fanout for modules > 100k cells                   | 4         | 2.74   | OK     |
| Max Average Fanout for modules > 100k cells               | 4         | 0      | OK     |
| Non-FD high fanout nets > 10k loads                       | 0         | 0      | OK     |
+-----------------------------------------------------------+-----------+--------+--------+
| TIMING-6 (No common primary clock between related clocks) | 0         | 0      | OK     |
| TIMING-7 (No common node between related clocks)          | 0         | 0      | OK     |
| TIMING-8 (No common period between related clocks)        | 0         | 0      | OK     |
| TIMING-14 (LUT on the clock tree)                         | 0         | 0      | OK     |
| TIMING-35 (No common node in paths with the same clock)   | 0         | 0      | OK     |
+-----------------------------------------------------------+-----------+--------+--------+
| Number of paths above max LUT budgeting (0.300ns)         | 0         | 0      | OK     |
| Number of paths above max Net budgeting (0.208ns)         | 0         | 0      | OK     |
+-----------------------------------------------------------+-----------+--------+--------+


================================================================
== Place & Route Timing Paths
================================================================
* Timing was met
+-------+-------+-----------------------------------------------------------------------------+-----------------------------------------------------------------------+--------------+------------+----------------+----------------+--------------+
| Path  | SLACK | STARTPOINT PIN                                                              | ENDPOINT PIN                                                          | LOGIC LEVELS | MAX FANOUT | DATAPATH DELAY | DATAPATH LOGIC | DATAPATH NET |
|       |       |                                                                             |                                                                       |              |            |                |          DELAY |        DELAY |
+-------+-------+-----------------------------------------------------------------------------+-----------------------------------------------------------------------+--------------+------------+----------------+----------------+--------------+
| Path1 | 4.335 | grp_sha_final_fu_136/grp_sha_transform_fu_74/W_U/ram_reg_bram_0/CLKBWRCLK   | grp_sha_final_fu_136/grp_sha_transform_fu_74/B_10_reg_296_reg[22]/D   |            4 |          6 |          3.599 |          1.431 |        2.168 |
| Path2 | 4.452 | grp_sha_final_fu_136/grp_sha_transform_fu_74/W_U/ram_reg_bram_0/CLKBWRCLK   | grp_sha_final_fu_136/grp_sha_transform_fu_74/B_10_reg_296_reg[29]/D   |            5 |          6 |          3.483 |          1.503 |        1.980 |
| Path3 | 4.455 | grp_sha_update_fu_148/grp_sha_transform_fu_100/W_U/ram_reg_bram_0/CLKARDCLK | grp_sha_update_fu_148/grp_sha_transform_fu_100/B_11_reg_317_reg[31]/D |            6 |          6 |          3.479 |          1.582 |        1.897 |
| Path4 | 4.462 | grp_sha_final_fu_136/grp_sha_transform_fu_74/W_U/ram_reg_bram_0/CLKBWRCLK   | grp_sha_final_fu_136/grp_sha_transform_fu_74/B_10_reg_296_reg[23]/D   |            4 |          6 |          3.473 |          1.492 |        1.981 |
| Path5 | 4.476 | grp_sha_final_fu_136/grp_sha_transform_fu_74/W_U/ram_reg_bram_0/CLKBWRCLK   | grp_sha_final_fu_136/grp_sha_transform_fu_74/B_10_reg_296_reg[31]/D   |            5 |          6 |          3.459 |          1.574 |        1.885 |
+-------+-------+-----------------------------------------------------------------------------+-----------------------------------------------------------------------+--------------+------------+----------------+----------------+--------------+

    +---------------------------------------------------------------------------+------------------------+
    | Path1 Cells                                                               | Primitive Type         |
    +---------------------------------------------------------------------------+------------------------+
    | grp_sha_final_fu_136/grp_sha_transform_fu_74/W_U/ram_reg_bram_0           | BLOCKRAM.BRAM.RAMB36E2 |
    | grp_sha_final_fu_136/grp_sha_transform_fu_74/W_U/B_10_reg_296[23]_i_9     | CLB.LUT.LUT3           |
    | grp_sha_final_fu_136/grp_sha_transform_fu_74/W_U/B_10_reg_296[23]_i_17    | CLB.LUT.LUT4           |
    | grp_sha_final_fu_136/grp_sha_transform_fu_74/W_U/B_10_reg_296_reg[23]_i_2 | CLB.CARRY.CARRY8       |
    | grp_sha_final_fu_136/grp_sha_transform_fu_74/W_U/B_10_reg_296[22]_i_1     | CLB.LUT.LUT3           |
    | grp_sha_final_fu_136/grp_sha_transform_fu_74/B_10_reg_296_reg[22]         | REGISTER.SDR.FDRE      |
    +---------------------------------------------------------------------------+------------------------+

    +---------------------------------------------------------------------------+------------------------+
    | Path2 Cells                                                               | Primitive Type         |
    +---------------------------------------------------------------------------+------------------------+
    | grp_sha_final_fu_136/grp_sha_transform_fu_74/W_U/ram_reg_bram_0           | BLOCKRAM.BRAM.RAMB36E2 |
    | grp_sha_final_fu_136/grp_sha_transform_fu_74/W_U/B_10_reg_296[23]_i_9     | CLB.LUT.LUT3           |
    | grp_sha_final_fu_136/grp_sha_transform_fu_74/W_U/B_10_reg_296[23]_i_17    | CLB.LUT.LUT4           |
    | grp_sha_final_fu_136/grp_sha_transform_fu_74/W_U/B_10_reg_296_reg[23]_i_2 | CLB.CARRY.CARRY8       |
    | grp_sha_final_fu_136/grp_sha_transform_fu_74/W_U/B_10_reg_296_reg[31]_i_2 | CLB.CARRY.CARRY8       |
    | grp_sha_final_fu_136/grp_sha_transform_fu_74/W_U/B_10_reg_296[29]_i_1     | CLB.LUT.LUT3           |
    | grp_sha_final_fu_136/grp_sha_transform_fu_74/B_10_reg_296_reg[29]         | REGISTER.SDR.FDRE      |
    +---------------------------------------------------------------------------+------------------------+

    +--------------------------------------------------------------------------------+------------------------+
    | Path3 Cells                                                                    | Primitive Type         |
    +--------------------------------------------------------------------------------+------------------------+
    | grp_sha_update_fu_148/grp_sha_transform_fu_100/W_U/ram_reg_bram_0              | BLOCKRAM.BRAM.RAMB36E2 |
    | grp_sha_update_fu_148/grp_sha_transform_fu_100/W_U/B_11_reg_317[15]_i_9__0     | CLB.LUT.LUT3           |
    | grp_sha_update_fu_148/grp_sha_transform_fu_100/W_U/B_11_reg_317[15]_i_17__0    | CLB.LUT.LUT4           |
    | grp_sha_update_fu_148/grp_sha_transform_fu_100/W_U/B_11_reg_317_reg[15]_i_2__0 | CLB.CARRY.CARRY8       |
    | grp_sha_update_fu_148/grp_sha_transform_fu_100/W_U/B_11_reg_317_reg[23]_i_2__0 | CLB.CARRY.CARRY8       |
    | grp_sha_update_fu_148/grp_sha_transform_fu_100/W_U/B_11_reg_317_reg[31]_i_3__0 | CLB.CARRY.CARRY8       |
    | grp_sha_update_fu_148/grp_sha_transform_fu_100/W_U/B_11_reg_317[31]_i_2__0     | CLB.LUT.LUT3           |
    | grp_sha_update_fu_148/grp_sha_transform_fu_100/B_11_reg_317_reg[31]            | REGISTER.SDR.FDRE      |
    +--------------------------------------------------------------------------------+------------------------+

    +---------------------------------------------------------------------------+------------------------+
    | Path4 Cells                                                               | Primitive Type         |
    +---------------------------------------------------------------------------+------------------------+
    | grp_sha_final_fu_136/grp_sha_transform_fu_74/W_U/ram_reg_bram_0           | BLOCKRAM.BRAM.RAMB36E2 |
    | grp_sha_final_fu_136/grp_sha_transform_fu_74/W_U/B_10_reg_296[23]_i_9     | CLB.LUT.LUT3           |
    | grp_sha_final_fu_136/grp_sha_transform_fu_74/W_U/B_10_reg_296[23]_i_17    | CLB.LUT.LUT4           |
    | grp_sha_final_fu_136/grp_sha_transform_fu_74/W_U/B_10_reg_296_reg[23]_i_2 | CLB.CARRY.CARRY8       |
    | grp_sha_final_fu_136/grp_sha_transform_fu_74/W_U/B_10_reg_296[23]_i_1     | CLB.LUT.LUT3           |
    | grp_sha_final_fu_136/grp_sha_transform_fu_74/B_10_reg_296_reg[23]         | REGISTER.SDR.FDRE      |
    +---------------------------------------------------------------------------+------------------------+

    +---------------------------------------------------------------------------+------------------------+
    | Path5 Cells                                                               | Primitive Type         |
    +---------------------------------------------------------------------------+------------------------+
    | grp_sha_final_fu_136/grp_sha_transform_fu_74/W_U/ram_reg_bram_0           | BLOCKRAM.BRAM.RAMB36E2 |
    | grp_sha_final_fu_136/grp_sha_transform_fu_74/W_U/B_10_reg_296[23]_i_9     | CLB.LUT.LUT3           |
    | grp_sha_final_fu_136/grp_sha_transform_fu_74/W_U/B_10_reg_296[23]_i_17    | CLB.LUT.LUT4           |
    | grp_sha_final_fu_136/grp_sha_transform_fu_74/W_U/B_10_reg_296_reg[23]_i_2 | CLB.CARRY.CARRY8       |
    | grp_sha_final_fu_136/grp_sha_transform_fu_74/W_U/B_10_reg_296_reg[31]_i_2 | CLB.CARRY.CARRY8       |
    | grp_sha_final_fu_136/grp_sha_transform_fu_74/W_U/B_10_reg_296[31]_i_1     | CLB.LUT.LUT3           |
    | grp_sha_final_fu_136/grp_sha_transform_fu_74/B_10_reg_296_reg[31]         | REGISTER.SDR.FDRE      |
    +---------------------------------------------------------------------------+------------------------+


================================================================
== Place & Route Vivado Reports
================================================================
+--------------------------+--------------------------------------------------------------------+
| Report Type              | Report Location                                                    |
+--------------------------+--------------------------------------------------------------------+
| design_analysis          | impl/verilog/report/sha_stream_design_analysis_routed.rpt          |
| failfast                 | impl/verilog/report/sha_stream_failfast_routed.rpt                 |
| status                   | impl/verilog/report/sha_stream_status_routed.rpt                   |
| timing                   | impl/verilog/report/sha_stream_timing_routed.rpt                   |
| timing_paths             | impl/verilog/report/sha_stream_timing_paths_routed.rpt             |
| utilization              | impl/verilog/report/sha_stream_utilization_routed.rpt              |
| utilization_hierarchical | impl/verilog/report/sha_stream_utilization_hierarchical_routed.rpt |
+--------------------------+--------------------------------------------------------------------+


