

================================================================
== Vitis HLS Report for 'rendering_Pipeline_ZCULLING'
================================================================
* Date:           Sun Jun 23 07:16:12 2024

* Version:        2023.2 (Build 4023990 on Oct 11 2023)
* Project:        rendering
* Solution:       solution1 (Vivado IP Flow Target)
* Product family: zynq
* Target device:  xc7z020-clg400-1


================================================================
== Performance Estimates
================================================================
+ Timing: 
    * Summary: 
    +--------+---------+----------+------------+
    |  Clock |  Target | Estimated| Uncertainty|
    +--------+---------+----------+------------+
    |ap_clk  |  5.00 ns|  4.842 ns|     1.35 ns|
    +--------+---------+----------+------------+

+ Latency: 
    * Summary: 
    +---------+---------+----------+----------+-----+-----+---------+
    |  Latency (cycles) |  Latency (absolute) |  Interval | Pipeline|
    |   min   |   max   |    min   |    max   | min | max |   Type  |
    +---------+---------+----------+----------+-----+-----+---------+
    |        ?|        ?|         ?|         ?|    ?|    ?|       no|
    +---------+---------+----------+----------+-----+-----+---------+

    + Detail: 
        * Instance: 
        N/A

        * Loop: 
        +------------+---------+---------+----------+-----------+-----------+------+----------+
        |            |  Latency (cycles) | Iteration|  Initiation Interval  | Trip |          |
        |  Loop Name |   min   |   max   |  Latency |  achieved |   target  | Count| Pipelined|
        +------------+---------+---------+----------+-----------+-----------+------+----------+
        |- ZCULLING  |        ?|        ?|         7|          4|          1|     ?|       yes|
        +------------+---------+---------+----------+-----------+-----------+------+----------+



================================================================
== Utilization Estimates
================================================================
* Summary: 
+-----------------+---------+-----+--------+-------+-----+
|       Name      | BRAM_18K| DSP |   FF   |  LUT  | URAM|
+-----------------+---------+-----+--------+-------+-----+
|DSP              |        -|    -|       -|      -|    -|
|Expression       |        -|    -|       0|    133|    -|
|FIFO             |        -|    -|       -|      -|    -|
|Instance         |        -|    -|       -|      -|    -|
|Memory           |        -|    -|       -|      -|    -|
|Multiplexer      |        -|    -|       -|    102|    -|
|Register         |        -|    -|     252|      -|    -|
+-----------------+---------+-----+--------+-------+-----+
|Total            |        0|    0|     252|    235|    0|
+-----------------+---------+-----+--------+-------+-----+
|Available        |      280|  220|  106400|  53200|    0|
+-----------------+---------+-----+--------+-------+-----+
|Utilization (%)  |        0|    0|      ~0|     ~0|    0|
+-----------------+---------+-----+--------+-------+-----+

+ Detail: 
    * Instance: 
    N/A

    * DSP: 
    N/A

    * Memory: 
    N/A

    * FIFO: 
    N/A

    * Expression: 
    +------------------------+----------+----+---+----+------------+------------+
    |      Variable Name     | Operation| DSP| FF| LUT| Bitwidth P0| Bitwidth P1|
    +------------------------+----------+----+---+----+------------+------------+
    |add_ln212_fu_194_p2     |         +|   0|  0|  38|          31|           1|
    |pixel_cntr_1_fu_235_p2  |         +|   0|  0|  39|          32|           1|
    |icmp_ln212_fu_188_p2    |      icmp|   0|  0|  39|          32|          32|
    |icmp_ln214_fu_222_p2    |      icmp|   0|  0|  15|           8|           8|
    |ap_enable_pp0           |       xor|   0|  0|   2|           1|           2|
    +------------------------+----------+----+---+----+------------+------------+
    |Total                   |          |   0|  0| 133|         104|          44|
    +------------------------+----------+----+---+----+------------+------------+

    * Multiplexer: 
    +-----------------------------+----+-----------+-----+-----------+
    |             Name            | LUT| Input Size| Bits| Total Bits|
    +-----------------------------+----+-----------+-----+-----------+
    |ap_NS_fsm                    |  25|          5|    1|          5|
    |ap_done_int                  |   9|          2|    1|          2|
    |ap_enable_reg_pp0_iter0      |   9|          2|    1|          2|
    |ap_enable_reg_pp0_iter0_reg  |   9|          2|    1|          2|
    |ap_enable_reg_pp0_iter1      |   9|          2|    1|          2|
    |ap_sig_allocacmp_n_1         |   9|          2|   31|         62|
    |n_fu_46                      |   9|          2|   31|         62|
    |pixel_cntr_fu_50             |   9|          2|   32|         64|
    |z_buffer_address0            |  14|          3|   16|         48|
    +-----------------------------+----+-----------+-----+-----------+
    |Total                        | 102|         22|  115|        249|
    +-----------------------------+----+-----------+-----+-----------+

    * Register: 
    +-----------------------------+----+----+-----+-----------+
    |             Name            | FF | LUT| Bits| Const Bits|
    +-----------------------------+----+----+-----+-----------+
    |add_ln212_reg_268            |  31|   0|   31|          0|
    |ap_CS_fsm                    |   4|   0|    4|          0|
    |ap_done_reg                  |   1|   0|    1|          0|
    |ap_enable_reg_pp0_iter0_reg  |   1|   0|    1|          0|
    |ap_enable_reg_pp0_iter1      |   1|   0|    1|          0|
    |fragment_color_load_reg_335  |   6|   0|    6|          0|
    |fragment_x_load_reg_305      |   8|   0|    8|          0|
    |fragment_y_load_reg_299      |   8|   0|    8|          0|
    |fragment_z_load_reg_293      |   8|   0|    8|          0|
    |icmp_ln212_reg_264           |   1|   0|    1|          0|
    |icmp_ln214_reg_321           |   1|   0|    1|          0|
    |n_fu_46                      |  31|   0|   31|          0|
    |pixel_cntr_1_reg_340         |  32|   0|   32|          0|
    |pixel_cntr_fu_50             |  32|   0|   32|          0|
    |z_buffer_addr_reg_311        |  16|   0|   16|          0|
    |z_buffer_load_reg_316        |   8|   0|    8|          0|
    |zext_ln212_reg_273           |  31|   0|   64|         33|
    |zext_ln216_reg_330           |  32|   0|   64|         32|
    +-----------------------------+----+----+-----+-----------+
    |Total                        | 252|   0|  317|         65|
    +-----------------------------+----+----+-----+-----------+



================================================================
== Interface
================================================================
* Summary: 
+-------------------------+-----+-----+------------+-----------------------------+--------------+
|        RTL Ports        | Dir | Bits|  Protocol  |        Source Object        |    C Type    |
+-------------------------+-----+-----+------------+-----------------------------+--------------+
|ap_clk                   |   in|    1|  ap_ctrl_hs|  rendering_Pipeline_ZCULLING|  return value|
|ap_rst                   |   in|    1|  ap_ctrl_hs|  rendering_Pipeline_ZCULLING|  return value|
|ap_start                 |   in|    1|  ap_ctrl_hs|  rendering_Pipeline_ZCULLING|  return value|
|ap_done                  |  out|    1|  ap_ctrl_hs|  rendering_Pipeline_ZCULLING|  return value|
|ap_idle                  |  out|    1|  ap_ctrl_hs|  rendering_Pipeline_ZCULLING|  return value|
|ap_ready                 |  out|    1|  ap_ctrl_hs|  rendering_Pipeline_ZCULLING|  return value|
|size_fragment            |   in|   32|     ap_none|                size_fragment|        scalar|
|fragment_z_address0      |  out|    9|   ap_memory|                   fragment_z|         array|
|fragment_z_ce0           |  out|    1|   ap_memory|                   fragment_z|         array|
|fragment_z_q0            |   in|    8|   ap_memory|                   fragment_z|         array|
|fragment_y_address0      |  out|    9|   ap_memory|                   fragment_y|         array|
|fragment_y_ce0           |  out|    1|   ap_memory|                   fragment_y|         array|
|fragment_y_q0            |   in|    8|   ap_memory|                   fragment_y|         array|
|fragment_x_address0      |  out|    9|   ap_memory|                   fragment_x|         array|
|fragment_x_ce0           |  out|    1|   ap_memory|                   fragment_x|         array|
|fragment_x_q0            |   in|    8|   ap_memory|                   fragment_x|         array|
|pixels_x_address0        |  out|    9|   ap_memory|                     pixels_x|         array|
|pixels_x_ce0             |  out|    1|   ap_memory|                     pixels_x|         array|
|pixels_x_we0             |  out|    1|   ap_memory|                     pixels_x|         array|
|pixels_x_d0              |  out|    8|   ap_memory|                     pixels_x|         array|
|pixels_y_address0        |  out|    9|   ap_memory|                     pixels_y|         array|
|pixels_y_ce0             |  out|    1|   ap_memory|                     pixels_y|         array|
|pixels_y_we0             |  out|    1|   ap_memory|                     pixels_y|         array|
|pixels_y_d0              |  out|    8|   ap_memory|                     pixels_y|         array|
|fragment_color_address0  |  out|    9|   ap_memory|               fragment_color|         array|
|fragment_color_ce0       |  out|    1|   ap_memory|               fragment_color|         array|
|fragment_color_q0        |   in|    6|   ap_memory|               fragment_color|         array|
|pixels_color_address0    |  out|    9|   ap_memory|                 pixels_color|         array|
|pixels_color_ce0         |  out|    1|   ap_memory|                 pixels_color|         array|
|pixels_color_we0         |  out|    1|   ap_memory|                 pixels_color|         array|
|pixels_color_d0          |  out|    6|   ap_memory|                 pixels_color|         array|
|pixel_cntr_out           |  out|   32|      ap_vld|               pixel_cntr_out|       pointer|
|pixel_cntr_out_ap_vld    |  out|    1|      ap_vld|               pixel_cntr_out|       pointer|
|z_buffer_address0        |  out|   16|   ap_memory|                     z_buffer|         array|
|z_buffer_ce0             |  out|    1|   ap_memory|                     z_buffer|         array|
|z_buffer_we0             |  out|    1|   ap_memory|                     z_buffer|         array|
|z_buffer_d0              |  out|    8|   ap_memory|                     z_buffer|         array|
|z_buffer_q0              |   in|    8|   ap_memory|                     z_buffer|         array|
+-------------------------+-----+-----+------------+-----------------------------+--------------+

============================================================
+ Verbose Summary: Synthesis Manager
============================================================
InlineROM: 1
ExposeGlobal: 0
============================================================
+ Verbose Summary: CDFG Model
============================================================
IsTopModel: 0
ResetActiveHigh: 1
IsCombinational: 2
IsDatapathOnly: 2
HasWiredReturn: 1
HasMFsm: 2
HasVarLatency: 1
IsPipeline: 0
IsRtlPipelined: 0
IsInstanceOverlapped: 0
IsDontTouch: 0
HasImplIP: 0
IsGatedGlobalClock: 0

+ Individual pipeline summary: 
  * Pipeline-0: initiation interval (II) = 4, depth = 7


============================================================
+ Verbose Summary: Schedule
============================================================
* Number of FSM states : 7
* Pipeline : 1
  Pipeline-0 : II = 4, D = 7, States = { 1 2 3 4 5 6 7 }
* Dataflow Pipeline: 0

* FSM state transitions: 
1 --> 2 
2 --> 3 
3 --> 4 
4 --> 5 
5 --> 6 
6 --> 7 
7 --> 

* FSM state operations: 

State 1 <SV = 0> <Delay = 4.84>
ST_1 : Operation 10 [1/1] (0.00ns)   --->   "%n = alloca i32 1" [benchmarks/rosetta/3d-rendering/src/rendering.cpp:212->benchmarks/rosetta/3d-rendering/src/rendering.cpp:270]   --->   Operation 10 'alloca' 'n' <Predicate = true> <Delay = 0.00>
ST_1 : Operation 11 [1/1] (0.00ns)   --->   "%pixel_cntr = alloca i32 1" [benchmarks/rosetta/3d-rendering/src/rendering.cpp:209->benchmarks/rosetta/3d-rendering/src/rendering.cpp:270]   --->   Operation 11 'alloca' 'pixel_cntr' <Predicate = true> <Delay = 0.00>
ST_1 : Operation 12 [1/1] (0.00ns)   --->   "%size_fragment_read = read i32 @_ssdm_op_Read.ap_auto.i32, i32 %size_fragment"   --->   Operation 12 'read' 'size_fragment_read' <Predicate = true> <Delay = 0.00>
ST_1 : Operation 13 [1/1] (1.58ns)   --->   "%store_ln209 = store i32 0, i32 %pixel_cntr" [benchmarks/rosetta/3d-rendering/src/rendering.cpp:209->benchmarks/rosetta/3d-rendering/src/rendering.cpp:270]   --->   Operation 13 'store' 'store_ln209' <Predicate = true> <Delay = 1.58>
ST_1 : Operation 14 [1/1] (1.58ns)   --->   "%store_ln212 = store i31 0, i31 %n" [benchmarks/rosetta/3d-rendering/src/rendering.cpp:212->benchmarks/rosetta/3d-rendering/src/rendering.cpp:270]   --->   Operation 14 'store' 'store_ln212' <Predicate = true> <Delay = 1.58>
ST_1 : Operation 15 [1/1] (0.00ns)   --->   "%br_ln0 = br void %for.body14.i"   --->   Operation 15 'br' 'br_ln0' <Predicate = true> <Delay = 0.00>
ST_1 : Operation 16 [1/1] (0.00ns)   --->   "%n_1 = load i31 %n" [benchmarks/rosetta/3d-rendering/src/rendering.cpp:212->benchmarks/rosetta/3d-rendering/src/rendering.cpp:270]   --->   Operation 16 'load' 'n_1' <Predicate = true> <Delay = 0.00>
ST_1 : Operation 17 [1/1] (0.00ns)   --->   "%zext_ln212_1 = zext i31 %n_1" [benchmarks/rosetta/3d-rendering/src/rendering.cpp:212->benchmarks/rosetta/3d-rendering/src/rendering.cpp:270]   --->   Operation 17 'zext' 'zext_ln212_1' <Predicate = true> <Delay = 0.00>
ST_1 : Operation 18 [1/1] (2.55ns)   --->   "%icmp_ln212 = icmp_slt  i32 %zext_ln212_1, i32 %size_fragment_read" [benchmarks/rosetta/3d-rendering/src/rendering.cpp:212->benchmarks/rosetta/3d-rendering/src/rendering.cpp:270]   --->   Operation 18 'icmp' 'icmp_ln212' <Predicate = true> <Delay = 2.55> <CoreInst = "Cmp">   --->   Core 9 'Cmp' <Latency = 0> <II = 1> <Delay = 2.55> <FuncUnit> <Opcode : 'icmp'> <InPorts = 2> <OutPorts = 1>
ST_1 : Operation 19 [1/1] (2.52ns)   --->   "%add_ln212 = add i31 %n_1, i31 1" [benchmarks/rosetta/3d-rendering/src/rendering.cpp:212->benchmarks/rosetta/3d-rendering/src/rendering.cpp:270]   --->   Operation 19 'add' 'add_ln212' <Predicate = true> <Delay = 2.52> <CoreInst = "Adder">   --->   Core 1 'Adder' <Latency = 0> <II = 1> <Delay = 2.52> <FuncUnit> <Opcode : 'add' 'sub'> <InPorts = 2> <OutPorts = 1>
ST_1 : Operation 20 [1/1] (0.00ns)   --->   "%br_ln212 = br i1 %icmp_ln212, void %_Z8zcullingiP14CandidatePixeliP5Pixel.exit.loopexit.exitStub, void %for.body14.i.split" [benchmarks/rosetta/3d-rendering/src/rendering.cpp:212->benchmarks/rosetta/3d-rendering/src/rendering.cpp:270]   --->   Operation 20 'br' 'br_ln212' <Predicate = true> <Delay = 0.00>
ST_1 : Operation 21 [1/1] (0.00ns)   --->   "%zext_ln212 = zext i31 %n_1" [benchmarks/rosetta/3d-rendering/src/rendering.cpp:212->benchmarks/rosetta/3d-rendering/src/rendering.cpp:270]   --->   Operation 21 'zext' 'zext_ln212' <Predicate = (icmp_ln212)> <Delay = 0.00>
ST_1 : Operation 22 [1/1] (0.00ns)   --->   "%fragment_z_addr = getelementptr i8 %fragment_z, i64 0, i64 %zext_ln212" [benchmarks/rosetta/3d-rendering/src/rendering.cpp:214->benchmarks/rosetta/3d-rendering/src/rendering.cpp:270]   --->   Operation 22 'getelementptr' 'fragment_z_addr' <Predicate = (icmp_ln212)> <Delay = 0.00>
ST_1 : Operation 23 [2/2] (3.25ns)   --->   "%fragment_z_load = load i9 %fragment_z_addr" [benchmarks/rosetta/3d-rendering/src/rendering.cpp:214->benchmarks/rosetta/3d-rendering/src/rendering.cpp:270]   --->   Operation 23 'load' 'fragment_z_load' <Predicate = (icmp_ln212)> <Delay = 3.25> <CoreInst = "RAM">   --->   Core 82 'RAM' <Latency = 1> <II = 1> <Delay = 3.25> <Storage> <Opcode : 'load' 'store'> <Ports = 2> <Width = 8> <Depth = 500> <RAM>
ST_1 : Operation 24 [1/1] (0.00ns)   --->   "%fragment_y_addr = getelementptr i8 %fragment_y, i64 0, i64 %zext_ln212" [benchmarks/rosetta/3d-rendering/src/rendering.cpp:214->benchmarks/rosetta/3d-rendering/src/rendering.cpp:270]   --->   Operation 24 'getelementptr' 'fragment_y_addr' <Predicate = (icmp_ln212)> <Delay = 0.00>
ST_1 : Operation 25 [2/2] (3.25ns)   --->   "%fragment_y_load = load i9 %fragment_y_addr" [benchmarks/rosetta/3d-rendering/src/rendering.cpp:214->benchmarks/rosetta/3d-rendering/src/rendering.cpp:270]   --->   Operation 25 'load' 'fragment_y_load' <Predicate = (icmp_ln212)> <Delay = 3.25> <CoreInst = "RAM">   --->   Core 82 'RAM' <Latency = 1> <II = 1> <Delay = 3.25> <Storage> <Opcode : 'load' 'store'> <Ports = 2> <Width = 8> <Depth = 500> <RAM>
ST_1 : Operation 26 [1/1] (0.00ns)   --->   "%fragment_x_addr = getelementptr i8 %fragment_x, i64 0, i64 %zext_ln212" [benchmarks/rosetta/3d-rendering/src/rendering.cpp:214->benchmarks/rosetta/3d-rendering/src/rendering.cpp:270]   --->   Operation 26 'getelementptr' 'fragment_x_addr' <Predicate = (icmp_ln212)> <Delay = 0.00>
ST_1 : Operation 27 [2/2] (3.25ns)   --->   "%fragment_x_load = load i9 %fragment_x_addr" [benchmarks/rosetta/3d-rendering/src/rendering.cpp:214->benchmarks/rosetta/3d-rendering/src/rendering.cpp:270]   --->   Operation 27 'load' 'fragment_x_load' <Predicate = (icmp_ln212)> <Delay = 3.25> <CoreInst = "RAM">   --->   Core 82 'RAM' <Latency = 1> <II = 1> <Delay = 3.25> <Storage> <Opcode : 'load' 'store'> <Ports = 2> <Width = 8> <Depth = 500> <RAM>

State 2 <SV = 1> <Delay = 3.25>
ST_2 : Operation 28 [1/2] (3.25ns)   --->   "%fragment_z_load = load i9 %fragment_z_addr" [benchmarks/rosetta/3d-rendering/src/rendering.cpp:214->benchmarks/rosetta/3d-rendering/src/rendering.cpp:270]   --->   Operation 28 'load' 'fragment_z_load' <Predicate = (icmp_ln212)> <Delay = 3.25> <CoreInst = "RAM">   --->   Core 82 'RAM' <Latency = 1> <II = 1> <Delay = 3.25> <Storage> <Opcode : 'load' 'store'> <Ports = 2> <Width = 8> <Depth = 500> <RAM>
ST_2 : Operation 29 [1/2] (3.25ns)   --->   "%fragment_y_load = load i9 %fragment_y_addr" [benchmarks/rosetta/3d-rendering/src/rendering.cpp:214->benchmarks/rosetta/3d-rendering/src/rendering.cpp:270]   --->   Operation 29 'load' 'fragment_y_load' <Predicate = (icmp_ln212)> <Delay = 3.25> <CoreInst = "RAM">   --->   Core 82 'RAM' <Latency = 1> <II = 1> <Delay = 3.25> <Storage> <Opcode : 'load' 'store'> <Ports = 2> <Width = 8> <Depth = 500> <RAM>
ST_2 : Operation 30 [1/2] (3.25ns)   --->   "%fragment_x_load = load i9 %fragment_x_addr" [benchmarks/rosetta/3d-rendering/src/rendering.cpp:214->benchmarks/rosetta/3d-rendering/src/rendering.cpp:270]   --->   Operation 30 'load' 'fragment_x_load' <Predicate = (icmp_ln212)> <Delay = 3.25> <CoreInst = "RAM">   --->   Core 82 'RAM' <Latency = 1> <II = 1> <Delay = 3.25> <Storage> <Opcode : 'load' 'store'> <Ports = 2> <Width = 8> <Depth = 500> <RAM>
ST_2 : Operation 31 [1/1] (1.58ns)   --->   "%store_ln212 = store i31 %add_ln212, i31 %n" [benchmarks/rosetta/3d-rendering/src/rendering.cpp:212->benchmarks/rosetta/3d-rendering/src/rendering.cpp:270]   --->   Operation 31 'store' 'store_ln212' <Predicate = (icmp_ln212)> <Delay = 1.58>
ST_2 : Operation 32 [1/1] (0.00ns)   --->   "%br_ln212 = br void %for.body14.i" [benchmarks/rosetta/3d-rendering/src/rendering.cpp:212->benchmarks/rosetta/3d-rendering/src/rendering.cpp:270]   --->   Operation 32 'br' 'br_ln212' <Predicate = (icmp_ln212)> <Delay = 0.00>

State 3 <SV = 2> <Delay = 3.25>
ST_3 : Operation 33 [1/1] (0.00ns)   --->   "%tmp_1 = bitconcatenate i16 @_ssdm_op_BitConcatenate.i16.i8.i8, i8 %fragment_y_load, i8 %fragment_x_load" [benchmarks/rosetta/3d-rendering/src/rendering.cpp:214->benchmarks/rosetta/3d-rendering/src/rendering.cpp:270]   --->   Operation 33 'bitconcatenate' 'tmp_1' <Predicate = (icmp_ln212)> <Delay = 0.00>
ST_3 : Operation 34 [1/1] (0.00ns)   --->   "%zext_ln214 = zext i16 %tmp_1" [benchmarks/rosetta/3d-rendering/src/rendering.cpp:214->benchmarks/rosetta/3d-rendering/src/rendering.cpp:270]   --->   Operation 34 'zext' 'zext_ln214' <Predicate = (icmp_ln212)> <Delay = 0.00>
ST_3 : Operation 35 [1/1] (0.00ns)   --->   "%z_buffer_addr = getelementptr i8 %z_buffer, i64 0, i64 %zext_ln214" [benchmarks/rosetta/3d-rendering/src/rendering.cpp:214->benchmarks/rosetta/3d-rendering/src/rendering.cpp:270]   --->   Operation 35 'getelementptr' 'z_buffer_addr' <Predicate = (icmp_ln212)> <Delay = 0.00>
ST_3 : Operation 36 [2/2] (3.25ns)   --->   "%z_buffer_load = load i16 %z_buffer_addr" [benchmarks/rosetta/3d-rendering/src/rendering.cpp:214->benchmarks/rosetta/3d-rendering/src/rendering.cpp:270]   --->   Operation 36 'load' 'z_buffer_load' <Predicate = (icmp_ln212)> <Delay = 3.25> <CoreInst = "RAM">   --->   Core 82 'RAM' <Latency = 1> <II = 1> <Delay = 3.25> <Storage> <Opcode : 'load' 'store'> <Ports = 2> <Width = 8> <Depth = 65536> <RAM>
ST_3 : Operation 57 [1/1] (0.00ns)   --->   "%pixel_cntr_load_1 = load i32 %pixel_cntr"   --->   Operation 57 'load' 'pixel_cntr_load_1' <Predicate = (!icmp_ln212)> <Delay = 0.00>
ST_3 : Operation 58 [1/1] (0.00ns)   --->   "%write_ln0 = write void @_ssdm_op_Write.ap_auto.i32P0A, i32 %pixel_cntr_out, i32 %pixel_cntr_load_1"   --->   Operation 58 'write' 'write_ln0' <Predicate = (!icmp_ln212)> <Delay = 0.00>
ST_3 : Operation 59 [1/1] (0.00ns)   --->   "%ret_ln0 = ret"   --->   Operation 59 'ret' 'ret_ln0' <Predicate = (!icmp_ln212)> <Delay = 0.00>

State 4 <SV = 3> <Delay = 3.25>
ST_4 : Operation 37 [1/2] (3.25ns)   --->   "%z_buffer_load = load i16 %z_buffer_addr" [benchmarks/rosetta/3d-rendering/src/rendering.cpp:214->benchmarks/rosetta/3d-rendering/src/rendering.cpp:270]   --->   Operation 37 'load' 'z_buffer_load' <Predicate = (icmp_ln212)> <Delay = 3.25> <CoreInst = "RAM">   --->   Core 82 'RAM' <Latency = 1> <II = 1> <Delay = 3.25> <Storage> <Opcode : 'load' 'store'> <Ports = 2> <Width = 8> <Depth = 65536> <RAM>

State 5 <SV = 4> <Delay = 3.25>
ST_5 : Operation 38 [1/1] (0.00ns)   --->   "%specpipeline_ln209 = specpipeline void @_ssdm_op_SpecPipeline, i32 4294967295, i32 0, i32 0, i32 0, void @empty_0" [benchmarks/rosetta/3d-rendering/src/rendering.cpp:209->benchmarks/rosetta/3d-rendering/src/rendering.cpp:270]   --->   Operation 38 'specpipeline' 'specpipeline_ln209' <Predicate = true> <Delay = 0.00>
ST_5 : Operation 39 [1/1] (0.00ns)   --->   "%specloopname_ln212 = specloopname void @_ssdm_op_SpecLoopName, void @empty_4" [benchmarks/rosetta/3d-rendering/src/rendering.cpp:212->benchmarks/rosetta/3d-rendering/src/rendering.cpp:270]   --->   Operation 39 'specloopname' 'specloopname_ln212' <Predicate = true> <Delay = 0.00>
ST_5 : Operation 40 [1/1] (1.91ns)   --->   "%icmp_ln214 = icmp_ult  i8 %fragment_z_load, i8 %z_buffer_load" [benchmarks/rosetta/3d-rendering/src/rendering.cpp:214->benchmarks/rosetta/3d-rendering/src/rendering.cpp:270]   --->   Operation 40 'icmp' 'icmp_ln214' <Predicate = true> <Delay = 1.91> <CoreInst = "Cmp">   --->   Core 9 'Cmp' <Latency = 0> <II = 1> <Delay = 1.91> <FuncUnit> <Opcode : 'icmp'> <InPorts = 2> <OutPorts = 1>
ST_5 : Operation 41 [1/1] (0.00ns)   --->   "%br_ln214 = br i1 %icmp_ln214, void %for.inc60.i, void %if.then27.i" [benchmarks/rosetta/3d-rendering/src/rendering.cpp:214->benchmarks/rosetta/3d-rendering/src/rendering.cpp:270]   --->   Operation 41 'br' 'br_ln214' <Predicate = true> <Delay = 0.00>
ST_5 : Operation 42 [1/1] (0.00ns)   --->   "%fragment_color_addr = getelementptr i6 %fragment_color, i64 0, i64 %zext_ln212" [benchmarks/rosetta/3d-rendering/src/rendering.cpp:218->benchmarks/rosetta/3d-rendering/src/rendering.cpp:270]   --->   Operation 42 'getelementptr' 'fragment_color_addr' <Predicate = (icmp_ln214)> <Delay = 0.00>
ST_5 : Operation 43 [2/2] (3.25ns)   --->   "%fragment_color_load = load i9 %fragment_color_addr" [benchmarks/rosetta/3d-rendering/src/rendering.cpp:218->benchmarks/rosetta/3d-rendering/src/rendering.cpp:270]   --->   Operation 43 'load' 'fragment_color_load' <Predicate = (icmp_ln214)> <Delay = 3.25> <CoreInst = "RAM">   --->   Core 82 'RAM' <Latency = 1> <II = 1> <Delay = 3.25> <Storage> <Opcode : 'load' 'store'> <Ports = 2> <Width = 6> <Depth = 500> <RAM>

State 6 <SV = 5> <Delay = 3.25>
ST_6 : Operation 44 [1/1] (0.00ns)   --->   "%pixel_cntr_load = load i32 %pixel_cntr" [benchmarks/rosetta/3d-rendering/src/rendering.cpp:219->benchmarks/rosetta/3d-rendering/src/rendering.cpp:270]   --->   Operation 44 'load' 'pixel_cntr_load' <Predicate = (icmp_ln214)> <Delay = 0.00>
ST_6 : Operation 45 [1/1] (0.00ns)   --->   "%zext_ln216 = zext i32 %pixel_cntr_load" [benchmarks/rosetta/3d-rendering/src/rendering.cpp:216->benchmarks/rosetta/3d-rendering/src/rendering.cpp:270]   --->   Operation 45 'zext' 'zext_ln216' <Predicate = (icmp_ln214)> <Delay = 0.00>
ST_6 : Operation 46 [1/1] (0.00ns)   --->   "%pixels_x_addr = getelementptr i8 %pixels_x, i64 0, i64 %zext_ln216" [benchmarks/rosetta/3d-rendering/src/rendering.cpp:216->benchmarks/rosetta/3d-rendering/src/rendering.cpp:270]   --->   Operation 46 'getelementptr' 'pixels_x_addr' <Predicate = (icmp_ln214)> <Delay = 0.00>
ST_6 : Operation 47 [1/1] (3.25ns)   --->   "%store_ln216 = store i8 %fragment_x_load, i9 %pixels_x_addr" [benchmarks/rosetta/3d-rendering/src/rendering.cpp:216->benchmarks/rosetta/3d-rendering/src/rendering.cpp:270]   --->   Operation 47 'store' 'store_ln216' <Predicate = (icmp_ln214)> <Delay = 3.25> <CoreInst = "RAM">   --->   Core 82 'RAM' <Latency = 1> <II = 1> <Delay = 3.25> <Storage> <Opcode : 'load' 'store'> <Ports = 2> <Width = 8> <Depth = 500> <RAM>
ST_6 : Operation 48 [1/1] (0.00ns)   --->   "%pixels_y_addr = getelementptr i8 %pixels_y, i64 0, i64 %zext_ln216" [benchmarks/rosetta/3d-rendering/src/rendering.cpp:217->benchmarks/rosetta/3d-rendering/src/rendering.cpp:270]   --->   Operation 48 'getelementptr' 'pixels_y_addr' <Predicate = (icmp_ln214)> <Delay = 0.00>
ST_6 : Operation 49 [1/1] (3.25ns)   --->   "%store_ln217 = store i8 %fragment_y_load, i9 %pixels_y_addr" [benchmarks/rosetta/3d-rendering/src/rendering.cpp:217->benchmarks/rosetta/3d-rendering/src/rendering.cpp:270]   --->   Operation 49 'store' 'store_ln217' <Predicate = (icmp_ln214)> <Delay = 3.25> <CoreInst = "RAM">   --->   Core 82 'RAM' <Latency = 1> <II = 1> <Delay = 3.25> <Storage> <Opcode : 'load' 'store'> <Ports = 2> <Width = 8> <Depth = 500> <RAM>
ST_6 : Operation 50 [1/2] (3.25ns)   --->   "%fragment_color_load = load i9 %fragment_color_addr" [benchmarks/rosetta/3d-rendering/src/rendering.cpp:218->benchmarks/rosetta/3d-rendering/src/rendering.cpp:270]   --->   Operation 50 'load' 'fragment_color_load' <Predicate = (icmp_ln214)> <Delay = 3.25> <CoreInst = "RAM">   --->   Core 82 'RAM' <Latency = 1> <II = 1> <Delay = 3.25> <Storage> <Opcode : 'load' 'store'> <Ports = 2> <Width = 6> <Depth = 500> <RAM>
ST_6 : Operation 51 [1/1] (2.55ns)   --->   "%pixel_cntr_1 = add i32 %pixel_cntr_load, i32 1" [benchmarks/rosetta/3d-rendering/src/rendering.cpp:219->benchmarks/rosetta/3d-rendering/src/rendering.cpp:270]   --->   Operation 51 'add' 'pixel_cntr_1' <Predicate = (icmp_ln214)> <Delay = 2.55> <CoreInst = "Adder">   --->   Core 1 'Adder' <Latency = 0> <II = 1> <Delay = 2.55> <FuncUnit> <Opcode : 'add' 'sub'> <InPorts = 2> <OutPorts = 1>
ST_6 : Operation 52 [1/1] (3.25ns)   --->   "%store_ln220 = store i8 %fragment_z_load, i16 %z_buffer_addr" [benchmarks/rosetta/3d-rendering/src/rendering.cpp:220->benchmarks/rosetta/3d-rendering/src/rendering.cpp:270]   --->   Operation 52 'store' 'store_ln220' <Predicate = (icmp_ln214)> <Delay = 3.25> <CoreInst = "RAM">   --->   Core 82 'RAM' <Latency = 1> <II = 1> <Delay = 3.25> <Storage> <Opcode : 'load' 'store'> <Ports = 2> <Width = 8> <Depth = 65536> <RAM>

State 7 <SV = 6> <Delay = 3.25>
ST_7 : Operation 53 [1/1] (0.00ns)   --->   "%pixels_color_addr = getelementptr i6 %pixels_color, i64 0, i64 %zext_ln216" [benchmarks/rosetta/3d-rendering/src/rendering.cpp:218->benchmarks/rosetta/3d-rendering/src/rendering.cpp:270]   --->   Operation 53 'getelementptr' 'pixels_color_addr' <Predicate = (icmp_ln214)> <Delay = 0.00>
ST_7 : Operation 54 [1/1] (3.25ns)   --->   "%store_ln218 = store i6 %fragment_color_load, i9 %pixels_color_addr" [benchmarks/rosetta/3d-rendering/src/rendering.cpp:218->benchmarks/rosetta/3d-rendering/src/rendering.cpp:270]   --->   Operation 54 'store' 'store_ln218' <Predicate = (icmp_ln214)> <Delay = 3.25> <CoreInst = "RAM">   --->   Core 82 'RAM' <Latency = 1> <II = 1> <Delay = 3.25> <Storage> <Opcode : 'load' 'store'> <Ports = 2> <Width = 6> <Depth = 500> <RAM>
ST_7 : Operation 55 [1/1] (1.58ns)   --->   "%store_ln209 = store i32 %pixel_cntr_1, i32 %pixel_cntr" [benchmarks/rosetta/3d-rendering/src/rendering.cpp:209->benchmarks/rosetta/3d-rendering/src/rendering.cpp:270]   --->   Operation 55 'store' 'store_ln209' <Predicate = (icmp_ln214)> <Delay = 1.58>
ST_7 : Operation 56 [1/1] (0.00ns)   --->   "%br_ln221 = br void %for.inc60.i" [benchmarks/rosetta/3d-rendering/src/rendering.cpp:221->benchmarks/rosetta/3d-rendering/src/rendering.cpp:270]   --->   Operation 56 'br' 'br_ln221' <Predicate = (icmp_ln214)> <Delay = 0.00>


============================================================
+ Verbose Summary: Binding
============================================================
STG Binding: 
---------------- STG Properties BEGIN ----------------
- Is combinational: 0
- Is one-state seq: 0
- Is datapath-only: 0
- Is pipelined: 0
- Is top level: 0
Port [ Return ] is wired: 1; IO mode=ap_ctrl_hs:ce=0
Port [ size_fragment]:  wired=1; compound=0; hidden=0; nouse=0; global=0; static=0; extern=0; dir=0; type=0; pingpong=0; private_global=0; IO mode=ap_none:ce=0
Port [ fragment_z]:  wired=1; compound=1; hidden=0; nouse=0; global=0; static=0; extern=0; dir=0; type=1; pingpong=0; private_global=0; MemPort=[13]; IO mode=ap_memory:ce=0
Port [ fragment_y]:  wired=1; compound=1; hidden=0; nouse=0; global=0; static=0; extern=0; dir=0; type=1; pingpong=0; private_global=0; MemPort=[13]; IO mode=ap_memory:ce=0
Port [ fragment_x]:  wired=1; compound=1; hidden=0; nouse=0; global=0; static=0; extern=0; dir=0; type=1; pingpong=0; private_global=0; MemPort=[13]; IO mode=ap_memory:ce=0
Port [ pixels_x]:  wired=1; compound=1; hidden=0; nouse=0; global=0; static=0; extern=0; dir=1; type=1; pingpong=0; private_global=0; MemPort=[03]; IO mode=ap_memory:ce=0
Port [ pixels_y]:  wired=1; compound=1; hidden=0; nouse=0; global=0; static=0; extern=0; dir=1; type=1; pingpong=0; private_global=0; MemPort=[03]; IO mode=ap_memory:ce=0
Port [ fragment_color]:  wired=1; compound=1; hidden=0; nouse=0; global=0; static=0; extern=0; dir=0; type=1; pingpong=0; private_global=0; MemPort=[13]; IO mode=ap_memory:ce=0
Port [ pixels_color]:  wired=1; compound=1; hidden=0; nouse=0; global=0; static=0; extern=0; dir=1; type=1; pingpong=0; private_global=0; MemPort=[03]; IO mode=ap_memory:ce=0
Port [ pixel_cntr_out]:  wired=1; compound=0; hidden=0; nouse=0; global=0; static=0; extern=0; dir=1; type=0; pingpong=0; private_global=0; IO mode=ap_vld:ce=0
Port [ z_buffer]:  wired=1; compound=1; hidden=0; nouse=0; global=1; static=1; extern=0; dir=2; type=1; pingpong=0; private_global=0; MemPort=[23]; IO mode=ap_memory:ce=0
---------------- STG Properties END ------------------

---------------- Datapath Model BEGIN ----------------

<LifeTime>
<method=bitvector/>
n                   (alloca        ) [ 01100000]
pixel_cntr          (alloca        ) [ 01111111]
size_fragment_read  (read          ) [ 00000000]
store_ln209         (store         ) [ 00000000]
store_ln212         (store         ) [ 00000000]
br_ln0              (br            ) [ 00000000]
n_1                 (load          ) [ 00000000]
zext_ln212_1        (zext          ) [ 00000000]
icmp_ln212          (icmp          ) [ 01111000]
add_ln212           (add           ) [ 00100000]
br_ln212            (br            ) [ 00000000]
zext_ln212          (zext          ) [ 01111100]
fragment_z_addr     (getelementptr ) [ 00100000]
fragment_y_addr     (getelementptr ) [ 00100000]
fragment_x_addr     (getelementptr ) [ 00100000]
fragment_z_load     (load          ) [ 01111110]
fragment_y_load     (load          ) [ 01111110]
fragment_x_load     (load          ) [ 01111110]
store_ln212         (store         ) [ 00000000]
br_ln212            (br            ) [ 00000000]
tmp_1               (bitconcatenate) [ 00000000]
zext_ln214          (zext          ) [ 00000000]
z_buffer_addr       (getelementptr ) [ 01101110]
z_buffer_load       (load          ) [ 01000100]
specpipeline_ln209  (specpipeline  ) [ 00000000]
specloopname_ln212  (specloopname  ) [ 00000000]
icmp_ln214          (icmp          ) [ 01110111]
br_ln214            (br            ) [ 00000000]
fragment_color_addr (getelementptr ) [ 00100010]
pixel_cntr_load     (load          ) [ 00000000]
zext_ln216          (zext          ) [ 00010001]
pixels_x_addr       (getelementptr ) [ 00000000]
store_ln216         (store         ) [ 00000000]
pixels_y_addr       (getelementptr ) [ 00000000]
store_ln217         (store         ) [ 00000000]
fragment_color_load (load          ) [ 00010001]
pixel_cntr_1        (add           ) [ 00010001]
store_ln220         (store         ) [ 00000000]
pixels_color_addr   (getelementptr ) [ 00000000]
store_ln218         (store         ) [ 00000000]
store_ln209         (store         ) [ 00000000]
br_ln221            (br            ) [ 00000000]
pixel_cntr_load_1   (load          ) [ 00000000]
write_ln0           (write         ) [ 00000000]
ret_ln0             (ret           ) [ 00000000]
</LifeTime>

<model>

<comp_list>
<comp id="0" class="1000" name="size_fragment">
<pin_list>
<pin id="1" dir="1" index="0" bw="1" slack="0"/>
</pin_list>
<bind>
<StgValue><ssdm name="size_fragment"/></StgValue>
</bind>
</comp>

<comp id="2" class="1000" name="fragment_z">
<pin_list>
<pin id="3" dir="1" index="0" bw="1" slack="0"/>
</pin_list>
<bind>
<StgValue><ssdm name="fragment_z"/><MemPortTyVec>1 3 </MemPortTyVec>
</StgValue>
</bind>
</comp>

<comp id="4" class="1000" name="fragment_y">
<pin_list>
<pin id="5" dir="1" index="0" bw="1" slack="0"/>
</pin_list>
<bind>
<StgValue><ssdm name="fragment_y"/><MemPortTyVec>1 3 </MemPortTyVec>
</StgValue>
</bind>
</comp>

<comp id="6" class="1000" name="fragment_x">
<pin_list>
<pin id="7" dir="1" index="0" bw="1" slack="0"/>
</pin_list>
<bind>
<StgValue><ssdm name="fragment_x"/><MemPortTyVec>1 3 </MemPortTyVec>
</StgValue>
</bind>
</comp>

<comp id="8" class="1000" name="pixels_x">
<pin_list>
<pin id="9" dir="1" index="0" bw="1" slack="0"/>
</pin_list>
<bind>
<StgValue><ssdm name="pixels_x"/><MemPortTyVec>0 3 </MemPortTyVec>
</StgValue>
</bind>
</comp>

<comp id="10" class="1000" name="pixels_y">
<pin_list>
<pin id="11" dir="1" index="0" bw="1" slack="0"/>
</pin_list>
<bind>
<StgValue><ssdm name="pixels_y"/><MemPortTyVec>0 3 </MemPortTyVec>
</StgValue>
</bind>
</comp>

<comp id="12" class="1000" name="fragment_color">
<pin_list>
<pin id="13" dir="1" index="0" bw="1" slack="0"/>
</pin_list>
<bind>
<StgValue><ssdm name="fragment_color"/><MemPortTyVec>1 3 </MemPortTyVec>
</StgValue>
</bind>
</comp>

<comp id="14" class="1000" name="pixels_color">
<pin_list>
<pin id="15" dir="1" index="0" bw="1" slack="0"/>
</pin_list>
<bind>
<StgValue><ssdm name="pixels_color"/><MemPortTyVec>0 3 </MemPortTyVec>
</StgValue>
</bind>
</comp>

<comp id="16" class="1000" name="pixel_cntr_out">
<pin_list>
<pin id="17" dir="1" index="0" bw="1" slack="0"/>
</pin_list>
<bind>
<StgValue><ssdm name="pixel_cntr_out"/></StgValue>
</bind>
</comp>

<comp id="18" class="1000" name="z_buffer">
<pin_list>
<pin id="19" dir="1" index="0" bw="1" slack="0"/>
</pin_list>
<bind>
<StgValue><ssdm name="z_buffer"/><MemPortTyVec>2 3 </MemPortTyVec>
</StgValue>
</bind>
</comp>

<comp id="20" class="1001" name="const_20">
<pin_list>
<pin id="21" dir="1" index="0" bw="1" slack="0"/>
</pin_list>
<bind>
<StgValue><ssdm name=""/></StgValue>
</bind>
</comp>

<comp id="22" class="1001" name="const_22">
<pin_list>
<pin id="23" dir="1" index="0" bw="1" slack="0"/>
</pin_list>
<bind>
<StgValue><ssdm name="_ssdm_op_Read.ap_auto.i32"/></StgValue>
</bind>
</comp>

<comp id="24" class="1001" name="const_24">
<pin_list>
<pin id="25" dir="1" index="0" bw="1" slack="0"/>
</pin_list>
<bind>
<StgValue><ssdm name=""/></StgValue>
</bind>
</comp>

<comp id="26" class="1001" name="const_26">
<pin_list>
<pin id="27" dir="1" index="0" bw="1" slack="0"/>
</pin_list>
<bind>
<StgValue><ssdm name=""/></StgValue>
</bind>
</comp>

<comp id="28" class="1001" name="const_28">
<pin_list>
<pin id="29" dir="1" index="0" bw="1" slack="0"/>
</pin_list>
<bind>
<StgValue><ssdm name=""/></StgValue>
</bind>
</comp>

<comp id="30" class="1001" name="const_30">
<pin_list>
<pin id="31" dir="1" index="0" bw="1" slack="0"/>
</pin_list>
<bind>
<StgValue><ssdm name=""/></StgValue>
</bind>
</comp>

<comp id="32" class="1001" name="const_32">
<pin_list>
<pin id="33" dir="1" index="0" bw="1" slack="0"/>
</pin_list>
<bind>
<StgValue><ssdm name="_ssdm_op_BitConcatenate.i16.i8.i8"/></StgValue>
</bind>
</comp>

<comp id="34" class="1001" name="const_34">
<pin_list>
<pin id="35" dir="1" index="0" bw="1" slack="2147483647"/>
</pin_list>
<bind>
<StgValue><ssdm name="_ssdm_op_SpecPipeline"/></StgValue>
</bind>
</comp>

<comp id="36" class="1001" name="const_36">
<pin_list>
<pin id="37" dir="1" index="0" bw="1" slack="2147483647"/>
</pin_list>
<bind>
<StgValue><ssdm name=""/></StgValue>
</bind>
</comp>

<comp id="38" class="1001" name="const_38">
<pin_list>
<pin id="39" dir="1" index="0" bw="1" slack="2147483647"/>
</pin_list>
<bind>
<StgValue><ssdm name="empty_0"/></StgValue>
</bind>
</comp>

<comp id="40" class="1001" name="const_40">
<pin_list>
<pin id="41" dir="1" index="0" bw="1" slack="2147483647"/>
</pin_list>
<bind>
<StgValue><ssdm name="_ssdm_op_SpecLoopName"/></StgValue>
</bind>
</comp>

<comp id="42" class="1001" name="const_42">
<pin_list>
<pin id="43" dir="1" index="0" bw="1" slack="2147483647"/>
</pin_list>
<bind>
<StgValue><ssdm name="empty_4"/></StgValue>
</bind>
</comp>

<comp id="44" class="1001" name="const_44">
<pin_list>
<pin id="45" dir="1" index="0" bw="1" slack="0"/>
</pin_list>
<bind>
<StgValue><ssdm name="_ssdm_op_Write.ap_auto.i32P0A"/></StgValue>
</bind>
</comp>

<comp id="46" class="1004" name="n_fu_46">
<pin_list>
<pin id="47" dir="0" index="0" bw="1" slack="0"/>
<pin id="48" dir="1" index="1" bw="31" slack="0"/>
</pin_list>
<bind>
<opcode="alloca(26) " fcode="alloca"/>
<opset="n/1 "/>
</bind>
</comp>

<comp id="50" class="1004" name="pixel_cntr_fu_50">
<pin_list>
<pin id="51" dir="0" index="0" bw="1" slack="0"/>
<pin id="52" dir="1" index="1" bw="32" slack="0"/>
</pin_list>
<bind>
<opcode="alloca(26) " fcode="alloca"/>
<opset="pixel_cntr/1 "/>
</bind>
</comp>

<comp id="54" class="1004" name="size_fragment_read_read_fu_54">
<pin_list>
<pin id="55" dir="0" index="0" bw="32" slack="0"/>
<pin id="56" dir="0" index="1" bw="32" slack="0"/>
<pin id="57" dir="1" index="2" bw="32" slack="0"/>
</pin_list>
<bind>
<opcode="read(1150) " fcode="read"/>
<opset="size_fragment_read/1 "/>
</bind>
</comp>

<comp id="60" class="1004" name="write_ln0_write_fu_60">
<pin_list>
<pin id="61" dir="0" index="0" bw="0" slack="0"/>
<pin id="62" dir="0" index="1" bw="32" slack="0"/>
<pin id="63" dir="0" index="2" bw="32" slack="0"/>
<pin id="64" dir="1" index="3" bw="0" slack="2147483647"/>
</pin_list>
<bind>
<opcode="write(1151) " fcode="write"/>
<opset="write_ln0/3 "/>
</bind>
</comp>

<comp id="67" class="1004" name="fragment_z_addr_gep_fu_67">
<pin_list>
<pin id="68" dir="0" index="0" bw="8" slack="0"/>
<pin id="69" dir="0" index="1" bw="1" slack="0"/>
<pin id="70" dir="0" index="2" bw="31" slack="0"/>
<pin id="71" dir="1" index="3" bw="9" slack="0"/>
</pin_list>
<bind>
<opcode="getelementptr(29) " fcode="getelementptr"/>
<opset="fragment_z_addr/1 "/>
</bind>
</comp>

<comp id="74" class="1004" name="grp_access_fu_74">
<pin_list>
<pin id="75" dir="0" index="0" bw="9" slack="0"/>
<pin id="76" dir="0" index="1" bw="8" slack="2147483647"/>
<pin id="77" dir="0" index="2" bw="0" slack="2147483647"/>
<pin id="78" dir="1" index="3" bw="8" slack="3"/>
</pin_list>
<bind>
<opcode="load(27) " fcode="load"/>
<opset="fragment_z_load/1 "/>
</bind>
</comp>

<comp id="80" class="1004" name="fragment_y_addr_gep_fu_80">
<pin_list>
<pin id="81" dir="0" index="0" bw="8" slack="0"/>
<pin id="82" dir="0" index="1" bw="1" slack="0"/>
<pin id="83" dir="0" index="2" bw="31" slack="0"/>
<pin id="84" dir="1" index="3" bw="9" slack="0"/>
</pin_list>
<bind>
<opcode="getelementptr(29) " fcode="getelementptr"/>
<opset="fragment_y_addr/1 "/>
</bind>
</comp>

<comp id="87" class="1004" name="grp_access_fu_87">
<pin_list>
<pin id="88" dir="0" index="0" bw="9" slack="0"/>
<pin id="89" dir="0" index="1" bw="8" slack="2147483647"/>
<pin id="90" dir="0" index="2" bw="0" slack="2147483647"/>
<pin id="91" dir="1" index="3" bw="8" slack="1"/>
</pin_list>
<bind>
<opcode="load(27) " fcode="load"/>
<opset="fragment_y_load/1 "/>
</bind>
</comp>

<comp id="93" class="1004" name="fragment_x_addr_gep_fu_93">
<pin_list>
<pin id="94" dir="0" index="0" bw="8" slack="0"/>
<pin id="95" dir="0" index="1" bw="1" slack="0"/>
<pin id="96" dir="0" index="2" bw="31" slack="0"/>
<pin id="97" dir="1" index="3" bw="9" slack="0"/>
</pin_list>
<bind>
<opcode="getelementptr(29) " fcode="getelementptr"/>
<opset="fragment_x_addr/1 "/>
</bind>
</comp>

<comp id="100" class="1004" name="grp_access_fu_100">
<pin_list>
<pin id="101" dir="0" index="0" bw="9" slack="0"/>
<pin id="102" dir="0" index="1" bw="8" slack="2147483647"/>
<pin id="103" dir="0" index="2" bw="0" slack="2147483647"/>
<pin id="104" dir="1" index="3" bw="8" slack="1"/>
</pin_list>
<bind>
<opcode="load(27) " fcode="load"/>
<opset="fragment_x_load/1 "/>
</bind>
</comp>

<comp id="106" class="1004" name="z_buffer_addr_gep_fu_106">
<pin_list>
<pin id="107" dir="0" index="0" bw="8" slack="0"/>
<pin id="108" dir="0" index="1" bw="1" slack="0"/>
<pin id="109" dir="0" index="2" bw="16" slack="0"/>
<pin id="110" dir="1" index="3" bw="16" slack="0"/>
</pin_list>
<bind>
<opcode="getelementptr(29) " fcode="getelementptr"/>
<opset="z_buffer_addr/3 "/>
</bind>
</comp>

<comp id="113" class="1004" name="grp_access_fu_113">
<pin_list>
<pin id="114" dir="0" index="0" bw="16" slack="0"/>
<pin id="115" dir="0" index="1" bw="8" slack="4"/>
<pin id="116" dir="0" index="2" bw="0" slack="2147483647"/>
<pin id="117" dir="1" index="3" bw="8" slack="1"/>
</pin_list>
<bind>
<opcode="load(27) store(28) " fcode="store"/>
<opset="z_buffer_load/3 store_ln220/6 "/>
</bind>
</comp>

<comp id="119" class="1004" name="fragment_color_addr_gep_fu_119">
<pin_list>
<pin id="120" dir="0" index="0" bw="6" slack="0"/>
<pin id="121" dir="0" index="1" bw="1" slack="0"/>
<pin id="122" dir="0" index="2" bw="31" slack="4"/>
<pin id="123" dir="1" index="3" bw="9" slack="0"/>
</pin_list>
<bind>
<opcode="getelementptr(29) " fcode="getelementptr"/>
<opset="fragment_color_addr/5 "/>
</bind>
</comp>

<comp id="126" class="1004" name="grp_access_fu_126">
<pin_list>
<pin id="127" dir="0" index="0" bw="9" slack="0"/>
<pin id="128" dir="0" index="1" bw="6" slack="2147483647"/>
<pin id="129" dir="0" index="2" bw="0" slack="2147483647"/>
<pin id="130" dir="1" index="3" bw="6" slack="1"/>
</pin_list>
<bind>
<opcode="load(27) " fcode="load"/>
<opset="fragment_color_load/5 "/>
</bind>
</comp>

<comp id="132" class="1004" name="pixels_x_addr_gep_fu_132">
<pin_list>
<pin id="133" dir="0" index="0" bw="8" slack="0"/>
<pin id="134" dir="0" index="1" bw="1" slack="0"/>
<pin id="135" dir="0" index="2" bw="32" slack="0"/>
<pin id="136" dir="1" index="3" bw="9" slack="0"/>
</pin_list>
<bind>
<opcode="getelementptr(29) " fcode="getelementptr"/>
<opset="pixels_x_addr/6 "/>
</bind>
</comp>

<comp id="139" class="1004" name="store_ln216_access_fu_139">
<pin_list>
<pin id="140" dir="0" index="0" bw="9" slack="0"/>
<pin id="141" dir="0" index="1" bw="8" slack="4"/>
<pin id="142" dir="0" index="2" bw="0" slack="2147483647"/>
<pin id="143" dir="1" index="3" bw="8" slack="2147483647"/>
</pin_list>
<bind>
<opcode="store(28) " fcode="store"/>
<opset="store_ln216/6 "/>
</bind>
</comp>

<comp id="145" class="1004" name="pixels_y_addr_gep_fu_145">
<pin_list>
<pin id="146" dir="0" index="0" bw="8" slack="0"/>
<pin id="147" dir="0" index="1" bw="1" slack="0"/>
<pin id="148" dir="0" index="2" bw="32" slack="0"/>
<pin id="149" dir="1" index="3" bw="9" slack="0"/>
</pin_list>
<bind>
<opcode="getelementptr(29) " fcode="getelementptr"/>
<opset="pixels_y_addr/6 "/>
</bind>
</comp>

<comp id="152" class="1004" name="store_ln217_access_fu_152">
<pin_list>
<pin id="153" dir="0" index="0" bw="9" slack="0"/>
<pin id="154" dir="0" index="1" bw="8" slack="4"/>
<pin id="155" dir="0" index="2" bw="0" slack="2147483647"/>
<pin id="156" dir="1" index="3" bw="8" slack="2147483647"/>
</pin_list>
<bind>
<opcode="store(28) " fcode="store"/>
<opset="store_ln217/6 "/>
</bind>
</comp>

<comp id="158" class="1004" name="pixels_color_addr_gep_fu_158">
<pin_list>
<pin id="159" dir="0" index="0" bw="6" slack="0"/>
<pin id="160" dir="0" index="1" bw="1" slack="0"/>
<pin id="161" dir="0" index="2" bw="32" slack="1"/>
<pin id="162" dir="1" index="3" bw="9" slack="0"/>
</pin_list>
<bind>
<opcode="getelementptr(29) " fcode="getelementptr"/>
<opset="pixels_color_addr/7 "/>
</bind>
</comp>

<comp id="165" class="1004" name="store_ln218_access_fu_165">
<pin_list>
<pin id="166" dir="0" index="0" bw="9" slack="0"/>
<pin id="167" dir="0" index="1" bw="6" slack="1"/>
<pin id="168" dir="0" index="2" bw="0" slack="2147483647"/>
<pin id="169" dir="1" index="3" bw="6" slack="2147483647"/>
</pin_list>
<bind>
<opcode="store(28) " fcode="store"/>
<opset="store_ln218/7 "/>
</bind>
</comp>

<comp id="171" class="1004" name="store_ln209_store_fu_171">
<pin_list>
<pin id="172" dir="0" index="0" bw="1" slack="0"/>
<pin id="173" dir="0" index="1" bw="32" slack="0"/>
<pin id="174" dir="1" index="2" bw="0" slack="2147483647"/>
</pin_list>
<bind>
<opcode="store(28) " fcode="store"/>
<opset="store_ln209/1 "/>
</bind>
</comp>

<comp id="176" class="1004" name="store_ln212_store_fu_176">
<pin_list>
<pin id="177" dir="0" index="0" bw="1" slack="0"/>
<pin id="178" dir="0" index="1" bw="31" slack="0"/>
<pin id="179" dir="1" index="2" bw="0" slack="2147483647"/>
</pin_list>
<bind>
<opcode="store(28) " fcode="store"/>
<opset="store_ln212/1 "/>
</bind>
</comp>

<comp id="181" class="1004" name="n_1_load_fu_181">
<pin_list>
<pin id="182" dir="0" index="0" bw="31" slack="0"/>
<pin id="183" dir="1" index="1" bw="31" slack="0"/>
</pin_list>
<bind>
<opcode="load(27) " fcode="load"/>
<opset="n_1/1 "/>
</bind>
</comp>

<comp id="184" class="1004" name="zext_ln212_1_fu_184">
<pin_list>
<pin id="185" dir="0" index="0" bw="31" slack="0"/>
<pin id="186" dir="1" index="1" bw="32" slack="0"/>
</pin_list>
<bind>
<opcode="zext(34) " fcode="zext"/>
<opset="zext_ln212_1/1 "/>
</bind>
</comp>

<comp id="188" class="1004" name="icmp_ln212_fu_188">
<pin_list>
<pin id="189" dir="0" index="0" bw="32" slack="0"/>
<pin id="190" dir="0" index="1" bw="32" slack="0"/>
<pin id="191" dir="1" index="2" bw="1" slack="1"/>
</pin_list>
<bind>
<opcode="icmp(45) " fcode="icmp"/>
<opset="icmp_ln212/1 "/>
</bind>
</comp>

<comp id="194" class="1004" name="add_ln212_fu_194">
<pin_list>
<pin id="195" dir="0" index="0" bw="31" slack="0"/>
<pin id="196" dir="0" index="1" bw="1" slack="0"/>
<pin id="197" dir="1" index="2" bw="31" slack="1"/>
</pin_list>
<bind>
<opcode="add(8) " fcode="add"/>
<opset="add_ln212/1 "/>
</bind>
</comp>

<comp id="200" class="1004" name="zext_ln212_fu_200">
<pin_list>
<pin id="201" dir="0" index="0" bw="31" slack="0"/>
<pin id="202" dir="1" index="1" bw="64" slack="0"/>
</pin_list>
<bind>
<opcode="zext(34) " fcode="zext"/>
<opset="zext_ln212/1 "/>
</bind>
</comp>

<comp id="207" class="1004" name="store_ln212_store_fu_207">
<pin_list>
<pin id="208" dir="0" index="0" bw="31" slack="1"/>
<pin id="209" dir="0" index="1" bw="31" slack="1"/>
<pin id="210" dir="1" index="2" bw="0" slack="2147483647"/>
</pin_list>
<bind>
<opcode="store(28) " fcode="store"/>
<opset="store_ln212/2 "/>
</bind>
</comp>

<comp id="211" class="1004" name="tmp_1_fu_211">
<pin_list>
<pin id="212" dir="0" index="0" bw="16" slack="0"/>
<pin id="213" dir="0" index="1" bw="8" slack="1"/>
<pin id="214" dir="0" index="2" bw="8" slack="1"/>
<pin id="215" dir="1" index="3" bw="16" slack="0"/>
</pin_list>
<bind>
<opcode="bitconcatenate(1004) " fcode="bitconcatenate"/>
<opset="tmp_1/3 "/>
</bind>
</comp>

<comp id="217" class="1004" name="zext_ln214_fu_217">
<pin_list>
<pin id="218" dir="0" index="0" bw="16" slack="0"/>
<pin id="219" dir="1" index="1" bw="64" slack="0"/>
</pin_list>
<bind>
<opcode="zext(34) " fcode="zext"/>
<opset="zext_ln214/3 "/>
</bind>
</comp>

<comp id="222" class="1004" name="icmp_ln214_fu_222">
<pin_list>
<pin id="223" dir="0" index="0" bw="8" slack="3"/>
<pin id="224" dir="0" index="1" bw="8" slack="1"/>
<pin id="225" dir="1" index="2" bw="1" slack="1"/>
</pin_list>
<bind>
<opcode="icmp(45) " fcode="icmp"/>
<opset="icmp_ln214/5 "/>
</bind>
</comp>

<comp id="226" class="1004" name="pixel_cntr_load_load_fu_226">
<pin_list>
<pin id="227" dir="0" index="0" bw="32" slack="5"/>
<pin id="228" dir="1" index="1" bw="32" slack="0"/>
</pin_list>
<bind>
<opcode="load(27) " fcode="load"/>
<opset="pixel_cntr_load/6 "/>
</bind>
</comp>

<comp id="229" class="1004" name="zext_ln216_fu_229">
<pin_list>
<pin id="230" dir="0" index="0" bw="32" slack="0"/>
<pin id="231" dir="1" index="1" bw="64" slack="0"/>
</pin_list>
<bind>
<opcode="zext(34) " fcode="zext"/>
<opset="zext_ln216/6 "/>
</bind>
</comp>

<comp id="235" class="1004" name="pixel_cntr_1_fu_235">
<pin_list>
<pin id="236" dir="0" index="0" bw="32" slack="0"/>
<pin id="237" dir="0" index="1" bw="1" slack="0"/>
<pin id="238" dir="1" index="2" bw="32" slack="1"/>
</pin_list>
<bind>
<opcode="add(8) " fcode="add"/>
<opset="pixel_cntr_1/6 "/>
</bind>
</comp>

<comp id="241" class="1004" name="store_ln209_store_fu_241">
<pin_list>
<pin id="242" dir="0" index="0" bw="32" slack="1"/>
<pin id="243" dir="0" index="1" bw="32" slack="6"/>
<pin id="244" dir="1" index="2" bw="0" slack="2147483647"/>
</pin_list>
<bind>
<opcode="store(28) " fcode="store"/>
<opset="store_ln209/7 "/>
</bind>
</comp>

<comp id="245" class="1004" name="pixel_cntr_load_1_load_fu_245">
<pin_list>
<pin id="246" dir="0" index="0" bw="32" slack="2"/>
<pin id="247" dir="1" index="1" bw="32" slack="0"/>
</pin_list>
<bind>
<opcode="load(27) " fcode="load"/>
<opset="pixel_cntr_load_1/3 "/>
</bind>
</comp>

<comp id="249" class="1005" name="n_reg_249">
<pin_list>
<pin id="250" dir="0" index="0" bw="31" slack="0"/>
<pin id="251" dir="1" index="1" bw="31" slack="0"/>
</pin_list>
<bind>
<opset="n "/>
</bind>
</comp>

<comp id="256" class="1005" name="pixel_cntr_reg_256">
<pin_list>
<pin id="257" dir="0" index="0" bw="32" slack="0"/>
<pin id="258" dir="1" index="1" bw="32" slack="0"/>
</pin_list>
<bind>
<opset="pixel_cntr "/>
</bind>
</comp>

<comp id="264" class="1005" name="icmp_ln212_reg_264">
<pin_list>
<pin id="265" dir="0" index="0" bw="1" slack="1"/>
<pin id="266" dir="1" index="1" bw="1" slack="2147483647"/>
</pin_list>
<bind>
<opset="icmp_ln212 "/>
</bind>
</comp>

<comp id="268" class="1005" name="add_ln212_reg_268">
<pin_list>
<pin id="269" dir="0" index="0" bw="31" slack="1"/>
<pin id="270" dir="1" index="1" bw="31" slack="1"/>
</pin_list>
<bind>
<opset="add_ln212 "/>
</bind>
</comp>

<comp id="273" class="1005" name="zext_ln212_reg_273">
<pin_list>
<pin id="274" dir="0" index="0" bw="64" slack="4"/>
<pin id="275" dir="1" index="1" bw="64" slack="4"/>
</pin_list>
<bind>
<opset="zext_ln212 "/>
</bind>
</comp>

<comp id="278" class="1005" name="fragment_z_addr_reg_278">
<pin_list>
<pin id="279" dir="0" index="0" bw="9" slack="1"/>
<pin id="280" dir="1" index="1" bw="9" slack="1"/>
</pin_list>
<bind>
<opset="fragment_z_addr "/>
</bind>
</comp>

<comp id="283" class="1005" name="fragment_y_addr_reg_283">
<pin_list>
<pin id="284" dir="0" index="0" bw="9" slack="1"/>
<pin id="285" dir="1" index="1" bw="9" slack="1"/>
</pin_list>
<bind>
<opset="fragment_y_addr "/>
</bind>
</comp>

<comp id="288" class="1005" name="fragment_x_addr_reg_288">
<pin_list>
<pin id="289" dir="0" index="0" bw="9" slack="1"/>
<pin id="290" dir="1" index="1" bw="9" slack="1"/>
</pin_list>
<bind>
<opset="fragment_x_addr "/>
</bind>
</comp>

<comp id="293" class="1005" name="fragment_z_load_reg_293">
<pin_list>
<pin id="294" dir="0" index="0" bw="8" slack="3"/>
<pin id="295" dir="1" index="1" bw="8" slack="3"/>
</pin_list>
<bind>
<opset="fragment_z_load "/>
</bind>
</comp>

<comp id="299" class="1005" name="fragment_y_load_reg_299">
<pin_list>
<pin id="300" dir="0" index="0" bw="8" slack="1"/>
<pin id="301" dir="1" index="1" bw="8" slack="1"/>
</pin_list>
<bind>
<opset="fragment_y_load "/>
</bind>
</comp>

<comp id="305" class="1005" name="fragment_x_load_reg_305">
<pin_list>
<pin id="306" dir="0" index="0" bw="8" slack="1"/>
<pin id="307" dir="1" index="1" bw="8" slack="1"/>
</pin_list>
<bind>
<opset="fragment_x_load "/>
</bind>
</comp>

<comp id="311" class="1005" name="z_buffer_addr_reg_311">
<pin_list>
<pin id="312" dir="0" index="0" bw="16" slack="1"/>
<pin id="313" dir="1" index="1" bw="16" slack="1"/>
</pin_list>
<bind>
<opset="z_buffer_addr "/>
</bind>
</comp>

<comp id="316" class="1005" name="z_buffer_load_reg_316">
<pin_list>
<pin id="317" dir="0" index="0" bw="8" slack="1"/>
<pin id="318" dir="1" index="1" bw="8" slack="1"/>
</pin_list>
<bind>
<opset="z_buffer_load "/>
</bind>
</comp>

<comp id="321" class="1005" name="icmp_ln214_reg_321">
<pin_list>
<pin id="322" dir="0" index="0" bw="1" slack="1"/>
<pin id="323" dir="1" index="1" bw="1" slack="2147483647"/>
</pin_list>
<bind>
<opset="icmp_ln214 "/>
</bind>
</comp>

<comp id="325" class="1005" name="fragment_color_addr_reg_325">
<pin_list>
<pin id="326" dir="0" index="0" bw="9" slack="1"/>
<pin id="327" dir="1" index="1" bw="9" slack="1"/>
</pin_list>
<bind>
<opset="fragment_color_addr "/>
</bind>
</comp>

<comp id="330" class="1005" name="zext_ln216_reg_330">
<pin_list>
<pin id="331" dir="0" index="0" bw="64" slack="1"/>
<pin id="332" dir="1" index="1" bw="64" slack="1"/>
</pin_list>
<bind>
<opset="zext_ln216 "/>
</bind>
</comp>

<comp id="335" class="1005" name="fragment_color_load_reg_335">
<pin_list>
<pin id="336" dir="0" index="0" bw="6" slack="1"/>
<pin id="337" dir="1" index="1" bw="6" slack="1"/>
</pin_list>
<bind>
<opset="fragment_color_load "/>
</bind>
</comp>

<comp id="340" class="1005" name="pixel_cntr_1_reg_340">
<pin_list>
<pin id="341" dir="0" index="0" bw="32" slack="1"/>
<pin id="342" dir="1" index="1" bw="32" slack="1"/>
</pin_list>
<bind>
<opset="pixel_cntr_1 "/>
</bind>
</comp>

</comp_list>

<net_list>
<net id="49"><net_src comp="20" pin="0"/><net_sink comp="46" pin=0"/></net>

<net id="53"><net_src comp="20" pin="0"/><net_sink comp="50" pin=0"/></net>

<net id="58"><net_src comp="22" pin="0"/><net_sink comp="54" pin=0"/></net>

<net id="59"><net_src comp="0" pin="0"/><net_sink comp="54" pin=1"/></net>

<net id="65"><net_src comp="44" pin="0"/><net_sink comp="60" pin=0"/></net>

<net id="66"><net_src comp="16" pin="0"/><net_sink comp="60" pin=1"/></net>

<net id="72"><net_src comp="2" pin="0"/><net_sink comp="67" pin=0"/></net>

<net id="73"><net_src comp="30" pin="0"/><net_sink comp="67" pin=1"/></net>

<net id="79"><net_src comp="67" pin="3"/><net_sink comp="74" pin=0"/></net>

<net id="85"><net_src comp="4" pin="0"/><net_sink comp="80" pin=0"/></net>

<net id="86"><net_src comp="30" pin="0"/><net_sink comp="80" pin=1"/></net>

<net id="92"><net_src comp="80" pin="3"/><net_sink comp="87" pin=0"/></net>

<net id="98"><net_src comp="6" pin="0"/><net_sink comp="93" pin=0"/></net>

<net id="99"><net_src comp="30" pin="0"/><net_sink comp="93" pin=1"/></net>

<net id="105"><net_src comp="93" pin="3"/><net_sink comp="100" pin=0"/></net>

<net id="111"><net_src comp="18" pin="0"/><net_sink comp="106" pin=0"/></net>

<net id="112"><net_src comp="30" pin="0"/><net_sink comp="106" pin=1"/></net>

<net id="118"><net_src comp="106" pin="3"/><net_sink comp="113" pin=0"/></net>

<net id="124"><net_src comp="12" pin="0"/><net_sink comp="119" pin=0"/></net>

<net id="125"><net_src comp="30" pin="0"/><net_sink comp="119" pin=1"/></net>

<net id="131"><net_src comp="119" pin="3"/><net_sink comp="126" pin=0"/></net>

<net id="137"><net_src comp="8" pin="0"/><net_sink comp="132" pin=0"/></net>

<net id="138"><net_src comp="30" pin="0"/><net_sink comp="132" pin=1"/></net>

<net id="144"><net_src comp="132" pin="3"/><net_sink comp="139" pin=0"/></net>

<net id="150"><net_src comp="10" pin="0"/><net_sink comp="145" pin=0"/></net>

<net id="151"><net_src comp="30" pin="0"/><net_sink comp="145" pin=1"/></net>

<net id="157"><net_src comp="145" pin="3"/><net_sink comp="152" pin=0"/></net>

<net id="163"><net_src comp="14" pin="0"/><net_sink comp="158" pin=0"/></net>

<net id="164"><net_src comp="30" pin="0"/><net_sink comp="158" pin=1"/></net>

<net id="170"><net_src comp="158" pin="3"/><net_sink comp="165" pin=0"/></net>

<net id="175"><net_src comp="24" pin="0"/><net_sink comp="171" pin=0"/></net>

<net id="180"><net_src comp="26" pin="0"/><net_sink comp="176" pin=0"/></net>

<net id="187"><net_src comp="181" pin="1"/><net_sink comp="184" pin=0"/></net>

<net id="192"><net_src comp="184" pin="1"/><net_sink comp="188" pin=0"/></net>

<net id="193"><net_src comp="54" pin="2"/><net_sink comp="188" pin=1"/></net>

<net id="198"><net_src comp="181" pin="1"/><net_sink comp="194" pin=0"/></net>

<net id="199"><net_src comp="28" pin="0"/><net_sink comp="194" pin=1"/></net>

<net id="203"><net_src comp="181" pin="1"/><net_sink comp="200" pin=0"/></net>

<net id="204"><net_src comp="200" pin="1"/><net_sink comp="67" pin=2"/></net>

<net id="205"><net_src comp="200" pin="1"/><net_sink comp="80" pin=2"/></net>

<net id="206"><net_src comp="200" pin="1"/><net_sink comp="93" pin=2"/></net>

<net id="216"><net_src comp="32" pin="0"/><net_sink comp="211" pin=0"/></net>

<net id="220"><net_src comp="211" pin="3"/><net_sink comp="217" pin=0"/></net>

<net id="221"><net_src comp="217" pin="1"/><net_sink comp="106" pin=2"/></net>

<net id="232"><net_src comp="226" pin="1"/><net_sink comp="229" pin=0"/></net>

<net id="233"><net_src comp="229" pin="1"/><net_sink comp="132" pin=2"/></net>

<net id="234"><net_src comp="229" pin="1"/><net_sink comp="145" pin=2"/></net>

<net id="239"><net_src comp="226" pin="1"/><net_sink comp="235" pin=0"/></net>

<net id="240"><net_src comp="20" pin="0"/><net_sink comp="235" pin=1"/></net>

<net id="248"><net_src comp="245" pin="1"/><net_sink comp="60" pin=2"/></net>

<net id="252"><net_src comp="46" pin="1"/><net_sink comp="249" pin=0"/></net>

<net id="253"><net_src comp="249" pin="1"/><net_sink comp="176" pin=1"/></net>

<net id="254"><net_src comp="249" pin="1"/><net_sink comp="181" pin=0"/></net>

<net id="255"><net_src comp="249" pin="1"/><net_sink comp="207" pin=1"/></net>

<net id="259"><net_src comp="50" pin="1"/><net_sink comp="256" pin=0"/></net>

<net id="260"><net_src comp="256" pin="1"/><net_sink comp="171" pin=1"/></net>

<net id="261"><net_src comp="256" pin="1"/><net_sink comp="226" pin=0"/></net>

<net id="262"><net_src comp="256" pin="1"/><net_sink comp="241" pin=1"/></net>

<net id="263"><net_src comp="256" pin="1"/><net_sink comp="245" pin=0"/></net>

<net id="267"><net_src comp="188" pin="2"/><net_sink comp="264" pin=0"/></net>

<net id="271"><net_src comp="194" pin="2"/><net_sink comp="268" pin=0"/></net>

<net id="272"><net_src comp="268" pin="1"/><net_sink comp="207" pin=0"/></net>

<net id="276"><net_src comp="200" pin="1"/><net_sink comp="273" pin=0"/></net>

<net id="277"><net_src comp="273" pin="1"/><net_sink comp="119" pin=2"/></net>

<net id="281"><net_src comp="67" pin="3"/><net_sink comp="278" pin=0"/></net>

<net id="282"><net_src comp="278" pin="1"/><net_sink comp="74" pin=0"/></net>

<net id="286"><net_src comp="80" pin="3"/><net_sink comp="283" pin=0"/></net>

<net id="287"><net_src comp="283" pin="1"/><net_sink comp="87" pin=0"/></net>

<net id="291"><net_src comp="93" pin="3"/><net_sink comp="288" pin=0"/></net>

<net id="292"><net_src comp="288" pin="1"/><net_sink comp="100" pin=0"/></net>

<net id="296"><net_src comp="74" pin="3"/><net_sink comp="293" pin=0"/></net>

<net id="297"><net_src comp="293" pin="1"/><net_sink comp="222" pin=0"/></net>

<net id="298"><net_src comp="293" pin="1"/><net_sink comp="113" pin=1"/></net>

<net id="302"><net_src comp="87" pin="3"/><net_sink comp="299" pin=0"/></net>

<net id="303"><net_src comp="299" pin="1"/><net_sink comp="211" pin=1"/></net>

<net id="304"><net_src comp="299" pin="1"/><net_sink comp="152" pin=1"/></net>

<net id="308"><net_src comp="100" pin="3"/><net_sink comp="305" pin=0"/></net>

<net id="309"><net_src comp="305" pin="1"/><net_sink comp="211" pin=2"/></net>

<net id="310"><net_src comp="305" pin="1"/><net_sink comp="139" pin=1"/></net>

<net id="314"><net_src comp="106" pin="3"/><net_sink comp="311" pin=0"/></net>

<net id="315"><net_src comp="311" pin="1"/><net_sink comp="113" pin=0"/></net>

<net id="319"><net_src comp="113" pin="3"/><net_sink comp="316" pin=0"/></net>

<net id="320"><net_src comp="316" pin="1"/><net_sink comp="222" pin=1"/></net>

<net id="324"><net_src comp="222" pin="2"/><net_sink comp="321" pin=0"/></net>

<net id="328"><net_src comp="119" pin="3"/><net_sink comp="325" pin=0"/></net>

<net id="329"><net_src comp="325" pin="1"/><net_sink comp="126" pin=0"/></net>

<net id="333"><net_src comp="229" pin="1"/><net_sink comp="330" pin=0"/></net>

<net id="334"><net_src comp="330" pin="1"/><net_sink comp="158" pin=2"/></net>

<net id="338"><net_src comp="126" pin="3"/><net_sink comp="335" pin=0"/></net>

<net id="339"><net_src comp="335" pin="1"/><net_sink comp="165" pin=1"/></net>

<net id="343"><net_src comp="235" pin="2"/><net_sink comp="340" pin=0"/></net>

<net id="344"><net_src comp="340" pin="1"/><net_sink comp="241" pin=0"/></net>

</net_list>

</model> 
---------------- Datapath Model END ------------------

* FSMD analyzer results:
  - Output states:
	Port: pixels_x | {6 }
	Port: pixels_y | {6 }
	Port: pixels_color | {7 }
	Port: pixel_cntr_out | {3 }
	Port: z_buffer | {6 }
 - Input state : 
	Port: rendering_Pipeline_ZCULLING : size_fragment | {1 }
	Port: rendering_Pipeline_ZCULLING : fragment_z | {1 2 }
	Port: rendering_Pipeline_ZCULLING : fragment_y | {1 2 }
	Port: rendering_Pipeline_ZCULLING : fragment_x | {1 2 }
	Port: rendering_Pipeline_ZCULLING : fragment_color | {5 6 }
	Port: rendering_Pipeline_ZCULLING : z_buffer | {3 4 }
  - Chain level:
	State 1
		store_ln209 : 1
		store_ln212 : 1
		n_1 : 1
		zext_ln212_1 : 2
		icmp_ln212 : 3
		add_ln212 : 2
		br_ln212 : 4
		zext_ln212 : 2
		fragment_z_addr : 3
		fragment_z_load : 4
		fragment_y_addr : 3
		fragment_y_load : 4
		fragment_x_addr : 3
		fragment_x_load : 4
	State 2
	State 3
		zext_ln214 : 1
		z_buffer_addr : 2
		z_buffer_load : 3
		write_ln0 : 1
	State 4
	State 5
		br_ln214 : 1
		fragment_color_load : 1
	State 6
		zext_ln216 : 1
		pixels_x_addr : 2
		store_ln216 : 3
		pixels_y_addr : 2
		store_ln217 : 3
		pixel_cntr_1 : 1
	State 7
		store_ln218 : 1


============================================================
+ Verbose Summary: Datapath Resource usage 
============================================================

* Functional unit list:
|----------|-------------------------------|---------|---------|
| Operation|        Functional Unit        |    FF   |   LUT   |
|----------|-------------------------------|---------|---------|
|    add   |        add_ln212_fu_194       |    0    |    38   |
|          |      pixel_cntr_1_fu_235      |    0    |    39   |
|----------|-------------------------------|---------|---------|
|   icmp   |       icmp_ln212_fu_188       |    0    |    39   |
|          |       icmp_ln214_fu_222       |    0    |    15   |
|----------|-------------------------------|---------|---------|
|   read   | size_fragment_read_read_fu_54 |    0    |    0    |
|----------|-------------------------------|---------|---------|
|   write  |     write_ln0_write_fu_60     |    0    |    0    |
|----------|-------------------------------|---------|---------|
|          |      zext_ln212_1_fu_184      |    0    |    0    |
|   zext   |       zext_ln212_fu_200       |    0    |    0    |
|          |       zext_ln214_fu_217       |    0    |    0    |
|          |       zext_ln216_fu_229       |    0    |    0    |
|----------|-------------------------------|---------|---------|
|bitconcatenate|          tmp_1_fu_211         |    0    |    0    |
|----------|-------------------------------|---------|---------|
|   Total  |                               |    0    |   131   |
|----------|-------------------------------|---------|---------|

Memories:
N/A

* Register list:
+---------------------------+--------+
|                           |   FF   |
+---------------------------+--------+
|     add_ln212_reg_268     |   31   |
|fragment_color_addr_reg_325|    9   |
|fragment_color_load_reg_335|    6   |
|  fragment_x_addr_reg_288  |    9   |
|  fragment_x_load_reg_305  |    8   |
|  fragment_y_addr_reg_283  |    9   |
|  fragment_y_load_reg_299  |    8   |
|  fragment_z_addr_reg_278  |    9   |
|  fragment_z_load_reg_293  |    8   |
|     icmp_ln212_reg_264    |    1   |
|     icmp_ln214_reg_321    |    1   |
|         n_reg_249         |   31   |
|    pixel_cntr_1_reg_340   |   32   |
|     pixel_cntr_reg_256    |   32   |
|   z_buffer_addr_reg_311   |   16   |
|   z_buffer_load_reg_316   |    8   |
|     zext_ln212_reg_273    |   64   |
|     zext_ln216_reg_330    |   64   |
+---------------------------+--------+
|           Total           |   346  |
+---------------------------+--------+

* Multiplexer (MUX) list: 
|-------------------|------|------|------|--------||---------||---------|
|        Comp       |  Pin | Size |  BW  | S x BW ||  Delay  ||   LUT   |
|-------------------|------|------|------|--------||---------||---------|
|  grp_access_fu_74 |  p0  |   2  |   9  |   18   ||    9    |
|  grp_access_fu_87 |  p0  |   2  |   9  |   18   ||    9    |
| grp_access_fu_100 |  p0  |   2  |   9  |   18   ||    9    |
| grp_access_fu_113 |  p0  |   2  |  16  |   32   ||    9    |
| grp_access_fu_126 |  p0  |   2  |   9  |   18   ||    9    |
|-------------------|------|------|------|--------||---------||---------|
|       Total       |      |      |      |   104  ||   7.94  ||    45   |
|-------------------|------|------|------|--------||---------||---------|



* Summary:
+-----------+--------+--------+--------+
|           |  Delay |   FF   |   LUT  |
+-----------+--------+--------+--------+
|  Function |    -   |    0   |   131  |
|   Memory  |    -   |    -   |    -   |
|Multiplexer|    7   |    -   |   45   |
|  Register |    -   |   346  |    -   |
+-----------+--------+--------+--------+
|   Total   |    7   |   346  |   176  |
+-----------+--------+--------+--------+
