

================================================================
== Vitis HLS Report for 'fft1D_512'
================================================================
* Date:           Thu May 29 21:12:27 2025

* Version:        2023.2 (Build 4023990 on Oct 11 2023)
* Project:        TRANS_FFT
* Solution:       solution0 (Vivado IP Flow Target)
* Product family: virtexuplusHBM
* Target device:  xcu50-fsvh2104-2-e


================================================================
== Performance Estimates
================================================================
+ Timing: 
    * Summary: 
    +--------+---------+----------+------------+
    |  Clock |  Target | Estimated| Uncertainty|
    +--------+---------+----------+------------+
    |ap_clk  |  8.00 ns|  6.054 ns|     2.16 ns|
    +--------+---------+----------+------------+

+ Latency: 
    * Summary: 
    +---------+---------+----------+----------+-------+-------+---------+
    |  Latency (cycles) |  Latency (absolute) |    Interval   | Pipeline|
    |   min   |   max   |    min   |    max   |  min  |  max  |   Type  |
    +---------+---------+----------+----------+-------+-------+---------+
    |    19856|    19856|  0.159 ms|  0.159 ms|  19857|  19857|       no|
    +---------+---------+----------+----------+-------+-------+---------+

    + Detail: 
        * Instance: 
        +-----------------------------------------------+-----------------------------------+---------+---------+-----------+-----------+------+------+---------+
        |                                               |                                   |  Latency (cycles) |   Latency (absolute)  |   Interval  | Pipeline|
        |                    Instance                   |               Module              |   min   |   max   |    min    |    max    |  min |  max |   Type  |
        +-----------------------------------------------+-----------------------------------+---------+---------+-----------+-----------+------+------+---------+
        |grp_fft1D_512_Pipeline_loop1_twiddles_fu_1550  |fft1D_512_Pipeline_loop1_twiddles  |     7647|     7647|  61.176 us|  61.176 us|  7647|  7647|       no|
        |grp_fft1D_512_Pipeline_loop6_twiddles_fu_1580  |fft1D_512_Pipeline_loop6_twiddles  |     7647|     7647|  61.176 us|  61.176 us|  7647|  7647|       no|
        +-----------------------------------------------+-----------------------------------+---------+---------+-----------+-----------+------+------+---------+

        * Loop: 
        +----------+---------+---------+----------+-----------+-----------+------+----------+
        |          |  Latency (cycles) | Iteration|  Initiation Interval  | Trip |          |
        | Loop Name|   min   |   max   |  Latency |  achieved |   target  | Count| Pipelined|
        +----------+---------+---------+----------+-----------+-----------+------+----------+
        |- loop2   |      320|      320|         5|          -|          -|    64|        no|
        |- loop3   |      320|      320|         5|          -|          -|    64|        no|
        |- loop4   |      320|      320|         5|          -|          -|    64|        no|
        |- loop5   |      320|      320|         5|          -|          -|    64|        no|
        |- loop7   |      320|      320|         5|          -|          -|    64|        no|
        |- loop8   |      320|      320|         5|          -|          -|    64|        no|
        |- loop9   |      320|      320|         5|          -|          -|    64|        no|
        |- loop10  |      320|      320|         5|          -|          -|    64|        no|
        |- loop11  |     1984|     1984|        31|          -|          -|    64|        no|
        +----------+---------+---------+----------+-----------+-----------+------+----------+



================================================================
== Utilization Estimates
================================================================
* Summary: 
+---------------------+---------+------+---------+--------+-----+
|         Name        | BRAM_18K|  DSP |    FF   |   LUT  | URAM|
+---------------------+---------+------+---------+--------+-----+
|DSP                  |        -|     -|        -|       -|    -|
|Expression           |        -|     -|        0|    2452|    -|
|FIFO                 |        -|     -|        -|       -|    -|
|Instance             |        0|   163|    16059|   18367|    -|
|Memory               |        8|     -|      160|     163|    0|
|Multiplexer          |        -|     -|        -|    3419|    -|
|Register             |        -|     -|     3171|       -|    -|
+---------------------+---------+------+---------+--------+-----+
|Total                |        8|   163|    19390|   24401|    0|
+---------------------+---------+------+---------+--------+-----+
|Available SLR        |     1344|  2976|   871680|  435840|  320|
+---------------------+---------+------+---------+--------+-----+
|Utilization SLR (%)  |       ~0|     5|        2|       5|    0|
+---------------------+---------+------+---------+--------+-----+
|Available            |     2688|  5952|  1743360|  871680|  640|
+---------------------+---------+------+---------+--------+-----+
|Utilization (%)      |       ~0|     2|        1|       2|    0|
+---------------------+---------+------+---------+--------+-----+

+ Detail: 
    * Instance: 
    +-----------------------------------------------+------------------------------------+---------+----+------+------+-----+
    |                    Instance                   |               Module               | BRAM_18K| DSP|  FF  |  LUT | URAM|
    +-----------------------------------------------+------------------------------------+---------+----+------+------+-----+
    |dadddsub_64ns_64ns_64_4_full_dsp_1_U66         |dadddsub_64ns_64ns_64_4_full_dsp_1  |        0|   3|   430|   708|    0|
    |dadddsub_64ns_64ns_64_4_full_dsp_1_U67         |dadddsub_64ns_64ns_64_4_full_dsp_1  |        0|   3|   430|   708|    0|
    |dadddsub_64ns_64ns_64_4_full_dsp_1_U68         |dadddsub_64ns_64ns_64_4_full_dsp_1  |        0|   3|   430|   708|    0|
    |dadddsub_64ns_64ns_64_4_full_dsp_1_U69         |dadddsub_64ns_64ns_64_4_full_dsp_1  |        0|   3|   430|   708|    0|
    |dadddsub_64ns_64ns_64_4_full_dsp_1_U70         |dadddsub_64ns_64ns_64_4_full_dsp_1  |        0|   3|   430|   708|    0|
    |dadddsub_64ns_64ns_64_4_full_dsp_1_U71         |dadddsub_64ns_64ns_64_4_full_dsp_1  |        0|   3|   430|   708|    0|
    |dmul_64ns_64ns_64_4_max_dsp_1_U74              |dmul_64ns_64ns_64_4_max_dsp_1       |        0|   8|   275|   108|    0|
    |dmul_64ns_64ns_64_4_max_dsp_1_U75              |dmul_64ns_64ns_64_4_max_dsp_1       |        0|   8|   275|   108|    0|
    |dmul_64ns_64ns_64_4_max_dsp_1_U76              |dmul_64ns_64ns_64_4_max_dsp_1       |        0|   8|   275|   108|    0|
    |dmul_64ns_64ns_64_4_max_dsp_1_U77              |dmul_64ns_64ns_64_4_max_dsp_1       |        0|   8|   275|   108|    0|
    |dmul_64ns_64ns_64_4_max_dsp_1_U78              |dmul_64ns_64ns_64_4_max_dsp_1       |        0|   8|   275|   108|    0|
    |dmul_64ns_64ns_64_4_max_dsp_1_U79              |dmul_64ns_64ns_64_4_max_dsp_1       |        0|   8|   275|   108|    0|
    |dsub_64ns_64ns_64_4_full_dsp_1_U72             |dsub_64ns_64ns_64_4_full_dsp_1      |        0|   3|   430|   708|    0|
    |dsub_64ns_64ns_64_4_full_dsp_1_U73             |dsub_64ns_64ns_64_4_full_dsp_1      |        0|   3|   430|   708|    0|
    |grp_fft1D_512_Pipeline_loop1_twiddles_fu_1550  |fft1D_512_Pipeline_loop1_twiddles   |        0|   0|  3802|  2624|    0|
    |grp_fft1D_512_Pipeline_loop6_twiddles_fu_1580  |fft1D_512_Pipeline_loop6_twiddles   |        0|   0|  4640|  3002|    0|
    |grp_sin_or_cos_double_s_fu_5138                |sin_or_cos_double_s                 |        0|  91|  2527|  6429|    0|
    +-----------------------------------------------+------------------------------------+---------+----+------+------+-----+
    |Total                                          |                                    |        0| 163| 16059| 18367|    0|
    +-----------------------------------------------+------------------------------------+---------+----+------+------+-----+

    * DSP: 
    N/A

    * Memory: 
    +-----------------------+---------------------------------+---------+----+----+-----+------+-----+------+-------------+
    |         Memory        |              Module             | BRAM_18K| FF | LUT| URAM| Words| Bits| Banks| W*Bits*Banks|
    +-----------------------+---------------------------------+---------+----+----+-----+------+-----+------+-------------+
    |DATA_x_U               |DATA_x_RAM_AUTO_1R1W             |        2|   0|   0|    0|   512|   64|     1|        32768|
    |DATA_y_U               |DATA_x_RAM_AUTO_1R1W             |        2|   0|   0|    0|   512|   64|     1|        32768|
    |data_x_U_x             |data_x_RAM_AUTO_1R1W_x           |        0|  64|  65|    0|     8|   64|     1|          512|
    |data_y_U_x             |data_x_RAM_AUTO_1R1W_x           |        0|  64|  65|    0|     8|   64|     1|          512|
    |smem_U                 |smem_RAM_AUTO_1R1W               |        4|   0|   0|    0|   576|   64|     1|        36864|
    |twiddles8_reversed8_U  |twiddles8_reversed8_ROM_AUTO_1R  |        0|  32|  33|    0|     8|   32|     1|          256|
    +-----------------------+---------------------------------+---------+----+----+-----+------+-----+------+-------------+
    |Total                  |                                 |        8| 160| 163|    0|  1624|  352|     6|       103680|
    +-----------------------+---------------------------------+---------+----+----+-----+------+-----+------+-------------+

    * FIFO: 
    N/A

    * Expression: 
    +------------------------+----------+----+---+----+------------+------------+
    |      Variable Name     | Operation| DSP| FF| LUT| Bitwidth P0| Bitwidth P1|
    +------------------------+----------+----+---+----+------------+------------+
    |add_ln105_1_fu_3400_p2  |         +|   0|  0|  17|          10|           4|
    |add_ln105_fu_2502_p2    |         +|   0|  0|  17|          10|           4|
    |add_ln106_1_fu_3452_p2  |         +|   0|  0|  17|          10|           5|
    |add_ln106_fu_2554_p2    |         +|   0|  0|  17|          10|           5|
    |add_ln107_1_fu_3462_p2  |         +|   0|  0|  17|          10|           5|
    |add_ln107_fu_2564_p2    |         +|   0|  0|  17|          10|           5|
    |add_ln108_1_fu_3502_p2  |         +|   0|  0|  17|          10|           6|
    |add_ln108_fu_2604_p2    |         +|   0|  0|  17|          10|           6|
    |add_ln109_1_fu_3512_p2  |         +|   0|  0|  17|          10|           6|
    |add_ln109_fu_2614_p2    |         +|   0|  0|  17|          10|           6|
    |add_ln110_1_fu_3552_p2  |         +|   0|  0|  17|          10|           6|
    |add_ln110_fu_2654_p2    |         +|   0|  0|  17|          10|           6|
    |add_ln111_1_fu_3562_p2  |         +|   0|  0|  17|          10|           6|
    |add_ln111_fu_2664_p2    |         +|   0|  0|  17|          10|           6|
    |add_ln176_fu_1813_p2    |         +|   0|  0|  14|           7|           1|
    |add_ln182_fu_1864_p2    |         +|   0|  0|  16|           9|           9|
    |add_ln183_fu_1898_p2    |         +|   0|  0|  15|           8|           7|
    |add_ln184_fu_1909_p2    |         +|   0|  0|  16|           9|           9|
    |add_ln185_fu_1939_p2    |         +|   0|  0|  15|           8|           8|
    |add_ln186_fu_1949_p2    |         +|   0|  0|  15|           8|           8|
    |add_ln187_fu_1986_p2    |         +|   0|  0|  16|           9|           8|
    |add_ln188_fu_1996_p2    |         +|   0|  0|  17|          10|           9|
    |add_ln191_fu_2016_p2    |         +|   0|  0|  14|           7|           1|
    |add_ln198_fu_2071_p2    |         +|   0|  0|  17|          10|           6|
    |add_ln199_fu_2115_p2    |         +|   0|  0|  17|          10|           4|
    |add_ln200_fu_2125_p2    |         +|   0|  0|  17|          10|           6|
    |add_ln201_fu_2155_p2    |         +|   0|  0|  17|          10|           5|
    |add_ln202_fu_2165_p2    |         +|   0|  0|  17|          10|           6|
    |add_ln203_fu_2195_p2    |         +|   0|  0|  17|          10|           5|
    |add_ln204_fu_2205_p2    |         +|   0|  0|  17|          10|           6|
    |add_ln208_fu_2244_p2    |         +|   0|  0|  14|           7|           1|
    |add_ln215_fu_2295_p2    |         +|   0|  0|  16|           9|           9|
    |add_ln216_fu_2329_p2    |         +|   0|  0|  15|           8|           7|
    |add_ln217_fu_2340_p2    |         +|   0|  0|  16|           9|           9|
    |add_ln218_fu_2370_p2    |         +|   0|  0|  15|           8|           8|
    |add_ln219_fu_2380_p2    |         +|   0|  0|  15|           8|           8|
    |add_ln220_fu_2417_p2    |         +|   0|  0|  16|           9|           8|
    |add_ln221_fu_2427_p2    |         +|   0|  0|  17|          10|           9|
    |add_ln224_fu_2447_p2    |         +|   0|  0|  14|           7|           1|
    |add_ln238_fu_2491_p2    |         +|   0|  0|  17|          10|          10|
    |add_ln301_fu_2747_p2    |         +|   0|  0|  14|           7|           1|
    |add_ln307_fu_2798_p2    |         +|   0|  0|  16|           9|           9|
    |add_ln308_fu_2832_p2    |         +|   0|  0|  15|           8|           7|
    |add_ln309_fu_2843_p2    |         +|   0|  0|  16|           9|           9|
    |add_ln310_fu_2873_p2    |         +|   0|  0|  15|           8|           8|
    |add_ln311_fu_2883_p2    |         +|   0|  0|  15|           8|           8|
    |add_ln312_fu_2920_p2    |         +|   0|  0|  16|           9|           8|
    |add_ln313_fu_2930_p2    |         +|   0|  0|  17|          10|           9|
    |add_ln317_fu_2950_p2    |         +|   0|  0|  14|           7|           1|
    |add_ln324_fu_2987_p2    |         +|   0|  0|  17|          10|           6|
    |add_ln325_fu_3031_p2    |         +|   0|  0|  17|          10|           4|
    |add_ln326_fu_3041_p2    |         +|   0|  0|  17|          10|           6|
    |add_ln327_fu_3071_p2    |         +|   0|  0|  17|          10|           5|
    |add_ln328_fu_3081_p2    |         +|   0|  0|  17|          10|           6|
    |add_ln329_fu_3111_p2    |         +|   0|  0|  17|          10|           5|
    |add_ln330_fu_3121_p2    |         +|   0|  0|  17|          10|           6|
    |add_ln334_fu_3160_p2    |         +|   0|  0|  14|           7|           1|
    |add_ln341_fu_3211_p2    |         +|   0|  0|  16|           9|           9|
    |add_ln342_fu_3245_p2    |         +|   0|  0|  15|           8|           7|
    |add_ln343_fu_3256_p2    |         +|   0|  0|  16|           9|           9|
    |add_ln344_fu_3286_p2    |         +|   0|  0|  15|           8|           8|
    |add_ln345_fu_3296_p2    |         +|   0|  0|  15|           8|           8|
    |add_ln346_fu_3333_p2    |         +|   0|  0|  16|           9|           8|
    |add_ln347_fu_3343_p2    |         +|   0|  0|  17|          10|           9|
    |add_ln350_fu_3363_p2    |         +|   0|  0|  14|           7|           1|
    |add_ln376_fu_3645_p2    |         +|   0|  0|  14|           7|           1|
    |add_ln406_fu_3984_p2    |         +|   0|  0|  16|           9|           9|
    |offset_1_fu_2056_p2     |         +|   0|  0|  17|          10|          10|
    |icmp_ln176_fu_1807_p2   |      icmp|   0|  0|  15|           7|           8|
    |icmp_ln191_fu_2010_p2   |      icmp|   0|  0|  15|           7|           8|
    |icmp_ln208_fu_2238_p2   |      icmp|   0|  0|  15|           7|           8|
    |icmp_ln224_fu_2441_p2   |      icmp|   0|  0|  15|           7|           8|
    |icmp_ln301_fu_2741_p2   |      icmp|   0|  0|  15|           7|           8|
    |icmp_ln317_fu_2944_p2   |      icmp|   0|  0|  15|           7|           8|
    |icmp_ln334_fu_3154_p2   |      icmp|   0|  0|  15|           7|           8|
    |icmp_ln350_fu_3357_p2   |      icmp|   0|  0|  15|           7|           8|
    |icmp_ln376_fu_3639_p2   |      icmp|   0|  0|  15|           7|           8|
    |or_ln182_fu_1836_p2     |        or|   0|  0|   9|           9|           1|
    |or_ln183_fu_1875_p2     |        or|   0|  0|   9|           9|           3|
    |or_ln184_fu_1885_p2     |        or|   0|  0|   9|           9|           3|
    |or_ln185_fu_1919_p2     |        or|   0|  0|   9|           9|           2|
    |or_ln186_fu_1929_p2     |        or|   0|  0|   9|           9|           2|
    |or_ln187_fu_1963_p2     |        or|   0|  0|   9|           9|           3|
    |or_ln188_fu_1973_p2     |        or|   0|  0|   9|           9|           3|
    |or_ln198_fu_2104_p2     |        or|   0|  0|   9|           9|           3|
    |or_ln199_fu_2135_p2     |        or|   0|  0|   9|           9|           1|
    |or_ln200_fu_2145_p2     |        or|   0|  0|   9|           9|           3|
    |or_ln201_fu_2175_p2     |        or|   0|  0|   9|           9|           2|
    |or_ln202_fu_2185_p2     |        or|   0|  0|   9|           9|           3|
    |or_ln203_fu_2215_p2     |        or|   0|  0|   9|           9|           2|
    |or_ln204_fu_2225_p2     |        or|   0|  0|   9|           9|           3|
    |or_ln215_fu_2267_p2     |        or|   0|  0|   9|           9|           1|
    |or_ln216_fu_2306_p2     |        or|   0|  0|   9|           9|           3|
    |or_ln217_fu_2316_p2     |        or|   0|  0|   9|           9|           3|
    |or_ln218_fu_2350_p2     |        or|   0|  0|   9|           9|           2|
    |or_ln219_fu_2360_p2     |        or|   0|  0|   9|           9|           2|
    |or_ln220_fu_2394_p2     |        or|   0|  0|   9|           9|           3|
    |or_ln221_fu_2404_p2     |        or|   0|  0|   9|           9|           3|
    |or_ln227_fu_2543_p2     |        or|   0|  0|   9|           9|           1|
    |or_ln228_fu_2584_p2     |        or|   0|  0|   9|           9|           2|
    |or_ln229_fu_2594_p2     |        or|   0|  0|   9|           9|           2|
    |or_ln230_fu_2634_p2     |        or|   0|  0|   9|           9|           3|
    |or_ln231_fu_2644_p2     |        or|   0|  0|   9|           9|           3|
    |or_ln232_fu_2684_p2     |        or|   0|  0|   9|           9|           3|
    |or_ln233_fu_2694_p2     |        or|   0|  0|   9|           9|           3|
    |or_ln307_fu_2770_p2     |        or|   0|  0|   9|           9|           1|
    |or_ln308_fu_2809_p2     |        or|   0|  0|   9|           9|           3|
    |or_ln309_fu_2819_p2     |        or|   0|  0|   9|           9|           3|
    |or_ln310_fu_2853_p2     |        or|   0|  0|   9|           9|           2|
    |or_ln311_fu_2863_p2     |        or|   0|  0|   9|           9|           2|
    |or_ln312_fu_2897_p2     |        or|   0|  0|   9|           9|           3|
    |or_ln313_fu_2907_p2     |        or|   0|  0|   9|           9|           3|
    |or_ln324_fu_3020_p2     |        or|   0|  0|   9|           9|           3|
    |or_ln325_fu_3051_p2     |        or|   0|  0|   9|           9|           1|
    |or_ln326_fu_3061_p2     |        or|   0|  0|   9|           9|           3|
    |or_ln327_fu_3091_p2     |        or|   0|  0|   9|           9|           2|
    |or_ln328_fu_3101_p2     |        or|   0|  0|   9|           9|           3|
    |or_ln329_fu_3131_p2     |        or|   0|  0|   9|           9|           2|
    |or_ln330_fu_3141_p2     |        or|   0|  0|   9|           9|           3|
    |or_ln341_fu_3183_p2     |        or|   0|  0|   9|           9|           1|
    |or_ln342_fu_3222_p2     |        or|   0|  0|   9|           9|           3|
    |or_ln343_fu_3232_p2     |        or|   0|  0|   9|           9|           3|
    |or_ln344_fu_3266_p2     |        or|   0|  0|   9|           9|           2|
    |or_ln345_fu_3276_p2     |        or|   0|  0|   9|           9|           2|
    |or_ln346_fu_3310_p2     |        or|   0|  0|   9|           9|           3|
    |or_ln347_fu_3320_p2     |        or|   0|  0|   9|           9|           3|
    |or_ln353_fu_3441_p2     |        or|   0|  0|   9|           9|           1|
    |or_ln354_fu_3482_p2     |        or|   0|  0|   9|           9|           2|
    |or_ln355_fu_3492_p2     |        or|   0|  0|   9|           9|           2|
    |or_ln356_fu_3532_p2     |        or|   0|  0|   9|           9|           3|
    |or_ln357_fu_3542_p2     |        or|   0|  0|   9|           9|           3|
    |or_ln358_fu_3582_p2     |        or|   0|  0|   9|           9|           3|
    |or_ln359_fu_3592_p2     |        or|   0|  0|   9|           9|           3|
    |or_ln380_fu_3663_p2     |        or|   0|  0|   9|           9|           1|
    |or_ln381_fu_3714_p2     |        or|   0|  0|   9|           9|           2|
    |or_ln382_fu_3675_p2     |        or|   0|  0|   9|           9|           2|
    |or_ln383_fu_3741_p2     |        or|   0|  0|   9|           9|           3|
    |or_ln384_fu_3692_p2     |        or|   0|  0|   9|           9|           3|
    |or_ln385_fu_3725_p2     |        or|   0|  0|   9|           9|           3|
    |or_ln386_fu_3703_p2     |        or|   0|  0|   9|           9|           3|
    |xor_ln398_1_fu_3771_p2  |       xor|   0|  0|  65|          64|          65|
    |xor_ln398_2_fu_3818_p2  |       xor|   0|  0|  65|          64|          65|
    |xor_ln398_3_fu_3833_p2  |       xor|   0|  0|  65|          64|          65|
    |xor_ln398_4_fu_3786_p2  |       xor|   0|  0|  65|          64|          65|
    |xor_ln398_5_fu_3802_p2  |       xor|   0|  0|  65|          64|          65|
    |xor_ln398_6_fu_3848_p2  |       xor|   0|  0|  65|          64|          65|
    |xor_ln398_7_fu_3863_p2  |       xor|   0|  0|  65|          64|          65|
    |xor_ln398_8_fu_3942_p2  |       xor|   0|  0|  65|          64|          65|
    |xor_ln398_9_fu_3957_p2  |       xor|   0|  0|  65|          64|          65|
    |xor_ln398_fu_3756_p2    |       xor|   0|  0|  65|          64|          65|
    |xor_ln402_fu_3968_p2    |       xor|   0|  0|   8|           7|           8|
    +------------------------+----------+----+---+----+------------+------------+
    |Total                   |          |   0|  0|2452|        1893|        1305|
    +------------------------+----------+----+---+----+------------+------------+

    * Multiplexer: 
    +------------------------------------------+-----+-----------+-----+-----------+
    |                   Name                   | LUT | Input Size| Bits| Total Bits|
    +------------------------------------------+-----+-----------+-----+-----------+
    |DATA_x_address0                           |  113|         23|    9|        207|
    |DATA_x_address1                           |  113|         23|    9|        207|
    |DATA_x_ce0                                |   20|          4|    1|          4|
    |DATA_x_ce1                                |   20|          4|    1|          4|
    |DATA_x_d0                                 |   20|          4|   64|        256|
    |DATA_x_d1                                 |   20|          4|   64|        256|
    |DATA_x_we0                                |   20|          4|    1|          4|
    |DATA_x_we1                                |   20|          4|    1|          4|
    |DATA_y_address0                           |  113|         23|    9|        207|
    |DATA_y_address1                           |  113|         23|    9|        207|
    |DATA_y_ce0                                |   20|          4|    1|          4|
    |DATA_y_ce1                                |   20|          4|    1|          4|
    |DATA_y_d0                                 |   20|          4|   64|        256|
    |DATA_y_d1                                 |   20|          4|   64|        256|
    |DATA_y_we0                                |   20|          4|    1|          4|
    |DATA_y_we1                                |   20|          4|    1|          4|
    |ap_NS_fsm                                 |  390|         82|    1|         82|
    |data_x_address0                           |   14|          3|    3|          9|
    |data_x_address1                           |   14|          3|    3|          9|
    |data_x_ce0                                |   14|          3|    1|          3|
    |data_x_ce1                                |   14|          3|    1|          3|
    |data_x_d0                                 |   14|          3|   64|        192|
    |data_x_d1                                 |   14|          3|   64|        192|
    |data_x_we0                                |   14|          3|    1|          3|
    |data_x_we1                                |   14|          3|    1|          3|
    |data_y_address0                           |   37|          7|    3|         21|
    |data_y_address1                           |   37|          7|    3|         21|
    |data_y_ce0                                |   20|          4|    1|          4|
    |data_y_ce1                                |   20|          4|    1|          4|
    |data_y_d0                                 |   59|         11|   64|        704|
    |data_y_d1                                 |   59|         11|   64|        704|
    |data_y_we0                                |   20|          4|    1|          4|
    |data_y_we1                                |   20|          4|    1|          4|
    |grp_fu_1602_ce                            |   14|          3|    1|          3|
    |grp_fu_1602_opcode                        |   26|          5|    2|         10|
    |grp_fu_1602_p0                            |   65|         13|   64|        832|
    |grp_fu_1602_p1                            |   65|         13|   64|        832|
    |grp_fu_1607_ce                            |   14|          3|    1|          3|
    |grp_fu_1607_opcode                        |   26|          5|    2|         10|
    |grp_fu_1607_p0                            |   65|         14|   64|        896|
    |grp_fu_1607_p1                            |   59|         11|   64|        704|
    |grp_fu_1612_ce                            |   14|          3|    1|          3|
    |grp_fu_1612_opcode                        |   26|          5|    2|         10|
    |grp_fu_1612_p0                            |   65|         12|   64|        768|
    |grp_fu_1612_p1                            |   59|         11|   64|        704|
    |grp_fu_1617_ce                            |   14|          3|    1|          3|
    |grp_fu_1617_opcode                        |   26|          5|    2|         10|
    |grp_fu_1617_p0                            |   65|         12|   64|        768|
    |grp_fu_1617_p1                            |   59|         11|   64|        704|
    |grp_fu_1622_ce                            |   14|          3|    1|          3|
    |grp_fu_1622_opcode                        |   26|          5|    2|         10|
    |grp_fu_1622_p0                            |   31|          6|   64|        384|
    |grp_fu_1622_p1                            |   31|          6|   64|        384|
    |grp_fu_1627_ce                            |   14|          3|    1|          3|
    |grp_fu_1627_opcode                        |   26|          5|    2|         10|
    |grp_fu_1627_p0                            |   31|          6|   64|        384|
    |grp_fu_1627_p1                            |   31|          6|   64|        384|
    |grp_fu_1632_p0                            |   14|          3|   64|        192|
    |grp_fu_1632_p1                            |   14|          3|   64|        192|
    |grp_fu_1637_p0                            |   14|          3|   64|        192|
    |grp_fu_1637_p1                            |   14|          3|   64|        192|
    |grp_fu_1650_ce                            |   14|          3|    1|          3|
    |grp_fu_1650_p0                            |   31|          6|   64|        384|
    |grp_fu_1650_p1                            |   26|          5|   64|        320|
    |grp_fu_1655_ce                            |   14|          3|    1|          3|
    |grp_fu_1655_p0                            |   31|          6|   64|        384|
    |grp_fu_1655_p1                            |   26|          5|   64|        320|
    |grp_fu_1662_ce                            |   14|          3|    1|          3|
    |grp_fu_1662_p0                            |   20|          4|   64|        256|
    |grp_fu_1662_p1                            |   20|          4|   64|        256|
    |grp_fu_1667_ce                            |   14|          3|    1|          3|
    |grp_fu_1667_p0                            |   20|          4|   64|        256|
    |grp_fu_1667_p1                            |   20|          4|   64|        256|
    |grp_sin_or_cos_double_s_fu_5138_ap_ce     |   14|          3|    1|          3|
    |grp_sin_or_cos_double_s_fu_5138_ap_start  |   14|          3|    1|          3|
    |grp_sin_or_cos_double_s_fu_5138_do_cos    |   14|          3|    1|          3|
    |grp_sin_or_cos_double_s_fu_5138_t_in      |   14|          3|   64|        192|
    |smem_address0                             |  152|         33|   10|        330|
    |smem_address1                             |  152|         33|   10|        330|
    |smem_d0                                   |   14|          3|   64|        192|
    |smem_d1                                   |   14|          3|   64|        192|
    |tid_10_fu_292                             |    9|          2|    7|         14|
    |tid_1_fu_200                              |    9|          2|    7|         14|
    |tid_3_fu_204                              |    9|          2|    7|         14|
    |tid_4_fu_240                              |    9|          2|    7|         14|
    |tid_6_fu_244                              |    9|          2|    7|         14|
    |tid_7_fu_248                              |    9|          2|    7|         14|
    |tid_8_fu_252                              |    9|          2|    7|         14|
    |tid_9_fu_288                              |    9|          2|    7|         14|
    |tid_fu_176                                |    9|          2|    7|         14|
    |twiddles8_reversed8_address0              |   14|          3|    3|          9|
    |twiddles8_reversed8_ce0                   |   14|          3|    1|          3|
    |work_x_address0                           |   31|          6|    9|         54|
    |work_x_address1                           |   31|          6|    9|         54|
    |work_x_ce0                                |   14|          3|    1|          3|
    |work_x_ce1                                |   14|          3|    1|          3|
    |work_x_d0                                 |   26|          5|   64|        320|
    |work_x_d1                                 |   26|          5|   64|        320|
    |work_y_address0                           |   31|          6|    9|         54|
    |work_y_address1                           |   31|          6|    9|         54|
    |work_y_ce0                                |   14|          3|    1|          3|
    |work_y_ce1                                |   14|          3|    1|          3|
    |work_y_d0                                 |   26|          5|   64|        320|
    |work_y_d1                                 |   26|          5|   64|        320|
    +------------------------------------------+-----+-----------+-----+-----------+
    |Total                                     | 3419|        693| 2713|      17771|
    +------------------------------------------+-----+-----------+-----+-----------+

    * Register: 
    +------------------------------------------------------------+----+----+-----+-----------+
    |                            Name                            | FF | LUT| Bits| Const Bits|
    +------------------------------------------------------------+----+----+-----+-----------+
    |add_ln238_reg_4406                                          |  10|   0|   10|          0|
    |ap_CS_fsm                                                   |  81|   0|   81|          0|
    |c0_x_17_reg_4895                                            |  64|   0|   64|          0|
    |c0_x_19_reg_4901                                            |  64|   0|   64|          0|
    |c0_x_20_reg_5051                                            |  64|   0|   64|          0|
    |c0_x_3_reg_5073                                             |  64|   0|   64|          0|
    |c0_y_17_reg_4873                                            |  64|   0|   64|          0|
    |c0_y_19_reg_4879                                            |  64|   0|   64|          0|
    |c0_y_20_reg_5057                                            |  64|   0|   64|          0|
    |c0_y_3_reg_5079                                             |  64|   0|   64|          0|
    |grp_fft1D_512_Pipeline_loop1_twiddles_fu_1550_ap_start_reg  |   1|   0|    1|          0|
    |grp_fft1D_512_Pipeline_loop6_twiddles_fu_1580_ap_start_reg  |   1|   0|    1|          0|
    |mul10_reg_5102                                              |  64|   0|   64|          0|
    |mul7_reg_5085                                               |  64|   0|   64|          0|
    |mul8_reg_5091                                               |  64|   0|   64|          0|
    |mul9_reg_5097                                               |  64|   0|   64|          0|
    |offset_1_reg_4198                                           |  10|   0|   10|          0|
    |offset_2_reg_4273                                           |   6|   0|    6|          0|
    |offset_3_reg_4476                                           |   6|   0|    6|          0|
    |offset_5_reg_4631                                           |   6|   0|    6|          0|
    |offset_reg_4118                                             |   6|   0|    6|          0|
    |p_phi18_fu_280                                              |  64|   0|   64|          0|
    |p_phi19_fu_276                                              |  64|   0|   64|          0|
    |p_phi20_fu_272                                              |  64|   0|   64|          0|
    |p_phi21_fu_268                                              |  64|   0|   64|          0|
    |p_phi22_fu_264                                              |  64|   0|   64|          0|
    |p_phi23_fu_260                                              |  64|   0|   64|          0|
    |p_phi24_fu_256                                              |  64|   0|   64|          0|
    |p_phi31_fu_236                                              |  64|   0|   64|          0|
    |p_phi32_fu_232                                              |  64|   0|   64|          0|
    |p_phi33_fu_228                                              |  64|   0|   64|          0|
    |p_phi34_fu_224                                              |  64|   0|   64|          0|
    |p_phi35_fu_220                                              |  64|   0|   64|          0|
    |p_phi36_fu_216                                              |  64|   0|   64|          0|
    |p_phi37_fu_212                                              |  64|   0|   64|          0|
    |p_phi38_fu_208                                              |  64|   0|   64|          0|
    |p_phi_fu_284                                                |  64|   0|   64|          0|
    |reg_1682                                                    |  64|   0|   64|          0|
    |reg_1693                                                    |  64|   0|   64|          0|
    |reg_1704                                                    |  64|   0|   64|          0|
    |reg_1712                                                    |  64|   0|   64|          0|
    |reg_1719                                                    |  64|   0|   64|          0|
    |reg_1728                                                    |  64|   0|   64|          0|
    |reg_1737                                                    |  64|   0|   64|          0|
    |reg_1742                                                    |  64|   0|   64|          0|
    |reg_1747                                                    |  64|   0|   64|          0|
    |reg_1755                                                    |  64|   0|   64|          0|
    |reg_1763                                                    |  64|   0|   64|          0|
    |reg_1770                                                    |  64|   0|   64|          0|
    |reg_1777                                                    |  64|   0|   64|          0|
    |reg_1783                                                    |  64|   0|   64|          0|
    |reg_1789                                                    |  64|   0|   64|          0|
    |reg_1794                                                    |  64|   0|   64|          0|
    |shl_ln1_reg_4126                                            |   6|   0|    9|          3|
    |shl_ln2_reg_4230                                            |   6|   0|    9|          3|
    |shl_ln3_reg_4281                                            |   6|   0|    9|          3|
    |shl_ln4_reg_4433                                            |   6|   0|    9|          3|
    |shl_ln6_reg_4484                                            |   6|   0|    9|          3|
    |shl_ln7_reg_4588                                            |   6|   0|    9|          3|
    |shl_ln8_reg_4639                                            |   6|   0|    9|          3|
    |shl_ln9_reg_4791                                            |   6|   0|    9|          3|
    |shl_ln_reg_4843                                             |   6|   0|    9|          3|
    |tid_10_fu_292                                               |   7|   0|    7|          0|
    |tid_17_reg_4831                                             |   7|   0|    7|          0|
    |tid_1_fu_200                                                |   7|   0|    7|          0|
    |tid_3_fu_204                                                |   7|   0|    7|          0|
    |tid_4_fu_240                                                |   7|   0|    7|          0|
    |tid_6_fu_244                                                |   7|   0|    7|          0|
    |tid_7_fu_248                                                |   7|   0|    7|          0|
    |tid_8_fu_252                                                |   7|   0|    7|          0|
    |tid_9_fu_288                                                |   7|   0|    7|          0|
    |tid_fu_176                                                  |   7|   0|    7|          0|
    |trunc_ln197_reg_4213                                        |   6|   0|    6|          0|
    |trunc_ln226_reg_4401                                        |   6|   0|    6|          0|
    |trunc_ln321_reg_4556                                        |   6|   0|    6|          0|
    |trunc_ln352_reg_4759                                        |   6|   0|    6|          0|
    |xor_ln402_reg_5132                                          |   7|   0|    7|          0|
    |zext_ln174_10_reg_4730                                      |   6|   0|    8|          2|
    |zext_ln174_11_reg_4714                                      |   6|   0|    9|          3|
    |zext_ln174_1_reg_4169                                       |   6|   0|    8|          2|
    |zext_ln174_2_reg_4153                                       |   6|   0|    9|          3|
    |zext_ln174_4_reg_4372                                       |   6|   0|    8|          2|
    |zext_ln174_5_reg_4356                                       |   6|   0|    9|          3|
    |zext_ln174_7_reg_4527                                       |   6|   0|    8|          2|
    |zext_ln174_8_reg_4511                                       |   6|   0|    9|          3|
    |zext_ln321_reg_4561                                         |   9|   0|   10|          1|
    |zext_ln364_reg_4764                                         |   9|   0|   10|          1|
    |zext_ln403_cast_reg_5117                                    |   7|   0|    8|          1|
    +------------------------------------------------------------+----+----+-----+-----------+
    |Total                                                       |3171|   0| 3221|         50|
    +------------------------------------------------------------+----+----+-----+-----------+



================================================================
== Interface
================================================================
* Summary: 
+-----------------+-----+-----+------------+--------------+--------------+
|    RTL Ports    | Dir | Bits|  Protocol  | Source Object|    C Type    |
+-----------------+-----+-----+------------+--------------+--------------+
|ap_clk           |   in|    1|  ap_ctrl_hs|     fft1D_512|  return value|
|ap_rst           |   in|    1|  ap_ctrl_hs|     fft1D_512|  return value|
|ap_start         |   in|    1|  ap_ctrl_hs|     fft1D_512|  return value|
|ap_done          |  out|    1|  ap_ctrl_hs|     fft1D_512|  return value|
|ap_idle          |  out|    1|  ap_ctrl_hs|     fft1D_512|  return value|
|ap_ready         |  out|    1|  ap_ctrl_hs|     fft1D_512|  return value|
|work_x_address0  |  out|    9|   ap_memory|        work_x|         array|
|work_x_ce0       |  out|    1|   ap_memory|        work_x|         array|
|work_x_we0       |  out|    1|   ap_memory|        work_x|         array|
|work_x_d0        |  out|   64|   ap_memory|        work_x|         array|
|work_x_q0        |   in|   64|   ap_memory|        work_x|         array|
|work_x_address1  |  out|    9|   ap_memory|        work_x|         array|
|work_x_ce1       |  out|    1|   ap_memory|        work_x|         array|
|work_x_we1       |  out|    1|   ap_memory|        work_x|         array|
|work_x_d1        |  out|   64|   ap_memory|        work_x|         array|
|work_x_q1        |   in|   64|   ap_memory|        work_x|         array|
|work_y_address0  |  out|    9|   ap_memory|        work_y|         array|
|work_y_ce0       |  out|    1|   ap_memory|        work_y|         array|
|work_y_we0       |  out|    1|   ap_memory|        work_y|         array|
|work_y_d0        |  out|   64|   ap_memory|        work_y|         array|
|work_y_q0        |   in|   64|   ap_memory|        work_y|         array|
|work_y_address1  |  out|    9|   ap_memory|        work_y|         array|
|work_y_ce1       |  out|    1|   ap_memory|        work_y|         array|
|work_y_we1       |  out|    1|   ap_memory|        work_y|         array|
|work_y_d1        |  out|   64|   ap_memory|        work_y|         array|
|work_y_q1        |   in|   64|   ap_memory|        work_y|         array|
+-----------------+-----+-----+------------+--------------+--------------+

