

================================================================
== Vitis HLS Report for 'matrixmult_Pipeline_VITIS_LOOP_224_23'
================================================================
* Date:           Mon Aug 12 18:56:14 2024

* Version:        2023.2 (Build 4023990 on Oct 11 2023)
* Project:        matrixmult
* Solution:       solution1 (Vivado IP Flow Target)
* Product family: zynq
* Target device:  xc7z020-clg400-1


================================================================
== Performance Estimates
================================================================
+ Timing: 
    * Summary: 
    +--------+---------+----------+------------+
    |  Clock |  Target | Estimated| Uncertainty|
    +--------+---------+----------+------------+
    |ap_clk  |  5.00 ns|  4.988 ns|     1.35 ns|
    +--------+---------+----------+------------+

+ Latency: 
    * Summary: 
    +---------+---------+----------+----------+-------+-------+---------+
    |  Latency (cycles) |  Latency (absolute) |    Interval   | Pipeline|
    |   min   |   max   |    min   |    max   |  min  |  max  |   Type  |
    +---------+---------+----------+----------+-------+-------+---------+
    |    90124|    90124|  0.451 ms|  0.451 ms|  90124|  90124|       no|
    +---------+---------+----------+----------+-------+-------+---------+

    + Detail: 
        * Instance: 
        N/A

        * Loop: 
        +---------------------+---------+---------+----------+-----------+-----------+------+----------+
        |                     |  Latency (cycles) | Iteration|  Initiation Interval  | Trip |          |
        |      Loop Name      |   min   |   max   |  Latency |  achieved |   target  | Count| Pipelined|
        +---------------------+---------+---------+----------+-----------+-----------+------+----------+
        |- VITIS_LOOP_224_23  |    90122|    90122|        22|         11|          1|  8192|       yes|
        +---------------------+---------+---------+----------+-----------+-----------+------+----------+



================================================================
== Utilization Estimates
================================================================
* Summary: 
+-----------------+---------+-----+--------+-------+-----+
|       Name      | BRAM_18K| DSP |   FF   |  LUT  | URAM|
+-----------------+---------+-----+--------+-------+-----+
|DSP              |        -|    -|       -|      -|    -|
|Expression       |        -|    -|       0|    185|    -|
|FIFO             |        -|    -|       -|      -|    -|
|Instance         |        -|    -|       -|      -|    -|
|Memory           |        -|    -|       -|      -|    -|
|Multiplexer      |        -|    -|       -|    133|    -|
|Register         |        -|    -|     242|      -|    -|
+-----------------+---------+-----+--------+-------+-----+
|Total            |        0|    0|     242|    318|    0|
+-----------------+---------+-----+--------+-------+-----+
|Available        |      280|  220|  106400|  53200|    0|
+-----------------+---------+-----+--------+-------+-----+
|Utilization (%)  |        0|    0|      ~0|     ~0|    0|
+-----------------+---------+-----+--------+-------+-----+

+ Detail: 
    * Instance: 
    N/A

    * DSP: 
    N/A

    * Memory: 
    N/A

    * FIFO: 
    N/A

    * Expression: 
    +------------------------+----------+----+---+----+------------+------------+
    |      Variable Name     | Operation| DSP| FF| LUT| Bitwidth P0| Bitwidth P1|
    +------------------------+----------+----+---+----+------------+------------+
    |add_ln224_fu_133_p2     |         +|   0|  0|  17|          14|           1|
    |add_ln225_fu_143_p2     |         +|   0|  0|  14|          13|          13|
    |and_ln227_1_fu_230_p2   |       and|   0|  0|   2|           1|           1|
    |and_ln227_fu_221_p2     |       and|   0|  0|   2|           1|           1|
    |icmp_ln224_fu_127_p2    |      icmp|   0|  0|  20|          14|          15|
    |icmp_ln227_1_fu_182_p2  |      icmp|   0|  0|  30|          23|           1|
    |icmp_ln227_2_fu_205_p2  |      icmp|   0|  0|  15|           8|           2|
    |icmp_ln227_3_fu_211_p2  |      icmp|   0|  0|  30|          23|           1|
    |icmp_ln227_fu_176_p2    |      icmp|   0|  0|  15|           8|           2|
    |or_ln227_1_fu_226_p2    |        or|   0|  0|   2|           1|           1|
    |or_ln227_2_fu_235_p2    |        or|   0|  0|   2|           1|           1|
    |or_ln227_fu_217_p2      |        or|   0|  0|   2|           1|           1|
    |s_6_fu_245_p3           |    select|   0|  0|  32|           1|          32|
    |ap_enable_pp0           |       xor|   0|  0|   2|           1|           2|
    +------------------------+----------+----+---+----+------------+------------+
    |Total                   |          |   0|  0| 185|         110|          74|
    +------------------------+----------+----+---+----+------------+------------+

    * Multiplexer: 
    +-------------------------+----+-----------+-----+-----------+
    |           Name          | LUT| Input Size| Bits| Total Bits|
    +-------------------------+----+-----------+-----+-----------+
    |ap_NS_fsm                |  65|         12|    1|         12|
    |ap_done_int              |   9|          2|    1|          2|
    |ap_enable_reg_pp0_iter0  |   9|          2|    1|          2|
    |ap_enable_reg_pp0_iter1  |   9|          2|    1|          2|
    |ap_sig_allocacmp_j_37    |   9|          2|   14|         28|
    |grp_fu_105_p0            |  14|          3|   32|         96|
    |j_fu_54                  |   9|          2|   14|         28|
    |s_6_6_fu_50              |   9|          2|   32|         64|
    +-------------------------+----+-----------+-----+-----------+
    |Total                    | 133|         27|   96|        234|
    +-------------------------+----+-----------+-----+-----------+

    * Register: 
    +----------------------------------+----+----+-----+-----------+
    |               Name               | FF | LUT| Bits| Const Bits|
    +----------------------------------+----+----+-----+-----------+
    |add_ln225_reg_278                 |  13|   0|   13|          0|
    |ap_CS_fsm                         |  11|   0|   11|          0|
    |ap_done_reg                       |   1|   0|    1|          0|
    |ap_enable_reg_pp0_iter0_reg       |   1|   0|    1|          0|
    |ap_enable_reg_pp0_iter1           |   1|   0|    1|          0|
    |icmp_ln224_reg_274                |   1|   0|    1|          0|
    |icmp_ln227_1_reg_312              |   1|   0|    1|          0|
    |icmp_ln227_2_reg_317              |   1|   0|    1|          0|
    |icmp_ln227_3_reg_322              |   1|   0|    1|          0|
    |icmp_ln227_reg_307                |   1|   0|    1|          0|
    |j_fu_54                           |  14|   0|   14|          0|
    |mul_reg_342                       |  32|   0|   32|          0|
    |or_ln227_2_reg_337                |   1|   0|    1|          0|
    |or_ln227_2_reg_337_pp0_iter1_reg  |   1|   0|    1|          0|
    |s_6_6_fu_50                       |  32|   0|   32|          0|
    |s_6_6_load_reg_347                |  32|   0|   32|          0|
    |s_6_7_reg_353                     |  32|   0|   32|          0|
    |temp_a_reg_293                    |  32|   0|   32|          0|
    |temp_b_reg_300                    |  32|   0|   32|          0|
    |tmp_118_reg_327                   |   1|   0|    1|          0|
    |tmp_120_reg_332                   |   1|   0|    1|          0|
    +----------------------------------+----+----+-----+-----------+
    |Total                             | 242|   0|  242|          0|
    +----------------------------------+----+----+-----+-----------+



================================================================
== Interface
================================================================
* Summary: 
+----------------------+-----+-----+------------+---------------------------------------+--------------+
|       RTL Ports      | Dir | Bits|  Protocol  |             Source Object             |    C Type    |
+----------------------+-----+-----+------------+---------------------------------------+--------------+
|ap_clk                |   in|    1|  ap_ctrl_hs|  matrixmult_Pipeline_VITIS_LOOP_224_23|  return value|
|ap_rst                |   in|    1|  ap_ctrl_hs|  matrixmult_Pipeline_VITIS_LOOP_224_23|  return value|
|ap_start              |   in|    1|  ap_ctrl_hs|  matrixmult_Pipeline_VITIS_LOOP_224_23|  return value|
|ap_done               |  out|    1|  ap_ctrl_hs|  matrixmult_Pipeline_VITIS_LOOP_224_23|  return value|
|ap_idle               |  out|    1|  ap_ctrl_hs|  matrixmult_Pipeline_VITIS_LOOP_224_23|  return value|
|ap_ready              |  out|    1|  ap_ctrl_hs|  matrixmult_Pipeline_VITIS_LOOP_224_23|  return value|
|grp_fu_3484_p_din0    |  out|   32|  ap_ctrl_hs|  matrixmult_Pipeline_VITIS_LOOP_224_23|  return value|
|grp_fu_3484_p_din1    |  out|   32|  ap_ctrl_hs|  matrixmult_Pipeline_VITIS_LOOP_224_23|  return value|
|grp_fu_3484_p_dout0   |   in|   32|  ap_ctrl_hs|  matrixmult_Pipeline_VITIS_LOOP_224_23|  return value|
|grp_fu_3484_p_ce      |  out|    1|  ap_ctrl_hs|  matrixmult_Pipeline_VITIS_LOOP_224_23|  return value|
|grp_fu_3488_p_din0    |  out|   32|  ap_ctrl_hs|  matrixmult_Pipeline_VITIS_LOOP_224_23|  return value|
|grp_fu_3488_p_din1    |  out|   32|  ap_ctrl_hs|  matrixmult_Pipeline_VITIS_LOOP_224_23|  return value|
|grp_fu_3488_p_opcode  |  out|    5|  ap_ctrl_hs|  matrixmult_Pipeline_VITIS_LOOP_224_23|  return value|
|grp_fu_3488_p_dout0   |   in|    1|  ap_ctrl_hs|  matrixmult_Pipeline_VITIS_LOOP_224_23|  return value|
|grp_fu_3488_p_ce      |  out|    1|  ap_ctrl_hs|  matrixmult_Pipeline_VITIS_LOOP_224_23|  return value|
|grp_fu_3492_p_din0    |  out|   32|  ap_ctrl_hs|  matrixmult_Pipeline_VITIS_LOOP_224_23|  return value|
|grp_fu_3492_p_din1    |  out|   32|  ap_ctrl_hs|  matrixmult_Pipeline_VITIS_LOOP_224_23|  return value|
|grp_fu_3492_p_opcode  |  out|    2|  ap_ctrl_hs|  matrixmult_Pipeline_VITIS_LOOP_224_23|  return value|
|grp_fu_3492_p_dout0   |   in|   32|  ap_ctrl_hs|  matrixmult_Pipeline_VITIS_LOOP_224_23|  return value|
|grp_fu_3492_p_ce      |  out|    1|  ap_ctrl_hs|  matrixmult_Pipeline_VITIS_LOOP_224_23|  return value|
|zext_ln176_1          |   in|    5|     ap_none|                           zext_ln176_1|        scalar|
|A_6_address0          |  out|   13|   ap_memory|                                    A_6|         array|
|A_6_ce0               |  out|    1|   ap_memory|                                    A_6|         array|
|A_6_q0                |   in|   32|   ap_memory|                                    A_6|         array|
|B_2_address0          |  out|   13|   ap_memory|                                    B_2|         array|
|B_2_ce0               |  out|    1|   ap_memory|                                    B_2|         array|
|B_2_q0                |   in|   32|   ap_memory|                                    B_2|         array|
|s_6_6_out             |  out|   32|      ap_vld|                              s_6_6_out|       pointer|
|s_6_6_out_ap_vld      |  out|    1|      ap_vld|                              s_6_6_out|       pointer|
+----------------------+-----+-----+------------+---------------------------------------+--------------+

