

================================================================
== Vitis HLS Report for 'get_delta_matrix_weights2'
================================================================
* Date:           Fri May 30 21:43:14 2025

* Version:        2023.2 (Build 4023990 on Oct 11 2023)
* Project:        BACKPROP
* Solution:       solution0 (Vivado IP Flow Target)
* Product family: virtexuplusHBM
* Target device:  xcu50-fsvh2104-2-e


================================================================
== Performance Estimates
================================================================
+ Timing: 
    * Summary: 
    +--------+---------+----------+------------+
    |  Clock |  Target | Estimated| Uncertainty|
    +--------+---------+----------+------------+
    |ap_clk  |  8.00 ns|  5.217 ns|     2.16 ns|
    +--------+---------+----------+------------+

+ Latency: 
    * Summary: 
    +---------+---------+----------+----------+-------+-------+---------+
    |  Latency (cycles) |  Latency (absolute) |    Interval   | Pipeline|
    |   min   |   max   |    min   |    max   |  min  |  max  |   Type  |
    +---------+---------+----------+----------+-------+-------+---------+
    |    24769|    24769|  0.198 ms|  0.198 ms|  24769|  24769|       no|
    +---------+---------+----------+----------+-------+-------+---------+

    + Detail: 
        * Instance: 
        N/A

        * Loop: 
        +--------------------------------------+---------+---------+----------+-----------+-----------+------+----------+
        |                                      |  Latency (cycles) | Iteration|  Initiation Interval  | Trip |          |
        |               Loop Name              |   min   |   max   |  Latency |  achieved |   target  | Count| Pipelined|
        +--------------------------------------+---------+---------+----------+-----------+-----------+------+----------+
        |- get_delta_matrix_weights2_loop1     |    24768|    24768|       387|          -|          -|    64|        no|
        | + get_delta_matrix_weights2_loop1_1  |      384|      384|         6|          -|          -|    64|        no|
        +--------------------------------------+---------+---------+----------+-----------+-----------+------+----------+

============================================================
+ Verbose Summary: Synthesis Manager
============================================================
InlineROM: 1
ExposeGlobal: 0
============================================================
+ Verbose Summary: CDFG Model
============================================================
IsTopModel: 0
ResetActiveHigh: 1
IsCombinational: 0
IsDatapathOnly: 0
HasWiredReturn: 1
HasMFsm: 0
HasVarLatency: 1
IsPipeline: 0
IsRtlPipelined: 0
IsInstanceOverlapped: 0
IsDontTouch: 0
HasImplIP: 0
IsGatedGlobalClock: 0


============================================================
+ Verbose Summary: Schedule
============================================================
* Number of FSM states : 9
* Pipeline : 0
* Dataflow Pipeline: 0

* FSM state transitions: 
1 --> 2 
2 --> 3 
3 --> 4 
4 --> 5 2 
5 --> 6 
6 --> 7 
7 --> 8 
8 --> 9 
9 --> 4 

* FSM state operations: 

State 1 <SV = 0> <Delay = 0.38>
ST_1 : Operation 10 [1/1] (0.00ns)   --->   "%i = alloca i32 1" [data/benchmarks/backprop/backprop.c:156]   --->   Operation 10 'alloca' 'i' <Predicate = true> <Delay = 0.00>
ST_1 : Operation 11 [1/1] (0.38ns)   --->   "%store_ln156 = store i7 0, i7 %i" [data/benchmarks/backprop/backprop.c:156]   --->   Operation 11 'store' 'store_ln156' <Predicate = true> <Delay = 0.38>
ST_1 : Operation 12 [1/1] (0.00ns)   --->   "%br_ln158 = br void %get_delta_matrix_weights2_loop1_1" [data/benchmarks/backprop/backprop.c:158]   --->   Operation 12 'br' 'br_ln158' <Predicate = true> <Delay = 0.00>

State 2 <SV = 1> <Delay = 0.71>
ST_2 : Operation 13 [1/1] (0.00ns)   --->   "%i_30 = load i7 %i"   --->   Operation 13 'load' 'i_30' <Predicate = true> <Delay = 0.00>
ST_2 : Operation 14 [1/1] (0.70ns)   --->   "%icmp_ln158 = icmp_eq  i7 %i_30, i7 64" [data/benchmarks/backprop/backprop.c:158]   --->   Operation 14 'icmp' 'icmp_ln158' <Predicate = true> <Delay = 0.70> <CoreInst = "Cmp">   --->   Core 9 'Cmp' <Latency = 0> <II = 1> <Delay = 0.70> <FuncUnit> <Opcode : 'icmp'> <InPorts = 2> <OutPorts = 1>
ST_2 : Operation 15 [1/1] (0.70ns)   --->   "%add_ln158 = add i7 %i_30, i7 1" [data/benchmarks/backprop/backprop.c:158]   --->   Operation 15 'add' 'add_ln158' <Predicate = true> <Delay = 0.70> <CoreInst = "Adder">   --->   Core 1 'Adder' <Latency = 0> <II = 1> <Delay = 0.70> <FuncUnit> <Opcode : 'add' 'sub'> <InPorts = 2> <OutPorts = 1>
ST_2 : Operation 16 [1/1] (0.00ns)   --->   "%br_ln158 = br i1 %icmp_ln158, void %get_delta_matrix_weights2_loop1_1.split, void %for.end11" [data/benchmarks/backprop/backprop.c:158]   --->   Operation 16 'br' 'br_ln158' <Predicate = true> <Delay = 0.00>
ST_2 : Operation 17 [1/1] (0.00ns)   --->   "%zext_ln158 = zext i7 %i_30" [data/benchmarks/backprop/backprop.c:158]   --->   Operation 17 'zext' 'zext_ln158' <Predicate = (!icmp_ln158)> <Delay = 0.00>
ST_2 : Operation 18 [1/1] (0.00ns)   --->   "%last_activations_addr = getelementptr i64 %last_activations, i64 0, i64 %zext_ln158" [data/benchmarks/backprop/backprop.c:158]   --->   Operation 18 'getelementptr' 'last_activations_addr' <Predicate = (!icmp_ln158)> <Delay = 0.00>
ST_2 : Operation 19 [2/2] (0.71ns)   --->   "%last_activations_load = load i6 %last_activations_addr" [data/benchmarks/backprop/backprop.c:158]   --->   Operation 19 'load' 'last_activations_load' <Predicate = (!icmp_ln158)> <Delay = 0.71> <CoreInst = "RAM">   --->   Core 83 'RAM' <Latency = 1> <II = 1> <Delay = 0.71> <Storage> <Opcode : 'load' 'store'> <Ports = 2> <Width = 64> <Depth = 64> <RAM>
ST_2 : Operation 20 [1/1] (0.00ns)   --->   "%empty = trunc i7 %i_30"   --->   Operation 20 'trunc' 'empty' <Predicate = (!icmp_ln158)> <Delay = 0.00>
ST_2 : Operation 21 [1/1] (0.00ns)   --->   "%ret_ln166 = ret" [data/benchmarks/backprop/backprop.c:166]   --->   Operation 21 'ret' 'ret_ln166' <Predicate = (icmp_ln158)> <Delay = 0.00>

State 3 <SV = 2> <Delay = 0.71>
ST_3 : Operation 22 [1/1] (0.00ns)   --->   "%speclooptripcount_ln159 = speclooptripcount void @_ssdm_op_SpecLoopTripCount, i64 64, i64 64, i64 64" [data/benchmarks/backprop/backprop.c:159]   --->   Operation 22 'speclooptripcount' 'speclooptripcount_ln159' <Predicate = true> <Delay = 0.00>
ST_3 : Operation 23 [1/1] (0.00ns)   --->   "%specloopname_ln165 = specloopname void @_ssdm_op_SpecLoopName, void @empty_20" [data/benchmarks/backprop/backprop.c:165]   --->   Operation 23 'specloopname' 'specloopname_ln165' <Predicate = true> <Delay = 0.00>
ST_3 : Operation 24 [1/2] (0.71ns)   --->   "%last_activations_load = load i6 %last_activations_addr" [data/benchmarks/backprop/backprop.c:158]   --->   Operation 24 'load' 'last_activations_load' <Predicate = true> <Delay = 0.71> <CoreInst = "RAM">   --->   Core 83 'RAM' <Latency = 1> <II = 1> <Delay = 0.71> <Storage> <Opcode : 'load' 'store'> <Ports = 2> <Width = 64> <Depth = 64> <RAM>
ST_3 : Operation 25 [1/1] (0.00ns)   --->   "%tmp_s = bitconcatenate i12 @_ssdm_op_BitConcatenate.i12.i6.i6, i6 %empty, i6 0"   --->   Operation 25 'bitconcatenate' 'tmp_s' <Predicate = true> <Delay = 0.00>
ST_3 : Operation 26 [1/1] (0.38ns)   --->   "%br_ln161 = br void %for.inc" [data/benchmarks/backprop/backprop.c:161]   --->   Operation 26 'br' 'br_ln161' <Predicate = true> <Delay = 0.38>

State 4 <SV = 3> <Delay = 1.09>
ST_4 : Operation 27 [1/1] (0.00ns)   --->   "%j = phi i7 %add_ln161, void %for.inc.split, i7 0, void %get_delta_matrix_weights2_loop1_1.split" [data/benchmarks/backprop/backprop.c:161]   --->   Operation 27 'phi' 'j' <Predicate = true> <Delay = 0.00>
ST_4 : Operation 28 [1/1] (0.70ns)   --->   "%icmp_ln161 = icmp_eq  i7 %j, i7 64" [data/benchmarks/backprop/backprop.c:161]   --->   Operation 28 'icmp' 'icmp_ln161' <Predicate = true> <Delay = 0.70> <CoreInst = "Cmp">   --->   Core 9 'Cmp' <Latency = 0> <II = 1> <Delay = 0.70> <FuncUnit> <Opcode : 'icmp'> <InPorts = 2> <OutPorts = 1>
ST_4 : Operation 29 [1/1] (0.70ns)   --->   "%add_ln161 = add i7 %j, i7 1" [data/benchmarks/backprop/backprop.c:161]   --->   Operation 29 'add' 'add_ln161' <Predicate = true> <Delay = 0.70> <CoreInst = "Adder">   --->   Core 1 'Adder' <Latency = 0> <II = 1> <Delay = 0.70> <FuncUnit> <Opcode : 'add' 'sub'> <InPorts = 2> <OutPorts = 1>
ST_4 : Operation 30 [1/1] (0.00ns)   --->   "%br_ln161 = br i1 %icmp_ln161, void %for.inc.split, void %for.inc9" [data/benchmarks/backprop/backprop.c:161]   --->   Operation 30 'br' 'br_ln161' <Predicate = true> <Delay = 0.00>
ST_4 : Operation 31 [1/1] (0.00ns)   --->   "%zext_ln161 = zext i7 %j" [data/benchmarks/backprop/backprop.c:161]   --->   Operation 31 'zext' 'zext_ln161' <Predicate = (!icmp_ln161)> <Delay = 0.00>
ST_4 : Operation 32 [1/1] (0.00ns)   --->   "%zext_ln161_1 = zext i7 %j" [data/benchmarks/backprop/backprop.c:161]   --->   Operation 32 'zext' 'zext_ln161_1' <Predicate = (!icmp_ln161)> <Delay = 0.00>
ST_4 : Operation 33 [1/1] (0.00ns)   --->   "%output_difference_addr = getelementptr i64 %output_difference, i64 0, i64 %zext_ln161" [data/benchmarks/backprop/backprop.c:163]   --->   Operation 33 'getelementptr' 'output_difference_addr' <Predicate = (!icmp_ln161)> <Delay = 0.00>
ST_4 : Operation 34 [2/2] (0.71ns)   --->   "%output_difference_load = load i6 %output_difference_addr" [data/benchmarks/backprop/backprop.c:163]   --->   Operation 34 'load' 'output_difference_load' <Predicate = (!icmp_ln161)> <Delay = 0.71> <CoreInst = "RAM">   --->   Core 83 'RAM' <Latency = 1> <II = 1> <Delay = 0.71> <Storage> <Opcode : 'load' 'store'> <Ports = 2> <Width = 64> <Depth = 64> <RAM>
ST_4 : Operation 35 [1/1] (0.74ns)   --->   "%add_ln163 = add i12 %zext_ln161_1, i12 %tmp_s" [data/benchmarks/backprop/backprop.c:163]   --->   Operation 35 'add' 'add_ln163' <Predicate = (!icmp_ln161)> <Delay = 0.74> <CoreInst = "Adder">   --->   Core 1 'Adder' <Latency = 0> <II = 1> <Delay = 0.74> <FuncUnit> <Opcode : 'add' 'sub'> <InPorts = 2> <OutPorts = 1>
ST_4 : Operation 36 [1/1] (0.38ns)   --->   "%store_ln156 = store i7 %add_ln158, i7 %i" [data/benchmarks/backprop/backprop.c:156]   --->   Operation 36 'store' 'store_ln156' <Predicate = (icmp_ln161)> <Delay = 0.38>
ST_4 : Operation 37 [1/1] (0.00ns)   --->   "%br_ln158 = br void %get_delta_matrix_weights2_loop1_1" [data/benchmarks/backprop/backprop.c:158]   --->   Operation 37 'br' 'br_ln158' <Predicate = (icmp_ln161)> <Delay = 0.00>

State 5 <SV = 4> <Delay = 5.21>
ST_5 : Operation 38 [1/2] (0.71ns)   --->   "%output_difference_load = load i6 %output_difference_addr" [data/benchmarks/backprop/backprop.c:163]   --->   Operation 38 'load' 'output_difference_load' <Predicate = true> <Delay = 0.71> <CoreInst = "RAM">   --->   Core 83 'RAM' <Latency = 1> <II = 1> <Delay = 0.71> <Storage> <Opcode : 'load' 'store'> <Ports = 2> <Width = 64> <Depth = 64> <RAM>
ST_5 : Operation 39 [4/4] (4.50ns)   --->   "%mul = dmul i64 %last_activations_load, i64 %output_difference_load" [data/benchmarks/backprop/backprop.c:163]   --->   Operation 39 'dmul' 'mul' <Predicate = true> <Delay = 4.50> <CoreInst = "DMul_maxdsp">   --->   Core 49 'DMul_maxdsp' <Latency = 3> <II = 1> <Delay = 4.50> <FuncUnit> <Opcode : 'dmul'> <InPorts = 2> <OutPorts = 1>

State 6 <SV = 5> <Delay = 4.50>
ST_6 : Operation 40 [3/4] (4.50ns)   --->   "%mul = dmul i64 %last_activations_load, i64 %output_difference_load" [data/benchmarks/backprop/backprop.c:163]   --->   Operation 40 'dmul' 'mul' <Predicate = true> <Delay = 4.50> <CoreInst = "DMul_maxdsp">   --->   Core 49 'DMul_maxdsp' <Latency = 3> <II = 1> <Delay = 4.50> <FuncUnit> <Opcode : 'dmul'> <InPorts = 2> <OutPorts = 1>

State 7 <SV = 6> <Delay = 4.50>
ST_7 : Operation 41 [2/4] (4.50ns)   --->   "%mul = dmul i64 %last_activations_load, i64 %output_difference_load" [data/benchmarks/backprop/backprop.c:163]   --->   Operation 41 'dmul' 'mul' <Predicate = true> <Delay = 4.50> <CoreInst = "DMul_maxdsp">   --->   Core 49 'DMul_maxdsp' <Latency = 3> <II = 1> <Delay = 4.50> <FuncUnit> <Opcode : 'dmul'> <InPorts = 2> <OutPorts = 1>

State 8 <SV = 7> <Delay = 4.50>
ST_8 : Operation 42 [1/4] (4.50ns)   --->   "%mul = dmul i64 %last_activations_load, i64 %output_difference_load" [data/benchmarks/backprop/backprop.c:163]   --->   Operation 42 'dmul' 'mul' <Predicate = true> <Delay = 4.50> <CoreInst = "DMul_maxdsp">   --->   Core 49 'DMul_maxdsp' <Latency = 3> <II = 1> <Delay = 4.50> <FuncUnit> <Opcode : 'dmul'> <InPorts = 2> <OutPorts = 1>

State 9 <SV = 8> <Delay = 1.64>
ST_9 : Operation 43 [1/1] (0.00ns)   --->   "%speclooptripcount_ln162 = speclooptripcount void @_ssdm_op_SpecLoopTripCount, i64 64, i64 64, i64 64" [data/benchmarks/backprop/backprop.c:162]   --->   Operation 43 'speclooptripcount' 'speclooptripcount_ln162' <Predicate = true> <Delay = 0.00>
ST_9 : Operation 44 [1/1] (0.00ns)   --->   "%specloopname_ln164 = specloopname void @_ssdm_op_SpecLoopName, void @empty_19" [data/benchmarks/backprop/backprop.c:164]   --->   Operation 44 'specloopname' 'specloopname_ln164' <Predicate = true> <Delay = 0.00>
ST_9 : Operation 45 [1/1] (0.00ns)   --->   "%zext_ln163 = zext i12 %add_ln163" [data/benchmarks/backprop/backprop.c:163]   --->   Operation 45 'zext' 'zext_ln163' <Predicate = true> <Delay = 0.00>
ST_9 : Operation 46 [1/1] (0.00ns)   --->   "%delta_weights2_addr = getelementptr i64 %delta_weights2, i64 0, i64 %zext_ln163" [data/benchmarks/backprop/backprop.c:163]   --->   Operation 46 'getelementptr' 'delta_weights2_addr' <Predicate = true> <Delay = 0.00>
ST_9 : Operation 47 [1/1] (1.64ns)   --->   "%store_ln163 = store i64 %mul, i12 %delta_weights2_addr" [data/benchmarks/backprop/backprop.c:163]   --->   Operation 47 'store' 'store_ln163' <Predicate = true> <Delay = 1.64> <CoreInst = "RAM">   --->   Core 83 'RAM' <Latency = 1> <II = 1> <Delay = 1.64> <Storage> <Opcode : 'load' 'store'> <Ports = 2> <Width = 64> <Depth = 4096> <RAM>
ST_9 : Operation 48 [1/1] (0.00ns)   --->   "%br_ln161 = br void %for.inc" [data/benchmarks/backprop/backprop.c:161]   --->   Operation 48 'br' 'br_ln161' <Predicate = true> <Delay = 0.00>


============================================================
+ Verbose Summary: Binding
============================================================
STG Binding: 
---------------- STG Properties BEGIN ----------------
- Is combinational: 0
- Is one-state seq: 0
- Is datapath-only: 0
- Is pipelined: 0
- Is top level: 0
Port [ Return ] is wired: 1; IO mode=ap_ctrl_hs:ce=0
Port [ delta_weights2]:  wired=1; compound=1; hidden=0; nouse=0; global=0; static=0; extern=0; dir=1; type=1; pingpong=0; private_global=0; MemPort=[03]; IO mode=ap_memory:ce=0
Port [ output_difference]:  wired=1; compound=1; hidden=0; nouse=0; global=0; static=0; extern=0; dir=0; type=1; pingpong=0; private_global=0; MemPort=[13]; IO mode=ap_memory:ce=0
Port [ last_activations]:  wired=1; compound=1; hidden=0; nouse=0; global=0; static=0; extern=0; dir=0; type=1; pingpong=0; private_global=0; MemPort=[13]; IO mode=ap_memory:ce=0
---------------- STG Properties END ------------------

---------------- Datapath Model BEGIN ----------------

<LifeTime>
<method=bitvector/>
i                       (alloca           ) [ 0111111111]
store_ln156             (store            ) [ 0000000000]
br_ln158                (br               ) [ 0000000000]
i_30                    (load             ) [ 0000000000]
icmp_ln158              (icmp             ) [ 0011111111]
add_ln158               (add              ) [ 0001111111]
br_ln158                (br               ) [ 0000000000]
zext_ln158              (zext             ) [ 0000000000]
last_activations_addr   (getelementptr    ) [ 0001000000]
empty                   (trunc            ) [ 0001000000]
ret_ln166               (ret              ) [ 0000000000]
speclooptripcount_ln159 (speclooptripcount) [ 0000000000]
specloopname_ln165      (specloopname     ) [ 0000000000]
last_activations_load   (load             ) [ 0000111111]
tmp_s                   (bitconcatenate   ) [ 0000111111]
br_ln161                (br               ) [ 0011111111]
j                       (phi              ) [ 0000100000]
icmp_ln161              (icmp             ) [ 0011111111]
add_ln161               (add              ) [ 0011111111]
br_ln161                (br               ) [ 0000000000]
zext_ln161              (zext             ) [ 0000000000]
zext_ln161_1            (zext             ) [ 0000000000]
output_difference_addr  (getelementptr    ) [ 0000010000]
add_ln163               (add              ) [ 0000011111]
store_ln156             (store            ) [ 0000000000]
br_ln158                (br               ) [ 0000000000]
output_difference_load  (load             ) [ 0000001110]
mul                     (dmul             ) [ 0000000001]
speclooptripcount_ln162 (speclooptripcount) [ 0000000000]
specloopname_ln164      (specloopname     ) [ 0000000000]
zext_ln163              (zext             ) [ 0000000000]
delta_weights2_addr     (getelementptr    ) [ 0000000000]
store_ln163             (store            ) [ 0000000000]
br_ln161                (br               ) [ 0011111111]
</LifeTime>

<model>

<comp_list>
<comp id="0" class="1000" name="delta_weights2">
<pin_list>
<pin id="1" dir="1" index="0" bw="1" slack="0"/>
</pin_list>
<bind>
<StgValue><ssdm name="delta_weights2"/><MemPortTyVec>0 3 </MemPortTyVec>
</StgValue>
</bind>
</comp>

<comp id="2" class="1000" name="output_difference">
<pin_list>
<pin id="3" dir="1" index="0" bw="1" slack="0"/>
</pin_list>
<bind>
<StgValue><ssdm name="output_difference"/><MemPortTyVec>1 3 </MemPortTyVec>
</StgValue>
</bind>
</comp>

<comp id="4" class="1000" name="last_activations">
<pin_list>
<pin id="5" dir="1" index="0" bw="1" slack="0"/>
</pin_list>
<bind>
<StgValue><ssdm name="last_activations"/><MemPortTyVec>1 3 </MemPortTyVec>
</StgValue>
</bind>
</comp>

<comp id="6" class="1001" name="const_6">
<pin_list>
<pin id="7" dir="1" index="0" bw="1" slack="0"/>
</pin_list>
<bind>
<StgValue><ssdm name=""/></StgValue>
</bind>
</comp>

<comp id="8" class="1001" name="const_8">
<pin_list>
<pin id="9" dir="1" index="0" bw="1" slack="0"/>
</pin_list>
<bind>
<StgValue><ssdm name=""/></StgValue>
</bind>
</comp>

<comp id="10" class="1001" name="const_10">
<pin_list>
<pin id="11" dir="1" index="0" bw="1" slack="0"/>
</pin_list>
<bind>
<StgValue><ssdm name=""/></StgValue>
</bind>
</comp>

<comp id="12" class="1001" name="const_12">
<pin_list>
<pin id="13" dir="1" index="0" bw="1" slack="0"/>
</pin_list>
<bind>
<StgValue><ssdm name=""/></StgValue>
</bind>
</comp>

<comp id="14" class="1001" name="const_14">
<pin_list>
<pin id="15" dir="1" index="0" bw="1" slack="0"/>
</pin_list>
<bind>
<StgValue><ssdm name=""/></StgValue>
</bind>
</comp>

<comp id="16" class="1001" name="const_16">
<pin_list>
<pin id="17" dir="1" index="0" bw="1" slack="2147483647"/>
</pin_list>
<bind>
<StgValue><ssdm name="_ssdm_op_SpecLoopTripCount"/></StgValue>
</bind>
</comp>

<comp id="18" class="1001" name="const_18">
<pin_list>
<pin id="19" dir="1" index="0" bw="1" slack="2147483647"/>
</pin_list>
<bind>
<StgValue><ssdm name=""/></StgValue>
</bind>
</comp>

<comp id="20" class="1001" name="const_20">
<pin_list>
<pin id="21" dir="1" index="0" bw="1" slack="2147483647"/>
</pin_list>
<bind>
<StgValue><ssdm name="_ssdm_op_SpecLoopName"/></StgValue>
</bind>
</comp>

<comp id="22" class="1001" name="const_22">
<pin_list>
<pin id="23" dir="1" index="0" bw="1" slack="2147483647"/>
</pin_list>
<bind>
<StgValue><ssdm name="empty_20"/></StgValue>
</bind>
</comp>

<comp id="24" class="1001" name="const_24">
<pin_list>
<pin id="25" dir="1" index="0" bw="1" slack="0"/>
</pin_list>
<bind>
<StgValue><ssdm name="_ssdm_op_BitConcatenate.i12.i6.i6"/></StgValue>
</bind>
</comp>

<comp id="26" class="1001" name="const_26">
<pin_list>
<pin id="27" dir="1" index="0" bw="1" slack="0"/>
</pin_list>
<bind>
<StgValue><ssdm name=""/></StgValue>
</bind>
</comp>

<comp id="28" class="1001" name="const_28">
<pin_list>
<pin id="29" dir="1" index="0" bw="1" slack="2147483647"/>
</pin_list>
<bind>
<StgValue><ssdm name="empty_19"/></StgValue>
</bind>
</comp>

<comp id="30" class="1004" name="i_fu_30">
<pin_list>
<pin id="31" dir="0" index="0" bw="1" slack="0"/>
<pin id="32" dir="1" index="1" bw="7" slack="0"/>
</pin_list>
<bind>
<opcode="alloca(26) " fcode="alloca"/>
<opset="i/1 "/>
</bind>
</comp>

<comp id="34" class="1004" name="last_activations_addr_gep_fu_34">
<pin_list>
<pin id="35" dir="0" index="0" bw="64" slack="0"/>
<pin id="36" dir="0" index="1" bw="1" slack="0"/>
<pin id="37" dir="0" index="2" bw="7" slack="0"/>
<pin id="38" dir="1" index="3" bw="6" slack="0"/>
</pin_list>
<bind>
<opcode="getelementptr(29) " fcode="getelementptr"/>
<opset="last_activations_addr/2 "/>
</bind>
</comp>

<comp id="41" class="1004" name="grp_access_fu_41">
<pin_list>
<pin id="42" dir="0" index="0" bw="6" slack="0"/>
<pin id="43" dir="0" index="1" bw="64" slack="2147483647"/>
<pin id="44" dir="0" index="2" bw="0" slack="2147483647"/>
<pin id="45" dir="1" index="3" bw="64" slack="2"/>
</pin_list>
<bind>
<opcode="load(27) " fcode="load"/>
<opset="last_activations_load/2 "/>
</bind>
</comp>

<comp id="47" class="1004" name="output_difference_addr_gep_fu_47">
<pin_list>
<pin id="48" dir="0" index="0" bw="64" slack="0"/>
<pin id="49" dir="0" index="1" bw="1" slack="0"/>
<pin id="50" dir="0" index="2" bw="7" slack="0"/>
<pin id="51" dir="1" index="3" bw="6" slack="0"/>
</pin_list>
<bind>
<opcode="getelementptr(29) " fcode="getelementptr"/>
<opset="output_difference_addr/4 "/>
</bind>
</comp>

<comp id="54" class="1004" name="grp_access_fu_54">
<pin_list>
<pin id="55" dir="0" index="0" bw="6" slack="0"/>
<pin id="56" dir="0" index="1" bw="64" slack="2147483647"/>
<pin id="57" dir="0" index="2" bw="0" slack="2147483647"/>
<pin id="58" dir="1" index="3" bw="64" slack="0"/>
</pin_list>
<bind>
<opcode="load(27) " fcode="load"/>
<opset="output_difference_load/4 "/>
</bind>
</comp>

<comp id="60" class="1004" name="delta_weights2_addr_gep_fu_60">
<pin_list>
<pin id="61" dir="0" index="0" bw="64" slack="0"/>
<pin id="62" dir="0" index="1" bw="1" slack="0"/>
<pin id="63" dir="0" index="2" bw="12" slack="0"/>
<pin id="64" dir="1" index="3" bw="12" slack="0"/>
</pin_list>
<bind>
<opcode="getelementptr(29) " fcode="getelementptr"/>
<opset="delta_weights2_addr/9 "/>
</bind>
</comp>

<comp id="67" class="1004" name="store_ln163_access_fu_67">
<pin_list>
<pin id="68" dir="0" index="0" bw="12" slack="0"/>
<pin id="69" dir="0" index="1" bw="64" slack="1"/>
<pin id="70" dir="0" index="2" bw="0" slack="2147483647"/>
<pin id="71" dir="1" index="3" bw="64" slack="2147483647"/>
</pin_list>
<bind>
<opcode="store(28) " fcode="store"/>
<opset="store_ln163/9 "/>
</bind>
</comp>

<comp id="73" class="1005" name="j_reg_73">
<pin_list>
<pin id="74" dir="0" index="0" bw="7" slack="1"/>
<pin id="75" dir="1" index="1" bw="7" slack="1"/>
</pin_list>
<bind>
<opset="j (phireg) "/>
</bind>
</comp>

<comp id="77" class="1004" name="j_phi_fu_77">
<pin_list>
<pin id="78" dir="0" index="0" bw="7" slack="0"/>
<pin id="79" dir="0" index="1" bw="0" slack="2147483647"/>
<pin id="80" dir="0" index="2" bw="1" slack="1"/>
<pin id="81" dir="0" index="3" bw="0" slack="2147483647"/>
<pin id="82" dir="1" index="4" bw="7" slack="0"/>
</pin_list>
<bind>
<opcode="phi(47) " fcode="phi"/>
<opset="j/4 "/>
</bind>
</comp>

<comp id="84" class="1004" name="grp_fu_84">
<pin_list>
<pin id="85" dir="0" index="0" bw="64" slack="2"/>
<pin id="86" dir="0" index="1" bw="64" slack="0"/>
<pin id="87" dir="1" index="2" bw="64" slack="1"/>
</pin_list>
<bind>
<opcode="dmul(510) " fcode="dmul"/>
<opset="mul/5 "/>
</bind>
</comp>

<comp id="89" class="1004" name="store_ln156_store_fu_89">
<pin_list>
<pin id="90" dir="0" index="0" bw="1" slack="0"/>
<pin id="91" dir="0" index="1" bw="7" slack="0"/>
<pin id="92" dir="1" index="2" bw="0" slack="2147483647"/>
</pin_list>
<bind>
<opcode="store(28) " fcode="store"/>
<opset="store_ln156/1 "/>
</bind>
</comp>

<comp id="94" class="1004" name="i_30_load_fu_94">
<pin_list>
<pin id="95" dir="0" index="0" bw="7" slack="1"/>
<pin id="96" dir="1" index="1" bw="7" slack="0"/>
</pin_list>
<bind>
<opcode="load(27) " fcode="load"/>
<opset="i_30/2 "/>
</bind>
</comp>

<comp id="97" class="1004" name="icmp_ln158_fu_97">
<pin_list>
<pin id="98" dir="0" index="0" bw="7" slack="0"/>
<pin id="99" dir="0" index="1" bw="7" slack="0"/>
<pin id="100" dir="1" index="2" bw="1" slack="2147483647"/>
</pin_list>
<bind>
<opcode="icmp(45) " fcode="icmp"/>
<opset="icmp_ln158/2 "/>
</bind>
</comp>

<comp id="103" class="1004" name="add_ln158_fu_103">
<pin_list>
<pin id="104" dir="0" index="0" bw="7" slack="0"/>
<pin id="105" dir="0" index="1" bw="1" slack="0"/>
<pin id="106" dir="1" index="2" bw="7" slack="2"/>
</pin_list>
<bind>
<opcode="add(8) " fcode="add"/>
<opset="add_ln158/2 "/>
</bind>
</comp>

<comp id="109" class="1004" name="zext_ln158_fu_109">
<pin_list>
<pin id="110" dir="0" index="0" bw="7" slack="0"/>
<pin id="111" dir="1" index="1" bw="64" slack="0"/>
</pin_list>
<bind>
<opcode="zext(34) " fcode="zext"/>
<opset="zext_ln158/2 "/>
</bind>
</comp>

<comp id="114" class="1004" name="empty_fu_114">
<pin_list>
<pin id="115" dir="0" index="0" bw="7" slack="0"/>
<pin id="116" dir="1" index="1" bw="6" slack="1"/>
</pin_list>
<bind>
<opcode="trunc(33) " fcode="trunc"/>
<opset="empty/2 "/>
</bind>
</comp>

<comp id="118" class="1004" name="tmp_s_fu_118">
<pin_list>
<pin id="119" dir="0" index="0" bw="12" slack="0"/>
<pin id="120" dir="0" index="1" bw="6" slack="1"/>
<pin id="121" dir="0" index="2" bw="1" slack="0"/>
<pin id="122" dir="1" index="3" bw="12" slack="1"/>
</pin_list>
<bind>
<opcode="bitconcatenate(1004) " fcode="bitconcatenate"/>
<opset="tmp_s/3 "/>
</bind>
</comp>

<comp id="125" class="1004" name="icmp_ln161_fu_125">
<pin_list>
<pin id="126" dir="0" index="0" bw="7" slack="0"/>
<pin id="127" dir="0" index="1" bw="7" slack="0"/>
<pin id="128" dir="1" index="2" bw="1" slack="2147483647"/>
</pin_list>
<bind>
<opcode="icmp(45) " fcode="icmp"/>
<opset="icmp_ln161/4 "/>
</bind>
</comp>

<comp id="131" class="1004" name="add_ln161_fu_131">
<pin_list>
<pin id="132" dir="0" index="0" bw="7" slack="0"/>
<pin id="133" dir="0" index="1" bw="1" slack="0"/>
<pin id="134" dir="1" index="2" bw="7" slack="0"/>
</pin_list>
<bind>
<opcode="add(8) " fcode="add"/>
<opset="add_ln161/4 "/>
</bind>
</comp>

<comp id="137" class="1004" name="zext_ln161_fu_137">
<pin_list>
<pin id="138" dir="0" index="0" bw="7" slack="0"/>
<pin id="139" dir="1" index="1" bw="64" slack="0"/>
</pin_list>
<bind>
<opcode="zext(34) " fcode="zext"/>
<opset="zext_ln161/4 "/>
</bind>
</comp>

<comp id="142" class="1004" name="zext_ln161_1_fu_142">
<pin_list>
<pin id="143" dir="0" index="0" bw="7" slack="0"/>
<pin id="144" dir="1" index="1" bw="12" slack="0"/>
</pin_list>
<bind>
<opcode="zext(34) " fcode="zext"/>
<opset="zext_ln161_1/4 "/>
</bind>
</comp>

<comp id="146" class="1004" name="add_ln163_fu_146">
<pin_list>
<pin id="147" dir="0" index="0" bw="7" slack="0"/>
<pin id="148" dir="0" index="1" bw="12" slack="1"/>
<pin id="149" dir="1" index="2" bw="12" slack="5"/>
</pin_list>
<bind>
<opcode="add(8) " fcode="add"/>
<opset="add_ln163/4 "/>
</bind>
</comp>

<comp id="151" class="1004" name="store_ln156_store_fu_151">
<pin_list>
<pin id="152" dir="0" index="0" bw="7" slack="2"/>
<pin id="153" dir="0" index="1" bw="7" slack="3"/>
<pin id="154" dir="1" index="2" bw="0" slack="2147483647"/>
</pin_list>
<bind>
<opcode="store(28) " fcode="store"/>
<opset="store_ln156/4 "/>
</bind>
</comp>

<comp id="155" class="1004" name="zext_ln163_fu_155">
<pin_list>
<pin id="156" dir="0" index="0" bw="12" slack="5"/>
<pin id="157" dir="1" index="1" bw="64" slack="0"/>
</pin_list>
<bind>
<opcode="zext(34) " fcode="zext"/>
<opset="zext_ln163/9 "/>
</bind>
</comp>

<comp id="159" class="1005" name="i_reg_159">
<pin_list>
<pin id="160" dir="0" index="0" bw="7" slack="0"/>
<pin id="161" dir="1" index="1" bw="7" slack="0"/>
</pin_list>
<bind>
<opset="i "/>
</bind>
</comp>

<comp id="169" class="1005" name="add_ln158_reg_169">
<pin_list>
<pin id="170" dir="0" index="0" bw="7" slack="2"/>
<pin id="171" dir="1" index="1" bw="7" slack="2"/>
</pin_list>
<bind>
<opset="add_ln158 "/>
</bind>
</comp>

<comp id="174" class="1005" name="last_activations_addr_reg_174">
<pin_list>
<pin id="175" dir="0" index="0" bw="6" slack="1"/>
<pin id="176" dir="1" index="1" bw="6" slack="1"/>
</pin_list>
<bind>
<opset="last_activations_addr "/>
</bind>
</comp>

<comp id="179" class="1005" name="empty_reg_179">
<pin_list>
<pin id="180" dir="0" index="0" bw="6" slack="1"/>
<pin id="181" dir="1" index="1" bw="6" slack="1"/>
</pin_list>
<bind>
<opset="empty "/>
</bind>
</comp>

<comp id="184" class="1005" name="last_activations_load_reg_184">
<pin_list>
<pin id="185" dir="0" index="0" bw="64" slack="2"/>
<pin id="186" dir="1" index="1" bw="64" slack="2"/>
</pin_list>
<bind>
<opset="last_activations_load "/>
</bind>
</comp>

<comp id="189" class="1005" name="tmp_s_reg_189">
<pin_list>
<pin id="190" dir="0" index="0" bw="12" slack="1"/>
<pin id="191" dir="1" index="1" bw="12" slack="1"/>
</pin_list>
<bind>
<opset="tmp_s "/>
</bind>
</comp>

<comp id="197" class="1005" name="add_ln161_reg_197">
<pin_list>
<pin id="198" dir="0" index="0" bw="7" slack="0"/>
<pin id="199" dir="1" index="1" bw="7" slack="0"/>
</pin_list>
<bind>
<opset="add_ln161 "/>
</bind>
</comp>

<comp id="202" class="1005" name="output_difference_addr_reg_202">
<pin_list>
<pin id="203" dir="0" index="0" bw="6" slack="1"/>
<pin id="204" dir="1" index="1" bw="6" slack="1"/>
</pin_list>
<bind>
<opset="output_difference_addr "/>
</bind>
</comp>

<comp id="207" class="1005" name="add_ln163_reg_207">
<pin_list>
<pin id="208" dir="0" index="0" bw="12" slack="5"/>
<pin id="209" dir="1" index="1" bw="12" slack="5"/>
</pin_list>
<bind>
<opset="add_ln163 "/>
</bind>
</comp>

<comp id="212" class="1005" name="output_difference_load_reg_212">
<pin_list>
<pin id="213" dir="0" index="0" bw="64" slack="1"/>
<pin id="214" dir="1" index="1" bw="64" slack="1"/>
</pin_list>
<bind>
<opset="output_difference_load "/>
</bind>
</comp>

<comp id="217" class="1005" name="mul_reg_217">
<pin_list>
<pin id="218" dir="0" index="0" bw="64" slack="1"/>
<pin id="219" dir="1" index="1" bw="64" slack="1"/>
</pin_list>
<bind>
<opset="mul "/>
</bind>
</comp>

</comp_list>

<net_list>
<net id="33"><net_src comp="6" pin="0"/><net_sink comp="30" pin=0"/></net>

<net id="39"><net_src comp="4" pin="0"/><net_sink comp="34" pin=0"/></net>

<net id="40"><net_src comp="14" pin="0"/><net_sink comp="34" pin=1"/></net>

<net id="46"><net_src comp="34" pin="3"/><net_sink comp="41" pin=0"/></net>

<net id="52"><net_src comp="2" pin="0"/><net_sink comp="47" pin=0"/></net>

<net id="53"><net_src comp="14" pin="0"/><net_sink comp="47" pin=1"/></net>

<net id="59"><net_src comp="47" pin="3"/><net_sink comp="54" pin=0"/></net>

<net id="65"><net_src comp="0" pin="0"/><net_sink comp="60" pin=0"/></net>

<net id="66"><net_src comp="14" pin="0"/><net_sink comp="60" pin=1"/></net>

<net id="72"><net_src comp="60" pin="3"/><net_sink comp="67" pin=0"/></net>

<net id="76"><net_src comp="8" pin="0"/><net_sink comp="73" pin=0"/></net>

<net id="83"><net_src comp="73" pin="1"/><net_sink comp="77" pin=2"/></net>

<net id="88"><net_src comp="54" pin="3"/><net_sink comp="84" pin=1"/></net>

<net id="93"><net_src comp="8" pin="0"/><net_sink comp="89" pin=0"/></net>

<net id="101"><net_src comp="94" pin="1"/><net_sink comp="97" pin=0"/></net>

<net id="102"><net_src comp="10" pin="0"/><net_sink comp="97" pin=1"/></net>

<net id="107"><net_src comp="94" pin="1"/><net_sink comp="103" pin=0"/></net>

<net id="108"><net_src comp="12" pin="0"/><net_sink comp="103" pin=1"/></net>

<net id="112"><net_src comp="94" pin="1"/><net_sink comp="109" pin=0"/></net>

<net id="113"><net_src comp="109" pin="1"/><net_sink comp="34" pin=2"/></net>

<net id="117"><net_src comp="94" pin="1"/><net_sink comp="114" pin=0"/></net>

<net id="123"><net_src comp="24" pin="0"/><net_sink comp="118" pin=0"/></net>

<net id="124"><net_src comp="26" pin="0"/><net_sink comp="118" pin=2"/></net>

<net id="129"><net_src comp="77" pin="4"/><net_sink comp="125" pin=0"/></net>

<net id="130"><net_src comp="10" pin="0"/><net_sink comp="125" pin=1"/></net>

<net id="135"><net_src comp="77" pin="4"/><net_sink comp="131" pin=0"/></net>

<net id="136"><net_src comp="12" pin="0"/><net_sink comp="131" pin=1"/></net>

<net id="140"><net_src comp="77" pin="4"/><net_sink comp="137" pin=0"/></net>

<net id="141"><net_src comp="137" pin="1"/><net_sink comp="47" pin=2"/></net>

<net id="145"><net_src comp="77" pin="4"/><net_sink comp="142" pin=0"/></net>

<net id="150"><net_src comp="142" pin="1"/><net_sink comp="146" pin=0"/></net>

<net id="158"><net_src comp="155" pin="1"/><net_sink comp="60" pin=2"/></net>

<net id="162"><net_src comp="30" pin="1"/><net_sink comp="159" pin=0"/></net>

<net id="163"><net_src comp="159" pin="1"/><net_sink comp="89" pin=1"/></net>

<net id="164"><net_src comp="159" pin="1"/><net_sink comp="94" pin=0"/></net>

<net id="165"><net_src comp="159" pin="1"/><net_sink comp="151" pin=1"/></net>

<net id="172"><net_src comp="103" pin="2"/><net_sink comp="169" pin=0"/></net>

<net id="173"><net_src comp="169" pin="1"/><net_sink comp="151" pin=0"/></net>

<net id="177"><net_src comp="34" pin="3"/><net_sink comp="174" pin=0"/></net>

<net id="178"><net_src comp="174" pin="1"/><net_sink comp="41" pin=0"/></net>

<net id="182"><net_src comp="114" pin="1"/><net_sink comp="179" pin=0"/></net>

<net id="183"><net_src comp="179" pin="1"/><net_sink comp="118" pin=1"/></net>

<net id="187"><net_src comp="41" pin="3"/><net_sink comp="184" pin=0"/></net>

<net id="188"><net_src comp="184" pin="1"/><net_sink comp="84" pin=0"/></net>

<net id="192"><net_src comp="118" pin="3"/><net_sink comp="189" pin=0"/></net>

<net id="193"><net_src comp="189" pin="1"/><net_sink comp="146" pin=1"/></net>

<net id="200"><net_src comp="131" pin="2"/><net_sink comp="197" pin=0"/></net>

<net id="201"><net_src comp="197" pin="1"/><net_sink comp="77" pin=0"/></net>

<net id="205"><net_src comp="47" pin="3"/><net_sink comp="202" pin=0"/></net>

<net id="206"><net_src comp="202" pin="1"/><net_sink comp="54" pin=0"/></net>

<net id="210"><net_src comp="146" pin="2"/><net_sink comp="207" pin=0"/></net>

<net id="211"><net_src comp="207" pin="1"/><net_sink comp="155" pin=0"/></net>

<net id="215"><net_src comp="54" pin="3"/><net_sink comp="212" pin=0"/></net>

<net id="216"><net_src comp="212" pin="1"/><net_sink comp="84" pin=1"/></net>

<net id="220"><net_src comp="84" pin="2"/><net_sink comp="217" pin=0"/></net>

<net id="221"><net_src comp="217" pin="1"/><net_sink comp="67" pin=1"/></net>

</net_list>

</model> 
---------------- Datapath Model END ------------------

* FSMD analyzer results:
  - Output states:
	Port: delta_weights2 | {9 }
 - Input state : 
	Port: get_delta_matrix_weights2 : output_difference | {4 5 }
	Port: get_delta_matrix_weights2 : last_activations | {2 3 }
  - Chain level:
	State 1
		store_ln156 : 1
	State 2
		icmp_ln158 : 1
		add_ln158 : 1
		br_ln158 : 2
		zext_ln158 : 1
		last_activations_addr : 2
		last_activations_load : 3
		empty : 1
	State 3
	State 4
		icmp_ln161 : 1
		add_ln161 : 1
		br_ln161 : 2
		zext_ln161 : 1
		zext_ln161_1 : 1
		output_difference_addr : 2
		output_difference_load : 3
		add_ln163 : 2
	State 5
		mul : 1
	State 6
	State 7
	State 8
	State 9
		delta_weights2_addr : 1
		store_ln163 : 2


============================================================
+ Verbose Summary: Datapath Resource usage 
============================================================

* Functional unit list:
|----------|---------------------|---------|---------|---------|
| Operation|   Functional Unit   |   DSP   |    FF   |   LUT   |
|----------|---------------------|---------|---------|---------|
|   dmul   |      grp_fu_84      |    8    |   275   |   108   |
|----------|---------------------|---------|---------|---------|
|          |   add_ln158_fu_103  |    0    |    0    |    14   |
|    add   |   add_ln161_fu_131  |    0    |    0    |    14   |
|          |   add_ln163_fu_146  |    0    |    0    |    19   |
|----------|---------------------|---------|---------|---------|
|   icmp   |   icmp_ln158_fu_97  |    0    |    0    |    14   |
|          |  icmp_ln161_fu_125  |    0    |    0    |    14   |
|----------|---------------------|---------|---------|---------|
|          |  zext_ln158_fu_109  |    0    |    0    |    0    |
|   zext   |  zext_ln161_fu_137  |    0    |    0    |    0    |
|          | zext_ln161_1_fu_142 |    0    |    0    |    0    |
|          |  zext_ln163_fu_155  |    0    |    0    |    0    |
|----------|---------------------|---------|---------|---------|
|   trunc  |     empty_fu_114    |    0    |    0    |    0    |
|----------|---------------------|---------|---------|---------|
|bitconcatenate|     tmp_s_fu_118    |    0    |    0    |    0    |
|----------|---------------------|---------|---------|---------|
|   Total  |                     |    8    |   275   |   183   |
|----------|---------------------|---------|---------|---------|

Memories:
N/A

* Register list:
+------------------------------+--------+
|                              |   FF   |
+------------------------------+--------+
|       add_ln158_reg_169      |    7   |
|       add_ln161_reg_197      |    7   |
|       add_ln163_reg_207      |   12   |
|         empty_reg_179        |    6   |
|           i_reg_159          |    7   |
|           j_reg_73           |    7   |
| last_activations_addr_reg_174|    6   |
| last_activations_load_reg_184|   64   |
|          mul_reg_217         |   64   |
|output_difference_addr_reg_202|    6   |
|output_difference_load_reg_212|   64   |
|         tmp_s_reg_189        |   12   |
+------------------------------+--------+
|             Total            |   262  |
+------------------------------+--------+

* Multiplexer (MUX) list: 
|------------------|------|------|------|--------||---------||---------|
|       Comp       |  Pin | Size |  BW  | S x BW ||  Delay  ||   LUT   |
|------------------|------|------|------|--------||---------||---------|
| grp_access_fu_41 |  p0  |   2  |   6  |   12   ||    9    |
| grp_access_fu_54 |  p0  |   2  |   6  |   12   ||    9    |
|     grp_fu_84    |  p1  |   2  |  64  |   128  ||    9    |
|------------------|------|------|------|--------||---------||---------|
|       Total      |      |      |      |   152  ||  1.161  ||    27   |
|------------------|------|------|------|--------||---------||---------|



* Summary:
+-----------+--------+--------+--------+--------+
|           |   DSP  |  Delay |   FF   |   LUT  |
+-----------+--------+--------+--------+--------+
|  Function |    8   |    -   |   275  |   183  |
|   Memory  |    -   |    -   |    -   |    -   |
|Multiplexer|    -   |    1   |    -   |   27   |
|  Register |    -   |    -   |   262  |    -   |
+-----------+--------+--------+--------+--------+
|   Total   |    8   |    1   |   537  |   210  |
+-----------+--------+--------+--------+--------+
