

================================================================
== Vitis HLS Report for 'SgdLR_Pipeline_DOT'
================================================================
* Date:           Sun Jun 16 06:03:30 2024

* Version:        2023.2 (Build 4023990 on Oct 11 2023)
* Project:        spam_ahls
* Solution:       solution1 (Vivado IP Flow Target)
* Product family: virtexuplusHBM
* Target device:  xcvu35p-fsvh2104-1-e


================================================================
== Performance Estimates
================================================================
+ Timing: 
    * Summary: 
    +--------+---------+----------+------------+
    |  Clock |  Target | Estimated| Uncertainty|
    +--------+---------+----------+------------+
    |ap_clk  |  5.00 ns|  3.579 ns|     1.35 ns|
    +--------+---------+----------+------------+

+ Latency: 
    * Summary: 
    +---------+---------+-----------+-----------+------+------+---------+
    |  Latency (cycles) |   Latency (absolute)  |   Interval  | Pipeline|
    |   min   |   max   |    min    |    max    |  min |  max |   Type  |
    +---------+---------+-----------+-----------+------+------+---------+
    |     5128|     5128|  25.640 us|  25.640 us|  5128|  5128|       no|
    +---------+---------+-----------+-----------+------+------+---------+

    + Detail: 
        * Instance: 
        N/A

        * Loop: 
        +----------+---------+---------+----------+-----------+-----------+------+----------+
        |          |  Latency (cycles) | Iteration|  Initiation Interval  | Trip |          |
        | Loop Name|   min   |   max   |  Latency |  achieved |   target  | Count| Pipelined|
        +----------+---------+---------+----------+-----------+-----------+------+----------+
        |- DOT     |     5126|     5126|        12|          5|          1|  1024|       yes|
        +----------+---------+---------+----------+-----------+-----------+------+----------+

============================================================
+ Verbose Summary: Synthesis Manager
============================================================
InlineROM: 1
ExposeGlobal: 0
============================================================
+ Verbose Summary: CDFG Model
============================================================
IsTopModel: 0
ResetActiveHigh: 1
IsCombinational: 0
IsDatapathOnly: 0
HasWiredReturn: 1
HasMFsm: 2
HasVarLatency: 1
IsPipeline: 0
IsRtlPipelined: 0
IsInstanceOverlapped: 0
IsDontTouch: 0
HasImplIP: 0
IsGatedGlobalClock: 0

+ Individual pipeline summary: 
  * Pipeline-0: initiation interval (II) = 5, depth = 12


============================================================
+ Verbose Summary: Schedule
============================================================
* Number of FSM states : 12
* Pipeline : 1
  Pipeline-0 : II = 5, D = 12, States = { 1 2 3 4 5 6 7 8 9 10 11 12 }
* Dataflow Pipeline: 0

* FSM state transitions: 
1 --> 2 
2 --> 3 
3 --> 4 
4 --> 5 
5 --> 6 
6 --> 7 
7 --> 8 
8 --> 9 
9 --> 10 
10 --> 11 
11 --> 12 
12 --> 

* FSM state operations: 

State 1 <SV = 0> <Delay = 2.87>
ST_1 : Operation 15 [1/1] (0.00ns)   --->   "%result = alloca i32 1" [benchmarks/rosetta/spam-filter/src/sgd.cpp:18->benchmarks/rosetta/spam-filter/src/sgd.cpp:66]   --->   Operation 15 'alloca' 'result' <Predicate = true> <Delay = 0.00>
ST_1 : Operation 16 [1/1] (0.00ns)   --->   "%i = alloca i32 1" [benchmarks/rosetta/spam-filter/src/sgd.cpp:19->benchmarks/rosetta/spam-filter/src/sgd.cpp:66]   --->   Operation 16 'alloca' 'i' <Predicate = true> <Delay = 0.00>
ST_1 : Operation 17 [1/1] (0.00ns)   --->   "%specinterface_ln0 = specinterface void @_ssdm_op_SpecInterface, i32 %theta, void @empty, i32 0, i32 0, void @empty_0, i32 4294967295, i32 0, void @empty_0, void @empty_0, void @empty_0, i32 0, i32 0, i32 0, i32 0, void @empty_0, void @empty_0, i32 4294967295, i32 0"   --->   Operation 17 'specinterface' 'specinterface_ln0' <Predicate = true> <Delay = 0.00>
ST_1 : Operation 18 [1/1] (0.00ns)   --->   "%specinterface_ln0 = specinterface void @_ssdm_op_SpecInterface, i32 %data, void @empty, i32 0, i32 0, void @empty_0, i32 4294967295, i32 0, void @empty_0, void @empty_0, void @empty_0, i32 0, i32 0, i32 0, i32 0, void @empty_0, void @empty_0, i32 4294967295, i32 0"   --->   Operation 18 'specinterface' 'specinterface_ln0' <Predicate = true> <Delay = 0.00>
ST_1 : Operation 19 [1/1] (0.00ns)   --->   "%shl_ln_read = read i17 @_ssdm_op_Read.ap_auto.i17, i17 %shl_ln"   --->   Operation 19 'read' 'shl_ln_read' <Predicate = true> <Delay = 0.00>
ST_1 : Operation 20 [1/1] (0.46ns)   --->   "%store_ln19 = store i11 0, i11 %i" [benchmarks/rosetta/spam-filter/src/sgd.cpp:19->benchmarks/rosetta/spam-filter/src/sgd.cpp:66]   --->   Operation 20 'store' 'store_ln19' <Predicate = true> <Delay = 0.46>
ST_1 : Operation 21 [1/1] (0.46ns)   --->   "%store_ln18 = store i32 0, i32 %result" [benchmarks/rosetta/spam-filter/src/sgd.cpp:18->benchmarks/rosetta/spam-filter/src/sgd.cpp:66]   --->   Operation 21 'store' 'store_ln18' <Predicate = true> <Delay = 0.46>
ST_1 : Operation 22 [1/1] (0.00ns)   --->   "%br_ln0 = br void %for.inc.i"   --->   Operation 22 'br' 'br_ln0' <Predicate = true> <Delay = 0.00>
ST_1 : Operation 23 [1/1] (0.00ns)   --->   "%i_2 = load i11 %i" [benchmarks/rosetta/spam-filter/src/sgd.cpp:19->benchmarks/rosetta/spam-filter/src/sgd.cpp:66]   --->   Operation 23 'load' 'i_2' <Predicate = true> <Delay = 0.00>
ST_1 : Operation 24 [1/1] (0.96ns)   --->   "%icmp_ln19 = icmp_eq  i11 %i_2, i11 1024" [benchmarks/rosetta/spam-filter/src/sgd.cpp:19->benchmarks/rosetta/spam-filter/src/sgd.cpp:66]   --->   Operation 24 'icmp' 'icmp_ln19' <Predicate = true> <Delay = 0.96> <CoreInst = "Cmp">   --->   Core 9 'Cmp' <Latency = 0> <II = 1> <Delay = 0.96> <FuncUnit> <Opcode : 'icmp'> <InPorts = 2> <OutPorts = 1>
ST_1 : Operation 25 [1/1] (0.96ns)   --->   "%add_ln19 = add i11 %i_2, i11 1" [benchmarks/rosetta/spam-filter/src/sgd.cpp:19->benchmarks/rosetta/spam-filter/src/sgd.cpp:66]   --->   Operation 25 'add' 'add_ln19' <Predicate = true> <Delay = 0.96> <CoreInst = "Adder">   --->   Core 1 'Adder' <Latency = 0> <II = 1> <Delay = 0.96> <FuncUnit> <Opcode : 'add' 'sub'> <InPorts = 2> <OutPorts = 1>
ST_1 : Operation 26 [1/1] (0.00ns)   --->   "%br_ln19 = br i1 %icmp_ln19, void %for.inc.i.split, void %_Z10dotProductPfS_.exit.exitStub" [benchmarks/rosetta/spam-filter/src/sgd.cpp:19->benchmarks/rosetta/spam-filter/src/sgd.cpp:66]   --->   Operation 26 'br' 'br_ln19' <Predicate = true> <Delay = 0.00>
ST_1 : Operation 27 [1/1] (0.00ns)   --->   "%zext_ln19 = zext i11 %i_2" [benchmarks/rosetta/spam-filter/src/sgd.cpp:19->benchmarks/rosetta/spam-filter/src/sgd.cpp:66]   --->   Operation 27 'zext' 'zext_ln19' <Predicate = (!icmp_ln19)> <Delay = 0.00>
ST_1 : Operation 28 [1/1] (0.00ns)   --->   "%zext_ln19_1 = zext i11 %i_2" [benchmarks/rosetta/spam-filter/src/sgd.cpp:19->benchmarks/rosetta/spam-filter/src/sgd.cpp:66]   --->   Operation 28 'zext' 'zext_ln19_1' <Predicate = (!icmp_ln19)> <Delay = 0.00>
ST_1 : Operation 29 [1/1] (0.00ns)   --->   "%theta_addr = getelementptr i32 %theta, i64 0, i64 %zext_ln19" [benchmarks/rosetta/spam-filter/src/sgd.cpp:20->benchmarks/rosetta/spam-filter/src/sgd.cpp:66]   --->   Operation 29 'getelementptr' 'theta_addr' <Predicate = (!icmp_ln19)> <Delay = 0.00>
ST_1 : Operation 30 [2/2] (1.29ns)   --->   "%theta_load = load i10 %theta_addr" [benchmarks/rosetta/spam-filter/src/sgd.cpp:20->benchmarks/rosetta/spam-filter/src/sgd.cpp:66]   --->   Operation 30 'load' 'theta_load' <Predicate = (!icmp_ln19)> <Delay = 1.29> <CoreInst = "RAM">   --->   Core 83 'RAM' <Latency = 1> <II = 1> <Delay = 1.29> <Storage> <Opcode : 'load' 'store'> <Ports = 2> <Width = 32> <Depth = 1024> <RAM>
ST_1 : Operation 31 [1/1] (1.12ns)   --->   "%add_ln20 = add i17 %zext_ln19_1, i17 %shl_ln_read" [benchmarks/rosetta/spam-filter/src/sgd.cpp:20->benchmarks/rosetta/spam-filter/src/sgd.cpp:66]   --->   Operation 31 'add' 'add_ln20' <Predicate = (!icmp_ln19)> <Delay = 1.12> <CoreInst = "Adder">   --->   Core 1 'Adder' <Latency = 0> <II = 1> <Delay = 1.12> <FuncUnit> <Opcode : 'add' 'sub'> <InPorts = 2> <OutPorts = 1>
ST_1 : Operation 32 [1/1] (0.00ns)   --->   "%zext_ln20 = zext i17 %add_ln20" [benchmarks/rosetta/spam-filter/src/sgd.cpp:20->benchmarks/rosetta/spam-filter/src/sgd.cpp:66]   --->   Operation 32 'zext' 'zext_ln20' <Predicate = (!icmp_ln19)> <Delay = 0.00>
ST_1 : Operation 33 [1/1] (0.00ns)   --->   "%data_addr = getelementptr i32 %data, i64 0, i64 %zext_ln20" [benchmarks/rosetta/spam-filter/src/sgd.cpp:20->benchmarks/rosetta/spam-filter/src/sgd.cpp:66]   --->   Operation 33 'getelementptr' 'data_addr' <Predicate = (!icmp_ln19)> <Delay = 0.00>
ST_1 : Operation 34 [2/2] (1.29ns)   --->   "%data_load = load i17 %data_addr" [benchmarks/rosetta/spam-filter/src/sgd.cpp:20->benchmarks/rosetta/spam-filter/src/sgd.cpp:66]   --->   Operation 34 'load' 'data_load' <Predicate = (!icmp_ln19)> <Delay = 1.29> <CoreInst = "RAM">   --->   Core 83 'RAM' <Latency = 1> <II = 1> <Delay = 1.29> <Storage> <Opcode : 'load' 'store'> <Ports = 2> <Width = 32> <Depth = 81920> <RAM>
ST_1 : Operation 35 [1/1] (0.46ns)   --->   "%store_ln19 = store i11 %add_ln19, i11 %i" [benchmarks/rosetta/spam-filter/src/sgd.cpp:19->benchmarks/rosetta/spam-filter/src/sgd.cpp:66]   --->   Operation 35 'store' 'store_ln19' <Predicate = (!icmp_ln19)> <Delay = 0.46>

State 2 <SV = 1> <Delay = 1.29>
ST_2 : Operation 36 [1/2] (1.29ns)   --->   "%theta_load = load i10 %theta_addr" [benchmarks/rosetta/spam-filter/src/sgd.cpp:20->benchmarks/rosetta/spam-filter/src/sgd.cpp:66]   --->   Operation 36 'load' 'theta_load' <Predicate = (!icmp_ln19)> <Delay = 1.29> <CoreInst = "RAM">   --->   Core 83 'RAM' <Latency = 1> <II = 1> <Delay = 1.29> <Storage> <Opcode : 'load' 'store'> <Ports = 2> <Width = 32> <Depth = 1024> <RAM>
ST_2 : Operation 37 [1/2] (1.29ns)   --->   "%data_load = load i17 %data_addr" [benchmarks/rosetta/spam-filter/src/sgd.cpp:20->benchmarks/rosetta/spam-filter/src/sgd.cpp:66]   --->   Operation 37 'load' 'data_load' <Predicate = (!icmp_ln19)> <Delay = 1.29> <CoreInst = "RAM">   --->   Core 83 'RAM' <Latency = 1> <II = 1> <Delay = 1.29> <Storage> <Opcode : 'load' 'store'> <Ports = 2> <Width = 32> <Depth = 81920> <RAM>

State 3 <SV = 2> <Delay = 2.78>
ST_3 : Operation 38 [1/1] (0.00ns)   --->   "%bitcast_ln20 = bitcast i32 %theta_load" [benchmarks/rosetta/spam-filter/src/sgd.cpp:20->benchmarks/rosetta/spam-filter/src/sgd.cpp:66]   --->   Operation 38 'bitcast' 'bitcast_ln20' <Predicate = (!icmp_ln19)> <Delay = 0.00>
ST_3 : Operation 39 [1/1] (0.00ns)   --->   "%bitcast_ln20_1 = bitcast i32 %data_load" [benchmarks/rosetta/spam-filter/src/sgd.cpp:20->benchmarks/rosetta/spam-filter/src/sgd.cpp:66]   --->   Operation 39 'bitcast' 'bitcast_ln20_1' <Predicate = (!icmp_ln19)> <Delay = 0.00>
ST_3 : Operation 40 [4/4] (2.78ns)   --->   "%mul_i = fmul i32 %bitcast_ln20, i32 %bitcast_ln20_1" [benchmarks/rosetta/spam-filter/src/sgd.cpp:20->benchmarks/rosetta/spam-filter/src/sgd.cpp:66]   --->   Operation 40 'fmul' 'mul_i' <Predicate = (!icmp_ln19)> <Delay = 2.78> <CoreInst = "FMul_maxdsp">   --->   Core 30 'FMul_maxdsp' <Latency = 3> <II = 1> <Delay = 2.78> <FuncUnit> <Opcode : 'fmul'> <InPorts = 2> <OutPorts = 1>

State 4 <SV = 3> <Delay = 2.78>
ST_4 : Operation 41 [3/4] (2.78ns)   --->   "%mul_i = fmul i32 %bitcast_ln20, i32 %bitcast_ln20_1" [benchmarks/rosetta/spam-filter/src/sgd.cpp:20->benchmarks/rosetta/spam-filter/src/sgd.cpp:66]   --->   Operation 41 'fmul' 'mul_i' <Predicate = (!icmp_ln19)> <Delay = 2.78> <CoreInst = "FMul_maxdsp">   --->   Core 30 'FMul_maxdsp' <Latency = 3> <II = 1> <Delay = 2.78> <FuncUnit> <Opcode : 'fmul'> <InPorts = 2> <OutPorts = 1>

State 5 <SV = 4> <Delay = 2.78>
ST_5 : Operation 42 [2/4] (2.78ns)   --->   "%mul_i = fmul i32 %bitcast_ln20, i32 %bitcast_ln20_1" [benchmarks/rosetta/spam-filter/src/sgd.cpp:20->benchmarks/rosetta/spam-filter/src/sgd.cpp:66]   --->   Operation 42 'fmul' 'mul_i' <Predicate = (!icmp_ln19)> <Delay = 2.78> <CoreInst = "FMul_maxdsp">   --->   Core 30 'FMul_maxdsp' <Latency = 3> <II = 1> <Delay = 2.78> <FuncUnit> <Opcode : 'fmul'> <InPorts = 2> <OutPorts = 1>

State 6 <SV = 5> <Delay = 2.78>
ST_6 : Operation 43 [1/4] (2.78ns)   --->   "%mul_i = fmul i32 %bitcast_ln20, i32 %bitcast_ln20_1" [benchmarks/rosetta/spam-filter/src/sgd.cpp:20->benchmarks/rosetta/spam-filter/src/sgd.cpp:66]   --->   Operation 43 'fmul' 'mul_i' <Predicate = true> <Delay = 2.78> <CoreInst = "FMul_maxdsp">   --->   Core 30 'FMul_maxdsp' <Latency = 3> <II = 1> <Delay = 2.78> <FuncUnit> <Opcode : 'fmul'> <InPorts = 2> <OutPorts = 1>

State 7 <SV = 6> <Delay = 3.57>
ST_7 : Operation 44 [1/1] (0.00ns)   --->   "%result_load = load i32 %result" [benchmarks/rosetta/spam-filter/src/sgd.cpp:20->benchmarks/rosetta/spam-filter/src/sgd.cpp:66]   --->   Operation 44 'load' 'result_load' <Predicate = true> <Delay = 0.00>
ST_7 : Operation 45 [5/5] (3.57ns)   --->   "%result_1 = fadd i32 %result_load, i32 %mul_i" [benchmarks/rosetta/spam-filter/src/sgd.cpp:20->benchmarks/rosetta/spam-filter/src/sgd.cpp:66]   --->   Operation 45 'fadd' 'result_1' <Predicate = true> <Delay = 3.57> <CoreInst = "FAddSub_fulldsp">   --->   Core 18 'FAddSub_fulldsp' <Latency = 4> <II = 1> <Delay = 3.57> <FuncUnit> <Opcode : 'fadd' 'fsub'> <InPorts = 2> <OutPorts = 1>
ST_7 : Operation 55 [1/1] (0.00ns)   --->   "%result_load_1 = load i32 %result"   --->   Operation 55 'load' 'result_load_1' <Predicate = (icmp_ln19)> <Delay = 0.00>
ST_7 : Operation 56 [1/1] (0.00ns)   --->   "%write_ln0 = write void @_ssdm_op_Write.ap_auto.floatP0A, i32 %result_out, i32 %result_load_1"   --->   Operation 56 'write' 'write_ln0' <Predicate = (icmp_ln19)> <Delay = 0.00>
ST_7 : Operation 57 [1/1] (0.00ns)   --->   "%ret_ln0 = ret"   --->   Operation 57 'ret' 'ret_ln0' <Predicate = (icmp_ln19)> <Delay = 0.00>

State 8 <SV = 7> <Delay = 3.57>
ST_8 : Operation 46 [4/5] (3.57ns)   --->   "%result_1 = fadd i32 %result_load, i32 %mul_i" [benchmarks/rosetta/spam-filter/src/sgd.cpp:20->benchmarks/rosetta/spam-filter/src/sgd.cpp:66]   --->   Operation 46 'fadd' 'result_1' <Predicate = true> <Delay = 3.57> <CoreInst = "FAddSub_fulldsp">   --->   Core 18 'FAddSub_fulldsp' <Latency = 4> <II = 1> <Delay = 3.57> <FuncUnit> <Opcode : 'fadd' 'fsub'> <InPorts = 2> <OutPorts = 1>

State 9 <SV = 8> <Delay = 3.57>
ST_9 : Operation 47 [3/5] (3.57ns)   --->   "%result_1 = fadd i32 %result_load, i32 %mul_i" [benchmarks/rosetta/spam-filter/src/sgd.cpp:20->benchmarks/rosetta/spam-filter/src/sgd.cpp:66]   --->   Operation 47 'fadd' 'result_1' <Predicate = true> <Delay = 3.57> <CoreInst = "FAddSub_fulldsp">   --->   Core 18 'FAddSub_fulldsp' <Latency = 4> <II = 1> <Delay = 3.57> <FuncUnit> <Opcode : 'fadd' 'fsub'> <InPorts = 2> <OutPorts = 1>

State 10 <SV = 9> <Delay = 3.57>
ST_10 : Operation 48 [2/5] (3.57ns)   --->   "%result_1 = fadd i32 %result_load, i32 %mul_i" [benchmarks/rosetta/spam-filter/src/sgd.cpp:20->benchmarks/rosetta/spam-filter/src/sgd.cpp:66]   --->   Operation 48 'fadd' 'result_1' <Predicate = true> <Delay = 3.57> <CoreInst = "FAddSub_fulldsp">   --->   Core 18 'FAddSub_fulldsp' <Latency = 4> <II = 1> <Delay = 3.57> <FuncUnit> <Opcode : 'fadd' 'fsub'> <InPorts = 2> <OutPorts = 1>

State 11 <SV = 10> <Delay = 3.57>
ST_11 : Operation 49 [1/5] (3.57ns)   --->   "%result_1 = fadd i32 %result_load, i32 %mul_i" [benchmarks/rosetta/spam-filter/src/sgd.cpp:20->benchmarks/rosetta/spam-filter/src/sgd.cpp:66]   --->   Operation 49 'fadd' 'result_1' <Predicate = true> <Delay = 3.57> <CoreInst = "FAddSub_fulldsp">   --->   Core 18 'FAddSub_fulldsp' <Latency = 4> <II = 1> <Delay = 3.57> <FuncUnit> <Opcode : 'fadd' 'fsub'> <InPorts = 2> <OutPorts = 1>

State 12 <SV = 11> <Delay = 0.46>
ST_12 : Operation 50 [1/1] (0.00ns)   --->   "%specpipeline_ln18 = specpipeline void @_ssdm_op_SpecPipeline, i32 4294967295, i32 0, i32 0, i32 0, void @empty_0" [benchmarks/rosetta/spam-filter/src/sgd.cpp:18->benchmarks/rosetta/spam-filter/src/sgd.cpp:66]   --->   Operation 50 'specpipeline' 'specpipeline_ln18' <Predicate = true> <Delay = 0.00>
ST_12 : Operation 51 [1/1] (0.00ns)   --->   "%speclooptripcount_ln18 = speclooptripcount void @_ssdm_op_SpecLoopTripCount, i64 1024, i64 1024, i64 1024" [benchmarks/rosetta/spam-filter/src/sgd.cpp:18->benchmarks/rosetta/spam-filter/src/sgd.cpp:66]   --->   Operation 51 'speclooptripcount' 'speclooptripcount_ln18' <Predicate = true> <Delay = 0.00>
ST_12 : Operation 52 [1/1] (0.00ns)   --->   "%specloopname_ln19 = specloopname void @_ssdm_op_SpecLoopName, void @empty_2" [benchmarks/rosetta/spam-filter/src/sgd.cpp:19->benchmarks/rosetta/spam-filter/src/sgd.cpp:66]   --->   Operation 52 'specloopname' 'specloopname_ln19' <Predicate = true> <Delay = 0.00>
ST_12 : Operation 53 [1/1] (0.46ns)   --->   "%store_ln18 = store i32 %result_1, i32 %result" [benchmarks/rosetta/spam-filter/src/sgd.cpp:18->benchmarks/rosetta/spam-filter/src/sgd.cpp:66]   --->   Operation 53 'store' 'store_ln18' <Predicate = true> <Delay = 0.46>
ST_12 : Operation 54 [1/1] (0.00ns)   --->   "%br_ln19 = br void %for.inc.i" [benchmarks/rosetta/spam-filter/src/sgd.cpp:19->benchmarks/rosetta/spam-filter/src/sgd.cpp:66]   --->   Operation 54 'br' 'br_ln19' <Predicate = true> <Delay = 0.00>


============================================================
+ Verbose Summary: Timing violations
============================================================
Target clock period: 5.000ns, clock uncertainty: 1.350ns.

 <State 1>: 2.879ns
The critical path consists of the following:
	'store' operation 0 bit ('store_ln19', benchmarks/rosetta/spam-filter/src/sgd.cpp:19->benchmarks/rosetta/spam-filter/src/sgd.cpp:66) of constant 0 on local variable 'i', benchmarks/rosetta/spam-filter/src/sgd.cpp:19->benchmarks/rosetta/spam-filter/src/sgd.cpp:66 [10]  (0.460 ns)
	'load' operation 11 bit ('i', benchmarks/rosetta/spam-filter/src/sgd.cpp:19->benchmarks/rosetta/spam-filter/src/sgd.cpp:66) on local variable 'i', benchmarks/rosetta/spam-filter/src/sgd.cpp:19->benchmarks/rosetta/spam-filter/src/sgd.cpp:66 [14]  (0.000 ns)
	'add' operation 17 bit ('add_ln20', benchmarks/rosetta/spam-filter/src/sgd.cpp:20->benchmarks/rosetta/spam-filter/src/sgd.cpp:66) [28]  (1.122 ns)
	'getelementptr' operation 17 bit ('data_addr', benchmarks/rosetta/spam-filter/src/sgd.cpp:20->benchmarks/rosetta/spam-filter/src/sgd.cpp:66) [30]  (0.000 ns)
	'load' operation 32 bit ('data_load', benchmarks/rosetta/spam-filter/src/sgd.cpp:20->benchmarks/rosetta/spam-filter/src/sgd.cpp:66) on array 'data' [31]  (1.297 ns)

 <State 2>: 1.297ns
The critical path consists of the following:
	'load' operation 32 bit ('theta_load', benchmarks/rosetta/spam-filter/src/sgd.cpp:20->benchmarks/rosetta/spam-filter/src/sgd.cpp:66) on array 'theta' [26]  (1.297 ns)

 <State 3>: 2.787ns
The critical path consists of the following:
	'fmul' operation 32 bit ('mul_i', benchmarks/rosetta/spam-filter/src/sgd.cpp:20->benchmarks/rosetta/spam-filter/src/sgd.cpp:66) [33]  (2.787 ns)

 <State 4>: 2.787ns
The critical path consists of the following:
	'fmul' operation 32 bit ('mul_i', benchmarks/rosetta/spam-filter/src/sgd.cpp:20->benchmarks/rosetta/spam-filter/src/sgd.cpp:66) [33]  (2.787 ns)

 <State 5>: 2.787ns
The critical path consists of the following:
	'fmul' operation 32 bit ('mul_i', benchmarks/rosetta/spam-filter/src/sgd.cpp:20->benchmarks/rosetta/spam-filter/src/sgd.cpp:66) [33]  (2.787 ns)

 <State 6>: 2.787ns
The critical path consists of the following:
	'fmul' operation 32 bit ('mul_i', benchmarks/rosetta/spam-filter/src/sgd.cpp:20->benchmarks/rosetta/spam-filter/src/sgd.cpp:66) [33]  (2.787 ns)

 <State 7>: 3.579ns
The critical path consists of the following:
	'load' operation 32 bit ('result_load', benchmarks/rosetta/spam-filter/src/sgd.cpp:20->benchmarks/rosetta/spam-filter/src/sgd.cpp:66) on local variable 'result', benchmarks/rosetta/spam-filter/src/sgd.cpp:18->benchmarks/rosetta/spam-filter/src/sgd.cpp:66 [19]  (0.000 ns)
	'fadd' operation 32 bit ('result', benchmarks/rosetta/spam-filter/src/sgd.cpp:20->benchmarks/rosetta/spam-filter/src/sgd.cpp:66) [34]  (3.579 ns)

 <State 8>: 3.579ns
The critical path consists of the following:
	'fadd' operation 32 bit ('result', benchmarks/rosetta/spam-filter/src/sgd.cpp:20->benchmarks/rosetta/spam-filter/src/sgd.cpp:66) [34]  (3.579 ns)

 <State 9>: 3.579ns
The critical path consists of the following:
	'fadd' operation 32 bit ('result', benchmarks/rosetta/spam-filter/src/sgd.cpp:20->benchmarks/rosetta/spam-filter/src/sgd.cpp:66) [34]  (3.579 ns)

 <State 10>: 3.579ns
The critical path consists of the following:
	'fadd' operation 32 bit ('result', benchmarks/rosetta/spam-filter/src/sgd.cpp:20->benchmarks/rosetta/spam-filter/src/sgd.cpp:66) [34]  (3.579 ns)

 <State 11>: 3.579ns
The critical path consists of the following:
	'fadd' operation 32 bit ('result', benchmarks/rosetta/spam-filter/src/sgd.cpp:20->benchmarks/rosetta/spam-filter/src/sgd.cpp:66) [34]  (3.579 ns)

 <State 12>: 0.460ns
The critical path consists of the following:
	'store' operation 0 bit ('store_ln18', benchmarks/rosetta/spam-filter/src/sgd.cpp:18->benchmarks/rosetta/spam-filter/src/sgd.cpp:66) of variable 'result', benchmarks/rosetta/spam-filter/src/sgd.cpp:20->benchmarks/rosetta/spam-filter/src/sgd.cpp:66 on local variable 'result', benchmarks/rosetta/spam-filter/src/sgd.cpp:18->benchmarks/rosetta/spam-filter/src/sgd.cpp:66 [36]  (0.460 ns)


============================================================
+ Verbose Summary: Binding
============================================================
N/A
* FSMD analyzer results:
  - Output states:
 - Input state : 
  - Chain level:
	State 1
	State 2
	State 3
	State 4
	State 5
	State 6
	State 7
	State 8
	State 9
	State 10
	State 11
	State 12


============================================================
+ Verbose Summary: Datapath Resource usage 
============================================================
N/A
