

================================================================
== Vitis HLS Report for 'los_Pipeline_VITIS_LOOP_386_16'
================================================================
* Date:           Mon Aug 12 18:55:34 2024

* Version:        2023.2 (Build 4023990 on Oct 11 2023)
* Project:        los
* Solution:       solution1 (Vivado IP Flow Target)
* Product family: zynq
* Target device:  xc7z020-clg400-1


================================================================
== Performance Estimates
================================================================
+ Timing: 
    * Summary: 
    +--------+---------+----------+------------+
    |  Clock |  Target | Estimated| Uncertainty|
    +--------+---------+----------+------------+
    |ap_clk  |  5.00 ns|  5.118 ns|     1.35 ns|
    +--------+---------+----------+------------+

+ Latency: 
    * Summary: 
    +---------+---------+----------+----------+-----+-----+---------+
    |  Latency (cycles) |  Latency (absolute) |  Interval | Pipeline|
    |   min   |   max   |    min   |    max   | min | max |   Type  |
    +---------+---------+----------+----------+-----+-----+---------+
    |        ?|        ?|         ?|         ?|    ?|    ?|       no|
    +---------+---------+----------+----------+-----+-----+---------+

    + Detail: 
        * Instance: 
        N/A

        * Loop: 
        +---------------------+---------+---------+----------+-----------+-----------+------+----------+
        |                     |  Latency (cycles) | Iteration|  Initiation Interval  | Trip |          |
        |      Loop Name      |   min   |   max   |  Latency |  achieved |   target  | Count| Pipelined|
        +---------------------+---------+---------+----------+-----------+-----------+------+----------+
        |- VITIS_LOOP_386_16  |        ?|        ?|         7|          5|          1|     ?|       yes|
        +---------------------+---------+---------+----------+-----------+-----------+------+----------+

============================================================
+ Verbose Summary: Synthesis Manager
============================================================
InlineROM: 1
ExposeGlobal: 0
============================================================
+ Verbose Summary: CDFG Model
============================================================
IsTopModel: 0
ResetActiveHigh: 1
IsCombinational: 0
IsDatapathOnly: 0
HasWiredReturn: 1
HasMFsm: 2
HasVarLatency: 1
IsPipeline: 0
IsRtlPipelined: 0
IsInstanceOverlapped: 0
IsDontTouch: 0
HasImplIP: 0
IsGatedGlobalClock: 0

+ Individual pipeline summary: 
  * Pipeline-0: initiation interval (II) = 5, depth = 7


============================================================
+ Verbose Summary: Schedule
============================================================
* Number of FSM states : 7
* Pipeline : 1
  Pipeline-0 : II = 5, D = 7, States = { 1 2 3 4 5 6 7 }
* Dataflow Pipeline: 0

* FSM state transitions: 
1 --> 2 
2 --> 3 
3 --> 4 
4 --> 5 
5 --> 6 
6 --> 7 
7 --> 

* FSM state operations: 

State 1 <SV = 0> <Delay = 5.11>
ST_1 : Operation 10 [1/1] (0.00ns)   --->   "%err = alloca i32 1" [benchmarks/jianyicheng/los/src/los.cpp:384]   --->   Operation 10 'alloca' 'err' <Predicate = true> <Delay = 0.00>
ST_1 : Operation 11 [1/1] (0.00ns)   --->   "%y0 = alloca i32 1" [benchmarks/jianyicheng/los/src/los.cpp:366]   --->   Operation 11 'alloca' 'y0' <Predicate = true> <Delay = 0.00>
ST_1 : Operation 12 [1/1] (0.00ns)   --->   "%x0 = alloca i32 1" [benchmarks/jianyicheng/los/src/los.cpp:365]   --->   Operation 12 'alloca' 'x0' <Predicate = true> <Delay = 0.00>
ST_1 : Operation 13 [1/1] (0.00ns)   --->   "%sight_7 = alloca i32 1" [benchmarks/jianyicheng/los/src/los.cpp:364]   --->   Operation 13 'alloca' 'sight_7' <Predicate = true> <Delay = 0.00>
ST_1 : Operation 14 [1/1] (0.00ns)   --->   "%sext_ln367_read = read i7 @_ssdm_op_Read.ap_auto.i7, i7 %sext_ln367"   --->   Operation 14 'read' 'sext_ln367_read' <Predicate = true> <Delay = 0.00>
ST_1 : Operation 15 [1/1] (0.00ns)   --->   "%select_ln368_read = read i2 @_ssdm_op_Read.ap_auto.i2, i2 %select_ln368"   --->   Operation 15 'read' 'select_ln368_read' <Predicate = true> <Delay = 0.00>
ST_1 : Operation 16 [1/1] (0.00ns)   --->   "%zext_ln362_1_read = read i6 @_ssdm_op_Read.ap_auto.i6, i6 %zext_ln362_1"   --->   Operation 16 'read' 'zext_ln362_1_read' <Predicate = true> <Delay = 0.00>
ST_1 : Operation 17 [1/1] (0.00ns)   --->   "%sext_ln362_read = read i6 @_ssdm_op_Read.ap_auto.i6, i6 %sext_ln362"   --->   Operation 17 'read' 'sext_ln362_read' <Predicate = true> <Delay = 0.00>
ST_1 : Operation 18 [1/1] (0.00ns)   --->   "%sext_ln384_read = read i7 @_ssdm_op_Read.ap_auto.i7, i7 %sext_ln384"   --->   Operation 18 'read' 'sext_ln384_read' <Predicate = true> <Delay = 0.00>
ST_1 : Operation 19 [1/1] (0.00ns)   --->   "%zext_ln362_3_read = read i4 @_ssdm_op_Read.ap_auto.i4, i4 %zext_ln362_3"   --->   Operation 19 'read' 'zext_ln362_3_read' <Predicate = true> <Delay = 0.00>
ST_1 : Operation 20 [1/1] (0.00ns)   --->   "%zext_ln373_read = read i6 @_ssdm_op_Read.ap_auto.i6, i6 %zext_ln373"   --->   Operation 20 'read' 'zext_ln373_read' <Predicate = true> <Delay = 0.00>
ST_1 : Operation 21 [1/1] (0.00ns)   --->   "%sext_ln367_cast = sext i7 %sext_ln367_read"   --->   Operation 21 'sext' 'sext_ln367_cast' <Predicate = true> <Delay = 0.00>
ST_1 : Operation 22 [1/1] (0.00ns)   --->   "%select_ln368_cast = sext i2 %select_ln368_read"   --->   Operation 22 'sext' 'select_ln368_cast' <Predicate = true> <Delay = 0.00>
ST_1 : Operation 23 [1/1] (0.00ns)   --->   "%zext_ln362_1_cast = zext i6 %zext_ln362_1_read"   --->   Operation 23 'zext' 'zext_ln362_1_cast' <Predicate = true> <Delay = 0.00>
ST_1 : Operation 24 [1/1] (0.00ns)   --->   "%sext_ln362_cast = sext i6 %sext_ln362_read"   --->   Operation 24 'sext' 'sext_ln362_cast' <Predicate = true> <Delay = 0.00>
ST_1 : Operation 25 [1/1] (0.00ns)   --->   "%sext_ln384_cast = sext i7 %sext_ln384_read"   --->   Operation 25 'sext' 'sext_ln384_cast' <Predicate = true> <Delay = 0.00>
ST_1 : Operation 26 [1/1] (0.00ns)   --->   "%zext_ln362_3_cast = zext i4 %zext_ln362_3_read"   --->   Operation 26 'zext' 'zext_ln362_3_cast' <Predicate = true> <Delay = 0.00>
ST_1 : Operation 27 [1/1] (0.00ns)   --->   "%zext_ln373_cast = zext i6 %zext_ln373_read"   --->   Operation 27 'zext' 'zext_ln373_cast' <Predicate = true> <Delay = 0.00>
ST_1 : Operation 28 [1/1] (1.58ns)   --->   "%store_ln364 = store i32 1, i32 %sight_7" [benchmarks/jianyicheng/los/src/los.cpp:364]   --->   Operation 28 'store' 'store_ln364' <Predicate = true> <Delay = 1.58>
ST_1 : Operation 29 [1/1] (1.58ns)   --->   "%store_ln365 = store i32 %zext_ln373_cast, i32 %x0" [benchmarks/jianyicheng/los/src/los.cpp:365]   --->   Operation 29 'store' 'store_ln365' <Predicate = true> <Delay = 1.58>
ST_1 : Operation 30 [1/1] (1.58ns)   --->   "%store_ln366 = store i32 %zext_ln362_3_cast, i32 %y0" [benchmarks/jianyicheng/los/src/los.cpp:366]   --->   Operation 30 'store' 'store_ln366' <Predicate = true> <Delay = 1.58>
ST_1 : Operation 31 [1/1] (1.58ns)   --->   "%store_ln384 = store i32 %sext_ln384_cast, i32 %err" [benchmarks/jianyicheng/los/src/los.cpp:384]   --->   Operation 31 'store' 'store_ln384' <Predicate = true> <Delay = 1.58>
ST_1 : Operation 32 [1/1] (0.00ns)   --->   "%br_ln0 = br void %while.body541"   --->   Operation 32 'br' 'br_ln0' <Predicate = true> <Delay = 0.00>
ST_1 : Operation 33 [1/1] (0.00ns)   --->   "%y0_4 = load i32 %y0" [benchmarks/jianyicheng/los/src/los.cpp:387]   --->   Operation 33 'load' 'y0_4' <Predicate = true> <Delay = 0.00>
ST_1 : Operation 34 [1/1] (0.00ns)   --->   "%x0_4 = load i32 %x0" [benchmarks/jianyicheng/los/src/los.cpp:384]   --->   Operation 34 'load' 'x0_4' <Predicate = true> <Delay = 0.00>
ST_1 : Operation 35 [1/1] (0.00ns)   --->   "%specpipeline_ln384 = specpipeline void @_ssdm_op_SpecPipeline, i32 4294967295, i32 0, i32 0, i32 0, void @empty_9" [benchmarks/jianyicheng/los/src/los.cpp:384]   --->   Operation 35 'specpipeline' 'specpipeline_ln384' <Predicate = true> <Delay = 0.00>
ST_1 : Operation 36 [1/1] (0.00ns)   --->   "%specloopname_ln386 = specloopname void @_ssdm_op_SpecLoopName, void @empty" [benchmarks/jianyicheng/los/src/los.cpp:386]   --->   Operation 36 'specloopname' 'specloopname_ln386' <Predicate = true> <Delay = 0.00>
ST_1 : Operation 37 [1/1] (2.55ns)   --->   "%icmp_ln387 = icmp_eq  i32 %x0_4, i32 32" [benchmarks/jianyicheng/los/src/los.cpp:387]   --->   Operation 37 'icmp' 'icmp_ln387' <Predicate = true> <Delay = 2.55> <CoreInst = "Cmp">   --->   Core 9 'Cmp' <Latency = 0> <II = 1> <Delay = 2.55> <FuncUnit> <Opcode : 'icmp'> <InPorts = 2> <OutPorts = 1>
ST_1 : Operation 38 [1/1] (2.55ns)   --->   "%icmp_ln387_1 = icmp_eq  i32 %y0_4, i32 32" [benchmarks/jianyicheng/los/src/los.cpp:387]   --->   Operation 38 'icmp' 'icmp_ln387_1' <Predicate = true> <Delay = 2.55> <CoreInst = "Cmp">   --->   Core 9 'Cmp' <Latency = 0> <II = 1> <Delay = 2.55> <FuncUnit> <Opcode : 'icmp'> <InPorts = 2> <OutPorts = 1>
ST_1 : Operation 39 [1/1] (0.97ns)   --->   "%and_ln387 = and i1 %icmp_ln387, i1 %icmp_ln387_1" [benchmarks/jianyicheng/los/src/los.cpp:387]   --->   Operation 39 'and' 'and_ln387' <Predicate = true> <Delay = 0.97> <CoreInst = "LogicGate">   --->   Core 74 'LogicGate' <Latency = 0> <II = 1> <Delay = 0.97> <FuncUnit> <Opcode : 'and' 'or' 'xor'> <InPorts = 2> <OutPorts = 1>
ST_1 : Operation 40 [1/1] (0.00ns)   --->   "%br_ln387 = br i1 %and_ln387, void %land.lhs.true545, void %if.end552" [benchmarks/jianyicheng/los/src/los.cpp:387]   --->   Operation 40 'br' 'br_ln387' <Predicate = true> <Delay = 0.00>
ST_1 : Operation 41 [1/1] (0.00ns)   --->   "%trunc_ln387 = trunc i32 %y0_4" [benchmarks/jianyicheng/los/src/los.cpp:387]   --->   Operation 41 'trunc' 'trunc_ln387' <Predicate = (!and_ln387)> <Delay = 0.00>
ST_1 : Operation 42 [1/1] (0.00ns)   --->   "%shl_ln7 = bitconcatenate i10 @_ssdm_op_BitConcatenate.i10.i4.i6, i4 %trunc_ln387, i6 0" [benchmarks/jianyicheng/los/src/los.cpp:387]   --->   Operation 42 'bitconcatenate' 'shl_ln7' <Predicate = (!and_ln387)> <Delay = 0.00>
ST_1 : Operation 43 [1/1] (0.00ns)   --->   "%trunc_ln384 = trunc i32 %x0_4" [benchmarks/jianyicheng/los/src/los.cpp:384]   --->   Operation 43 'trunc' 'trunc_ln384' <Predicate = (!and_ln387)> <Delay = 0.00>
ST_1 : Operation 44 [1/1] (1.73ns)   --->   "%add_ln387 = add i10 %shl_ln7, i10 %trunc_ln384" [benchmarks/jianyicheng/los/src/los.cpp:387]   --->   Operation 44 'add' 'add_ln387' <Predicate = (!and_ln387)> <Delay = 1.73> <CoreInst = "Adder">   --->   Core 1 'Adder' <Latency = 0> <II = 1> <Delay = 1.73> <FuncUnit> <Opcode : 'add' 'sub'> <InPorts = 2> <OutPorts = 1>

State 2 <SV = 1> <Delay = 3.25>
ST_2 : Operation 45 [1/1] (0.00ns)   --->   "%zext_ln387 = zext i10 %add_ln387" [benchmarks/jianyicheng/los/src/los.cpp:387]   --->   Operation 45 'zext' 'zext_ln387' <Predicate = (!and_ln387)> <Delay = 0.00>
ST_2 : Operation 46 [1/1] (0.00ns)   --->   "%obstacles_7_addr = getelementptr i1 %obstacles_7, i64 0, i64 %zext_ln387" [benchmarks/jianyicheng/los/src/los.cpp:387]   --->   Operation 46 'getelementptr' 'obstacles_7_addr' <Predicate = (!and_ln387)> <Delay = 0.00>
ST_2 : Operation 47 [2/2] (3.25ns)   --->   "%obstacles_7_load = load i10 %obstacles_7_addr" [benchmarks/jianyicheng/los/src/los.cpp:387]   --->   Operation 47 'load' 'obstacles_7_load' <Predicate = (!and_ln387)> <Delay = 3.25> <CoreInst = "RAM">   --->   Core 82 'RAM' <Latency = 1> <II = 1> <Delay = 3.25> <Storage> <Opcode : 'load' 'store'> <Ports = 2> <Width = 1> <Depth = 1024> <RAM>

State 3 <SV = 2> <Delay = 3.25>
ST_3 : Operation 48 [1/2] (3.25ns)   --->   "%obstacles_7_load = load i10 %obstacles_7_addr" [benchmarks/jianyicheng/los/src/los.cpp:387]   --->   Operation 48 'load' 'obstacles_7_load' <Predicate = (!and_ln387)> <Delay = 3.25> <CoreInst = "RAM">   --->   Core 82 'RAM' <Latency = 1> <II = 1> <Delay = 3.25> <Storage> <Opcode : 'load' 'store'> <Ports = 2> <Width = 1> <Depth = 1024> <RAM>

State 4 <SV = 3> <Delay = 2.28>
ST_4 : Operation 49 [1/1] (0.00ns)   --->   "%sight_7_load = load i32 %sight_7" [benchmarks/jianyicheng/los/src/los.cpp:387]   --->   Operation 49 'load' 'sight_7_load' <Predicate = (!and_ln387 & !obstacles_7_load)> <Delay = 0.00>
ST_4 : Operation 50 [1/1] (0.69ns)   --->   "%select_ln387 = select i1 %obstacles_7_load, i32 0, i32 %sight_7_load" [benchmarks/jianyicheng/los/src/los.cpp:387]   --->   Operation 50 'select' 'select_ln387' <Predicate = (!and_ln387)> <Delay = 0.69> <CoreInst = "Sel">   --->   Core 73 'Sel' <Latency = 0> <II = 1> <Delay = 0.69> <FuncUnit> <Opcode : 'select'> <InPorts = 3> <OutPorts = 1>
ST_4 : Operation 51 [1/1] (1.58ns)   --->   "%store_ln364 = store i32 %select_ln387, i32 %sight_7" [benchmarks/jianyicheng/los/src/los.cpp:364]   --->   Operation 51 'store' 'store_ln364' <Predicate = (!and_ln387)> <Delay = 1.58>
ST_4 : Operation 52 [1/1] (0.00ns)   --->   "%br_ln387 = br void %if.end552" [benchmarks/jianyicheng/los/src/los.cpp:387]   --->   Operation 52 'br' 'br_ln387' <Predicate = (!and_ln387)> <Delay = 0.00>

State 5 <SV = 4> <Delay = 3.53>
ST_5 : Operation 53 [1/1] (0.00ns)   --->   "%sight_7_1 = load i32 %sight_7"   --->   Operation 53 'load' 'sight_7_1' <Predicate = true> <Delay = 0.00>
ST_5 : Operation 54 [1/1] (2.55ns)   --->   "%icmp_ln389 = icmp_eq  i32 %sight_7_1, i32 0" [benchmarks/jianyicheng/los/src/los.cpp:389]   --->   Operation 54 'icmp' 'icmp_ln389' <Predicate = true> <Delay = 2.55> <CoreInst = "Cmp">   --->   Core 9 'Cmp' <Latency = 0> <II = 1> <Delay = 2.55> <FuncUnit> <Opcode : 'icmp'> <InPorts = 2> <OutPorts = 1>
ST_5 : Operation 55 [1/1] (0.97ns)   --->   "%or_ln389 = or i1 %and_ln387, i1 %icmp_ln389" [benchmarks/jianyicheng/los/src/los.cpp:389]   --->   Operation 55 'or' 'or_ln389' <Predicate = true> <Delay = 0.97> <CoreInst = "LogicGate">   --->   Core 74 'LogicGate' <Latency = 0> <II = 1> <Delay = 0.97> <FuncUnit> <Opcode : 'and' 'or' 'xor'> <InPorts = 2> <OutPorts = 1>
ST_5 : Operation 56 [1/1] (0.00ns)   --->   "%br_ln389 = br i1 %or_ln389, void %if.end559, void %while.end573.exitStub" [benchmarks/jianyicheng/los/src/los.cpp:389]   --->   Operation 56 'br' 'br_ln389' <Predicate = true> <Delay = 0.00>
ST_5 : Operation 57 [1/1] (0.00ns)   --->   "%err_load = load i32 %err" [benchmarks/jianyicheng/los/src/los.cpp:391]   --->   Operation 57 'load' 'err_load' <Predicate = (!or_ln389)> <Delay = 0.00>
ST_5 : Operation 58 [1/1] (0.00ns)   --->   "%e2 = shl i32 %err_load, i32 1" [benchmarks/jianyicheng/los/src/los.cpp:391]   --->   Operation 58 'shl' 'e2' <Predicate = (!or_ln389)> <Delay = 0.00>
ST_5 : Operation 59 [1/1] (2.55ns)   --->   "%icmp_ln392 = icmp_sgt  i32 %e2, i32 %sext_ln362_cast" [benchmarks/jianyicheng/los/src/los.cpp:392]   --->   Operation 59 'icmp' 'icmp_ln392' <Predicate = (!or_ln389)> <Delay = 2.55> <CoreInst = "Cmp">   --->   Core 9 'Cmp' <Latency = 0> <II = 1> <Delay = 2.55> <FuncUnit> <Opcode : 'icmp'> <InPorts = 2> <OutPorts = 1>
ST_5 : Operation 60 [1/1] (2.55ns)   --->   "%err_6 = sub i32 %err_load, i32 %zext_ln362_1_cast" [benchmarks/jianyicheng/los/src/los.cpp:393]   --->   Operation 60 'sub' 'err_6' <Predicate = (!or_ln389)> <Delay = 2.55> <CoreInst = "Adder">   --->   Core 1 'Adder' <Latency = 0> <II = 1> <Delay = 2.55> <FuncUnit> <Opcode : 'add' 'sub'> <InPorts = 2> <OutPorts = 1>
ST_5 : Operation 61 [1/1] (2.55ns)   --->   "%x0_5 = add i32 %x0_4, i32 %select_ln368_cast" [benchmarks/jianyicheng/los/src/los.cpp:394]   --->   Operation 61 'add' 'x0_5' <Predicate = (!or_ln389)> <Delay = 2.55> <CoreInst = "Adder">   --->   Core 1 'Adder' <Latency = 0> <II = 1> <Delay = 2.55> <FuncUnit> <Opcode : 'add' 'sub'> <InPorts = 2> <OutPorts = 1>
ST_5 : Operation 62 [1/1] (0.69ns)   --->   "%x0_6 = select i1 %icmp_ln392, i32 %x0_5, i32 %x0_4" [benchmarks/jianyicheng/los/src/los.cpp:392]   --->   Operation 62 'select' 'x0_6' <Predicate = (!or_ln389)> <Delay = 0.69> <CoreInst = "Sel">   --->   Core 73 'Sel' <Latency = 0> <II = 1> <Delay = 0.69> <FuncUnit> <Opcode : 'select'> <InPorts = 3> <OutPorts = 1>
ST_5 : Operation 63 [1/1] (0.69ns)   --->   "%err_7 = select i1 %icmp_ln392, i32 %err_6, i32 %err_load" [benchmarks/jianyicheng/los/src/los.cpp:392]   --->   Operation 63 'select' 'err_7' <Predicate = (!or_ln389)> <Delay = 0.69> <CoreInst = "Sel">   --->   Core 73 'Sel' <Latency = 0> <II = 1> <Delay = 0.69> <FuncUnit> <Opcode : 'select'> <InPorts = 3> <OutPorts = 1>
ST_5 : Operation 64 [1/1] (2.55ns)   --->   "%icmp_ln397 = icmp_slt  i32 %e2, i32 %sext_ln367_cast" [benchmarks/jianyicheng/los/src/los.cpp:397]   --->   Operation 64 'icmp' 'icmp_ln397' <Predicate = (!or_ln389)> <Delay = 2.55> <CoreInst = "Cmp">   --->   Core 9 'Cmp' <Latency = 0> <II = 1> <Delay = 2.55> <FuncUnit> <Opcode : 'icmp'> <InPorts = 2> <OutPorts = 1>
ST_5 : Operation 65 [1/1] (2.55ns)   --->   "%y0_5 = add i32 %y0_4, i32 1" [benchmarks/jianyicheng/los/src/los.cpp:399]   --->   Operation 65 'add' 'y0_5' <Predicate = (!or_ln389)> <Delay = 2.55> <CoreInst = "Adder">   --->   Core 1 'Adder' <Latency = 0> <II = 1> <Delay = 2.55> <FuncUnit> <Opcode : 'add' 'sub'> <InPorts = 2> <OutPorts = 1>
ST_5 : Operation 66 [1/1] (0.69ns)   --->   "%y0_6 = select i1 %icmp_ln397, i32 %y0_5, i32 %y0_4" [benchmarks/jianyicheng/los/src/los.cpp:397]   --->   Operation 66 'select' 'y0_6' <Predicate = (!or_ln389)> <Delay = 0.69> <CoreInst = "Sel">   --->   Core 73 'Sel' <Latency = 0> <II = 1> <Delay = 0.69> <FuncUnit> <Opcode : 'select'> <InPorts = 3> <OutPorts = 1>
ST_5 : Operation 73 [1/1] (0.00ns)   --->   "%write_ln0 = write void @_ssdm_op_Write.ap_auto.i32P0A, i32 %sight_7_1_out, i32 %sight_7_1"   --->   Operation 73 'write' 'write_ln0' <Predicate = (or_ln389)> <Delay = 0.00>
ST_5 : Operation 74 [1/1] (0.00ns)   --->   "%ret_ln0 = ret"   --->   Operation 74 'ret' 'ret_ln0' <Predicate = (or_ln389)> <Delay = 0.00>

State 6 <SV = 5> <Delay = 2.55>
ST_6 : Operation 67 [1/1] (2.55ns)   --->   "%err_8 = add i32 %err_7, i32 %sext_ln367_cast" [benchmarks/jianyicheng/los/src/los.cpp:398]   --->   Operation 67 'add' 'err_8' <Predicate = (icmp_ln397)> <Delay = 2.55> <CoreInst = "Adder">   --->   Core 1 'Adder' <Latency = 0> <II = 1> <Delay = 2.55> <FuncUnit> <Opcode : 'add' 'sub'> <InPorts = 2> <OutPorts = 1>
ST_6 : Operation 68 [1/1] (1.58ns)   --->   "%store_ln365 = store i32 %x0_6, i32 %x0" [benchmarks/jianyicheng/los/src/los.cpp:365]   --->   Operation 68 'store' 'store_ln365' <Predicate = true> <Delay = 1.58>
ST_6 : Operation 69 [1/1] (1.58ns)   --->   "%store_ln366 = store i32 %y0_6, i32 %y0" [benchmarks/jianyicheng/los/src/los.cpp:366]   --->   Operation 69 'store' 'store_ln366' <Predicate = true> <Delay = 1.58>

State 7 <SV = 6> <Delay = 2.28>
ST_7 : Operation 70 [1/1] (0.69ns)   --->   "%err_9 = select i1 %icmp_ln397, i32 %err_8, i32 %err_7" [benchmarks/jianyicheng/los/src/los.cpp:397]   --->   Operation 70 'select' 'err_9' <Predicate = true> <Delay = 0.69> <CoreInst = "Sel">   --->   Core 73 'Sel' <Latency = 0> <II = 1> <Delay = 0.69> <FuncUnit> <Opcode : 'select'> <InPorts = 3> <OutPorts = 1>
ST_7 : Operation 71 [1/1] (1.58ns)   --->   "%store_ln384 = store i32 %err_9, i32 %err" [benchmarks/jianyicheng/los/src/los.cpp:384]   --->   Operation 71 'store' 'store_ln384' <Predicate = true> <Delay = 1.58>
ST_7 : Operation 72 [1/1] (0.00ns)   --->   "%br_ln386 = br void %while.body541" [benchmarks/jianyicheng/los/src/los.cpp:386]   --->   Operation 72 'br' 'br_ln386' <Predicate = true> <Delay = 0.00>


============================================================
+ Verbose Summary: Timing violations
============================================================
Target clock period: 5.000ns, clock uncertainty: 1.350ns.

 <State 1>: 5.118ns
The critical path consists of the following:
	'store' operation 0 bit ('store_ln365', benchmarks/jianyicheng/los/src/los.cpp:365) of variable 'zext_ln373_cast' on local variable 'x0', benchmarks/jianyicheng/los/src/los.cpp:365 [29]  (1.588 ns)
	'load' operation 32 bit ('x0', benchmarks/jianyicheng/los/src/los.cpp:384) on local variable 'x0', benchmarks/jianyicheng/los/src/los.cpp:365 [35]  (0.000 ns)
	'icmp' operation 1 bit ('icmp_ln387', benchmarks/jianyicheng/los/src/los.cpp:387) [38]  (2.552 ns)
	'and' operation 1 bit ('and_ln387', benchmarks/jianyicheng/los/src/los.cpp:387) [40]  (0.978 ns)

 <State 2>: 3.254ns
The critical path consists of the following:
	'getelementptr' operation 10 bit ('obstacles_7_addr', benchmarks/jianyicheng/los/src/los.cpp:387) [49]  (0.000 ns)
	'load' operation 1 bit ('obstacles_7_load', benchmarks/jianyicheng/los/src/los.cpp:387) on array 'obstacles_7' [50]  (3.254 ns)

 <State 3>: 3.254ns
The critical path consists of the following:
	'load' operation 1 bit ('obstacles_7_load', benchmarks/jianyicheng/los/src/los.cpp:387) on array 'obstacles_7' [50]  (3.254 ns)

 <State 4>: 2.286ns
The critical path consists of the following:
	'load' operation 32 bit ('sight_7_load', benchmarks/jianyicheng/los/src/los.cpp:387) on local variable 'sight_7', benchmarks/jianyicheng/los/src/los.cpp:364 [43]  (0.000 ns)
	'select' operation 32 bit ('select_ln387', benchmarks/jianyicheng/los/src/los.cpp:387) [51]  (0.698 ns)
	'store' operation 0 bit ('store_ln364', benchmarks/jianyicheng/los/src/los.cpp:364) of variable 'select_ln387', benchmarks/jianyicheng/los/src/los.cpp:387 on local variable 'sight_7', benchmarks/jianyicheng/los/src/los.cpp:364 [52]  (1.588 ns)

 <State 5>: 3.530ns
The critical path consists of the following:
	'load' operation 32 bit ('sight_7') on local variable 'sight_7', benchmarks/jianyicheng/los/src/los.cpp:364 [55]  (0.000 ns)
	'icmp' operation 1 bit ('icmp_ln389', benchmarks/jianyicheng/los/src/los.cpp:389) [56]  (2.552 ns)
	'or' operation 1 bit ('or_ln389', benchmarks/jianyicheng/los/src/los.cpp:389) [57]  (0.978 ns)

 <State 6>: 2.552ns
The critical path consists of the following:
	'add' operation 32 bit ('err', benchmarks/jianyicheng/los/src/los.cpp:398) [68]  (2.552 ns)

 <State 7>: 2.286ns
The critical path consists of the following:
	'select' operation 32 bit ('err', benchmarks/jianyicheng/los/src/los.cpp:397) [71]  (0.698 ns)
	'store' operation 0 bit ('store_ln384', benchmarks/jianyicheng/los/src/los.cpp:384) of variable 'err', benchmarks/jianyicheng/los/src/los.cpp:397 on local variable 'err', benchmarks/jianyicheng/los/src/los.cpp:384 [74]  (1.588 ns)


============================================================
+ Verbose Summary: Binding
============================================================
N/A
* FSMD analyzer results:
  - Output states:
 - Input state : 
  - Chain level:
	State 1
	State 2
	State 3
	State 4
	State 5
	State 6
	State 7


============================================================
+ Verbose Summary: Datapath Resource usage 
============================================================
N/A
