

================================================================
== Vitis HLS Report for 'los_Pipeline_VITIS_LOOP_235_10'
================================================================
* Date:           Sun Jun 23 03:44:28 2024

* Version:        2023.2 (Build 4023990 on Oct 11 2023)
* Project:        los
* Solution:       solution1 (Vivado IP Flow Target)
* Product family: virtexuplusHBM
* Target device:  xcvu35p-fsvh2104-1-e


================================================================
== Performance Estimates
================================================================
+ Timing: 
    * Summary: 
    +--------+---------+----------+------------+
    |  Clock |  Target | Estimated| Uncertainty|
    +--------+---------+----------+------------+
    |ap_clk  |  5.00 ns|  3.316 ns|     1.35 ns|
    +--------+---------+----------+------------+

+ Latency: 
    * Summary: 
    +---------+---------+----------+----------+-----+-----+---------+
    |  Latency (cycles) |  Latency (absolute) |  Interval | Pipeline|
    |   min   |   max   |    min   |    max   | min | max |   Type  |
    +---------+---------+----------+----------+-----+-----+---------+
    |        ?|        ?|         ?|         ?|    ?|    ?|       no|
    +---------+---------+----------+----------+-----+-----+---------+

    + Detail: 
        * Instance: 
        N/A

        * Loop: 
        +---------------------+---------+---------+----------+-----------+-----------+------+----------+
        |                     |  Latency (cycles) | Iteration|  Initiation Interval  | Trip |          |
        |      Loop Name      |   min   |   max   |  Latency |  achieved |   target  | Count| Pipelined|
        +---------------------+---------+---------+----------+-----------+-----------+------+----------+
        |- VITIS_LOOP_235_10  |        ?|        ?|         3|          3|          1|     ?|       yes|
        +---------------------+---------+---------+----------+-----------+-----------+------+----------+

============================================================
+ Verbose Summary: Synthesis Manager
============================================================
InlineROM: 1
ExposeGlobal: 0
============================================================
+ Verbose Summary: CDFG Model
============================================================
IsTopModel: 0
ResetActiveHigh: 1
IsCombinational: 0
IsDatapathOnly: 0
HasWiredReturn: 1
HasMFsm: 2
HasVarLatency: 1
IsPipeline: 0
IsRtlPipelined: 0
IsInstanceOverlapped: 0
IsDontTouch: 0
HasImplIP: 0
IsGatedGlobalClock: 0

+ Individual pipeline summary: 
  * Pipeline-0: initiation interval (II) = 3, depth = 3


============================================================
+ Verbose Summary: Schedule
============================================================
* Number of FSM states : 3
* Pipeline : 1
  Pipeline-0 : II = 3, D = 3, States = { 1 2 3 }
* Dataflow Pipeline: 0

* FSM state transitions: 
1 --> 2 
2 --> 3 
3 --> 

* FSM state operations: 

State 1 <SV = 0> <Delay = 2.69>
ST_1 : Operation 6 [1/1] (0.00ns)   --->   "%x0_15 = alloca i32 1" [HLS-benchmarks/Inter-Block/los/los.cpp:214]   --->   Operation 6 'alloca' 'x0_15' <Predicate = true> <Delay = 0.00>
ST_1 : Operation 7 [1/1] (0.00ns)   --->   "%y0 = alloca i32 1" [HLS-benchmarks/Inter-Block/los/los.cpp:215]   --->   Operation 7 'alloca' 'y0' <Predicate = true> <Delay = 0.00>
ST_1 : Operation 8 [1/1] (0.00ns)   --->   "%err_21 = alloca i32 1" [HLS-benchmarks/Inter-Block/los/los.cpp:233]   --->   Operation 8 'alloca' 'err_21' <Predicate = true> <Delay = 0.00>
ST_1 : Operation 9 [1/1] (0.00ns)   --->   "%sight_4 = alloca i32 1" [HLS-benchmarks/Inter-Block/los/los.cpp:213]   --->   Operation 9 'alloca' 'sight_4' <Predicate = true> <Delay = 0.00>
ST_1 : Operation 10 [1/1] (0.00ns)   --->   "%sext_ln217_1_read = read i7 @_ssdm_op_Read.ap_auto.i7, i7 %sext_ln217_1"   --->   Operation 10 'read' 'sext_ln217_1_read' <Predicate = true> <Delay = 0.00>
ST_1 : Operation 11 [1/1] (0.00ns)   --->   "%select_ln216_read = read i2 @_ssdm_op_Read.ap_auto.i2, i2 %select_ln216"   --->   Operation 11 'read' 'select_ln216_read' <Predicate = true> <Delay = 0.00>
ST_1 : Operation 12 [1/1] (0.00ns)   --->   "%zext_ln211_1_read = read i6 @_ssdm_op_Read.ap_auto.i6, i6 %zext_ln211_1"   --->   Operation 12 'read' 'zext_ln211_1_read' <Predicate = true> <Delay = 0.00>
ST_1 : Operation 13 [1/1] (0.00ns)   --->   "%sext_ln211_read = read i6 @_ssdm_op_Read.ap_auto.i6, i6 %sext_ln211"   --->   Operation 13 'read' 'sext_ln211_read' <Predicate = true> <Delay = 0.00>
ST_1 : Operation 14 [1/1] (0.00ns)   --->   "%zext_ln222_read = read i6 @_ssdm_op_Read.ap_auto.i6, i6 %zext_ln222"   --->   Operation 14 'read' 'zext_ln222_read' <Predicate = true> <Delay = 0.00>
ST_1 : Operation 15 [1/1] (0.00ns)   --->   "%zext_ln211_3_read = read i4 @_ssdm_op_Read.ap_auto.i4, i4 %zext_ln211_3"   --->   Operation 15 'read' 'zext_ln211_3_read' <Predicate = true> <Delay = 0.00>
ST_1 : Operation 16 [1/1] (0.00ns)   --->   "%sext_ln233_read = read i7 @_ssdm_op_Read.ap_auto.i7, i7 %sext_ln233"   --->   Operation 16 'read' 'sext_ln233_read' <Predicate = true> <Delay = 0.00>
ST_1 : Operation 17 [1/1] (0.00ns)   --->   "%sext_ln217_1_cast = sext i7 %sext_ln217_1_read"   --->   Operation 17 'sext' 'sext_ln217_1_cast' <Predicate = true> <Delay = 0.00>
ST_1 : Operation 18 [1/1] (0.00ns)   --->   "%select_ln216_cast = sext i2 %select_ln216_read"   --->   Operation 18 'sext' 'select_ln216_cast' <Predicate = true> <Delay = 0.00>
ST_1 : Operation 19 [1/1] (0.00ns)   --->   "%zext_ln211_1_cast = zext i6 %zext_ln211_1_read"   --->   Operation 19 'zext' 'zext_ln211_1_cast' <Predicate = true> <Delay = 0.00>
ST_1 : Operation 20 [1/1] (0.00ns)   --->   "%sext_ln211_cast = sext i6 %sext_ln211_read"   --->   Operation 20 'sext' 'sext_ln211_cast' <Predicate = true> <Delay = 0.00>
ST_1 : Operation 21 [1/1] (0.00ns)   --->   "%zext_ln222_cast = zext i6 %zext_ln222_read"   --->   Operation 21 'zext' 'zext_ln222_cast' <Predicate = true> <Delay = 0.00>
ST_1 : Operation 22 [1/1] (0.00ns)   --->   "%zext_ln211_3_cast = zext i4 %zext_ln211_3_read"   --->   Operation 22 'zext' 'zext_ln211_3_cast' <Predicate = true> <Delay = 0.00>
ST_1 : Operation 23 [1/1] (0.00ns)   --->   "%sext_ln233_cast = sext i7 %sext_ln233_read"   --->   Operation 23 'sext' 'sext_ln233_cast' <Predicate = true> <Delay = 0.00>
ST_1 : Operation 24 [1/1] (0.00ns)   --->   "%specinterface_ln0 = specinterface void @_ssdm_op_SpecInterface, i32 %obstacles_4, void @empty_7, i32 0, i32 0, void @empty_8, i32 4294967295, i32 0, void @empty_8, void @empty_8, void @empty_8, i32 0, i32 0, i32 0, i32 0, void @empty_8, void @empty_8, i32 4294967295, i32 0"   --->   Operation 24 'specinterface' 'specinterface_ln0' <Predicate = true> <Delay = 0.00>
ST_1 : Operation 25 [1/1] (0.46ns)   --->   "%store_ln213 = store i32 1, i32 %sight_4" [HLS-benchmarks/Inter-Block/los/los.cpp:213]   --->   Operation 25 'store' 'store_ln213' <Predicate = true> <Delay = 0.46>
ST_1 : Operation 26 [1/1] (0.46ns)   --->   "%store_ln233 = store i32 %sext_ln233_cast, i32 %err_21" [HLS-benchmarks/Inter-Block/los/los.cpp:233]   --->   Operation 26 'store' 'store_ln233' <Predicate = true> <Delay = 0.46>
ST_1 : Operation 27 [1/1] (0.46ns)   --->   "%store_ln215 = store i32 %zext_ln211_3_cast, i32 %y0" [HLS-benchmarks/Inter-Block/los/los.cpp:215]   --->   Operation 27 'store' 'store_ln215' <Predicate = true> <Delay = 0.46>
ST_1 : Operation 28 [1/1] (0.46ns)   --->   "%store_ln214 = store i32 %zext_ln222_cast, i32 %x0_15" [HLS-benchmarks/Inter-Block/los/los.cpp:214]   --->   Operation 28 'store' 'store_ln214' <Predicate = true> <Delay = 0.46>
ST_1 : Operation 29 [1/1] (0.00ns)   --->   "%br_ln0 = br void %while.body310"   --->   Operation 29 'br' 'br_ln0' <Predicate = true> <Delay = 0.00>
ST_1 : Operation 30 [1/1] (0.00ns)   --->   "%x0 = load i32 %x0_15" [HLS-benchmarks/Inter-Block/los/los.cpp:213]   --->   Operation 30 'load' 'x0' <Predicate = true> <Delay = 0.00>
ST_1 : Operation 31 [1/1] (0.00ns)   --->   "%y0_15 = load i32 %y0" [HLS-benchmarks/Inter-Block/los/los.cpp:236]   --->   Operation 31 'load' 'y0_15' <Predicate = true> <Delay = 0.00>
ST_1 : Operation 32 [1/1] (0.00ns)   --->   "%err = load i32 %err_21" [HLS-benchmarks/Inter-Block/los/los.cpp:240]   --->   Operation 32 'load' 'err' <Predicate = true> <Delay = 0.00>
ST_1 : Operation 33 [1/1] (0.00ns)   --->   "%specpipeline_ln213 = specpipeline void @_ssdm_op_SpecPipeline, i32 4294967295, i32 0, i32 0, i32 0, void @empty_8" [HLS-benchmarks/Inter-Block/los/los.cpp:213]   --->   Operation 33 'specpipeline' 'specpipeline_ln213' <Predicate = true> <Delay = 0.00>
ST_1 : Operation 34 [1/1] (0.00ns)   --->   "%specloopname_ln235 = specloopname void @_ssdm_op_SpecLoopName, void @empty_6" [HLS-benchmarks/Inter-Block/los/los.cpp:235]   --->   Operation 34 'specloopname' 'specloopname_ln235' <Predicate = true> <Delay = 0.00>
ST_1 : Operation 35 [1/1] (1.14ns)   --->   "%icmp_ln236 = icmp_eq  i32 %x0, i32 32" [HLS-benchmarks/Inter-Block/los/los.cpp:236]   --->   Operation 35 'icmp' 'icmp_ln236' <Predicate = true> <Delay = 1.14> <CoreInst = "Cmp">   --->   Core 9 'Cmp' <Latency = 0> <II = 1> <Delay = 1.14> <FuncUnit> <Opcode : 'icmp'> <InPorts = 2> <OutPorts = 1>
ST_1 : Operation 36 [1/1] (1.14ns)   --->   "%icmp_ln236_1 = icmp_eq  i32 %y0_15, i32 32" [HLS-benchmarks/Inter-Block/los/los.cpp:236]   --->   Operation 36 'icmp' 'icmp_ln236_1' <Predicate = true> <Delay = 1.14> <CoreInst = "Cmp">   --->   Core 9 'Cmp' <Latency = 0> <II = 1> <Delay = 1.14> <FuncUnit> <Opcode : 'icmp'> <InPorts = 2> <OutPorts = 1>
ST_1 : Operation 37 [1/1] (0.14ns)   --->   "%and_ln236 = and i1 %icmp_ln236, i1 %icmp_ln236_1" [HLS-benchmarks/Inter-Block/los/los.cpp:236]   --->   Operation 37 'and' 'and_ln236' <Predicate = true> <Delay = 0.14> <CoreInst = "LogicGate">   --->   Core 74 'LogicGate' <Latency = 0> <II = 1> <Delay = 0.14> <FuncUnit> <Opcode : 'and' 'or' 'xor'> <InPorts = 2> <OutPorts = 1>
ST_1 : Operation 38 [1/1] (0.00ns)   --->   "%br_ln236 = br i1 %and_ln236, void %land.lhs.true314, void %if.end321" [HLS-benchmarks/Inter-Block/los/los.cpp:236]   --->   Operation 38 'br' 'br_ln236' <Predicate = true> <Delay = 0.00>
ST_1 : Operation 39 [1/1] (0.00ns)   --->   "%trunc_ln236 = trunc i32 %y0_15" [HLS-benchmarks/Inter-Block/los/los.cpp:236]   --->   Operation 39 'trunc' 'trunc_ln236' <Predicate = (!and_ln236)> <Delay = 0.00>
ST_1 : Operation 40 [1/1] (0.00ns)   --->   "%shl_ln4 = bitconcatenate i10 @_ssdm_op_BitConcatenate.i10.i4.i6, i4 %trunc_ln236, i6 0" [HLS-benchmarks/Inter-Block/los/los.cpp:236]   --->   Operation 40 'bitconcatenate' 'shl_ln4' <Predicate = (!and_ln236)> <Delay = 0.00>
ST_1 : Operation 41 [1/1] (0.00ns)   --->   "%trunc_ln213 = trunc i32 %x0" [HLS-benchmarks/Inter-Block/los/los.cpp:213]   --->   Operation 41 'trunc' 'trunc_ln213' <Predicate = (!and_ln236)> <Delay = 0.00>
ST_1 : Operation 42 [1/1] (0.93ns)   --->   "%add_ln236 = add i10 %shl_ln4, i10 %trunc_ln213" [HLS-benchmarks/Inter-Block/los/los.cpp:236]   --->   Operation 42 'add' 'add_ln236' <Predicate = (!and_ln236)> <Delay = 0.93> <CoreInst = "Adder">   --->   Core 1 'Adder' <Latency = 0> <II = 1> <Delay = 0.93> <FuncUnit> <Opcode : 'add' 'sub'> <InPorts = 2> <OutPorts = 1>
ST_1 : Operation 43 [1/1] (0.00ns)   --->   "%zext_ln236 = zext i10 %add_ln236" [HLS-benchmarks/Inter-Block/los/los.cpp:236]   --->   Operation 43 'zext' 'zext_ln236' <Predicate = (!and_ln236)> <Delay = 0.00>
ST_1 : Operation 44 [1/1] (0.00ns)   --->   "%obstacles_4_addr = getelementptr i32 %obstacles_4, i64 0, i64 %zext_ln236" [HLS-benchmarks/Inter-Block/los/los.cpp:236]   --->   Operation 44 'getelementptr' 'obstacles_4_addr' <Predicate = (!and_ln236)> <Delay = 0.00>
ST_1 : Operation 45 [2/2] (1.29ns)   --->   "%obstacles_4_load = load i10 %obstacles_4_addr" [HLS-benchmarks/Inter-Block/los/los.cpp:236]   --->   Operation 45 'load' 'obstacles_4_load' <Predicate = (!and_ln236)> <Delay = 1.29> <CoreInst = "RAM">   --->   Core 83 'RAM' <Latency = 1> <II = 1> <Delay = 1.29> <Storage> <Opcode : 'load' 'store'> <Ports = 2> <Width = 32> <Depth = 1024> <RAM>

State 2 <SV = 1> <Delay = 3.18>
ST_2 : Operation 46 [1/1] (0.00ns)   --->   "%sight_4_load = load i32 %sight_4" [HLS-benchmarks/Inter-Block/los/los.cpp:236]   --->   Operation 46 'load' 'sight_4_load' <Predicate = (!and_ln236)> <Delay = 0.00>
ST_2 : Operation 47 [1/2] (1.29ns)   --->   "%obstacles_4_load = load i10 %obstacles_4_addr" [HLS-benchmarks/Inter-Block/los/los.cpp:236]   --->   Operation 47 'load' 'obstacles_4_load' <Predicate = (!and_ln236)> <Delay = 1.29> <CoreInst = "RAM">   --->   Core 83 'RAM' <Latency = 1> <II = 1> <Delay = 1.29> <Storage> <Opcode : 'load' 'store'> <Ports = 2> <Width = 32> <Depth = 1024> <RAM>
ST_2 : Operation 48 [1/1] (1.14ns)   --->   "%icmp_ln236_2 = icmp_eq  i32 %obstacles_4_load, i32 1" [HLS-benchmarks/Inter-Block/los/los.cpp:236]   --->   Operation 48 'icmp' 'icmp_ln236_2' <Predicate = (!and_ln236)> <Delay = 1.14> <CoreInst = "Cmp">   --->   Core 9 'Cmp' <Latency = 0> <II = 1> <Delay = 1.14> <FuncUnit> <Opcode : 'icmp'> <InPorts = 2> <OutPorts = 1>
ST_2 : Operation 49 [1/1] (0.28ns)   --->   "%select_ln236 = select i1 %icmp_ln236_2, i32 0, i32 %sight_4_load" [HLS-benchmarks/Inter-Block/los/los.cpp:236]   --->   Operation 49 'select' 'select_ln236' <Predicate = (!and_ln236)> <Delay = 0.28> <CoreInst = "Sel">   --->   Core 73 'Sel' <Latency = 0> <II = 1> <Delay = 0.28> <FuncUnit> <Opcode : 'select'> <InPorts = 3> <OutPorts = 1>
ST_2 : Operation 50 [1/1] (0.46ns)   --->   "%store_ln213 = store i32 %select_ln236, i32 %sight_4" [HLS-benchmarks/Inter-Block/los/los.cpp:213]   --->   Operation 50 'store' 'store_ln213' <Predicate = (!and_ln236)> <Delay = 0.46>
ST_2 : Operation 51 [1/1] (0.00ns)   --->   "%br_ln236 = br void %if.end321" [HLS-benchmarks/Inter-Block/los/los.cpp:236]   --->   Operation 51 'br' 'br_ln236' <Predicate = (!and_ln236)> <Delay = 0.00>

State 3 <SV = 2> <Delay = 3.31>
ST_3 : Operation 52 [1/1] (0.00ns)   --->   "%sight_4_1 = load i32 %sight_4"   --->   Operation 52 'load' 'sight_4_1' <Predicate = true> <Delay = 0.00>
ST_3 : Operation 53 [1/1] (1.14ns)   --->   "%icmp_ln238 = icmp_eq  i32 %sight_4_1, i32 0" [HLS-benchmarks/Inter-Block/los/los.cpp:238]   --->   Operation 53 'icmp' 'icmp_ln238' <Predicate = true> <Delay = 1.14> <CoreInst = "Cmp">   --->   Core 9 'Cmp' <Latency = 0> <II = 1> <Delay = 1.14> <FuncUnit> <Opcode : 'icmp'> <InPorts = 2> <OutPorts = 1>
ST_3 : Operation 54 [1/1] (0.14ns)   --->   "%or_ln238 = or i1 %and_ln236, i1 %icmp_ln238" [HLS-benchmarks/Inter-Block/los/los.cpp:238]   --->   Operation 54 'or' 'or_ln238' <Predicate = true> <Delay = 0.14> <CoreInst = "LogicGate">   --->   Core 74 'LogicGate' <Latency = 0> <II = 1> <Delay = 0.14> <FuncUnit> <Opcode : 'and' 'or' 'xor'> <InPorts = 2> <OutPorts = 1>
ST_3 : Operation 55 [1/1] (0.00ns)   --->   "%br_ln238 = br i1 %or_ln238, void %if.end328, void %while.end342.exitStub" [HLS-benchmarks/Inter-Block/los/los.cpp:238]   --->   Operation 55 'br' 'br_ln238' <Predicate = true> <Delay = 0.00>
ST_3 : Operation 56 [1/1] (0.00ns)   --->   "%e2 = shl i32 %err, i32 1" [HLS-benchmarks/Inter-Block/los/los.cpp:240]   --->   Operation 56 'shl' 'e2' <Predicate = (!or_ln238)> <Delay = 0.00>
ST_3 : Operation 57 [1/1] (1.14ns)   --->   "%icmp_ln241 = icmp_sgt  i32 %e2, i32 %sext_ln211_cast" [HLS-benchmarks/Inter-Block/los/los.cpp:241]   --->   Operation 57 'icmp' 'icmp_ln241' <Predicate = (!or_ln238)> <Delay = 1.14> <CoreInst = "Cmp">   --->   Core 9 'Cmp' <Latency = 0> <II = 1> <Delay = 1.14> <FuncUnit> <Opcode : 'icmp'> <InPorts = 2> <OutPorts = 1>
ST_3 : Operation 58 [1/1] (1.14ns)   --->   "%err_25 = sub i32 %err, i32 %zext_ln211_1_cast" [HLS-benchmarks/Inter-Block/los/los.cpp:242]   --->   Operation 58 'sub' 'err_25' <Predicate = (!or_ln238)> <Delay = 1.14> <CoreInst = "Adder">   --->   Core 1 'Adder' <Latency = 0> <II = 1> <Delay = 1.14> <FuncUnit> <Opcode : 'add' 'sub'> <InPorts = 2> <OutPorts = 1>
ST_3 : Operation 59 [1/1] (1.14ns)   --->   "%x0_16 = add i32 %x0, i32 %select_ln216_cast" [HLS-benchmarks/Inter-Block/los/los.cpp:243]   --->   Operation 59 'add' 'x0_16' <Predicate = (!or_ln238)> <Delay = 1.14> <CoreInst = "Adder">   --->   Core 1 'Adder' <Latency = 0> <II = 1> <Delay = 1.14> <FuncUnit> <Opcode : 'add' 'sub'> <InPorts = 2> <OutPorts = 1>
ST_3 : Operation 60 [1/1] (0.28ns)   --->   "%err_26 = select i1 %icmp_ln241, i32 %err_25, i32 %err" [HLS-benchmarks/Inter-Block/los/los.cpp:241]   --->   Operation 60 'select' 'err_26' <Predicate = (!or_ln238)> <Delay = 0.28> <CoreInst = "Sel">   --->   Core 73 'Sel' <Latency = 0> <II = 1> <Delay = 0.28> <FuncUnit> <Opcode : 'select'> <InPorts = 3> <OutPorts = 1>
ST_3 : Operation 61 [1/1] (0.28ns)   --->   "%x0_17 = select i1 %icmp_ln241, i32 %x0_16, i32 %x0" [HLS-benchmarks/Inter-Block/los/los.cpp:241]   --->   Operation 61 'select' 'x0_17' <Predicate = (!or_ln238)> <Delay = 0.28> <CoreInst = "Sel">   --->   Core 73 'Sel' <Latency = 0> <II = 1> <Delay = 0.28> <FuncUnit> <Opcode : 'select'> <InPorts = 3> <OutPorts = 1>
ST_3 : Operation 62 [1/1] (1.14ns)   --->   "%icmp_ln246 = icmp_slt  i32 %e2, i32 %sext_ln217_1_cast" [HLS-benchmarks/Inter-Block/los/los.cpp:246]   --->   Operation 62 'icmp' 'icmp_ln246' <Predicate = (!or_ln238)> <Delay = 1.14> <CoreInst = "Cmp">   --->   Core 9 'Cmp' <Latency = 0> <II = 1> <Delay = 1.14> <FuncUnit> <Opcode : 'icmp'> <InPorts = 2> <OutPorts = 1>
ST_3 : Operation 63 [1/1] (1.14ns)   --->   "%err_27 = add i32 %err_26, i32 %sext_ln217_1_cast" [HLS-benchmarks/Inter-Block/los/los.cpp:247]   --->   Operation 63 'add' 'err_27' <Predicate = (!or_ln238)> <Delay = 1.14> <CoreInst = "Adder">   --->   Core 1 'Adder' <Latency = 0> <II = 1> <Delay = 1.14> <FuncUnit> <Opcode : 'add' 'sub'> <InPorts = 2> <OutPorts = 1>
ST_3 : Operation 64 [1/1] (1.14ns)   --->   "%y0_16 = add i32 %y0_15, i32 1" [HLS-benchmarks/Inter-Block/los/los.cpp:248]   --->   Operation 64 'add' 'y0_16' <Predicate = (!or_ln238)> <Delay = 1.14> <CoreInst = "Adder">   --->   Core 1 'Adder' <Latency = 0> <II = 1> <Delay = 1.14> <FuncUnit> <Opcode : 'add' 'sub'> <InPorts = 2> <OutPorts = 1>
ST_3 : Operation 65 [1/1] (0.28ns)   --->   "%err_28 = select i1 %icmp_ln246, i32 %err_27, i32 %err_26" [HLS-benchmarks/Inter-Block/los/los.cpp:246]   --->   Operation 65 'select' 'err_28' <Predicate = (!or_ln238)> <Delay = 0.28> <CoreInst = "Sel">   --->   Core 73 'Sel' <Latency = 0> <II = 1> <Delay = 0.28> <FuncUnit> <Opcode : 'select'> <InPorts = 3> <OutPorts = 1>
ST_3 : Operation 66 [1/1] (0.28ns)   --->   "%y0_17 = select i1 %icmp_ln246, i32 %y0_16, i32 %y0_15" [HLS-benchmarks/Inter-Block/los/los.cpp:246]   --->   Operation 66 'select' 'y0_17' <Predicate = (!or_ln238)> <Delay = 0.28> <CoreInst = "Sel">   --->   Core 73 'Sel' <Latency = 0> <II = 1> <Delay = 0.28> <FuncUnit> <Opcode : 'select'> <InPorts = 3> <OutPorts = 1>
ST_3 : Operation 67 [1/1] (0.46ns)   --->   "%store_ln233 = store i32 %err_28, i32 %err_21" [HLS-benchmarks/Inter-Block/los/los.cpp:233]   --->   Operation 67 'store' 'store_ln233' <Predicate = (!or_ln238)> <Delay = 0.46>
ST_3 : Operation 68 [1/1] (0.46ns)   --->   "%store_ln215 = store i32 %y0_17, i32 %y0" [HLS-benchmarks/Inter-Block/los/los.cpp:215]   --->   Operation 68 'store' 'store_ln215' <Predicate = (!or_ln238)> <Delay = 0.46>
ST_3 : Operation 69 [1/1] (0.46ns)   --->   "%store_ln214 = store i32 %x0_17, i32 %x0_15" [HLS-benchmarks/Inter-Block/los/los.cpp:214]   --->   Operation 69 'store' 'store_ln214' <Predicate = (!or_ln238)> <Delay = 0.46>
ST_3 : Operation 70 [1/1] (0.00ns)   --->   "%br_ln235 = br void %while.body310" [HLS-benchmarks/Inter-Block/los/los.cpp:235]   --->   Operation 70 'br' 'br_ln235' <Predicate = (!or_ln238)> <Delay = 0.00>
ST_3 : Operation 71 [1/1] (0.00ns)   --->   "%write_ln0 = write void @_ssdm_op_Write.ap_auto.i32P0A, i32 %sight_4_1_out, i32 %sight_4_1"   --->   Operation 71 'write' 'write_ln0' <Predicate = (or_ln238)> <Delay = 0.00>
ST_3 : Operation 72 [1/1] (0.00ns)   --->   "%ret_ln0 = ret"   --->   Operation 72 'ret' 'ret_ln0' <Predicate = (or_ln238)> <Delay = 0.00>


============================================================
+ Verbose Summary: Timing violations
============================================================
Target clock period: 5.000ns, clock uncertainty: 1.350ns.

 <State 1>: 2.691ns
The critical path consists of the following:
	'store' operation 0 bit ('store_ln215', HLS-benchmarks/Inter-Block/los/los.cpp:215) of variable 'zext_ln211_3_cast' on local variable 'y0', HLS-benchmarks/Inter-Block/los/los.cpp:215 [31]  (0.460 ns)
	'load' operation 32 bit ('y0', HLS-benchmarks/Inter-Block/los/los.cpp:236) on local variable 'y0', HLS-benchmarks/Inter-Block/los/los.cpp:215 [36]  (0.000 ns)
	'add' operation 10 bit ('add_ln236', HLS-benchmarks/Inter-Block/los/los.cpp:236) [49]  (0.933 ns)
	'getelementptr' operation 10 bit ('obstacles_4_addr', HLS-benchmarks/Inter-Block/los/los.cpp:236) [51]  (0.000 ns)
	'load' operation 32 bit ('obstacles_4_load', HLS-benchmarks/Inter-Block/los/los.cpp:236) on array 'obstacles_4' [52]  (1.297 ns)

 <State 2>: 3.185ns
The critical path consists of the following:
	'load' operation 32 bit ('obstacles_4_load', HLS-benchmarks/Inter-Block/los/los.cpp:236) on array 'obstacles_4' [52]  (1.297 ns)
	'icmp' operation 1 bit ('icmp_ln236_2', HLS-benchmarks/Inter-Block/los/los.cpp:236) [53]  (1.142 ns)
	'select' operation 32 bit ('select_ln236', HLS-benchmarks/Inter-Block/los/los.cpp:236) [54]  (0.286 ns)
	'store' operation 0 bit ('store_ln213', HLS-benchmarks/Inter-Block/los/los.cpp:213) of variable 'select_ln236', HLS-benchmarks/Inter-Block/los/los.cpp:236 on local variable 'sight_4', HLS-benchmarks/Inter-Block/los/los.cpp:213 [55]  (0.460 ns)

 <State 3>: 3.316ns
The critical path consists of the following:
	'shl' operation 32 bit ('e2', HLS-benchmarks/Inter-Block/los/los.cpp:240) [63]  (0.000 ns)
	'icmp' operation 1 bit ('icmp_ln241', HLS-benchmarks/Inter-Block/los/los.cpp:241) [64]  (1.142 ns)
	'select' operation 32 bit ('err', HLS-benchmarks/Inter-Block/los/los.cpp:241) [67]  (0.286 ns)
	'add' operation 32 bit ('err', HLS-benchmarks/Inter-Block/los/los.cpp:247) [70]  (1.142 ns)
	'select' operation 32 bit ('err', HLS-benchmarks/Inter-Block/los/los.cpp:246) [72]  (0.286 ns)
	'store' operation 0 bit ('store_ln233', HLS-benchmarks/Inter-Block/los/los.cpp:233) of variable 'err', HLS-benchmarks/Inter-Block/los/los.cpp:246 on local variable 'err', HLS-benchmarks/Inter-Block/los/los.cpp:233 [74]  (0.460 ns)


============================================================
+ Verbose Summary: Binding
============================================================
N/A
* FSMD analyzer results:
  - Output states:
 - Input state : 
  - Chain level:
	State 1
	State 2
	State 3


============================================================
+ Verbose Summary: Datapath Resource usage 
============================================================
N/A
