

================================================================
== Vitis HLS Report for 'Reflection_coefficients'
================================================================
* Date:           Fri May 30 22:03:39 2025

* Version:        2023.2 (Build 4023990 on Oct 11 2023)
* Project:        GSM
* Solution:       solution0 (Vivado IP Flow Target)
* Product family: virtexuplusHBM
* Target device:  xcu50-fsvh2104-2-e


================================================================
== Performance Estimates
================================================================
+ Timing: 
    * Summary: 
    +--------+---------+----------+------------+
    |  Clock |  Target | Estimated| Uncertainty|
    +--------+---------+----------+------------+
    |ap_clk  |  8.00 ns|  3.530 ns|     2.16 ns|
    +--------+---------+----------+------------+

+ Latency: 
    * Summary: 
    +---------+---------+-----------+----------+-----+-----+---------+
    |  Latency (cycles) |  Latency (absolute)  |  Interval | Pipeline|
    |   min   |   max   |    min    |    max   | min | max |   Type  |
    +---------+---------+-----------+----------+-----+-----+---------+
    |       11|      557|  88.000 ns|  4.456 us|   11|  557|       no|
    +---------+---------+-----------+----------+-----+-----+---------+

    + Detail: 
        * Instance: 
        +---------------------+----------+---------+---------+----------+----------+-----+-----+---------+
        |                     |          |  Latency (cycles) |  Latency (absolute) |  Interval | Pipeline|
        |       Instance      |  Module  |   min   |   max   |    min   |    max   | min | max |   Type  |
        +---------------------+----------+---------+---------+----------+----------+-----+-----+---------+
        |grp_gsm_norm_fu_298  |gsm_norm  |        1|        1|  8.000 ns|  8.000 ns|    1|    1|       no|
        |grp_gsm_div_fu_306   |gsm_div   |        1|       18|  8.000 ns|  0.144 us|    1|   18|       no|
        +---------------------+----------+---------+---------+----------+----------+-----+-----+---------+

        * Loop: 
        +-----------------------------------+---------+---------+----------+-----------+-----------+-------+----------+
        |                                   |  Latency (cycles) | Iteration|  Initiation Interval  |  Trip |          |
        |             Loop Name             |   min   |   max   |  Latency |  achieved |   target  | Count | Pipelined|
        +-----------------------------------+---------+---------+----------+-----------+-----------+-------+----------+
        |- Reflection_coefficients_label0   |        8|        8|         1|          -|          -|      8|        no|
        |- Reflection_coefficients_label1   |       18|       18|         2|          -|          -|      9|        no|
        |- Reflection_coefficients_label2   |       14|       14|         2|          -|          -|      7|        no|
        |- Reflection_coefficients_label3   |       18|       18|         2|          -|          -|      9|        no|
        |- Reflection_coefficients_label4   |       14|      491|   14 ~ 61|          -|          -|  1 ~ 8|        no|
        | + Reflection_coefficients_label5  |        5|       35|         5|          -|          -|  1 ~ 7|        no|
        |- Reflection_coefficients_label6   |        1|        8|         1|          -|          -|  1 ~ 8|        no|
        +-----------------------------------+---------+---------+----------+-----------+-----------+-------+----------+



================================================================
== Utilization Estimates
================================================================
* Summary: 
+---------------------+---------+------+---------+--------+-----+
|         Name        | BRAM_18K|  DSP |    FF   |   LUT  | URAM|
+---------------------+---------+------+---------+--------+-----+
|DSP                  |        -|     3|        -|       -|    -|
|Expression           |        -|     -|        0|    1112|    -|
|FIFO                 |        -|     -|        -|       -|    -|
|Instance             |        -|     -|      265|     378|    -|
|Memory               |        0|     -|       48|      51|    0|
|Multiplexer          |        -|     -|        -|     356|    -|
|Register             |        -|     -|      307|       -|    -|
+---------------------+---------+------+---------+--------+-----+
|Total                |        0|     3|      620|    1897|    0|
+---------------------+---------+------+---------+--------+-----+
|Available SLR        |     1344|  2976|   871680|  435840|  320|
+---------------------+---------+------+---------+--------+-----+
|Utilization SLR (%)  |        0|    ~0|       ~0|      ~0|    0|
+---------------------+---------+------+---------+--------+-----+
|Available            |     2688|  5952|  1743360|  871680|  640|
+---------------------+---------+------+---------+--------+-----+
|Utilization (%)      |        0|    ~0|       ~0|      ~0|    0|
+---------------------+---------+------+---------+--------+-----+

+ Detail: 
    * Instance: 
    +--------------------+---------+---------+----+-----+-----+-----+
    |      Instance      |  Module | BRAM_18K| DSP|  FF | LUT | URAM|
    +--------------------+---------+---------+----+-----+-----+-----+
    |grp_gsm_div_fu_306  |gsm_div  |        0|   0|  265|  378|    0|
    +--------------------+---------+---------+----+-----+-----+-----+
    |Total               |         |        0|   0|  265|  378|    0|
    +--------------------+---------+---------+----+-----+-----+-----+

    * DSP: 
    +------------------------------------+--------------------------------+--------------+
    |              Instance              |             Module             |  Expression  |
    +------------------------------------+--------------------------------+--------------+
    |mac_muladd_16s_16s_15ns_31_4_1_U83  |mac_muladd_16s_16s_15ns_31_4_1  |  i0 * i1 + i2|
    |mac_muladd_16s_16s_15ns_31_4_1_U84  |mac_muladd_16s_16s_15ns_31_4_1  |  i0 * i1 + i2|
    |mac_muladd_16s_16s_15ns_31_4_1_U85  |mac_muladd_16s_16s_15ns_31_4_1  |  i0 * i1 + i2|
    +------------------------------------+--------------------------------+--------------+

    * Memory: 
    +-------+-------------------------------------------+---------+----+----+-----+------+-----+------+-------------+
    | Memory|                   Module                  | BRAM_18K| FF | LUT| URAM| Words| Bits| Banks| W*Bits*Banks|
    +-------+-------------------------------------------+---------+----+----+-----+------+-----+------+-------------+
    |ACF_U  |Reflection_coefficients_ACF_RAM_AUTO_1R1W  |        0|  16|  17|    0|     9|   16|     1|          144|
    |P_U    |Reflection_coefficients_ACF_RAM_AUTO_1R1W  |        0|  16|  17|    0|     9|   16|     1|          144|
    |K_U    |Reflection_coefficients_ACF_RAM_AUTO_1R1W  |        0|  16|  17|    0|     9|   16|     1|          144|
    +-------+-------------------------------------------+---------+----+----+-----+------+-----+------+-------------+
    |Total  |                                           |        0|  48|  51|    0|    27|   48|     3|          432|
    +-------+-------------------------------------------+---------+----+----+-----+------+-----+------+-------------+

    * FIFO: 
    N/A

    * Expression: 
    +----------------------------------+----------+----+---+-----+------------+------------+
    |           Variable Name          | Operation| DSP| FF| LUT | Bitwidth P0| Bitwidth P1|
    +----------------------------------+----------+----+---+-----+------------+------------+
    |add_ln165_fu_595_p2               |         +|   0|  0|   10|           3|           3|
    |add_ln191_fu_401_p2               |         +|   0|  0|   12|           4|           1|
    |add_ln197_fu_426_p2               |         +|   0|  0|   12|           4|           1|
    |add_ln204_1_fu_474_p2             |         +|   0|  0|   12|           4|           1|
    |add_ln204_2_fu_724_p2             |         +|   0|  0|   12|           4|           2|
    |add_ln204_3_fu_730_p2             |         +|   0|  0|   12|           4|           2|
    |add_ln204_fu_719_p2               |         +|   0|  0|   12|           4|           1|
    |add_ln210_fu_585_p2               |         +|   0|  0|   12|           4|           1|
    |add_ln232_fu_708_p2               |         +|   0|  0|   12|           4|           1|
    |add_ln39_2_fu_800_p2              |         +|   0|  0|   23|          16|          16|
    |add_ln39_4_fu_887_p2              |         +|   0|  0|   23|          16|          16|
    |add_ln39_fu_638_p2                |         +|   0|  0|   23|          16|          16|
    |grp_fu_317_p2                     |         +|   0|  0|   12|           4|           1|
    |sum_1_fu_805_p2                   |         +|   0|  0|   24|          17|          17|
    |sum_2_fu_892_p2                   |         +|   0|  0|   24|          17|          17|
    |sum_fu_643_p2                     |         +|   0|  0|   24|          17|          17|
    |sub_ln220_fu_538_p2               |         -|   0|  0|   23|           1|          16|
    |sub_ln67_fu_501_p2                |         -|   0|  0|   22|           1|          15|
    |and_ln55_1_fu_768_p2              |       and|   0|  0|    2|           1|           1|
    |and_ln55_2_fu_861_p2              |       and|   0|  0|    2|           1|           1|
    |and_ln55_fu_610_p2                |       and|   0|  0|    2|           1|           1|
    |ap_block_state13_on_subcall_done  |       and|   0|  0|    2|           1|           1|
    |ap_predicate_op130_call_state13   |       and|   0|  0|    2|           1|           1|
    |icmp_ln172_fu_326_p2              |      icmp|   0|  0|   71|          64|           1|
    |icmp_ln174_fu_943_p2              |      icmp|   0|  0|   12|           4|           5|
    |icmp_ln184_fu_350_p2              |      icmp|   0|  0|   12|           4|           4|
    |icmp_ln191_fu_390_p2              |      icmp|   0|  0|   12|           4|           5|
    |icmp_ln197_fu_420_p2              |      icmp|   0|  0|   12|           4|           4|
    |icmp_ln204_fu_468_p2              |      icmp|   0|  0|   12|           4|           4|
    |icmp_ln208_fu_519_p2              |      icmp|   0|  0|   23|          16|          16|
    |icmp_ln210_fu_579_p2              |      icmp|   0|  0|   12|           4|           4|
    |icmp_ln219_fu_533_p2              |      icmp|   0|  0|   23|          16|           1|
    |icmp_ln221_fu_553_p2              |      icmp|   0|  0|   12|           4|           5|
    |icmp_ln229_fu_697_p2              |      icmp|   0|  0|   12|           4|           4|
    |icmp_ln40_1_fu_665_p2             |      icmp|   0|  0|    9|           2|           1|
    |icmp_ln40_2_fu_811_p2             |      icmp|   0|  0|   24|          17|          17|
    |icmp_ln40_3_fu_827_p2             |      icmp|   0|  0|    9|           2|           1|
    |icmp_ln40_4_fu_898_p2             |      icmp|   0|  0|   24|          17|          17|
    |icmp_ln40_5_fu_914_p2             |      icmp|   0|  0|    9|           2|           1|
    |icmp_ln40_fu_649_p2               |      icmp|   0|  0|   24|          17|          17|
    |icmp_ln55_1_fu_564_p2             |      icmp|   0|  0|   24|          16|          17|
    |icmp_ln55_2_fu_763_p2             |      icmp|   0|  0|   24|          16|          17|
    |icmp_ln55_3_fu_856_p2             |      icmp|   0|  0|   24|          16|          17|
    |icmp_ln55_fu_558_p2               |      icmp|   0|  0|   24|          16|          17|
    |icmp_ln67_fu_495_p2               |      icmp|   0|  0|   24|          16|          17|
    |or_ln40_1_fu_841_p2               |        or|   0|  0|    2|           1|           1|
    |or_ln40_2_fu_928_p2               |        or|   0|  0|    2|           1|           1|
    |or_ln40_fu_679_p2                 |        or|   0|  0|    2|           1|           1|
    |select_ln219_fu_544_p3            |    select|   0|  0|   16|           1|          16|
    |select_ln40_1_fu_685_p3           |    select|   0|  0|   16|           1|          16|
    |select_ln40_2_fu_833_p3           |    select|   0|  0|   17|           1|          17|
    |select_ln40_3_fu_847_p3           |    select|   0|  0|   16|           1|          16|
    |select_ln40_4_fu_920_p3           |    select|   0|  0|   17|           1|          17|
    |select_ln40_5_fu_934_p3           |    select|   0|  0|   16|           1|          16|
    |select_ln40_fu_671_p3             |    select|   0|  0|   17|           1|          17|
    |select_ln67_fu_507_p3             |    select|   0|  0|   15|           1|           2|
    |temp_3_fu_623_p3                  |    select|   0|  0|   16|           1|          15|
    |temp_4_fu_785_p3                  |    select|   0|  0|   16|           1|          15|
    |temp_5_fu_875_p3                  |    select|   0|  0|   16|           1|          15|
    |shl_ln186_fu_371_p2               |       shl|   0|  0|  182|          64|          64|
    +----------------------------------+----------+----+---+-----+------------+------------+
    |Total                             |          |   0|  0| 1112|         488|         570|
    +----------------------------------+----------+----+---+-----+------------+------------+

    * Multiplexer: 
    +--------------------+-----+-----------+-----+-----------+
    |        Name        | LUT | Input Size| Bits| Total Bits|
    +--------------------+-----+-----------+-----+-----------+
    |ACF_address0        |   20|          4|    4|         16|
    |K_address0          |   20|          4|    4|         16|
    |K_d0                |   14|          3|   16|         48|
    |LARc_address0       |   20|          4|    3|         12|
    |LARc_d0             |   14|          3|   16|         48|
    |L_ACF_address0      |   14|          3|    4|         12|
    |P_address0          |   31|          6|    4|         24|
    |P_d0                |   20|          4|   16|         64|
    |ap_NS_fsm           |  113|         23|    1|         23|
    |i_1_fu_110          |    9|          2|    4|          8|
    |i_2_fu_114          |    9|          2|    4|          8|
    |i_5_fu_122          |    9|          2|    4|          8|
    |i_fu_106            |    9|          2|    4|          8|
    |idx94_fu_134        |    9|          2|    4|          8|
    |idx_fu_118          |    9|          2|    4|          8|
    |indvars_iv3_fu_130  |    9|          2|    4|          8|
    |indvars_iv_fu_126   |    9|          2|    4|          8|
    |m_reg_287           |    9|          2|    4|          8|
    |temp_2_reg_277      |    9|          2|   16|         32|
    +--------------------+-----+-----------+-----+-----------+
    |Total               |  356|         74|  120|        367|
    +--------------------+-----+-----------+-----+-----------+

    * Register: 
    +--------------------------------------+----+----+-----+-----------+
    |                 Name                 | FF | LUT| Bits| Const Bits|
    +--------------------------------------+----+----+-----+-----------+
    |K_addr_1_reg_1200                     |   4|   0|    4|          0|
    |K_load_reg_1215                       |  16|   0|   16|          0|
    |L_ACF_load_reg_998                    |  64|   0|   64|          0|
    |P_load_1_reg_1227                     |  16|   0|   16|          0|
    |P_load_reg_1139                       |  16|   0|   16|          0|
    |add_ln204_1_reg_1113                  |   4|   0|    4|          0|
    |add_ln232_reg_1205                    |   4|   0|    4|          0|
    |ap_CS_fsm                             |  22|   0|   22|          0|
    |grp_gsm_div_fu_306_ap_start_reg       |   1|   0|    1|          0|
    |grp_gsm_norm_fu_298_ap_start_reg      |   1|   0|    1|          0|
    |i_1_fu_110                            |   4|   0|    4|          0|
    |i_2_fu_114                            |   4|   0|    4|          0|
    |i_5_fu_122                            |   4|   0|    4|          0|
    |i_fu_106                              |   4|   0|    4|          0|
    |icmp_ln172_reg_1003                   |   1|   0|    1|          0|
    |icmp_ln204_reg_1109                   |   1|   0|    1|          0|
    |icmp_ln208_reg_1146                   |   1|   0|    1|          0|
    |icmp_ln55_1_reg_1172                  |   1|   0|    1|          0|
    |icmp_ln55_reg_1165                    |   1|   0|    1|          0|
    |idx94_fu_134                          |   4|   0|    4|          0|
    |idx_fu_118                            |   4|   0|    4|          0|
    |indvars_iv3_fu_130                    |   4|   0|    4|          0|
    |indvars_iv_fu_126                     |   4|   0|    4|          0|
    |m_reg_287                             |   4|   0|    4|          0|
    |sext_ln59_reg_1177                    |  31|   0|   31|          0|
    |sh_prom_cast_cast_cast_cast_reg_1007  |  32|   0|   64|         32|
    |temp_1_reg_1123                       |  16|   0|   16|          0|
    |temp_2_reg_277                        |  16|   0|   16|          0|
    |trunc_ln204_reg_1157                  |   3|   0|    3|          0|
    |zext_ln184_reg_1015                   |   4|   0|   64|         60|
    |zext_ln191_reg_1035                   |   4|   0|   64|         60|
    |zext_ln197_reg_1055                   |   4|   0|   64|         60|
    |zext_ln204_reg_1118                   |   4|   0|   64|         60|
    |zext_ln229_reg_1195                   |   4|   0|   64|         60|
    +--------------------------------------+----+----+-----+-----------+
    |Total                                 | 307|   0|  639|        332|
    +--------------------------------------+----+----+-----+-----------+



================================================================
== Interface
================================================================
* Summary: 
+-----------------------------+-----+-----+------------+-------------------------+--------------+
|          RTL Ports          | Dir | Bits|  Protocol  |      Source Object      |    C Type    |
+-----------------------------+-----+-----+------------+-------------------------+--------------+
|ap_clk                       |   in|    1|  ap_ctrl_hs|  Reflection_coefficients|  return value|
|ap_rst                       |   in|    1|  ap_ctrl_hs|  Reflection_coefficients|  return value|
|ap_start                     |   in|    1|  ap_ctrl_hs|  Reflection_coefficients|  return value|
|ap_done                      |  out|    1|  ap_ctrl_hs|  Reflection_coefficients|  return value|
|ap_idle                      |  out|    1|  ap_ctrl_hs|  Reflection_coefficients|  return value|
|ap_ready                     |  out|    1|  ap_ctrl_hs|  Reflection_coefficients|  return value|
|grp_gsm_norm_fu_323_p_din1   |  out|   64|  ap_ctrl_hs|  Reflection_coefficients|  return value|
|grp_gsm_norm_fu_323_p_dout0  |   in|    6|  ap_ctrl_hs|  Reflection_coefficients|  return value|
|grp_gsm_norm_fu_323_p_start  |  out|    1|  ap_ctrl_hs|  Reflection_coefficients|  return value|
|grp_gsm_norm_fu_323_p_ready  |   in|    1|  ap_ctrl_hs|  Reflection_coefficients|  return value|
|grp_gsm_norm_fu_323_p_done   |   in|    1|  ap_ctrl_hs|  Reflection_coefficients|  return value|
|grp_gsm_norm_fu_323_p_idle   |   in|    1|  ap_ctrl_hs|  Reflection_coefficients|  return value|
|L_ACF_address0               |  out|    4|   ap_memory|                    L_ACF|         array|
|L_ACF_ce0                    |  out|    1|   ap_memory|                    L_ACF|         array|
|L_ACF_q0                     |   in|   64|   ap_memory|                    L_ACF|         array|
|LARc_address0                |  out|    3|   ap_memory|                     LARc|         array|
|LARc_ce0                     |  out|    1|   ap_memory|                     LARc|         array|
|LARc_we0                     |  out|    1|   ap_memory|                     LARc|         array|
|LARc_d0                      |  out|   16|   ap_memory|                     LARc|         array|
+-----------------------------+-----+-----+------------+-------------------------+--------------+

