================================================================
== Design Size Report
================================================================

* Total Instructions per Compilation Phase
+---------------+-----------------------------+--------------+----------------------------------------------------------------------------------------+
| Phase         | Step                        | Instructions | Description                                                                            |
+---------------+-----------------------------+--------------+----------------------------------------------------------------------------------------+
| Compile/Link  |                             | 96           | After all functions are compiled and linked into a single design                       |
|               |                             |              |                                                                                        |
| Unroll/Inline |                             |              | After user unroll and inline pragmas are applied                                       |
|               | (1) unroll                  | 81           | user unroll pragmas are applied                                                        |
|               | (2) simplification          | 67           | simplification of applied user unroll pragmas                                          |
|               | (3) inline                  | 60           | user inline pragmas are applied                                                        |
|               | (4) simplification          | 59           | simplification of applied user inline pragmas                                          |
|               |                             |              |                                                                                        |
| Array/Struct  |                             |              | After user array partition and struct aggregate/disaggregate pragmas are applied       |
|               | (1) array partition         | 59           | user array partition pragmas are applied                                               |
|               | (2) simplification          | 59           | simplification of applied user array partition & struct aggregate/disaggregate pragmas |
|               | (3) aggregate/disaggregate  | 59           | user struct aggregate/disaggregate pragmas are applied                                 |
|               | (4) array reshape           | 59           | apply array reshape pragmas                                                            |
|               | (5) access patterns         | 61           | array access pattern optmizations                                                      |
|               |                             |              |                                                                                        |
| Performance   |                             |              | After transformations are applied to meet performance pragma targets                   |
|               | (1) loop simplification     | 59           | loop and instruction simplification                                                    |
|               | (2) parallelization         | 59           | loops are unrolled or pipelined to meet performance targets                            |
|               | (3) array partition         | 59           | arrays are partitioned to meet performance targets                                     |
|               | (4) simplification          | 59           | simplification of design after performance transformations                             |
|               |                             |              |                                                                                        |
| HW Transforms |                             |              | After hardware transfomations                                                          |
|               | (1) lowering                | 59           | initial conversion to HW specific instructions                                         |
|               | (2) optimizations           | 68           | high level synthesis optimizations                                                     |
+---------------+-----------------------------+--------------+----------------------------------------------------------------------------------------+

* Instructions per Function for each Compilation Phase
+-------------+--------------------+--------------+---------------+--------------+-------------+---------------+
| Function    | Location           | Compile/Link | Unroll/Inline | Array/Struct | Performance | HW Transforms |
+-------------+--------------------+--------------+---------------+--------------+-------------+---------------+
| + main      | vecTrans_tb.cpp:15 | 96           | 59            | 61           | 59          | 68            |
|    _rand    | vecTrans_tb.cpp:8  | 27           |               |              |             |               |
|  + vecTrans | vecTrans.cpp:3     | 36           |               |              |             |               |
|     g       | g.cpp:3            | 16           |               |              |             |               |
+-------------+--------------------+--------------+---------------+--------------+-------------+---------------+

* Design Size Message Settings
+---------------------------------------------+--------+------------------------------------------------------------------+
| Message Setting                             | Value  | Description                                                      |
+---------------------------------------------+--------+------------------------------------------------------------------+
| config_compile -design_size_maximum_warning | 100000 | Show a warning when total design instructions exceeds this value |
+---------------------------------------------+--------+------------------------------------------------------------------+


