Copyright 1986-2022 Xilinx, Inc. All Rights Reserved. Copyright 2022-2023 Advanced Micro Devices, Inc. All Rights Reserved.
---------------------------------------------------------------------------------------------------------------------------------------------
| Tool Version : Vivado v.2023.2 (lin64) Build 4029153 Fri Oct 13 20:13:54 MDT 2023
| Date         : Wed Jul  9 03:26:32 2025
| Host         : gabriel-Inspiron-15-3511 running 64-bit Ubuntu 22.04.5 LTS
| Command      : report_design_analysis -file ./report/adpcm_main_design_analysis_routed.rpt
| Design       : bd_0_wrapper
| Device       : xcu50
| Design State : Routed
---------------------------------------------------------------------------------------------------------------------------------------------

Report Design Analysis

Table of Contents
-----------------
1. Setup Path Characteristics 1-1
2. Logic Level Distribution
3. Placer Final Level Congestion Reporting
4. Router Initial Congestion
5. SLR Net Crossing Reporting

1. Setup Path Characteristics 1-1
---------------------------------

+---------------------------+------------------------------------------------------------------------------------------------------------------------------------------------------------------------------------------------------+
|      Characteristics      |                                                                                                Path #1                                                                                               |
+---------------------------+------------------------------------------------------------------------------------------------------------------------------------------------------------------------------------------------------+
| Requirement               | 8.000                                                                                                                                                                                                |
| Path Delay                | 5.851                                                                                                                                                                                                |
| Logic Delay               | 3.414(59%)                                                                                                                                                                                           |
| Net Delay                 | 2.437(41%)                                                                                                                                                                                           |
| Clock Skew                | -0.008                                                                                                                                                                                               |
| Slack                     | 2.131                                                                                                                                                                                                |
| Clock Uncertainty         | 0.035                                                                                                                                                                                                |
| Clock Relationship        | Safely Timed                                                                                                                                                                                         |
| Clock Delay Group         | Same Clock                                                                                                                                                                                           |
| Logic Levels              | 18                                                                                                                                                                                                   |
| Routes                    | 7                                                                                                                                                                                                    |
| Logical Path              | FDRE/C-(191)-LUT4-(1)-LUT5-(2)-DSP_A_B_DATA-(1)-DSP_PREADD_DATA-DSP_MULTIPLIER-DSP_M_DATA-DSP_ALU-DSP_OUTPUT-DSP_ALU-DSP_OUTPUT-LUT2-(1)-CARRY8-CARRY8-LUT2-(1)-CARRY8-CARRY8-CARRY8-LUT3-(1)-FDRE/D |
| Start Point Clock         | ap_clk                                                                                                                                                                                               |
| End Point Clock           | ap_clk                                                                                                                                                                                               |
| DSP Block                 | Comb                                                                                                                                                                                                 |
| RAM Registers             | None-None                                                                                                                                                                                            |
| IO Crossings              | 0                                                                                                                                                                                                    |
| SLR Crossings             | 0                                                                                                                                                                                                    |
| PBlocks                   | 0                                                                                                                                                                                                    |
| High Fanout               | 191                                                                                                                                                                                                  |
| Dont Touch                | 0                                                                                                                                                                                                    |
| Mark Debug                | 0                                                                                                                                                                                                    |
| Start Point Pin Primitive | FDRE/C                                                                                                                                                                                               |
| End Point Pin Primitive   | FDRE/D                                                                                                                                                                                               |
| Start Point Pin           | ap_CS_fsm_reg[7]_rep/C                                                                                                                                                                               |
| End Point Pin             | dec_rh1_reg[30]/D                                                                                                                                                                                    |
+---------------------------+------------------------------------------------------------------------------------------------------------------------------------------------------------------------------------------------------+
* Bounding box calculated as % of dimensions for the target device (5130, 1068)


2. Logic Level Distribution
---------------------------

+-----------------+-------------+----+-----+---+----+----+-----+----+----+-----+----+----+----+----+----+
| End Point Clock | Requirement |  4 |  5  | 7 |  8 |  9 |  10 | 11 | 12 |  13 | 14 | 15 | 16 | 17 | 18 |
+-----------------+-------------+----+-----+---+----+----+-----+----+----+-----+----+----+----+----+----+
| ap_clk          | 8.000ns     | 79 | 191 | 3 | 41 | 67 | 103 | 98 | 90 | 148 | 91 | 28 | 22 | 27 | 12 |
+-----------------+-------------+----+-----+---+----+----+-----+----+----+-----+----+----+----+----+----+
* Columns represent the logic levels per end point clock
** Distribution is for top worst 1000 paths


3. Placer Final Level Congestion Reporting
------------------------------------------

+-----------+------+-------+--------+---------------+---------------+-----+--------+------+------+------+------+-----+-------+-----+------------+
| Direction | Type | Level | Window | Combined LUTs | Avg LUT Input | LUT | LUTRAM | Flop | MUXF | RAMB | URAM | DSP | CARRY | SRL | Cell Names |
+-----------+------+-------+--------+---------------+---------------+-----+--------+------+------+------+------+-----+-------+-----+------------+
* No congestion windows are found above level 5


4. Router Initial Congestion
----------------------------

+-----------+------+-------+--------+---------------+---------------+-----+--------+------+------+------+------+-----+-------+-----+------------+-------------+
| Direction | Type | Level | Window | Combined LUTs | Avg LUT Input | LUT | LUTRAM | Flop | MUXF | RAMB | URAM | DSP | CARRY | SRL | Cell Names | Sub Windows |
+-----------+------+-------+--------+---------------+---------------+-----+--------+------+------+------+------+-----+-------+-----+------------+-------------+
* No effective congestion windows are found above level 5


5. SLR Net Crossing Reporting
-----------------------------

+------------+-----------------------------+-------------+
| Cell Names | Number of Nets crossing SLR | 0 - 1 Cuts  |
+------------+-----------------------------+-------------+
* Information not available. There are no nets crossing SLRs.


